2019-12-18 14:19:05.001072: I tensorflow/core/platform/cpu_feature_guard.cc:141] Your CPU supports instructions that this TensorFlow binary was not compiled to use: SSE4.1 SSE4.2 AVX
2019-12-18 14:19:05.119728: I tensorflow/stream_executor/cuda/cuda_gpu_executor.cc:897] successful NUMA node read from SysFS had negative value (-1), but there must be at least one NUMA node, so returning NUMA node zero
2019-12-18 14:19:05.120288: I tensorflow/core/common_runtime/gpu/gpu_device.cc:1405] Found device 0 with properties: 
name: TITAN Xp major: 6 minor: 1 memoryClockRate(GHz): 1.582
pciBusID: 0000:01:00.0
totalMemory: 11.91GiB freeMemory: 11.73GiB
2019-12-18 14:19:05.120305: I tensorflow/core/common_runtime/gpu/gpu_device.cc:1484] Adding visible gpu devices: 0
2019-12-18 14:19:05.352534: I tensorflow/core/common_runtime/gpu/gpu_device.cc:965] Device interconnect StreamExecutor with strength 1 edge matrix:
2019-12-18 14:19:05.352579: I tensorflow/core/common_runtime/gpu/gpu_device.cc:971]      0 
2019-12-18 14:19:05.352587: I tensorflow/core/common_runtime/gpu/gpu_device.cc:984] 0:   N 
2019-12-18 14:19:05.352858: I tensorflow/core/common_runtime/gpu/gpu_device.cc:1097] Created TensorFlow device (/job:localhost/replica:0/task:0/device:GPU:0 with 11348 MB memory) -> physical GPU (device: 0, name: TITAN Xp, pci bus id: 0000:01:00.0, compute capability: 6.1)
2019-12-18 14:19:05.666810: I tensorflow/core/kernels/cuda_solvers.cc:159] Creating CudaSolver handles for stream 0x5596cb1024d0
Train on 32962 samples, validate on 1735 samples
Epoch 1/250
 - 54s - loss: 0.0863 - val_loss: 0.0914

Epoch 00001: val_loss improved from inf to 0.09136, saving model to lstm_autoencoder_2019-12-18_14-19-06.h5
Epoch 2/250
 - 52s - loss: 0.0770 - val_loss: 0.0893

Epoch 00002: val_loss improved from 0.09136 to 0.08930, saving model to lstm_autoencoder_2019-12-18_14-19-06.h5
Epoch 3/250
 - 52s - loss: 0.0791 - val_loss: 0.0893

Epoch 00003: val_loss improved from 0.08930 to 0.08927, saving model to lstm_autoencoder_2019-12-18_14-19-06.h5
Epoch 4/250
 - 52s - loss: 0.0758 - val_loss: 0.0895

Epoch 00004: val_loss did not improve from 0.08927
Epoch 5/250
 - 52s - loss: 0.0754 - val_loss: 0.0904

Epoch 00005: val_loss did not improve from 0.08927
Epoch 6/250
 - 52s - loss: 0.0802 - val_loss: 0.0915

Epoch 00006: val_loss did not improve from 0.08927
Epoch 7/250
 - 52s - loss: 0.0759 - val_loss: 0.0887

Epoch 00007: val_loss improved from 0.08927 to 0.08873, saving model to lstm_autoencoder_2019-12-18_14-19-06.h5
Epoch 8/250
 - 52s - loss: 0.0752 - val_loss: 0.0899

Epoch 00008: val_loss did not improve from 0.08873
Epoch 9/250
 - 52s - loss: 0.0775 - val_loss: 0.0914

Epoch 00009: val_loss did not improve from 0.08873
Epoch 10/250
 - 52s - loss: 0.0752 - val_loss: 0.0895

Epoch 00010: val_loss did not improve from 0.08873
Epoch 11/250
 - 52s - loss: 0.0779 - val_loss: 0.0899

Epoch 00011: val_loss did not improve from 0.08873
Epoch 12/250
 - 52s - loss: 0.0763 - val_loss: 0.0901

Epoch 00012: val_loss did not improve from 0.08873
Epoch 13/250
 - 52s - loss: 0.0750 - val_loss: 0.0917

Epoch 00013: val_loss did not improve from 0.08873
Epoch 14/250
 - 52s - loss: 0.0755 - val_loss: 0.0894

Epoch 00014: val_loss did not improve from 0.08873
Epoch 15/250
 - 52s - loss: 0.0754 - val_loss: 0.0926

Epoch 00015: val_loss did not improve from 0.08873
Epoch 16/250
 - 52s - loss: 0.0792 - val_loss: 0.0891

Epoch 00016: val_loss did not improve from 0.08873
Epoch 17/250
 - 52s - loss: 0.0766 - val_loss: 0.0893

Epoch 00017: val_loss did not improve from 0.08873
Epoch 18/250
 - 52s - loss: 0.0808 - val_loss: 0.0907

Epoch 00018: val_loss did not improve from 0.08873
Epoch 19/250
 - 52s - loss: 0.0767 - val_loss: 0.0902

Epoch 00019: val_loss did not improve from 0.08873
Epoch 20/250
 - 52s - loss: 0.0745 - val_loss: 0.0885

Epoch 00020: val_loss improved from 0.08873 to 0.08845, saving model to lstm_autoencoder_2019-12-18_14-19-06.h5
Epoch 21/250
 - 52s - loss: 0.0770 - val_loss: 0.0890

Epoch 00021: val_loss did not improve from 0.08845
Epoch 22/250
 - 52s - loss: 0.0757 - val_loss: 0.0913

Epoch 00022: val_loss did not improve from 0.08845
Epoch 23/250
 - 52s - loss: 0.0756 - val_loss: 0.0926

Epoch 00023: val_loss did not improve from 0.08845
Epoch 24/250
 - 52s - loss: 0.0784 - val_loss: 0.0923

Epoch 00024: val_loss did not improve from 0.08845
Epoch 25/250
 - 52s - loss: 0.0763 - val_loss: 0.0894

Epoch 00025: val_loss did not improve from 0.08845
Epoch 26/250
 - 52s - loss: 0.0756 - val_loss: 0.0891

Epoch 00026: val_loss did not improve from 0.08845
Epoch 27/250
 - 52s - loss: 0.0759 - val_loss: 0.0960

Epoch 00027: val_loss did not improve from 0.08845
Epoch 28/250
 - 52s - loss: 0.0835 - val_loss: 0.0916

Epoch 00028: val_loss did not improve from 0.08845
Epoch 29/250
 - 52s - loss: 0.0771 - val_loss: 0.0895

Epoch 00029: val_loss did not improve from 0.08845
Epoch 30/250
 - 52s - loss: 0.0753 - val_loss: 0.0901

Epoch 00030: val_loss did not improve from 0.08845
Epoch 31/250
 - 52s - loss: 0.0764 - val_loss: 0.0936

Epoch 00031: val_loss did not improve from 0.08845
Epoch 32/250
 - 52s - loss: 0.0757 - val_loss: 0.0884

Epoch 00032: val_loss improved from 0.08845 to 0.08836, saving model to lstm_autoencoder_2019-12-18_14-19-06.h5
Epoch 33/250
 - 52s - loss: 0.0744 - val_loss: 0.0893

Epoch 00033: val_loss did not improve from 0.08836
Epoch 34/250
 - 52s - loss: 0.0747 - val_loss: 0.0889

Epoch 00034: val_loss did not improve from 0.08836
Epoch 35/250
 - 52s - loss: 0.0823 - val_loss: 0.1004

Epoch 00035: val_loss did not improve from 0.08836
Epoch 36/250
 - 52s - loss: 0.0812 - val_loss: 0.0931

Epoch 00036: val_loss did not improve from 0.08836
Epoch 37/250
 - 52s - loss: 0.0779 - val_loss: 0.0882

Epoch 00037: val_loss improved from 0.08836 to 0.08822, saving model to lstm_autoencoder_2019-12-18_14-19-06.h5
Epoch 38/250
 - 52s - loss: 0.0756 - val_loss: 0.0905

Epoch 00038: val_loss did not improve from 0.08822
Epoch 39/250
 - 52s - loss: 0.0805 - val_loss: 0.0899

Epoch 00039: val_loss did not improve from 0.08822
Epoch 40/250
 - 52s - loss: 0.0793 - val_loss: 0.0892

Epoch 00040: val_loss did not improve from 0.08822
Epoch 41/250
 - 52s - loss: 0.0762 - val_loss: 0.0898

Epoch 00041: val_loss did not improve from 0.08822
Epoch 42/250
 - 52s - loss: 0.0753 - val_loss: 0.0904

Epoch 00042: val_loss did not improve from 0.08822
Epoch 43/250
 - 52s - loss: 0.0834 - val_loss: 0.0894

Epoch 00043: val_loss did not improve from 0.08822
Epoch 44/250
 - 52s - loss: 0.0776 - val_loss: 0.0895

Epoch 00044: val_loss did not improve from 0.08822
Epoch 45/250
 - 52s - loss: 0.0762 - val_loss: 0.0897

Epoch 00045: val_loss did not improve from 0.08822
Epoch 46/250
 - 52s - loss: 0.0745 - val_loss: 0.0908

Epoch 00046: val_loss did not improve from 0.08822
Epoch 47/250
 - 52s - loss: 0.0789 - val_loss: 0.0938

Epoch 00047: val_loss did not improve from 0.08822
Epoch 48/250
 - 52s - loss: 0.0799 - val_loss: 0.0898

Epoch 00048: val_loss did not improve from 0.08822
Epoch 49/250
 - 52s - loss: 0.0761 - val_loss: 0.0885

Epoch 00049: val_loss did not improve from 0.08822
Epoch 50/250
 - 52s - loss: 0.0751 - val_loss: 0.0897

Epoch 00050: val_loss did not improve from 0.08822
Epoch 51/250
 - 52s - loss: 0.0749 - val_loss: 0.0906

Epoch 00051: val_loss did not improve from 0.08822
Epoch 52/250
 - 52s - loss: 0.0764 - val_loss: 0.0889

Epoch 00052: val_loss did not improve from 0.08822
Epoch 53/250
 - 52s - loss: 0.0749 - val_loss: 0.0889

Epoch 00053: val_loss did not improve from 0.08822
Epoch 54/250
 - 52s - loss: 0.0760 - val_loss: 0.0882

Epoch 00054: val_loss improved from 0.08822 to 0.08820, saving model to lstm_autoencoder_2019-12-18_14-19-06.h5
Epoch 55/250
 - 52s - loss: 0.0740 - val_loss: 0.0881

Epoch 00055: val_loss improved from 0.08820 to 0.08812, saving model to lstm_autoencoder_2019-12-18_14-19-06.h5
Epoch 56/250
 - 52s - loss: 0.0746 - val_loss: 0.0880

Epoch 00056: val_loss improved from 0.08812 to 0.08797, saving model to lstm_autoencoder_2019-12-18_14-19-06.h5
Epoch 57/250
 - 52s - loss: 0.0734 - val_loss: 0.0898

Epoch 00057: val_loss did not improve from 0.08797
Epoch 58/250
 - 52s - loss: 0.0745 - val_loss: 0.0885

Epoch 00058: val_loss did not improve from 0.08797
Epoch 59/250
 - 52s - loss: 0.0732 - val_loss: 0.0891

Epoch 00059: val_loss did not improve from 0.08797
Epoch 60/250
 - 52s - loss: 0.0730 - val_loss: 0.0890

Epoch 00060: val_loss did not improve from 0.08797
Epoch 61/250
 - 52s - loss: 0.0734 - val_loss: 0.0903

Epoch 00061: val_loss did not improve from 0.08797
Epoch 62/250
 - 52s - loss: 0.0858 - val_loss: 0.0903

Epoch 00062: val_loss did not improve from 0.08797
Epoch 63/250
 - 52s - loss: 0.0803 - val_loss: 0.0961

Epoch 00063: val_loss did not improve from 0.08797
Epoch 64/250
 - 52s - loss: 0.0773 - val_loss: 0.0885

Epoch 00064: val_loss did not improve from 0.08797
Epoch 65/250
 - 52s - loss: 0.0750 - val_loss: 0.0921

Epoch 00065: val_loss did not improve from 0.08797
Epoch 66/250
 - 52s - loss: 0.0766 - val_loss: 0.0880

Epoch 00066: val_loss improved from 0.08797 to 0.08797, saving model to lstm_autoencoder_2019-12-18_14-19-06.h5
Epoch 67/250
 - 52s - loss: 0.0742 - val_loss: 0.0928

Epoch 00067: val_loss did not improve from 0.08797
Epoch 68/250
 - 52s - loss: 0.0738 - val_loss: 0.0899

Epoch 00068: val_loss did not improve from 0.08797
Epoch 69/250
 - 52s - loss: 0.0740 - val_loss: 0.0878

Epoch 00069: val_loss improved from 0.08797 to 0.08780, saving model to lstm_autoencoder_2019-12-18_14-19-06.h5
Epoch 70/250
 - 52s - loss: 0.0859 - val_loss: 0.0909

Epoch 00070: val_loss did not improve from 0.08780
Epoch 71/250
 - 52s - loss: 0.0761 - val_loss: 0.0900

Epoch 00071: val_loss did not improve from 0.08780
Epoch 72/250
 - 52s - loss: 0.0751 - val_loss: 0.0916

Epoch 00072: val_loss did not improve from 0.08780
Epoch 73/250
 - 52s - loss: 0.0764 - val_loss: 0.0885

Epoch 00073: val_loss did not improve from 0.08780
Epoch 74/250
 - 52s - loss: 0.0749 - val_loss: 0.0893

Epoch 00074: val_loss did not improve from 0.08780
Epoch 75/250
 - 52s - loss: 0.0739 - val_loss: 0.0890

Epoch 00075: val_loss did not improve from 0.08780
Epoch 76/250
 - 52s - loss: 0.0835 - val_loss: 0.0896

Epoch 00076: val_loss did not improve from 0.08780
Epoch 77/250
 - 52s - loss: 0.0841 - val_loss: 0.0897

Epoch 00077: val_loss did not improve from 0.08780
Epoch 78/250
 - 52s - loss: 0.0767 - val_loss: 0.0892

Epoch 00078: val_loss did not improve from 0.08780
Epoch 79/250
 - 52s - loss: 0.0746 - val_loss: 0.0886

Epoch 00079: val_loss did not improve from 0.08780
Epoch 80/250
 - 52s - loss: 0.0750 - val_loss: 0.0877

Epoch 00080: val_loss improved from 0.08780 to 0.08774, saving model to lstm_autoencoder_2019-12-18_14-19-06.h5
Epoch 81/250
 - 52s - loss: 0.0808 - val_loss: 0.0987

Epoch 00081: val_loss did not improve from 0.08774
Epoch 82/250
 - 52s - loss: 0.0763 - val_loss: 0.0886

Epoch 00082: val_loss did not improve from 0.08774
Epoch 83/250
 - 52s - loss: 0.0773 - val_loss: 0.0888

Epoch 00083: val_loss did not improve from 0.08774
Epoch 84/250
 - 52s - loss: 0.0767 - val_loss: 0.0887

Epoch 00084: val_loss did not improve from 0.08774
Epoch 85/250
 - 52s - loss: 0.0744 - val_loss: 0.0875

Epoch 00085: val_loss improved from 0.08774 to 0.08753, saving model to lstm_autoencoder_2019-12-18_14-19-06.h5
Epoch 86/250
 - 52s - loss: 0.0838 - val_loss: 0.0905

Epoch 00086: val_loss did not improve from 0.08753
Epoch 87/250
 - 52s - loss: 0.0765 - val_loss: 0.0966

Epoch 00087: val_loss did not improve from 0.08753
Epoch 88/250
 - 52s - loss: 0.0781 - val_loss: 0.0880

Epoch 00088: val_loss did not improve from 0.08753
Epoch 89/250
 - 52s - loss: 0.0746 - val_loss: 0.0897

Epoch 00089: val_loss did not improve from 0.08753
Epoch 90/250
 - 52s - loss: 0.0740 - val_loss: 0.0870

Epoch 00090: val_loss improved from 0.08753 to 0.08703, saving model to lstm_autoencoder_2019-12-18_14-19-06.h5
Epoch 91/250
 - 52s - loss: 0.0731 - val_loss: 0.0865

Epoch 00091: val_loss improved from 0.08703 to 0.08654, saving model to lstm_autoencoder_2019-12-18_14-19-06.h5
Epoch 92/250
 - 52s - loss: 0.0740 - val_loss: 0.0890

Epoch 00092: val_loss did not improve from 0.08654
Epoch 93/250
 - 52s - loss: 0.0741 - val_loss: 0.0865

Epoch 00093: val_loss improved from 0.08654 to 0.08652, saving model to lstm_autoencoder_2019-12-18_14-19-06.h5
Epoch 94/250
 - 52s - loss: 0.0744 - val_loss: 0.0883

Epoch 00094: val_loss did not improve from 0.08652
Epoch 95/250
 - 52s - loss: 0.0734 - val_loss: 0.0943

Epoch 00095: val_loss did not improve from 0.08652
Epoch 96/250
 - 52s - loss: 0.0761 - val_loss: 0.0890

Epoch 00096: val_loss did not improve from 0.08652
Epoch 97/250
 - 52s - loss: 0.0734 - val_loss: 0.0915

Epoch 00097: val_loss did not improve from 0.08652
Epoch 98/250
 - 52s - loss: 0.0744 - val_loss: 0.0868

Epoch 00098: val_loss did not improve from 0.08652
Epoch 99/250
 - 52s - loss: 0.0741 - val_loss: 0.0889

Epoch 00099: val_loss did not improve from 0.08652
Epoch 100/250
 - 52s - loss: 0.0754 - val_loss: 0.0878

Epoch 00100: val_loss did not improve from 0.08652
Epoch 101/250
 - 52s - loss: 0.0733 - val_loss: 0.0884

Epoch 00101: val_loss did not improve from 0.08652
Epoch 102/250
 - 52s - loss: 0.0723 - val_loss: 0.0887

Epoch 00102: val_loss did not improve from 0.08652
Epoch 103/250
 - 52s - loss: 0.0723 - val_loss: 0.0883

Epoch 00103: val_loss did not improve from 0.08652
Epoch 104/250
 - 52s - loss: 0.0728 - val_loss: 0.0890

Epoch 00104: val_loss did not improve from 0.08652
Epoch 105/250
 - 52s - loss: 0.0726 - val_loss: 0.0881

Epoch 00105: val_loss did not improve from 0.08652
Epoch 106/250
 - 52s - loss: 0.0726 - val_loss: 0.0870

Epoch 00106: val_loss did not improve from 0.08652
Epoch 107/250
 - 52s - loss: 0.0738 - val_loss: 0.0890

Epoch 00107: val_loss did not improve from 0.08652
Epoch 108/250
 - 52s - loss: 0.0797 - val_loss: 0.0907

Epoch 00108: val_loss did not improve from 0.08652
Epoch 109/250
 - 52s - loss: 0.0769 - val_loss: 0.0870

Epoch 00109: val_loss did not improve from 0.08652
Epoch 110/250
 - 52s - loss: 0.0744 - val_loss: 0.0973

Epoch 00110: val_loss did not improve from 0.08652
Epoch 111/250
 - 52s - loss: 0.0766 - val_loss: 0.0872

Epoch 00111: val_loss did not improve from 0.08652
Epoch 112/250
 - 52s - loss: 0.0739 - val_loss: 0.0922

Epoch 00112: val_loss did not improve from 0.08652
Epoch 113/250
 - 52s - loss: 0.0747 - val_loss: 0.0865

Epoch 00113: val_loss improved from 0.08652 to 0.08647, saving model to lstm_autoencoder_2019-12-18_14-19-06.h5
Epoch 114/250
 - 52s - loss: 0.0736 - val_loss: 0.0926

Epoch 00114: val_loss did not improve from 0.08647
Epoch 115/250
 - 52s - loss: 0.0741 - val_loss: 0.0880

Epoch 00115: val_loss did not improve from 0.08647
Epoch 116/250
 - 52s - loss: 0.0731 - val_loss: 0.0886

Epoch 00116: val_loss did not improve from 0.08647
Epoch 117/250
 - 52s - loss: 0.0724 - val_loss: 0.0911

Epoch 00117: val_loss did not improve from 0.08647
Epoch 118/250
 - 52s - loss: 0.0774 - val_loss: 0.0928

Epoch 00118: val_loss did not improve from 0.08647
Epoch 119/250
 - 52s - loss: 0.0746 - val_loss: 0.0880

Epoch 00119: val_loss did not improve from 0.08647
Epoch 120/250
 - 52s - loss: 0.0737 - val_loss: 0.0882

Epoch 00120: val_loss did not improve from 0.08647
Epoch 121/250
 - 52s - loss: 0.0721 - val_loss: 0.0900

Epoch 00121: val_loss did not improve from 0.08647
Epoch 122/250
 - 52s - loss: 0.0719 - val_loss: 0.0886

Epoch 00122: val_loss did not improve from 0.08647
Epoch 123/250
 - 52s - loss: 0.0764 - val_loss: 0.0877

Epoch 00123: val_loss did not improve from 0.08647
Epoch 124/250
 - 52s - loss: 0.0733 - val_loss: 0.0881

Epoch 00124: val_loss did not improve from 0.08647
Epoch 125/250
 - 52s - loss: 0.0749 - val_loss: 0.0884

Epoch 00125: val_loss did not improve from 0.08647
Epoch 126/250
 - 52s - loss: 0.0722 - val_loss: 0.0946

Epoch 00126: val_loss did not improve from 0.08647
Epoch 127/250
 - 52s - loss: 0.0756 - val_loss: 0.0881

Epoch 00127: val_loss did not improve from 0.08647
Epoch 128/250
 - 52s - loss: 0.0721 - val_loss: 0.0871

Epoch 00128: val_loss did not improve from 0.08647
Epoch 129/250
 - 52s - loss: 0.0718 - val_loss: 0.0910

Epoch 00129: val_loss did not improve from 0.08647
Epoch 130/250
 - 52s - loss: 0.0721 - val_loss: 0.0881

Epoch 00130: val_loss did not improve from 0.08647
Epoch 131/250
 - 52s - loss: 0.0749 - val_loss: 0.0873

Epoch 00131: val_loss did not improve from 0.08647
Epoch 132/250
 - 52s - loss: 0.0743 - val_loss: 0.0900

Epoch 00132: val_loss did not improve from 0.08647
Epoch 133/250
 - 52s - loss: 0.0724 - val_loss: 0.0874

Epoch 00133: val_loss did not improve from 0.08647
Epoch 134/250
 - 52s - loss: 0.0710 - val_loss: 0.0872

Epoch 00134: val_loss did not improve from 0.08647
Epoch 135/250
 - 52s - loss: 0.0723 - val_loss: 0.0986

Epoch 00135: val_loss did not improve from 0.08647
Epoch 136/250
 - 52s - loss: 0.0776 - val_loss: 0.0867

Epoch 00136: val_loss did not improve from 0.08647
Epoch 137/250
 - 52s - loss: 0.0719 - val_loss: 0.0880

Epoch 00137: val_loss did not improve from 0.08647
Epoch 138/250
 - 52s - loss: 0.0754 - val_loss: 0.0871

Epoch 00138: val_loss did not improve from 0.08647
Epoch 139/250
 - 52s - loss: 0.0755 - val_loss: 0.0893

Epoch 00139: val_loss did not improve from 0.08647
Epoch 140/250
 - 52s - loss: 0.0755 - val_loss: 0.0894

Epoch 00140: val_loss did not improve from 0.08647
Epoch 141/250
 - 52s - loss: 0.0739 - val_loss: 0.0867

Epoch 00141: val_loss did not improve from 0.08647
Epoch 142/250
 - 52s - loss: 0.0727 - val_loss: 0.0875

Epoch 00142: val_loss did not improve from 0.08647
Epoch 143/250
 - 52s - loss: 0.0711 - val_loss: 0.0867

Epoch 00143: val_loss did not improve from 0.08647
Epoch 00143: early stopping
