2019-12-18 13:28:16.279963: I tensorflow/core/platform/cpu_feature_guard.cc:141] Your CPU supports instructions that this TensorFlow binary was not compiled to use: SSE4.1 SSE4.2 AVX
2019-12-18 13:28:16.423415: I tensorflow/stream_executor/cuda/cuda_gpu_executor.cc:897] successful NUMA node read from SysFS had negative value (-1), but there must be at least one NUMA node, so returning NUMA node zero
2019-12-18 13:28:16.424594: I tensorflow/core/common_runtime/gpu/gpu_device.cc:1405] Found device 0 with properties: 
name: TITAN Xp major: 6 minor: 1 memoryClockRate(GHz): 1.582
pciBusID: 0000:01:00.0
totalMemory: 11.91GiB freeMemory: 11.73GiB
2019-12-18 13:28:16.424611: I tensorflow/core/common_runtime/gpu/gpu_device.cc:1484] Adding visible gpu devices: 0
2019-12-18 13:28:16.658261: I tensorflow/core/common_runtime/gpu/gpu_device.cc:965] Device interconnect StreamExecutor with strength 1 edge matrix:
2019-12-18 13:28:16.658305: I tensorflow/core/common_runtime/gpu/gpu_device.cc:971]      0 
2019-12-18 13:28:16.658314: I tensorflow/core/common_runtime/gpu/gpu_device.cc:984] 0:   N 
2019-12-18 13:28:16.658583: I tensorflow/core/common_runtime/gpu/gpu_device.cc:1097] Created TensorFlow device (/job:localhost/replica:0/task:0/device:GPU:0 with 11348 MB memory) -> physical GPU (device: 0, name: TITAN Xp, pci bus id: 0000:01:00.0, compute capability: 6.1)
2019-12-18 13:28:16.970122: I tensorflow/core/kernels/cuda_solvers.cc:159] Creating CudaSolver handles for stream 0x556863d5e9d0
Train on 32962 samples, validate on 1735 samples
Epoch 1/250
 - 63s - loss: 0.0853 - val_loss: 0.0901

Epoch 00001: val_loss improved from inf to 0.09006, saving model to lstm_autoencoder_2019-12-18_13-28-17.h5
Epoch 2/250
 - 61s - loss: 0.0788 - val_loss: 0.0916

Epoch 00002: val_loss did not improve from 0.09006
Epoch 3/250
 - 61s - loss: 0.0783 - val_loss: 0.0919

Epoch 00003: val_loss did not improve from 0.09006
Epoch 4/250
 - 61s - loss: 0.0784 - val_loss: 0.0923

Epoch 00004: val_loss did not improve from 0.09006
Epoch 5/250
 - 61s - loss: 0.0815 - val_loss: 0.0910

Epoch 00005: val_loss did not improve from 0.09006
Epoch 6/250
 - 61s - loss: 0.0800 - val_loss: 0.0916

Epoch 00006: val_loss did not improve from 0.09006
Epoch 7/250
 - 61s - loss: 0.0785 - val_loss: 0.0905

Epoch 00007: val_loss did not improve from 0.09006
Epoch 8/250
 - 61s - loss: 0.0789 - val_loss: 0.0907

Epoch 00008: val_loss did not improve from 0.09006
Epoch 9/250
 - 61s - loss: 0.0779 - val_loss: 0.0890

Epoch 00009: val_loss improved from 0.09006 to 0.08896, saving model to lstm_autoencoder_2019-12-18_13-28-17.h5
Epoch 10/250
 - 61s - loss: 0.0770 - val_loss: 0.0913

Epoch 00010: val_loss did not improve from 0.08896
Epoch 11/250
 - 61s - loss: 0.0814 - val_loss: 0.0894

Epoch 00011: val_loss did not improve from 0.08896
Epoch 12/250
 - 61s - loss: 0.0773 - val_loss: 0.0908

Epoch 00012: val_loss did not improve from 0.08896
Epoch 13/250
 - 61s - loss: 0.0775 - val_loss: 0.0880

Epoch 00013: val_loss improved from 0.08896 to 0.08802, saving model to lstm_autoencoder_2019-12-18_13-28-17.h5
Epoch 14/250
 - 61s - loss: 0.0778 - val_loss: 0.0900

Epoch 00014: val_loss did not improve from 0.08802
Epoch 15/250
 - 61s - loss: 0.0852 - val_loss: 0.0915

Epoch 00015: val_loss did not improve from 0.08802
Epoch 16/250
 - 61s - loss: 0.0821 - val_loss: 0.0895

Epoch 00016: val_loss did not improve from 0.08802
Epoch 17/250
 - 61s - loss: 0.0775 - val_loss: 0.0925

Epoch 00017: val_loss did not improve from 0.08802
Epoch 18/250
 - 61s - loss: 0.0792 - val_loss: 0.0899

Epoch 00018: val_loss did not improve from 0.08802
Epoch 19/250
 - 61s - loss: 0.0781 - val_loss: 0.0887

Epoch 00019: val_loss did not improve from 0.08802
Epoch 20/250
 - 61s - loss: 0.0769 - val_loss: 0.0890

Epoch 00020: val_loss did not improve from 0.08802
Epoch 21/250
 - 61s - loss: 0.0778 - val_loss: 0.0944

Epoch 00021: val_loss did not improve from 0.08802
Epoch 22/250
 - 61s - loss: 0.0770 - val_loss: 0.0892

Epoch 00022: val_loss did not improve from 0.08802
Epoch 23/250
 - 61s - loss: 0.0765 - val_loss: 0.0886

Epoch 00023: val_loss did not improve from 0.08802
Epoch 24/250
 - 61s - loss: 0.0768 - val_loss: 0.0943

Epoch 00024: val_loss did not improve from 0.08802
Epoch 25/250
 - 61s - loss: 0.0782 - val_loss: 0.0909

Epoch 00025: val_loss did not improve from 0.08802
Epoch 26/250
 - 61s - loss: 0.0779 - val_loss: 0.0922

Epoch 00026: val_loss did not improve from 0.08802
Epoch 27/250
 - 61s - loss: 0.0811 - val_loss: 0.0937

Epoch 00027: val_loss did not improve from 0.08802
Epoch 28/250
 - 61s - loss: 0.0803 - val_loss: 0.0887

Epoch 00028: val_loss did not improve from 0.08802
Epoch 00028: early stopping
