2019-12-18 08:11:18.029591: I tensorflow/core/platform/cpu_feature_guard.cc:141] Your CPU supports instructions that this TensorFlow binary was not compiled to use: SSE4.1 SSE4.2 AVX
2019-12-18 08:11:18.148209: I tensorflow/stream_executor/cuda/cuda_gpu_executor.cc:897] successful NUMA node read from SysFS had negative value (-1), but there must be at least one NUMA node, so returning NUMA node zero
2019-12-18 08:11:18.148785: I tensorflow/core/common_runtime/gpu/gpu_device.cc:1405] Found device 0 with properties: 
name: TITAN Xp major: 6 minor: 1 memoryClockRate(GHz): 1.582
pciBusID: 0000:01:00.0
totalMemory: 11.91GiB freeMemory: 11.73GiB
2019-12-18 08:11:18.148802: I tensorflow/core/common_runtime/gpu/gpu_device.cc:1484] Adding visible gpu devices: 0
2019-12-18 08:11:18.382663: I tensorflow/core/common_runtime/gpu/gpu_device.cc:965] Device interconnect StreamExecutor with strength 1 edge matrix:
2019-12-18 08:11:18.382708: I tensorflow/core/common_runtime/gpu/gpu_device.cc:971]      0 
2019-12-18 08:11:18.382717: I tensorflow/core/common_runtime/gpu/gpu_device.cc:984] 0:   N 
2019-12-18 08:11:18.382984: I tensorflow/core/common_runtime/gpu/gpu_device.cc:1097] Created TensorFlow device (/job:localhost/replica:0/task:0/device:GPU:0 with 11348 MB memory) -> physical GPU (device: 0, name: TITAN Xp, pci bus id: 0000:01:00.0, compute capability: 6.1)
2019-12-18 08:11:18.692181: I tensorflow/core/kernels/cuda_solvers.cc:159] Creating CudaSolver handles for stream 0x555b7c722a00
Train on 32962 samples, validate on 1735 samples
Epoch 1/250
 - 63s - loss: 0.1143 - val_loss: 0.1070

Epoch 00001: val_loss improved from inf to 0.10700, saving model to lstm_autoencoder_2019-12-18_08-11-19.h5
Epoch 2/250
 - 61s - loss: 0.1274 - val_loss: 0.1805

Epoch 00002: val_loss did not improve from 0.10700
Epoch 3/250
 - 61s - loss: 0.1411 - val_loss: 0.1410

Epoch 00003: val_loss did not improve from 0.10700
Epoch 4/250
 - 61s - loss: nan - val_loss: nan

Epoch 00004: val_loss did not improve from 0.10700
Epoch 5/250
 - 61s - loss: nan - val_loss: nan

Epoch 00005: val_loss did not improve from 0.10700
Epoch 6/250
 - 61s - loss: nan - val_loss: nan

Epoch 00006: val_loss did not improve from 0.10700
Epoch 7/250
 - 61s - loss: nan - val_loss: nan

Epoch 00007: val_loss did not improve from 0.10700
Epoch 8/250
 - 61s - loss: nan - val_loss: nan

Epoch 00008: val_loss did not improve from 0.10700
Epoch 9/250
 - 61s - loss: nan - val_loss: nan

Epoch 00009: val_loss did not improve from 0.10700
Epoch 10/250
 - 61s - loss: nan - val_loss: nan

Epoch 00010: val_loss did not improve from 0.10700
Epoch 11/250
 - 61s - loss: nan - val_loss: nan

Epoch 00011: val_loss did not improve from 0.10700
Epoch 12/250
 - 61s - loss: nan - val_loss: nan

Epoch 00012: val_loss did not improve from 0.10700
Epoch 13/250
 - 61s - loss: nan - val_loss: nan

Epoch 00013: val_loss did not improve from 0.10700
Epoch 14/250
 - 61s - loss: nan - val_loss: nan
