2019-12-18 10:36:41.051480: I tensorflow/core/platform/cpu_feature_guard.cc:141] Your CPU supports instructions that this TensorFlow binary was not compiled to use: SSE4.1 SSE4.2 AVX
2019-12-18 10:36:41.169114: I tensorflow/stream_executor/cuda/cuda_gpu_executor.cc:897] successful NUMA node read from SysFS had negative value (-1), but there must be at least one NUMA node, so returning NUMA node zero
2019-12-18 10:36:41.170073: I tensorflow/core/common_runtime/gpu/gpu_device.cc:1405] Found device 0 with properties: 
name: TITAN Xp major: 6 minor: 1 memoryClockRate(GHz): 1.582
pciBusID: 0000:01:00.0
totalMemory: 11.91GiB freeMemory: 11.73GiB
2019-12-18 10:36:41.170090: I tensorflow/core/common_runtime/gpu/gpu_device.cc:1484] Adding visible gpu devices: 0
2019-12-18 10:36:41.403027: I tensorflow/core/common_runtime/gpu/gpu_device.cc:965] Device interconnect StreamExecutor with strength 1 edge matrix:
2019-12-18 10:36:41.403069: I tensorflow/core/common_runtime/gpu/gpu_device.cc:971]      0 
2019-12-18 10:36:41.403078: I tensorflow/core/common_runtime/gpu/gpu_device.cc:984] 0:   N 
2019-12-18 10:36:41.403341: I tensorflow/core/common_runtime/gpu/gpu_device.cc:1097] Created TensorFlow device (/job:localhost/replica:0/task:0/device:GPU:0 with 11348 MB memory) -> physical GPU (device: 0, name: TITAN Xp, pci bus id: 0000:01:00.0, compute capability: 6.1)
2019-12-18 10:36:41.709907: I tensorflow/core/kernels/cuda_solvers.cc:159] Creating CudaSolver handles for stream 0x5614acd500c0
Train on 32962 samples, validate on 1735 samples
Epoch 1/250
 - 63s - loss: 0.0978 - val_loss: 0.1007

Epoch 00001: val_loss improved from inf to 0.10070, saving model to lstm_autoencoder_2019-12-18_10-36-42.h5
Epoch 2/250
 - 61s - loss: 0.0958 - val_loss: 0.1031

Epoch 00002: val_loss did not improve from 0.10070
Epoch 3/250
 - 61s - loss: 0.0943 - val_loss: 0.1010

Epoch 00003: val_loss did not improve from 0.10070
Epoch 4/250
 - 61s - loss: 0.0942 - val_loss: 0.0997

Epoch 00004: val_loss improved from 0.10070 to 0.09967, saving model to lstm_autoencoder_2019-12-18_10-36-42.h5
Epoch 5/250
 - 61s - loss: 0.0939 - val_loss: 0.1010

Epoch 00005: val_loss did not improve from 0.09967
Epoch 6/250
 - 61s - loss: 0.0928 - val_loss: 0.0985

Epoch 00006: val_loss improved from 0.09967 to 0.09846, saving model to lstm_autoencoder_2019-12-18_10-36-42.h5
Epoch 7/250
 - 61s - loss: 0.0929 - val_loss: 0.1011

Epoch 00007: val_loss did not improve from 0.09846
Epoch 8/250
 - 62s - loss: 0.0932 - val_loss: 0.0976

Epoch 00008: val_loss improved from 0.09846 to 0.09759, saving model to lstm_autoencoder_2019-12-18_10-36-42.h5
Epoch 9/250
 - 61s - loss: 0.0913 - val_loss: 0.0987

Epoch 00009: val_loss did not improve from 0.09759
Epoch 10/250
 - 61s - loss: 0.0927 - val_loss: 0.0973

Epoch 00010: val_loss improved from 0.09759 to 0.09729, saving model to lstm_autoencoder_2019-12-18_10-36-42.h5
Epoch 11/250
 - 61s - loss: 0.0908 - val_loss: 0.0965

Epoch 00011: val_loss improved from 0.09729 to 0.09655, saving model to lstm_autoencoder_2019-12-18_10-36-42.h5
Epoch 12/250
 - 61s - loss: 0.0907 - val_loss: 0.0968

Epoch 00012: val_loss did not improve from 0.09655
Epoch 13/250
 - 61s - loss: 0.0896 - val_loss: 0.1013

Epoch 00013: val_loss did not improve from 0.09655
Epoch 14/250
 - 61s - loss: 0.0894 - val_loss: 0.0973

Epoch 00014: val_loss did not improve from 0.09655
Epoch 15/250
 - 61s - loss: 0.0893 - val_loss: 0.0961

Epoch 00015: val_loss improved from 0.09655 to 0.09615, saving model to lstm_autoencoder_2019-12-18_10-36-42.h5
Epoch 16/250
 - 61s - loss: 0.0895 - val_loss: 0.0957

Epoch 00016: val_loss improved from 0.09615 to 0.09567, saving model to lstm_autoencoder_2019-12-18_10-36-42.h5
Epoch 17/250
 - 61s - loss: 0.0889 - val_loss: 0.0982

Epoch 00017: val_loss did not improve from 0.09567
Epoch 18/250
 - 61s - loss: 0.0879 - val_loss: 0.0957

Epoch 00018: val_loss did not improve from 0.09567
Epoch 19/250
 - 61s - loss: 0.0879 - val_loss: 0.0961

Epoch 00019: val_loss did not improve from 0.09567
Epoch 20/250
 - 61s - loss: 0.0898 - val_loss: 0.0968

Epoch 00020: val_loss did not improve from 0.09567
Epoch 21/250
 - 62s - loss: 0.0879 - val_loss: 0.0996

Epoch 00021: val_loss did not improve from 0.09567
Epoch 22/250
 - 61s - loss: 0.0872 - val_loss: 0.0964

Epoch 00022: val_loss did not improve from 0.09567
Epoch 23/250
 - 61s - loss: 0.0881 - val_loss: 0.0971

Epoch 00023: val_loss did not improve from 0.09567
Epoch 24/250
 - 61s - loss: 0.0876 - val_loss: 0.0954

Epoch 00024: val_loss improved from 0.09567 to 0.09537, saving model to lstm_autoencoder_2019-12-18_10-36-42.h5
Epoch 25/250
 - 62s - loss: 0.0886 - val_loss: 0.1049

Epoch 00025: val_loss did not improve from 0.09537
Epoch 26/250
 - 61s - loss: 0.0873 - val_loss: 0.0951

Epoch 00026: val_loss improved from 0.09537 to 0.09507, saving model to lstm_autoencoder_2019-12-18_10-36-42.h5
Epoch 27/250
 - 61s - loss: 0.0864 - val_loss: 0.0941

Epoch 00027: val_loss improved from 0.09507 to 0.09411, saving model to lstm_autoencoder_2019-12-18_10-36-42.h5
Epoch 28/250
 - 61s - loss: 0.0881 - val_loss: 0.0961

Epoch 00028: val_loss did not improve from 0.09411
Epoch 29/250
 - 61s - loss: 0.0857 - val_loss: 0.0942

Epoch 00029: val_loss did not improve from 0.09411
Epoch 30/250
 - 61s - loss: 0.0854 - val_loss: 0.0983

Epoch 00030: val_loss did not improve from 0.09411
Epoch 31/250
 - 61s - loss: 0.0845 - val_loss: 0.0946

Epoch 00031: val_loss did not improve from 0.09411
Epoch 32/250
 - 61s - loss: 0.0855 - val_loss: 0.0953

Epoch 00032: val_loss did not improve from 0.09411
Epoch 33/250
 - 61s - loss: 0.0845 - val_loss: 0.0946

Epoch 00033: val_loss did not improve from 0.09411
Epoch 34/250
 - 61s - loss: 0.0856 - val_loss: 0.0967

Epoch 00034: val_loss did not improve from 0.09411
Epoch 35/250
 - 61s - loss: 0.0843 - val_loss: 0.0928

Epoch 00035: val_loss improved from 0.09411 to 0.09278, saving model to lstm_autoencoder_2019-12-18_10-36-42.h5
Epoch 36/250
 - 62s - loss: 0.0842 - val_loss: 0.0931

Epoch 00036: val_loss did not improve from 0.09278
Epoch 37/250
 - 61s - loss: 0.0848 - val_loss: 0.0927

Epoch 00037: val_loss improved from 0.09278 to 0.09273, saving model to lstm_autoencoder_2019-12-18_10-36-42.h5
Epoch 38/250
 - 62s - loss: 0.0842 - val_loss: 0.0985

Epoch 00038: val_loss did not improve from 0.09273
Epoch 39/250
 - 62s - loss: 0.0851 - val_loss: 0.0935

Epoch 00039: val_loss did not improve from 0.09273
Epoch 40/250
 - 61s - loss: 0.0842 - val_loss: 0.0950

Epoch 00040: val_loss did not improve from 0.09273
Epoch 41/250
 - 61s - loss: 0.0838 - val_loss: 0.0942

Epoch 00041: val_loss did not improve from 0.09273
Epoch 42/250
 - 61s - loss: 0.0854 - val_loss: 0.0928

Epoch 00042: val_loss did not improve from 0.09273
Epoch 43/250
 - 61s - loss: 0.0860 - val_loss: 0.0944

Epoch 00043: val_loss did not improve from 0.09273
Epoch 44/250
 - 61s - loss: 0.0836 - val_loss: 0.0955

Epoch 00044: val_loss did not improve from 0.09273
Epoch 45/250
 - 61s - loss: 0.0844 - val_loss: 0.0923

Epoch 00045: val_loss improved from 0.09273 to 0.09229, saving model to lstm_autoencoder_2019-12-18_10-36-42.h5
Epoch 46/250
 - 61s - loss: 0.0844 - val_loss: 0.1010

Epoch 00046: val_loss did not improve from 0.09229
Epoch 47/250
 - 61s - loss: 0.0852 - val_loss: 0.0923

Epoch 00047: val_loss did not improve from 0.09229
Epoch 48/250
 - 62s - loss: 0.0829 - val_loss: 0.0955

Epoch 00048: val_loss did not improve from 0.09229
Epoch 49/250
 - 61s - loss: 0.0831 - val_loss: 0.0942

Epoch 00049: val_loss did not improve from 0.09229
Epoch 50/250
 - 62s - loss: 0.0826 - val_loss: 0.0917

Epoch 00050: val_loss improved from 0.09229 to 0.09169, saving model to lstm_autoencoder_2019-12-18_10-36-42.h5
Epoch 51/250
 - 61s - loss: 0.0844 - val_loss: 0.0934

Epoch 00051: val_loss did not improve from 0.09169
Epoch 52/250
 - 61s - loss: 0.0870 - val_loss: 0.0950

Epoch 00052: val_loss did not improve from 0.09169
Epoch 53/250
 - 61s - loss: 0.0854 - val_loss: 0.0945

Epoch 00053: val_loss did not improve from 0.09169
Epoch 54/250
 - 61s - loss: 0.0824 - val_loss: 0.0922

Epoch 00054: val_loss did not improve from 0.09169
Epoch 55/250
 - 61s - loss: 0.0860 - val_loss: 0.0919

Epoch 00055: val_loss did not improve from 0.09169
Epoch 56/250
 - 61s - loss: 0.0839 - val_loss: 0.0963

Epoch 00056: val_loss did not improve from 0.09169
Epoch 57/250
 - 61s - loss: 0.0835 - val_loss: 0.0960

Epoch 00057: val_loss did not improve from 0.09169
Epoch 58/250
 - 61s - loss: 0.0832 - val_loss: 0.0934

Epoch 00058: val_loss did not improve from 0.09169
Epoch 59/250
 - 61s - loss: 0.0833 - val_loss: 0.0938

Epoch 00059: val_loss did not improve from 0.09169
Epoch 60/250
 - 61s - loss: 0.0816 - val_loss: 0.0934

Epoch 00060: val_loss did not improve from 0.09169
Epoch 61/250
 - 61s - loss: 0.0819 - val_loss: 0.0942

Epoch 00061: val_loss did not improve from 0.09169
Epoch 62/250
 - 61s - loss: 0.0829 - val_loss: 0.0913

Epoch 00062: val_loss improved from 0.09169 to 0.09133, saving model to lstm_autoencoder_2019-12-18_10-36-42.h5
Epoch 63/250
 - 61s - loss: 0.0817 - val_loss: 0.0933

Epoch 00063: val_loss did not improve from 0.09133
Epoch 64/250
 - 61s - loss: 0.0818 - val_loss: 0.0914

Epoch 00064: val_loss did not improve from 0.09133
Epoch 65/250
 - 61s - loss: 0.0819 - val_loss: 0.1027

Epoch 00065: val_loss did not improve from 0.09133
Epoch 00065: early stopping
