2019-12-18 16:55:48.558549: I tensorflow/core/platform/cpu_feature_guard.cc:141] Your CPU supports instructions that this TensorFlow binary was not compiled to use: SSE4.1 SSE4.2 AVX
2019-12-18 16:55:48.679763: I tensorflow/stream_executor/cuda/cuda_gpu_executor.cc:897] successful NUMA node read from SysFS had negative value (-1), but there must be at least one NUMA node, so returning NUMA node zero
2019-12-18 16:55:48.680337: I tensorflow/core/common_runtime/gpu/gpu_device.cc:1405] Found device 0 with properties: 
name: TITAN Xp major: 6 minor: 1 memoryClockRate(GHz): 1.582
pciBusID: 0000:01:00.0
totalMemory: 11.91GiB freeMemory: 11.73GiB
2019-12-18 16:55:48.680363: I tensorflow/core/common_runtime/gpu/gpu_device.cc:1484] Adding visible gpu devices: 0
2019-12-18 16:55:48.912984: I tensorflow/core/common_runtime/gpu/gpu_device.cc:965] Device interconnect StreamExecutor with strength 1 edge matrix:
2019-12-18 16:55:48.913027: I tensorflow/core/common_runtime/gpu/gpu_device.cc:971]      0 
2019-12-18 16:55:48.913036: I tensorflow/core/common_runtime/gpu/gpu_device.cc:984] 0:   N 
2019-12-18 16:55:48.913304: I tensorflow/core/common_runtime/gpu/gpu_device.cc:1097] Created TensorFlow device (/job:localhost/replica:0/task:0/device:GPU:0 with 11348 MB memory) -> physical GPU (device: 0, name: TITAN Xp, pci bus id: 0000:01:00.0, compute capability: 6.1)
2019-12-18 16:55:49.221896: I tensorflow/core/kernels/cuda_solvers.cc:159] Creating CudaSolver handles for stream 0x564b5aa88a20
Train on 32962 samples, validate on 1735 samples
Epoch 1/250
 - 53s - loss: 0.0707 - val_loss: 0.0863

Epoch 00001: val_loss improved from inf to 0.08633, saving model to lstm_autoencoder_2019-12-18_16-55-49.h5
Epoch 2/250
 - 52s - loss: 0.0704 - val_loss: 0.0864

Epoch 00002: val_loss did not improve from 0.08633
Epoch 3/250
 - 52s - loss: 0.0703 - val_loss: 0.0865

Epoch 00003: val_loss did not improve from 0.08633
Epoch 4/250
 - 52s - loss: 0.0702 - val_loss: 0.0865

Epoch 00004: val_loss did not improve from 0.08633
Epoch 5/250
 - 52s - loss: 0.0702 - val_loss: 0.0864

Epoch 00005: val_loss did not improve from 0.08633
Epoch 6/250
 - 52s - loss: 0.0702 - val_loss: 0.0865

Epoch 00006: val_loss did not improve from 0.08633
Epoch 7/250
 - 52s - loss: 0.0702 - val_loss: 0.0865

Epoch 00007: val_loss did not improve from 0.08633
Epoch 8/250
 - 52s - loss: 0.0702 - val_loss: 0.0865

Epoch 00008: val_loss did not improve from 0.08633
Epoch 9/250
 - 52s - loss: 0.0702 - val_loss: 0.0864

Epoch 00009: val_loss did not improve from 0.08633
Epoch 10/250
 - 52s - loss: 0.0702 - val_loss: 0.0864

Epoch 00010: val_loss did not improve from 0.08633
Epoch 11/250
 - 52s - loss: 0.0702 - val_loss: 0.0864

Epoch 00011: val_loss did not improve from 0.08633
Epoch 12/250
 - 52s - loss: 0.0701 - val_loss: 0.0864
