2019-12-19 08:29:38.252239: I tensorflow/core/platform/cpu_feature_guard.cc:141] Your CPU supports instructions that this TensorFlow binary was not compiled to use: SSE4.1 SSE4.2 AVX
2019-12-19 08:29:38.393823: I tensorflow/stream_executor/cuda/cuda_gpu_executor.cc:897] successful NUMA node read from SysFS had negative value (-1), but there must be at least one NUMA node, so returning NUMA node zero
2019-12-19 08:29:38.394816: I tensorflow/core/common_runtime/gpu/gpu_device.cc:1405] Found device 0 with properties: 
name: TITAN Xp major: 6 minor: 1 memoryClockRate(GHz): 1.582
pciBusID: 0000:01:00.0
totalMemory: 11.91GiB freeMemory: 11.73GiB
2019-12-19 08:29:38.394834: I tensorflow/core/common_runtime/gpu/gpu_device.cc:1484] Adding visible gpu devices: 0
2019-12-19 08:29:38.627383: I tensorflow/core/common_runtime/gpu/gpu_device.cc:965] Device interconnect StreamExecutor with strength 1 edge matrix:
2019-12-19 08:29:38.627424: I tensorflow/core/common_runtime/gpu/gpu_device.cc:971]      0 
2019-12-19 08:29:38.627433: I tensorflow/core/common_runtime/gpu/gpu_device.cc:984] 0:   N 
2019-12-19 08:29:38.627706: I tensorflow/core/common_runtime/gpu/gpu_device.cc:1097] Created TensorFlow device (/job:localhost/replica:0/task:0/device:GPU:0 with 11348 MB memory) -> physical GPU (device: 0, name: TITAN Xp, pci bus id: 0000:01:00.0, compute capability: 6.1)
2019-12-19 08:29:39.237645: I tensorflow/core/kernels/cuda_solvers.cc:159] Creating CudaSolver handles for stream 0x55751dc8c110
Train on 32962 samples, validate on 1735 samples
Epoch 1/250
 - 64s - loss: 0.5041 - val_loss: 0.4036

Epoch 00001: val_loss improved from inf to 0.40362, saving model to lstm_autoencoder_2019-12-19_08-29-36.h5
Epoch 2/250
 - 61s - loss: 0.3412 - val_loss: 0.2961

Epoch 00002: val_loss improved from 0.40362 to 0.29610, saving model to lstm_autoencoder_2019-12-19_08-29-36.h5
Epoch 3/250
 - 61s - loss: 0.3040 - val_loss: 0.2901

Epoch 00003: val_loss improved from 0.29610 to 0.29013, saving model to lstm_autoencoder_2019-12-19_08-29-36.h5
Epoch 4/250
 - 61s - loss: 0.3025 - val_loss: 0.2898

Epoch 00004: val_loss improved from 0.29013 to 0.28980, saving model to lstm_autoencoder_2019-12-19_08-29-36.h5
Epoch 5/250
 - 61s - loss: 0.3019 - val_loss: 0.2931

Epoch 00005: val_loss did not improve from 0.28980
Epoch 6/250
 - 61s - loss: 0.2952 - val_loss: 0.2606

Epoch 00006: val_loss improved from 0.28980 to 0.26058, saving model to lstm_autoencoder_2019-12-19_08-29-36.h5
Epoch 7/250
 - 61s - loss: 0.2728 - val_loss: 0.2591

Epoch 00007: val_loss improved from 0.26058 to 0.25913, saving model to lstm_autoencoder_2019-12-19_08-29-36.h5
Epoch 8/250
 - 61s - loss: 0.2620 - val_loss: 0.2497

Epoch 00008: val_loss improved from 0.25913 to 0.24966, saving model to lstm_autoencoder_2019-12-19_08-29-36.h5
Epoch 9/250
 - 61s - loss: 0.2541 - val_loss: 0.2392

Epoch 00009: val_loss improved from 0.24966 to 0.23924, saving model to lstm_autoencoder_2019-12-19_08-29-36.h5
Epoch 10/250
 - 61s - loss: 0.2448 - val_loss: 0.2335

Epoch 00010: val_loss improved from 0.23924 to 0.23354, saving model to lstm_autoencoder_2019-12-19_08-29-36.h5
Epoch 11/250
 - 61s - loss: 0.2436 - val_loss: 0.2297

Epoch 00011: val_loss improved from 0.23354 to 0.22966, saving model to lstm_autoencoder_2019-12-19_08-29-36.h5
Epoch 12/250
 - 61s - loss: 0.2365 - val_loss: 0.2226

Epoch 00012: val_loss improved from 0.22966 to 0.22264, saving model to lstm_autoencoder_2019-12-19_08-29-36.h5
Epoch 13/250
 - 61s - loss: 0.2328 - val_loss: 0.2228

Epoch 00013: val_loss did not improve from 0.22264
Epoch 14/250
 - 61s - loss: 0.2266 - val_loss: 0.2211

Epoch 00014: val_loss improved from 0.22264 to 0.22112, saving model to lstm_autoencoder_2019-12-19_08-29-36.h5
Epoch 15/250
 - 61s - loss: 0.2231 - val_loss: 0.2105

Epoch 00015: val_loss improved from 0.22112 to 0.21055, saving model to lstm_autoencoder_2019-12-19_08-29-36.h5
Epoch 16/250
 - 61s - loss: 0.2183 - val_loss: 0.2072

Epoch 00016: val_loss improved from 0.21055 to 0.20719, saving model to lstm_autoencoder_2019-12-19_08-29-36.h5
Epoch 17/250
 - 61s - loss: 0.2169 - val_loss: 0.2114

Epoch 00017: val_loss did not improve from 0.20719
Epoch 18/250
 - 61s - loss: 0.2170 - val_loss: 0.2133

Epoch 00018: val_loss did not improve from 0.20719
Epoch 19/250
 - 61s - loss: 0.2143 - val_loss: 0.2087

Epoch 00019: val_loss did not improve from 0.20719
Epoch 20/250
 - 61s - loss: 0.2120 - val_loss: 0.2009

Epoch 00020: val_loss improved from 0.20719 to 0.20086, saving model to lstm_autoencoder_2019-12-19_08-29-36.h5
Epoch 21/250
 - 61s - loss: 0.2125 - val_loss: 0.2103

Epoch 00021: val_loss did not improve from 0.20086
Epoch 22/250
 - 61s - loss: 0.2083 - val_loss: 0.2005

Epoch 00022: val_loss improved from 0.20086 to 0.20045, saving model to lstm_autoencoder_2019-12-19_08-29-36.h5
Epoch 23/250
 - 61s - loss: 0.2057 - val_loss: 0.2052

Epoch 00023: val_loss did not improve from 0.20045
Epoch 24/250
 - 61s - loss: 0.2073 - val_loss: 0.2041

Epoch 00024: val_loss did not improve from 0.20045
Epoch 25/250
 - 61s - loss: 0.2018 - val_loss: 0.1965

Epoch 00025: val_loss improved from 0.20045 to 0.19651, saving model to lstm_autoencoder_2019-12-19_08-29-36.h5
Epoch 26/250
 - 61s - loss: 0.2022 - val_loss: 0.1924

Epoch 00026: val_loss improved from 0.19651 to 0.19235, saving model to lstm_autoencoder_2019-12-19_08-29-36.h5
Epoch 27/250
 - 61s - loss: 0.1993 - val_loss: 0.2050

Epoch 00027: val_loss did not improve from 0.19235
Epoch 28/250
 - 61s - loss: 0.2003 - val_loss: 0.1966

Epoch 00028: val_loss did not improve from 0.19235
Epoch 29/250
 - 61s - loss: 0.1987 - val_loss: 0.1940

Epoch 00029: val_loss did not improve from 0.19235
Epoch 30/250
 - 61s - loss: 0.1939 - val_loss: 0.1936

Epoch 00030: val_loss did not improve from 0.19235
Epoch 31/250
 - 61s - loss: 0.1987 - val_loss: 0.1878

Epoch 00031: val_loss improved from 0.19235 to 0.18777, saving model to lstm_autoencoder_2019-12-19_08-29-36.h5
Epoch 32/250
 - 61s - loss: 0.1954 - val_loss: 0.1848

Epoch 00032: val_loss improved from 0.18777 to 0.18479, saving model to lstm_autoencoder_2019-12-19_08-29-36.h5
Epoch 33/250
 - 61s - loss: 0.1909 - val_loss: 0.1847

Epoch 00033: val_loss improved from 0.18479 to 0.18466, saving model to lstm_autoencoder_2019-12-19_08-29-36.h5
Epoch 34/250
 - 61s - loss: 0.1909 - val_loss: 0.1914

Epoch 00034: val_loss did not improve from 0.18466
Epoch 35/250
 - 62s - loss: 0.1914 - val_loss: 0.1881

Epoch 00035: val_loss did not improve from 0.18466
Epoch 36/250
 - 61s - loss: 0.1934 - val_loss: 0.1831

Epoch 00036: val_loss improved from 0.18466 to 0.18309, saving model to lstm_autoencoder_2019-12-19_08-29-36.h5
Epoch 37/250
 - 61s - loss: 0.1864 - val_loss: 0.1815

Epoch 00037: val_loss improved from 0.18309 to 0.18153, saving model to lstm_autoencoder_2019-12-19_08-29-36.h5
Epoch 38/250
 - 61s - loss: 0.1872 - val_loss: 0.1798

Epoch 00038: val_loss improved from 0.18153 to 0.17979, saving model to lstm_autoencoder_2019-12-19_08-29-36.h5
Epoch 39/250
 - 61s - loss: 0.1892 - val_loss: 0.2001

Epoch 00039: val_loss did not improve from 0.17979
Epoch 40/250
 - 61s - loss: 0.1881 - val_loss: 0.1814

Epoch 00040: val_loss did not improve from 0.17979
Epoch 41/250
 - 61s - loss: 0.1879 - val_loss: 0.1813

Epoch 00041: val_loss did not improve from 0.17979
Epoch 42/250
 - 61s - loss: 0.1818 - val_loss: 0.1796

Epoch 00042: val_loss improved from 0.17979 to 0.17960, saving model to lstm_autoencoder_2019-12-19_08-29-36.h5
Epoch 43/250
 - 61s - loss: 0.1820 - val_loss: 0.1808

Epoch 00043: val_loss did not improve from 0.17960
Epoch 44/250
 - 61s - loss: 0.1856 - val_loss: 0.1968

Epoch 00044: val_loss did not improve from 0.17960
Epoch 45/250
 - 61s - loss: 0.1872 - val_loss: 0.1744

Epoch 00045: val_loss improved from 0.17960 to 0.17435, saving model to lstm_autoencoder_2019-12-19_08-29-36.h5
Epoch 46/250
 - 62s - loss: 0.1827 - val_loss: 0.1824

Epoch 00046: val_loss did not improve from 0.17435
Epoch 47/250
 - 61s - loss: 0.1819 - val_loss: 0.1760

Epoch 00047: val_loss did not improve from 0.17435
Epoch 48/250
 - 61s - loss: 0.1770 - val_loss: 0.1785

Epoch 00048: val_loss did not improve from 0.17435
Epoch 49/250
 - 61s - loss: 0.1817 - val_loss: 0.1743

Epoch 00049: val_loss improved from 0.17435 to 0.17433, saving model to lstm_autoencoder_2019-12-19_08-29-36.h5
Epoch 50/250
 - 61s - loss: 0.1802 - val_loss: 0.1731

Epoch 00050: val_loss improved from 0.17433 to 0.17313, saving model to lstm_autoencoder_2019-12-19_08-29-36.h5
Epoch 51/250
 - 61s - loss: 0.1803 - val_loss: 0.1777

Epoch 00051: val_loss did not improve from 0.17313
Epoch 52/250
 - 61s - loss: 0.1783 - val_loss: 0.1705

Epoch 00052: val_loss improved from 0.17313 to 0.17046, saving model to lstm_autoencoder_2019-12-19_08-29-36.h5
Epoch 53/250
 - 61s - loss: 0.1751 - val_loss: 0.1706

Epoch 00053: val_loss did not improve from 0.17046
Epoch 54/250
 - 61s - loss: 0.1795 - val_loss: 0.1715

Epoch 00054: val_loss did not improve from 0.17046
Epoch 55/250
 - 61s - loss: 0.1730 - val_loss: 0.1741

Epoch 00055: val_loss did not improve from 0.17046
Epoch 56/250
 - 61s - loss: 0.1787 - val_loss: 0.1723

Epoch 00056: val_loss did not improve from 0.17046
Epoch 57/250
 - 61s - loss: 0.1735 - val_loss: 0.1719

Epoch 00057: val_loss did not improve from 0.17046
Epoch 58/250
 - 61s - loss: 0.1726 - val_loss: 0.1700

Epoch 00058: val_loss improved from 0.17046 to 0.17001, saving model to lstm_autoencoder_2019-12-19_08-29-36.h5
Epoch 59/250
 - 61s - loss: 0.1729 - val_loss: 0.1705

Epoch 00059: val_loss did not improve from 0.17001
Epoch 60/250
 - 61s - loss: 0.1748 - val_loss: 0.1692

Epoch 00060: val_loss improved from 0.17001 to 0.16916, saving model to lstm_autoencoder_2019-12-19_08-29-36.h5
Epoch 61/250
 - 61s - loss: 0.1734 - val_loss: 0.1678

Epoch 00061: val_loss improved from 0.16916 to 0.16782, saving model to lstm_autoencoder_2019-12-19_08-29-36.h5
Epoch 62/250
 - 61s - loss: 0.1709 - val_loss: 0.1893

Epoch 00062: val_loss did not improve from 0.16782
Epoch 63/250
 - 61s - loss: 0.1720 - val_loss: 0.1801

Epoch 00063: val_loss did not improve from 0.16782
Epoch 64/250
 - 61s - loss: 0.1694 - val_loss: 0.1680

Epoch 00064: val_loss did not improve from 0.16782
Epoch 65/250
 - 61s - loss: 0.1702 - val_loss: 0.1689

Epoch 00065: val_loss did not improve from 0.16782
Epoch 66/250
 - 61s - loss: 0.1706 - val_loss: 0.1686

Epoch 00066: val_loss did not improve from 0.16782
Epoch 67/250
 - 62s - loss: 0.1678 - val_loss: 0.1663

Epoch 00067: val_loss improved from 0.16782 to 0.16632, saving model to lstm_autoencoder_2019-12-19_08-29-36.h5
Epoch 68/250
 - 61s - loss: 0.1681 - val_loss: 0.1665

Epoch 00068: val_loss did not improve from 0.16632
Epoch 69/250
 - 61s - loss: 0.1719 - val_loss: 0.1660

Epoch 00069: val_loss improved from 0.16632 to 0.16602, saving model to lstm_autoencoder_2019-12-19_08-29-36.h5
Epoch 70/250
 - 61s - loss: 0.1697 - val_loss: 0.1645

Epoch 00070: val_loss improved from 0.16602 to 0.16450, saving model to lstm_autoencoder_2019-12-19_08-29-36.h5
Epoch 71/250
 - 61s - loss: 0.1693 - val_loss: 0.1634

Epoch 00071: val_loss improved from 0.16450 to 0.16343, saving model to lstm_autoencoder_2019-12-19_08-29-36.h5
Epoch 72/250
 - 61s - loss: 0.1681 - val_loss: 0.1638

Epoch 00072: val_loss did not improve from 0.16343
Epoch 73/250
 - 62s - loss: 0.1663 - val_loss: 0.1608

Epoch 00073: val_loss improved from 0.16343 to 0.16085, saving model to lstm_autoencoder_2019-12-19_08-29-36.h5
Epoch 74/250
 - 61s - loss: 0.1634 - val_loss: 0.1733

Epoch 00074: val_loss did not improve from 0.16085
Epoch 75/250
 - 61s - loss: 0.1652 - val_loss: 0.1701

Epoch 00075: val_loss did not improve from 0.16085
Epoch 76/250
 - 61s - loss: 0.1689 - val_loss: 0.1736

Epoch 00076: val_loss did not improve from 0.16085
Epoch 77/250
 - 61s - loss: 0.1658 - val_loss: 0.1713

Epoch 00077: val_loss did not improve from 0.16085
Epoch 78/250
 - 61s - loss: 0.1645 - val_loss: 0.1603

Epoch 00078: val_loss improved from 0.16085 to 0.16025, saving model to lstm_autoencoder_2019-12-19_08-29-36.h5
Epoch 79/250
 - 61s - loss: 0.1606 - val_loss: 0.1628

Epoch 00079: val_loss did not improve from 0.16025
Epoch 80/250
 - 61s - loss: 0.1686 - val_loss: 0.1692

Epoch 00080: val_loss did not improve from 0.16025
Epoch 81/250
 - 61s - loss: 0.1621 - val_loss: 0.1605

Epoch 00081: val_loss did not improve from 0.16025
Epoch 82/250
 - 61s - loss: 0.1589 - val_loss: 0.1607

Epoch 00082: val_loss did not improve from 0.16025
Epoch 83/250
 - 61s - loss: 0.1606 - val_loss: 0.1597

Epoch 00083: val_loss improved from 0.16025 to 0.15975, saving model to lstm_autoencoder_2019-12-19_08-29-36.h5
Epoch 84/250
 - 61s - loss: 0.1629 - val_loss: 0.1651

Epoch 00084: val_loss did not improve from 0.15975
Epoch 85/250
 - 61s - loss: 0.1645 - val_loss: 0.1591

Epoch 00085: val_loss improved from 0.15975 to 0.15910, saving model to lstm_autoencoder_2019-12-19_08-29-36.h5
Epoch 86/250
 - 61s - loss: 0.1617 - val_loss: 0.1598

Epoch 00086: val_loss did not improve from 0.15910
Epoch 87/250
 - 61s - loss: 0.1584 - val_loss: 0.1596

Epoch 00087: val_loss did not improve from 0.15910
Epoch 88/250
 - 61s - loss: 0.1572 - val_loss: 0.1557

Epoch 00088: val_loss improved from 0.15910 to 0.15566, saving model to lstm_autoencoder_2019-12-19_08-29-36.h5
Epoch 89/250
 - 62s - loss: 0.1559 - val_loss: 0.1679

Epoch 00089: val_loss did not improve from 0.15566
Epoch 90/250
 - 61s - loss: 0.1560 - val_loss: 0.1581

Epoch 00090: val_loss did not improve from 0.15566
Epoch 91/250
 - 61s - loss: 0.1594 - val_loss: 0.1628

Epoch 00091: val_loss did not improve from 0.15566
Epoch 92/250
 - 61s - loss: 0.1597 - val_loss: 0.1532

Epoch 00092: val_loss improved from 0.15566 to 0.15317, saving model to lstm_autoencoder_2019-12-19_08-29-36.h5
Epoch 93/250
 - 61s - loss: 0.1565 - val_loss: 0.1514

Epoch 00093: val_loss improved from 0.15317 to 0.15145, saving model to lstm_autoencoder_2019-12-19_08-29-36.h5
Epoch 94/250
 - 61s - loss: 0.1544 - val_loss: 0.1525

Epoch 00094: val_loss did not improve from 0.15145
Epoch 95/250
 - 61s - loss: 0.1582 - val_loss: 0.1541

Epoch 00095: val_loss did not improve from 0.15145
Epoch 96/250
 - 61s - loss: 0.1517 - val_loss: 0.1546

Epoch 00096: val_loss did not improve from 0.15145
Epoch 97/250
 - 61s - loss: 0.1526 - val_loss: 0.1548

Epoch 00097: val_loss did not improve from 0.15145
Epoch 98/250
 - 61s - loss: 0.1522 - val_loss: 0.1549

Epoch 00098: val_loss did not improve from 0.15145
Epoch 99/250
 - 61s - loss: 0.1537 - val_loss: 0.1521

Epoch 00099: val_loss did not improve from 0.15145
Epoch 100/250
 - 62s - loss: 0.1599 - val_loss: 0.1510

Epoch 00100: val_loss improved from 0.15145 to 0.15102, saving model to lstm_autoencoder_2019-12-19_08-29-36.h5
Epoch 101/250
 - 62s - loss: 0.1539 - val_loss: 0.1485

Epoch 00101: val_loss improved from 0.15102 to 0.14845, saving model to lstm_autoencoder_2019-12-19_08-29-36.h5
Epoch 102/250
 - 61s - loss: 0.1577 - val_loss: 0.1542

Epoch 00102: val_loss did not improve from 0.14845
Epoch 103/250
 - 61s - loss: 0.1498 - val_loss: 0.1506

Epoch 00103: val_loss did not improve from 0.14845
Epoch 104/250
 - 61s - loss: 0.1539 - val_loss: 0.1470

Epoch 00104: val_loss improved from 0.14845 to 0.14699, saving model to lstm_autoencoder_2019-12-19_08-29-36.h5
Epoch 105/250
 - 61s - loss: 0.1524 - val_loss: 0.1519

Epoch 00105: val_loss did not improve from 0.14699
Epoch 106/250
 - 61s - loss: 0.1495 - val_loss: 0.1478

Epoch 00106: val_loss did not improve from 0.14699
Epoch 107/250
 - 61s - loss: 0.1507 - val_loss: 0.1547

Epoch 00107: val_loss did not improve from 0.14699
Epoch 108/250
 - 61s - loss: 0.1529 - val_loss: 0.1493

Epoch 00108: val_loss did not improve from 0.14699
Epoch 109/250
 - 61s - loss: 0.1504 - val_loss: 0.1452

Epoch 00109: val_loss improved from 0.14699 to 0.14523, saving model to lstm_autoencoder_2019-12-19_08-29-36.h5
Epoch 110/250
 - 61s - loss: 0.1484 - val_loss: 0.1472

Epoch 00110: val_loss did not improve from 0.14523
Epoch 111/250
 - 61s - loss: 0.1517 - val_loss: 0.1508

Epoch 00111: val_loss did not improve from 0.14523
Epoch 112/250
 - 61s - loss: 0.1485 - val_loss: 0.1534

Epoch 00112: val_loss did not improve from 0.14523
Epoch 113/250
 - 62s - loss: 0.1484 - val_loss: 0.1453

Epoch 00113: val_loss did not improve from 0.14523
Epoch 114/250
 - 61s - loss: 0.1480 - val_loss: 0.1503

Epoch 00114: val_loss did not improve from 0.14523
Epoch 115/250
 - 61s - loss: 0.1472 - val_loss: 0.1457

Epoch 00115: val_loss did not improve from 0.14523
Epoch 116/250
 - 61s - loss: 0.1467 - val_loss: 0.1492

Epoch 00116: val_loss did not improve from 0.14523
Epoch 117/250
 - 61s - loss: 0.1491 - val_loss: 0.1558

Epoch 00117: val_loss did not improve from 0.14523
Epoch 118/250
 - 61s - loss: 0.1550 - val_loss: 0.1449

Epoch 00118: val_loss improved from 0.14523 to 0.14485, saving model to lstm_autoencoder_2019-12-19_08-29-36.h5
Epoch 119/250
 - 61s - loss: 0.1462 - val_loss: 0.1442

Epoch 00119: val_loss improved from 0.14485 to 0.14422, saving model to lstm_autoencoder_2019-12-19_08-29-36.h5
Epoch 120/250
 - 61s - loss: 0.1485 - val_loss: 0.1431

Epoch 00120: val_loss improved from 0.14422 to 0.14310, saving model to lstm_autoencoder_2019-12-19_08-29-36.h5
Epoch 121/250
 - 61s - loss: 0.1439 - val_loss: 0.1590

Epoch 00121: val_loss did not improve from 0.14310
Epoch 122/250
 - 62s - loss: 0.1452 - val_loss: 0.1575

Epoch 00122: val_loss did not improve from 0.14310
Epoch 123/250
 - 61s - loss: 0.1499 - val_loss: 0.1462

Epoch 00123: val_loss did not improve from 0.14310
Epoch 124/250
 - 61s - loss: 0.1512 - val_loss: 0.1504

Epoch 00124: val_loss did not improve from 0.14310
Epoch 125/250
 - 62s - loss: 0.1447 - val_loss: 0.1436

Epoch 00125: val_loss did not improve from 0.14310
Epoch 126/250
 - 61s - loss: 0.1458 - val_loss: 0.1433

Epoch 00126: val_loss did not improve from 0.14310
Epoch 127/250
 - 61s - loss: 0.1461 - val_loss: 0.1555

Epoch 00127: val_loss did not improve from 0.14310
Epoch 128/250
 - 61s - loss: 0.1437 - val_loss: 0.1403

Epoch 00128: val_loss improved from 0.14310 to 0.14026, saving model to lstm_autoencoder_2019-12-19_08-29-36.h5
Epoch 129/250
 - 61s - loss: 0.1474 - val_loss: 0.1446

Epoch 00129: val_loss did not improve from 0.14026
Epoch 130/250
 - 61s - loss: 0.1440 - val_loss: 0.1567

Epoch 00130: val_loss did not improve from 0.14026
Epoch 131/250
 - 61s - loss: 0.1479 - val_loss: 0.1439

Epoch 00131: val_loss did not improve from 0.14026
Epoch 132/250
 - 61s - loss: 0.1439 - val_loss: 0.1467

Epoch 00132: val_loss did not improve from 0.14026
Epoch 133/250
 - 61s - loss: 0.1416 - val_loss: 0.1446

Epoch 00133: val_loss did not improve from 0.14026
Epoch 134/250
 - 62s - loss: 0.1413 - val_loss: 0.1415

Epoch 00134: val_loss did not improve from 0.14026
Epoch 135/250
 - 61s - loss: 0.1420 - val_loss: 0.1420

Epoch 00135: val_loss did not improve from 0.14026
Epoch 136/250
 - 61s - loss: 0.1448 - val_loss: 0.1438

Epoch 00136: val_loss did not improve from 0.14026
Epoch 137/250
 - 61s - loss: 0.1401 - val_loss: 0.1481

Epoch 00137: val_loss did not improve from 0.14026
Epoch 138/250
 - 61s - loss: 0.1454 - val_loss: 0.1462

Epoch 00138: val_loss did not improve from 0.14026
Epoch 139/250
 - 61s - loss: 0.1430 - val_loss: 0.1386

Epoch 00139: val_loss improved from 0.14026 to 0.13857, saving model to lstm_autoencoder_2019-12-19_08-29-36.h5
Epoch 140/250
 - 61s - loss: 0.1394 - val_loss: 0.1575

Epoch 00140: val_loss did not improve from 0.13857
Epoch 141/250
 - 61s - loss: 0.1414 - val_loss: 0.1377

Epoch 00141: val_loss improved from 0.13857 to 0.13768, saving model to lstm_autoencoder_2019-12-19_08-29-36.h5
Epoch 142/250
 - 61s - loss: 0.1369 - val_loss: 0.1501

Epoch 00142: val_loss did not improve from 0.13768
Epoch 143/250
 - 61s - loss: 0.1440 - val_loss: 0.1503

Epoch 00143: val_loss did not improve from 0.13768
Epoch 144/250
 - 62s - loss: 0.1388 - val_loss: 0.1439

Epoch 00144: val_loss did not improve from 0.13768
Epoch 145/250
 - 61s - loss: 0.1401 - val_loss: 0.1476

Epoch 00145: val_loss did not improve from 0.13768
Epoch 146/250
 - 61s - loss: 0.1439 - val_loss: 0.1508

Epoch 00146: val_loss did not improve from 0.13768
Epoch 147/250
 - 61s - loss: 0.1398 - val_loss: 0.1464

Epoch 00147: val_loss did not improve from 0.13768
Epoch 148/250
 - 61s - loss: 0.1376 - val_loss: 0.1419

Epoch 00148: val_loss did not improve from 0.13768
Epoch 149/250
 - 61s - loss: 0.1426 - val_loss: 0.1420

Epoch 00149: val_loss did not improve from 0.13768
Epoch 150/250
 - 61s - loss: 0.1416 - val_loss: 0.1425

Epoch 00150: val_loss did not improve from 0.13768
Epoch 151/250
 - 61s - loss: 0.1398 - val_loss: 0.1506

Epoch 00151: val_loss did not improve from 0.13768
Epoch 152/250
 - 61s - loss: 0.1388 - val_loss: 0.1583

Epoch 00152: val_loss did not improve from 0.13768
Epoch 153/250
 - 61s - loss: 0.1404 - val_loss: 0.1421

Epoch 00153: val_loss did not improve from 0.13768
Epoch 154/250
 - 62s - loss: 0.1384 - val_loss: 0.1378

Epoch 00154: val_loss did not improve from 0.13768
Epoch 155/250
 - 61s - loss: 0.1434 - val_loss: 0.1373

Epoch 00155: val_loss improved from 0.13768 to 0.13728, saving model to lstm_autoencoder_2019-12-19_08-29-36.h5
Epoch 156/250
 - 62s - loss: 0.1366 - val_loss: 0.1436

Epoch 00156: val_loss did not improve from 0.13728
Epoch 157/250
 - 62s - loss: 0.1371 - val_loss: 0.1388

Epoch 00157: val_loss did not improve from 0.13728
Epoch 158/250
 - 62s - loss: 0.1379 - val_loss: 0.1518

Epoch 00158: val_loss did not improve from 0.13728
Epoch 159/250
 - 61s - loss: 0.1398 - val_loss: 0.1469

Epoch 00159: val_loss did not improve from 0.13728
Epoch 160/250
 - 61s - loss: 0.1391 - val_loss: 0.1386

Epoch 00160: val_loss did not improve from 0.13728
Epoch 161/250
 - 61s - loss: 0.1355 - val_loss: 0.1355

Epoch 00161: val_loss improved from 0.13728 to 0.13547, saving model to lstm_autoencoder_2019-12-19_08-29-36.h5
Epoch 162/250
 - 61s - loss: 0.1396 - val_loss: 0.1434

Epoch 00162: val_loss did not improve from 0.13547
Epoch 163/250
 - 61s - loss: 0.1359 - val_loss: 0.1538

Epoch 00163: val_loss did not improve from 0.13547
Epoch 164/250
 - 61s - loss: 0.1366 - val_loss: 0.1420

Epoch 00164: val_loss did not improve from 0.13547
Epoch 165/250
 - 61s - loss: 0.1346 - val_loss: 0.1326

Epoch 00165: val_loss improved from 0.13547 to 0.13265, saving model to lstm_autoencoder_2019-12-19_08-29-36.h5
Epoch 166/250
 - 61s - loss: 0.1386 - val_loss: 0.1434

Epoch 00166: val_loss did not improve from 0.13265
Epoch 167/250
 - 61s - loss: 0.1364 - val_loss: 0.1349

Epoch 00167: val_loss did not improve from 0.13265
Epoch 168/250
 - 61s - loss: 0.1421 - val_loss: 0.1378

Epoch 00168: val_loss did not improve from 0.13265
Epoch 169/250
 - 61s - loss: 0.1366 - val_loss: 0.1355

Epoch 00169: val_loss did not improve from 0.13265
Epoch 170/250
 - 61s - loss: 0.1371 - val_loss: 0.1377

Epoch 00170: val_loss did not improve from 0.13265
Epoch 171/250
 - 62s - loss: 0.1370 - val_loss: 0.1388

Epoch 00171: val_loss did not improve from 0.13265
Epoch 172/250
 - 61s - loss: 0.1371 - val_loss: 0.1456

Epoch 00172: val_loss did not improve from 0.13265
Epoch 173/250
 - 61s - loss: 0.1399 - val_loss: 0.1364

Epoch 00173: val_loss did not improve from 0.13265
Epoch 174/250
 - 61s - loss: 0.1366 - val_loss: 0.1456

Epoch 00174: val_loss did not improve from 0.13265
Epoch 175/250
 - 61s - loss: 0.1357 - val_loss: 0.1369

Epoch 00175: val_loss did not improve from 0.13265
Epoch 176/250
 - 61s - loss: 0.1349 - val_loss: 0.1362

Epoch 00176: val_loss did not improve from 0.13265
Epoch 177/250
 - 61s - loss: 0.1373 - val_loss: 0.1365

Epoch 00177: val_loss did not improve from 0.13265
Epoch 178/250
 - 61s - loss: 0.1352 - val_loss: 0.1357

Epoch 00178: val_loss did not improve from 0.13265
Epoch 179/250
 - 61s - loss: 0.1323 - val_loss: 0.1365

Epoch 00179: val_loss did not improve from 0.13265
Epoch 180/250
 - 61s - loss: 0.1340 - val_loss: 0.1394

Epoch 00180: val_loss did not improve from 0.13265
Epoch 181/250
 - 61s - loss: 0.1309 - val_loss: 0.1380

Epoch 00181: val_loss did not improve from 0.13265
Epoch 182/250
 - 61s - loss: 0.1376 - val_loss: 0.1394

Epoch 00182: val_loss did not improve from 0.13265
Epoch 183/250
 - 61s - loss: 0.1317 - val_loss: 0.1352

Epoch 00183: val_loss did not improve from 0.13265
Epoch 184/250
 - 61s - loss: 0.1369 - val_loss: 0.1519

Epoch 00184: val_loss did not improve from 0.13265
Epoch 185/250
 - 61s - loss: 0.1345 - val_loss: 0.1332

Epoch 00185: val_loss did not improve from 0.13265
Epoch 186/250
 - 61s - loss: 0.1351 - val_loss: 0.1346

Epoch 00186: val_loss did not improve from 0.13265
Epoch 187/250
 - 61s - loss: 0.1339 - val_loss: 0.1378

Epoch 00187: val_loss did not improve from 0.13265
Epoch 188/250
 - 61s - loss: 0.1371 - val_loss: 0.1484

Epoch 00188: val_loss did not improve from 0.13265
Epoch 189/250
 - 61s - loss: 0.1334 - val_loss: 0.1338

Epoch 00189: val_loss did not improve from 0.13265
Epoch 190/250
 - 61s - loss: 0.1336 - val_loss: 0.1397

Epoch 00190: val_loss did not improve from 0.13265
Epoch 191/250
 - 61s - loss: 0.1302 - val_loss: 0.1394

Epoch 00191: val_loss did not improve from 0.13265
Epoch 192/250
 - 61s - loss: 0.1313 - val_loss: 0.1322

Epoch 00192: val_loss improved from 0.13265 to 0.13224, saving model to lstm_autoencoder_2019-12-19_08-29-36.h5
Epoch 193/250
 - 61s - loss: 0.1303 - val_loss: 0.1393

Epoch 00193: val_loss did not improve from 0.13224
Epoch 194/250
 - 62s - loss: 0.1359 - val_loss: 0.1439

Epoch 00194: val_loss did not improve from 0.13224
Epoch 195/250
 - 61s - loss: 0.1294 - val_loss: 0.1346

Epoch 00195: val_loss did not improve from 0.13224
Epoch 196/250
 - 61s - loss: 0.1280 - val_loss: 0.1287

Epoch 00196: val_loss improved from 0.13224 to 0.12870, saving model to lstm_autoencoder_2019-12-19_08-29-36.h5
Epoch 197/250
 - 61s - loss: 0.1333 - val_loss: 0.1451

Epoch 00197: val_loss did not improve from 0.12870
Epoch 198/250
 - 61s - loss: 0.1347 - val_loss: 0.1423

Epoch 00198: val_loss did not improve from 0.12870
Epoch 199/250
 - 61s - loss: 0.1301 - val_loss: 0.1279

Epoch 00199: val_loss improved from 0.12870 to 0.12792, saving model to lstm_autoencoder_2019-12-19_08-29-36.h5
Epoch 200/250
 - 61s - loss: 0.1346 - val_loss: 0.1365

Epoch 00200: val_loss did not improve from 0.12792
Epoch 201/250
 - 61s - loss: 0.1309 - val_loss: 0.1441

Epoch 00201: val_loss did not improve from 0.12792
Epoch 202/250
 - 61s - loss: 0.1328 - val_loss: 0.1394

Epoch 00202: val_loss did not improve from 0.12792
Epoch 203/250
 - 61s - loss: 0.1348 - val_loss: 0.1387

Epoch 00203: val_loss did not improve from 0.12792
Epoch 204/250
 - 61s - loss: 0.1285 - val_loss: 0.1280

Epoch 00204: val_loss did not improve from 0.12792
Epoch 205/250
 - 61s - loss: 0.1285 - val_loss: 0.1367

Epoch 00205: val_loss did not improve from 0.12792
Epoch 206/250
 - 61s - loss: 0.1308 - val_loss: 0.1279

Epoch 00206: val_loss improved from 0.12792 to 0.12791, saving model to lstm_autoencoder_2019-12-19_08-29-36.h5
Epoch 207/250
 - 61s - loss: 0.1312 - val_loss: 0.1286

Epoch 00207: val_loss did not improve from 0.12791
Epoch 208/250
 - 61s - loss: 0.1292 - val_loss: 0.1309

Epoch 00208: val_loss did not improve from 0.12791
Epoch 209/250
 - 61s - loss: 0.1288 - val_loss: 0.1288

Epoch 00209: val_loss did not improve from 0.12791
Epoch 210/250
 - 61s - loss: 0.1283 - val_loss: 0.1358

Epoch 00210: val_loss did not improve from 0.12791
Epoch 211/250
 - 61s - loss: 0.1365 - val_loss: 0.1430

Epoch 00211: val_loss did not improve from 0.12791
Epoch 212/250
 - 61s - loss: 0.1304 - val_loss: 0.1420

Epoch 00212: val_loss did not improve from 0.12791
Epoch 213/250
 - 61s - loss: 0.1274 - val_loss: 0.1284

Epoch 00213: val_loss did not improve from 0.12791
Epoch 214/250
 - 61s - loss: 0.1285 - val_loss: 0.1406

Epoch 00214: val_loss did not improve from 0.12791
Epoch 215/250
 - 61s - loss: 0.1317 - val_loss: 0.1317

Epoch 00215: val_loss did not improve from 0.12791
Epoch 216/250
 - 61s - loss: 0.1296 - val_loss: 0.1369

Epoch 00216: val_loss did not improve from 0.12791
Epoch 217/250
 - 61s - loss: 0.1277 - val_loss: 0.1278

Epoch 00217: val_loss improved from 0.12791 to 0.12775, saving model to lstm_autoencoder_2019-12-19_08-29-36.h5
Epoch 218/250
 - 61s - loss: 0.1267 - val_loss: 0.1323

Epoch 00218: val_loss did not improve from 0.12775
Epoch 219/250
 - 61s - loss: 0.1295 - val_loss: 0.1323

Epoch 00219: val_loss did not improve from 0.12775
Epoch 220/250
 - 61s - loss: 0.1307 - val_loss: 0.1409

Epoch 00220: val_loss did not improve from 0.12775
Epoch 221/250
 - 61s - loss: 0.1249 - val_loss: 0.1460

Epoch 00221: val_loss did not improve from 0.12775
Epoch 222/250
 - 61s - loss: 0.1319 - val_loss: 0.1269

Epoch 00222: val_loss improved from 0.12775 to 0.12694, saving model to lstm_autoencoder_2019-12-19_08-29-36.h5
Epoch 223/250
 - 62s - loss: 0.1284 - val_loss: 0.1392

Epoch 00223: val_loss did not improve from 0.12694
Epoch 224/250
 - 61s - loss: 0.1305 - val_loss: 0.1233

Epoch 00224: val_loss improved from 0.12694 to 0.12328, saving model to lstm_autoencoder_2019-12-19_08-29-36.h5
Epoch 225/250
 - 61s - loss: 0.1236 - val_loss: 0.1260

Epoch 00225: val_loss did not improve from 0.12328
Epoch 226/250
 - 61s - loss: 0.1251 - val_loss: 0.1363

Epoch 00226: val_loss did not improve from 0.12328
Epoch 227/250
 - 61s - loss: 0.1266 - val_loss: 0.1252

Epoch 00227: val_loss did not improve from 0.12328
Epoch 228/250
 - 61s - loss: 0.1276 - val_loss: 0.1375

Epoch 00228: val_loss did not improve from 0.12328
Epoch 229/250
 - 61s - loss: 0.1263 - val_loss: 0.1223

Epoch 00229: val_loss improved from 0.12328 to 0.12228, saving model to lstm_autoencoder_2019-12-19_08-29-36.h5
Epoch 230/250
 - 61s - loss: 0.1276 - val_loss: 0.1325

Epoch 00230: val_loss did not improve from 0.12228
Epoch 231/250
 - 61s - loss: 0.1305 - val_loss: 0.1345

Epoch 00231: val_loss did not improve from 0.12228
Epoch 232/250
 - 61s - loss: 0.1268 - val_loss: 0.1400

Epoch 00232: val_loss did not improve from 0.12228
Epoch 233/250
 - 61s - loss: 0.1285 - val_loss: 0.1326

Epoch 00233: val_loss did not improve from 0.12228
Epoch 234/250
 - 61s - loss: 0.1274 - val_loss: 0.1399

Epoch 00234: val_loss did not improve from 0.12228
Epoch 235/250
 - 61s - loss: 0.1322 - val_loss: 0.1405

Epoch 00235: val_loss did not improve from 0.12228
Epoch 236/250
 - 61s - loss: 0.1274 - val_loss: 0.1363

Epoch 00236: val_loss did not improve from 0.12228
Epoch 237/250
 - 61s - loss: 0.1301 - val_loss: 0.1294

Epoch 00237: val_loss did not improve from 0.12228
Epoch 238/250
 - 61s - loss: 0.1271 - val_loss: 0.1366

Epoch 00238: val_loss did not improve from 0.12228
Epoch 239/250
 - 61s - loss: 0.1283 - val_loss: 0.1402

Epoch 00239: val_loss did not improve from 0.12228
Epoch 240/250
 - 61s - loss: 0.1271 - val_loss: 0.1324

Epoch 00240: val_loss did not improve from 0.12228
Epoch 241/250
 - 61s - loss: 0.1286 - val_loss: 0.1273

Epoch 00241: val_loss did not improve from 0.12228
Epoch 242/250
 - 61s - loss: 0.1272 - val_loss: 0.1228

Epoch 00242: val_loss did not improve from 0.12228
Epoch 243/250
 - 61s - loss: 0.1243 - val_loss: 0.1319

Epoch 00243: val_loss did not improve from 0.12228
Epoch 244/250
 - 61s - loss: 0.1236 - val_loss: 0.1304

Epoch 00244: val_loss did not improve from 0.12228
Epoch 245/250
 - 61s - loss: 0.1217 - val_loss: 0.1263

Epoch 00245: val_loss did not improve from 0.12228
Epoch 246/250
 - 62s - loss: 0.1230 - val_loss: 0.1392

Epoch 00246: val_loss did not improve from 0.12228
Epoch 247/250
 - 61s - loss: 0.1244 - val_loss: 0.1238

Epoch 00247: val_loss did not improve from 0.12228
Epoch 248/250
 - 61s - loss: 0.1239 - val_loss: 0.1408

Epoch 00248: val_loss did not improve from 0.12228
Epoch 249/250
 - 61s - loss: 0.1236 - val_loss: 0.1373

Epoch 00249: val_loss did not improve from 0.12228
Epoch 250/250
 - 61s - loss: 0.1257 - val_loss: 0.1202

Epoch 00250: val_loss improved from 0.12228 to 0.12022, saving model to lstm_autoencoder_2019-12-19_08-29-36.h5
