2019-12-18 18:14:17.455591: I tensorflow/core/platform/cpu_feature_guard.cc:141] Your CPU supports instructions that this TensorFlow binary was not compiled to use: SSE4.1 SSE4.2 AVX
2019-12-18 18:14:17.580316: I tensorflow/stream_executor/cuda/cuda_gpu_executor.cc:897] successful NUMA node read from SysFS had negative value (-1), but there must be at least one NUMA node, so returning NUMA node zero
2019-12-18 18:14:17.581522: I tensorflow/core/common_runtime/gpu/gpu_device.cc:1405] Found device 0 with properties: 
name: TITAN Xp major: 6 minor: 1 memoryClockRate(GHz): 1.582
pciBusID: 0000:01:00.0
totalMemory: 11.91GiB freeMemory: 11.73GiB
2019-12-18 18:14:17.581540: I tensorflow/core/common_runtime/gpu/gpu_device.cc:1484] Adding visible gpu devices: 0
2019-12-18 18:14:17.814885: I tensorflow/core/common_runtime/gpu/gpu_device.cc:965] Device interconnect StreamExecutor with strength 1 edge matrix:
2019-12-18 18:14:17.814930: I tensorflow/core/common_runtime/gpu/gpu_device.cc:971]      0 
2019-12-18 18:14:17.814938: I tensorflow/core/common_runtime/gpu/gpu_device.cc:984] 0:   N 
2019-12-18 18:14:17.815203: I tensorflow/core/common_runtime/gpu/gpu_device.cc:1097] Created TensorFlow device (/job:localhost/replica:0/task:0/device:GPU:0 with 11348 MB memory) -> physical GPU (device: 0, name: TITAN Xp, pci bus id: 0000:01:00.0, compute capability: 6.1)
2019-12-18 18:14:18.121597: I tensorflow/core/kernels/cuda_solvers.cc:159] Creating CudaSolver handles for stream 0x5647195b3330
Train on 32962 samples, validate on 1735 samples
Epoch 1/250
 - 53s - loss: 0.1194 - val_loss: 0.0959

Epoch 00001: val_loss improved from inf to 0.09590, saving model to lstm_autoencoder_2019-12-18_18-14-18.h5
Epoch 2/250
 - 51s - loss: 0.0969 - val_loss: 0.0973

Epoch 00002: val_loss did not improve from 0.09590
Epoch 3/250
 - 52s - loss: 0.0922 - val_loss: 0.1040

Epoch 00003: val_loss did not improve from 0.09590
Epoch 4/250
 - 52s - loss: 0.0901 - val_loss: 0.0996

Epoch 00004: val_loss did not improve from 0.09590
Epoch 5/250
 - 52s - loss: 0.0882 - val_loss: 0.0940

Epoch 00005: val_loss improved from 0.09590 to 0.09402, saving model to lstm_autoencoder_2019-12-18_18-14-18.h5
Epoch 6/250
 - 52s - loss: 0.0822 - val_loss: 0.0901

Epoch 00006: val_loss improved from 0.09402 to 0.09008, saving model to lstm_autoencoder_2019-12-18_18-14-18.h5
Epoch 7/250
 - 52s - loss: 0.0757 - val_loss: 0.0944

Epoch 00007: val_loss did not improve from 0.09008
Epoch 8/250
 - 52s - loss: 0.0821 - val_loss: 0.0922

Epoch 00008: val_loss did not improve from 0.09008
Epoch 9/250
 - 52s - loss: 0.0822 - val_loss: 0.0915

Epoch 00009: val_loss did not improve from 0.09008
Epoch 10/250
 - 52s - loss: 0.0811 - val_loss: 0.0908

Epoch 00010: val_loss did not improve from 0.09008
Epoch 11/250
 - 52s - loss: 0.0804 - val_loss: 0.0912

Epoch 00011: val_loss did not improve from 0.09008
Epoch 12/250
 - 52s - loss: 0.0761 - val_loss: 0.0932

Epoch 00012: val_loss did not improve from 0.09008
Epoch 13/250
 - 52s - loss: 0.0762 - val_loss: 0.0870

Epoch 00013: val_loss improved from 0.09008 to 0.08703, saving model to lstm_autoencoder_2019-12-18_18-14-18.h5
Epoch 14/250
 - 52s - loss: 0.0777 - val_loss: 0.1009

Epoch 00014: val_loss did not improve from 0.08703
Epoch 15/250
 - 52s - loss: 0.0772 - val_loss: 0.0894

Epoch 00015: val_loss did not improve from 0.08703
Epoch 16/250
 - 52s - loss: 0.0766 - val_loss: 0.0916

Epoch 00016: val_loss did not improve from 0.08703
Epoch 17/250
 - 52s - loss: 0.0768 - val_loss: 0.0898

Epoch 00017: val_loss did not improve from 0.08703
Epoch 18/250
 - 52s - loss: 0.0741 - val_loss: 0.0865

Epoch 00018: val_loss improved from 0.08703 to 0.08646, saving model to lstm_autoencoder_2019-12-18_18-14-18.h5
Epoch 19/250
 - 52s - loss: 0.0750 - val_loss: 0.0897

Epoch 00019: val_loss did not improve from 0.08646
Epoch 20/250
 - 52s - loss: 0.0747 - val_loss: 0.0916

Epoch 00020: val_loss did not improve from 0.08646
Epoch 21/250
 - 52s - loss: 0.0791 - val_loss: 0.0897

Epoch 00021: val_loss did not improve from 0.08646
Epoch 22/250
 - 52s - loss: 0.0742 - val_loss: 0.0877

Epoch 00022: val_loss did not improve from 0.08646
Epoch 23/250
 - 52s - loss: 0.0724 - val_loss: 0.0886

Epoch 00023: val_loss did not improve from 0.08646
Epoch 24/250
 - 52s - loss: 0.0738 - val_loss: 0.0897

Epoch 00024: val_loss did not improve from 0.08646
Epoch 25/250
 - 52s - loss: 0.0739 - val_loss: 0.0873

Epoch 00025: val_loss did not improve from 0.08646
Epoch 26/250
 - 52s - loss: 0.0728 - val_loss: 0.0882

Epoch 00026: val_loss did not improve from 0.08646
Epoch 27/250
 - 52s - loss: 0.0727 - val_loss: 0.0870

Epoch 00027: val_loss did not improve from 0.08646
Epoch 28/250
 - 52s - loss: 0.0718 - val_loss: 0.0868

Epoch 00028: val_loss did not improve from 0.08646
Epoch 29/250
 - 52s - loss: 0.0716 - val_loss: 0.0879

Epoch 00029: val_loss did not improve from 0.08646
Epoch 30/250
 - 52s - loss: 0.0717 - val_loss: 0.0901

Epoch 00030: val_loss did not improve from 0.08646
Epoch 31/250
 - 52s - loss: 0.0730 - val_loss: 0.0908

Epoch 00031: val_loss did not improve from 0.08646
Epoch 32/250
 - 52s - loss: 0.0715 - val_loss: 0.0868

Epoch 00032: val_loss did not improve from 0.08646
Epoch 33/250
 - 52s - loss: 0.0724 - val_loss: 0.0868

Epoch 00033: val_loss did not improve from 0.08646
Epoch 34/250
 - 52s - loss: 0.0718 - val_loss: 0.0879

Epoch 00034: val_loss did not improve from 0.08646
Epoch 35/250
 - 52s - loss: 0.0710 - val_loss: 0.0875

Epoch 00035: val_loss did not improve from 0.08646
Epoch 36/250
 - 52s - loss: 0.0711 - val_loss: 0.0874

Epoch 00036: val_loss did not improve from 0.08646
Epoch 37/250
 - 52s - loss: 0.0709 - val_loss: 0.0881

Epoch 00037: val_loss did not improve from 0.08646
Epoch 38/250
 - 52s - loss: 0.0710 - val_loss: 0.0877

Epoch 00038: val_loss did not improve from 0.08646
Epoch 39/250
 - 52s - loss: 0.0725 - val_loss: 0.0871

Epoch 00039: val_loss did not improve from 0.08646
Epoch 40/250
 - 52s - loss: 0.0709 - val_loss: 0.0898

Epoch 00040: val_loss did not improve from 0.08646
Epoch 41/250
 - 52s - loss: 0.0715 - val_loss: 0.0894

Epoch 00041: val_loss did not improve from 0.08646
Epoch 42/250
 - 52s - loss: 0.0716 - val_loss: 0.0875

Epoch 00042: val_loss did not improve from 0.08646
Epoch 43/250
 - 52s - loss: 0.0709 - val_loss: 0.0878

Epoch 00043: val_loss did not improve from 0.08646
Epoch 44/250
 - 52s - loss: 0.0718 - val_loss: 0.0870

Epoch 00044: val_loss did not improve from 0.08646
Epoch 45/250
 - 52s - loss: 0.0705 - val_loss: 0.0868

Epoch 00045: val_loss did not improve from 0.08646
Epoch 46/250
 - 52s - loss: 0.0704 - val_loss: 0.0881

Epoch 00046: val_loss did not improve from 0.08646
Epoch 47/250
 - 52s - loss: 0.0703 - val_loss: 0.0869

Epoch 00047: val_loss did not improve from 0.08646
Epoch 48/250
 - 52s - loss: 0.0704 - val_loss: 0.0880

Epoch 00048: val_loss did not improve from 0.08646
Epoch 00048: early stopping
