2019-12-20 16:22:03.246270: I tensorflow/core/platform/cpu_feature_guard.cc:141] Your CPU supports instructions that this TensorFlow binary was not compiled to use: SSE4.1 SSE4.2 AVX
2019-12-20 16:22:03.374692: I tensorflow/stream_executor/cuda/cuda_gpu_executor.cc:897] successful NUMA node read from SysFS had negative value (-1), but there must be at least one NUMA node, so returning NUMA node zero
2019-12-20 16:22:03.375640: I tensorflow/core/common_runtime/gpu/gpu_device.cc:1405] Found device 0 with properties: 
name: TITAN Xp major: 6 minor: 1 memoryClockRate(GHz): 1.582
pciBusID: 0000:01:00.0
totalMemory: 11.91GiB freeMemory: 11.73GiB
2019-12-20 16:22:03.375657: I tensorflow/core/common_runtime/gpu/gpu_device.cc:1484] Adding visible gpu devices: 0
2019-12-20 16:22:03.607843: I tensorflow/core/common_runtime/gpu/gpu_device.cc:965] Device interconnect StreamExecutor with strength 1 edge matrix:
2019-12-20 16:22:03.607889: I tensorflow/core/common_runtime/gpu/gpu_device.cc:971]      0 
2019-12-20 16:22:03.607898: I tensorflow/core/common_runtime/gpu/gpu_device.cc:984] 0:   N 
2019-12-20 16:22:03.608170: I tensorflow/core/common_runtime/gpu/gpu_device.cc:1097] Created TensorFlow device (/job:localhost/replica:0/task:0/device:GPU:0 with 11348 MB memory) -> physical GPU (device: 0, name: TITAN Xp, pci bus id: 0000:01:00.0, compute capability: 6.1)
2019-12-20 16:22:03.792634: I tensorflow/core/kernels/cuda_solvers.cc:159] Creating CudaSolver handles for stream 0x55cf1bdce080
Train on 32962 samples, validate on 1735 samples
Epoch 1/250
 - 11s - loss: 0.1270 - val_loss: 0.1283

Epoch 00001: val_loss improved from inf to 0.12828, saving model to lstm_autoencoder_2019-12-20_16-22-04.h5
Epoch 2/250
 - 10s - loss: 0.1229 - val_loss: 0.1239

Epoch 00002: val_loss improved from 0.12828 to 0.12386, saving model to lstm_autoencoder_2019-12-20_16-22-04.h5
Epoch 3/250
 - 10s - loss: 0.1190 - val_loss: 0.1215

Epoch 00003: val_loss improved from 0.12386 to 0.12146, saving model to lstm_autoencoder_2019-12-20_16-22-04.h5
Epoch 4/250
 - 10s - loss: 0.1199 - val_loss: 0.1219

Epoch 00004: val_loss did not improve from 0.12146
Epoch 5/250
 - 10s - loss: 0.1187 - val_loss: 0.1239

Epoch 00005: val_loss did not improve from 0.12146
Epoch 6/250
 - 10s - loss: 0.1165 - val_loss: 0.1188

Epoch 00006: val_loss improved from 0.12146 to 0.11879, saving model to lstm_autoencoder_2019-12-20_16-22-04.h5
Epoch 7/250
 - 10s - loss: 0.1163 - val_loss: 0.1211

Epoch 00007: val_loss did not improve from 0.11879
Epoch 8/250
 - 10s - loss: 0.1172 - val_loss: 0.1177

Epoch 00008: val_loss improved from 0.11879 to 0.11771, saving model to lstm_autoencoder_2019-12-20_16-22-04.h5
Epoch 9/250
 - 10s - loss: 0.1154 - val_loss: 0.1210

Epoch 00009: val_loss did not improve from 0.11771
Epoch 10/250
 - 10s - loss: 0.1143 - val_loss: 0.1176

Epoch 00010: val_loss improved from 0.11771 to 0.11763, saving model to lstm_autoencoder_2019-12-20_16-22-04.h5
Epoch 11/250
 - 10s - loss: 0.1156 - val_loss: 0.1198

Epoch 00011: val_loss did not improve from 0.11763
Epoch 12/250
 - 10s - loss: 0.1167 - val_loss: 0.1202

Epoch 00012: val_loss did not improve from 0.11763
Epoch 13/250
 - 10s - loss: 0.1143 - val_loss: 0.1194

Epoch 00013: val_loss did not improve from 0.11763
Epoch 14/250
 - 10s - loss: 0.1229 - val_loss: 0.1171

Epoch 00014: val_loss improved from 0.11763 to 0.11707, saving model to lstm_autoencoder_2019-12-20_16-22-04.h5
Epoch 15/250
 - 10s - loss: 0.1140 - val_loss: 0.1158

Epoch 00015: val_loss improved from 0.11707 to 0.11575, saving model to lstm_autoencoder_2019-12-20_16-22-04.h5
Epoch 16/250
 - 10s - loss: 0.1137 - val_loss: 0.1159

Epoch 00016: val_loss did not improve from 0.11575
Epoch 17/250
 - 10s - loss: 0.1132 - val_loss: 0.1197

Epoch 00017: val_loss did not improve from 0.11575
Epoch 18/250
 - 10s - loss: 0.1123 - val_loss: 0.1149

Epoch 00018: val_loss improved from 0.11575 to 0.11489, saving model to lstm_autoencoder_2019-12-20_16-22-04.h5
Epoch 19/250
 - 10s - loss: 0.1122 - val_loss: 0.1199

Epoch 00019: val_loss did not improve from 0.11489
Epoch 20/250
 - 10s - loss: 0.1150 - val_loss: 0.1185

Epoch 00020: val_loss did not improve from 0.11489
Epoch 21/250
 - 10s - loss: 0.1123 - val_loss: 0.1144

Epoch 00021: val_loss improved from 0.11489 to 0.11438, saving model to lstm_autoencoder_2019-12-20_16-22-04.h5
Epoch 22/250
 - 10s - loss: 0.1113 - val_loss: 0.1147

Epoch 00022: val_loss did not improve from 0.11438
Epoch 23/250
 - 10s - loss: 0.1132 - val_loss: 0.1160

Epoch 00023: val_loss did not improve from 0.11438
Epoch 24/250
 - 10s - loss: 0.1254 - val_loss: 0.1216

Epoch 00024: val_loss did not improve from 0.11438
Epoch 25/250
 - 10s - loss: 0.1168 - val_loss: 0.1174

Epoch 00025: val_loss did not improve from 0.11438
Epoch 26/250
 - 10s - loss: 0.1173 - val_loss: 0.1163

Epoch 00026: val_loss did not improve from 0.11438
Epoch 27/250
 - 10s - loss: 0.1132 - val_loss: 0.1187

Epoch 00027: val_loss did not improve from 0.11438
Epoch 28/250
 - 10s - loss: 0.1146 - val_loss: 0.1201

Epoch 00028: val_loss did not improve from 0.11438
Epoch 29/250
 - 10s - loss: 0.1129 - val_loss: 0.1208

Epoch 00029: val_loss did not improve from 0.11438
Epoch 30/250
 - 10s - loss: 0.1135 - val_loss: 0.1344

Epoch 00030: val_loss did not improve from 0.11438
Epoch 31/250
 - 10s - loss: 0.1151 - val_loss: 0.1161

Epoch 00031: val_loss did not improve from 0.11438
Epoch 32/250
 - 10s - loss: 0.1107 - val_loss: 0.1214

Epoch 00032: val_loss did not improve from 0.11438
Epoch 33/250
 - 10s - loss: 0.1149 - val_loss: 0.1159

Epoch 00033: val_loss did not improve from 0.11438
Epoch 34/250
 - 10s - loss: 0.1150 - val_loss: 0.1140

Epoch 00034: val_loss improved from 0.11438 to 0.11398, saving model to lstm_autoencoder_2019-12-20_16-22-04.h5
Epoch 35/250
 - 10s - loss: 0.1114 - val_loss: 0.1143

Epoch 00035: val_loss did not improve from 0.11398
Epoch 36/250
 - 10s - loss: 0.1145 - val_loss: 0.1166

Epoch 00036: val_loss did not improve from 0.11398
Epoch 37/250
 - 10s - loss: 0.1118 - val_loss: 0.1192

Epoch 00037: val_loss did not improve from 0.11398
Epoch 38/250
 - 10s - loss: 0.1108 - val_loss: 0.1142

Epoch 00038: val_loss did not improve from 0.11398
Epoch 39/250
 - 10s - loss: 0.1114 - val_loss: 0.1155

Epoch 00039: val_loss did not improve from 0.11398
Epoch 40/250
 - 10s - loss: 0.1127 - val_loss: 0.1162

Epoch 00040: val_loss did not improve from 0.11398
Epoch 41/250
 - 10s - loss: 0.1111 - val_loss: 0.1171

Epoch 00041: val_loss did not improve from 0.11398
Epoch 42/250
 - 10s - loss: 0.1126 - val_loss: 0.1191

Epoch 00042: val_loss did not improve from 0.11398
Epoch 43/250
 - 10s - loss: 0.1102 - val_loss: 0.1115

Epoch 00043: val_loss improved from 0.11398 to 0.11151, saving model to lstm_autoencoder_2019-12-20_16-22-04.h5
Epoch 44/250
 - 10s - loss: 0.1092 - val_loss: 0.1134

Epoch 00044: val_loss did not improve from 0.11151
Epoch 45/250
 - 10s - loss: 0.1103 - val_loss: 0.1119

Epoch 00045: val_loss did not improve from 0.11151
Epoch 46/250
 - 10s - loss: 0.1080 - val_loss: 0.1160

Epoch 00046: val_loss did not improve from 0.11151
Epoch 47/250
 - 10s - loss: 0.1099 - val_loss: 0.1184

Epoch 00047: val_loss did not improve from 0.11151
Epoch 48/250
 - 10s - loss: 0.1123 - val_loss: 0.1164

Epoch 00048: val_loss did not improve from 0.11151
Epoch 49/250
 - 10s - loss: 0.1107 - val_loss: 0.1117

Epoch 00049: val_loss did not improve from 0.11151
Epoch 50/250
 - 10s - loss: 0.1093 - val_loss: 0.1111

Epoch 00050: val_loss improved from 0.11151 to 0.11107, saving model to lstm_autoencoder_2019-12-20_16-22-04.h5
Epoch 51/250
 - 10s - loss: 0.1116 - val_loss: 0.1107

Epoch 00051: val_loss improved from 0.11107 to 0.11066, saving model to lstm_autoencoder_2019-12-20_16-22-04.h5
Epoch 52/250
 - 10s - loss: 0.1090 - val_loss: 0.1115

Epoch 00052: val_loss did not improve from 0.11066
Epoch 53/250
 - 10s - loss: 0.1085 - val_loss: 0.1151

Epoch 00053: val_loss did not improve from 0.11066
Epoch 54/250
 - 10s - loss: 0.1093 - val_loss: 0.1157

Epoch 00054: val_loss did not improve from 0.11066
Epoch 55/250
 - 10s - loss: 0.1106 - val_loss: 0.1139

Epoch 00055: val_loss did not improve from 0.11066
Epoch 56/250
 - 10s - loss: 0.1090 - val_loss: 0.1112

Epoch 00056: val_loss did not improve from 0.11066
Epoch 57/250
 - 10s - loss: 0.1061 - val_loss: 0.1099

Epoch 00057: val_loss improved from 0.11066 to 0.10993, saving model to lstm_autoencoder_2019-12-20_16-22-04.h5
Epoch 58/250
 - 10s - loss: 0.1084 - val_loss: 0.1153

Epoch 00058: val_loss did not improve from 0.10993
Epoch 59/250
 - 10s - loss: 0.1070 - val_loss: 0.1106

Epoch 00059: val_loss did not improve from 0.10993
Epoch 60/250
 - 10s - loss: 0.1075 - val_loss: 0.1165

Epoch 00060: val_loss did not improve from 0.10993
Epoch 61/250
 - 10s - loss: 0.1073 - val_loss: 0.1194

Epoch 00061: val_loss did not improve from 0.10993
Epoch 62/250
 - 10s - loss: 0.1145 - val_loss: 0.1132

Epoch 00062: val_loss did not improve from 0.10993
Epoch 63/250
 - 10s - loss: 0.1095 - val_loss: 0.1114

Epoch 00063: val_loss did not improve from 0.10993
Epoch 64/250
 - 10s - loss: 0.1068 - val_loss: 0.1114

Epoch 00064: val_loss did not improve from 0.10993
Epoch 65/250
 - 10s - loss: 0.1055 - val_loss: 0.1101

Epoch 00065: val_loss did not improve from 0.10993
Epoch 66/250
 - 10s - loss: 0.1068 - val_loss: 0.1132

Epoch 00066: val_loss did not improve from 0.10993
Epoch 67/250
 - 10s - loss: 0.1061 - val_loss: 0.1096

Epoch 00067: val_loss improved from 0.10993 to 0.10958, saving model to lstm_autoencoder_2019-12-20_16-22-04.h5
Epoch 68/250
 - 10s - loss: 0.1076 - val_loss: 0.1119

Epoch 00068: val_loss did not improve from 0.10958
Epoch 69/250
 - 10s - loss: 0.1134 - val_loss: 0.1175

Epoch 00069: val_loss did not improve from 0.10958
Epoch 70/250
 - 10s - loss: 0.1112 - val_loss: 0.1123

Epoch 00070: val_loss did not improve from 0.10958
Epoch 71/250
 - 10s - loss: 0.1154 - val_loss: 0.1489

Epoch 00071: val_loss did not improve from 0.10958
Epoch 72/250
 - 10s - loss: 0.1344 - val_loss: 0.1210

Epoch 00072: val_loss did not improve from 0.10958
Epoch 73/250
 - 10s - loss: 0.1162 - val_loss: 0.1182

Epoch 00073: val_loss did not improve from 0.10958
Epoch 74/250
 - 10s - loss: 0.1139 - val_loss: 0.1154

Epoch 00074: val_loss did not improve from 0.10958
Epoch 75/250
 - 10s - loss: 0.1145 - val_loss: 0.1180

Epoch 00075: val_loss did not improve from 0.10958
Epoch 76/250
 - 10s - loss: 0.1108 - val_loss: 0.1139

Epoch 00076: val_loss did not improve from 0.10958
Epoch 77/250
 - 10s - loss: 0.1087 - val_loss: 0.1287

Epoch 00077: val_loss did not improve from 0.10958
Epoch 78/250
 - 10s - loss: 0.1089 - val_loss: 0.1126

Epoch 00078: val_loss did not improve from 0.10958
Epoch 79/250
 - 10s - loss: 0.1084 - val_loss: 0.1121

Epoch 00079: val_loss did not improve from 0.10958
Epoch 80/250
 - 10s - loss: 0.1082 - val_loss: 0.1135

Epoch 00080: val_loss did not improve from 0.10958
Epoch 81/250
 - 10s - loss: 0.1111 - val_loss: 0.1210

Epoch 00081: val_loss did not improve from 0.10958
Epoch 82/250
 - 10s - loss: 0.1069 - val_loss: 0.1125

Epoch 00082: val_loss did not improve from 0.10958
Epoch 83/250
 - 10s - loss: 0.1102 - val_loss: 0.1132

Epoch 00083: val_loss did not improve from 0.10958
Epoch 84/250
 - 10s - loss: 0.1062 - val_loss: 0.1162

Epoch 00084: val_loss did not improve from 0.10958
Epoch 85/250
 - 10s - loss: 0.1098 - val_loss: 0.1150

Epoch 00085: val_loss did not improve from 0.10958
Epoch 86/250
 - 10s - loss: 0.1070 - val_loss: 0.1111

Epoch 00086: val_loss did not improve from 0.10958
Epoch 87/250
 - 10s - loss: 0.1074 - val_loss: 0.1116

Epoch 00087: val_loss did not improve from 0.10958
Epoch 88/250
 - 10s - loss: 0.1100 - val_loss: 0.1133

Epoch 00088: val_loss did not improve from 0.10958
Epoch 89/250
 - 10s - loss: 0.1096 - val_loss: 0.1126

Epoch 00089: val_loss did not improve from 0.10958
Epoch 90/250
 - 10s - loss: 0.1072 - val_loss: 0.1100

Epoch 00090: val_loss did not improve from 0.10958
Epoch 91/250
 - 10s - loss: 0.1136 - val_loss: 0.1144

Epoch 00091: val_loss did not improve from 0.10958
Epoch 92/250
 - 10s - loss: 0.1055 - val_loss: 0.1088

Epoch 00092: val_loss improved from 0.10958 to 0.10880, saving model to lstm_autoencoder_2019-12-20_16-22-04.h5
Epoch 93/250
 - 10s - loss: 0.1091 - val_loss: 0.1235

Epoch 00093: val_loss did not improve from 0.10880
Epoch 94/250
 - 10s - loss: 0.1094 - val_loss: 0.1154

Epoch 00094: val_loss did not improve from 0.10880
Epoch 95/250
 - 10s - loss: 0.1188 - val_loss: 0.1211

Epoch 00095: val_loss did not improve from 0.10880
Epoch 96/250
 - 10s - loss: 0.1440 - val_loss: 0.1654

Epoch 00096: val_loss did not improve from 0.10880
Epoch 97/250
 - 10s - loss: 0.2115 - val_loss: 0.2139

Epoch 00097: val_loss did not improve from 0.10880
Epoch 98/250
 - 10s - loss: 0.2056 - val_loss: 0.1952

Epoch 00098: val_loss did not improve from 0.10880
Epoch 99/250
 - 10s - loss: 0.1981 - val_loss: 0.2117

Epoch 00099: val_loss did not improve from 0.10880
Epoch 100/250
 - 10s - loss: 0.1946 - val_loss: 0.1869

Epoch 00100: val_loss did not improve from 0.10880
Epoch 101/250
 - 10s - loss: 0.1862 - val_loss: 0.1832

Epoch 00101: val_loss did not improve from 0.10880
Epoch 102/250
 - 10s - loss: 0.1829 - val_loss: 0.1809

Epoch 00102: val_loss did not improve from 0.10880
Epoch 103/250
 - 10s - loss: 0.1803 - val_loss: 0.1786

Epoch 00103: val_loss did not improve from 0.10880
Epoch 104/250
 - 10s - loss: 0.1783 - val_loss: 0.1770

Epoch 00104: val_loss did not improve from 0.10880
Epoch 105/250
 - 10s - loss: 0.1764 - val_loss: 0.1757

Epoch 00105: val_loss did not improve from 0.10880
Epoch 106/250
 - 10s - loss: 0.1747 - val_loss: 0.1747

Epoch 00106: val_loss did not improve from 0.10880
Epoch 107/250
 - 10s - loss: 0.1735 - val_loss: 0.1735

Epoch 00107: val_loss did not improve from 0.10880
Epoch 108/250
 - 10s - loss: 0.1720 - val_loss: 0.1724

Epoch 00108: val_loss did not improve from 0.10880
Epoch 109/250
 - 10s - loss: 0.1709 - val_loss: 0.1711

Epoch 00109: val_loss did not improve from 0.10880
Epoch 110/250
 - 10s - loss: 0.1697 - val_loss: 0.1707

Epoch 00110: val_loss did not improve from 0.10880
Epoch 111/250
 - 10s - loss: 0.1688 - val_loss: 0.1694

Epoch 00111: val_loss did not improve from 0.10880
Epoch 112/250
 - 10s - loss: 0.1681 - val_loss: 0.1697

Epoch 00112: val_loss did not improve from 0.10880
Epoch 113/250
 - 10s - loss: 0.1673 - val_loss: 0.1679

Epoch 00113: val_loss did not improve from 0.10880
Epoch 114/250
 - 10s - loss: 0.1665 - val_loss: 0.1667

Epoch 00114: val_loss did not improve from 0.10880
Epoch 115/250
 - 10s - loss: 0.1655 - val_loss: 0.1653

Epoch 00115: val_loss did not improve from 0.10880
Epoch 116/250
 - 10s - loss: 0.1645 - val_loss: 0.1650

Epoch 00116: val_loss did not improve from 0.10880
Epoch 117/250
 - 10s - loss: 0.1640 - val_loss: 0.1644

Epoch 00117: val_loss did not improve from 0.10880
Epoch 118/250
 - 10s - loss: 0.1635 - val_loss: 0.1644

Epoch 00118: val_loss did not improve from 0.10880
Epoch 119/250
 - 10s - loss: 0.1626 - val_loss: 0.1634

Epoch 00119: val_loss did not improve from 0.10880
Epoch 120/250
 - 10s - loss: 0.1623 - val_loss: 0.1633

Epoch 00120: val_loss did not improve from 0.10880
Epoch 121/250
 - 10s - loss: 0.1612 - val_loss: 0.1616

Epoch 00121: val_loss did not improve from 0.10880
Epoch 122/250
 - 10s - loss: 0.1610 - val_loss: 0.1609

Epoch 00122: val_loss did not improve from 0.10880
Epoch 00122: early stopping
