2019-12-20 18:36:24.202464: I tensorflow/core/platform/cpu_feature_guard.cc:141] Your CPU supports instructions that this TensorFlow binary was not compiled to use: SSE4.1 SSE4.2 AVX
2019-12-20 18:36:24.318639: I tensorflow/stream_executor/cuda/cuda_gpu_executor.cc:897] successful NUMA node read from SysFS had negative value (-1), but there must be at least one NUMA node, so returning NUMA node zero
2019-12-20 18:36:24.319194: I tensorflow/core/common_runtime/gpu/gpu_device.cc:1405] Found device 0 with properties: 
name: TITAN Xp major: 6 minor: 1 memoryClockRate(GHz): 1.582
pciBusID: 0000:01:00.0
totalMemory: 11.91GiB freeMemory: 11.73GiB
2019-12-20 18:36:24.319211: I tensorflow/core/common_runtime/gpu/gpu_device.cc:1484] Adding visible gpu devices: 0
2019-12-20 18:36:24.551910: I tensorflow/core/common_runtime/gpu/gpu_device.cc:965] Device interconnect StreamExecutor with strength 1 edge matrix:
2019-12-20 18:36:24.551955: I tensorflow/core/common_runtime/gpu/gpu_device.cc:971]      0 
2019-12-20 18:36:24.551964: I tensorflow/core/common_runtime/gpu/gpu_device.cc:984] 0:   N 
2019-12-20 18:36:24.552235: I tensorflow/core/common_runtime/gpu/gpu_device.cc:1097] Created TensorFlow device (/job:localhost/replica:0/task:0/device:GPU:0 with 11348 MB memory) -> physical GPU (device: 0, name: TITAN Xp, pci bus id: 0000:01:00.0, compute capability: 6.1)
2019-12-20 18:36:24.734393: I tensorflow/core/kernels/cuda_solvers.cc:159] Creating CudaSolver handles for stream 0x557d6fedb370
Train on 32962 samples, validate on 1735 samples
Epoch 1/250
 - 11s - loss: 0.1311 - val_loss: 0.1302

Epoch 00001: val_loss improved from inf to 0.13019, saving model to lstm_autoencoder_2019-12-20_18-36-25.h5
Epoch 2/250
 - 10s - loss: 0.1205 - val_loss: 0.1099

Epoch 00002: val_loss improved from 0.13019 to 0.10992, saving model to lstm_autoencoder_2019-12-20_18-36-25.h5
Epoch 3/250
 - 10s - loss: 0.1171 - val_loss: 0.1092

Epoch 00003: val_loss improved from 0.10992 to 0.10918, saving model to lstm_autoencoder_2019-12-20_18-36-25.h5
Epoch 4/250
 - 10s - loss: 0.1131 - val_loss: 0.1181

Epoch 00004: val_loss did not improve from 0.10918
Epoch 5/250
 - 10s - loss: 0.1159 - val_loss: 0.1179

Epoch 00005: val_loss did not improve from 0.10918
Epoch 6/250
 - 10s - loss: 0.1231 - val_loss: 0.1262

Epoch 00006: val_loss did not improve from 0.10918
Epoch 7/250
 - 10s - loss: 0.1275 - val_loss: 0.1229

Epoch 00007: val_loss did not improve from 0.10918
Epoch 8/250
 - 10s - loss: 0.1253 - val_loss: 0.1382

Epoch 00008: val_loss did not improve from 0.10918
Epoch 9/250
 - 10s - loss: 0.1237 - val_loss: 0.1231

Epoch 00009: val_loss did not improve from 0.10918
Epoch 10/250
 - 10s - loss: 0.1224 - val_loss: 0.1124

Epoch 00010: val_loss did not improve from 0.10918
Epoch 11/250
 - 10s - loss: 0.1209 - val_loss: 0.1368

Epoch 00011: val_loss did not improve from 0.10918
Epoch 12/250
 - 10s - loss: 0.1194 - val_loss: 0.1245

Epoch 00012: val_loss did not improve from 0.10918
Epoch 13/250
 - 10s - loss: 0.1186 - val_loss: 0.1187

Epoch 00013: val_loss did not improve from 0.10918
Epoch 14/250
 - 10s - loss: 0.1172 - val_loss: 0.1243

Epoch 00014: val_loss did not improve from 0.10918
Epoch 15/250
 - 10s - loss: 0.1164 - val_loss: 0.1153

Epoch 00015: val_loss did not improve from 0.10918
Epoch 16/250
 - 10s - loss: 0.1156 - val_loss: 0.1225

Epoch 00016: val_loss did not improve from 0.10918
Epoch 17/250
 - 10s - loss: 0.1145 - val_loss: 0.1252

Epoch 00017: val_loss did not improve from 0.10918
Epoch 18/250
 - 10s - loss: 0.1142 - val_loss: 0.1166

Epoch 00018: val_loss did not improve from 0.10918
Epoch 19/250
 - 10s - loss: 0.1133 - val_loss: 0.1167

Epoch 00019: val_loss did not improve from 0.10918
Epoch 20/250
 - 10s - loss: 0.1122 - val_loss: 0.1224

Epoch 00020: val_loss did not improve from 0.10918
Epoch 21/250
 - 10s - loss: 0.1119 - val_loss: 0.1125

Epoch 00021: val_loss did not improve from 0.10918
Epoch 22/250
 - 10s - loss: 0.1111 - val_loss: 0.1133

Epoch 00022: val_loss did not improve from 0.10918
Epoch 23/250
 - 10s - loss: 0.1104 - val_loss: 0.1225

Epoch 00023: val_loss did not improve from 0.10918
Epoch 24/250
 - 10s - loss: 0.1103 - val_loss: 0.1165

Epoch 00024: val_loss did not improve from 0.10918
Epoch 25/250
 - 10s - loss: 0.1095 - val_loss: 0.1088

Epoch 00025: val_loss improved from 0.10918 to 0.10881, saving model to lstm_autoencoder_2019-12-20_18-36-25.h5
Epoch 26/250
 - 10s - loss: 0.1088 - val_loss: 0.1176

Epoch 00026: val_loss did not improve from 0.10881
Epoch 27/250
 - 10s - loss: 0.1084 - val_loss: 0.1126

Epoch 00027: val_loss did not improve from 0.10881
Epoch 28/250
 - 10s - loss: 0.1080 - val_loss: 0.1090

Epoch 00028: val_loss did not improve from 0.10881
Epoch 29/250
 - 10s - loss: 0.1075 - val_loss: 0.1149

Epoch 00029: val_loss did not improve from 0.10881
Epoch 30/250
 - 10s - loss: 0.1072 - val_loss: 0.1117

Epoch 00030: val_loss did not improve from 0.10881
Epoch 31/250
 - 10s - loss: 0.1069 - val_loss: 0.1095

Epoch 00031: val_loss did not improve from 0.10881
Epoch 32/250
 - 10s - loss: 0.1065 - val_loss: 0.1152

Epoch 00032: val_loss did not improve from 0.10881
Epoch 33/250
 - 10s - loss: 0.1063 - val_loss: 0.1100

Epoch 00033: val_loss did not improve from 0.10881
Epoch 34/250
 - 10s - loss: 0.1059 - val_loss: 0.1092

Epoch 00034: val_loss did not improve from 0.10881
Epoch 35/250
 - 10s - loss: 0.1056 - val_loss: 0.1146

Epoch 00035: val_loss did not improve from 0.10881
Epoch 36/250
 - 10s - loss: 0.1054 - val_loss: 0.1079

Epoch 00036: val_loss improved from 0.10881 to 0.10790, saving model to lstm_autoencoder_2019-12-20_18-36-25.h5
Epoch 37/250
 - 10s - loss: 0.1051 - val_loss: 0.1058

Epoch 00037: val_loss improved from 0.10790 to 0.10576, saving model to lstm_autoencoder_2019-12-20_18-36-25.h5
Epoch 38/250
 - 10s - loss: 0.1049 - val_loss: 0.1123

Epoch 00038: val_loss did not improve from 0.10576
Epoch 39/250
 - 10s - loss: 0.1046 - val_loss: 0.1090

Epoch 00039: val_loss did not improve from 0.10576
Epoch 40/250
 - 10s - loss: 0.1043 - val_loss: 0.1074

Epoch 00040: val_loss did not improve from 0.10576
Epoch 41/250
 - 10s - loss: 0.1040 - val_loss: 0.1125

Epoch 00041: val_loss did not improve from 0.10576
Epoch 42/250
 - 10s - loss: 0.1038 - val_loss: 0.1077

Epoch 00042: val_loss did not improve from 0.10576
Epoch 43/250
 - 10s - loss: 0.1036 - val_loss: 0.1060

Epoch 00043: val_loss did not improve from 0.10576
Epoch 44/250
 - 10s - loss: 0.1008 - val_loss: 0.1048

Epoch 00044: val_loss improved from 0.10576 to 0.10479, saving model to lstm_autoencoder_2019-12-20_18-36-25.h5
Epoch 45/250
 - 10s - loss: 0.0996 - val_loss: 0.1052

Epoch 00045: val_loss did not improve from 0.10479
Epoch 46/250
 - 10s - loss: 0.0994 - val_loss: 0.1055

Epoch 00046: val_loss did not improve from 0.10479
Epoch 47/250
 - 10s - loss: 0.0993 - val_loss: 0.1053

Epoch 00047: val_loss did not improve from 0.10479
Epoch 48/250
 - 10s - loss: 0.0993 - val_loss: 0.1049

Epoch 00048: val_loss did not improve from 0.10479
Epoch 49/250
 - 10s - loss: 0.0991 - val_loss: 0.1054

Epoch 00049: val_loss did not improve from 0.10479
Epoch 50/250
 - 10s - loss: 0.0989 - val_loss: 0.1043

Epoch 00050: val_loss improved from 0.10479 to 0.10428, saving model to lstm_autoencoder_2019-12-20_18-36-25.h5
Epoch 51/250
 - 10s - loss: 0.0989 - val_loss: 0.1051

Epoch 00051: val_loss did not improve from 0.10428
Epoch 52/250
 - 10s - loss: 0.0987 - val_loss: 0.1042

Epoch 00052: val_loss improved from 0.10428 to 0.10417, saving model to lstm_autoencoder_2019-12-20_18-36-25.h5
Epoch 53/250
 - 10s - loss: 0.0988 - val_loss: 0.1042

Epoch 00053: val_loss did not improve from 0.10417
Epoch 54/250
 - 10s - loss: 0.0989 - val_loss: 0.1050

Epoch 00054: val_loss did not improve from 0.10417
Epoch 55/250
 - 10s - loss: 0.0990 - val_loss: 0.1045

Epoch 00055: val_loss did not improve from 0.10417
Epoch 56/250
 - 10s - loss: 0.0988 - val_loss: 0.1043

Epoch 00056: val_loss did not improve from 0.10417
Epoch 57/250
 - 10s - loss: 0.0990 - val_loss: 0.1044

Epoch 00057: val_loss did not improve from 0.10417
Epoch 58/250
 - 10s - loss: 0.0987 - val_loss: 0.1049

Epoch 00058: val_loss did not improve from 0.10417
Epoch 59/250
 - 10s - loss: 0.0987 - val_loss: 0.1046

Epoch 00059: val_loss did not improve from 0.10417
Epoch 60/250
 - 10s - loss: 0.0986 - val_loss: 0.1043

Epoch 00060: val_loss did not improve from 0.10417
Epoch 61/250
 - 10s - loss: 0.0986 - val_loss: 0.1043

Epoch 00061: val_loss did not improve from 0.10417
Epoch 62/250
 - 10s - loss: 0.0984 - val_loss: 0.1060

Epoch 00062: val_loss did not improve from 0.10417
Epoch 63/250
 - 10s - loss: 0.1005 - val_loss: 0.1051

Epoch 00063: val_loss did not improve from 0.10417
Epoch 64/250
 - 10s - loss: 0.0987 - val_loss: 0.1042

Epoch 00064: val_loss did not improve from 0.10417
Epoch 65/250
 - 10s - loss: 0.0984 - val_loss: 0.1043

Epoch 00065: val_loss did not improve from 0.10417
Epoch 66/250
 - 10s - loss: 0.0984 - val_loss: 0.1042

Epoch 00066: val_loss improved from 0.10417 to 0.10417, saving model to lstm_autoencoder_2019-12-20_18-36-25.h5
Epoch 67/250
 - 10s - loss: 0.0986 - val_loss: 0.1042

Epoch 00067: val_loss did not improve from 0.10417
Epoch 68/250
 - 10s - loss: 0.0985 - val_loss: 0.1054

Epoch 00068: val_loss did not improve from 0.10417
Epoch 69/250
 - 10s - loss: 0.0983 - val_loss: 0.1042

Epoch 00069: val_loss did not improve from 0.10417
Epoch 70/250
 - 10s - loss: 0.0983 - val_loss: 0.1041

Epoch 00070: val_loss improved from 0.10417 to 0.10409, saving model to lstm_autoencoder_2019-12-20_18-36-25.h5
Epoch 71/250
 - 10s - loss: 0.0983 - val_loss: 0.1040

Epoch 00071: val_loss improved from 0.10409 to 0.10401, saving model to lstm_autoencoder_2019-12-20_18-36-25.h5
Epoch 72/250
 - 10s - loss: 0.0982 - val_loss: 0.1041

Epoch 00072: val_loss did not improve from 0.10401
Epoch 73/250
 - 10s - loss: 0.0983 - val_loss: 0.1040

Epoch 00073: val_loss improved from 0.10401 to 0.10400, saving model to lstm_autoencoder_2019-12-20_18-36-25.h5
Epoch 74/250
 - 10s - loss: 0.0983 - val_loss: 0.1040

Epoch 00074: val_loss did not improve from 0.10400
Epoch 75/250
 - 10s - loss: 0.0983 - val_loss: 0.1050

Epoch 00075: val_loss did not improve from 0.10400
Epoch 76/250
 - 10s - loss: 0.0983 - val_loss: 0.1045

Epoch 00076: val_loss did not improve from 0.10400
Epoch 77/250
 - 10s - loss: 0.0982 - val_loss: 0.1041

Epoch 00077: val_loss did not improve from 0.10400
Epoch 78/250
 - 10s - loss: 0.0982 - val_loss: 0.1041

Epoch 00078: val_loss did not improve from 0.10400
Epoch 79/250
 - 10s - loss: 0.0982 - val_loss: 0.1041

Epoch 00079: val_loss did not improve from 0.10400
Epoch 80/250
 - 10s - loss: 0.0981 - val_loss: 0.1043

Epoch 00080: val_loss did not improve from 0.10400
Epoch 81/250
 - 10s - loss: 0.0981 - val_loss: 0.1042

Epoch 00081: val_loss did not improve from 0.10400
Epoch 82/250
 - 10s - loss: 0.0981 - val_loss: 0.1045

Epoch 00082: val_loss did not improve from 0.10400
Epoch 83/250
 - 10s - loss: 0.0982 - val_loss: 0.1041

Epoch 00083: val_loss did not improve from 0.10400
Epoch 84/250
 - 10s - loss: 0.0980 - val_loss: 0.1042

Epoch 00084: val_loss did not improve from 0.10400
Epoch 85/250
 - 10s - loss: 0.0981 - val_loss: 0.1041

Epoch 00085: val_loss did not improve from 0.10400
Epoch 86/250
 - 10s - loss: 0.0982 - val_loss: 0.1041

Epoch 00086: val_loss did not improve from 0.10400
Epoch 87/250
 - 10s - loss: 0.0980 - val_loss: 0.1042

Epoch 00087: val_loss did not improve from 0.10400
Epoch 88/250
 - 10s - loss: 0.0981 - val_loss: 0.1041

Epoch 00088: val_loss did not improve from 0.10400
Epoch 89/250
 - 10s - loss: 0.0980 - val_loss: 0.1042

Epoch 00089: val_loss did not improve from 0.10400
Epoch 90/250
 - 10s - loss: 0.0981 - val_loss: 0.1042

Epoch 00090: val_loss did not improve from 0.10400
Epoch 91/250
 - 10s - loss: 0.0982 - val_loss: 0.1042

Epoch 00091: val_loss did not improve from 0.10400
Epoch 92/250
 - 10s - loss: 0.0980 - val_loss: 0.1043

Epoch 00092: val_loss did not improve from 0.10400
Epoch 93/250
 - 10s - loss: 0.0981 - val_loss: 0.1041

Epoch 00093: val_loss did not improve from 0.10400
Epoch 94/250
 - 10s - loss: 0.0980 - val_loss: 0.1041

Epoch 00094: val_loss did not improve from 0.10400
Epoch 95/250
 - 10s - loss: 0.0981 - val_loss: 0.1043

Epoch 00095: val_loss did not improve from 0.10400
Epoch 96/250
 - 10s - loss: 0.0980 - val_loss: 0.1042

Epoch 00096: val_loss did not improve from 0.10400
Epoch 97/250
 - 10s - loss: 0.0980 - val_loss: 0.1039

Epoch 00097: val_loss improved from 0.10400 to 0.10395, saving model to lstm_autoencoder_2019-12-20_18-36-25.h5
Epoch 98/250
 - 10s - loss: 0.0980 - val_loss: 0.1044

Epoch 00098: val_loss did not improve from 0.10395
Epoch 99/250
 - 10s - loss: 0.0980 - val_loss: 0.1042

Epoch 00099: val_loss did not improve from 0.10395
Epoch 100/250
 - 10s - loss: 0.0980 - val_loss: 0.1042

Epoch 00100: val_loss did not improve from 0.10395
Epoch 101/250
 - 10s - loss: 0.0979 - val_loss: 0.1041

Epoch 00101: val_loss did not improve from 0.10395
Epoch 102/250
 - 10s - loss: 0.0979 - val_loss: 0.1040

Epoch 00102: val_loss did not improve from 0.10395
Epoch 103/250
 - 10s - loss: 0.0979 - val_loss: 0.1042

Epoch 00103: val_loss did not improve from 0.10395
Epoch 104/250
 - 10s - loss: 0.0979 - val_loss: 0.1043

Epoch 00104: val_loss did not improve from 0.10395
Epoch 105/250
 - 10s - loss: 0.0979 - val_loss: 0.1041

Epoch 00105: val_loss did not improve from 0.10395
Epoch 106/250
 - 10s - loss: 0.0979 - val_loss: 0.1041

Epoch 00106: val_loss did not improve from 0.10395
Epoch 107/250
 - 10s - loss: 0.0979 - val_loss: 0.1047

Epoch 00107: val_loss did not improve from 0.10395
Epoch 108/250
 - 10s - loss: 0.0979 - val_loss: 0.1040

Epoch 00108: val_loss did not improve from 0.10395
Epoch 109/250
 - 10s - loss: 0.0979 - val_loss: 0.1044

Epoch 00109: val_loss did not improve from 0.10395
Epoch 110/250
 - 10s - loss: 0.0979 - val_loss: 0.1040

Epoch 00110: val_loss did not improve from 0.10395
Epoch 111/250
 - 10s - loss: 0.0979 - val_loss: 0.1045

Epoch 00111: val_loss did not improve from 0.10395
Epoch 112/250
 - 10s - loss: 0.0978 - val_loss: 0.1041

Epoch 00112: val_loss did not improve from 0.10395
Epoch 113/250
 - 10s - loss: 0.0979 - val_loss: 0.1042

Epoch 00113: val_loss did not improve from 0.10395
Epoch 114/250
 - 10s - loss: 0.0978 - val_loss: 0.1039

Epoch 00114: val_loss improved from 0.10395 to 0.10393, saving model to lstm_autoencoder_2019-12-20_18-36-25.h5
Epoch 115/250
 - 10s - loss: 0.0979 - val_loss: 0.1040

Epoch 00115: val_loss did not improve from 0.10393
Epoch 116/250
 - 10s - loss: 0.0979 - val_loss: 0.1042

Epoch 00116: val_loss did not improve from 0.10393
Epoch 117/250
 - 10s - loss: 0.0979 - val_loss: 0.1041

Epoch 00117: val_loss did not improve from 0.10393
Epoch 118/250
 - 10s - loss: 0.0978 - val_loss: 0.1040

Epoch 00118: val_loss did not improve from 0.10393
Epoch 119/250
 - 10s - loss: 0.0978 - val_loss: 0.1039

Epoch 00119: val_loss did not improve from 0.10393
Epoch 120/250
 - 10s - loss: 0.0978 - val_loss: 0.1040

Epoch 00120: val_loss did not improve from 0.10393
Epoch 121/250
 - 10s - loss: 0.0978 - val_loss: 0.1040

Epoch 00121: val_loss did not improve from 0.10393
Epoch 122/250
 - 10s - loss: 0.0978 - val_loss: 0.1040

Epoch 00122: val_loss did not improve from 0.10393
Epoch 123/250
 - 10s - loss: 0.0979 - val_loss: 0.1039

Epoch 00123: val_loss did not improve from 0.10393
Epoch 124/250
 - 10s - loss: 0.0978 - val_loss: 0.1040

Epoch 00124: val_loss did not improve from 0.10393
Epoch 125/250
 - 10s - loss: 0.0978 - val_loss: 0.1040

Epoch 00125: val_loss did not improve from 0.10393
Epoch 126/250
 - 10s - loss: 0.0978 - val_loss: 0.1039

Epoch 00126: val_loss improved from 0.10393 to 0.10393, saving model to lstm_autoencoder_2019-12-20_18-36-25.h5
Epoch 127/250
 - 10s - loss: 0.0978 - val_loss: 0.1039

Epoch 00127: val_loss improved from 0.10393 to 0.10392, saving model to lstm_autoencoder_2019-12-20_18-36-25.h5
Epoch 128/250
 - 10s - loss: 0.0978 - val_loss: 0.1043

Epoch 00128: val_loss did not improve from 0.10392
Epoch 129/250
 - 10s - loss: 0.0979 - val_loss: 0.1040

Epoch 00129: val_loss did not improve from 0.10392
Epoch 130/250
 - 10s - loss: 0.0978 - val_loss: 0.1041

Epoch 00130: val_loss did not improve from 0.10392
Epoch 131/250
 - 10s - loss: 0.0978 - val_loss: 0.1043

Epoch 00131: val_loss did not improve from 0.10392
Epoch 132/250
 - 10s - loss: 0.0979 - val_loss: 0.1039

Epoch 00132: val_loss improved from 0.10392 to 0.10389, saving model to lstm_autoencoder_2019-12-20_18-36-25.h5
Epoch 133/250
 - 10s - loss: 0.0978 - val_loss: 0.1042

Epoch 00133: val_loss did not improve from 0.10389
Epoch 134/250
 - 10s - loss: 0.0978 - val_loss: 0.1040

Epoch 00134: val_loss did not improve from 0.10389
Epoch 135/250
 - 10s - loss: 0.0980 - val_loss: 0.1041

Epoch 00135: val_loss did not improve from 0.10389
Epoch 136/250
 - 10s - loss: 0.0978 - val_loss: 0.1039

Epoch 00136: val_loss did not improve from 0.10389
Epoch 137/250
 - 10s - loss: 0.0977 - val_loss: 0.1039

Epoch 00137: val_loss did not improve from 0.10389
Epoch 138/250
 - 10s - loss: 0.0977 - val_loss: 0.1041

Epoch 00138: val_loss did not improve from 0.10389
Epoch 139/250
 - 10s - loss: 0.0977 - val_loss: 0.1039

Epoch 00139: val_loss improved from 0.10389 to 0.10388, saving model to lstm_autoencoder_2019-12-20_18-36-25.h5
Epoch 140/250
 - 10s - loss: 0.0977 - val_loss: 0.1039

Epoch 00140: val_loss improved from 0.10388 to 0.10385, saving model to lstm_autoencoder_2019-12-20_18-36-25.h5
Epoch 141/250
 - 10s - loss: 0.0977 - val_loss: 0.1039

Epoch 00141: val_loss did not improve from 0.10385
Epoch 142/250
 - 10s - loss: 0.0977 - val_loss: 0.1040

Epoch 00142: val_loss did not improve from 0.10385
Epoch 143/250
 - 10s - loss: 0.0977 - val_loss: 0.1039

Epoch 00143: val_loss did not improve from 0.10385
Epoch 144/250
 - 10s - loss: 0.0977 - val_loss: 0.1040

Epoch 00144: val_loss did not improve from 0.10385
Epoch 145/250
 - 10s - loss: 0.0977 - val_loss: 0.1039

Epoch 00145: val_loss did not improve from 0.10385
Epoch 146/250
 - 10s - loss: 0.0977 - val_loss: 0.1039

Epoch 00146: val_loss did not improve from 0.10385
Epoch 147/250
 - 10s - loss: 0.0977 - val_loss: 0.1040

Epoch 00147: val_loss did not improve from 0.10385
Epoch 148/250
 - 10s - loss: 0.0977 - val_loss: 0.1039

Epoch 00148: val_loss did not improve from 0.10385
Epoch 149/250
 - 10s - loss: 0.0977 - val_loss: 0.1040

Epoch 00149: val_loss did not improve from 0.10385
Epoch 150/250
 - 10s - loss: 0.0977 - val_loss: 0.1040

Epoch 00150: val_loss did not improve from 0.10385
Epoch 151/250
 - 10s - loss: 0.0977 - val_loss: 0.1040

Epoch 00151: val_loss did not improve from 0.10385
Epoch 152/250
 - 10s - loss: 0.0977 - val_loss: 0.1039

Epoch 00152: val_loss did not improve from 0.10385
Epoch 153/250
 - 10s - loss: 0.0977 - val_loss: 0.1039

Epoch 00153: val_loss did not improve from 0.10385
Epoch 154/250
 - 10s - loss: 0.0977 - val_loss: 0.1038

Epoch 00154: val_loss improved from 0.10385 to 0.10383, saving model to lstm_autoencoder_2019-12-20_18-36-25.h5
Epoch 155/250
 - 10s - loss: 0.0978 - val_loss: 0.1039

Epoch 00155: val_loss did not improve from 0.10383
Epoch 156/250
 - 10s - loss: 0.0977 - val_loss: 0.1039

Epoch 00156: val_loss did not improve from 0.10383
Epoch 157/250
 - 10s - loss: 0.0976 - val_loss: 0.1039

Epoch 00157: val_loss did not improve from 0.10383
Epoch 158/250
 - 10s - loss: 0.0976 - val_loss: 0.1040

Epoch 00158: val_loss did not improve from 0.10383
Epoch 159/250
 - 10s - loss: 0.0976 - val_loss: 0.1039

Epoch 00159: val_loss did not improve from 0.10383
Epoch 160/250
 - 10s - loss: 0.0976 - val_loss: 0.1039

Epoch 00160: val_loss did not improve from 0.10383
Epoch 161/250
 - 10s - loss: 0.0976 - val_loss: 0.1039

Epoch 00161: val_loss did not improve from 0.10383
Epoch 162/250
 - 10s - loss: 0.0976 - val_loss: 0.1039

Epoch 00162: val_loss did not improve from 0.10383
Epoch 163/250
 - 10s - loss: 0.0977 - val_loss: 0.1039

Epoch 00163: val_loss did not improve from 0.10383
Epoch 164/250
 - 10s - loss: 0.0976 - val_loss: 0.1040

Epoch 00164: val_loss did not improve from 0.10383
Epoch 165/250
 - 10s - loss: 0.0976 - val_loss: 0.1039

Epoch 00165: val_loss did not improve from 0.10383
Epoch 166/250
 - 10s - loss: 0.0976 - val_loss: 0.1038

Epoch 00166: val_loss did not improve from 0.10383
Epoch 167/250
 - 10s - loss: 0.0976 - val_loss: 0.1039

Epoch 00167: val_loss did not improve from 0.10383
Epoch 168/250
 - 10s - loss: 0.0976 - val_loss: 0.1039

Epoch 00168: val_loss did not improve from 0.10383
Epoch 169/250
 - 10s - loss: 0.0977 - val_loss: 0.1042

Epoch 00169: val_loss did not improve from 0.10383
Epoch 170/250
 - 10s - loss: 0.0976 - val_loss: 0.1040

Epoch 00170: val_loss did not improve from 0.10383
Epoch 171/250
 - 10s - loss: 0.0976 - val_loss: 0.1039

Epoch 00171: val_loss did not improve from 0.10383
Epoch 172/250
 - 10s - loss: 0.0976 - val_loss: 0.1040

Epoch 00172: val_loss did not improve from 0.10383
Epoch 173/250
 - 10s - loss: 0.0976 - val_loss: 0.1039

Epoch 00173: val_loss did not improve from 0.10383
Epoch 174/250
 - 10s - loss: 0.0976 - val_loss: 0.1039

Epoch 00174: val_loss did not improve from 0.10383
Epoch 175/250
 - 10s - loss: 0.0976 - val_loss: 0.1040

Epoch 00175: val_loss did not improve from 0.10383
Epoch 176/250
 - 10s - loss: 0.0977 - val_loss: 0.1038

Epoch 00176: val_loss improved from 0.10383 to 0.10382, saving model to lstm_autoencoder_2019-12-20_18-36-25.h5
Epoch 177/250
 - 10s - loss: 0.0976 - val_loss: 0.1040

Epoch 00177: val_loss did not improve from 0.10382
Epoch 178/250
 - 10s - loss: 0.0976 - val_loss: 0.1039

Epoch 00178: val_loss did not improve from 0.10382
Epoch 179/250
 - 10s - loss: 0.0976 - val_loss: 0.1039

Epoch 00179: val_loss did not improve from 0.10382
Epoch 180/250
 - 10s - loss: 0.0975 - val_loss: 0.1040

Epoch 00180: val_loss did not improve from 0.10382
Epoch 181/250
 - 10s - loss: 0.0976 - val_loss: 0.1038

Epoch 00181: val_loss did not improve from 0.10382
Epoch 182/250
 - 10s - loss: 0.0976 - val_loss: 0.1040

Epoch 00182: val_loss did not improve from 0.10382
Epoch 183/250
 - 10s - loss: 0.0975 - val_loss: 0.1039

Epoch 00183: val_loss did not improve from 0.10382
Epoch 184/250
 - 10s - loss: 0.0976 - val_loss: 0.1038

Epoch 00184: val_loss improved from 0.10382 to 0.10382, saving model to lstm_autoencoder_2019-12-20_18-36-25.h5
Epoch 185/250
 - 10s - loss: 0.0976 - val_loss: 0.1040

Epoch 00185: val_loss did not improve from 0.10382
Epoch 186/250
 - 10s - loss: 0.0976 - val_loss: 0.1038

Epoch 00186: val_loss did not improve from 0.10382
Epoch 187/250
 - 10s - loss: 0.0975 - val_loss: 0.1039

Epoch 00187: val_loss did not improve from 0.10382
Epoch 188/250
 - 10s - loss: 0.0976 - val_loss: 0.1040

Epoch 00188: val_loss did not improve from 0.10382
Epoch 189/250
 - 10s - loss: 0.0976 - val_loss: 0.1038

Epoch 00189: val_loss improved from 0.10382 to 0.10381, saving model to lstm_autoencoder_2019-12-20_18-36-25.h5
Epoch 190/250
 - 10s - loss: 0.0975 - val_loss: 0.1039

Epoch 00190: val_loss did not improve from 0.10381
Epoch 191/250
 - 10s - loss: 0.0976 - val_loss: 0.1039

Epoch 00191: val_loss did not improve from 0.10381
Epoch 192/250
 - 10s - loss: 0.0975 - val_loss: 0.1039

Epoch 00192: val_loss did not improve from 0.10381
Epoch 193/250
 - 10s - loss: 0.0975 - val_loss: 0.1038

Epoch 00193: val_loss did not improve from 0.10381
Epoch 194/250
 - 10s - loss: 0.0975 - val_loss: 0.1038

Epoch 00194: val_loss improved from 0.10381 to 0.10381, saving model to lstm_autoencoder_2019-12-20_18-36-25.h5
Epoch 195/250
 - 10s - loss: 0.0976 - val_loss: 0.1039

Epoch 00195: val_loss did not improve from 0.10381
Epoch 196/250
 - 10s - loss: 0.0975 - val_loss: 0.1038

Epoch 00196: val_loss did not improve from 0.10381
Epoch 197/250
 - 10s - loss: 0.0975 - val_loss: 0.1039

Epoch 00197: val_loss did not improve from 0.10381
Epoch 198/250
 - 10s - loss: 0.0975 - val_loss: 0.1040

Epoch 00198: val_loss did not improve from 0.10381
Epoch 199/250
 - 10s - loss: 0.0975 - val_loss: 0.1039

Epoch 00199: val_loss did not improve from 0.10381
Epoch 200/250
 - 10s - loss: 0.0975 - val_loss: 0.1041

Epoch 00200: val_loss did not improve from 0.10381
Epoch 201/250
 - 10s - loss: 0.0975 - val_loss: 0.1038

Epoch 00201: val_loss did not improve from 0.10381
Epoch 202/250
 - 10s - loss: 0.0975 - val_loss: 0.1039

Epoch 00202: val_loss did not improve from 0.10381
Epoch 203/250
 - 10s - loss: 0.0975 - val_loss: 0.1039

Epoch 00203: val_loss did not improve from 0.10381
Epoch 204/250
 - 10s - loss: 0.0975 - val_loss: 0.1038

Epoch 00204: val_loss did not improve from 0.10381
Epoch 205/250
 - 10s - loss: 0.0976 - val_loss: 0.1038

Epoch 00205: val_loss improved from 0.10381 to 0.10381, saving model to lstm_autoencoder_2019-12-20_18-36-25.h5
Epoch 206/250
 - 10s - loss: 0.0975 - val_loss: 0.1038

Epoch 00206: val_loss did not improve from 0.10381
Epoch 207/250
 - 10s - loss: 0.0975 - val_loss: 0.1039

Epoch 00207: val_loss did not improve from 0.10381
Epoch 208/250
 - 10s - loss: 0.0975 - val_loss: 0.1038

Epoch 00208: val_loss did not improve from 0.10381
Epoch 209/250
 - 10s - loss: 0.0975 - val_loss: 0.1038

Epoch 00209: val_loss did not improve from 0.10381
Epoch 210/250
 - 10s - loss: 0.0975 - val_loss: 0.1038

Epoch 00210: val_loss did not improve from 0.10381
Epoch 211/250
 - 10s - loss: 0.0975 - val_loss: 0.1038

Epoch 00211: val_loss did not improve from 0.10381
Epoch 212/250
 - 10s - loss: 0.0975 - val_loss: 0.1038

Epoch 00212: val_loss did not improve from 0.10381
Epoch 213/250
 - 10s - loss: 0.0975 - val_loss: 0.1039

Epoch 00213: val_loss did not improve from 0.10381
Epoch 214/250
 - 10s - loss: 0.0975 - val_loss: 0.1038

Epoch 00214: val_loss did not improve from 0.10381
Epoch 215/250
 - 10s - loss: 0.0975 - val_loss: 0.1038

Epoch 00215: val_loss did not improve from 0.10381
Epoch 216/250
 - 10s - loss: 0.0975 - val_loss: 0.1038

Epoch 00216: val_loss did not improve from 0.10381
Epoch 217/250
 - 10s - loss: 0.0975 - val_loss: 0.1039

Epoch 00217: val_loss did not improve from 0.10381
Epoch 218/250
 - 10s - loss: 0.0975 - val_loss: 0.1038

Epoch 00218: val_loss did not improve from 0.10381
Epoch 219/250
 - 10s - loss: 0.0975 - val_loss: 0.1038

Epoch 00219: val_loss did not improve from 0.10381
Epoch 220/250
 - 10s - loss: 0.0975 - val_loss: 0.1039

Epoch 00220: val_loss did not improve from 0.10381
Epoch 221/250
 - 10s - loss: 0.0975 - val_loss: 0.1041

Epoch 00221: val_loss did not improve from 0.10381
Epoch 222/250
 - 10s - loss: 0.0975 - val_loss: 0.1038

Epoch 00222: val_loss improved from 0.10381 to 0.10380, saving model to lstm_autoencoder_2019-12-20_18-36-25.h5
Epoch 223/250
 - 10s - loss: 0.0975 - val_loss: 0.1038

Epoch 00223: val_loss did not improve from 0.10380
Epoch 224/250
 - 10s - loss: 0.0975 - val_loss: 0.1038

Epoch 00224: val_loss did not improve from 0.10380
Epoch 225/250
 - 10s - loss: 0.0975 - val_loss: 0.1038

Epoch 00225: val_loss did not improve from 0.10380
Epoch 226/250
 - 10s - loss: 0.0975 - val_loss: 0.1038

Epoch 00226: val_loss did not improve from 0.10380
Epoch 227/250
 - 10s - loss: 0.0975 - val_loss: 0.1039

Epoch 00227: val_loss did not improve from 0.10380
Epoch 228/250
 - 10s - loss: 0.0974 - val_loss: 0.1038

Epoch 00228: val_loss did not improve from 0.10380
Epoch 229/250
 - 10s - loss: 0.0974 - val_loss: 0.1038

Epoch 00229: val_loss improved from 0.10380 to 0.10379, saving model to lstm_autoencoder_2019-12-20_18-36-25.h5
Epoch 230/250
 - 10s - loss: 0.0975 - val_loss: 0.1040

Epoch 00230: val_loss did not improve from 0.10379
Epoch 231/250
 - 10s - loss: 0.0975 - val_loss: 0.1039

Epoch 00231: val_loss did not improve from 0.10379
Epoch 232/250
 - 10s - loss: 0.0975 - val_loss: 0.1039

Epoch 00232: val_loss did not improve from 0.10379
Epoch 233/250
 - 10s - loss: 0.0975 - val_loss: 0.1038

Epoch 00233: val_loss did not improve from 0.10379
Epoch 234/250
 - 10s - loss: 0.0975 - val_loss: 0.1038

Epoch 00234: val_loss did not improve from 0.10379
Epoch 235/250
 - 10s - loss: 0.0974 - val_loss: 0.1038

Epoch 00235: val_loss did not improve from 0.10379
Epoch 236/250
 - 10s - loss: 0.0974 - val_loss: 0.1038

Epoch 00236: val_loss did not improve from 0.10379
Epoch 237/250
 - 10s - loss: 0.0975 - val_loss: 0.1038

Epoch 00237: val_loss did not improve from 0.10379
Epoch 238/250
 - 10s - loss: 0.0974 - val_loss: 0.1038

Epoch 00238: val_loss did not improve from 0.10379
Epoch 239/250
 - 10s - loss: 0.0974 - val_loss: 0.1038

Epoch 00239: val_loss did not improve from 0.10379
Epoch 240/250
 - 10s - loss: 0.0974 - val_loss: 0.1038

Epoch 00240: val_loss did not improve from 0.10379
Epoch 241/250
 - 10s - loss: 0.0975 - val_loss: 0.1038

Epoch 00241: val_loss improved from 0.10379 to 0.10378, saving model to lstm_autoencoder_2019-12-20_18-36-25.h5
Epoch 242/250
 - 10s - loss: 0.0974 - val_loss: 0.1038

Epoch 00242: val_loss did not improve from 0.10378
Epoch 243/250
 - 10s - loss: 0.0974 - val_loss: 0.1040

Epoch 00243: val_loss did not improve from 0.10378
Epoch 244/250
 - 10s - loss: 0.0974 - val_loss: 0.1038

Epoch 00244: val_loss did not improve from 0.10378
Epoch 245/250
 - 10s - loss: 0.0974 - val_loss: 0.1039

Epoch 00245: val_loss did not improve from 0.10378
Epoch 246/250
 - 10s - loss: 0.0975 - val_loss: 0.1038

Epoch 00246: val_loss did not improve from 0.10378
Epoch 247/250
 - 10s - loss: 0.0974 - val_loss: 0.1039

Epoch 00247: val_loss did not improve from 0.10378
Epoch 248/250
 - 10s - loss: 0.0974 - val_loss: 0.1038

Epoch 00248: val_loss did not improve from 0.10378
Epoch 249/250
 - 10s - loss: 0.0974 - val_loss: 0.1039

Epoch 00249: val_loss did not improve from 0.10378
Epoch 250/250
 - 10s - loss: 0.0974 - val_loss: 0.1040

Epoch 00250: val_loss did not improve from 0.10378
