2019-12-20 16:52:17.287136: I tensorflow/core/platform/cpu_feature_guard.cc:141] Your CPU supports instructions that this TensorFlow binary was not compiled to use: SSE4.1 SSE4.2 AVX
2019-12-20 16:52:17.411684: I tensorflow/stream_executor/cuda/cuda_gpu_executor.cc:897] successful NUMA node read from SysFS had negative value (-1), but there must be at least one NUMA node, so returning NUMA node zero
2019-12-20 16:52:17.412251: I tensorflow/core/common_runtime/gpu/gpu_device.cc:1405] Found device 0 with properties: 
name: TITAN Xp major: 6 minor: 1 memoryClockRate(GHz): 1.582
pciBusID: 0000:01:00.0
totalMemory: 11.91GiB freeMemory: 11.73GiB
2019-12-20 16:52:17.412269: I tensorflow/core/common_runtime/gpu/gpu_device.cc:1484] Adding visible gpu devices: 0
2019-12-20 16:52:17.652120: I tensorflow/core/common_runtime/gpu/gpu_device.cc:965] Device interconnect StreamExecutor with strength 1 edge matrix:
2019-12-20 16:52:17.652156: I tensorflow/core/common_runtime/gpu/gpu_device.cc:971]      0 
2019-12-20 16:52:17.652166: I tensorflow/core/common_runtime/gpu/gpu_device.cc:984] 0:   N 
2019-12-20 16:52:17.652484: I tensorflow/core/common_runtime/gpu/gpu_device.cc:1097] Created TensorFlow device (/job:localhost/replica:0/task:0/device:GPU:0 with 11348 MB memory) -> physical GPU (device: 0, name: TITAN Xp, pci bus id: 0000:01:00.0, compute capability: 6.1)
2019-12-20 16:52:17.837868: I tensorflow/core/kernels/cuda_solvers.cc:159] Creating CudaSolver handles for stream 0x55c3aca7a3e0
Train on 32962 samples, validate on 1735 samples
Epoch 1/250
 - 11s - loss: 0.1176 - val_loss: 0.1098

Epoch 00001: val_loss improved from inf to 0.10982, saving model to lstm_autoencoder_2019-12-20_16-52-18.h5
Epoch 2/250
 - 10s - loss: 0.1074 - val_loss: 0.1076

Epoch 00002: val_loss improved from 0.10982 to 0.10763, saving model to lstm_autoencoder_2019-12-20_16-52-18.h5
Epoch 3/250
 - 10s - loss: 0.1047 - val_loss: 0.1097

Epoch 00003: val_loss did not improve from 0.10763
Epoch 4/250
 - 10s - loss: 0.1030 - val_loss: 0.1091

Epoch 00004: val_loss did not improve from 0.10763
Epoch 5/250
 - 10s - loss: 0.1057 - val_loss: 0.1096

Epoch 00005: val_loss did not improve from 0.10763
Epoch 6/250
 - 10s - loss: 0.1043 - val_loss: 0.1089

Epoch 00006: val_loss did not improve from 0.10763
Epoch 7/250
 - 10s - loss: 0.1042 - val_loss: 0.1071

Epoch 00007: val_loss improved from 0.10763 to 0.10707, saving model to lstm_autoencoder_2019-12-20_16-52-18.h5
Epoch 8/250
 - 10s - loss: 0.1024 - val_loss: 0.1092

Epoch 00008: val_loss did not improve from 0.10707
Epoch 9/250
 - 10s - loss: 0.1045 - val_loss: 0.1083

Epoch 00009: val_loss did not improve from 0.10707
Epoch 10/250
 - 10s - loss: 0.1069 - val_loss: 0.1081

Epoch 00010: val_loss did not improve from 0.10707
Epoch 11/250
 - 10s - loss: 0.1083 - val_loss: 0.1144

Epoch 00011: val_loss did not improve from 0.10707
Epoch 12/250
 - 10s - loss: 0.1046 - val_loss: 0.1116

Epoch 00012: val_loss did not improve from 0.10707
Epoch 13/250
 - 10s - loss: 0.1056 - val_loss: 0.1147

Epoch 00013: val_loss did not improve from 0.10707
Epoch 14/250
 - 10s - loss: 0.1061 - val_loss: 0.1079

Epoch 00014: val_loss did not improve from 0.10707
Epoch 15/250
 - 10s - loss: 0.1058 - val_loss: 0.1122

Epoch 00015: val_loss did not improve from 0.10707
Epoch 16/250
 - 10s - loss: 0.1039 - val_loss: 0.1069

Epoch 00016: val_loss improved from 0.10707 to 0.10691, saving model to lstm_autoencoder_2019-12-20_16-52-18.h5
Epoch 17/250
 - 10s - loss: 0.1042 - val_loss: 0.1126

Epoch 00017: val_loss did not improve from 0.10691
Epoch 18/250
 - 10s - loss: 0.1053 - val_loss: 0.1078

Epoch 00018: val_loss did not improve from 0.10691
Epoch 19/250
 - 10s - loss: 0.1051 - val_loss: 0.1126

Epoch 00019: val_loss did not improve from 0.10691
Epoch 20/250
 - 10s - loss: 0.1048 - val_loss: 0.1171

Epoch 00020: val_loss did not improve from 0.10691
Epoch 21/250
 - 10s - loss: 0.1043 - val_loss: 0.1091

Epoch 00021: val_loss did not improve from 0.10691
Epoch 22/250
 - 10s - loss: 0.1021 - val_loss: 0.1063

Epoch 00022: val_loss improved from 0.10691 to 0.10633, saving model to lstm_autoencoder_2019-12-20_16-52-18.h5
Epoch 23/250
 - 10s - loss: 0.1033 - val_loss: 0.1095

Epoch 00023: val_loss did not improve from 0.10633
Epoch 24/250
 - 10s - loss: 0.1057 - val_loss: 0.1163

Epoch 00024: val_loss did not improve from 0.10633
Epoch 25/250
 - 10s - loss: 0.1048 - val_loss: 0.1096

Epoch 00025: val_loss did not improve from 0.10633
Epoch 26/250
 - 10s - loss: 0.1065 - val_loss: 0.1129

Epoch 00026: val_loss did not improve from 0.10633
Epoch 27/250
 - 10s - loss: 0.1052 - val_loss: 0.1114

Epoch 00027: val_loss did not improve from 0.10633
Epoch 28/250
 - 10s - loss: 0.1037 - val_loss: 0.1073

Epoch 00028: val_loss did not improve from 0.10633
Epoch 29/250
 - 10s - loss: 0.1050 - val_loss: 0.1141

Epoch 00029: val_loss did not improve from 0.10633
Epoch 30/250
 - 10s - loss: 0.1046 - val_loss: 0.1081

Epoch 00030: val_loss did not improve from 0.10633
Epoch 31/250
 - 10s - loss: 0.1040 - val_loss: 0.1080

Epoch 00031: val_loss did not improve from 0.10633
Epoch 32/250
 - 10s - loss: 0.1031 - val_loss: 0.1087

Epoch 00032: val_loss did not improve from 0.10633
Epoch 33/250
 - 10s - loss: 0.1065 - val_loss: 0.1130

Epoch 00033: val_loss did not improve from 0.10633
Epoch 34/250
 - 10s - loss: 0.1039 - val_loss: 0.1170

Epoch 00034: val_loss did not improve from 0.10633
Epoch 35/250
 - 10s - loss: 0.1056 - val_loss: 0.1076

Epoch 00035: val_loss did not improve from 0.10633
Epoch 36/250
 - 10s - loss: 0.1050 - val_loss: 0.1238

Epoch 00036: val_loss did not improve from 0.10633
Epoch 37/250
 - 10s - loss: 0.1039 - val_loss: 0.1103

Epoch 00037: val_loss did not improve from 0.10633
Epoch 38/250
 - 10s - loss: 0.1024 - val_loss: 0.1071

Epoch 00038: val_loss did not improve from 0.10633
Epoch 39/250
 - 10s - loss: 0.1030 - val_loss: 0.1086

Epoch 00039: val_loss did not improve from 0.10633
Epoch 40/250
 - 10s - loss: 0.1066 - val_loss: 0.1306

Epoch 00040: val_loss did not improve from 0.10633
Epoch 41/250
 - 10s - loss: 0.1041 - val_loss: 0.1072

Epoch 00041: val_loss did not improve from 0.10633
Epoch 42/250
 - 10s - loss: 0.1039 - val_loss: 0.1073

Epoch 00042: val_loss did not improve from 0.10633
Epoch 43/250
 - 10s - loss: 0.1073 - val_loss: 0.1070

Epoch 00043: val_loss did not improve from 0.10633
Epoch 44/250
 - 10s - loss: 0.1056 - val_loss: 0.1118

Epoch 00044: val_loss did not improve from 0.10633
Epoch 45/250
 - 10s - loss: 0.1041 - val_loss: 0.1163

Epoch 00045: val_loss did not improve from 0.10633
Epoch 46/250
 - 10s - loss: 0.1050 - val_loss: 0.1143

Epoch 00046: val_loss did not improve from 0.10633
Epoch 47/250
 - 10s - loss: 0.1049 - val_loss: 0.1169

Epoch 00047: val_loss did not improve from 0.10633
Epoch 48/250
 - 10s - loss: 0.1031 - val_loss: 0.1082

Epoch 00048: val_loss did not improve from 0.10633
Epoch 49/250
 - 10s - loss: 0.1026 - val_loss: 0.1096

Epoch 00049: val_loss did not improve from 0.10633
Epoch 50/250
 - 10s - loss: 0.1025 - val_loss: 0.1075

Epoch 00050: val_loss did not improve from 0.10633
Epoch 51/250
 - 10s - loss: 0.1045 - val_loss: 0.1108

Epoch 00051: val_loss did not improve from 0.10633
Epoch 52/250
 - 10s - loss: 0.1039 - val_loss: 0.1126

Epoch 00052: val_loss did not improve from 0.10633
Epoch 00052: early stopping
