2019-12-20 11:53:26.939599: I tensorflow/core/platform/cpu_feature_guard.cc:141] Your CPU supports instructions that this TensorFlow binary was not compiled to use: SSE4.1 SSE4.2 AVX
2019-12-20 11:53:27.061791: I tensorflow/stream_executor/cuda/cuda_gpu_executor.cc:897] successful NUMA node read from SysFS had negative value (-1), but there must be at least one NUMA node, so returning NUMA node zero
2019-12-20 11:53:27.062343: I tensorflow/core/common_runtime/gpu/gpu_device.cc:1405] Found device 0 with properties: 
name: TITAN Xp major: 6 minor: 1 memoryClockRate(GHz): 1.582
pciBusID: 0000:01:00.0
totalMemory: 11.91GiB freeMemory: 11.73GiB
2019-12-20 11:53:27.062359: I tensorflow/core/common_runtime/gpu/gpu_device.cc:1484] Adding visible gpu devices: 0
2019-12-20 11:53:27.295875: I tensorflow/core/common_runtime/gpu/gpu_device.cc:965] Device interconnect StreamExecutor with strength 1 edge matrix:
2019-12-20 11:53:27.295920: I tensorflow/core/common_runtime/gpu/gpu_device.cc:971]      0 
2019-12-20 11:53:27.295929: I tensorflow/core/common_runtime/gpu/gpu_device.cc:984] 0:   N 
2019-12-20 11:53:27.296200: I tensorflow/core/common_runtime/gpu/gpu_device.cc:1097] Created TensorFlow device (/job:localhost/replica:0/task:0/device:GPU:0 with 11348 MB memory) -> physical GPU (device: 0, name: TITAN Xp, pci bus id: 0000:01:00.0, compute capability: 6.1)
2019-12-20 11:53:27.480901: I tensorflow/core/kernels/cuda_solvers.cc:159] Creating CudaSolver handles for stream 0x55627f6807c0
Train on 32962 samples, validate on 1735 samples
Epoch 1/250
 - 31s - loss: 0.1300 - val_loss: 0.1289

Epoch 00001: val_loss improved from inf to 0.12885, saving model to lstm_autoencoder_2019-12-20_11-53-27.h5
Epoch 2/250
 - 30s - loss: 0.1255 - val_loss: 0.1479

Epoch 00002: val_loss did not improve from 0.12885
Epoch 3/250
 - 30s - loss: 0.1281 - val_loss: 0.1332

Epoch 00003: val_loss did not improve from 0.12885
Epoch 4/250
 - 30s - loss: 0.1285 - val_loss: 0.1305

Epoch 00004: val_loss did not improve from 0.12885
Epoch 5/250
 - 30s - loss: 0.1303 - val_loss: 0.1462

Epoch 00005: val_loss did not improve from 0.12885
Epoch 6/250
 - 30s - loss: 0.1299 - val_loss: 0.2751

Epoch 00006: val_loss did not improve from 0.12885
Epoch 7/250
 - 30s - loss: 0.1697 - val_loss: 0.1771

Epoch 00007: val_loss did not improve from 0.12885
Epoch 8/250
 - 30s - loss: 0.1457 - val_loss: 0.1517

Epoch 00008: val_loss did not improve from 0.12885
Epoch 9/250
 - 30s - loss: 0.1372 - val_loss: 0.1578

Epoch 00009: val_loss did not improve from 0.12885
Epoch 10/250
 - 30s - loss: 0.1404 - val_loss: 0.1388

Epoch 00010: val_loss did not improve from 0.12885
Epoch 11/250
 - 30s - loss: 0.1409 - val_loss: 0.1570

Epoch 00011: val_loss did not improve from 0.12885
Epoch 12/250
 - 30s - loss: 0.1353 - val_loss: 0.1362

Epoch 00012: val_loss did not improve from 0.12885
Epoch 13/250
 - 30s - loss: 0.1316 - val_loss: 0.1295

Epoch 00013: val_loss did not improve from 0.12885
Epoch 14/250
 - 30s - loss: 0.1297 - val_loss: 0.1394

Epoch 00014: val_loss did not improve from 0.12885
Epoch 15/250
 - 30s - loss: 0.1314 - val_loss: 0.1270

Epoch 00015: val_loss improved from 0.12885 to 0.12704, saving model to lstm_autoencoder_2019-12-20_11-53-27.h5
Epoch 16/250
 - 30s - loss: 0.1296 - val_loss: 0.1619

Epoch 00016: val_loss did not improve from 0.12704
Epoch 17/250
 - 30s - loss: 0.1298 - val_loss: 0.1336

Epoch 00017: val_loss did not improve from 0.12704
Epoch 18/250
 - 30s - loss: 0.1326 - val_loss: 0.1592

Epoch 00018: val_loss did not improve from 0.12704
Epoch 19/250
 - 30s - loss: 0.1708 - val_loss: 0.2285

Epoch 00019: val_loss did not improve from 0.12704
Epoch 20/250
 - 30s - loss: 0.2051 - val_loss: 0.1778

Epoch 00020: val_loss did not improve from 0.12704
Epoch 21/250
 - 30s - loss: 0.1678 - val_loss: 0.1645

Epoch 00021: val_loss did not improve from 0.12704
Epoch 22/250
 - 30s - loss: 0.1564 - val_loss: 0.1572

Epoch 00022: val_loss did not improve from 0.12704
Epoch 23/250
 - 30s - loss: 0.1507 - val_loss: 0.1530

Epoch 00023: val_loss did not improve from 0.12704
Epoch 24/250
 - 30s - loss: 0.1463 - val_loss: 0.1539

Epoch 00024: val_loss did not improve from 0.12704
Epoch 25/250
 - 30s - loss: 0.1386 - val_loss: 0.1464

Epoch 00025: val_loss did not improve from 0.12704
Epoch 26/250
 - 30s - loss: 0.1328 - val_loss: 0.1361

Epoch 00026: val_loss did not improve from 0.12704
Epoch 27/250
 - 30s - loss: 0.1319 - val_loss: 0.1406

Epoch 00027: val_loss did not improve from 0.12704
Epoch 28/250
 - 30s - loss: 0.1311 - val_loss: 0.1293

Epoch 00028: val_loss did not improve from 0.12704
Epoch 29/250
 - 30s - loss: 0.1292 - val_loss: 0.1707

Epoch 00029: val_loss did not improve from 0.12704
Epoch 30/250
 - 30s - loss: 0.1353 - val_loss: 0.1357

Epoch 00030: val_loss did not improve from 0.12704
Epoch 31/250
 - 30s - loss: 0.1270 - val_loss: 0.1341

Epoch 00031: val_loss did not improve from 0.12704
Epoch 32/250
 - 30s - loss: 0.1266 - val_loss: 0.1259

Epoch 00032: val_loss improved from 0.12704 to 0.12595, saving model to lstm_autoencoder_2019-12-20_11-53-27.h5
Epoch 33/250
 - 30s - loss: 0.1271 - val_loss: 0.1324

Epoch 00033: val_loss did not improve from 0.12595
Epoch 34/250
 - 30s - loss: 0.1278 - val_loss: 0.1529

Epoch 00034: val_loss did not improve from 0.12595
Epoch 35/250
 - 30s - loss: 0.1311 - val_loss: 0.1555

Epoch 00035: val_loss did not improve from 0.12595
Epoch 36/250
 - 30s - loss: 0.1262 - val_loss: 0.1336

Epoch 00036: val_loss did not improve from 0.12595
Epoch 37/250
 - 30s - loss: 0.1287 - val_loss: 0.1577

Epoch 00037: val_loss did not improve from 0.12595
Epoch 38/250
 - 30s - loss: 0.1264 - val_loss: 0.1321

Epoch 00038: val_loss did not improve from 0.12595
Epoch 39/250
 - 30s - loss: 0.1279 - val_loss: 0.1352

Epoch 00039: val_loss did not improve from 0.12595
Epoch 40/250
 - 30s - loss: 0.1297 - val_loss: 0.1254

Epoch 00040: val_loss improved from 0.12595 to 0.12544, saving model to lstm_autoencoder_2019-12-20_11-53-27.h5
Epoch 41/250
 - 30s - loss: 0.1232 - val_loss: 0.1313

Epoch 00041: val_loss did not improve from 0.12544
Epoch 42/250
 - 30s - loss: 0.1253 - val_loss: 0.1245

Epoch 00042: val_loss improved from 0.12544 to 0.12453, saving model to lstm_autoencoder_2019-12-20_11-53-27.h5
Epoch 43/250
 - 30s - loss: 0.1277 - val_loss: 0.1344

Epoch 00043: val_loss did not improve from 0.12453
Epoch 44/250
 - 30s - loss: 0.1309 - val_loss: 0.1319

Epoch 00044: val_loss did not improve from 0.12453
Epoch 45/250
 - 30s - loss: 0.1248 - val_loss: 0.1364

Epoch 00045: val_loss did not improve from 0.12453
Epoch 46/250
 - 30s - loss: 0.1263 - val_loss: 0.1371

Epoch 00046: val_loss did not improve from 0.12453
Epoch 47/250
 - 30s - loss: 0.1259 - val_loss: 0.1477

Epoch 00047: val_loss did not improve from 0.12453
Epoch 48/250
 - 30s - loss: 0.1243 - val_loss: 0.1816

Epoch 00048: val_loss did not improve from 0.12453
Epoch 49/250
 - 30s - loss: 0.1405 - val_loss: 0.1328

Epoch 00049: val_loss did not improve from 0.12453
Epoch 50/250
 - 30s - loss: 0.1225 - val_loss: 0.1440

Epoch 00050: val_loss did not improve from 0.12453
Epoch 51/250
 - 30s - loss: 0.1244 - val_loss: 0.1264

Epoch 00051: val_loss did not improve from 0.12453
Epoch 52/250
 - 30s - loss: 0.1245 - val_loss: 0.1487

Epoch 00052: val_loss did not improve from 0.12453
Epoch 53/250
 - 30s - loss: 0.1258 - val_loss: 0.1259

Epoch 00053: val_loss did not improve from 0.12453
Epoch 54/250
 - 30s - loss: 0.1252 - val_loss: 0.1343

Epoch 00054: val_loss did not improve from 0.12453
Epoch 55/250
 - 30s - loss: 0.1239 - val_loss: 0.1436

Epoch 00055: val_loss did not improve from 0.12453
Epoch 56/250
 - 30s - loss: 0.1228 - val_loss: 0.1311

Epoch 00056: val_loss did not improve from 0.12453
Epoch 57/250
 - 30s - loss: 0.1206 - val_loss: 0.1529

Epoch 00057: val_loss did not improve from 0.12453
Epoch 58/250
 - 30s - loss: 0.1218 - val_loss: 0.1368

Epoch 00058: val_loss did not improve from 0.12453
Epoch 59/250
 - 30s - loss: 0.1238 - val_loss: 0.1486

Epoch 00059: val_loss did not improve from 0.12453
Epoch 60/250
 - 30s - loss: 0.1245 - val_loss: 0.1362

Epoch 00060: val_loss did not improve from 0.12453
Epoch 61/250
 - 30s - loss: 0.1254 - val_loss: 0.1493

Epoch 00061: val_loss did not improve from 0.12453
Epoch 62/250
 - 30s - loss: 0.1232 - val_loss: 0.1445

Epoch 00062: val_loss did not improve from 0.12453
Epoch 63/250
 - 30s - loss: 0.1248 - val_loss: 0.1224

Epoch 00063: val_loss improved from 0.12453 to 0.12235, saving model to lstm_autoencoder_2019-12-20_11-53-27.h5
Epoch 64/250
 - 30s - loss: 0.1233 - val_loss: 0.1301

Epoch 00064: val_loss did not improve from 0.12235
Epoch 65/250
 - 30s - loss: 0.1211 - val_loss: 0.1330

Epoch 00065: val_loss did not improve from 0.12235
Epoch 66/250
 - 30s - loss: 0.1237 - val_loss: 0.1358

Epoch 00066: val_loss did not improve from 0.12235
Epoch 67/250
 - 30s - loss: 0.1226 - val_loss: 0.1292

Epoch 00067: val_loss did not improve from 0.12235
Epoch 68/250
 - 30s - loss: 0.1220 - val_loss: 0.1274

Epoch 00068: val_loss did not improve from 0.12235
Epoch 69/250
 - 30s - loss: 0.1219 - val_loss: 0.1252

Epoch 00069: val_loss did not improve from 0.12235
Epoch 70/250
 - 30s - loss: 0.1215 - val_loss: 0.1260

Epoch 00070: val_loss did not improve from 0.12235
Epoch 71/250
 - 30s - loss: 0.1264 - val_loss: 0.1301

Epoch 00071: val_loss did not improve from 0.12235
Epoch 72/250
 - 30s - loss: 0.1276 - val_loss: 0.1286

Epoch 00072: val_loss did not improve from 0.12235
Epoch 73/250
 - 30s - loss: 0.1214 - val_loss: 0.1341

Epoch 00073: val_loss did not improve from 0.12235
Epoch 74/250
 - 30s - loss: 0.1311 - val_loss: 0.1314

Epoch 00074: val_loss did not improve from 0.12235
Epoch 75/250
 - 30s - loss: 0.1262 - val_loss: 0.1343

Epoch 00075: val_loss did not improve from 0.12235
Epoch 76/250
 - 30s - loss: 0.1251 - val_loss: 0.1385

Epoch 00076: val_loss did not improve from 0.12235
Epoch 77/250
 - 30s - loss: 0.1225 - val_loss: 0.1393

Epoch 00077: val_loss did not improve from 0.12235
Epoch 78/250
 - 30s - loss: 0.1264 - val_loss: 0.1364

Epoch 00078: val_loss did not improve from 0.12235
Epoch 79/250
 - 30s - loss: 0.1233 - val_loss: 0.1434

Epoch 00079: val_loss did not improve from 0.12235
Epoch 80/250
 - 30s - loss: 0.1228 - val_loss: 0.1310

Epoch 00080: val_loss did not improve from 0.12235
Epoch 81/250
 - 30s - loss: 0.1230 - val_loss: 0.1257

Epoch 00081: val_loss did not improve from 0.12235
Epoch 82/250
 - 30s - loss: 0.1231 - val_loss: 0.1592

Epoch 00082: val_loss did not improve from 0.12235
Epoch 83/250
 - 30s - loss: 0.1307 - val_loss: 0.1350

Epoch 00083: val_loss did not improve from 0.12235
Epoch 84/250
 - 30s - loss: 0.1257 - val_loss: 0.1328

Epoch 00084: val_loss did not improve from 0.12235
Epoch 85/250
 - 30s - loss: 0.1236 - val_loss: 0.1399

Epoch 00085: val_loss did not improve from 0.12235
Epoch 86/250
 - 30s - loss: 0.1237 - val_loss: 0.1236

Epoch 00086: val_loss did not improve from 0.12235
Epoch 87/250
 - 30s - loss: 0.1249 - val_loss: 0.1445

Epoch 00087: val_loss did not improve from 0.12235
Epoch 88/250
 - 30s - loss: 0.1271 - val_loss: 0.1598

Epoch 00088: val_loss did not improve from 0.12235
Epoch 89/250
 - 30s - loss: 0.1237 - val_loss: 0.1314

Epoch 00089: val_loss did not improve from 0.12235
Epoch 90/250
 - 30s - loss: 0.1226 - val_loss: 0.1343

Epoch 00090: val_loss did not improve from 0.12235
Epoch 91/250
 - 30s - loss: 0.1224 - val_loss: 0.1482

Epoch 00091: val_loss did not improve from 0.12235
Epoch 92/250
 - 30s - loss: 0.1235 - val_loss: 0.1726

Epoch 00092: val_loss did not improve from 0.12235
Epoch 93/250
 - 30s - loss: 0.1315 - val_loss: 0.1428

Epoch 00093: val_loss did not improve from 0.12235
Epoch 00093: early stopping
