2020-01-09 18:20:20.266915: I tensorflow/core/platform/cpu_feature_guard.cc:141] Your CPU supports instructions that this TensorFlow binary was not compiled to use: SSE4.1 SSE4.2 AVX
2020-01-09 18:20:20.390269: I tensorflow/stream_executor/cuda/cuda_gpu_executor.cc:897] successful NUMA node read from SysFS had negative value (-1), but there must be at least one NUMA node, so returning NUMA node zero
2020-01-09 18:20:20.390836: I tensorflow/core/common_runtime/gpu/gpu_device.cc:1405] Found device 0 with properties: 
name: TITAN Xp major: 6 minor: 1 memoryClockRate(GHz): 1.582
pciBusID: 0000:01:00.0
totalMemory: 11.91GiB freeMemory: 11.73GiB
2020-01-09 18:20:20.390853: I tensorflow/core/common_runtime/gpu/gpu_device.cc:1484] Adding visible gpu devices: 0
2020-01-09 18:20:20.623474: I tensorflow/core/common_runtime/gpu/gpu_device.cc:965] Device interconnect StreamExecutor with strength 1 edge matrix:
2020-01-09 18:20:20.623519: I tensorflow/core/common_runtime/gpu/gpu_device.cc:971]      0 
2020-01-09 18:20:20.623528: I tensorflow/core/common_runtime/gpu/gpu_device.cc:984] 0:   N 
2020-01-09 18:20:20.623797: I tensorflow/core/common_runtime/gpu/gpu_device.cc:1097] Created TensorFlow device (/job:localhost/replica:0/task:0/device:GPU:0 with 11348 MB memory) -> physical GPU (device: 0, name: TITAN Xp, pci bus id: 0000:01:00.0, compute capability: 6.1)
2020-01-09 18:20:20.835835: I tensorflow/core/kernels/cuda_solvers.cc:159] Creating CudaSolver handles for stream 0x560337df2420
Train on 32962 samples, validate on 1735 samples
Epoch 1/8000
 - 44s - loss: 0.3015 - val_loss: 0.2892

Epoch 00001: val_loss improved from inf to 0.28917, saving model to model_weights/lstm_autoencoder_2020-01-09_18-20-21.h5
Epoch 2/8000
 - 43s - loss: 0.3016 - val_loss: 0.2891

Epoch 00002: val_loss improved from 0.28917 to 0.28906, saving model to model_weights/lstm_autoencoder_2020-01-09_18-20-21.h5
Epoch 3/8000
 - 43s - loss: 0.3013 - val_loss: 0.2892

Epoch 00003: val_loss did not improve from 0.28906
Epoch 4/8000
 - 43s - loss: 0.3013 - val_loss: 0.2891

Epoch 00004: val_loss did not improve from 0.28906
Epoch 5/8000
 - 43s - loss: 0.3014 - val_loss: 0.2892

Epoch 00005: val_loss did not improve from 0.28906
Epoch 6/8000
 - 43s - loss: 0.3013 - val_loss: 0.2892

Epoch 00006: val_loss did not improve from 0.28906
Epoch 7/8000
 - 43s - loss: 0.3014 - val_loss: 0.2890

Epoch 00007: val_loss improved from 0.28906 to 0.28904, saving model to model_weights/lstm_autoencoder_2020-01-09_18-20-21.h5
Epoch 8/8000
 - 43s - loss: 0.3012 - val_loss: 0.2891

Epoch 00008: val_loss did not improve from 0.28904
Epoch 9/8000
 - 43s - loss: 0.3014 - val_loss: 0.2895

Epoch 00009: val_loss did not improve from 0.28904
Epoch 10/8000
 - 43s - loss: 0.3013 - val_loss: 0.2893

Epoch 00010: val_loss did not improve from 0.28904
Epoch 11/8000
 - 43s - loss: 0.3014 - val_loss: 0.2890

Epoch 00011: val_loss did not improve from 0.28904
Epoch 12/8000
 - 43s - loss: 0.3013 - val_loss: 0.2892

Epoch 00012: val_loss did not improve from 0.28904
Epoch 13/8000
 - 43s - loss: 0.3013 - val_loss: 0.2891

Epoch 00013: val_loss did not improve from 0.28904
Epoch 14/8000
 - 43s - loss: 0.3013 - val_loss: 0.2892

Epoch 00014: val_loss did not improve from 0.28904
Epoch 15/8000
 - 43s - loss: 0.3014 - val_loss: 0.2891

Epoch 00015: val_loss did not improve from 0.28904
Epoch 16/8000
 - 43s - loss: 0.3014 - val_loss: 0.2891

Epoch 00016: val_loss did not improve from 0.28904
Epoch 17/8000
 - 43s - loss: 0.3013 - val_loss: 0.2892

Epoch 00017: val_loss did not improve from 0.28904
Epoch 18/8000
 - 43s - loss: 0.3013 - val_loss: 0.2891

Epoch 00018: val_loss did not improve from 0.28904
Epoch 19/8000
 - 43s - loss: 0.3013 - val_loss: 0.2891

Epoch 00019: val_loss did not improve from 0.28904
Epoch 20/8000
 - 43s - loss: 0.3014 - val_loss: 0.2890

Epoch 00020: val_loss improved from 0.28904 to 0.28903, saving model to model_weights/lstm_autoencoder_2020-01-09_18-20-21.h5
Epoch 21/8000
 - 43s - loss: 0.3012 - val_loss: 0.2890

Epoch 00021: val_loss did not improve from 0.28903
Epoch 22/8000
 - 43s - loss: 0.3013 - val_loss: 0.2890

Epoch 00022: val_loss improved from 0.28903 to 0.28901, saving model to model_weights/lstm_autoencoder_2020-01-09_18-20-21.h5
Epoch 23/8000
 - 43s - loss: 0.3013 - val_loss: 0.2891

Epoch 00023: val_loss did not improve from 0.28901
Epoch 24/8000
 - 43s - loss: 0.3014 - val_loss: 0.2891

Epoch 00024: val_loss did not improve from 0.28901
Epoch 25/8000
 - 43s - loss: 0.3013 - val_loss: 0.2890

Epoch 00025: val_loss did not improve from 0.28901
Epoch 26/8000
 - 43s - loss: 0.3012 - val_loss: 0.2891

Epoch 00026: val_loss did not improve from 0.28901
Epoch 27/8000
 - 43s - loss: 0.3012 - val_loss: 0.2890

Epoch 00027: val_loss did not improve from 0.28901
Epoch 28/8000
 - 43s - loss: 0.3015 - val_loss: 0.2900

Epoch 00028: val_loss did not improve from 0.28901
Epoch 29/8000
 - 43s - loss: 0.3013 - val_loss: 0.2891

Epoch 00029: val_loss did not improve from 0.28901
Epoch 30/8000
 - 43s - loss: 0.3012 - val_loss: 0.2890

Epoch 00030: val_loss improved from 0.28901 to 0.28901, saving model to model_weights/lstm_autoencoder_2020-01-09_18-20-21.h5
Epoch 31/8000
 - 43s - loss: 0.3012 - val_loss: 0.2890

Epoch 00031: val_loss improved from 0.28901 to 0.28900, saving model to model_weights/lstm_autoencoder_2020-01-09_18-20-21.h5
Epoch 32/8000
 - 43s - loss: 0.3012 - val_loss: 0.2890

Epoch 00032: val_loss did not improve from 0.28900
Epoch 33/8000
 - 43s - loss: 0.3012 - val_loss: 0.2901

Epoch 00033: val_loss did not improve from 0.28900
Epoch 34/8000
 - 43s - loss: 0.3013 - val_loss: 0.2892

Epoch 00034: val_loss did not improve from 0.28900
Epoch 35/8000
 - 43s - loss: 0.3012 - val_loss: 0.2890

Epoch 00035: val_loss did not improve from 0.28900
Epoch 36/8000
 - 43s - loss: 0.3013 - val_loss: 0.2892

Epoch 00036: val_loss did not improve from 0.28900
Epoch 37/8000
 - 43s - loss: 0.3013 - val_loss: 0.2890

Epoch 00037: val_loss did not improve from 0.28900
Epoch 38/8000
 - 43s - loss: 0.3013 - val_loss: 0.2893

Epoch 00038: val_loss did not improve from 0.28900
Epoch 39/8000
 - 43s - loss: 0.3013 - val_loss: 0.2891

Epoch 00039: val_loss did not improve from 0.28900
Epoch 40/8000
 - 43s - loss: 0.3013 - val_loss: 0.2892

Epoch 00040: val_loss did not improve from 0.28900
Epoch 41/8000
 - 43s - loss: 0.3012 - val_loss: 0.2890

Epoch 00041: val_loss did not improve from 0.28900
Epoch 42/8000
 - 43s - loss: 0.3013 - val_loss: 0.2890

Epoch 00042: val_loss did not improve from 0.28900
Epoch 43/8000
 - 43s - loss: 0.3013 - val_loss: 0.2890

Epoch 00043: val_loss did not improve from 0.28900
Epoch 44/8000
 - 43s - loss: 0.3012 - val_loss: 0.2890

Epoch 00044: val_loss did not improve from 0.28900
Epoch 45/8000
 - 43s - loss: 0.3012 - val_loss: 0.2890

Epoch 00045: val_loss did not improve from 0.28900
Epoch 46/8000
 - 43s - loss: 0.3012 - val_loss: 0.2890

Epoch 00046: val_loss did not improve from 0.28900
Epoch 47/8000
 - 43s - loss: 0.3013 - val_loss: 0.2891

Epoch 00047: val_loss did not improve from 0.28900
Epoch 48/8000
 - 43s - loss: 0.3012 - val_loss: 0.2890

Epoch 00048: val_loss did not improve from 0.28900
Epoch 49/8000
 - 43s - loss: 0.3012 - val_loss: 0.2890

Epoch 00049: val_loss did not improve from 0.28900
Epoch 50/8000
 - 43s - loss: 0.3012 - val_loss: 0.2890

Epoch 00050: val_loss did not improve from 0.28900
Epoch 51/8000
 - 43s - loss: 0.3012 - val_loss: 0.2895

Epoch 00051: val_loss did not improve from 0.28900
Epoch 52/8000
 - 43s - loss: 0.3013 - val_loss: 0.2890

Epoch 00052: val_loss improved from 0.28900 to 0.28899, saving model to model_weights/lstm_autoencoder_2020-01-09_18-20-21.h5
Epoch 00052: early stopping
