2020-01-09 14:29:07.128182: I tensorflow/core/platform/cpu_feature_guard.cc:141] Your CPU supports instructions that this TensorFlow binary was not compiled to use: SSE4.1 SSE4.2 AVX
2020-01-09 14:29:07.241768: I tensorflow/stream_executor/cuda/cuda_gpu_executor.cc:897] successful NUMA node read from SysFS had negative value (-1), but there must be at least one NUMA node, so returning NUMA node zero
2020-01-09 14:29:07.242351: I tensorflow/core/common_runtime/gpu/gpu_device.cc:1405] Found device 0 with properties: 
name: TITAN Xp major: 6 minor: 1 memoryClockRate(GHz): 1.582
pciBusID: 0000:01:00.0
totalMemory: 11.91GiB freeMemory: 11.73GiB
2020-01-09 14:29:07.242368: I tensorflow/core/common_runtime/gpu/gpu_device.cc:1484] Adding visible gpu devices: 0
2020-01-09 14:29:07.475859: I tensorflow/core/common_runtime/gpu/gpu_device.cc:965] Device interconnect StreamExecutor with strength 1 edge matrix:
2020-01-09 14:29:07.475905: I tensorflow/core/common_runtime/gpu/gpu_device.cc:971]      0 
2020-01-09 14:29:07.475913: I tensorflow/core/common_runtime/gpu/gpu_device.cc:984] 0:   N 
2020-01-09 14:29:07.476187: I tensorflow/core/common_runtime/gpu/gpu_device.cc:1097] Created TensorFlow device (/job:localhost/replica:0/task:0/device:GPU:0 with 11348 MB memory) -> physical GPU (device: 0, name: TITAN Xp, pci bus id: 0000:01:00.0, compute capability: 6.1)
2020-01-09 14:29:07.757144: I tensorflow/core/kernels/cuda_solvers.cc:159] Creating CudaSolver handles for stream 0x55ced72081c0
Train on 32962 samples, validate on 1735 samples
Epoch 1/8000
 - 42s - loss: 0.5771 - val_loss: 0.4976

Epoch 00001: val_loss improved from inf to 0.49759, saving model to lstm_autoencoder_2020-01-09_14-29-06.h5
Epoch 2/8000
 - 40s - loss: 0.5091 - val_loss: 0.4922

Epoch 00002: val_loss improved from 0.49759 to 0.49215, saving model to lstm_autoencoder_2020-01-09_14-29-06.h5
Epoch 3/8000
 - 40s - loss: 0.5063 - val_loss: 0.4909

Epoch 00003: val_loss improved from 0.49215 to 0.49089, saving model to lstm_autoencoder_2020-01-09_14-29-06.h5
Epoch 4/8000
 - 40s - loss: 0.5043 - val_loss: 0.4879

Epoch 00004: val_loss improved from 0.49089 to 0.48789, saving model to lstm_autoencoder_2020-01-09_14-29-06.h5
Epoch 5/8000
 - 40s - loss: 0.5028 - val_loss: 0.4857

Epoch 00005: val_loss improved from 0.48789 to 0.48573, saving model to lstm_autoencoder_2020-01-09_14-29-06.h5
Epoch 6/8000
 - 40s - loss: 0.5011 - val_loss: 0.4838

Epoch 00006: val_loss improved from 0.48573 to 0.48381, saving model to lstm_autoencoder_2020-01-09_14-29-06.h5
Epoch 7/8000
 - 40s - loss: 0.4996 - val_loss: 0.4828

Epoch 00007: val_loss improved from 0.48381 to 0.48277, saving model to lstm_autoencoder_2020-01-09_14-29-06.h5
Epoch 8/8000
 - 40s - loss: 0.4977 - val_loss: 0.4808

Epoch 00008: val_loss improved from 0.48277 to 0.48084, saving model to lstm_autoencoder_2020-01-09_14-29-06.h5
Epoch 9/8000
 - 40s - loss: 0.4960 - val_loss: 0.4813

Epoch 00009: val_loss did not improve from 0.48084
Epoch 10/8000
 - 40s - loss: 0.4941 - val_loss: 0.4749

Epoch 00010: val_loss improved from 0.48084 to 0.47492, saving model to lstm_autoencoder_2020-01-09_14-29-06.h5
Epoch 11/8000
 - 40s - loss: 0.4918 - val_loss: 0.4736

Epoch 00011: val_loss improved from 0.47492 to 0.47363, saving model to lstm_autoencoder_2020-01-09_14-29-06.h5
Epoch 12/8000
 - 40s - loss: 0.4886 - val_loss: 0.4705

Epoch 00012: val_loss improved from 0.47363 to 0.47048, saving model to lstm_autoencoder_2020-01-09_14-29-06.h5
Epoch 13/8000
 - 40s - loss: 0.4849 - val_loss: 0.4680

Epoch 00013: val_loss improved from 0.47048 to 0.46798, saving model to lstm_autoencoder_2020-01-09_14-29-06.h5
Epoch 14/8000
 - 40s - loss: 0.4816 - val_loss: 0.4611

Epoch 00014: val_loss improved from 0.46798 to 0.46111, saving model to lstm_autoencoder_2020-01-09_14-29-06.h5
Epoch 15/8000
 - 40s - loss: 0.4770 - val_loss: 0.4624

Epoch 00015: val_loss did not improve from 0.46111
Epoch 16/8000
 - 40s - loss: 0.4706 - val_loss: 0.4489

Epoch 00016: val_loss improved from 0.46111 to 0.44895, saving model to lstm_autoencoder_2020-01-09_14-29-06.h5
Epoch 17/8000
 - 40s - loss: 0.4581 - val_loss: 0.4307

Epoch 00017: val_loss improved from 0.44895 to 0.43071, saving model to lstm_autoencoder_2020-01-09_14-29-06.h5
Epoch 18/8000
 - 40s - loss: 0.4572 - val_loss: 0.4425

Epoch 00018: val_loss did not improve from 0.43071
Epoch 19/8000
 - 40s - loss: 0.4471 - val_loss: 0.4042

Epoch 00019: val_loss improved from 0.43071 to 0.40423, saving model to lstm_autoencoder_2020-01-09_14-29-06.h5
Epoch 20/8000
 - 40s - loss: 0.4728 - val_loss: 0.4313

Epoch 00020: val_loss did not improve from 0.40423
Epoch 21/8000
 - 40s - loss: 0.4730 - val_loss: 0.4624

Epoch 00021: val_loss did not improve from 0.40423
Epoch 22/8000
 - 40s - loss: 0.4466 - val_loss: 0.4080

Epoch 00022: val_loss did not improve from 0.40423
Epoch 23/8000
 - 40s - loss: 0.4470 - val_loss: 0.4226

Epoch 00023: val_loss did not improve from 0.40423
Epoch 24/8000
 - 40s - loss: 0.4730 - val_loss: 0.4418

Epoch 00024: val_loss did not improve from 0.40423
Epoch 25/8000
 - 40s - loss: 0.4461 - val_loss: 0.4167

Epoch 00025: val_loss did not improve from 0.40423
Epoch 26/8000
 - 40s - loss: 0.4511 - val_loss: 0.4344

Epoch 00026: val_loss did not improve from 0.40423
Epoch 27/8000
 - 40s - loss: 0.4659 - val_loss: 0.4704

Epoch 00027: val_loss did not improve from 0.40423
Epoch 28/8000
 - 40s - loss: 0.4531 - val_loss: 0.4423

Epoch 00028: val_loss did not improve from 0.40423
Epoch 29/8000
 - 40s - loss: 0.4411 - val_loss: 0.4875

Epoch 00029: val_loss did not improve from 0.40423
Epoch 30/8000
 - 40s - loss: 0.4695 - val_loss: 0.4430

Epoch 00030: val_loss did not improve from 0.40423
Epoch 31/8000
 - 40s - loss: 0.4936 - val_loss: 0.4490

Epoch 00031: val_loss did not improve from 0.40423
Epoch 32/8000
 - 40s - loss: 0.4484 - val_loss: 0.4081

Epoch 00032: val_loss did not improve from 0.40423
Epoch 33/8000
 - 40s - loss: 0.5027 - val_loss: 0.4514

Epoch 00033: val_loss did not improve from 0.40423
Epoch 34/8000
 - 40s - loss: 0.4659 - val_loss: 0.4428

Epoch 00034: val_loss did not improve from 0.40423
Epoch 35/8000
 - 40s - loss: 0.4830 - val_loss: 0.4442

Epoch 00035: val_loss did not improve from 0.40423
Epoch 36/8000
 - 40s - loss: 0.4826 - val_loss: 0.4532

Epoch 00036: val_loss did not improve from 0.40423
Epoch 37/8000
 - 40s - loss: 0.5018 - val_loss: 0.4507

Epoch 00037: val_loss did not improve from 0.40423
Epoch 38/8000
 - 40s - loss: 0.4795 - val_loss: 0.4302

Epoch 00038: val_loss did not improve from 0.40423
Epoch 39/8000
 - 40s - loss: 0.4678 - val_loss: 0.4352

Epoch 00039: val_loss did not improve from 0.40423
Epoch 40/8000
 - 40s - loss: 0.4661 - val_loss: 0.4152

Epoch 00040: val_loss did not improve from 0.40423
Epoch 41/8000
 - 40s - loss: 0.4617 - val_loss: 0.4657

Epoch 00041: val_loss did not improve from 0.40423
Epoch 42/8000
 - 40s - loss: 0.4865 - val_loss: 0.4455

Epoch 00042: val_loss did not improve from 0.40423
Epoch 43/8000
 - 40s - loss: 0.4912 - val_loss: 0.4277

Epoch 00043: val_loss did not improve from 0.40423
Epoch 44/8000
 - 40s - loss: 0.5044 - val_loss: 0.4884

Epoch 00044: val_loss did not improve from 0.40423
Epoch 45/8000
 - 40s - loss: 0.4749 - val_loss: 0.4920

Epoch 00045: val_loss did not improve from 0.40423
Epoch 46/8000
 - 40s - loss: 0.4511 - val_loss: 0.4021

Epoch 00046: val_loss improved from 0.40423 to 0.40212, saving model to lstm_autoencoder_2020-01-09_14-29-06.h5
Epoch 47/8000
 - 40s - loss: 0.3971 - val_loss: 0.3560

Epoch 00047: val_loss improved from 0.40212 to 0.35596, saving model to lstm_autoencoder_2020-01-09_14-29-06.h5
Epoch 48/8000
 - 40s - loss: 0.3407 - val_loss: 0.3121

Epoch 00048: val_loss improved from 0.35596 to 0.31210, saving model to lstm_autoencoder_2020-01-09_14-29-06.h5
Epoch 49/8000
 - 40s - loss: 0.3221 - val_loss: 0.3067

Epoch 00049: val_loss improved from 0.31210 to 0.30667, saving model to lstm_autoencoder_2020-01-09_14-29-06.h5
Epoch 50/8000
 - 40s - loss: 0.3173 - val_loss: 0.3008

Epoch 00050: val_loss improved from 0.30667 to 0.30075, saving model to lstm_autoencoder_2020-01-09_14-29-06.h5
Epoch 51/8000
 - 40s - loss: 0.3217 - val_loss: 0.3164

Epoch 00051: val_loss did not improve from 0.30075
Epoch 52/8000
 - 40s - loss: 0.3256 - val_loss: 0.3077

Epoch 00052: val_loss did not improve from 0.30075
Epoch 53/8000
 - 40s - loss: 0.3207 - val_loss: 0.3062

Epoch 00053: val_loss did not improve from 0.30075
Epoch 54/8000
 - 40s - loss: 0.3266 - val_loss: 0.3165

Epoch 00054: val_loss did not improve from 0.30075
Epoch 55/8000
 - 40s - loss: 0.3188 - val_loss: 0.3007

Epoch 00055: val_loss improved from 0.30075 to 0.30074, saving model to lstm_autoencoder_2020-01-09_14-29-06.h5
Epoch 56/8000
 - 40s - loss: 0.3167 - val_loss: 0.2999

Epoch 00056: val_loss improved from 0.30074 to 0.29994, saving model to lstm_autoencoder_2020-01-09_14-29-06.h5
Epoch 57/8000
 - 40s - loss: 0.3103 - val_loss: 0.2992

Epoch 00057: val_loss improved from 0.29994 to 0.29922, saving model to lstm_autoencoder_2020-01-09_14-29-06.h5
Epoch 58/8000
 - 40s - loss: 0.3096 - val_loss: 0.3027

Epoch 00058: val_loss did not improve from 0.29922
Epoch 59/8000
 - 40s - loss: 0.3107 - val_loss: 0.2975

Epoch 00059: val_loss improved from 0.29922 to 0.29754, saving model to lstm_autoencoder_2020-01-09_14-29-06.h5
Epoch 60/8000
 - 40s - loss: 0.3083 - val_loss: 0.2972

Epoch 00060: val_loss improved from 0.29754 to 0.29716, saving model to lstm_autoencoder_2020-01-09_14-29-06.h5
Epoch 61/8000
 - 40s - loss: 0.3089 - val_loss: 0.2959

Epoch 00061: val_loss improved from 0.29716 to 0.29593, saving model to lstm_autoencoder_2020-01-09_14-29-06.h5
Epoch 62/8000
 - 40s - loss: 0.3079 - val_loss: 0.2975

Epoch 00062: val_loss did not improve from 0.29593
Epoch 63/8000
 - 40s - loss: 0.3085 - val_loss: 0.2984

Epoch 00063: val_loss did not improve from 0.29593
Epoch 64/8000
 - 40s - loss: 0.3084 - val_loss: 0.2942

Epoch 00064: val_loss improved from 0.29593 to 0.29420, saving model to lstm_autoencoder_2020-01-09_14-29-06.h5
Epoch 65/8000
 - 40s - loss: 0.3070 - val_loss: 0.2936

Epoch 00065: val_loss improved from 0.29420 to 0.29358, saving model to lstm_autoencoder_2020-01-09_14-29-06.h5
Epoch 66/8000
 - 40s - loss: 0.3076 - val_loss: 0.2937

Epoch 00066: val_loss did not improve from 0.29358
Epoch 67/8000
 - 40s - loss: 0.3071 - val_loss: 0.2936

Epoch 00067: val_loss did not improve from 0.29358
Epoch 68/8000
 - 40s - loss: 0.3064 - val_loss: 0.2937

Epoch 00068: val_loss did not improve from 0.29358
Epoch 69/8000
 - 40s - loss: 0.3062 - val_loss: 0.2939

Epoch 00069: val_loss did not improve from 0.29358
Epoch 70/8000
 - 40s - loss: 0.3064 - val_loss: 0.2952

Epoch 00070: val_loss did not improve from 0.29358
Epoch 71/8000
 - 40s - loss: 0.3063 - val_loss: 0.2943

Epoch 00071: val_loss did not improve from 0.29358
Epoch 72/8000
 - 40s - loss: 0.3162 - val_loss: 0.3005

Epoch 00072: val_loss did not improve from 0.29358
Epoch 73/8000
 - 40s - loss: 0.3119 - val_loss: 0.2974

Epoch 00073: val_loss did not improve from 0.29358
Epoch 74/8000
 - 40s - loss: 0.3071 - val_loss: 0.3003

Epoch 00074: val_loss did not improve from 0.29358
Epoch 75/8000
 - 40s - loss: 0.3057 - val_loss: 0.2921

Epoch 00075: val_loss improved from 0.29358 to 0.29211, saving model to lstm_autoencoder_2020-01-09_14-29-06.h5
Epoch 76/8000
 - 40s - loss: 0.3045 - val_loss: 0.2927

Epoch 00076: val_loss did not improve from 0.29211
Epoch 77/8000
 - 40s - loss: 0.3052 - val_loss: 0.2928

Epoch 00077: val_loss did not improve from 0.29211
Epoch 78/8000
 - 40s - loss: 0.3044 - val_loss: 0.2913

Epoch 00078: val_loss improved from 0.29211 to 0.29133, saving model to lstm_autoencoder_2020-01-09_14-29-06.h5
Epoch 79/8000
 - 40s - loss: 0.3039 - val_loss: 0.2919

Epoch 00079: val_loss did not improve from 0.29133
Epoch 80/8000
 - 40s - loss: 0.3041 - val_loss: 0.2909

Epoch 00080: val_loss improved from 0.29133 to 0.29091, saving model to lstm_autoencoder_2020-01-09_14-29-06.h5
Epoch 81/8000
 - 40s - loss: 0.3042 - val_loss: 0.2914

Epoch 00081: val_loss did not improve from 0.29091
Epoch 82/8000
 - 40s - loss: 0.3051 - val_loss: 0.2910

Epoch 00082: val_loss did not improve from 0.29091
Epoch 83/8000
 - 40s - loss: 0.3043 - val_loss: 0.2910

Epoch 00083: val_loss did not improve from 0.29091
Epoch 84/8000
 - 40s - loss: 0.3039 - val_loss: 0.2907

Epoch 00084: val_loss improved from 0.29091 to 0.29073, saving model to lstm_autoencoder_2020-01-09_14-29-06.h5
Epoch 85/8000
 - 40s - loss: 0.3035 - val_loss: 0.2906

Epoch 00085: val_loss improved from 0.29073 to 0.29056, saving model to lstm_autoencoder_2020-01-09_14-29-06.h5
Epoch 86/8000
 - 40s - loss: 0.3035 - val_loss: 0.2911

Epoch 00086: val_loss did not improve from 0.29056
Epoch 87/8000
 - 40s - loss: 0.3037 - val_loss: 0.2920

Epoch 00087: val_loss did not improve from 0.29056
Epoch 88/8000
 - 40s - loss: 0.3037 - val_loss: 0.2915

Epoch 00088: val_loss did not improve from 0.29056
Epoch 89/8000
 - 40s - loss: 0.3036 - val_loss: 0.2909

Epoch 00089: val_loss did not improve from 0.29056
Epoch 90/8000
 - 40s - loss: 0.3034 - val_loss: 0.2910

Epoch 00090: val_loss did not improve from 0.29056
Epoch 91/8000
 - 40s - loss: 0.3030 - val_loss: 0.2904

Epoch 00091: val_loss improved from 0.29056 to 0.29043, saving model to lstm_autoencoder_2020-01-09_14-29-06.h5
Epoch 92/8000
 - 40s - loss: 0.3030 - val_loss: 0.2905

Epoch 00092: val_loss did not improve from 0.29043
Epoch 93/8000
 - 40s - loss: 0.3035 - val_loss: 0.2902

Epoch 00093: val_loss improved from 0.29043 to 0.29023, saving model to lstm_autoencoder_2020-01-09_14-29-06.h5
Epoch 94/8000
 - 40s - loss: 0.3029 - val_loss: 0.2909

Epoch 00094: val_loss did not improve from 0.29023
Epoch 95/8000
 - 40s - loss: 0.3029 - val_loss: 0.2906

Epoch 00095: val_loss did not improve from 0.29023
Epoch 96/8000
 - 40s - loss: 0.3029 - val_loss: 0.2903

Epoch 00096: val_loss did not improve from 0.29023
Epoch 97/8000
 - 40s - loss: 0.3031 - val_loss: 0.2920

Epoch 00097: val_loss did not improve from 0.29023
Epoch 98/8000
 - 40s - loss: 0.3034 - val_loss: 0.2908

Epoch 00098: val_loss did not improve from 0.29023
Epoch 99/8000
 - 40s - loss: 0.3027 - val_loss: 0.2911

Epoch 00099: val_loss did not improve from 0.29023
Epoch 100/8000
 - 40s - loss: 0.3026 - val_loss: 0.2908

Epoch 00100: val_loss did not improve from 0.29023
Epoch 101/8000
 - 40s - loss: 0.3027 - val_loss: 0.2908

Epoch 00101: val_loss did not improve from 0.29023
Epoch 102/8000
 - 40s - loss: 0.3026 - val_loss: 0.2900

Epoch 00102: val_loss improved from 0.29023 to 0.29002, saving model to lstm_autoencoder_2020-01-09_14-29-06.h5
Epoch 103/8000
 - 40s - loss: 0.3025 - val_loss: 0.2900

Epoch 00103: val_loss improved from 0.29002 to 0.28997, saving model to lstm_autoencoder_2020-01-09_14-29-06.h5
Epoch 104/8000
 - 40s - loss: 0.3026 - val_loss: 0.2910

Epoch 00104: val_loss did not improve from 0.28997
Epoch 105/8000
 - 40s - loss: 0.3033 - val_loss: 0.2912

Epoch 00105: val_loss did not improve from 0.28997
Epoch 106/8000
 - 40s - loss: 0.3027 - val_loss: 0.2908

Epoch 00106: val_loss did not improve from 0.28997
Epoch 107/8000
 - 40s - loss: 0.3026 - val_loss: 0.2898

Epoch 00107: val_loss improved from 0.28997 to 0.28982, saving model to lstm_autoencoder_2020-01-09_14-29-06.h5
Epoch 108/8000
 - 40s - loss: 0.3026 - val_loss: 0.2906

Epoch 00108: val_loss did not improve from 0.28982
Epoch 109/8000
 - 40s - loss: 0.3025 - val_loss: 0.2897

Epoch 00109: val_loss improved from 0.28982 to 0.28971, saving model to lstm_autoencoder_2020-01-09_14-29-06.h5
Epoch 110/8000
 - 40s - loss: 0.3024 - val_loss: 0.2908

Epoch 00110: val_loss did not improve from 0.28971
Epoch 111/8000
 - 40s - loss: 0.3023 - val_loss: 0.2898

Epoch 00111: val_loss did not improve from 0.28971
Epoch 112/8000
 - 40s - loss: 0.3026 - val_loss: 0.2919

Epoch 00112: val_loss did not improve from 0.28971
Epoch 113/8000
 - 40s - loss: 0.3023 - val_loss: 0.2903

Epoch 00113: val_loss did not improve from 0.28971
Epoch 114/8000
 - 40s - loss: 0.3023 - val_loss: 0.2914

Epoch 00114: val_loss did not improve from 0.28971
Epoch 115/8000
 - 40s - loss: 0.3025 - val_loss: 0.2900

Epoch 00115: val_loss did not improve from 0.28971
Epoch 116/8000
 - 40s - loss: 0.3023 - val_loss: 0.2896

Epoch 00116: val_loss improved from 0.28971 to 0.28960, saving model to lstm_autoencoder_2020-01-09_14-29-06.h5
Epoch 117/8000
 - 40s - loss: 0.3022 - val_loss: 0.2896

Epoch 00117: val_loss did not improve from 0.28960
Epoch 118/8000
 - 40s - loss: 0.3021 - val_loss: 0.2902

Epoch 00118: val_loss did not improve from 0.28960
Epoch 119/8000
 - 40s - loss: 0.3024 - val_loss: 0.2897

Epoch 00119: val_loss did not improve from 0.28960
Epoch 120/8000
 - 40s - loss: 0.3021 - val_loss: 0.2895

Epoch 00120: val_loss improved from 0.28960 to 0.28953, saving model to lstm_autoencoder_2020-01-09_14-29-06.h5
Epoch 121/8000
 - 40s - loss: 0.3021 - val_loss: 0.2898

Epoch 00121: val_loss did not improve from 0.28953
Epoch 122/8000
 - 40s - loss: 0.3021 - val_loss: 0.2896

Epoch 00122: val_loss did not improve from 0.28953
Epoch 123/8000
 - 40s - loss: 0.3026 - val_loss: 0.2897

Epoch 00123: val_loss did not improve from 0.28953
Epoch 124/8000
 - 40s - loss: 0.3022 - val_loss: 0.2909

Epoch 00124: val_loss did not improve from 0.28953
Epoch 125/8000
 - 40s - loss: 0.3019 - val_loss: 0.2895

Epoch 00125: val_loss improved from 0.28953 to 0.28951, saving model to lstm_autoencoder_2020-01-09_14-29-06.h5
Epoch 126/8000
 - 40s - loss: 0.3021 - val_loss: 0.2896

Epoch 00126: val_loss did not improve from 0.28951
Epoch 127/8000
 - 40s - loss: 0.3018 - val_loss: 0.2897

Epoch 00127: val_loss did not improve from 0.28951
Epoch 128/8000
 - 40s - loss: 0.3023 - val_loss: 0.2901

Epoch 00128: val_loss did not improve from 0.28951
Epoch 129/8000
 - 40s - loss: 0.3019 - val_loss: 0.2896

Epoch 00129: val_loss did not improve from 0.28951
Epoch 130/8000
 - 40s - loss: 0.3040 - val_loss: 0.2925

Epoch 00130: val_loss did not improve from 0.28951
Epoch 131/8000
 - 40s - loss: 0.3031 - val_loss: 0.2898

Epoch 00131: val_loss did not improve from 0.28951
Epoch 132/8000
 - 40s - loss: 0.3025 - val_loss: 0.2897

Epoch 00132: val_loss did not improve from 0.28951
Epoch 133/8000
 - 40s - loss: 0.3022 - val_loss: 0.2898

Epoch 00133: val_loss did not improve from 0.28951
Epoch 134/8000
 - 40s - loss: 0.3025 - val_loss: 0.2898

Epoch 00134: val_loss did not improve from 0.28951
Epoch 135/8000
 - 40s - loss: 0.3022 - val_loss: 0.2896

Epoch 00135: val_loss did not improve from 0.28951
Epoch 136/8000
 - 40s - loss: 0.3021 - val_loss: 0.2896

Epoch 00136: val_loss did not improve from 0.28951
Epoch 137/8000
 - 40s - loss: 0.3022 - val_loss: 0.2901

Epoch 00137: val_loss did not improve from 0.28951
Epoch 138/8000
 - 40s - loss: 0.3022 - val_loss: 0.2908

Epoch 00138: val_loss did not improve from 0.28951
Epoch 139/8000
 - 40s - loss: 0.3020 - val_loss: 0.2899

Epoch 00139: val_loss did not improve from 0.28951
Epoch 140/8000
 - 40s - loss: 0.3018 - val_loss: 0.2900

Epoch 00140: val_loss did not improve from 0.28951
Epoch 141/8000
 - 40s - loss: 0.3019 - val_loss: 0.2895

Epoch 00141: val_loss improved from 0.28951 to 0.28946, saving model to lstm_autoencoder_2020-01-09_14-29-06.h5
Epoch 142/8000
 - 40s - loss: 0.3021 - val_loss: 0.2899

Epoch 00142: val_loss did not improve from 0.28946
Epoch 143/8000
 - 40s - loss: 0.3019 - val_loss: 0.2894

Epoch 00143: val_loss improved from 0.28946 to 0.28945, saving model to lstm_autoencoder_2020-01-09_14-29-06.h5
Epoch 144/8000
 - 40s - loss: 0.3022 - val_loss: 0.2902

Epoch 00144: val_loss did not improve from 0.28945
Epoch 145/8000
 - 40s - loss: 0.3019 - val_loss: 0.2895

Epoch 00145: val_loss did not improve from 0.28945
Epoch 146/8000
 - 40s - loss: 0.3019 - val_loss: 0.2897

Epoch 00146: val_loss did not improve from 0.28945
Epoch 147/8000
 - 40s - loss: 0.3019 - val_loss: 0.2895

Epoch 00147: val_loss did not improve from 0.28945
Epoch 148/8000
 - 40s - loss: 0.3017 - val_loss: 0.2894

Epoch 00148: val_loss improved from 0.28945 to 0.28938, saving model to lstm_autoencoder_2020-01-09_14-29-06.h5
Epoch 149/8000
 - 40s - loss: 0.3019 - val_loss: 0.2900

Epoch 00149: val_loss did not improve from 0.28938
Epoch 150/8000
 - 40s - loss: 0.3019 - val_loss: 0.2894

Epoch 00150: val_loss did not improve from 0.28938
Epoch 151/8000
 - 40s - loss: 0.3019 - val_loss: 0.2896

Epoch 00151: val_loss did not improve from 0.28938
Epoch 152/8000
 - 40s - loss: 0.3018 - val_loss: 0.2897

Epoch 00152: val_loss did not improve from 0.28938
Epoch 153/8000
 - 40s - loss: 0.3017 - val_loss: 0.2894

Epoch 00153: val_loss did not improve from 0.28938
Epoch 154/8000
 - 40s - loss: 0.3018 - val_loss: 0.2901

Epoch 00154: val_loss did not improve from 0.28938
Epoch 155/8000
 - 40s - loss: 0.3019 - val_loss: 0.2895

Epoch 00155: val_loss did not improve from 0.28938
Epoch 156/8000
 - 40s - loss: 0.3018 - val_loss: 0.2894

Epoch 00156: val_loss improved from 0.28938 to 0.28936, saving model to lstm_autoencoder_2020-01-09_14-29-06.h5
Epoch 157/8000
 - 40s - loss: 0.3017 - val_loss: 0.2897

Epoch 00157: val_loss did not improve from 0.28936
Epoch 158/8000
 - 40s - loss: 0.3017 - val_loss: 0.2894

Epoch 00158: val_loss did not improve from 0.28936
Epoch 159/8000
 - 40s - loss: 0.3016 - val_loss: 0.2893

Epoch 00159: val_loss improved from 0.28936 to 0.28934, saving model to lstm_autoencoder_2020-01-09_14-29-06.h5
Epoch 160/8000
 - 40s - loss: 0.3019 - val_loss: 0.2894

Epoch 00160: val_loss did not improve from 0.28934
Epoch 161/8000
 - 40s - loss: 0.3017 - val_loss: 0.2893

Epoch 00161: val_loss improved from 0.28934 to 0.28931, saving model to lstm_autoencoder_2020-01-09_14-29-06.h5
Epoch 162/8000
 - 40s - loss: 0.3017 - val_loss: 0.2893

Epoch 00162: val_loss did not improve from 0.28931
Epoch 163/8000
 - 40s - loss: 0.3018 - val_loss: 0.2899

Epoch 00163: val_loss did not improve from 0.28931
Epoch 164/8000
 - 40s - loss: 0.3018 - val_loss: 0.2893

Epoch 00164: val_loss improved from 0.28931 to 0.28931, saving model to lstm_autoencoder_2020-01-09_14-29-06.h5
Epoch 165/8000
 - 40s - loss: 0.3016 - val_loss: 0.2898

Epoch 00165: val_loss did not improve from 0.28931
Epoch 166/8000
 - 40s - loss: 0.3022 - val_loss: 0.2904

Epoch 00166: val_loss did not improve from 0.28931
Epoch 167/8000
 - 40s - loss: 0.3018 - val_loss: 0.2895

Epoch 00167: val_loss did not improve from 0.28931
Epoch 168/8000
 - 40s - loss: 0.3017 - val_loss: 0.2897

Epoch 00168: val_loss did not improve from 0.28931
Epoch 169/8000
 - 40s - loss: 0.3018 - val_loss: 0.2903

Epoch 00169: val_loss did not improve from 0.28931
Epoch 170/8000
 - 40s - loss: 0.3022 - val_loss: 0.2919

Epoch 00170: val_loss did not improve from 0.28931
Epoch 171/8000
 - 40s - loss: 0.3024 - val_loss: 0.2894

Epoch 00171: val_loss did not improve from 0.28931
Epoch 172/8000
 - 40s - loss: 0.3021 - val_loss: 0.2923

Epoch 00172: val_loss did not improve from 0.28931
Epoch 173/8000
 - 40s - loss: 0.3022 - val_loss: 0.2894

Epoch 00173: val_loss did not improve from 0.28931
Epoch 174/8000
 - 40s - loss: 0.3019 - val_loss: 0.2897

Epoch 00174: val_loss did not improve from 0.28931
Epoch 175/8000
 - 40s - loss: 0.3017 - val_loss: 0.2893

Epoch 00175: val_loss did not improve from 0.28931
Epoch 176/8000
 - 40s - loss: 0.3016 - val_loss: 0.2893

Epoch 00176: val_loss did not improve from 0.28931
Epoch 177/8000
 - 40s - loss: 0.3017 - val_loss: 0.2898

Epoch 00177: val_loss did not improve from 0.28931
Epoch 178/8000
 - 40s - loss: 0.3018 - val_loss: 0.2893

Epoch 00178: val_loss improved from 0.28931 to 0.28931, saving model to lstm_autoencoder_2020-01-09_14-29-06.h5
Epoch 179/8000
 - 40s - loss: 0.3016 - val_loss: 0.2893

Epoch 00179: val_loss improved from 0.28931 to 0.28929, saving model to lstm_autoencoder_2020-01-09_14-29-06.h5
Epoch 180/8000
 - 40s - loss: 0.3016 - val_loss: 0.2896

Epoch 00180: val_loss did not improve from 0.28929
Epoch 181/8000
 - 40s - loss: 0.3017 - val_loss: 0.2895

Epoch 00181: val_loss did not improve from 0.28929
Epoch 182/8000
 - 40s - loss: 0.3016 - val_loss: 0.2897

Epoch 00182: val_loss did not improve from 0.28929
Epoch 183/8000
 - 40s - loss: 0.3017 - val_loss: 0.2893

Epoch 00183: val_loss improved from 0.28929 to 0.28928, saving model to lstm_autoencoder_2020-01-09_14-29-06.h5
Epoch 184/8000
 - 40s - loss: 0.3016 - val_loss: 0.2907

Epoch 00184: val_loss did not improve from 0.28928
Epoch 185/8000
 - 40s - loss: 0.3018 - val_loss: 0.2904

Epoch 00185: val_loss did not improve from 0.28928
Epoch 186/8000
 - 40s - loss: 0.3017 - val_loss: 0.2893

Epoch 00186: val_loss improved from 0.28928 to 0.28927, saving model to lstm_autoencoder_2020-01-09_14-29-06.h5
Epoch 187/8000
 - 40s - loss: 0.3015 - val_loss: 0.2892

Epoch 00187: val_loss improved from 0.28927 to 0.28924, saving model to lstm_autoencoder_2020-01-09_14-29-06.h5
Epoch 188/8000
 - 40s - loss: 0.3016 - val_loss: 0.2892

Epoch 00188: val_loss did not improve from 0.28924
Epoch 189/8000
 - 40s - loss: 0.3017 - val_loss: 0.2892

Epoch 00189: val_loss did not improve from 0.28924
Epoch 190/8000
 - 40s - loss: 0.3015 - val_loss: 0.2895

Epoch 00190: val_loss did not improve from 0.28924
Epoch 191/8000
 - 40s - loss: 0.3017 - val_loss: 0.2895

Epoch 00191: val_loss did not improve from 0.28924
Epoch 192/8000
 - 40s - loss: 0.3015 - val_loss: 0.2894

Epoch 00192: val_loss did not improve from 0.28924
Epoch 193/8000
 - 40s - loss: 0.3016 - val_loss: 0.2893

Epoch 00193: val_loss did not improve from 0.28924
Epoch 194/8000
 - 40s - loss: 0.3016 - val_loss: 0.2894

Epoch 00194: val_loss did not improve from 0.28924
Epoch 195/8000
 - 40s - loss: 0.3017 - val_loss: 0.2896

Epoch 00195: val_loss did not improve from 0.28924
Epoch 196/8000
 - 40s - loss: 0.3017 - val_loss: 0.2898

Epoch 00196: val_loss did not improve from 0.28924
Epoch 197/8000
 - 40s - loss: 0.3018 - val_loss: 0.2897

Epoch 00197: val_loss did not improve from 0.28924
Epoch 198/8000
 - 40s - loss: 0.3018 - val_loss: 0.2899

Epoch 00198: val_loss did not improve from 0.28924
Epoch 199/8000
 - 40s - loss: 0.3016 - val_loss: 0.2892

Epoch 00199: val_loss did not improve from 0.28924
Epoch 200/8000
 - 40s - loss: 0.3016 - val_loss: 0.2899

Epoch 00200: val_loss did not improve from 0.28924
Epoch 201/8000
 - 40s - loss: 0.3019 - val_loss: 0.2893

Epoch 00201: val_loss did not improve from 0.28924
Epoch 202/8000
 - 40s - loss: 0.3017 - val_loss: 0.2893

Epoch 00202: val_loss did not improve from 0.28924
Epoch 203/8000
 - 40s - loss: 0.3016 - val_loss: 0.2893

Epoch 00203: val_loss did not improve from 0.28924
Epoch 204/8000
 - 40s - loss: 0.3015 - val_loss: 0.2892

Epoch 00204: val_loss improved from 0.28924 to 0.28921, saving model to lstm_autoencoder_2020-01-09_14-29-06.h5
Epoch 205/8000
 - 40s - loss: 0.3016 - val_loss: 0.2894

Epoch 00205: val_loss did not improve from 0.28921
Epoch 206/8000
 - 40s - loss: 0.3016 - val_loss: 0.2892

Epoch 00206: val_loss improved from 0.28921 to 0.28920, saving model to lstm_autoencoder_2020-01-09_14-29-06.h5
Epoch 207/8000
 - 40s - loss: 0.3017 - val_loss: 0.2892

Epoch 00207: val_loss did not improve from 0.28920
Epoch 208/8000
 - 40s - loss: 0.3015 - val_loss: 0.2896

Epoch 00208: val_loss did not improve from 0.28920
Epoch 209/8000
 - 40s - loss: 0.3016 - val_loss: 0.2892

Epoch 00209: val_loss improved from 0.28920 to 0.28919, saving model to lstm_autoencoder_2020-01-09_14-29-06.h5
Epoch 210/8000
 - 40s - loss: 0.3015 - val_loss: 0.2898

Epoch 00210: val_loss did not improve from 0.28919
Epoch 211/8000
 - 40s - loss: 0.3016 - val_loss: 0.2892

Epoch 00211: val_loss did not improve from 0.28919
Epoch 212/8000
 - 40s - loss: 0.3017 - val_loss: 0.2897

Epoch 00212: val_loss did not improve from 0.28919
Epoch 213/8000
 - 40s - loss: 0.3015 - val_loss: 0.2893

Epoch 00213: val_loss did not improve from 0.28919
Epoch 214/8000
 - 40s - loss: 0.3015 - val_loss: 0.2895

Epoch 00214: val_loss did not improve from 0.28919
Epoch 215/8000
 - 40s - loss: 0.3017 - val_loss: 0.2894

Epoch 00215: val_loss did not improve from 0.28919
Epoch 216/8000
 - 40s - loss: 0.3016 - val_loss: 0.2892

Epoch 00216: val_loss did not improve from 0.28919
Epoch 217/8000
 - 40s - loss: 0.3016 - val_loss: 0.2894

Epoch 00217: val_loss did not improve from 0.28919
Epoch 218/8000
 - 40s - loss: 0.3016 - val_loss: 0.2892

Epoch 00218: val_loss did not improve from 0.28919
Epoch 219/8000
 - 40s - loss: 0.3015 - val_loss: 0.2892

Epoch 00219: val_loss improved from 0.28919 to 0.28918, saving model to lstm_autoencoder_2020-01-09_14-29-06.h5
Epoch 220/8000
 - 40s - loss: 0.3016 - val_loss: 0.2892

Epoch 00220: val_loss did not improve from 0.28918
Epoch 221/8000
 - 40s - loss: 0.3015 - val_loss: 0.2892

Epoch 00221: val_loss did not improve from 0.28918
Epoch 222/8000
 - 40s - loss: 0.3015 - val_loss: 0.2892

Epoch 00222: val_loss improved from 0.28918 to 0.28918, saving model to lstm_autoencoder_2020-01-09_14-29-06.h5
Epoch 223/8000
 - 40s - loss: 0.3015 - val_loss: 0.2896

Epoch 00223: val_loss did not improve from 0.28918
Epoch 224/8000
 - 40s - loss: 0.3017 - val_loss: 0.2892

Epoch 00224: val_loss did not improve from 0.28918
Epoch 225/8000
 - 40s - loss: 0.3014 - val_loss: 0.2892

Epoch 00225: val_loss did not improve from 0.28918
Epoch 226/8000
 - 40s - loss: 0.3015 - val_loss: 0.2892

Epoch 00226: val_loss did not improve from 0.28918
Epoch 227/8000
 - 40s - loss: 0.3016 - val_loss: 0.2894

Epoch 00227: val_loss did not improve from 0.28918
Epoch 228/8000
 - 40s - loss: 0.3015 - val_loss: 0.2893

Epoch 00228: val_loss did not improve from 0.28918
Epoch 229/8000
 - 40s - loss: 0.3016 - val_loss: 0.2892

Epoch 00229: val_loss improved from 0.28918 to 0.28916, saving model to lstm_autoencoder_2020-01-09_14-29-06.h5
Epoch 230/8000
 - 40s - loss: 0.3014 - val_loss: 0.2895

Epoch 00230: val_loss did not improve from 0.28916
Epoch 231/8000
 - 40s - loss: 0.3015 - val_loss: 0.2894

Epoch 00231: val_loss did not improve from 0.28916
Epoch 232/8000
 - 40s - loss: 0.3016 - val_loss: 0.2893

Epoch 00232: val_loss did not improve from 0.28916
Epoch 233/8000
 - 40s - loss: 0.3015 - val_loss: 0.2891

Epoch 00233: val_loss improved from 0.28916 to 0.28915, saving model to lstm_autoencoder_2020-01-09_14-29-06.h5
Epoch 234/8000
 - 40s - loss: 0.3015 - val_loss: 0.2896

Epoch 00234: val_loss did not improve from 0.28915
Epoch 235/8000
 - 40s - loss: 0.3016 - val_loss: 0.2892

Epoch 00235: val_loss did not improve from 0.28915
Epoch 236/8000
 - 40s - loss: 0.3015 - val_loss: 0.2894

Epoch 00236: val_loss did not improve from 0.28915
Epoch 237/8000
 - 40s - loss: 0.3015 - val_loss: 0.2891

Epoch 00237: val_loss did not improve from 0.28915
Epoch 238/8000
 - 40s - loss: 0.3015 - val_loss: 0.2895

Epoch 00238: val_loss did not improve from 0.28915
Epoch 239/8000
 - 40s - loss: 0.3014 - val_loss: 0.2897

Epoch 00239: val_loss did not improve from 0.28915
Epoch 240/8000
 - 40s - loss: 0.3016 - val_loss: 0.2892

Epoch 00240: val_loss did not improve from 0.28915
Epoch 241/8000
 - 40s - loss: 0.3014 - val_loss: 0.2892

Epoch 00241: val_loss did not improve from 0.28915
Epoch 242/8000
 - 40s - loss: 0.3015 - val_loss: 0.2895

Epoch 00242: val_loss did not improve from 0.28915
Epoch 243/8000
 - 40s - loss: 0.3019 - val_loss: 0.2892

Epoch 00243: val_loss did not improve from 0.28915
Epoch 244/8000
 - 40s - loss: 0.3014 - val_loss: 0.2891

Epoch 00244: val_loss improved from 0.28915 to 0.28914, saving model to lstm_autoencoder_2020-01-09_14-29-06.h5
Epoch 245/8000
 - 40s - loss: 0.3015 - val_loss: 0.2895

Epoch 00245: val_loss did not improve from 0.28914
Epoch 246/8000
 - 40s - loss: 0.3014 - val_loss: 0.2891

Epoch 00246: val_loss improved from 0.28914 to 0.28913, saving model to lstm_autoencoder_2020-01-09_14-29-06.h5
Epoch 247/8000
 - 40s - loss: 0.3014 - val_loss: 0.2892

Epoch 00247: val_loss did not improve from 0.28913
Epoch 248/8000
 - 40s - loss: 0.3014 - val_loss: 0.2892

Epoch 00248: val_loss did not improve from 0.28913
Epoch 249/8000
 - 40s - loss: 0.3014 - val_loss: 0.2894

Epoch 00249: val_loss did not improve from 0.28913
Epoch 250/8000
 - 40s - loss: 0.3015 - val_loss: 0.2893

Epoch 00250: val_loss did not improve from 0.28913
Epoch 251/8000
 - 40s - loss: 0.3014 - val_loss: 0.2893

Epoch 00251: val_loss did not improve from 0.28913
Epoch 252/8000
 - 40s - loss: 0.3014 - val_loss: 0.2895

Epoch 00252: val_loss did not improve from 0.28913
Epoch 253/8000
 - 40s - loss: 0.3016 - val_loss: 0.2893

Epoch 00253: val_loss did not improve from 0.28913
Epoch 254/8000
 - 40s - loss: 0.3015 - val_loss: 0.2892

Epoch 00254: val_loss did not improve from 0.28913
Epoch 255/8000
 - 40s - loss: 0.3014 - val_loss: 0.2891

Epoch 00255: val_loss improved from 0.28913 to 0.28913, saving model to lstm_autoencoder_2020-01-09_14-29-06.h5
Epoch 256/8000
 - 40s - loss: 0.3014 - val_loss: 0.2892

Epoch 00256: val_loss did not improve from 0.28913
Epoch 257/8000
 - 40s - loss: 0.3015 - val_loss: 0.2892

Epoch 00257: val_loss did not improve from 0.28913
Epoch 258/8000
 - 40s - loss: 0.3015 - val_loss: 0.2891

Epoch 00258: val_loss improved from 0.28913 to 0.28913, saving model to lstm_autoencoder_2020-01-09_14-29-06.h5
Epoch 259/8000
 - 40s - loss: 0.3015 - val_loss: 0.2891

Epoch 00259: val_loss did not improve from 0.28913
Epoch 260/8000
 - 40s - loss: 0.3014 - val_loss: 0.2891

Epoch 00260: val_loss improved from 0.28913 to 0.28912, saving model to lstm_autoencoder_2020-01-09_14-29-06.h5
Epoch 261/8000
 - 40s - loss: 0.3015 - val_loss: 0.2892

Epoch 00261: val_loss did not improve from 0.28912
Epoch 262/8000
 - 40s - loss: 0.3013 - val_loss: 0.2891

Epoch 00262: val_loss did not improve from 0.28912
Epoch 263/8000
 - 40s - loss: 0.3016 - val_loss: 0.2905

Epoch 00263: val_loss did not improve from 0.28912
Epoch 264/8000
 - 40s - loss: 0.3016 - val_loss: 0.2894

Epoch 00264: val_loss did not improve from 0.28912
Epoch 265/8000
 - 40s - loss: 0.3013 - val_loss: 0.2891

Epoch 00265: val_loss did not improve from 0.28912
Epoch 266/8000
 - 40s - loss: 0.3014 - val_loss: 0.2891

Epoch 00266: val_loss did not improve from 0.28912
Epoch 267/8000
 - 40s - loss: 0.3013 - val_loss: 0.2891

Epoch 00267: val_loss improved from 0.28912 to 0.28911, saving model to lstm_autoencoder_2020-01-09_14-29-06.h5
Epoch 268/8000
 - 40s - loss: 0.3013 - val_loss: 0.2893

Epoch 00268: val_loss did not improve from 0.28911
Epoch 269/8000
 - 40s - loss: 0.3015 - val_loss: 0.2892

Epoch 00269: val_loss did not improve from 0.28911
Epoch 270/8000
 - 40s - loss: 0.3015 - val_loss: 0.2892

Epoch 00270: val_loss did not improve from 0.28911
Epoch 271/8000
 - 40s - loss: 0.3014 - val_loss: 0.2891

Epoch 00271: val_loss did not improve from 0.28911
Epoch 272/8000
 - 40s - loss: 0.3014 - val_loss: 0.2891

Epoch 00272: val_loss did not improve from 0.28911
Epoch 273/8000
 - 40s - loss: 0.3015 - val_loss: 0.2895

Epoch 00273: val_loss did not improve from 0.28911
Epoch 274/8000
 - 40s - loss: 0.3014 - val_loss: 0.2894

Epoch 00274: val_loss did not improve from 0.28911
Epoch 275/8000
 - 40s - loss: 0.3015 - val_loss: 0.2891

Epoch 00275: val_loss improved from 0.28911 to 0.28910, saving model to lstm_autoencoder_2020-01-09_14-29-06.h5
Epoch 276/8000
 - 40s - loss: 0.3014 - val_loss: 0.2891

Epoch 00276: val_loss did not improve from 0.28910
Epoch 277/8000
 - 40s - loss: 0.3013 - val_loss: 0.2892

Epoch 00277: val_loss did not improve from 0.28910
Epoch 278/8000
 - 40s - loss: 0.3014 - val_loss: 0.2892

Epoch 00278: val_loss did not improve from 0.28910
Epoch 279/8000
 - 40s - loss: 0.3014 - val_loss: 0.2906

Epoch 00279: val_loss did not improve from 0.28910
Epoch 280/8000
 - 40s - loss: 0.3015 - val_loss: 0.2894

Epoch 00280: val_loss did not improve from 0.28910
Epoch 281/8000
 - 40s - loss: 0.3013 - val_loss: 0.2896

Epoch 00281: val_loss did not improve from 0.28910
Epoch 282/8000
 - 40s - loss: 0.3013 - val_loss: 0.2891

Epoch 00282: val_loss improved from 0.28910 to 0.28910, saving model to lstm_autoencoder_2020-01-09_14-29-06.h5
Epoch 283/8000
 - 40s - loss: 0.3015 - val_loss: 0.2906

Epoch 00283: val_loss did not improve from 0.28910
Epoch 284/8000
 - 40s - loss: 0.3017 - val_loss: 0.2898

Epoch 00284: val_loss did not improve from 0.28910
Epoch 285/8000
 - 40s - loss: 0.3015 - val_loss: 0.2897

Epoch 00285: val_loss did not improve from 0.28910
Epoch 286/8000
 - 40s - loss: 0.3013 - val_loss: 0.2895

Epoch 00286: val_loss did not improve from 0.28910
Epoch 287/8000
 - 40s - loss: 0.3013 - val_loss: 0.2891

Epoch 00287: val_loss improved from 0.28910 to 0.28909, saving model to lstm_autoencoder_2020-01-09_14-29-06.h5
Epoch 288/8000
 - 40s - loss: 0.3013 - val_loss: 0.2892

Epoch 00288: val_loss did not improve from 0.28909
Epoch 289/8000
 - 40s - loss: 0.3014 - val_loss: 0.2891

Epoch 00289: val_loss did not improve from 0.28909
Epoch 290/8000
 - 40s - loss: 0.3014 - val_loss: 0.2891

Epoch 00290: val_loss improved from 0.28909 to 0.28908, saving model to lstm_autoencoder_2020-01-09_14-29-06.h5
Epoch 291/8000
 - 40s - loss: 0.3014 - val_loss: 0.2891

Epoch 00291: val_loss did not improve from 0.28908
Epoch 292/8000
 - 40s - loss: 0.3013 - val_loss: 0.2891

Epoch 00292: val_loss did not improve from 0.28908
Epoch 293/8000
 - 40s - loss: 0.3014 - val_loss: 0.2891

Epoch 00293: val_loss did not improve from 0.28908
Epoch 294/8000
 - 40s - loss: 0.3013 - val_loss: 0.2891

Epoch 00294: val_loss did not improve from 0.28908
Epoch 295/8000
 - 40s - loss: 0.3017 - val_loss: 0.2894

Epoch 00295: val_loss did not improve from 0.28908
Epoch 296/8000
 - 40s - loss: 0.3014 - val_loss: 0.2892

Epoch 00296: val_loss did not improve from 0.28908
Epoch 297/8000
 - 40s - loss: 0.3013 - val_loss: 0.2891

Epoch 00297: val_loss did not improve from 0.28908
Epoch 298/8000
 - 40s - loss: 0.3014 - val_loss: 0.2891

Epoch 00298: val_loss did not improve from 0.28908
Epoch 299/8000
 - 40s - loss: 0.3013 - val_loss: 0.2892

Epoch 00299: val_loss did not improve from 0.28908
Epoch 300/8000
 - 40s - loss: 0.3015 - val_loss: 0.2892

Epoch 00300: val_loss did not improve from 0.28908
Epoch 301/8000
 - 40s - loss: 0.3014 - val_loss: 0.2891

Epoch 00301: val_loss improved from 0.28908 to 0.28907, saving model to lstm_autoencoder_2020-01-09_14-29-06.h5
Epoch 302/8000
 - 40s - loss: 0.3013 - val_loss: 0.2892

Epoch 00302: val_loss did not improve from 0.28907
Epoch 303/8000
 - 40s - loss: 0.3013 - val_loss: 0.2891

Epoch 00303: val_loss improved from 0.28907 to 0.28907, saving model to lstm_autoencoder_2020-01-09_14-29-06.h5
Epoch 304/8000
 - 40s - loss: 0.3013 - val_loss: 0.2891

Epoch 00304: val_loss did not improve from 0.28907
Epoch 305/8000
 - 40s - loss: 0.3013 - val_loss: 0.2896

Epoch 00305: val_loss did not improve from 0.28907
Epoch 306/8000
 - 40s - loss: 0.3017 - val_loss: 0.2892

Epoch 00306: val_loss did not improve from 0.28907
Epoch 307/8000
 - 40s - loss: 0.3013 - val_loss: 0.2892

Epoch 00307: val_loss did not improve from 0.28907
Epoch 308/8000
 - 40s - loss: 0.3013 - val_loss: 0.2891

Epoch 00308: val_loss improved from 0.28907 to 0.28906, saving model to lstm_autoencoder_2020-01-09_14-29-06.h5
Epoch 309/8000
 - 40s - loss: 0.3013 - val_loss: 0.2892

Epoch 00309: val_loss did not improve from 0.28906
Epoch 310/8000
 - 40s - loss: 0.3014 - val_loss: 0.2895

Epoch 00310: val_loss did not improve from 0.28906
Epoch 311/8000
 - 40s - loss: 0.3013 - val_loss: 0.2891

Epoch 00311: val_loss did not improve from 0.28906
Epoch 312/8000
 - 40s - loss: 0.3013 - val_loss: 0.2891

Epoch 00312: val_loss did not improve from 0.28906
Epoch 313/8000
 - 40s - loss: 0.3013 - val_loss: 0.2891

Epoch 00313: val_loss did not improve from 0.28906
Epoch 314/8000
 - 40s - loss: 0.3013 - val_loss: 0.2891

Epoch 00314: val_loss did not improve from 0.28906
Epoch 315/8000
 - 40s - loss: 0.3013 - val_loss: 0.2894

Epoch 00315: val_loss did not improve from 0.28906
Epoch 316/8000
 - 40s - loss: 0.3014 - val_loss: 0.2893

Epoch 00316: val_loss did not improve from 0.28906
Epoch 317/8000
 - 40s - loss: 0.3014 - val_loss: 0.2891

Epoch 00317: val_loss did not improve from 0.28906
Epoch 318/8000
 - 40s - loss: 0.3013 - val_loss: 0.2892

Epoch 00318: val_loss did not improve from 0.28906
Epoch 319/8000
 - 40s - loss: 0.3013 - val_loss: 0.2891

Epoch 00319: val_loss did not improve from 0.28906
Epoch 320/8000
 - 40s - loss: 0.3013 - val_loss: 0.2891

Epoch 00320: val_loss did not improve from 0.28906
Epoch 321/8000
 - 40s - loss: 0.3013 - val_loss: 0.2894

Epoch 00321: val_loss did not improve from 0.28906
Epoch 322/8000
 - 40s - loss: 0.3014 - val_loss: 0.2891

Epoch 00322: val_loss did not improve from 0.28906
Epoch 323/8000
 - 40s - loss: 0.3013 - val_loss: 0.2891

Epoch 00323: val_loss did not improve from 0.28906
Epoch 324/8000
 - 40s - loss: 0.3013 - val_loss: 0.2891

Epoch 00324: val_loss did not improve from 0.28906
Epoch 325/8000
 - 40s - loss: 0.3014 - val_loss: 0.2890

Epoch 00325: val_loss improved from 0.28906 to 0.28904, saving model to lstm_autoencoder_2020-01-09_14-29-06.h5
Epoch 326/8000
 - 40s - loss: 0.3012 - val_loss: 0.2891

Epoch 00326: val_loss did not improve from 0.28904
Epoch 327/8000
 - 40s - loss: 0.3014 - val_loss: 0.2892

Epoch 00327: val_loss did not improve from 0.28904
Epoch 328/8000
 - 40s - loss: 0.3012 - val_loss: 0.2891

Epoch 00328: val_loss did not improve from 0.28904
Epoch 329/8000
 - 40s - loss: 0.3012 - val_loss: 0.2891

Epoch 00329: val_loss did not improve from 0.28904
Epoch 330/8000
 - 40s - loss: 0.3013 - val_loss: 0.2891

Epoch 00330: val_loss did not improve from 0.28904
Epoch 331/8000
 - 40s - loss: 0.3013 - val_loss: 0.2891

Epoch 00331: val_loss did not improve from 0.28904
Epoch 332/8000
 - 40s - loss: 0.3012 - val_loss: 0.2890

Epoch 00332: val_loss improved from 0.28904 to 0.28903, saving model to lstm_autoencoder_2020-01-09_14-29-06.h5
Epoch 333/8000
 - 40s - loss: 0.3013 - val_loss: 0.2891

Epoch 00333: val_loss did not improve from 0.28903
Epoch 334/8000
 - 40s - loss: 0.3012 - val_loss: 0.2891

Epoch 00334: val_loss did not improve from 0.28903
Epoch 335/8000
 - 40s - loss: 0.3013 - val_loss: 0.2890

Epoch 00335: val_loss improved from 0.28903 to 0.28903, saving model to lstm_autoencoder_2020-01-09_14-29-06.h5
Epoch 336/8000
 - 40s - loss: 0.3015 - val_loss: 0.2891

Epoch 00336: val_loss did not improve from 0.28903
Epoch 337/8000
 - 40s - loss: 0.3014 - val_loss: 0.2890

Epoch 00337: val_loss did not improve from 0.28903
Epoch 338/8000
 - 40s - loss: 0.3013 - val_loss: 0.2890
