2020-01-27 11:19:45.989708: I tensorflow/core/platform/cpu_feature_guard.cc:141] Your CPU supports instructions that this TensorFlow binary was not compiled to use: SSE4.1 SSE4.2 AVX
2020-01-27 11:19:46.124256: I tensorflow/stream_executor/cuda/cuda_gpu_executor.cc:897] successful NUMA node read from SysFS had negative value (-1), but there must be at least one NUMA node, so returning NUMA node zero
2020-01-27 11:19:46.125550: I tensorflow/core/common_runtime/gpu/gpu_device.cc:1405] Found device 0 with properties: 
name: TITAN Xp major: 6 minor: 1 memoryClockRate(GHz): 1.582
pciBusID: 0000:01:00.0
totalMemory: 11.91GiB freeMemory: 11.73GiB
2020-01-27 11:19:46.125567: I tensorflow/core/common_runtime/gpu/gpu_device.cc:1484] Adding visible gpu devices: 0
2020-01-27 11:19:46.357164: I tensorflow/core/common_runtime/gpu/gpu_device.cc:965] Device interconnect StreamExecutor with strength 1 edge matrix:
2020-01-27 11:19:46.357208: I tensorflow/core/common_runtime/gpu/gpu_device.cc:971]      0 
2020-01-27 11:19:46.357217: I tensorflow/core/common_runtime/gpu/gpu_device.cc:984] 0:   N 
2020-01-27 11:19:46.357496: I tensorflow/core/common_runtime/gpu/gpu_device.cc:1097] Created TensorFlow device (/job:localhost/replica:0/task:0/device:GPU:0 with 11348 MB memory) -> physical GPU (device: 0, name: TITAN Xp, pci bus id: 0000:01:00.0, compute capability: 6.1)
2020-01-27 11:19:46.686725: I tensorflow/core/kernels/cuda_solvers.cc:159] Creating CudaSolver handles for stream 0x562bbdc66cb0
Epoch 1/8000

Epoch 00001: val_loss did not improve from inf
 - 44s - loss: nan - val_loss: nan
Epoch 2/8000

Epoch 00002: val_loss did not improve from inf
 - 41s - loss: nan - val_loss: nan
Epoch 3/8000

Epoch 00003: val_loss did not improve from inf
 - 41s - loss: nan - val_loss: nan
