2020-01-15 17:19:53.156147: I tensorflow/core/platform/cpu_feature_guard.cc:141] Your CPU supports instructions that this TensorFlow binary was not compiled to use: SSE4.1 SSE4.2 AVX
2020-01-15 17:19:53.281528: I tensorflow/stream_executor/cuda/cuda_gpu_executor.cc:897] successful NUMA node read from SysFS had negative value (-1), but there must be at least one NUMA node, so returning NUMA node zero
2020-01-15 17:19:53.282164: I tensorflow/core/common_runtime/gpu/gpu_device.cc:1405] Found device 0 with properties: 
name: TITAN Xp major: 6 minor: 1 memoryClockRate(GHz): 1.582
pciBusID: 0000:01:00.0
totalMemory: 11.91GiB freeMemory: 11.73GiB
2020-01-15 17:19:53.282181: I tensorflow/core/common_runtime/gpu/gpu_device.cc:1484] Adding visible gpu devices: 0
2020-01-15 17:19:53.513053: I tensorflow/core/common_runtime/gpu/gpu_device.cc:965] Device interconnect StreamExecutor with strength 1 edge matrix:
2020-01-15 17:19:53.513099: I tensorflow/core/common_runtime/gpu/gpu_device.cc:971]      0 
2020-01-15 17:19:53.513108: I tensorflow/core/common_runtime/gpu/gpu_device.cc:984] 0:   N 
2020-01-15 17:19:53.513374: I tensorflow/core/common_runtime/gpu/gpu_device.cc:1097] Created TensorFlow device (/job:localhost/replica:0/task:0/device:GPU:0 with 11348 MB memory) -> physical GPU (device: 0, name: TITAN Xp, pci bus id: 0000:01:00.0, compute capability: 6.1)
2020-01-15 17:19:53.781275: I tensorflow/core/kernels/cuda_solvers.cc:159] Creating CudaSolver handles for stream 0x5642aac34680
Train on 32962 samples, validate on 1735 samples
Epoch 1/8000
 - 10s - loss: 0.4630 - val_loss: 0.3024

Epoch 00001: val_loss improved from inf to 0.30241, saving model to model_weights/lstm_autoencoder_2020-01-15_17-19-52.h5
Epoch 2/8000
 - 9s - loss: 0.3032 - val_loss: 0.2891

Epoch 00002: val_loss improved from 0.30241 to 0.28906, saving model to model_weights/lstm_autoencoder_2020-01-15_17-19-52.h5
Epoch 3/8000
 - 9s - loss: 0.3005 - val_loss: 0.2890

Epoch 00003: val_loss improved from 0.28906 to 0.28903, saving model to model_weights/lstm_autoencoder_2020-01-15_17-19-52.h5
Epoch 4/8000
 - 9s - loss: 0.2921 - val_loss: 0.2639

Epoch 00004: val_loss improved from 0.28903 to 0.26389, saving model to model_weights/lstm_autoencoder_2020-01-15_17-19-52.h5
Epoch 5/8000
 - 9s - loss: 0.2681 - val_loss: 0.2507

Epoch 00005: val_loss improved from 0.26389 to 0.25070, saving model to model_weights/lstm_autoencoder_2020-01-15_17-19-52.h5
Epoch 6/8000
 - 9s - loss: 0.2595 - val_loss: 0.2411

Epoch 00006: val_loss improved from 0.25070 to 0.24111, saving model to model_weights/lstm_autoencoder_2020-01-15_17-19-52.h5
Epoch 7/8000
 - 9s - loss: 0.2477 - val_loss: 0.2406

Epoch 00007: val_loss improved from 0.24111 to 0.24062, saving model to model_weights/lstm_autoencoder_2020-01-15_17-19-52.h5
Epoch 8/8000
 - 9s - loss: 0.2423 - val_loss: 0.2395

Epoch 00008: val_loss improved from 0.24062 to 0.23946, saving model to model_weights/lstm_autoencoder_2020-01-15_17-19-52.h5
Epoch 9/8000
 - 9s - loss: 0.2374 - val_loss: 0.2250

Epoch 00009: val_loss improved from 0.23946 to 0.22503, saving model to model_weights/lstm_autoencoder_2020-01-15_17-19-52.h5
Epoch 10/8000
 - 9s - loss: 0.2310 - val_loss: 0.2278

Epoch 00010: val_loss did not improve from 0.22503
Epoch 11/8000
 - 9s - loss: 0.2278 - val_loss: 0.2168

Epoch 00011: val_loss improved from 0.22503 to 0.21684, saving model to model_weights/lstm_autoencoder_2020-01-15_17-19-52.h5
Epoch 12/8000
 - 9s - loss: 0.2303 - val_loss: 0.2164

Epoch 00012: val_loss improved from 0.21684 to 0.21637, saving model to model_weights/lstm_autoencoder_2020-01-15_17-19-52.h5
Epoch 13/8000
 - 9s - loss: 0.2229 - val_loss: 0.2097

Epoch 00013: val_loss improved from 0.21637 to 0.20974, saving model to model_weights/lstm_autoencoder_2020-01-15_17-19-52.h5
Epoch 14/8000
 - 9s - loss: 0.2170 - val_loss: 0.2165

Epoch 00014: val_loss did not improve from 0.20974
Epoch 15/8000
 - 9s - loss: 0.2159 - val_loss: 0.2156

Epoch 00015: val_loss did not improve from 0.20974
Epoch 16/8000
 - 9s - loss: 0.2117 - val_loss: 0.2079

Epoch 00016: val_loss improved from 0.20974 to 0.20792, saving model to model_weights/lstm_autoencoder_2020-01-15_17-19-52.h5
Epoch 17/8000
 - 9s - loss: 0.2126 - val_loss: 0.2055

Epoch 00017: val_loss improved from 0.20792 to 0.20550, saving model to model_weights/lstm_autoencoder_2020-01-15_17-19-52.h5
Epoch 18/8000
 - 9s - loss: 0.2078 - val_loss: 0.1981

Epoch 00018: val_loss improved from 0.20550 to 0.19813, saving model to model_weights/lstm_autoencoder_2020-01-15_17-19-52.h5
Epoch 19/8000
 - 9s - loss: 0.2034 - val_loss: 0.2041

Epoch 00019: val_loss did not improve from 0.19813
Epoch 20/8000
 - 9s - loss: 0.2110 - val_loss: 0.1976

Epoch 00020: val_loss improved from 0.19813 to 0.19756, saving model to model_weights/lstm_autoencoder_2020-01-15_17-19-52.h5
Epoch 21/8000
 - 9s - loss: 0.2039 - val_loss: 0.2081

Epoch 00021: val_loss did not improve from 0.19756
Epoch 22/8000
 - 9s - loss: 0.2083 - val_loss: 0.1962

Epoch 00022: val_loss improved from 0.19756 to 0.19619, saving model to model_weights/lstm_autoencoder_2020-01-15_17-19-52.h5
Epoch 23/8000
 - 9s - loss: 0.1991 - val_loss: 0.2052

Epoch 00023: val_loss did not improve from 0.19619
Epoch 24/8000
 - 9s - loss: 0.2026 - val_loss: 0.1921

Epoch 00024: val_loss improved from 0.19619 to 0.19210, saving model to model_weights/lstm_autoencoder_2020-01-15_17-19-52.h5
Epoch 25/8000
 - 9s - loss: 0.1948 - val_loss: 0.1877

Epoch 00025: val_loss improved from 0.19210 to 0.18769, saving model to model_weights/lstm_autoencoder_2020-01-15_17-19-52.h5
Epoch 26/8000
 - 9s - loss: 0.1968 - val_loss: 0.1895

Epoch 00026: val_loss did not improve from 0.18769
Epoch 27/8000
 - 9s - loss: 0.2046 - val_loss: 0.1904

Epoch 00027: val_loss did not improve from 0.18769
Epoch 28/8000
 - 9s - loss: 0.1918 - val_loss: 0.1885

Epoch 00028: val_loss did not improve from 0.18769
Epoch 29/8000
 - 9s - loss: 0.1927 - val_loss: 0.1940

Epoch 00029: val_loss did not improve from 0.18769
Epoch 30/8000
 - 9s - loss: 0.1920 - val_loss: 0.2047

Epoch 00030: val_loss did not improve from 0.18769
Epoch 31/8000
 - 9s - loss: 0.1924 - val_loss: 0.1920

Epoch 00031: val_loss did not improve from 0.18769
Epoch 32/8000
 - 9s - loss: 0.1899 - val_loss: 0.1821

Epoch 00032: val_loss improved from 0.18769 to 0.18206, saving model to model_weights/lstm_autoencoder_2020-01-15_17-19-52.h5
Epoch 33/8000
 - 9s - loss: 0.1901 - val_loss: 0.1870

Epoch 00033: val_loss did not improve from 0.18206
Epoch 34/8000
 - 9s - loss: 0.1900 - val_loss: 0.1849

Epoch 00034: val_loss did not improve from 0.18206
Epoch 35/8000
 - 9s - loss: 0.1850 - val_loss: 0.1823

Epoch 00035: val_loss did not improve from 0.18206
Epoch 36/8000
 - 9s - loss: 0.1842 - val_loss: 0.1817

Epoch 00036: val_loss improved from 0.18206 to 0.18166, saving model to model_weights/lstm_autoencoder_2020-01-15_17-19-52.h5
Epoch 37/8000
 - 9s - loss: 0.1906 - val_loss: 0.1888

Epoch 00037: val_loss did not improve from 0.18166
Epoch 38/8000
 - 9s - loss: 0.1817 - val_loss: 0.1747

Epoch 00038: val_loss improved from 0.18166 to 0.17475, saving model to model_weights/lstm_autoencoder_2020-01-15_17-19-52.h5
Epoch 39/8000
 - 9s - loss: 0.1888 - val_loss: 0.1901

Epoch 00039: val_loss did not improve from 0.17475
Epoch 40/8000
 - 9s - loss: 0.1851 - val_loss: 0.1766

Epoch 00040: val_loss did not improve from 0.17475
Epoch 41/8000
 - 9s - loss: 0.1856 - val_loss: 0.1766

Epoch 00041: val_loss did not improve from 0.17475
Epoch 42/8000
 - 9s - loss: 0.1801 - val_loss: 0.1793

Epoch 00042: val_loss did not improve from 0.17475
Epoch 43/8000
 - 9s - loss: 0.1786 - val_loss: 0.1716

Epoch 00043: val_loss improved from 0.17475 to 0.17164, saving model to model_weights/lstm_autoencoder_2020-01-15_17-19-52.h5
Epoch 44/8000
 - 9s - loss: 0.1836 - val_loss: 0.1738

Epoch 00044: val_loss did not improve from 0.17164
Epoch 45/8000
 - 9s - loss: 0.1815 - val_loss: 0.1755

Epoch 00045: val_loss did not improve from 0.17164
Epoch 46/8000
 - 9s - loss: 0.1822 - val_loss: 0.1729

Epoch 00046: val_loss did not improve from 0.17164
Epoch 47/8000
 - 9s - loss: 0.1839 - val_loss: 0.1769

Epoch 00047: val_loss did not improve from 0.17164
Epoch 48/8000
 - 9s - loss: 0.1769 - val_loss: 0.1823

Epoch 00048: val_loss did not improve from 0.17164
Epoch 49/8000
 - 9s - loss: 0.1797 - val_loss: 0.1788

Epoch 00049: val_loss did not improve from 0.17164
Epoch 50/8000
 - 9s - loss: 0.1803 - val_loss: 0.1796

Epoch 00050: val_loss did not improve from 0.17164
Epoch 51/8000
 - 9s - loss: 0.1750 - val_loss: 0.1955

Epoch 00051: val_loss did not improve from 0.17164
Epoch 52/8000
 - 9s - loss: 0.1850 - val_loss: 0.1706

Epoch 00052: val_loss improved from 0.17164 to 0.17057, saving model to model_weights/lstm_autoencoder_2020-01-15_17-19-52.h5
Epoch 53/8000
 - 9s - loss: 0.1788 - val_loss: 0.1735

Epoch 00053: val_loss did not improve from 0.17057
Epoch 54/8000
 - 9s - loss: 0.1805 - val_loss: 0.1743

Epoch 00054: val_loss did not improve from 0.17057
Epoch 55/8000
 - 9s - loss: 0.1727 - val_loss: 0.1703

Epoch 00055: val_loss improved from 0.17057 to 0.17032, saving model to model_weights/lstm_autoencoder_2020-01-15_17-19-52.h5
Epoch 56/8000
 - 9s - loss: 0.1723 - val_loss: 0.1813

Epoch 00056: val_loss did not improve from 0.17032
Epoch 57/8000
 - 9s - loss: 0.1761 - val_loss: 0.1678

Epoch 00057: val_loss improved from 0.17032 to 0.16775, saving model to model_weights/lstm_autoencoder_2020-01-15_17-19-52.h5
Epoch 58/8000
 - 9s - loss: 0.1708 - val_loss: 0.1677

Epoch 00058: val_loss improved from 0.16775 to 0.16766, saving model to model_weights/lstm_autoencoder_2020-01-15_17-19-52.h5
Epoch 59/8000
 - 9s - loss: 0.1717 - val_loss: 0.1757

Epoch 00059: val_loss did not improve from 0.16766
Epoch 60/8000
 - 9s - loss: 0.1725 - val_loss: 0.1708

Epoch 00060: val_loss did not improve from 0.16766
Epoch 61/8000
 - 9s - loss: 0.1690 - val_loss: 0.1662

Epoch 00061: val_loss improved from 0.16766 to 0.16624, saving model to model_weights/lstm_autoencoder_2020-01-15_17-19-52.h5
Epoch 62/8000
 - 9s - loss: 0.1737 - val_loss: 0.1742

Epoch 00062: val_loss did not improve from 0.16624
Epoch 63/8000
 - 9s - loss: 0.1695 - val_loss: 0.1672

Epoch 00063: val_loss did not improve from 0.16624
Epoch 64/8000
 - 9s - loss: 0.1697 - val_loss: 0.1723

Epoch 00064: val_loss did not improve from 0.16624
Epoch 65/8000
 - 9s - loss: 0.1711 - val_loss: 0.1640

Epoch 00065: val_loss improved from 0.16624 to 0.16402, saving model to model_weights/lstm_autoencoder_2020-01-15_17-19-52.h5
Epoch 66/8000
 - 9s - loss: 0.1721 - val_loss: 0.1675

Epoch 00066: val_loss did not improve from 0.16402
Epoch 67/8000
 - 9s - loss: 0.1679 - val_loss: 0.1789

Epoch 00067: val_loss did not improve from 0.16402
Epoch 68/8000
 - 9s - loss: 0.1709 - val_loss: 0.1768

Epoch 00068: val_loss did not improve from 0.16402
Epoch 69/8000
 - 9s - loss: 0.1674 - val_loss: 0.1647

Epoch 00069: val_loss did not improve from 0.16402
Epoch 70/8000
 - 9s - loss: 0.1679 - val_loss: 0.1707

Epoch 00070: val_loss did not improve from 0.16402
Epoch 71/8000
 - 9s - loss: 0.1723 - val_loss: 0.1634

Epoch 00071: val_loss improved from 0.16402 to 0.16344, saving model to model_weights/lstm_autoencoder_2020-01-15_17-19-52.h5
Epoch 72/8000
 - 9s - loss: 0.1660 - val_loss: 0.1629

Epoch 00072: val_loss improved from 0.16344 to 0.16285, saving model to model_weights/lstm_autoencoder_2020-01-15_17-19-52.h5
Epoch 73/8000
 - 9s - loss: 0.1652 - val_loss: 0.1719

Epoch 00073: val_loss did not improve from 0.16285
Epoch 74/8000
 - 9s - loss: 0.1636 - val_loss: 0.1597

Epoch 00074: val_loss improved from 0.16285 to 0.15967, saving model to model_weights/lstm_autoencoder_2020-01-15_17-19-52.h5
Epoch 75/8000
 - 9s - loss: 0.1645 - val_loss: 0.1660

Epoch 00075: val_loss did not improve from 0.15967
Epoch 76/8000
 - 9s - loss: 0.1645 - val_loss: 0.1683

Epoch 00076: val_loss did not improve from 0.15967
Epoch 77/8000
 - 9s - loss: 0.1633 - val_loss: 0.1641

Epoch 00077: val_loss did not improve from 0.15967
Epoch 78/8000
 - 9s - loss: 0.1685 - val_loss: 0.1687

Epoch 00078: val_loss did not improve from 0.15967
Epoch 79/8000
 - 9s - loss: 0.1647 - val_loss: 0.1762

Epoch 00079: val_loss did not improve from 0.15967
Epoch 80/8000
 - 9s - loss: 0.1694 - val_loss: 0.1803

Epoch 00080: val_loss did not improve from 0.15967
Epoch 81/8000
 - 9s - loss: 0.1705 - val_loss: 0.1673

Epoch 00081: val_loss did not improve from 0.15967
Epoch 82/8000
 - 9s - loss: 0.1623 - val_loss: 0.1644

Epoch 00082: val_loss did not improve from 0.15967
Epoch 83/8000
 - 9s - loss: 0.1659 - val_loss: 0.1633

Epoch 00083: val_loss did not improve from 0.15967
Epoch 84/8000
 - 9s - loss: 0.1611 - val_loss: 0.1687

Epoch 00084: val_loss did not improve from 0.15967
Epoch 85/8000
 - 9s - loss: 0.1618 - val_loss: 0.1577

Epoch 00085: val_loss improved from 0.15967 to 0.15769, saving model to model_weights/lstm_autoencoder_2020-01-15_17-19-52.h5
Epoch 86/8000
 - 9s - loss: 0.1674 - val_loss: 0.1722

Epoch 00086: val_loss did not improve from 0.15769
Epoch 87/8000
 - 9s - loss: 0.1636 - val_loss: 0.1613

Epoch 00087: val_loss did not improve from 0.15769
Epoch 88/8000
 - 9s - loss: 0.1678 - val_loss: 0.1680

Epoch 00088: val_loss did not improve from 0.15769
Epoch 89/8000
 - 9s - loss: 0.1673 - val_loss: 0.1606

Epoch 00089: val_loss did not improve from 0.15769
Epoch 90/8000
 - 9s - loss: 0.1602 - val_loss: 0.1575

Epoch 00090: val_loss improved from 0.15769 to 0.15752, saving model to model_weights/lstm_autoencoder_2020-01-15_17-19-52.h5
Epoch 91/8000
 - 9s - loss: 0.1604 - val_loss: 0.1603

Epoch 00091: val_loss did not improve from 0.15752
Epoch 92/8000
 - 9s - loss: 0.1586 - val_loss: 0.1572

Epoch 00092: val_loss improved from 0.15752 to 0.15719, saving model to model_weights/lstm_autoencoder_2020-01-15_17-19-52.h5
Epoch 93/8000
 - 9s - loss: 0.1605 - val_loss: 0.1688

Epoch 00093: val_loss did not improve from 0.15719
Epoch 94/8000
 - 9s - loss: 0.1661 - val_loss: 0.1711

Epoch 00094: val_loss did not improve from 0.15719
Epoch 95/8000
 - 9s - loss: 0.1653 - val_loss: 0.1892

Epoch 00095: val_loss did not improve from 0.15719
Epoch 96/8000
 - 9s - loss: 0.1595 - val_loss: 0.1578

Epoch 00096: val_loss did not improve from 0.15719
Epoch 97/8000
 - 9s - loss: 0.1562 - val_loss: 0.1543

Epoch 00097: val_loss improved from 0.15719 to 0.15435, saving model to model_weights/lstm_autoencoder_2020-01-15_17-19-52.h5
Epoch 98/8000
 - 9s - loss: 0.1638 - val_loss: 0.1649

Epoch 00098: val_loss did not improve from 0.15435
Epoch 99/8000
 - 9s - loss: 0.1587 - val_loss: 0.1585

Epoch 00099: val_loss did not improve from 0.15435
Epoch 100/8000
 - 9s - loss: 0.1606 - val_loss: 0.1567

Epoch 00100: val_loss did not improve from 0.15435
Epoch 101/8000
 - 9s - loss: 0.1610 - val_loss: 0.1649

Epoch 00101: val_loss did not improve from 0.15435
Epoch 102/8000
 - 9s - loss: 0.1606 - val_loss: 0.1524

Epoch 00102: val_loss improved from 0.15435 to 0.15245, saving model to model_weights/lstm_autoencoder_2020-01-15_17-19-52.h5
Epoch 103/8000
 - 9s - loss: 0.1657 - val_loss: 0.1566

Epoch 00103: val_loss did not improve from 0.15245
Epoch 104/8000
 - 9s - loss: 0.1642 - val_loss: 0.1540

Epoch 00104: val_loss did not improve from 0.15245
Epoch 105/8000
 - 9s - loss: 0.1579 - val_loss: 0.1564

Epoch 00105: val_loss did not improve from 0.15245
Epoch 106/8000
 - 9s - loss: 0.1606 - val_loss: 0.1664

Epoch 00106: val_loss did not improve from 0.15245
Epoch 107/8000
 - 9s - loss: 0.1614 - val_loss: 0.1762

Epoch 00107: val_loss did not improve from 0.15245
Epoch 108/8000
 - 9s - loss: 0.1574 - val_loss: 0.1641

Epoch 00108: val_loss did not improve from 0.15245
Epoch 109/8000
 - 9s - loss: 0.1622 - val_loss: 0.1653

Epoch 00109: val_loss did not improve from 0.15245
Epoch 110/8000
 - 9s - loss: 0.1569 - val_loss: 0.1688

Epoch 00110: val_loss did not improve from 0.15245
Epoch 111/8000
 - 9s - loss: 0.1551 - val_loss: 0.1583

Epoch 00111: val_loss did not improve from 0.15245
Epoch 112/8000
 - 9s - loss: 0.1577 - val_loss: 0.1526

Epoch 00112: val_loss did not improve from 0.15245
Epoch 113/8000
 - 9s - loss: 0.1568 - val_loss: 0.1525

Epoch 00113: val_loss did not improve from 0.15245
Epoch 114/8000
 - 9s - loss: 0.1556 - val_loss: 0.1693

Epoch 00114: val_loss did not improve from 0.15245
Epoch 115/8000
 - 9s - loss: 0.1614 - val_loss: 0.1760

Epoch 00115: val_loss did not improve from 0.15245
Epoch 116/8000
 - 9s - loss: 0.1571 - val_loss: 0.1575

Epoch 00116: val_loss did not improve from 0.15245
Epoch 117/8000
 - 9s - loss: 0.1551 - val_loss: 0.1551

Epoch 00117: val_loss did not improve from 0.15245
Epoch 118/8000
 - 9s - loss: 0.1565 - val_loss: 0.1678

Epoch 00118: val_loss did not improve from 0.15245
Epoch 119/8000
 - 9s - loss: 0.1602 - val_loss: 0.1630

Epoch 00119: val_loss did not improve from 0.15245
Epoch 120/8000
 - 9s - loss: 0.1578 - val_loss: 0.1565

Epoch 00120: val_loss did not improve from 0.15245
Epoch 121/8000
 - 9s - loss: 0.1552 - val_loss: 0.1536

Epoch 00121: val_loss did not improve from 0.15245
Epoch 122/8000
 - 9s - loss: 0.1577 - val_loss: 0.1545

Epoch 00122: val_loss did not improve from 0.15245
Epoch 123/8000
 - 9s - loss: 0.1562 - val_loss: 0.1564

Epoch 00123: val_loss did not improve from 0.15245
Epoch 124/8000
 - 9s - loss: 0.1576 - val_loss: 0.1540

Epoch 00124: val_loss did not improve from 0.15245
Epoch 125/8000
 - 9s - loss: 0.1571 - val_loss: 0.1541

Epoch 00125: val_loss did not improve from 0.15245
Epoch 126/8000
 - 9s - loss: 0.1571 - val_loss: 0.1526

Epoch 00126: val_loss did not improve from 0.15245
Epoch 127/8000
 - 9s - loss: 0.1546 - val_loss: 0.1586

Epoch 00127: val_loss did not improve from 0.15245
Epoch 128/8000
 - 9s - loss: 0.1613 - val_loss: 0.1576

Epoch 00128: val_loss did not improve from 0.15245
Epoch 129/8000
 - 9s - loss: 0.1578 - val_loss: 0.1654

Epoch 00129: val_loss did not improve from 0.15245
Epoch 130/8000
 - 9s - loss: 0.1556 - val_loss: 0.1710

Epoch 00130: val_loss did not improve from 0.15245
Epoch 131/8000
 - 9s - loss: 0.1587 - val_loss: 0.1632

Epoch 00131: val_loss did not improve from 0.15245
Epoch 132/8000
 - 9s - loss: 0.1537 - val_loss: 0.1701

Epoch 00132: val_loss did not improve from 0.15245
Epoch 133/8000
 - 9s - loss: 0.1565 - val_loss: 0.1527

Epoch 00133: val_loss did not improve from 0.15245
Epoch 134/8000
 - 9s - loss: 0.1544 - val_loss: 0.1499

Epoch 00134: val_loss improved from 0.15245 to 0.14988, saving model to model_weights/lstm_autoencoder_2020-01-15_17-19-52.h5
Epoch 135/8000
 - 9s - loss: 0.1540 - val_loss: 0.1567

Epoch 00135: val_loss did not improve from 0.14988
Epoch 136/8000
 - 9s - loss: 0.1527 - val_loss: 0.1485

Epoch 00136: val_loss improved from 0.14988 to 0.14855, saving model to model_weights/lstm_autoencoder_2020-01-15_17-19-52.h5
Epoch 137/8000
 - 9s - loss: 0.1546 - val_loss: 0.1580

Epoch 00137: val_loss did not improve from 0.14855
Epoch 138/8000
 - 9s - loss: 0.1540 - val_loss: 0.1746

Epoch 00138: val_loss did not improve from 0.14855
Epoch 139/8000
 - 9s - loss: 0.1592 - val_loss: 0.1539

Epoch 00139: val_loss did not improve from 0.14855
Epoch 140/8000
 - 9s - loss: 0.1538 - val_loss: 0.1479

Epoch 00140: val_loss improved from 0.14855 to 0.14793, saving model to model_weights/lstm_autoencoder_2020-01-15_17-19-52.h5
Epoch 141/8000
 - 9s - loss: 0.1545 - val_loss: 0.1710

Epoch 00141: val_loss did not improve from 0.14793
Epoch 142/8000
 - 9s - loss: 0.1581 - val_loss: 0.1545

Epoch 00142: val_loss did not improve from 0.14793
Epoch 143/8000
 - 9s - loss: 0.1488 - val_loss: 0.1490

Epoch 00143: val_loss did not improve from 0.14793
Epoch 144/8000
 - 9s - loss: 0.1562 - val_loss: 0.1510

Epoch 00144: val_loss did not improve from 0.14793
Epoch 145/8000
 - 9s - loss: 0.1518 - val_loss: 0.1555

Epoch 00145: val_loss did not improve from 0.14793
Epoch 146/8000
 - 9s - loss: 0.1499 - val_loss: 0.1525

Epoch 00146: val_loss did not improve from 0.14793
Epoch 147/8000
 - 9s - loss: 0.1489 - val_loss: 0.1473

Epoch 00147: val_loss improved from 0.14793 to 0.14732, saving model to model_weights/lstm_autoencoder_2020-01-15_17-19-52.h5
Epoch 148/8000
 - 9s - loss: 0.1522 - val_loss: 0.1727

Epoch 00148: val_loss did not improve from 0.14732
Epoch 149/8000
 - 9s - loss: 0.1580 - val_loss: 0.1540

Epoch 00149: val_loss did not improve from 0.14732
Epoch 150/8000
 - 9s - loss: 0.1513 - val_loss: 0.1593

Epoch 00150: val_loss did not improve from 0.14732
Epoch 151/8000
 - 9s - loss: 0.1557 - val_loss: 0.1499

Epoch 00151: val_loss did not improve from 0.14732
Epoch 152/8000
 - 9s - loss: 0.1537 - val_loss: 0.1484

Epoch 00152: val_loss did not improve from 0.14732
Epoch 153/8000
 - 9s - loss: 0.1514 - val_loss: 0.1641

Epoch 00153: val_loss did not improve from 0.14732
Epoch 154/8000
 - 9s - loss: 0.1505 - val_loss: 0.1527

Epoch 00154: val_loss did not improve from 0.14732
Epoch 155/8000
 - 9s - loss: 0.1545 - val_loss: 0.1482

Epoch 00155: val_loss did not improve from 0.14732
Epoch 156/8000
 - 9s - loss: 0.1536 - val_loss: 0.1642

Epoch 00156: val_loss did not improve from 0.14732
Epoch 157/8000
 - 9s - loss: 0.1509 - val_loss: 0.1640

Epoch 00157: val_loss did not improve from 0.14732
Epoch 158/8000
 - 9s - loss: 0.1517 - val_loss: 0.1536

Epoch 00158: val_loss did not improve from 0.14732
Epoch 159/8000
 - 9s - loss: 0.1501 - val_loss: 0.1493

Epoch 00159: val_loss did not improve from 0.14732
Epoch 160/8000
 - 9s - loss: 0.1548 - val_loss: 0.1511

Epoch 00160: val_loss did not improve from 0.14732
Epoch 161/8000
 - 9s - loss: 0.1584 - val_loss: 0.1536

Epoch 00161: val_loss did not improve from 0.14732
Epoch 162/8000
 - 9s - loss: 0.1537 - val_loss: 0.1623

Epoch 00162: val_loss did not improve from 0.14732
Epoch 163/8000
 - 9s - loss: 0.1546 - val_loss: 0.1593

Epoch 00163: val_loss did not improve from 0.14732
Epoch 164/8000
 - 9s - loss: 0.1545 - val_loss: 0.1745

Epoch 00164: val_loss did not improve from 0.14732
Epoch 165/8000
 - 9s - loss: 0.1557 - val_loss: 0.1529

Epoch 00165: val_loss did not improve from 0.14732
Epoch 166/8000
 - 9s - loss: 0.1507 - val_loss: 0.1547

Epoch 00166: val_loss did not improve from 0.14732
Epoch 167/8000
 - 9s - loss: 0.1526 - val_loss: 0.1537

Epoch 00167: val_loss did not improve from 0.14732
Epoch 168/8000
 - 9s - loss: 0.1574 - val_loss: 0.1613

Epoch 00168: val_loss did not improve from 0.14732
Epoch 169/8000
 - 9s - loss: 0.1526 - val_loss: 0.1541

Epoch 00169: val_loss did not improve from 0.14732
Epoch 170/8000
 - 9s - loss: 0.1488 - val_loss: 0.1506

Epoch 00170: val_loss did not improve from 0.14732
Epoch 171/8000
 - 9s - loss: 0.1516 - val_loss: 0.1484

Epoch 00171: val_loss did not improve from 0.14732
Epoch 172/8000
 - 9s - loss: 0.1488 - val_loss: 0.1716

Epoch 00172: val_loss did not improve from 0.14732
Epoch 173/8000
 - 9s - loss: 0.1538 - val_loss: 0.1524

Epoch 00173: val_loss did not improve from 0.14732
Epoch 174/8000
 - 9s - loss: 0.1525 - val_loss: 0.1558

Epoch 00174: val_loss did not improve from 0.14732
Epoch 175/8000
 - 9s - loss: 0.1489 - val_loss: 0.1434

Epoch 00175: val_loss improved from 0.14732 to 0.14341, saving model to model_weights/lstm_autoencoder_2020-01-15_17-19-52.h5
Epoch 176/8000
 - 9s - loss: 0.1459 - val_loss: 0.1649

Epoch 00176: val_loss did not improve from 0.14341
Epoch 177/8000
 - 9s - loss: 0.1484 - val_loss: 0.1485

Epoch 00177: val_loss did not improve from 0.14341
Epoch 178/8000
 - 9s - loss: 0.1491 - val_loss: 0.1756

Epoch 00178: val_loss did not improve from 0.14341
Epoch 179/8000
 - 9s - loss: 0.1570 - val_loss: 0.1497

Epoch 00179: val_loss did not improve from 0.14341
Epoch 180/8000
 - 9s - loss: 0.1468 - val_loss: 0.1472

Epoch 00180: val_loss did not improve from 0.14341
Epoch 181/8000
 - 9s - loss: 0.1518 - val_loss: 0.1633

Epoch 00181: val_loss did not improve from 0.14341
Epoch 182/8000
 - 9s - loss: 0.1475 - val_loss: 0.1497

Epoch 00182: val_loss did not improve from 0.14341
Epoch 183/8000
 - 9s - loss: 0.1548 - val_loss: 0.1692

Epoch 00183: val_loss did not improve from 0.14341
Epoch 184/8000
 - 9s - loss: 0.1527 - val_loss: 0.1613

Epoch 00184: val_loss did not improve from 0.14341
Epoch 185/8000
 - 9s - loss: 0.1566 - val_loss: 0.1587

Epoch 00185: val_loss did not improve from 0.14341
Epoch 186/8000
 - 9s - loss: 0.1491 - val_loss: 0.1453

Epoch 00186: val_loss did not improve from 0.14341
Epoch 187/8000
 - 9s - loss: 0.1578 - val_loss: 0.1533

Epoch 00187: val_loss did not improve from 0.14341
Epoch 188/8000
 - 9s - loss: 0.1514 - val_loss: 0.1456

Epoch 00188: val_loss did not improve from 0.14341
Epoch 189/8000
 - 9s - loss: 0.1487 - val_loss: 0.1548

Epoch 00189: val_loss did not improve from 0.14341
Epoch 190/8000
 - 9s - loss: 0.1533 - val_loss: 0.1552

Epoch 00190: val_loss did not improve from 0.14341
Epoch 191/8000
 - 9s - loss: 0.1577 - val_loss: 0.1641

Epoch 00191: val_loss did not improve from 0.14341
Epoch 192/8000
 - 9s - loss: 0.1519 - val_loss: 0.1532

Epoch 00192: val_loss did not improve from 0.14341
Epoch 193/8000
 - 9s - loss: 0.1541 - val_loss: 0.1531

Epoch 00193: val_loss did not improve from 0.14341
Epoch 194/8000
 - 9s - loss: 0.1635 - val_loss: 0.1514

Epoch 00194: val_loss did not improve from 0.14341
Epoch 195/8000
 - 9s - loss: 0.1481 - val_loss: 0.1467

Epoch 00195: val_loss did not improve from 0.14341
Epoch 196/8000
 - 9s - loss: 0.1495 - val_loss: 0.1442

Epoch 00196: val_loss did not improve from 0.14341
Epoch 197/8000
 - 9s - loss: 0.1484 - val_loss: 0.1746

Epoch 00197: val_loss did not improve from 0.14341
Epoch 198/8000
 - 9s - loss: 0.1501 - val_loss: 0.1465

Epoch 00198: val_loss did not improve from 0.14341
Epoch 199/8000
 - 9s - loss: 0.1552 - val_loss: 0.1483

Epoch 00199: val_loss did not improve from 0.14341
Epoch 200/8000
 - 9s - loss: 0.1472 - val_loss: 0.1557

Epoch 00200: val_loss did not improve from 0.14341
Epoch 201/8000
 - 9s - loss: 0.1574 - val_loss: 0.1642

Epoch 00201: val_loss did not improve from 0.14341
Epoch 202/8000
 - 9s - loss: 0.1497 - val_loss: 0.1614

Epoch 00202: val_loss did not improve from 0.14341
Epoch 203/8000
 - 9s - loss: 0.1468 - val_loss: 0.1452

Epoch 00203: val_loss did not improve from 0.14341
Epoch 204/8000
 - 9s - loss: 0.1463 - val_loss: 0.1535

Epoch 00204: val_loss did not improve from 0.14341
Epoch 205/8000
 - 9s - loss: 0.1478 - val_loss: 0.1458

Epoch 00205: val_loss did not improve from 0.14341
Epoch 206/8000
 - 9s - loss: 0.1494 - val_loss: 0.1445

Epoch 00206: val_loss did not improve from 0.14341
Epoch 207/8000
 - 9s - loss: 0.1525 - val_loss: 0.1678

Epoch 00207: val_loss did not improve from 0.14341
Epoch 208/8000
 - 9s - loss: 0.1577 - val_loss: 0.1793

Epoch 00208: val_loss did not improve from 0.14341
Epoch 209/8000
 - 9s - loss: 0.1534 - val_loss: 0.1489

Epoch 00209: val_loss did not improve from 0.14341
Epoch 210/8000
 - 9s - loss: 0.1531 - val_loss: 0.1483

Epoch 00210: val_loss did not improve from 0.14341
Epoch 211/8000
 - 9s - loss: 0.1471 - val_loss: 0.1506

Epoch 00211: val_loss did not improve from 0.14341
Epoch 212/8000
 - 9s - loss: 0.1507 - val_loss: 0.1772

Epoch 00212: val_loss did not improve from 0.14341
Epoch 213/8000
 - 9s - loss: 0.1594 - val_loss: 0.1532

Epoch 00213: val_loss did not improve from 0.14341
Epoch 214/8000
 - 9s - loss: 0.1525 - val_loss: 0.1524

Epoch 00214: val_loss did not improve from 0.14341
Epoch 215/8000
 - 9s - loss: 0.1490 - val_loss: 0.1479

Epoch 00215: val_loss did not improve from 0.14341
Epoch 216/8000
 - 9s - loss: 0.1465 - val_loss: 0.1478

Epoch 00216: val_loss did not improve from 0.14341
Epoch 217/8000
 - 9s - loss: 0.1479 - val_loss: 0.1449

Epoch 00217: val_loss did not improve from 0.14341
Epoch 218/8000
 - 9s - loss: 0.1457 - val_loss: 0.1545

Epoch 00218: val_loss did not improve from 0.14341
Epoch 219/8000
 - 9s - loss: 0.1519 - val_loss: 0.1543

Epoch 00219: val_loss did not improve from 0.14341
Epoch 220/8000
 - 9s - loss: 0.1496 - val_loss: 0.1487

Epoch 00220: val_loss did not improve from 0.14341
Epoch 221/8000
 - 9s - loss: 0.1462 - val_loss: 0.1436

Epoch 00221: val_loss did not improve from 0.14341
Epoch 222/8000
 - 9s - loss: 0.1502 - val_loss: 0.1526

Epoch 00222: val_loss did not improve from 0.14341
Epoch 223/8000
 - 9s - loss: 0.1524 - val_loss: 0.1675

Epoch 00223: val_loss did not improve from 0.14341
Epoch 224/8000
 - 9s - loss: 0.1506 - val_loss: 0.1507

Epoch 00224: val_loss did not improve from 0.14341
Epoch 225/8000
 - 9s - loss: 0.1474 - val_loss: 0.1492

Epoch 00225: val_loss did not improve from 0.14341
Epoch 226/8000
 - 9s - loss: 0.1495 - val_loss: 0.1485

Epoch 00226: val_loss did not improve from 0.14341
Epoch 227/8000
 - 9s - loss: 0.1514 - val_loss: 0.1467

Epoch 00227: val_loss did not improve from 0.14341
Epoch 228/8000
 - 9s - loss: 0.1525 - val_loss: 0.1520

Epoch 00228: val_loss did not improve from 0.14341
Epoch 229/8000
 - 9s - loss: 0.1481 - val_loss: 0.1475

Epoch 00229: val_loss did not improve from 0.14341
Epoch 230/8000
 - 9s - loss: 0.1532 - val_loss: 0.1480

Epoch 00230: val_loss did not improve from 0.14341
Epoch 231/8000
 - 9s - loss: 0.1445 - val_loss: 0.1462

Epoch 00231: val_loss did not improve from 0.14341
Epoch 232/8000
 - 9s - loss: 0.1514 - val_loss: 0.1597

Epoch 00232: val_loss did not improve from 0.14341
Epoch 233/8000
 - 9s - loss: 0.1501 - val_loss: 0.1550

Epoch 00233: val_loss did not improve from 0.14341
Epoch 234/8000
 - 9s - loss: 0.1534 - val_loss: 0.1673

Epoch 00234: val_loss did not improve from 0.14341
Epoch 235/8000
 - 9s - loss: 0.1513 - val_loss: 0.1603

Epoch 00235: val_loss did not improve from 0.14341
Epoch 236/8000
 - 9s - loss: 0.1539 - val_loss: 0.1422

Epoch 00236: val_loss improved from 0.14341 to 0.14219, saving model to model_weights/lstm_autoencoder_2020-01-15_17-19-52.h5
Epoch 237/8000
 - 9s - loss: 0.1515 - val_loss: 0.1443

Epoch 00237: val_loss did not improve from 0.14219
Epoch 238/8000
 - 9s - loss: 0.1492 - val_loss: 0.1431

Epoch 00238: val_loss did not improve from 0.14219
Epoch 239/8000
 - 9s - loss: 0.1481 - val_loss: 0.1464

Epoch 00239: val_loss did not improve from 0.14219
Epoch 240/8000
 - 9s - loss: 0.1488 - val_loss: 0.1533

Epoch 00240: val_loss did not improve from 0.14219
Epoch 241/8000
 - 9s - loss: 0.1460 - val_loss: 0.1618

Epoch 00241: val_loss did not improve from 0.14219
Epoch 242/8000
 - 9s - loss: 0.1496 - val_loss: 0.1443

Epoch 00242: val_loss did not improve from 0.14219
Epoch 243/8000
 - 9s - loss: 0.1475 - val_loss: 0.1516

Epoch 00243: val_loss did not improve from 0.14219
Epoch 244/8000
 - 9s - loss: 0.1550 - val_loss: 0.1534

Epoch 00244: val_loss did not improve from 0.14219
Epoch 245/8000
 - 9s - loss: 0.1552 - val_loss: 0.1633

Epoch 00245: val_loss did not improve from 0.14219
Epoch 246/8000
 - 9s - loss: 0.1540 - val_loss: 0.1673

Epoch 00246: val_loss did not improve from 0.14219
Epoch 247/8000
 - 9s - loss: 0.1568 - val_loss: 0.1468

Epoch 00247: val_loss did not improve from 0.14219
Epoch 248/8000
 - 9s - loss: 0.1570 - val_loss: 0.1479

Epoch 00248: val_loss did not improve from 0.14219
Epoch 249/8000
 - 9s - loss: 0.1543 - val_loss: 0.1771

Epoch 00249: val_loss did not improve from 0.14219
Epoch 250/8000
 - 9s - loss: 0.1583 - val_loss: 0.1724

Epoch 00250: val_loss did not improve from 0.14219
Epoch 251/8000
 - 9s - loss: 0.1556 - val_loss: 0.1486

Epoch 00251: val_loss did not improve from 0.14219
Epoch 252/8000
 - 9s - loss: 0.1510 - val_loss: 0.1523

Epoch 00252: val_loss did not improve from 0.14219
Epoch 253/8000
 - 9s - loss: 0.1545 - val_loss: 0.1539

Epoch 00253: val_loss did not improve from 0.14219
Epoch 254/8000
 - 9s - loss: 0.1546 - val_loss: 0.1581

Epoch 00254: val_loss did not improve from 0.14219
Epoch 255/8000
 - 9s - loss: 0.1543 - val_loss: 0.1558

Epoch 00255: val_loss did not improve from 0.14219
Epoch 256/8000
 - 9s - loss: 0.1469 - val_loss: 0.1516

Epoch 00256: val_loss did not improve from 0.14219
Epoch 257/8000
 - 9s - loss: 0.1557 - val_loss: 0.1429

Epoch 00257: val_loss did not improve from 0.14219
Epoch 258/8000
 - 9s - loss: 0.1499 - val_loss: 0.1477

Epoch 00258: val_loss did not improve from 0.14219
Epoch 259/8000
 - 9s - loss: 0.1484 - val_loss: 0.1443

Epoch 00259: val_loss did not improve from 0.14219
Epoch 260/8000
 - 9s - loss: 0.1475 - val_loss: 0.1407

Epoch 00260: val_loss improved from 0.14219 to 0.14067, saving model to model_weights/lstm_autoencoder_2020-01-15_17-19-52.h5
Epoch 261/8000
 - 9s - loss: 0.1446 - val_loss: 0.1517

Epoch 00261: val_loss did not improve from 0.14067
Epoch 262/8000
 - 9s - loss: 0.1445 - val_loss: 0.1510

Epoch 00262: val_loss did not improve from 0.14067
Epoch 263/8000
 - 9s - loss: 0.1564 - val_loss: 0.1506

Epoch 00263: val_loss did not improve from 0.14067
Epoch 264/8000
 - 9s - loss: nan - val_loss: nan

Epoch 00264: val_loss did not improve from 0.14067
Epoch 265/8000
 - 9s - loss: nan - val_loss: nan

Epoch 00265: val_loss did not improve from 0.14067
Epoch 266/8000
 - 9s - loss: nan - val_loss: nan

Epoch 00266: val_loss did not improve from 0.14067
Epoch 267/8000
 - 9s - loss: nan - val_loss: nan

Epoch 00267: val_loss did not improve from 0.14067
Epoch 268/8000
 - 9s - loss: nan - val_loss: nan

Epoch 00268: val_loss did not improve from 0.14067
Epoch 269/8000
 - 9s - loss: nan - val_loss: nan

Epoch 00269: val_loss did not improve from 0.14067
Epoch 270/8000
 - 9s - loss: nan - val_loss: nan

Epoch 00270: val_loss did not improve from 0.14067
Epoch 271/8000
 - 9s - loss: nan - val_loss: nan

Epoch 00271: val_loss did not improve from 0.14067
Epoch 272/8000
 - 9s - loss: nan - val_loss: nan

Epoch 00272: val_loss did not improve from 0.14067
Epoch 273/8000
 - 9s - loss: nan - val_loss: nan

Epoch 00273: val_loss did not improve from 0.14067
Epoch 274/8000
 - 9s - loss: nan - val_loss: nan

Epoch 00274: val_loss did not improve from 0.14067
Epoch 275/8000
 - 9s - loss: nan - val_loss: nan

Epoch 00275: val_loss did not improve from 0.14067
Epoch 276/8000
 - 9s - loss: nan - val_loss: nan

Epoch 00276: val_loss did not improve from 0.14067
Epoch 277/8000
 - 9s - loss: nan - val_loss: nan

Epoch 00277: val_loss did not improve from 0.14067
Epoch 278/8000
 - 9s - loss: nan - val_loss: nan

Epoch 00278: val_loss did not improve from 0.14067
Epoch 279/8000
 - 9s - loss: nan - val_loss: nan

Epoch 00279: val_loss did not improve from 0.14067
Epoch 280/8000
 - 9s - loss: nan - val_loss: nan

Epoch 00280: val_loss did not improve from 0.14067
Epoch 281/8000
 - 9s - loss: nan - val_loss: nan

Epoch 00281: val_loss did not improve from 0.14067
Epoch 282/8000
 - 9s - loss: nan - val_loss: nan

Epoch 00282: val_loss did not improve from 0.14067
Epoch 283/8000
 - 9s - loss: nan - val_loss: nan

Epoch 00283: val_loss did not improve from 0.14067
Epoch 284/8000
 - 9s - loss: nan - val_loss: nan

Epoch 00284: val_loss did not improve from 0.14067
Epoch 285/8000
 - 9s - loss: nan - val_loss: nan

Epoch 00285: val_loss did not improve from 0.14067
Epoch 286/8000
 - 9s - loss: nan - val_loss: nan

Epoch 00286: val_loss did not improve from 0.14067
Epoch 287/8000
 - 9s - loss: nan - val_loss: nan

Epoch 00287: val_loss did not improve from 0.14067
Epoch 288/8000
 - 9s - loss: nan - val_loss: nan

Epoch 00288: val_loss did not improve from 0.14067
Epoch 289/8000
 - 9s - loss: nan - val_loss: nan

Epoch 00289: val_loss did not improve from 0.14067
Epoch 290/8000
 - 9s - loss: nan - val_loss: nan

Epoch 00290: val_loss did not improve from 0.14067
Epoch 291/8000
 - 9s - loss: nan - val_loss: nan

Epoch 00291: val_loss did not improve from 0.14067
Epoch 292/8000
 - 9s - loss: nan - val_loss: nan

Epoch 00292: val_loss did not improve from 0.14067
Epoch 293/8000
 - 9s - loss: nan - val_loss: nan

Epoch 00293: val_loss did not improve from 0.14067
Epoch 294/8000
 - 9s - loss: nan - val_loss: nan

Epoch 00294: val_loss did not improve from 0.14067
Epoch 295/8000
 - 9s - loss: nan - val_loss: nan

Epoch 00295: val_loss did not improve from 0.14067
Epoch 296/8000
 - 9s - loss: nan - val_loss: nan

Epoch 00296: val_loss did not improve from 0.14067
Epoch 297/8000
 - 9s - loss: nan - val_loss: nan

Epoch 00297: val_loss did not improve from 0.14067
Epoch 298/8000
 - 9s - loss: nan - val_loss: nan

Epoch 00298: val_loss did not improve from 0.14067
Epoch 299/8000
 - 9s - loss: nan - val_loss: nan

Epoch 00299: val_loss did not improve from 0.14067
Epoch 300/8000
 - 9s - loss: nan - val_loss: nan

Epoch 00300: val_loss did not improve from 0.14067
Epoch 301/8000
 - 9s - loss: nan - val_loss: nan

Epoch 00301: val_loss did not improve from 0.14067
Epoch 302/8000
 - 9s - loss: nan - val_loss: nan

Epoch 00302: val_loss did not improve from 0.14067
Epoch 303/8000
 - 9s - loss: nan - val_loss: nan

Epoch 00303: val_loss did not improve from 0.14067
Epoch 304/8000
 - 9s - loss: nan - val_loss: nan

Epoch 00304: val_loss did not improve from 0.14067
Epoch 305/8000
 - 9s - loss: nan - val_loss: nan

Epoch 00305: val_loss did not improve from 0.14067
Epoch 306/8000
 - 9s - loss: nan - val_loss: nan

Epoch 00306: val_loss did not improve from 0.14067
Epoch 307/8000
 - 9s - loss: nan - val_loss: nan

Epoch 00307: val_loss did not improve from 0.14067
Epoch 308/8000
 - 9s - loss: nan - val_loss: nan

Epoch 00308: val_loss did not improve from 0.14067
Epoch 309/8000
 - 9s - loss: nan - val_loss: nan

Epoch 00309: val_loss did not improve from 0.14067
Epoch 310/8000
 - 9s - loss: nan - val_loss: nan

Epoch 00310: val_loss did not improve from 0.14067
Epoch 311/8000
 - 9s - loss: nan - val_loss: nan

Epoch 00311: val_loss did not improve from 0.14067
Epoch 312/8000
 - 9s - loss: nan - val_loss: nan

Epoch 00312: val_loss did not improve from 0.14067
Epoch 313/8000
 - 9s - loss: nan - val_loss: nan

Epoch 00313: val_loss did not improve from 0.14067
Epoch 314/8000
 - 9s - loss: nan - val_loss: nan

Epoch 00314: val_loss did not improve from 0.14067
Epoch 315/8000
 - 9s - loss: nan - val_loss: nan

Epoch 00315: val_loss did not improve from 0.14067
Epoch 316/8000
 - 9s - loss: nan - val_loss: nan

Epoch 00316: val_loss did not improve from 0.14067
Epoch 317/8000
 - 9s - loss: nan - val_loss: nan

Epoch 00317: val_loss did not improve from 0.14067
Epoch 318/8000
 - 9s - loss: nan - val_loss: nan

Epoch 00318: val_loss did not improve from 0.14067
Epoch 319/8000
 - 9s - loss: nan - val_loss: nan

Epoch 00319: val_loss did not improve from 0.14067
Epoch 320/8000
 - 9s - loss: nan - val_loss: nan

Epoch 00320: val_loss did not improve from 0.14067
Epoch 321/8000
 - 9s - loss: nan - val_loss: nan

Epoch 00321: val_loss did not improve from 0.14067
Epoch 322/8000
 - 9s - loss: nan - val_loss: nan

Epoch 00322: val_loss did not improve from 0.14067
Epoch 323/8000
 - 9s - loss: nan - val_loss: nan

Epoch 00323: val_loss did not improve from 0.14067
Epoch 324/8000
 - 9s - loss: nan - val_loss: nan

Epoch 00324: val_loss did not improve from 0.14067
Epoch 325/8000
 - 9s - loss: nan - val_loss: nan

Epoch 00325: val_loss did not improve from 0.14067
Epoch 326/8000
 - 9s - loss: nan - val_loss: nan

Epoch 00326: val_loss did not improve from 0.14067
Epoch 327/8000
 - 9s - loss: nan - val_loss: nan

Epoch 00327: val_loss did not improve from 0.14067
Epoch 328/8000
 - 9s - loss: nan - val_loss: nan

Epoch 00328: val_loss did not improve from 0.14067
Epoch 329/8000
 - 9s - loss: nan - val_loss: nan

Epoch 00329: val_loss did not improve from 0.14067
Epoch 330/8000
 - 9s - loss: nan - val_loss: nan

Epoch 00330: val_loss did not improve from 0.14067
Epoch 331/8000
 - 9s - loss: nan - val_loss: nan

Epoch 00331: val_loss did not improve from 0.14067
Epoch 332/8000
 - 9s - loss: nan - val_loss: nan

Epoch 00332: val_loss did not improve from 0.14067
Epoch 333/8000
 - 9s - loss: nan - val_loss: nan

Epoch 00333: val_loss did not improve from 0.14067
Epoch 334/8000
 - 9s - loss: nan - val_loss: nan

Epoch 00334: val_loss did not improve from 0.14067
Epoch 335/8000
 - 9s - loss: nan - val_loss: nan

Epoch 00335: val_loss did not improve from 0.14067
Epoch 336/8000
 - 9s - loss: nan - val_loss: nan

Epoch 00336: val_loss did not improve from 0.14067
Epoch 337/8000
 - 9s - loss: nan - val_loss: nan

Epoch 00337: val_loss did not improve from 0.14067
Epoch 338/8000
 - 9s - loss: nan - val_loss: nan

Epoch 00338: val_loss did not improve from 0.14067
Epoch 339/8000
 - 9s - loss: nan - val_loss: nan

Epoch 00339: val_loss did not improve from 0.14067
Epoch 340/8000
 - 9s - loss: nan - val_loss: nan

Epoch 00340: val_loss did not improve from 0.14067
Epoch 341/8000
 - 9s - loss: nan - val_loss: nan

Epoch 00341: val_loss did not improve from 0.14067
Epoch 342/8000
 - 9s - loss: nan - val_loss: nan

Epoch 00342: val_loss did not improve from 0.14067
Epoch 343/8000
 - 9s - loss: nan - val_loss: nan

Epoch 00343: val_loss did not improve from 0.14067
Epoch 344/8000
 - 9s - loss: nan - val_loss: nan

Epoch 00344: val_loss did not improve from 0.14067
Epoch 345/8000
 - 9s - loss: nan - val_loss: nan

Epoch 00345: val_loss did not improve from 0.14067
Epoch 346/8000
 - 9s - loss: nan - val_loss: nan

Epoch 00346: val_loss did not improve from 0.14067
Epoch 347/8000
 - 9s - loss: nan - val_loss: nan

Epoch 00347: val_loss did not improve from 0.14067
Epoch 348/8000
 - 9s - loss: nan - val_loss: nan

Epoch 00348: val_loss did not improve from 0.14067
Epoch 349/8000
 - 9s - loss: nan - val_loss: nan

Epoch 00349: val_loss did not improve from 0.14067
Epoch 350/8000
 - 9s - loss: nan - val_loss: nan

Epoch 00350: val_loss did not improve from 0.14067
Epoch 351/8000
 - 9s - loss: nan - val_loss: nan

Epoch 00351: val_loss did not improve from 0.14067
Epoch 352/8000
 - 9s - loss: nan - val_loss: nan

Epoch 00352: val_loss did not improve from 0.14067
Epoch 353/8000
 - 9s - loss: nan - val_loss: nan

Epoch 00353: val_loss did not improve from 0.14067
Epoch 354/8000
 - 9s - loss: nan - val_loss: nan

Epoch 00354: val_loss did not improve from 0.14067
Epoch 355/8000
 - 9s - loss: nan - val_loss: nan

Epoch 00355: val_loss did not improve from 0.14067
Epoch 356/8000
 - 9s - loss: nan - val_loss: nan

Epoch 00356: val_loss did not improve from 0.14067
Epoch 357/8000
 - 9s - loss: nan - val_loss: nan

Epoch 00357: val_loss did not improve from 0.14067
Epoch 358/8000
 - 9s - loss: nan - val_loss: nan

Epoch 00358: val_loss did not improve from 0.14067
Epoch 359/8000
 - 9s - loss: nan - val_loss: nan

Epoch 00359: val_loss did not improve from 0.14067
Epoch 360/8000
 - 9s - loss: nan - val_loss: nan

Epoch 00360: val_loss did not improve from 0.14067
Epoch 00360: early stopping
