2020-01-15 11:33:59.588867: I tensorflow/core/platform/cpu_feature_guard.cc:141] Your CPU supports instructions that this TensorFlow binary was not compiled to use: SSE4.1 SSE4.2 AVX
2020-01-15 11:33:59.711041: I tensorflow/stream_executor/cuda/cuda_gpu_executor.cc:897] successful NUMA node read from SysFS had negative value (-1), but there must be at least one NUMA node, so returning NUMA node zero
2020-01-15 11:33:59.711597: I tensorflow/core/common_runtime/gpu/gpu_device.cc:1405] Found device 0 with properties: 
name: TITAN Xp major: 6 minor: 1 memoryClockRate(GHz): 1.582
pciBusID: 0000:01:00.0
totalMemory: 11.91GiB freeMemory: 11.73GiB
2020-01-15 11:33:59.711614: I tensorflow/core/common_runtime/gpu/gpu_device.cc:1484] Adding visible gpu devices: 0
2020-01-15 11:33:59.944202: I tensorflow/core/common_runtime/gpu/gpu_device.cc:965] Device interconnect StreamExecutor with strength 1 edge matrix:
2020-01-15 11:33:59.944246: I tensorflow/core/common_runtime/gpu/gpu_device.cc:971]      0 
2020-01-15 11:33:59.944255: I tensorflow/core/common_runtime/gpu/gpu_device.cc:984] 0:   N 
2020-01-15 11:33:59.944531: I tensorflow/core/common_runtime/gpu/gpu_device.cc:1097] Created TensorFlow device (/job:localhost/replica:0/task:0/device:GPU:0 with 11348 MB memory) -> physical GPU (device: 0, name: TITAN Xp, pci bus id: 0000:01:00.0, compute capability: 6.1)
2020-01-15 11:34:00.212240: I tensorflow/core/kernels/cuda_solvers.cc:159] Creating CudaSolver handles for stream 0x5602ed039d70
Train on 80918 samples, validate on 4259 samples
Epoch 1/8000
 - 13s - loss: 0.3366 - val_loss: 0.2517

Epoch 00001: val_loss improved from inf to 0.25175, saving model to model_weights/lstm_autoencoder_2020-01-15_11-33-58.h5
Epoch 2/8000
 - 11s - loss: 0.2479 - val_loss: 0.2226

Epoch 00002: val_loss improved from 0.25175 to 0.22260, saving model to model_weights/lstm_autoencoder_2020-01-15_11-33-58.h5
Epoch 3/8000
 - 11s - loss: 0.2210 - val_loss: 0.2111

Epoch 00003: val_loss improved from 0.22260 to 0.21110, saving model to model_weights/lstm_autoencoder_2020-01-15_11-33-58.h5
Epoch 4/8000
 - 11s - loss: 0.2062 - val_loss: 0.1941

Epoch 00004: val_loss improved from 0.21110 to 0.19406, saving model to model_weights/lstm_autoencoder_2020-01-15_11-33-58.h5
Epoch 5/8000
 - 11s - loss: 0.1979 - val_loss: 0.2151

Epoch 00005: val_loss did not improve from 0.19406
Epoch 6/8000
 - 11s - loss: 0.1924 - val_loss: 0.1920

Epoch 00006: val_loss improved from 0.19406 to 0.19198, saving model to model_weights/lstm_autoencoder_2020-01-15_11-33-58.h5
Epoch 7/8000
 - 11s - loss: 0.1859 - val_loss: 0.1748

Epoch 00007: val_loss improved from 0.19198 to 0.17484, saving model to model_weights/lstm_autoencoder_2020-01-15_11-33-58.h5
Epoch 8/8000
 - 11s - loss: 0.1775 - val_loss: 0.1785

Epoch 00008: val_loss did not improve from 0.17484
Epoch 9/8000
 - 11s - loss: 0.1747 - val_loss: 0.1665

Epoch 00009: val_loss improved from 0.17484 to 0.16651, saving model to model_weights/lstm_autoencoder_2020-01-15_11-33-58.h5
Epoch 10/8000
 - 11s - loss: 0.1723 - val_loss: 0.1655

Epoch 00010: val_loss improved from 0.16651 to 0.16547, saving model to model_weights/lstm_autoencoder_2020-01-15_11-33-58.h5
Epoch 11/8000
 - 11s - loss: 0.1672 - val_loss: 0.1839

Epoch 00011: val_loss did not improve from 0.16547
Epoch 12/8000
 - 11s - loss: 0.1659 - val_loss: 0.1737

Epoch 00012: val_loss did not improve from 0.16547
Epoch 13/8000
 - 11s - loss: 0.1634 - val_loss: 0.1975

Epoch 00013: val_loss did not improve from 0.16547
Epoch 14/8000
 - 11s - loss: 0.1614 - val_loss: 0.1538

Epoch 00014: val_loss improved from 0.16547 to 0.15381, saving model to model_weights/lstm_autoencoder_2020-01-15_11-33-58.h5
Epoch 15/8000
 - 11s - loss: 0.1584 - val_loss: 0.1543

Epoch 00015: val_loss did not improve from 0.15381
Epoch 16/8000
 - 11s - loss: 0.1548 - val_loss: 0.1596

Epoch 00016: val_loss did not improve from 0.15381
Epoch 17/8000
 - 11s - loss: 0.1559 - val_loss: 0.1466

Epoch 00017: val_loss improved from 0.15381 to 0.14655, saving model to model_weights/lstm_autoencoder_2020-01-15_11-33-58.h5
Epoch 18/8000
 - 11s - loss: 0.1536 - val_loss: 0.1834

Epoch 00018: val_loss did not improve from 0.14655
Epoch 19/8000
 - 11s - loss: 0.1554 - val_loss: 0.1806

Epoch 00019: val_loss did not improve from 0.14655
Epoch 20/8000
 - 11s - loss: 0.1499 - val_loss: 0.1502

Epoch 00020: val_loss did not improve from 0.14655
Epoch 21/8000
 - 11s - loss: 0.1477 - val_loss: 0.1465

Epoch 00021: val_loss improved from 0.14655 to 0.14647, saving model to model_weights/lstm_autoencoder_2020-01-15_11-33-58.h5
Epoch 22/8000
 - 11s - loss: 0.1467 - val_loss: 0.1465

Epoch 00022: val_loss did not improve from 0.14647
Epoch 23/8000
 - 11s - loss: 0.1448 - val_loss: 0.1466

Epoch 00023: val_loss did not improve from 0.14647
Epoch 24/8000
 - 11s - loss: 0.1449 - val_loss: 0.1470

Epoch 00024: val_loss did not improve from 0.14647
Epoch 25/8000
 - 11s - loss: 0.1421 - val_loss: 0.1454

Epoch 00025: val_loss improved from 0.14647 to 0.14542, saving model to model_weights/lstm_autoencoder_2020-01-15_11-33-58.h5
Epoch 26/8000
 - 11s - loss: 0.1406 - val_loss: 0.1482

Epoch 00026: val_loss did not improve from 0.14542
Epoch 27/8000
 - 11s - loss: 0.1402 - val_loss: 0.1318

Epoch 00027: val_loss improved from 0.14542 to 0.13176, saving model to model_weights/lstm_autoencoder_2020-01-15_11-33-58.h5
Epoch 28/8000
 - 11s - loss: 0.1369 - val_loss: 0.1707

Epoch 00028: val_loss did not improve from 0.13176
Epoch 29/8000
 - 11s - loss: 0.1384 - val_loss: 0.1635

Epoch 00029: val_loss did not improve from 0.13176
Epoch 30/8000
 - 11s - loss: 0.1396 - val_loss: 0.1427

Epoch 00030: val_loss did not improve from 0.13176
Epoch 31/8000
 - 11s - loss: 0.1368 - val_loss: 0.1387

Epoch 00031: val_loss did not improve from 0.13176
Epoch 32/8000
 - 11s - loss: 0.1368 - val_loss: 0.1643

Epoch 00032: val_loss did not improve from 0.13176
Epoch 33/8000
 - 11s - loss: 0.1386 - val_loss: 0.1366

Epoch 00033: val_loss did not improve from 0.13176
Epoch 34/8000
 - 11s - loss: 0.1353 - val_loss: 0.1337

Epoch 00034: val_loss did not improve from 0.13176
Epoch 35/8000
 - 11s - loss: 0.1335 - val_loss: 0.1338

Epoch 00035: val_loss did not improve from 0.13176
Epoch 36/8000
 - 11s - loss: 0.1342 - val_loss: 0.1365

Epoch 00036: val_loss did not improve from 0.13176
Epoch 37/8000
 - 11s - loss: 0.1309 - val_loss: 0.1337

Epoch 00037: val_loss did not improve from 0.13176
Epoch 38/8000
 - 11s - loss: 0.1324 - val_loss: 0.1293

Epoch 00038: val_loss improved from 0.13176 to 0.12928, saving model to model_weights/lstm_autoencoder_2020-01-15_11-33-58.h5
Epoch 39/8000
 - 11s - loss: 0.1333 - val_loss: 0.1217

Epoch 00039: val_loss improved from 0.12928 to 0.12174, saving model to model_weights/lstm_autoencoder_2020-01-15_11-33-58.h5
Epoch 40/8000
 - 11s - loss: 0.1311 - val_loss: 0.1294

Epoch 00040: val_loss did not improve from 0.12174
Epoch 41/8000
 - 11s - loss: 0.1307 - val_loss: 0.1397

Epoch 00041: val_loss did not improve from 0.12174
Epoch 42/8000
 - 11s - loss: 0.1309 - val_loss: 0.1395

Epoch 00042: val_loss did not improve from 0.12174
Epoch 43/8000
 - 11s - loss: 0.1309 - val_loss: 0.1444

Epoch 00043: val_loss did not improve from 0.12174
Epoch 44/8000
 - 11s - loss: 0.1307 - val_loss: 0.1184

Epoch 00044: val_loss improved from 0.12174 to 0.11836, saving model to model_weights/lstm_autoencoder_2020-01-15_11-33-58.h5
Epoch 45/8000
 - 11s - loss: 0.1290 - val_loss: 0.1444

Epoch 00045: val_loss did not improve from 0.11836
Epoch 46/8000
 - 11s - loss: 0.1276 - val_loss: 0.1320

Epoch 00046: val_loss did not improve from 0.11836
Epoch 47/8000
 - 11s - loss: 0.1313 - val_loss: 0.1459

Epoch 00047: val_loss did not improve from 0.11836
Epoch 48/8000
 - 11s - loss: 0.1305 - val_loss: 0.1368

Epoch 00048: val_loss did not improve from 0.11836
Epoch 49/8000
 - 11s - loss: 0.1281 - val_loss: 0.1188

Epoch 00049: val_loss did not improve from 0.11836
Epoch 50/8000
 - 11s - loss: 0.1263 - val_loss: 0.1500

Epoch 00050: val_loss did not improve from 0.11836
Epoch 51/8000
 - 11s - loss: 0.1262 - val_loss: 0.1354

Epoch 00051: val_loss did not improve from 0.11836
Epoch 52/8000
 - 11s - loss: 0.1252 - val_loss: 0.1417

Epoch 00052: val_loss did not improve from 0.11836
Epoch 53/8000
 - 11s - loss: 0.1273 - val_loss: 0.1428

Epoch 00053: val_loss did not improve from 0.11836
Epoch 54/8000
 - 11s - loss: 0.1275 - val_loss: 0.1273

Epoch 00054: val_loss did not improve from 0.11836
Epoch 55/8000
 - 11s - loss: 0.1282 - val_loss: 0.1347

Epoch 00055: val_loss did not improve from 0.11836
Epoch 56/8000
 - 11s - loss: 0.1284 - val_loss: 0.1150

Epoch 00056: val_loss improved from 0.11836 to 0.11504, saving model to model_weights/lstm_autoencoder_2020-01-15_11-33-58.h5
Epoch 57/8000
 - 11s - loss: 0.1248 - val_loss: 0.1190

Epoch 00057: val_loss did not improve from 0.11504
Epoch 58/8000
 - 11s - loss: 0.1253 - val_loss: 0.1277

Epoch 00058: val_loss did not improve from 0.11504
Epoch 59/8000
 - 11s - loss: 0.1221 - val_loss: 0.1210

Epoch 00059: val_loss did not improve from 0.11504
Epoch 60/8000
 - 11s - loss: 0.1224 - val_loss: 0.1166

Epoch 00060: val_loss did not improve from 0.11504
Epoch 61/8000
 - 11s - loss: 0.1199 - val_loss: 0.1199

Epoch 00061: val_loss did not improve from 0.11504
Epoch 62/8000
 - 11s - loss: 0.1208 - val_loss: 0.1238

Epoch 00062: val_loss did not improve from 0.11504
Epoch 63/8000
 - 11s - loss: 0.1266 - val_loss: 0.1272

Epoch 00063: val_loss did not improve from 0.11504
Epoch 64/8000
 - 11s - loss: 0.1208 - val_loss: 0.1131

Epoch 00064: val_loss improved from 0.11504 to 0.11307, saving model to model_weights/lstm_autoencoder_2020-01-15_11-33-58.h5
Epoch 65/8000
 - 11s - loss: 0.1255 - val_loss: 0.1299

Epoch 00065: val_loss did not improve from 0.11307
Epoch 66/8000
 - 11s - loss: 0.1233 - val_loss: 0.1248

Epoch 00066: val_loss did not improve from 0.11307
Epoch 67/8000
 - 11s - loss: 0.1290 - val_loss: 0.1311

Epoch 00067: val_loss did not improve from 0.11307
Epoch 68/8000
 - 11s - loss: 0.1306 - val_loss: 0.1693

Epoch 00068: val_loss did not improve from 0.11307
Epoch 69/8000
 - 11s - loss: 0.1224 - val_loss: 0.1291

Epoch 00069: val_loss did not improve from 0.11307
Epoch 70/8000
 - 11s - loss: 0.1232 - val_loss: 0.1407

Epoch 00070: val_loss did not improve from 0.11307
Epoch 71/8000
 - 11s - loss: 0.1241 - val_loss: 0.1171

Epoch 00071: val_loss did not improve from 0.11307
Epoch 72/8000
 - 11s - loss: 0.1255 - val_loss: 0.1197

Epoch 00072: val_loss did not improve from 0.11307
Epoch 73/8000
 - 11s - loss: 0.1156 - val_loss: 0.1151

Epoch 00073: val_loss did not improve from 0.11307
Epoch 74/8000
 - 11s - loss: 0.1248 - val_loss: 0.1152

Epoch 00074: val_loss did not improve from 0.11307
Epoch 75/8000
 - 11s - loss: 0.1205 - val_loss: 0.1254

Epoch 00075: val_loss did not improve from 0.11307
Epoch 76/8000
 - 11s - loss: 0.1216 - val_loss: 0.1200

Epoch 00076: val_loss did not improve from 0.11307
Epoch 77/8000
 - 11s - loss: 0.1250 - val_loss: 0.1449

Epoch 00077: val_loss did not improve from 0.11307
Epoch 78/8000
 - 11s - loss: 0.1246 - val_loss: 0.1328

Epoch 00078: val_loss did not improve from 0.11307
Epoch 79/8000
 - 11s - loss: 0.1212 - val_loss: 0.1363

Epoch 00079: val_loss did not improve from 0.11307
Epoch 80/8000
 - 11s - loss: 0.1209 - val_loss: 0.1365

Epoch 00080: val_loss did not improve from 0.11307
Epoch 81/8000
 - 11s - loss: 0.1198 - val_loss: 0.1191

Epoch 00081: val_loss did not improve from 0.11307
Epoch 82/8000
 - 11s - loss: 0.1226 - val_loss: 0.1150

Epoch 00082: val_loss did not improve from 0.11307
Epoch 83/8000
 - 11s - loss: 0.1230 - val_loss: 0.1186

Epoch 00083: val_loss did not improve from 0.11307
Epoch 84/8000
 - 11s - loss: 0.1184 - val_loss: 0.1075

Epoch 00084: val_loss improved from 0.11307 to 0.10754, saving model to model_weights/lstm_autoencoder_2020-01-15_11-33-58.h5
Epoch 85/8000
 - 11s - loss: 0.1215 - val_loss: 0.1183

Epoch 00085: val_loss did not improve from 0.10754
Epoch 86/8000
 - 11s - loss: 0.1188 - val_loss: 0.1280

Epoch 00086: val_loss did not improve from 0.10754
Epoch 87/8000
 - 11s - loss: 0.1260 - val_loss: 0.1144

Epoch 00087: val_loss did not improve from 0.10754
Epoch 88/8000
 - 11s - loss: 0.1198 - val_loss: 0.1119

Epoch 00088: val_loss did not improve from 0.10754
Epoch 89/8000
 - 11s - loss: 0.1163 - val_loss: 0.1069

Epoch 00089: val_loss improved from 0.10754 to 0.10692, saving model to model_weights/lstm_autoencoder_2020-01-15_11-33-58.h5
Epoch 90/8000
 - 11s - loss: 0.1215 - val_loss: 0.1211

Epoch 00090: val_loss did not improve from 0.10692
Epoch 91/8000
 - 11s - loss: 0.1190 - val_loss: 0.1248

Epoch 00091: val_loss did not improve from 0.10692
Epoch 92/8000
 - 11s - loss: 0.1208 - val_loss: 0.1303

Epoch 00092: val_loss did not improve from 0.10692
Epoch 93/8000
 - 11s - loss: 0.1190 - val_loss: 0.1184

Epoch 00093: val_loss did not improve from 0.10692
Epoch 94/8000
 - 11s - loss: 0.1191 - val_loss: 0.1518

Epoch 00094: val_loss did not improve from 0.10692
Epoch 95/8000
 - 11s - loss: 0.1189 - val_loss: 0.1126

Epoch 00095: val_loss did not improve from 0.10692
Epoch 96/8000
 - 11s - loss: 0.1149 - val_loss: 0.1136

Epoch 00096: val_loss did not improve from 0.10692
Epoch 97/8000
 - 11s - loss: 0.1177 - val_loss: 0.1337

Epoch 00097: val_loss did not improve from 0.10692
Epoch 98/8000
 - 11s - loss: 0.1242 - val_loss: 0.1127

Epoch 00098: val_loss did not improve from 0.10692
Epoch 99/8000
 - 11s - loss: 0.1221 - val_loss: 0.1194

Epoch 00099: val_loss did not improve from 0.10692
Epoch 100/8000
 - 11s - loss: 0.1197 - val_loss: 0.1133

Epoch 00100: val_loss did not improve from 0.10692
Epoch 101/8000
 - 11s - loss: 0.1200 - val_loss: 0.1340

Epoch 00101: val_loss did not improve from 0.10692
Epoch 102/8000
 - 11s - loss: 0.1306 - val_loss: 0.1127

Epoch 00102: val_loss did not improve from 0.10692
Epoch 103/8000
 - 11s - loss: 0.1155 - val_loss: 0.1344

Epoch 00103: val_loss did not improve from 0.10692
Epoch 104/8000
 - 11s - loss: 0.1188 - val_loss: 0.1167

Epoch 00104: val_loss did not improve from 0.10692
Epoch 105/8000
 - 11s - loss: 0.1133 - val_loss: 0.1077

Epoch 00105: val_loss did not improve from 0.10692
Epoch 106/8000
 - 11s - loss: 0.1111 - val_loss: 0.1086

Epoch 00106: val_loss did not improve from 0.10692
Epoch 107/8000
 - 11s - loss: 0.1136 - val_loss: 0.1144

Epoch 00107: val_loss did not improve from 0.10692
Epoch 108/8000
 - 11s - loss: 0.1179 - val_loss: 0.1047

Epoch 00108: val_loss improved from 0.10692 to 0.10466, saving model to model_weights/lstm_autoencoder_2020-01-15_11-33-58.h5
Epoch 109/8000
 - 11s - loss: 0.1133 - val_loss: 0.1500

Epoch 00109: val_loss did not improve from 0.10466
Epoch 110/8000
 - 11s - loss: 0.1179 - val_loss: 0.1676

Epoch 00110: val_loss did not improve from 0.10466
Epoch 111/8000
 - 11s - loss: 0.1322 - val_loss: 0.1577

Epoch 00111: val_loss did not improve from 0.10466
Epoch 112/8000
 - 11s - loss: 0.1253 - val_loss: 0.1205

Epoch 00112: val_loss did not improve from 0.10466
Epoch 113/8000
 - 11s - loss: 0.1169 - val_loss: 0.1672

Epoch 00113: val_loss did not improve from 0.10466
Epoch 114/8000
 - 11s - loss: 0.1241 - val_loss: 0.1072

Epoch 00114: val_loss did not improve from 0.10466
Epoch 115/8000
 - 11s - loss: 0.1128 - val_loss: 0.1086

Epoch 00115: val_loss did not improve from 0.10466
Epoch 116/8000
 - 11s - loss: 0.1194 - val_loss: 0.1365

Epoch 00116: val_loss did not improve from 0.10466
Epoch 117/8000
 - 11s - loss: 0.1259 - val_loss: 0.1159

Epoch 00117: val_loss did not improve from 0.10466
Epoch 118/8000
 - 11s - loss: 0.1131 - val_loss: 0.1154

Epoch 00118: val_loss did not improve from 0.10466
Epoch 119/8000
 - 11s - loss: 0.1181 - val_loss: 0.1415

Epoch 00119: val_loss did not improve from 0.10466
Epoch 120/8000
 - 11s - loss: 0.1150 - val_loss: 0.1482

Epoch 00120: val_loss did not improve from 0.10466
Epoch 121/8000
 - 11s - loss: 0.1185 - val_loss: 0.1235

Epoch 00121: val_loss did not improve from 0.10466
Epoch 122/8000
 - 11s - loss: 0.1212 - val_loss: 0.1315

Epoch 00122: val_loss did not improve from 0.10466
Epoch 123/8000
 - 11s - loss: 0.1201 - val_loss: 0.1245

Epoch 00123: val_loss did not improve from 0.10466
Epoch 124/8000
 - 11s - loss: 0.1191 - val_loss: 0.1192

Epoch 00124: val_loss did not improve from 0.10466
Epoch 125/8000
 - 11s - loss: 0.1204 - val_loss: 0.1479

Epoch 00125: val_loss did not improve from 0.10466
Epoch 126/8000
 - 11s - loss: 0.1134 - val_loss: 0.1091

Epoch 00126: val_loss did not improve from 0.10466
Epoch 127/8000
 - 11s - loss: 0.1167 - val_loss: 0.1241

Epoch 00127: val_loss did not improve from 0.10466
Epoch 128/8000
 - 11s - loss: 0.1232 - val_loss: 0.1658

Epoch 00128: val_loss did not improve from 0.10466
Epoch 129/8000
 - 11s - loss: 0.1350 - val_loss: 0.1190

Epoch 00129: val_loss did not improve from 0.10466
Epoch 130/8000
 - 11s - loss: 0.1310 - val_loss: 0.1248

Epoch 00130: val_loss did not improve from 0.10466
Epoch 131/8000
 - 11s - loss: 0.1175 - val_loss: 0.1281

Epoch 00131: val_loss did not improve from 0.10466
Epoch 132/8000
 - 11s - loss: 0.1185 - val_loss: 0.1217

Epoch 00132: val_loss did not improve from 0.10466
Epoch 133/8000
 - 11s - loss: 0.1241 - val_loss: 0.1241

Epoch 00133: val_loss did not improve from 0.10466
Epoch 134/8000
 - 11s - loss: 0.1153 - val_loss: 0.1055

Epoch 00134: val_loss did not improve from 0.10466
Epoch 135/8000
 - 11s - loss: 0.1159 - val_loss: 0.1291

Epoch 00135: val_loss did not improve from 0.10466
Epoch 136/8000
 - 11s - loss: 0.1129 - val_loss: 0.1509

Epoch 00136: val_loss did not improve from 0.10466
Epoch 137/8000
 - 11s - loss: 0.1192 - val_loss: 0.1157

Epoch 00137: val_loss did not improve from 0.10466
Epoch 138/8000
 - 11s - loss: 0.1182 - val_loss: 0.1370

Epoch 00138: val_loss did not improve from 0.10466
Epoch 139/8000
 - 11s - loss: 0.1185 - val_loss: 0.1539

Epoch 00139: val_loss did not improve from 0.10466
Epoch 140/8000
 - 11s - loss: 0.1166 - val_loss: 0.1175

Epoch 00140: val_loss did not improve from 0.10466
Epoch 141/8000
 - 11s - loss: 0.2508 - val_loss: 0.2183

Epoch 00141: val_loss did not improve from 0.10466
Epoch 142/8000
 - 11s - loss: 0.2135 - val_loss: 0.1954

Epoch 00142: val_loss did not improve from 0.10466
Epoch 143/8000
 - 11s - loss: 0.1978 - val_loss: 0.1846

Epoch 00143: val_loss did not improve from 0.10466
Epoch 144/8000
 - 11s - loss: 0.1868 - val_loss: 0.1762

Epoch 00144: val_loss did not improve from 0.10466
Epoch 145/8000
 - 11s - loss: 0.1789 - val_loss: 0.1740

Epoch 00145: val_loss did not improve from 0.10466
Epoch 146/8000
 - 11s - loss: 0.1741 - val_loss: 0.1985

Epoch 00146: val_loss did not improve from 0.10466
Epoch 147/8000
 - 11s - loss: 0.1704 - val_loss: 0.1565

Epoch 00147: val_loss did not improve from 0.10466
Epoch 148/8000
 - 11s - loss: 0.1639 - val_loss: 0.1831

Epoch 00148: val_loss did not improve from 0.10466
Epoch 149/8000
 - 11s - loss: 0.1636 - val_loss: 0.1551

Epoch 00149: val_loss did not improve from 0.10466
Epoch 150/8000
 - 11s - loss: 0.1581 - val_loss: 0.1530

Epoch 00150: val_loss did not improve from 0.10466
Epoch 151/8000
 - 11s - loss: 0.1570 - val_loss: 0.1524

Epoch 00151: val_loss did not improve from 0.10466
Epoch 152/8000
 - 11s - loss: 0.1536 - val_loss: 0.1461

Epoch 00152: val_loss did not improve from 0.10466
Epoch 153/8000
 - 11s - loss: 0.1498 - val_loss: 0.1454

Epoch 00153: val_loss did not improve from 0.10466
Epoch 154/8000
 - 11s - loss: 0.1494 - val_loss: 0.1658

Epoch 00154: val_loss did not improve from 0.10466
Epoch 155/8000
 - 11s - loss: 0.1482 - val_loss: 0.1391

Epoch 00155: val_loss did not improve from 0.10466
Epoch 156/8000
 - 11s - loss: 0.1476 - val_loss: 0.1431

Epoch 00156: val_loss did not improve from 0.10466
Epoch 157/8000
 - 11s - loss: 0.1437 - val_loss: 0.1434

Epoch 00157: val_loss did not improve from 0.10466
Epoch 158/8000
 - 11s - loss: 0.1465 - val_loss: 0.1473

Epoch 00158: val_loss did not improve from 0.10466
Epoch 159/8000
 - 11s - loss: 0.1395 - val_loss: 0.1366

Epoch 00159: val_loss did not improve from 0.10466
Epoch 160/8000
 - 11s - loss: 0.1413 - val_loss: 0.1430

Epoch 00160: val_loss did not improve from 0.10466
Epoch 161/8000
 - 11s - loss: 0.1402 - val_loss: 0.1348

Epoch 00161: val_loss did not improve from 0.10466
Epoch 162/8000
 - 11s - loss: 0.1402 - val_loss: 0.1557

Epoch 00162: val_loss did not improve from 0.10466
Epoch 163/8000
 - 11s - loss: 0.1420 - val_loss: 0.1438

Epoch 00163: val_loss did not improve from 0.10466
Epoch 164/8000
 - 11s - loss: 0.1373 - val_loss: 0.1697

Epoch 00164: val_loss did not improve from 0.10466
Epoch 165/8000
 - 11s - loss: 0.1399 - val_loss: 0.1392

Epoch 00165: val_loss did not improve from 0.10466
Epoch 166/8000
 - 11s - loss: 0.1377 - val_loss: 0.1411

Epoch 00166: val_loss did not improve from 0.10466
Epoch 167/8000
 - 11s - loss: 0.1354 - val_loss: 0.1406

Epoch 00167: val_loss did not improve from 0.10466
Epoch 168/8000
 - 11s - loss: 0.1374 - val_loss: 0.1315

Epoch 00168: val_loss did not improve from 0.10466
Epoch 169/8000
 - 11s - loss: 0.1376 - val_loss: 0.1877

Epoch 00169: val_loss did not improve from 0.10466
Epoch 170/8000
 - 11s - loss: 0.1403 - val_loss: 0.1367

Epoch 00170: val_loss did not improve from 0.10466
Epoch 171/8000
 - 11s - loss: 0.1385 - val_loss: 0.1489

Epoch 00171: val_loss did not improve from 0.10466
Epoch 172/8000
 - 11s - loss: 0.1352 - val_loss: 0.1457

Epoch 00172: val_loss did not improve from 0.10466
Epoch 173/8000
 - 11s - loss: 0.1321 - val_loss: 0.1267

Epoch 00173: val_loss did not improve from 0.10466
Epoch 174/8000
 - 11s - loss: 0.1322 - val_loss: 0.1235

Epoch 00174: val_loss did not improve from 0.10466
Epoch 175/8000
 - 11s - loss: 0.1317 - val_loss: 0.1325

Epoch 00175: val_loss did not improve from 0.10466
Epoch 176/8000
 - 11s - loss: 0.1339 - val_loss: 0.1291

Epoch 00176: val_loss did not improve from 0.10466
Epoch 177/8000
 - 11s - loss: 0.1333 - val_loss: 0.1304

Epoch 00177: val_loss did not improve from 0.10466
Epoch 178/8000
 - 11s - loss: 0.1334 - val_loss: 0.1284

Epoch 00178: val_loss did not improve from 0.10466
Epoch 179/8000
 - 11s - loss: 0.1299 - val_loss: 0.1283

Epoch 00179: val_loss did not improve from 0.10466
Epoch 180/8000
 - 11s - loss: 0.1338 - val_loss: 0.1415

Epoch 00180: val_loss did not improve from 0.10466
Epoch 181/8000
 - 11s - loss: 0.1334 - val_loss: 0.1510

Epoch 00181: val_loss did not improve from 0.10466
Epoch 182/8000
 - 11s - loss: 0.1318 - val_loss: 0.1210

Epoch 00182: val_loss did not improve from 0.10466
Epoch 183/8000
 - 11s - loss: 0.1350 - val_loss: 0.1581

Epoch 00183: val_loss did not improve from 0.10466
Epoch 184/8000
 - 11s - loss: 0.1302 - val_loss: 0.1243

Epoch 00184: val_loss did not improve from 0.10466
Epoch 185/8000
 - 11s - loss: 0.1304 - val_loss: 0.1248

Epoch 00185: val_loss did not improve from 0.10466
Epoch 186/8000
 - 11s - loss: 0.1306 - val_loss: 0.1320

Epoch 00186: val_loss did not improve from 0.10466
Epoch 187/8000
 - 11s - loss: 0.1335 - val_loss: 0.1289

Epoch 00187: val_loss did not improve from 0.10466
Epoch 188/8000
 - 11s - loss: 0.1358 - val_loss: 0.1251

Epoch 00188: val_loss did not improve from 0.10466
Epoch 189/8000
 - 11s - loss: 0.1253 - val_loss: 0.1234

Epoch 00189: val_loss did not improve from 0.10466
Epoch 190/8000
 - 11s - loss: 0.1244 - val_loss: 0.1293

Epoch 00190: val_loss did not improve from 0.10466
Epoch 191/8000
 - 11s - loss: 0.1270 - val_loss: 0.1308

Epoch 00191: val_loss did not improve from 0.10466
Epoch 192/8000
 - 11s - loss: 0.1263 - val_loss: 0.1215

Epoch 00192: val_loss did not improve from 0.10466
Epoch 193/8000
 - 11s - loss: 0.1241 - val_loss: 0.1268

Epoch 00193: val_loss did not improve from 0.10466
Epoch 194/8000
 - 11s - loss: 0.1326 - val_loss: 0.1358

Epoch 00194: val_loss did not improve from 0.10466
Epoch 195/8000
 - 11s - loss: 0.1269 - val_loss: 0.1196

Epoch 00195: val_loss did not improve from 0.10466
Epoch 196/8000
 - 11s - loss: 0.1255 - val_loss: 0.1228

Epoch 00196: val_loss did not improve from 0.10466
Epoch 197/8000
 - 11s - loss: 0.1268 - val_loss: 0.1286

Epoch 00197: val_loss did not improve from 0.10466
Epoch 198/8000
 - 11s - loss: 0.1242 - val_loss: 0.1183

Epoch 00198: val_loss did not improve from 0.10466
Epoch 199/8000
 - 11s - loss: 0.1338 - val_loss: 0.1213

Epoch 00199: val_loss did not improve from 0.10466
Epoch 200/8000
 - 11s - loss: 0.1251 - val_loss: 0.1240

Epoch 00200: val_loss did not improve from 0.10466
Epoch 201/8000
 - 11s - loss: nan - val_loss: nan

Epoch 00201: val_loss did not improve from 0.10466
Epoch 202/8000
 - 11s - loss: nan - val_loss: nan

Epoch 00202: val_loss did not improve from 0.10466
Epoch 203/8000
 - 11s - loss: nan - val_loss: nan

Epoch 00203: val_loss did not improve from 0.10466
Epoch 204/8000
 - 11s - loss: nan - val_loss: nan

Epoch 00204: val_loss did not improve from 0.10466
Epoch 205/8000
 - 11s - loss: nan - val_loss: nan

Epoch 00205: val_loss did not improve from 0.10466
Epoch 206/8000
 - 11s - loss: nan - val_loss: nan

Epoch 00206: val_loss did not improve from 0.10466
Epoch 207/8000
 - 11s - loss: nan - val_loss: nan

Epoch 00207: val_loss did not improve from 0.10466
Epoch 208/8000
 - 11s - loss: nan - val_loss: nan

Epoch 00208: val_loss did not improve from 0.10466
Epoch 00208: early stopping
