2020-01-27 11:26:34.735167: I tensorflow/core/platform/cpu_feature_guard.cc:141] Your CPU supports instructions that this TensorFlow binary was not compiled to use: SSE4.1 SSE4.2 AVX
2020-01-27 11:26:34.864540: I tensorflow/stream_executor/cuda/cuda_gpu_executor.cc:897] successful NUMA node read from SysFS had negative value (-1), but there must be at least one NUMA node, so returning NUMA node zero
2020-01-27 11:26:34.865097: I tensorflow/core/common_runtime/gpu/gpu_device.cc:1405] Found device 0 with properties: 
name: TITAN Xp major: 6 minor: 1 memoryClockRate(GHz): 1.582
pciBusID: 0000:01:00.0
totalMemory: 11.91GiB freeMemory: 11.73GiB
2020-01-27 11:26:34.865113: I tensorflow/core/common_runtime/gpu/gpu_device.cc:1484] Adding visible gpu devices: 0
2020-01-27 11:26:35.097027: I tensorflow/core/common_runtime/gpu/gpu_device.cc:965] Device interconnect StreamExecutor with strength 1 edge matrix:
2020-01-27 11:26:35.097071: I tensorflow/core/common_runtime/gpu/gpu_device.cc:971]      0 
2020-01-27 11:26:35.097080: I tensorflow/core/common_runtime/gpu/gpu_device.cc:984] 0:   N 
2020-01-27 11:26:35.097350: I tensorflow/core/common_runtime/gpu/gpu_device.cc:1097] Created TensorFlow device (/job:localhost/replica:0/task:0/device:GPU:0 with 11348 MB memory) -> physical GPU (device: 0, name: TITAN Xp, pci bus id: 0000:01:00.0, compute capability: 6.1)
2020-01-27 11:26:35.378667: I tensorflow/core/kernels/cuda_solvers.cc:159] Creating CudaSolver handles for stream 0x55ae531d2dd0
Epoch 1/8000

Epoch 00001: val_loss improved from inf to 40.77158, saving model to model_weights/model_2020-01-27_11-26-34.h5
 - 19s - loss: 44.8020 - val_loss: 40.7716
Epoch 2/8000

Epoch 00002: val_loss did not improve from 40.77158
 - 16s - loss: 33.3568 - val_loss: 41.4295
Epoch 3/8000

Epoch 00003: val_loss improved from 40.77158 to 24.66755, saving model to model_weights/model_2020-01-27_11-26-34.h5
 - 16s - loss: 26.0983 - val_loss: 24.6676
Epoch 4/8000

Epoch 00004: val_loss improved from 24.66755 to 24.59227, saving model to model_weights/model_2020-01-27_11-26-34.h5
 - 17s - loss: 23.7416 - val_loss: 24.5923
Epoch 5/8000

Epoch 00005: val_loss improved from 24.59227 to 24.57058, saving model to model_weights/model_2020-01-27_11-26-34.h5
 - 17s - loss: 23.5947 - val_loss: 24.5706
Epoch 6/8000

Epoch 00006: val_loss improved from 24.57058 to 24.36190, saving model to model_weights/model_2020-01-27_11-26-34.h5
 - 17s - loss: 23.4414 - val_loss: 24.3619
Epoch 7/8000

Epoch 00007: val_loss did not improve from 24.36190
 - 17s - loss: 23.1086 - val_loss: 24.6764
Epoch 8/8000

Epoch 00008: val_loss improved from 24.36190 to 21.22006, saving model to model_weights/model_2020-01-27_11-26-34.h5
 - 17s - loss: 21.9610 - val_loss: 21.2201
Epoch 9/8000

Epoch 00009: val_loss improved from 21.22006 to 20.45223, saving model to model_weights/model_2020-01-27_11-26-34.h5
 - 16s - loss: 20.8502 - val_loss: 20.4522
Epoch 10/8000

Epoch 00010: val_loss improved from 20.45223 to 20.40300, saving model to model_weights/model_2020-01-27_11-26-34.h5
 - 17s - loss: 19.9317 - val_loss: 20.4030
Epoch 11/8000

Epoch 00011: val_loss improved from 20.40300 to 20.19556, saving model to model_weights/model_2020-01-27_11-26-34.h5
 - 17s - loss: 19.4664 - val_loss: 20.1956
Epoch 12/8000

Epoch 00012: val_loss improved from 20.19556 to 19.43706, saving model to model_weights/model_2020-01-27_11-26-34.h5
 - 17s - loss: 18.9600 - val_loss: 19.4371
Epoch 13/8000

Epoch 00013: val_loss improved from 19.43706 to 18.27281, saving model to model_weights/model_2020-01-27_11-26-34.h5
 - 17s - loss: 18.3111 - val_loss: 18.2728
Epoch 14/8000

Epoch 00014: val_loss did not improve from 18.27281
 - 17s - loss: 18.1992 - val_loss: 18.3311
Epoch 15/8000

Epoch 00015: val_loss did not improve from 18.27281
 - 16s - loss: 17.8675 - val_loss: 18.2815
Epoch 16/8000

Epoch 00016: val_loss did not improve from 18.27281
 - 16s - loss: 17.5660 - val_loss: 19.3042
Epoch 17/8000

Epoch 00017: val_loss improved from 18.27281 to 17.43578, saving model to model_weights/model_2020-01-27_11-26-34.h5
 - 17s - loss: 17.6296 - val_loss: 17.4358
Epoch 18/8000

Epoch 00018: val_loss improved from 17.43578 to 17.15773, saving model to model_weights/model_2020-01-27_11-26-34.h5
 - 17s - loss: 17.7507 - val_loss: 17.1577
Epoch 19/8000

Epoch 00019: val_loss did not improve from 17.15773
 - 17s - loss: 17.1524 - val_loss: 18.0526
Epoch 20/8000

Epoch 00020: val_loss did not improve from 17.15773
 - 17s - loss: 16.9614 - val_loss: 19.8686
Epoch 21/8000

Epoch 00021: val_loss improved from 17.15773 to 17.02191, saving model to model_weights/model_2020-01-27_11-26-34.h5
 - 17s - loss: 16.5450 - val_loss: 17.0219
Epoch 22/8000

Epoch 00022: val_loss did not improve from 17.02191
 - 17s - loss: 16.7345 - val_loss: 17.5421
Epoch 23/8000

Epoch 00023: val_loss improved from 17.02191 to 16.47978, saving model to model_weights/model_2020-01-27_11-26-34.h5
 - 17s - loss: 16.1944 - val_loss: 16.4798
Epoch 24/8000

Epoch 00024: val_loss did not improve from 16.47978
 - 17s - loss: 16.3433 - val_loss: 16.5391
Epoch 25/8000

Epoch 00025: val_loss did not improve from 16.47978
 - 17s - loss: 16.0680 - val_loss: 17.8407
Epoch 26/8000

Epoch 00026: val_loss did not improve from 16.47978
 - 17s - loss: 16.0221 - val_loss: 19.7163
Epoch 27/8000

Epoch 00027: val_loss improved from 16.47978 to 15.57623, saving model to model_weights/model_2020-01-27_11-26-34.h5
 - 17s - loss: 15.9194 - val_loss: 15.5762
Epoch 28/8000

Epoch 00028: val_loss did not improve from 15.57623
 - 17s - loss: 15.8126 - val_loss: 16.5991
Epoch 29/8000

Epoch 00029: val_loss did not improve from 15.57623
 - 17s - loss: 15.6743 - val_loss: 16.2865
Epoch 30/8000

Epoch 00030: val_loss did not improve from 15.57623
 - 16s - loss: 15.8669 - val_loss: 16.0519
Epoch 31/8000

Epoch 00031: val_loss improved from 15.57623 to 15.51071, saving model to model_weights/model_2020-01-27_11-26-34.h5
 - 17s - loss: 15.3057 - val_loss: 15.5107
Epoch 32/8000

Epoch 00032: val_loss improved from 15.51071 to 15.33706, saving model to model_weights/model_2020-01-27_11-26-34.h5
 - 17s - loss: 15.2943 - val_loss: 15.3371
Epoch 33/8000

Epoch 00033: val_loss did not improve from 15.33706
 - 17s - loss: 15.2874 - val_loss: 15.4263
Epoch 34/8000

Epoch 00034: val_loss improved from 15.33706 to 15.15284, saving model to model_weights/model_2020-01-27_11-26-34.h5
 - 17s - loss: 14.9794 - val_loss: 15.1528
Epoch 35/8000

Epoch 00035: val_loss did not improve from 15.15284
 - 17s - loss: 14.8588 - val_loss: 15.7300
Epoch 36/8000

Epoch 00036: val_loss did not improve from 15.15284
 - 17s - loss: 15.1531 - val_loss: 15.5428
Epoch 37/8000

Epoch 00037: val_loss improved from 15.15284 to 15.13310, saving model to model_weights/model_2020-01-27_11-26-34.h5
 - 16s - loss: 14.6781 - val_loss: 15.1331
Epoch 38/8000

Epoch 00038: val_loss improved from 15.13310 to 14.72657, saving model to model_weights/model_2020-01-27_11-26-34.h5
 - 17s - loss: 14.8778 - val_loss: 14.7266
Epoch 39/8000

Epoch 00039: val_loss did not improve from 14.72657
 - 17s - loss: 14.5620 - val_loss: 14.7474
Epoch 40/8000

Epoch 00040: val_loss did not improve from 14.72657
 - 17s - loss: 14.6187 - val_loss: 14.8641
Epoch 41/8000

Epoch 00041: val_loss did not improve from 14.72657
 - 17s - loss: 14.7337 - val_loss: 15.3450
Epoch 42/8000

Epoch 00042: val_loss improved from 14.72657 to 14.58652, saving model to model_weights/model_2020-01-27_11-26-34.h5
 - 17s - loss: 14.5064 - val_loss: 14.5865
Epoch 43/8000

Epoch 00043: val_loss did not improve from 14.58652
 - 17s - loss: 14.3172 - val_loss: 15.0056
Epoch 44/8000

Epoch 00044: val_loss improved from 14.58652 to 14.22114, saving model to model_weights/model_2020-01-27_11-26-34.h5
 - 17s - loss: 14.4352 - val_loss: 14.2211
Epoch 45/8000

Epoch 00045: val_loss did not improve from 14.22114
 - 17s - loss: 14.1679 - val_loss: 14.7517
Epoch 46/8000

Epoch 00046: val_loss did not improve from 14.22114
 - 17s - loss: 14.2841 - val_loss: 14.8376
Epoch 47/8000

Epoch 00047: val_loss improved from 14.22114 to 14.00796, saving model to model_weights/model_2020-01-27_11-26-34.h5
 - 17s - loss: 14.2084 - val_loss: 14.0080
Epoch 48/8000

Epoch 00048: val_loss did not improve from 14.00796
 - 17s - loss: 14.0441 - val_loss: 14.3934
Epoch 49/8000

Epoch 00049: val_loss did not improve from 14.00796
 - 17s - loss: 13.8886 - val_loss: 14.6596
Epoch 50/8000

Epoch 00050: val_loss did not improve from 14.00796
 - 17s - loss: 13.9486 - val_loss: 14.1481
Epoch 51/8000

Epoch 00051: val_loss improved from 14.00796 to 13.85990, saving model to model_weights/model_2020-01-27_11-26-34.h5
 - 16s - loss: 13.9613 - val_loss: 13.8599
Epoch 52/8000

Epoch 00052: val_loss did not improve from 13.85990
 - 17s - loss: 14.0155 - val_loss: 14.2221
Epoch 53/8000

Epoch 00053: val_loss did not improve from 13.85990
 - 17s - loss: 13.8490 - val_loss: 15.1465
Epoch 54/8000

Epoch 00054: val_loss did not improve from 13.85990
 - 17s - loss: 14.5919 - val_loss: 14.2228
Epoch 55/8000

Epoch 00055: val_loss improved from 13.85990 to 13.75187, saving model to model_weights/model_2020-01-27_11-26-34.h5
 - 17s - loss: 13.9375 - val_loss: 13.7519
Epoch 56/8000

Epoch 00056: val_loss improved from 13.75187 to 13.59486, saving model to model_weights/model_2020-01-27_11-26-34.h5
 - 17s - loss: 13.6014 - val_loss: 13.5949
Epoch 57/8000

Epoch 00057: val_loss did not improve from 13.59486
 - 17s - loss: 13.6128 - val_loss: 14.1244
Epoch 58/8000

Epoch 00058: val_loss did not improve from 13.59486
 - 16s - loss: 14.6937 - val_loss: 14.9510
Epoch 59/8000

Epoch 00059: val_loss did not improve from 13.59486
 - 17s - loss: 14.0648 - val_loss: 15.3972
Epoch 60/8000

Epoch 00060: val_loss did not improve from 13.59486
 - 17s - loss: 13.7405 - val_loss: 14.4908
Epoch 61/8000

Epoch 00061: val_loss improved from 13.59486 to 13.46789, saving model to model_weights/model_2020-01-27_11-26-34.h5
 - 17s - loss: 13.7520 - val_loss: 13.4679
Epoch 62/8000

Epoch 00062: val_loss did not improve from 13.46789
 - 17s - loss: 13.2604 - val_loss: 14.5411
Epoch 63/8000

Epoch 00063: val_loss did not improve from 13.46789
 - 17s - loss: 13.7714 - val_loss: 13.9177
Epoch 64/8000

Epoch 00064: val_loss improved from 13.46789 to 13.42365, saving model to model_weights/model_2020-01-27_11-26-34.h5
 - 17s - loss: 13.3136 - val_loss: 13.4236
Epoch 65/8000

Epoch 00065: val_loss did not improve from 13.42365
 - 16s - loss: 13.1991 - val_loss: 14.4359
Epoch 66/8000

Epoch 00066: val_loss did not improve from 13.42365
 - 17s - loss: 14.5309 - val_loss: 14.4881
Epoch 67/8000

Epoch 00067: val_loss improved from 13.42365 to 12.89790, saving model to model_weights/model_2020-01-27_11-26-34.h5
 - 17s - loss: 13.2905 - val_loss: 12.8979
Epoch 68/8000

Epoch 00068: val_loss did not improve from 12.89790
 - 17s - loss: 13.1246 - val_loss: 13.7702
Epoch 69/8000

Epoch 00069: val_loss did not improve from 12.89790
 - 17s - loss: 13.4714 - val_loss: 13.8931
Epoch 70/8000

Epoch 00070: val_loss did not improve from 12.89790
 - 17s - loss: 13.2641 - val_loss: 12.9880
Epoch 71/8000

Epoch 00071: val_loss did not improve from 12.89790
 - 17s - loss: 13.1424 - val_loss: 13.4948
Epoch 72/8000

Epoch 00072: val_loss improved from 12.89790 to 12.79469, saving model to model_weights/model_2020-01-27_11-26-34.h5
 - 16s - loss: 12.9460 - val_loss: 12.7947
Epoch 73/8000

Epoch 00073: val_loss did not improve from 12.79469
 - 17s - loss: 12.9499 - val_loss: 13.7113
Epoch 74/8000

Epoch 00074: val_loss did not improve from 12.79469
 - 17s - loss: 13.0455 - val_loss: 13.0420
Epoch 75/8000

Epoch 00075: val_loss did not improve from 12.79469
 - 17s - loss: 14.4065 - val_loss: 13.5643
Epoch 76/8000

Epoch 00076: val_loss did not improve from 12.79469
 - 17s - loss: 12.7667 - val_loss: 12.8092
Epoch 77/8000

Epoch 00077: val_loss did not improve from 12.79469
 - 17s - loss: 12.7596 - val_loss: 13.3379
Epoch 78/8000

Epoch 00078: val_loss did not improve from 12.79469
 - 17s - loss: 13.0311 - val_loss: 12.9418
Epoch 79/8000

Epoch 00079: val_loss did not improve from 12.79469
 - 16s - loss: 12.9773 - val_loss: 15.0112
Epoch 80/8000

Epoch 00080: val_loss did not improve from 12.79469
 - 17s - loss: 13.6075 - val_loss: 14.0379
Epoch 81/8000

Epoch 00081: val_loss did not improve from 12.79469
 - 17s - loss: 13.7896 - val_loss: 13.0011
Epoch 82/8000

Epoch 00082: val_loss did not improve from 12.79469
 - 17s - loss: 12.7852 - val_loss: 12.9816
Epoch 83/8000

Epoch 00083: val_loss did not improve from 12.79469
 - 17s - loss: 13.0308 - val_loss: 13.0219
Epoch 84/8000

Epoch 00084: val_loss did not improve from 12.79469
 - 17s - loss: 12.7182 - val_loss: 12.9773
Epoch 85/8000

Epoch 00085: val_loss did not improve from 12.79469
 - 17s - loss: 13.0310 - val_loss: 13.2039
Epoch 86/8000

Epoch 00086: val_loss improved from 12.79469 to 12.71934, saving model to model_weights/model_2020-01-27_11-26-34.h5
 - 16s - loss: 12.9065 - val_loss: 12.7193
Epoch 87/8000

Epoch 00087: val_loss did not improve from 12.71934
 - 17s - loss: 13.2583 - val_loss: 13.5145
Epoch 88/8000

Epoch 00088: val_loss did not improve from 12.71934
 - 17s - loss: 12.9496 - val_loss: 13.7414
Epoch 89/8000

Epoch 00089: val_loss improved from 12.71934 to 12.60310, saving model to model_weights/model_2020-01-27_11-26-34.h5
 - 17s - loss: 12.8696 - val_loss: 12.6031
Epoch 90/8000

Epoch 00090: val_loss did not improve from 12.60310
 - 17s - loss: 12.6994 - val_loss: 12.8321
Epoch 91/8000

Epoch 00091: val_loss did not improve from 12.60310
 - 17s - loss: 12.6138 - val_loss: 12.8975
Epoch 92/8000

Epoch 00092: val_loss did not improve from 12.60310
 - 17s - loss: 12.8559 - val_loss: 13.0290
Epoch 93/8000

Epoch 00093: val_loss did not improve from 12.60310
 - 16s - loss: 12.5997 - val_loss: 12.7800
Epoch 94/8000

Epoch 00094: val_loss did not improve from 12.60310
 - 17s - loss: 12.7331 - val_loss: 13.0287
Epoch 95/8000

Epoch 00095: val_loss did not improve from 12.60310
 - 17s - loss: 12.9805 - val_loss: 13.2053
Epoch 96/8000

Epoch 00096: val_loss improved from 12.60310 to 12.41266, saving model to model_weights/model_2020-01-27_11-26-34.h5
 - 17s - loss: 12.5998 - val_loss: 12.4127
Epoch 97/8000

Epoch 00097: val_loss did not improve from 12.41266
 - 17s - loss: 12.8001 - val_loss: 12.5687
Epoch 98/8000

Epoch 00098: val_loss did not improve from 12.41266
 - 17s - loss: 12.5474 - val_loss: 12.7113
Epoch 99/8000

Epoch 00099: val_loss did not improve from 12.41266
 - 17s - loss: 14.5552 - val_loss: 15.1067
Epoch 100/8000

Epoch 00100: val_loss did not improve from 12.41266
 - 17s - loss: 13.4161 - val_loss: 13.1851
Epoch 101/8000

Epoch 00101: val_loss did not improve from 12.41266
 - 17s - loss: 13.0993 - val_loss: 19.8770
Epoch 102/8000

Epoch 00102: val_loss did not improve from 12.41266
 - 17s - loss: 16.4138 - val_loss: 15.0515
Epoch 103/8000

Epoch 00103: val_loss did not improve from 12.41266
 - 17s - loss: 13.8610 - val_loss: 13.5758
Epoch 104/8000

Epoch 00104: val_loss did not improve from 12.41266
 - 17s - loss: 13.1076 - val_loss: 13.2777
Epoch 105/8000

Epoch 00105: val_loss did not improve from 12.41266
 - 17s - loss: 12.4575 - val_loss: 12.6295
Epoch 106/8000

Epoch 00106: val_loss did not improve from 12.41266
 - 17s - loss: 12.6544 - val_loss: 12.5155
Epoch 107/8000

Epoch 00107: val_loss did not improve from 12.41266
 - 17s - loss: 12.7115 - val_loss: 12.6496
Epoch 108/8000

Epoch 00108: val_loss did not improve from 12.41266
 - 17s - loss: 12.2579 - val_loss: 12.4873
Epoch 109/8000

Epoch 00109: val_loss did not improve from 12.41266
 - 17s - loss: 12.3260 - val_loss: 12.4664
Epoch 110/8000

Epoch 00110: val_loss did not improve from 12.41266
 - 17s - loss: 12.9273 - val_loss: 12.8454
Epoch 111/8000

Epoch 00111: val_loss did not improve from 12.41266
 - 17s - loss: 12.9812 - val_loss: 12.8954
Epoch 112/8000

Epoch 00112: val_loss did not improve from 12.41266
 - 17s - loss: 13.4943 - val_loss: 12.7140
Epoch 113/8000

Epoch 00113: val_loss did not improve from 12.41266
 - 16s - loss: 12.3040 - val_loss: 12.5017
Epoch 114/8000

Epoch 00114: val_loss did not improve from 12.41266
 - 17s - loss: 12.6564 - val_loss: 12.6693
Epoch 115/8000

Epoch 00115: val_loss improved from 12.41266 to 12.34442, saving model to model_weights/model_2020-01-27_11-26-34.h5
 - 17s - loss: 12.2594 - val_loss: 12.3444
Epoch 116/8000

Epoch 00116: val_loss improved from 12.34442 to 12.09301, saving model to model_weights/model_2020-01-27_11-26-34.h5
 - 17s - loss: 12.5449 - val_loss: 12.0930
Epoch 117/8000

Epoch 00117: val_loss did not improve from 12.09301
 - 17s - loss: 12.1786 - val_loss: 12.2190
Epoch 118/8000

Epoch 00118: val_loss did not improve from 12.09301
 - 17s - loss: 12.1184 - val_loss: 12.1130
Epoch 119/8000

Epoch 00119: val_loss improved from 12.09301 to 12.00309, saving model to model_weights/model_2020-01-27_11-26-34.h5
 - 17s - loss: 12.1109 - val_loss: 12.0031
Epoch 120/8000

Epoch 00120: val_loss did not improve from 12.00309
 - 17s - loss: 13.1828 - val_loss: 15.9004
Epoch 121/8000

Epoch 00121: val_loss did not improve from 12.00309
 - 16s - loss: 12.8326 - val_loss: 12.7222
Epoch 122/8000

Epoch 00122: val_loss did not improve from 12.00309
 - 17s - loss: 12.0600 - val_loss: 12.0069
Epoch 123/8000

Epoch 00123: val_loss did not improve from 12.00309
 - 17s - loss: 12.3264 - val_loss: 14.4032
Epoch 124/8000

Epoch 00124: val_loss did not improve from 12.00309
 - 17s - loss: 12.2867 - val_loss: 13.2423
Epoch 125/8000

Epoch 00125: val_loss did not improve from 12.00309
 - 17s - loss: 13.7888 - val_loss: 14.5322
Epoch 126/8000

Epoch 00126: val_loss did not improve from 12.00309
 - 17s - loss: 12.8527 - val_loss: 12.2428
Epoch 127/8000

Epoch 00127: val_loss did not improve from 12.00309
 - 17s - loss: 12.4647 - val_loss: 12.1254
Epoch 128/8000

Epoch 00128: val_loss improved from 12.00309 to 11.97371, saving model to model_weights/model_2020-01-27_11-26-34.h5
 - 17s - loss: 11.9522 - val_loss: 11.9737
Epoch 129/8000

Epoch 00129: val_loss improved from 11.97371 to 11.97153, saving model to model_weights/model_2020-01-27_11-26-34.h5
 - 17s - loss: 11.9296 - val_loss: 11.9715
Epoch 130/8000

Epoch 00130: val_loss did not improve from 11.97153
 - 17s - loss: 12.0320 - val_loss: 12.2096
Epoch 131/8000

Epoch 00131: val_loss did not improve from 11.97153
 - 17s - loss: 11.6997 - val_loss: 12.1250
Epoch 132/8000

Epoch 00132: val_loss did not improve from 11.97153
 - 17s - loss: 13.1481 - val_loss: 12.4067
Epoch 133/8000

Epoch 00133: val_loss did not improve from 11.97153
 - 17s - loss: 12.6145 - val_loss: 14.4575
Epoch 134/8000

Epoch 00134: val_loss did not improve from 11.97153
 - 17s - loss: 12.6648 - val_loss: 13.6465
Epoch 135/8000

Epoch 00135: val_loss improved from 11.97153 to 11.77353, saving model to model_weights/model_2020-01-27_11-26-34.h5
 - 17s - loss: 11.9938 - val_loss: 11.7735
Epoch 136/8000

Epoch 00136: val_loss did not improve from 11.77353
 - 17s - loss: 11.9807 - val_loss: 12.1118
Epoch 137/8000

Epoch 00137: val_loss did not improve from 11.77353
 - 17s - loss: 13.4583 - val_loss: 12.8783
Epoch 138/8000

Epoch 00138: val_loss did not improve from 11.77353
 - 17s - loss: 13.3303 - val_loss: 13.7624
Epoch 139/8000

Epoch 00139: val_loss did not improve from 11.77353
 - 17s - loss: 13.2150 - val_loss: 12.0255
Epoch 140/8000

Epoch 00140: val_loss did not improve from 11.77353
 - 17s - loss: 12.2319 - val_loss: 12.4527
Epoch 141/8000

Epoch 00141: val_loss did not improve from 11.77353
 - 17s - loss: 15.0846 - val_loss: 12.8499
Epoch 142/8000

Epoch 00142: val_loss did not improve from 11.77353
 - 16s - loss: 12.2440 - val_loss: 12.2707
Epoch 143/8000

Epoch 00143: val_loss did not improve from 11.77353
 - 17s - loss: 11.7748 - val_loss: 11.8643
Epoch 144/8000

Epoch 00144: val_loss did not improve from 11.77353
 - 17s - loss: 11.7639 - val_loss: 12.2833
Epoch 145/8000

Epoch 00145: val_loss improved from 11.77353 to 11.67686, saving model to model_weights/model_2020-01-27_11-26-34.h5
 - 17s - loss: 11.6682 - val_loss: 11.6769
Epoch 146/8000

Epoch 00146: val_loss did not improve from 11.67686
 - 17s - loss: 11.8526 - val_loss: 12.0843
Epoch 147/8000

Epoch 00147: val_loss did not improve from 11.67686
 - 17s - loss: 12.7801 - val_loss: 18.8946
Epoch 148/8000

Epoch 00148: val_loss did not improve from 11.67686
 - 17s - loss: 15.2083 - val_loss: 16.8279
Epoch 149/8000

Epoch 00149: val_loss did not improve from 11.67686
 - 17s - loss: 13.9711 - val_loss: 16.2468
Epoch 150/8000

Epoch 00150: val_loss did not improve from 11.67686
 - 17s - loss: 14.8452 - val_loss: 12.7476
Epoch 151/8000

Epoch 00151: val_loss did not improve from 11.67686
 - 17s - loss: 12.1576 - val_loss: 13.0954
Epoch 152/8000

Epoch 00152: val_loss did not improve from 11.67686
 - 17s - loss: 11.9727 - val_loss: 11.7804
Epoch 153/8000

Epoch 00153: val_loss did not improve from 11.67686
 - 17s - loss: 12.0729 - val_loss: 12.5548
Epoch 154/8000

Epoch 00154: val_loss did not improve from 11.67686
 - 17s - loss: 15.1604 - val_loss: 21.2189
Epoch 155/8000

Epoch 00155: val_loss did not improve from 11.67686
 - 17s - loss: 17.0764 - val_loss: 16.2556
Epoch 156/8000

Epoch 00156: val_loss did not improve from 11.67686
 - 16s - loss: 15.2645 - val_loss: 15.4627
Epoch 157/8000

Epoch 00157: val_loss did not improve from 11.67686
 - 17s - loss: 14.7514 - val_loss: 14.8581
Epoch 158/8000

Epoch 00158: val_loss did not improve from 11.67686
 - 17s - loss: 14.4551 - val_loss: 14.7059
Epoch 159/8000

Epoch 00159: val_loss did not improve from 11.67686
 - 17s - loss: 14.0624 - val_loss: 14.0975
Epoch 160/8000

Epoch 00160: val_loss did not improve from 11.67686
 - 17s - loss: 13.8773 - val_loss: 14.4995
Epoch 161/8000

Epoch 00161: val_loss did not improve from 11.67686
 - 17s - loss: 13.7084 - val_loss: 13.9819
Epoch 162/8000

Epoch 00162: val_loss did not improve from 11.67686
 - 17s - loss: 13.5308 - val_loss: 14.2332
Epoch 163/8000

Epoch 00163: val_loss did not improve from 11.67686
 - 17s - loss: 13.4019 - val_loss: 13.6248
Epoch 164/8000

Epoch 00164: val_loss did not improve from 11.67686
 - 17s - loss: 13.3291 - val_loss: 13.4660
Epoch 165/8000

Epoch 00165: val_loss did not improve from 11.67686
 - 17s - loss: 13.2614 - val_loss: 13.3509
Epoch 166/8000

Epoch 00166: val_loss did not improve from 11.67686
 - 17s - loss: 13.1082 - val_loss: 13.1470
Epoch 167/8000

Epoch 00167: val_loss did not improve from 11.67686
 - 17s - loss: 13.1695 - val_loss: 13.7934
Epoch 168/8000

Epoch 00168: val_loss did not improve from 11.67686
 - 17s - loss: 26.3393 - val_loss: 23.1752
Epoch 169/8000

Epoch 00169: val_loss did not improve from 11.67686
 - 17s - loss: 21.2028 - val_loss: 21.3783
Epoch 170/8000

Epoch 00170: val_loss did not improve from 11.67686
 - 16s - loss: 25.8385 - val_loss: 33.2548
Epoch 171/8000

Epoch 00171: val_loss did not improve from 11.67686
 - 17s - loss: 28.7727 - val_loss: 29.2981
Epoch 172/8000

Epoch 00172: val_loss did not improve from 11.67686
 - 17s - loss: 27.7147 - val_loss: 28.8838
Epoch 173/8000

Epoch 00173: val_loss did not improve from 11.67686
 - 17s - loss: 27.1910 - val_loss: 28.4924
Epoch 174/8000

Epoch 00174: val_loss did not improve from 11.67686
 - 17s - loss: 26.6936 - val_loss: 28.4586
Epoch 175/8000

Epoch 00175: val_loss did not improve from 11.67686
 - 17s - loss: 26.3982 - val_loss: 28.2384
Epoch 176/8000

Epoch 00176: val_loss did not improve from 11.67686
 - 17s - loss: 26.2512 - val_loss: 27.7472
Epoch 177/8000

Epoch 00177: val_loss did not improve from 11.67686
 - 16s - loss: 25.6640 - val_loss: 26.6356
Epoch 178/8000

Epoch 00178: val_loss did not improve from 11.67686
 - 17s - loss: 25.4512 - val_loss: 27.2717
Epoch 179/8000

Epoch 00179: val_loss did not improve from 11.67686
 - 17s - loss: 24.7885 - val_loss: 25.7224
Epoch 180/8000

Epoch 00180: val_loss did not improve from 11.67686
 - 17s - loss: 24.1154 - val_loss: 24.5446
Epoch 181/8000

Epoch 00181: val_loss did not improve from 11.67686
 - 17s - loss: 23.8546 - val_loss: 24.3462
Epoch 182/8000

Epoch 00182: val_loss did not improve from 11.67686
 - 17s - loss: 23.2721 - val_loss: 23.7431
Epoch 183/8000

Epoch 00183: val_loss did not improve from 11.67686
 - 17s - loss: 22.9603 - val_loss: 23.3139
Epoch 184/8000

Epoch 00184: val_loss did not improve from 11.67686
 - 16s - loss: 22.5943 - val_loss: 23.3709
Epoch 185/8000

Epoch 00185: val_loss did not improve from 11.67686
 - 17s - loss: 22.3742 - val_loss: 23.7180
Epoch 186/8000

Epoch 00186: val_loss did not improve from 11.67686
 - 17s - loss: 22.1559 - val_loss: 23.2927
Epoch 187/8000

Epoch 00187: val_loss did not improve from 11.67686
 - 17s - loss: 21.9220 - val_loss: 23.7981
Epoch 188/8000

Epoch 00188: val_loss did not improve from 11.67686
 - 17s - loss: 21.9551 - val_loss: 24.5881
Epoch 189/8000

Epoch 00189: val_loss did not improve from 11.67686
 - 17s - loss: 22.1015 - val_loss: 27.7738
Epoch 190/8000

Epoch 00190: val_loss did not improve from 11.67686
 - 17s - loss: 24.1901 - val_loss: 23.2619
Epoch 191/8000

Epoch 00191: val_loss did not improve from 11.67686
 - 16s - loss: 22.0645 - val_loss: 22.5017
Epoch 192/8000

Epoch 00192: val_loss did not improve from 11.67686
 - 17s - loss: 21.6513 - val_loss: 21.9822
Epoch 193/8000

Epoch 00193: val_loss did not improve from 11.67686
 - 17s - loss: 21.3943 - val_loss: 22.6108
Epoch 194/8000

Epoch 00194: val_loss did not improve from 11.67686
 - 17s - loss: 21.0773 - val_loss: 21.7438
Epoch 195/8000

Epoch 00195: val_loss did not improve from 11.67686
 - 17s - loss: 21.0210 - val_loss: 21.6987
Epoch 196/8000

Epoch 00196: val_loss did not improve from 11.67686
 - 17s - loss: 20.8205 - val_loss: 21.6433
Epoch 197/8000

Epoch 00197: val_loss did not improve from 11.67686
 - 17s - loss: 21.2084 - val_loss: 21.2663
Epoch 198/8000

Epoch 00198: val_loss did not improve from 11.67686
 - 16s - loss: 21.4222 - val_loss: 21.8972
Epoch 199/8000

Epoch 00199: val_loss did not improve from 11.67686
 - 17s - loss: 20.5103 - val_loss: 21.2109
Epoch 200/8000

Epoch 00200: val_loss did not improve from 11.67686
 - 17s - loss: 23.4322 - val_loss: 26.1230
Epoch 201/8000

Epoch 00201: val_loss did not improve from 11.67686
 - 17s - loss: 23.6063 - val_loss: 23.9193
Epoch 202/8000

Epoch 00202: val_loss did not improve from 11.67686
 - 17s - loss: 22.3542 - val_loss: 22.9752
Epoch 203/8000

Epoch 00203: val_loss did not improve from 11.67686
 - 17s - loss: 21.6617 - val_loss: 22.2348
Epoch 204/8000

Epoch 00204: val_loss did not improve from 11.67686
 - 17s - loss: 21.1242 - val_loss: 21.7016
Epoch 205/8000

Epoch 00205: val_loss did not improve from 11.67686
 - 16s - loss: 20.6952 - val_loss: 21.0417
Epoch 206/8000

Epoch 00206: val_loss did not improve from 11.67686
 - 17s - loss: 20.5458 - val_loss: 20.4158
Epoch 207/8000

Epoch 00207: val_loss did not improve from 11.67686
 - 17s - loss: 20.0819 - val_loss: 20.2683
Epoch 208/8000

Epoch 00208: val_loss did not improve from 11.67686
 - 17s - loss: 19.8633 - val_loss: 20.3699
Epoch 209/8000

Epoch 00209: val_loss did not improve from 11.67686
 - 17s - loss: 19.4427 - val_loss: 19.9178
Epoch 210/8000

Epoch 00210: val_loss did not improve from 11.67686
 - 17s - loss: 19.2478 - val_loss: 19.7409
Epoch 211/8000

Epoch 00211: val_loss did not improve from 11.67686
 - 17s - loss: 19.1853 - val_loss: 19.7320
Epoch 212/8000

Epoch 00212: val_loss did not improve from 11.67686
 - 17s - loss: 19.0373 - val_loss: 19.4059
Epoch 213/8000

Epoch 00213: val_loss did not improve from 11.67686
 - 17s - loss: 18.9391 - val_loss: 19.4427
Epoch 214/8000

Epoch 00214: val_loss did not improve from 11.67686
 - 17s - loss: 18.8217 - val_loss: 19.2629
Epoch 215/8000

Epoch 00215: val_loss did not improve from 11.67686
 - 17s - loss: 18.7631 - val_loss: 19.4277
Epoch 216/8000

Epoch 00216: val_loss did not improve from 11.67686
 - 17s - loss: 18.5441 - val_loss: 19.1621
Epoch 217/8000

Epoch 00217: val_loss did not improve from 11.67686
 - 17s - loss: 18.5532 - val_loss: 19.1467
Epoch 218/8000

Epoch 00218: val_loss did not improve from 11.67686
 - 17s - loss: 18.4303 - val_loss: 18.9386
Epoch 219/8000

Epoch 00219: val_loss did not improve from 11.67686
 - 16s - loss: 18.3311 - val_loss: 18.9651
Epoch 220/8000

Epoch 00220: val_loss did not improve from 11.67686
 - 17s - loss: 18.4766 - val_loss: 18.6863
Epoch 221/8000

Epoch 00221: val_loss did not improve from 11.67686
 - 17s - loss: 18.2309 - val_loss: 19.2524
Epoch 222/8000

Epoch 00222: val_loss did not improve from 11.67686
 - 17s - loss: 18.2628 - val_loss: 18.7679
Epoch 223/8000

Epoch 00223: val_loss did not improve from 11.67686
 - 17s - loss: 18.2397 - val_loss: 18.7144
Epoch 224/8000

Epoch 00224: val_loss did not improve from 11.67686
 - 17s - loss: 19.8282 - val_loss: 20.1671
Epoch 225/8000

Epoch 00225: val_loss did not improve from 11.67686
 - 17s - loss: 18.9853 - val_loss: 19.4096
Epoch 226/8000

Epoch 00226: val_loss did not improve from 11.67686
 - 16s - loss: 18.5263 - val_loss: 19.0610
Epoch 227/8000

Epoch 00227: val_loss did not improve from 11.67686
 - 17s - loss: 18.2641 - val_loss: 18.7664
Epoch 228/8000

Epoch 00228: val_loss did not improve from 11.67686
 - 17s - loss: 18.2220 - val_loss: 18.6575
Epoch 229/8000

Epoch 00229: val_loss did not improve from 11.67686
 - 17s - loss: 18.0623 - val_loss: 18.4504
Epoch 230/8000

Epoch 00230: val_loss did not improve from 11.67686
 - 17s - loss: 17.9659 - val_loss: 18.4248
Epoch 231/8000

Epoch 00231: val_loss did not improve from 11.67686
 - 17s - loss: 17.9654 - val_loss: 18.9126
Epoch 232/8000

Epoch 00232: val_loss did not improve from 11.67686
 - 17s - loss: 17.9802 - val_loss: 18.6175
Epoch 233/8000

Epoch 00233: val_loss did not improve from 11.67686
 - 16s - loss: 17.7839 - val_loss: 18.0369
Epoch 234/8000

Epoch 00234: val_loss did not improve from 11.67686
 - 17s - loss: 17.7894 - val_loss: 18.2962
Epoch 235/8000

Epoch 00235: val_loss did not improve from 11.67686
 - 17s - loss: 17.7731 - val_loss: 18.3808
Epoch 236/8000

Epoch 00236: val_loss did not improve from 11.67686
 - 17s - loss: 17.7327 - val_loss: 18.3042
Epoch 237/8000

Epoch 00237: val_loss did not improve from 11.67686
 - 17s - loss: 17.6466 - val_loss: 18.1094
Epoch 238/8000

Epoch 00238: val_loss did not improve from 11.67686
 - 17s - loss: 17.7027 - val_loss: 18.3672
Epoch 239/8000

Epoch 00239: val_loss did not improve from 11.67686
 - 17s - loss: 17.6084 - val_loss: 18.2101
Epoch 240/8000

Epoch 00240: val_loss did not improve from 11.67686
 - 16s - loss: 17.5768 - val_loss: 18.1545
Epoch 241/8000

Epoch 00241: val_loss did not improve from 11.67686
 - 17s - loss: 17.5330 - val_loss: 18.0589
Epoch 242/8000

Epoch 00242: val_loss did not improve from 11.67686
 - 17s - loss: 17.5309 - val_loss: 17.9109
Epoch 243/8000

Epoch 00243: val_loss did not improve from 11.67686
 - 17s - loss: 17.4335 - val_loss: 17.8490
Epoch 244/8000

Epoch 00244: val_loss did not improve from 11.67686
 - 17s - loss: 17.4368 - val_loss: 17.5524
Epoch 245/8000

Epoch 00245: val_loss did not improve from 11.67686
 - 17s - loss: 17.4650 - val_loss: 18.3690
Epoch 00245: early stopping
