2020-01-28 15:12:22.612954: I tensorflow/core/platform/cpu_feature_guard.cc:141] Your CPU supports instructions that this TensorFlow binary was not compiled to use: SSE4.1 SSE4.2 AVX
2020-01-28 15:12:22.742110: I tensorflow/stream_executor/cuda/cuda_gpu_executor.cc:897] successful NUMA node read from SysFS had negative value (-1), but there must be at least one NUMA node, so returning NUMA node zero
2020-01-28 15:12:22.742670: I tensorflow/core/common_runtime/gpu/gpu_device.cc:1405] Found device 0 with properties: 
name: TITAN Xp major: 6 minor: 1 memoryClockRate(GHz): 1.582
pciBusID: 0000:01:00.0
totalMemory: 11.91GiB freeMemory: 11.73GiB
2020-01-28 15:12:22.742687: I tensorflow/core/common_runtime/gpu/gpu_device.cc:1484] Adding visible gpu devices: 0
2020-01-28 15:12:22.977955: I tensorflow/core/common_runtime/gpu/gpu_device.cc:965] Device interconnect StreamExecutor with strength 1 edge matrix:
2020-01-28 15:12:22.978000: I tensorflow/core/common_runtime/gpu/gpu_device.cc:971]      0 
2020-01-28 15:12:22.978009: I tensorflow/core/common_runtime/gpu/gpu_device.cc:984] 0:   N 
2020-01-28 15:12:22.978280: I tensorflow/core/common_runtime/gpu/gpu_device.cc:1097] Created TensorFlow device (/job:localhost/replica:0/task:0/device:GPU:0 with 11348 MB memory) -> physical GPU (device: 0, name: TITAN Xp, pci bus id: 0000:01:00.0, compute capability: 6.1)
2020-01-28 15:12:23.365619: I tensorflow/core/kernels/cuda_solvers.cc:159] Creating CudaSolver handles for stream 0x55c9fd6e90d0
Epoch 1/8000

Epoch 00001: val_loss improved from inf to 25.68730, saving model to model_weights/model_2020-01-28_15-12-21.h5
 - 93s - loss: 38.3719 - val_loss: 25.6873
Epoch 2/8000

Epoch 00002: val_loss improved from 25.68730 to 24.56993, saving model to model_weights/model_2020-01-28_15-12-21.h5
 - 92s - loss: 23.5954 - val_loss: 24.5699
Epoch 3/8000

Epoch 00003: val_loss improved from 24.56993 to 24.12357, saving model to model_weights/model_2020-01-28_15-12-21.h5
 - 92s - loss: 23.3865 - val_loss: 24.1236
Epoch 4/8000

Epoch 00004: val_loss improved from 24.12357 to 21.85461, saving model to model_weights/model_2020-01-28_15-12-21.h5
 - 92s - loss: 22.5804 - val_loss: 21.8546
Epoch 5/8000

Epoch 00005: val_loss improved from 21.85461 to 20.50277, saving model to model_weights/model_2020-01-28_15-12-21.h5
 - 92s - loss: 20.6327 - val_loss: 20.5028
Epoch 6/8000

Epoch 00006: val_loss improved from 20.50277 to 19.61513, saving model to model_weights/model_2020-01-28_15-12-21.h5
 - 92s - loss: 19.8896 - val_loss: 19.6151
Epoch 7/8000

Epoch 00007: val_loss did not improve from 19.61513
 - 92s - loss: 19.1422 - val_loss: 20.1672
Epoch 8/8000

Epoch 00008: val_loss improved from 19.61513 to 18.98581, saving model to model_weights/model_2020-01-28_15-12-21.h5
 - 92s - loss: 18.4310 - val_loss: 18.9858
Epoch 9/8000

Epoch 00009: val_loss improved from 18.98581 to 18.18575, saving model to model_weights/model_2020-01-28_15-12-21.h5
 - 92s - loss: 18.0857 - val_loss: 18.1857
Epoch 10/8000

Epoch 00010: val_loss did not improve from 18.18575
 - 92s - loss: 17.8052 - val_loss: 18.1909
Epoch 11/8000

Epoch 00011: val_loss improved from 18.18575 to 18.12635, saving model to model_weights/model_2020-01-28_15-12-21.h5
 - 92s - loss: 17.1017 - val_loss: 18.1263
Epoch 12/8000

Epoch 00012: val_loss improved from 18.12635 to 17.03502, saving model to model_weights/model_2020-01-28_15-12-21.h5
 - 92s - loss: 16.7590 - val_loss: 17.0350
Epoch 13/8000

Epoch 00013: val_loss improved from 17.03502 to 16.38247, saving model to model_weights/model_2020-01-28_15-12-21.h5
 - 92s - loss: 16.5314 - val_loss: 16.3825
Epoch 14/8000

Epoch 00014: val_loss improved from 16.38247 to 16.27092, saving model to model_weights/model_2020-01-28_15-12-21.h5
 - 93s - loss: 16.6492 - val_loss: 16.2709
Epoch 15/8000

Epoch 00015: val_loss did not improve from 16.27092
 - 93s - loss: 16.0685 - val_loss: 16.4055
Epoch 16/8000

Epoch 00016: val_loss improved from 16.27092 to 16.05879, saving model to model_weights/model_2020-01-28_15-12-21.h5
 - 92s - loss: 16.0985 - val_loss: 16.0588
Epoch 17/8000

Epoch 00017: val_loss did not improve from 16.05879
 - 92s - loss: 15.8658 - val_loss: 17.0240
Epoch 18/8000

Epoch 00018: val_loss improved from 16.05879 to 15.97654, saving model to model_weights/model_2020-01-28_15-12-21.h5
 - 92s - loss: 16.0922 - val_loss: 15.9765
Epoch 19/8000

Epoch 00019: val_loss did not improve from 15.97654
 - 92s - loss: 16.0143 - val_loss: 16.1517
Epoch 20/8000

Epoch 00020: val_loss did not improve from 15.97654
 - 92s - loss: 17.3099 - val_loss: 17.5719
Epoch 21/8000

Epoch 00021: val_loss did not improve from 15.97654
 - 93s - loss: 16.4762 - val_loss: 16.3371
Epoch 22/8000

Epoch 00022: val_loss did not improve from 15.97654
 - 93s - loss: 15.6626 - val_loss: 16.2735
Epoch 23/8000

Epoch 00023: val_loss improved from 15.97654 to 15.47463, saving model to model_weights/model_2020-01-28_15-12-21.h5
 - 92s - loss: 15.4519 - val_loss: 15.4746
Epoch 24/8000

Epoch 00024: val_loss did not improve from 15.47463
 - 92s - loss: 15.7559 - val_loss: 15.9812
Epoch 25/8000

Epoch 00025: val_loss improved from 15.47463 to 15.37926, saving model to model_weights/model_2020-01-28_15-12-21.h5
 - 92s - loss: 15.6618 - val_loss: 15.3793
Epoch 26/8000

Epoch 00026: val_loss did not improve from 15.37926
 - 92s - loss: 15.3273 - val_loss: 16.0677
Epoch 27/8000

Epoch 00027: val_loss did not improve from 15.37926
 - 92s - loss: 15.7206 - val_loss: 15.5804
Epoch 28/8000

Epoch 00028: val_loss improved from 15.37926 to 15.36677, saving model to model_weights/model_2020-01-28_15-12-21.h5
 - 93s - loss: 15.1669 - val_loss: 15.3668
Epoch 29/8000

Epoch 00029: val_loss did not improve from 15.36677
 - 93s - loss: 15.4974 - val_loss: 16.9812
Epoch 30/8000

Epoch 00030: val_loss improved from 15.36677 to 15.30146, saving model to model_weights/model_2020-01-28_15-12-21.h5
 - 92s - loss: 15.6490 - val_loss: 15.3015
Epoch 31/8000

Epoch 00031: val_loss did not improve from 15.30146
 - 92s - loss: 15.4355 - val_loss: 15.8401
Epoch 32/8000

Epoch 00032: val_loss did not improve from 15.30146
 - 92s - loss: 15.2525 - val_loss: 15.5958
Epoch 33/8000

Epoch 00033: val_loss did not improve from 15.30146
 - 92s - loss: 15.8163 - val_loss: 15.5454
Epoch 34/8000

Epoch 00034: val_loss improved from 15.30146 to 15.06822, saving model to model_weights/model_2020-01-28_15-12-21.h5
 - 92s - loss: 15.1763 - val_loss: 15.0682
Epoch 35/8000

Epoch 00035: val_loss did not improve from 15.06822
 - 92s - loss: 15.1244 - val_loss: 15.2357
Epoch 36/8000

Epoch 00036: val_loss did not improve from 15.06822
 - 92s - loss: 15.8680 - val_loss: 18.9477
Epoch 37/8000

Epoch 00037: val_loss did not improve from 15.06822
 - 92s - loss: 15.6471 - val_loss: 16.2411
Epoch 38/8000

Epoch 00038: val_loss did not improve from 15.06822
 - 92s - loss: 15.0886 - val_loss: 15.4639
Epoch 39/8000

Epoch 00039: val_loss improved from 15.06822 to 14.62932, saving model to model_weights/model_2020-01-28_15-12-21.h5
 - 92s - loss: 14.9350 - val_loss: 14.6293
Epoch 40/8000

Epoch 00040: val_loss did not improve from 14.62932
 - 92s - loss: 16.0839 - val_loss: 15.7586
Epoch 41/8000

Epoch 00041: val_loss did not improve from 14.62932
 - 92s - loss: 15.4107 - val_loss: 16.2597
Epoch 42/8000

Epoch 00042: val_loss did not improve from 14.62932
 - 92s - loss: 18.1442 - val_loss: 17.3050
Epoch 43/8000

Epoch 00043: val_loss did not improve from 14.62932
 - 93s - loss: 16.1750 - val_loss: 16.0193
Epoch 44/8000

Epoch 00044: val_loss did not improve from 14.62932
 - 92s - loss: 15.2775 - val_loss: 15.3331
Epoch 45/8000

Epoch 00045: val_loss did not improve from 14.62932
 - 92s - loss: 14.9612 - val_loss: 14.9390
Epoch 46/8000

Epoch 00046: val_loss did not improve from 14.62932
 - 92s - loss: 18.5098 - val_loss: 16.2817
Epoch 47/8000

Epoch 00047: val_loss did not improve from 14.62932
 - 92s - loss: 15.6599 - val_loss: 15.5783
Epoch 48/8000

Epoch 00048: val_loss did not improve from 14.62932
 - 92s - loss: 15.3996 - val_loss: 15.7032
Epoch 49/8000

Epoch 00049: val_loss did not improve from 14.62932
 - 92s - loss: 16.0596 - val_loss: 16.9390
Epoch 50/8000

Epoch 00050: val_loss did not improve from 14.62932
 - 93s - loss: 15.4165 - val_loss: 15.2660
Epoch 51/8000

Epoch 00051: val_loss did not improve from 14.62932
 - 92s - loss: 14.9045 - val_loss: 15.3184
Epoch 52/8000

Epoch 00052: val_loss did not improve from 14.62932
 - 92s - loss: 14.6758 - val_loss: 15.1862
Epoch 53/8000

Epoch 00053: val_loss did not improve from 14.62932
 - 92s - loss: 15.9154 - val_loss: 15.6146
Epoch 54/8000

Epoch 00054: val_loss did not improve from 14.62932
 - 92s - loss: 15.4335 - val_loss: 15.4524
Epoch 55/8000

Epoch 00055: val_loss did not improve from 14.62932
 - 92s - loss: 15.4344 - val_loss: 15.1717
Epoch 56/8000

Epoch 00056: val_loss did not improve from 14.62932
 - 93s - loss: 14.7171 - val_loss: 14.9403
Epoch 57/8000

Epoch 00057: val_loss did not improve from 14.62932
 - 93s - loss: 14.9008 - val_loss: 15.0829
Epoch 58/8000

Epoch 00058: val_loss did not improve from 14.62932
 - 92s - loss: 14.8605 - val_loss: 14.7812
Epoch 59/8000

Epoch 00059: val_loss did not improve from 14.62932
 - 92s - loss: 14.6956 - val_loss: 14.7573
Epoch 60/8000

Epoch 00060: val_loss did not improve from 14.62932
 - 92s - loss: 14.8209 - val_loss: 15.0089
Epoch 61/8000

Epoch 00061: val_loss did not improve from 14.62932
 - 92s - loss: 14.6851 - val_loss: 14.6728
Epoch 62/8000

Epoch 00062: val_loss did not improve from 14.62932
 - 92s - loss: 14.3475 - val_loss: 14.9993
Epoch 63/8000

Epoch 00063: val_loss did not improve from 14.62932
 - 93s - loss: 14.2400 - val_loss: 14.9595
Epoch 64/8000

Epoch 00064: val_loss did not improve from 14.62932
 - 93s - loss: 14.0953 - val_loss: 15.6715
Epoch 65/8000

Epoch 00065: val_loss improved from 14.62932 to 14.22219, saving model to model_weights/model_2020-01-28_15-12-21.h5
 - 93s - loss: 14.1913 - val_loss: 14.2222
Epoch 66/8000

Epoch 00066: val_loss did not improve from 14.22219
 - 92s - loss: 14.4529 - val_loss: 14.5908
Epoch 67/8000

Epoch 00067: val_loss did not improve from 14.22219
 - 92s - loss: 14.2039 - val_loss: 14.2905
Epoch 68/8000

Epoch 00068: val_loss did not improve from 14.22219
 - 92s - loss: 14.4604 - val_loss: 16.3140
Epoch 69/8000

Epoch 00069: val_loss did not improve from 14.22219
 - 92s - loss: 14.3674 - val_loss: 15.8284
Epoch 70/8000

Epoch 00070: val_loss improved from 14.22219 to 14.13138, saving model to model_weights/model_2020-01-28_15-12-21.h5
 - 92s - loss: 14.3139 - val_loss: 14.1314
Epoch 71/8000

Epoch 00071: val_loss did not improve from 14.13138
 - 93s - loss: 14.2430 - val_loss: 15.8242
Epoch 72/8000

Epoch 00072: val_loss did not improve from 14.13138
 - 92s - loss: 14.7138 - val_loss: 16.2439
Epoch 73/8000

Epoch 00073: val_loss did not improve from 14.13138
 - 92s - loss: 14.3914 - val_loss: 14.9506
Epoch 74/8000

Epoch 00074: val_loss did not improve from 14.13138
 - 92s - loss: 15.7137 - val_loss: 21.5179
Epoch 75/8000

Epoch 00075: val_loss did not improve from 14.13138
 - 92s - loss: 16.9317 - val_loss: 16.2093
Epoch 76/8000

Epoch 00076: val_loss did not improve from 14.13138
 - 92s - loss: 15.2826 - val_loss: 15.4541
Epoch 77/8000

Epoch 00077: val_loss did not improve from 14.13138
 - 92s - loss: 14.9044 - val_loss: 16.7724
Epoch 78/8000

Epoch 00078: val_loss did not improve from 14.13138
 - 93s - loss: 14.5621 - val_loss: 14.6578
Epoch 79/8000

Epoch 00079: val_loss did not improve from 14.13138
 - 92s - loss: 14.3009 - val_loss: 14.7508
Epoch 80/8000

Epoch 00080: val_loss did not improve from 14.13138
 - 92s - loss: 14.1502 - val_loss: 15.3960
Epoch 81/8000

Epoch 00081: val_loss improved from 14.13138 to 14.06854, saving model to model_weights/model_2020-01-28_15-12-21.h5
 - 92s - loss: 14.2238 - val_loss: 14.0685
Epoch 82/8000

Epoch 00082: val_loss did not improve from 14.06854
 - 92s - loss: 14.0132 - val_loss: 14.0776
Epoch 83/8000

Epoch 00083: val_loss did not improve from 14.06854
 - 92s - loss: 16.6844 - val_loss: 15.5788
Epoch 84/8000

Epoch 00084: val_loss did not improve from 14.06854
 - 92s - loss: 14.5822 - val_loss: 14.6475
Epoch 85/8000

Epoch 00085: val_loss did not improve from 14.06854
 - 93s - loss: 14.5306 - val_loss: 15.0695
Epoch 86/8000

Epoch 00086: val_loss did not improve from 14.06854
 - 92s - loss: 14.1800 - val_loss: 14.2241
Epoch 87/8000

Epoch 00087: val_loss did not improve from 14.06854
 - 92s - loss: 14.4166 - val_loss: 14.8060
Epoch 88/8000

Epoch 00088: val_loss did not improve from 14.06854
 - 92s - loss: 15.0811 - val_loss: 14.6819
Epoch 89/8000

Epoch 00089: val_loss did not improve from 14.06854
 - 92s - loss: 14.3618 - val_loss: 14.3545
Epoch 90/8000

Epoch 00090: val_loss did not improve from 14.06854
 - 92s - loss: 14.5375 - val_loss: 14.3267
Epoch 91/8000

Epoch 00091: val_loss did not improve from 14.06854
 - 92s - loss: 14.0936 - val_loss: 14.7713
Epoch 92/8000

Epoch 00092: val_loss did not improve from 14.06854
 - 93s - loss: 14.5143 - val_loss: 15.0695
Epoch 93/8000

Epoch 00093: val_loss did not improve from 14.06854
 - 92s - loss: 15.0096 - val_loss: 14.5869
Epoch 94/8000

Epoch 00094: val_loss did not improve from 14.06854
 - 92s - loss: 13.9314 - val_loss: 14.2462
Epoch 95/8000

Epoch 00095: val_loss did not improve from 14.06854
 - 92s - loss: 13.7994 - val_loss: 15.5570
Epoch 96/8000

Epoch 00096: val_loss did not improve from 14.06854
 - 92s - loss: 14.1469 - val_loss: 14.2987
Epoch 97/8000

Epoch 00097: val_loss improved from 14.06854 to 13.74286, saving model to model_weights/model_2020-01-28_15-12-21.h5
 - 92s - loss: 13.8260 - val_loss: 13.7429
Epoch 98/8000

Epoch 00098: val_loss did not improve from 13.74286
 - 92s - loss: 14.0449 - val_loss: 14.4755
Epoch 99/8000

Epoch 00099: val_loss did not improve from 13.74286
 - 93s - loss: 13.8607 - val_loss: 15.3593
Epoch 100/8000

Epoch 00100: val_loss did not improve from 13.74286
 - 92s - loss: 14.2643 - val_loss: 14.6941
Epoch 101/8000

Epoch 00101: val_loss did not improve from 13.74286
 - 92s - loss: 13.8580 - val_loss: 17.1119
Epoch 102/8000

Epoch 00102: val_loss did not improve from 13.74286
 - 92s - loss: 15.1400 - val_loss: 15.1720
Epoch 103/8000

Epoch 00103: val_loss did not improve from 13.74286
 - 92s - loss: 14.0536 - val_loss: 14.0038
Epoch 104/8000

Epoch 00104: val_loss did not improve from 13.74286
 - 92s - loss: 13.8191 - val_loss: 14.1370
Epoch 105/8000

Epoch 00105: val_loss did not improve from 13.74286
 - 92s - loss: 14.0829 - val_loss: 15.1448
Epoch 106/8000

Epoch 00106: val_loss did not improve from 13.74286
 - 93s - loss: 13.9293 - val_loss: 14.2393
Epoch 107/8000

Epoch 00107: val_loss did not improve from 13.74286
 - 92s - loss: 14.1740 - val_loss: 14.6376
Epoch 108/8000

Epoch 00108: val_loss improved from 13.74286 to 13.56775, saving model to model_weights/model_2020-01-28_15-12-21.h5
 - 92s - loss: 14.1868 - val_loss: 13.5678
Epoch 109/8000

Epoch 00109: val_loss did not improve from 13.56775
 - 92s - loss: 13.5512 - val_loss: 13.6259
Epoch 110/8000

Epoch 00110: val_loss did not improve from 13.56775
 - 92s - loss: 13.4786 - val_loss: 13.9372
Epoch 111/8000

Epoch 00111: val_loss did not improve from 13.56775
 - 92s - loss: 15.2956 - val_loss: 17.2293
Epoch 112/8000

Epoch 00112: val_loss did not improve from 13.56775
 - 93s - loss: 15.3588 - val_loss: 14.8612
Epoch 113/8000

Epoch 00113: val_loss did not improve from 13.56775
 - 93s - loss: 14.3070 - val_loss: 13.9199
Epoch 114/8000

Epoch 00114: val_loss did not improve from 13.56775
 - 93s - loss: 13.6603 - val_loss: 14.0087
Epoch 115/8000

Epoch 00115: val_loss did not improve from 13.56775
 - 92s - loss: 14.2080 - val_loss: 15.7392
Epoch 116/8000

Epoch 00116: val_loss did not improve from 13.56775
 - 92s - loss: 14.4407 - val_loss: 14.7116
Epoch 117/8000

Epoch 00117: val_loss did not improve from 13.56775
 - 92s - loss: 13.9229 - val_loss: 13.7203
Epoch 118/8000

Epoch 00118: val_loss did not improve from 13.56775
 - 92s - loss: 14.4918 - val_loss: 14.8061
Epoch 119/8000

Epoch 00119: val_loss did not improve from 13.56775
 - 92s - loss: 16.3226 - val_loss: 18.0954
Epoch 120/8000

Epoch 00120: val_loss did not improve from 13.56775
 - 92s - loss: 15.4261 - val_loss: 14.5991
Epoch 121/8000

Epoch 00121: val_loss did not improve from 13.56775
 - 92s - loss: 14.4984 - val_loss: 14.4460
Epoch 122/8000

Epoch 00122: val_loss did not improve from 13.56775
 - 92s - loss: 13.7959 - val_loss: 13.7832
Epoch 123/8000

Epoch 00123: val_loss did not improve from 13.56775
 - 92s - loss: 13.2989 - val_loss: 13.7440
Epoch 124/8000

Epoch 00124: val_loss improved from 13.56775 to 13.19824, saving model to model_weights/model_2020-01-28_15-12-21.h5
 - 92s - loss: 13.4627 - val_loss: 13.1982
Epoch 125/8000

Epoch 00125: val_loss did not improve from 13.19824
 - 92s - loss: 14.0230 - val_loss: 14.0280
Epoch 126/8000

Epoch 00126: val_loss did not improve from 13.19824
 - 93s - loss: 13.3968 - val_loss: 14.4963
Epoch 127/8000

Epoch 00127: val_loss did not improve from 13.19824
 - 93s - loss: 15.4569 - val_loss: 15.6774
Epoch 128/8000

Epoch 00128: val_loss did not improve from 13.19824
 - 92s - loss: 14.3893 - val_loss: 13.5947
Epoch 129/8000

Epoch 00129: val_loss did not improve from 13.19824
 - 92s - loss: 13.9808 - val_loss: 19.2206
Epoch 130/8000

Epoch 00130: val_loss did not improve from 13.19824
 - 92s - loss: 14.9723 - val_loss: 15.1927
Epoch 131/8000

Epoch 00131: val_loss did not improve from 13.19824
 - 92s - loss: 15.5811 - val_loss: 16.0922
Epoch 132/8000

Epoch 00132: val_loss did not improve from 13.19824
 - 92s - loss: 14.5136 - val_loss: 14.7347
Epoch 133/8000

Epoch 00133: val_loss did not improve from 13.19824
 - 92s - loss: 14.0154 - val_loss: 14.0773
Epoch 134/8000

Epoch 00134: val_loss did not improve from 13.19824
 - 93s - loss: 13.7858 - val_loss: 16.1111
Epoch 135/8000

Epoch 00135: val_loss did not improve from 13.19824
 - 92s - loss: 13.9067 - val_loss: 13.5118
Epoch 136/8000

Epoch 00136: val_loss did not improve from 13.19824
 - 92s - loss: 13.3808 - val_loss: 14.7727
Epoch 137/8000

Epoch 00137: val_loss did not improve from 13.19824
 - 92s - loss: 14.0721 - val_loss: 13.8253
Epoch 138/8000

Epoch 00138: val_loss improved from 13.19824 to 13.19564, saving model to model_weights/model_2020-01-28_15-12-21.h5
 - 92s - loss: 13.2227 - val_loss: 13.1956
Epoch 139/8000

Epoch 00139: val_loss did not improve from 13.19564
 - 92s - loss: 13.9319 - val_loss: 14.6383
Epoch 140/8000

Epoch 00140: val_loss did not improve from 13.19564
 - 93s - loss: 13.3702 - val_loss: 14.1441
Epoch 141/8000

Epoch 00141: val_loss did not improve from 13.19564
 - 93s - loss: 13.4432 - val_loss: 13.3165
Epoch 142/8000

Epoch 00142: val_loss did not improve from 13.19564
 - 92s - loss: 13.3470 - val_loss: 14.8633
Epoch 143/8000

Epoch 00143: val_loss improved from 13.19564 to 13.08703, saving model to model_weights/model_2020-01-28_15-12-21.h5
 - 92s - loss: 13.4512 - val_loss: 13.0870
Epoch 144/8000

Epoch 00144: val_loss did not improve from 13.08703
 - 92s - loss: 13.4118 - val_loss: 13.9489
Epoch 145/8000

Epoch 00145: val_loss did not improve from 13.08703
 - 92s - loss: 13.9786 - val_loss: 15.8569
Epoch 146/8000

Epoch 00146: val_loss did not improve from 13.08703
 - 92s - loss: 13.9549 - val_loss: 14.2662
Epoch 147/8000

Epoch 00147: val_loss did not improve from 13.08703
 - 93s - loss: 13.3322 - val_loss: 13.4352
Epoch 148/8000

Epoch 00148: val_loss did not improve from 13.08703
 - 93s - loss: 13.2295 - val_loss: 13.3958
Epoch 149/8000

Epoch 00149: val_loss did not improve from 13.08703
 - 92s - loss: 13.3559 - val_loss: 14.4134
Epoch 150/8000

Epoch 00150: val_loss did not improve from 13.08703
 - 92s - loss: 13.7060 - val_loss: 14.5670
Epoch 151/8000

Epoch 00151: val_loss did not improve from 13.08703
 - 92s - loss: 16.5628 - val_loss: 15.2843
Epoch 152/8000

Epoch 00152: val_loss did not improve from 13.08703
 - 92s - loss: 14.4337 - val_loss: 13.9201
Epoch 153/8000

Epoch 00153: val_loss did not improve from 13.08703
 - 90s - loss: nan - val_loss: nan
Epoch 154/8000

Epoch 00154: val_loss did not improve from 13.08703
 - 86s - loss: nan - val_loss: nan
Epoch 155/8000

Epoch 00155: val_loss did not improve from 13.08703
 - 86s - loss: nan - val_loss: nan
Epoch 156/8000

Epoch 00156: val_loss did not improve from 13.08703
 - 86s - loss: nan - val_loss: nan
Epoch 157/8000

Epoch 00157: val_loss did not improve from 13.08703
 - 86s - loss: nan - val_loss: nan
Epoch 158/8000

Epoch 00158: val_loss did not improve from 13.08703
 - 85s - loss: nan - val_loss: nan
Epoch 159/8000

Epoch 00159: val_loss did not improve from 13.08703
 - 85s - loss: nan - val_loss: nan
Epoch 160/8000

Epoch 00160: val_loss did not improve from 13.08703
 - 86s - loss: nan - val_loss: nan
Epoch 161/8000

Epoch 00161: val_loss did not improve from 13.08703
 - 86s - loss: nan - val_loss: nan
Epoch 162/8000

Epoch 00162: val_loss did not improve from 13.08703
 - 86s - loss: nan - val_loss: nan
Epoch 163/8000

Epoch 00163: val_loss did not improve from 13.08703
 - 86s - loss: nan - val_loss: nan
Epoch 164/8000

Epoch 00164: val_loss did not improve from 13.08703
 - 86s - loss: nan - val_loss: nan
Epoch 165/8000

Epoch 00165: val_loss did not improve from 13.08703
 - 85s - loss: nan - val_loss: nan
Epoch 166/8000

Epoch 00166: val_loss did not improve from 13.08703
 - 85s - loss: nan - val_loss: nan
Epoch 167/8000

Epoch 00167: val_loss did not improve from 13.08703
 - 85s - loss: nan - val_loss: nan
Epoch 168/8000

Epoch 00168: val_loss did not improve from 13.08703
 - 86s - loss: nan - val_loss: nan
Epoch 169/8000

Epoch 00169: val_loss did not improve from 13.08703
 - 86s - loss: nan - val_loss: nan
Epoch 170/8000

Epoch 00170: val_loss did not improve from 13.08703
 - 86s - loss: nan - val_loss: nan
Epoch 171/8000

Epoch 00171: val_loss did not improve from 13.08703
 - 86s - loss: nan - val_loss: nan
Epoch 172/8000

Epoch 00172: val_loss did not improve from 13.08703
 - 85s - loss: nan - val_loss: nan
Epoch 173/8000

Epoch 00173: val_loss did not improve from 13.08703
 - 85s - loss: nan - val_loss: nan
Epoch 174/8000

Epoch 00174: val_loss did not improve from 13.08703
 - 86s - loss: nan - val_loss: nan
Epoch 175/8000

Epoch 00175: val_loss did not improve from 13.08703
 - 86s - loss: nan - val_loss: nan
Epoch 176/8000

Epoch 00176: val_loss did not improve from 13.08703
 - 86s - loss: nan - val_loss: nan
Epoch 177/8000

Epoch 00177: val_loss did not improve from 13.08703
 - 86s - loss: nan - val_loss: nan
Epoch 178/8000

Epoch 00178: val_loss did not improve from 13.08703
 - 85s - loss: nan - val_loss: nan
Epoch 179/8000

Epoch 00179: val_loss did not improve from 13.08703
 - 85s - loss: nan - val_loss: nan
Epoch 180/8000

Epoch 00180: val_loss did not improve from 13.08703
 - 85s - loss: nan - val_loss: nan
Epoch 181/8000

Epoch 00181: val_loss did not improve from 13.08703
 - 86s - loss: nan - val_loss: nan
Epoch 182/8000

Epoch 00182: val_loss did not improve from 13.08703
 - 86s - loss: nan - val_loss: nan
Epoch 183/8000

Epoch 00183: val_loss did not improve from 13.08703
 - 86s - loss: nan - val_loss: nan
Epoch 184/8000

Epoch 00184: val_loss did not improve from 13.08703
 - 86s - loss: nan - val_loss: nan
Epoch 185/8000

Epoch 00185: val_loss did not improve from 13.08703
 - 85s - loss: nan - val_loss: nan
Epoch 186/8000

Epoch 00186: val_loss did not improve from 13.08703
 - 85s - loss: nan - val_loss: nan
Epoch 187/8000

Epoch 00187: val_loss did not improve from 13.08703
 - 85s - loss: nan - val_loss: nan
Epoch 188/8000

Epoch 00188: val_loss did not improve from 13.08703
 - 85s - loss: nan - val_loss: nan
Epoch 189/8000

Epoch 00189: val_loss did not improve from 13.08703
 - 86s - loss: nan - val_loss: nan
Epoch 190/8000

Epoch 00190: val_loss did not improve from 13.08703
 - 86s - loss: nan - val_loss: nan
Epoch 191/8000

Epoch 00191: val_loss did not improve from 13.08703
 - 86s - loss: nan - val_loss: nan
Epoch 192/8000

Epoch 00192: val_loss did not improve from 13.08703
 - 86s - loss: nan - val_loss: nan
Epoch 193/8000

Epoch 00193: val_loss did not improve from 13.08703
 - 85s - loss: nan - val_loss: nan
Epoch 194/8000

Epoch 00194: val_loss did not improve from 13.08703
 - 85s - loss: nan - val_loss: nan
Epoch 195/8000

Epoch 00195: val_loss did not improve from 13.08703
 - 85s - loss: nan - val_loss: nan
Epoch 196/8000

Epoch 00196: val_loss did not improve from 13.08703
 - 86s - loss: nan - val_loss: nan
Epoch 197/8000

Epoch 00197: val_loss did not improve from 13.08703
 - 86s - loss: nan - val_loss: nan
Epoch 198/8000

Epoch 00198: val_loss did not improve from 13.08703
 - 86s - loss: nan - val_loss: nan
Epoch 199/8000

Epoch 00199: val_loss did not improve from 13.08703
 - 86s - loss: nan - val_loss: nan
Epoch 200/8000

Epoch 00200: val_loss did not improve from 13.08703
 - 85s - loss: nan - val_loss: nan
Epoch 201/8000

Epoch 00201: val_loss did not improve from 13.08703
 - 85s - loss: nan - val_loss: nan
Epoch 202/8000

Epoch 00202: val_loss did not improve from 13.08703
 - 86s - loss: nan - val_loss: nan
Epoch 203/8000

Epoch 00203: val_loss did not improve from 13.08703
 - 86s - loss: nan - val_loss: nan
Epoch 204/8000

Epoch 00204: val_loss did not improve from 13.08703
 - 86s - loss: nan - val_loss: nan
Epoch 205/8000

Epoch 00205: val_loss did not improve from 13.08703
 - 86s - loss: nan - val_loss: nan
Epoch 206/8000

Epoch 00206: val_loss did not improve from 13.08703
 - 86s - loss: nan - val_loss: nan
Epoch 207/8000

Epoch 00207: val_loss did not improve from 13.08703
 - 85s - loss: nan - val_loss: nan
Epoch 208/8000

Epoch 00208: val_loss did not improve from 13.08703
 - 85s - loss: nan - val_loss: nan
Epoch 209/8000

Epoch 00209: val_loss did not improve from 13.08703
 - 85s - loss: nan - val_loss: nan
Epoch 210/8000

Epoch 00210: val_loss did not improve from 13.08703
 - 86s - loss: nan - val_loss: nan
Epoch 211/8000

Epoch 00211: val_loss did not improve from 13.08703
 - 86s - loss: nan - val_loss: nan
Epoch 212/8000

Epoch 00212: val_loss did not improve from 13.08703
 - 85s - loss: nan - val_loss: nan
Epoch 213/8000

Epoch 00213: val_loss did not improve from 13.08703
 - 86s - loss: nan - val_loss: nan
Epoch 214/8000

Epoch 00214: val_loss did not improve from 13.08703
 - 85s - loss: nan - val_loss: nan
Epoch 215/8000

Epoch 00215: val_loss did not improve from 13.08703
 - 85s - loss: nan - val_loss: nan
Epoch 216/8000

Epoch 00216: val_loss did not improve from 13.08703
 - 85s - loss: nan - val_loss: nan
Epoch 217/8000

Epoch 00217: val_loss did not improve from 13.08703
 - 86s - loss: nan - val_loss: nan
Epoch 218/8000

Epoch 00218: val_loss did not improve from 13.08703
 - 86s - loss: nan - val_loss: nan
Epoch 219/8000

Epoch 00219: val_loss did not improve from 13.08703
 - 86s - loss: nan - val_loss: nan
Epoch 220/8000

Epoch 00220: val_loss did not improve from 13.08703
 - 85s - loss: nan - val_loss: nan
Epoch 221/8000

Epoch 00221: val_loss did not improve from 13.08703
 - 85s - loss: nan - val_loss: nan
Epoch 222/8000

Epoch 00222: val_loss did not improve from 13.08703
 - 85s - loss: nan - val_loss: nan
Epoch 223/8000

Epoch 00223: val_loss did not improve from 13.08703
 - 86s - loss: nan - val_loss: nan
Epoch 224/8000

Epoch 00224: val_loss did not improve from 13.08703
 - 86s - loss: nan - val_loss: nan
Epoch 225/8000

Epoch 00225: val_loss did not improve from 13.08703
 - 86s - loss: nan - val_loss: nan
Epoch 226/8000

Epoch 00226: val_loss did not improve from 13.08703
 - 86s - loss: nan - val_loss: nan
Epoch 227/8000

Epoch 00227: val_loss did not improve from 13.08703
 - 86s - loss: nan - val_loss: nan
Epoch 228/8000

Epoch 00228: val_loss did not improve from 13.08703
 - 85s - loss: nan - val_loss: nan
Epoch 229/8000

Epoch 00229: val_loss did not improve from 13.08703
 - 85s - loss: nan - val_loss: nan
Epoch 230/8000

Epoch 00230: val_loss did not improve from 13.08703
 - 85s - loss: nan - val_loss: nan
Epoch 231/8000

Epoch 00231: val_loss did not improve from 13.08703
 - 86s - loss: nan - val_loss: nan
Epoch 232/8000

Epoch 00232: val_loss did not improve from 13.08703
 - 86s - loss: nan - val_loss: nan
Epoch 233/8000

Epoch 00233: val_loss did not improve from 13.08703
 - 85s - loss: nan - val_loss: nan
Epoch 234/8000

Epoch 00234: val_loss did not improve from 13.08703
 - 85s - loss: nan - val_loss: nan
Epoch 235/8000

Epoch 00235: val_loss did not improve from 13.08703
 - 85s - loss: nan - val_loss: nan
Epoch 236/8000

Epoch 00236: val_loss did not improve from 13.08703
 - 85s - loss: nan - val_loss: nan
Epoch 237/8000

Epoch 00237: val_loss did not improve from 13.08703
 - 85s - loss: nan - val_loss: nan
Epoch 238/8000

Epoch 00238: val_loss did not improve from 13.08703
 - 86s - loss: nan - val_loss: nan
Epoch 239/8000

Epoch 00239: val_loss did not improve from 13.08703
 - 86s - loss: nan - val_loss: nan
Epoch 240/8000

Epoch 00240: val_loss did not improve from 13.08703
 - 86s - loss: nan - val_loss: nan
Epoch 241/8000

Epoch 00241: val_loss did not improve from 13.08703
 - 86s - loss: nan - val_loss: nan
Epoch 242/8000

Epoch 00242: val_loss did not improve from 13.08703
 - 85s - loss: nan - val_loss: nan
Epoch 243/8000

Epoch 00243: val_loss did not improve from 13.08703
 - 85s - loss: nan - val_loss: nan
Epoch 00243: early stopping
