2020-01-30 09:23:56.997650: I tensorflow/core/platform/cpu_feature_guard.cc:141] Your CPU supports instructions that this TensorFlow binary was not compiled to use: SSE4.1 SSE4.2 AVX
2020-01-30 09:23:57.116923: I tensorflow/stream_executor/cuda/cuda_gpu_executor.cc:897] successful NUMA node read from SysFS had negative value (-1), but there must be at least one NUMA node, so returning NUMA node zero
2020-01-30 09:23:57.117479: I tensorflow/core/common_runtime/gpu/gpu_device.cc:1405] Found device 0 with properties: 
name: TITAN Xp major: 6 minor: 1 memoryClockRate(GHz): 1.582
pciBusID: 0000:01:00.0
totalMemory: 11.91GiB freeMemory: 11.73GiB
2020-01-30 09:23:57.117496: I tensorflow/core/common_runtime/gpu/gpu_device.cc:1484] Adding visible gpu devices: 0
2020-01-30 09:23:57.351262: I tensorflow/core/common_runtime/gpu/gpu_device.cc:965] Device interconnect StreamExecutor with strength 1 edge matrix:
2020-01-30 09:23:57.351308: I tensorflow/core/common_runtime/gpu/gpu_device.cc:971]      0 
2020-01-30 09:23:57.351318: I tensorflow/core/common_runtime/gpu/gpu_device.cc:984] 0:   N 
2020-01-30 09:23:57.351578: I tensorflow/core/common_runtime/gpu/gpu_device.cc:1097] Created TensorFlow device (/job:localhost/replica:0/task:0/device:GPU:0 with 11346 MB memory) -> physical GPU (device: 0, name: TITAN Xp, pci bus id: 0000:01:00.0, compute capability: 6.1)
2020-01-30 09:23:57.617947: I tensorflow/core/kernels/cuda_solvers.cc:159] Creating CudaSolver handles for stream 0x55f753155250
Epoch 1/8000

Epoch 00001: val_loss improved from inf to 41.72927, saving model to model_weights/model_2020-01-30_09-23-56.h5
 - 14s - loss: 44.8733 - val_loss: 41.7293
Epoch 2/8000

Epoch 00002: val_loss improved from 41.72927 to 29.89345, saving model to model_weights/model_2020-01-30_09-23-56.h5
 - 11s - loss: 33.4793 - val_loss: 29.8935
Epoch 3/8000

Epoch 00003: val_loss improved from 29.89345 to 26.51074, saving model to model_weights/model_2020-01-30_09-23-56.h5
 - 11s - loss: 28.4972 - val_loss: 26.5107
Epoch 4/8000

Epoch 00004: val_loss improved from 26.51074 to 25.01961, saving model to model_weights/model_2020-01-30_09-23-56.h5
 - 11s - loss: 25.5937 - val_loss: 25.0196
Epoch 5/8000

Epoch 00005: val_loss did not improve from 25.01961
 - 11s - loss: 24.1088 - val_loss: 25.1001
Epoch 6/8000

Epoch 00006: val_loss improved from 25.01961 to 24.91718, saving model to model_weights/model_2020-01-30_09-23-56.h5
 - 11s - loss: 24.0249 - val_loss: 24.9172
Epoch 7/8000

Epoch 00007: val_loss improved from 24.91718 to 24.76735, saving model to model_weights/model_2020-01-30_09-23-56.h5
 - 11s - loss: 23.8328 - val_loss: 24.7673
Epoch 8/8000

Epoch 00008: val_loss improved from 24.76735 to 24.67587, saving model to model_weights/model_2020-01-30_09-23-56.h5
 - 11s - loss: 23.6816 - val_loss: 24.6759
Epoch 9/8000

Epoch 00009: val_loss improved from 24.67587 to 24.49035, saving model to model_weights/model_2020-01-30_09-23-56.h5
 - 11s - loss: 23.5226 - val_loss: 24.4904
Epoch 10/8000

Epoch 00010: val_loss improved from 24.49035 to 23.92534, saving model to model_weights/model_2020-01-30_09-23-56.h5
 - 11s - loss: 23.1978 - val_loss: 23.9253
Epoch 11/8000

Epoch 00011: val_loss improved from 23.92534 to 21.79848, saving model to model_weights/model_2020-01-30_09-23-56.h5
 - 11s - loss: 21.9335 - val_loss: 21.7985
Epoch 12/8000

Epoch 00012: val_loss improved from 21.79848 to 21.13736, saving model to model_weights/model_2020-01-30_09-23-56.h5
 - 11s - loss: 20.5739 - val_loss: 21.1374
Epoch 13/8000

Epoch 00013: val_loss improved from 21.13736 to 20.95679, saving model to model_weights/model_2020-01-30_09-23-56.h5
 - 11s - loss: 20.0552 - val_loss: 20.9568
Epoch 14/8000

Epoch 00014: val_loss improved from 20.95679 to 20.61718, saving model to model_weights/model_2020-01-30_09-23-56.h5
 - 11s - loss: 19.7957 - val_loss: 20.6172
Epoch 15/8000

Epoch 00015: val_loss improved from 20.61718 to 20.42381, saving model to model_weights/model_2020-01-30_09-23-56.h5
 - 11s - loss: 19.6828 - val_loss: 20.4238
Epoch 16/8000

Epoch 00016: val_loss improved from 20.42381 to 20.29119, saving model to model_weights/model_2020-01-30_09-23-56.h5
 - 11s - loss: 19.5641 - val_loss: 20.2912
Epoch 17/8000

Epoch 00017: val_loss improved from 20.29119 to 20.10541, saving model to model_weights/model_2020-01-30_09-23-56.h5
 - 11s - loss: 19.4806 - val_loss: 20.1054
Epoch 18/8000

Epoch 00018: val_loss did not improve from 20.10541
 - 11s - loss: 19.3327 - val_loss: 20.5233
Epoch 19/8000

Epoch 00019: val_loss improved from 20.10541 to 19.57436, saving model to model_weights/model_2020-01-30_09-23-56.h5
 - 11s - loss: 18.9913 - val_loss: 19.5744
Epoch 20/8000

Epoch 00020: val_loss improved from 19.57436 to 18.98919, saving model to model_weights/model_2020-01-30_09-23-56.h5
 - 11s - loss: 18.4350 - val_loss: 18.9892
Epoch 21/8000

Epoch 00021: val_loss improved from 18.98919 to 18.55026, saving model to model_weights/model_2020-01-30_09-23-56.h5
 - 11s - loss: 18.1199 - val_loss: 18.5503
Epoch 22/8000

Epoch 00022: val_loss did not improve from 18.55026
 - 11s - loss: 18.0677 - val_loss: 18.6015
Epoch 23/8000

Epoch 00023: val_loss did not improve from 18.55026
 - 11s - loss: 17.8376 - val_loss: 18.5793
Epoch 24/8000

Epoch 00024: val_loss improved from 18.55026 to 18.14765, saving model to model_weights/model_2020-01-30_09-23-56.h5
 - 11s - loss: 17.7378 - val_loss: 18.1477
Epoch 25/8000

Epoch 00025: val_loss did not improve from 18.14765
 - 11s - loss: 17.6613 - val_loss: 18.4203
Epoch 26/8000

Epoch 00026: val_loss improved from 18.14765 to 18.09125, saving model to model_weights/model_2020-01-30_09-23-56.h5
 - 11s - loss: 17.6379 - val_loss: 18.0913
Epoch 27/8000

Epoch 00027: val_loss improved from 18.09125 to 17.46216, saving model to model_weights/model_2020-01-30_09-23-56.h5
 - 11s - loss: 17.5425 - val_loss: 17.4622
Epoch 28/8000

Epoch 00028: val_loss did not improve from 17.46216
 - 11s - loss: 17.5656 - val_loss: 18.0797
Epoch 29/8000

Epoch 00029: val_loss did not improve from 17.46216
 - 11s - loss: 17.4949 - val_loss: 17.6992
Epoch 30/8000

Epoch 00030: val_loss did not improve from 17.46216
 - 11s - loss: 17.3144 - val_loss: 18.2464
Epoch 31/8000

Epoch 00031: val_loss did not improve from 17.46216
 - 11s - loss: 17.3254 - val_loss: 17.5061
Epoch 32/8000

Epoch 00032: val_loss did not improve from 17.46216
 - 11s - loss: 17.2610 - val_loss: 18.0052
Epoch 33/8000

Epoch 00033: val_loss did not improve from 17.46216
 - 11s - loss: 17.3299 - val_loss: 18.3249
Epoch 34/8000

Epoch 00034: val_loss did not improve from 17.46216
 - 11s - loss: 17.0446 - val_loss: 17.5826
Epoch 35/8000

Epoch 00035: val_loss did not improve from 17.46216
 - 11s - loss: 16.9603 - val_loss: 17.4861
Epoch 36/8000

Epoch 00036: val_loss did not improve from 17.46216
 - 11s - loss: 16.8642 - val_loss: 17.8579
Epoch 37/8000

Epoch 00037: val_loss improved from 17.46216 to 17.15180, saving model to model_weights/model_2020-01-30_09-23-56.h5
 - 11s - loss: 16.8319 - val_loss: 17.1518
Epoch 38/8000

Epoch 00038: val_loss improved from 17.15180 to 17.06340, saving model to model_weights/model_2020-01-30_09-23-56.h5
 - 11s - loss: 16.6964 - val_loss: 17.0634
Epoch 39/8000

Epoch 00039: val_loss did not improve from 17.06340
 - 11s - loss: 16.6196 - val_loss: 17.3160
Epoch 40/8000

Epoch 00040: val_loss did not improve from 17.06340
 - 11s - loss: 16.5637 - val_loss: 17.0832
Epoch 41/8000

Epoch 00041: val_loss improved from 17.06340 to 16.87862, saving model to model_weights/model_2020-01-30_09-23-56.h5
 - 11s - loss: 16.5101 - val_loss: 16.8786
Epoch 42/8000

Epoch 00042: val_loss did not improve from 16.87862
 - 11s - loss: 16.5405 - val_loss: 16.9019
Epoch 43/8000

Epoch 00043: val_loss did not improve from 16.87862
 - 11s - loss: 16.5069 - val_loss: 16.9208
Epoch 44/8000

Epoch 00044: val_loss did not improve from 16.87862
 - 11s - loss: 16.4765 - val_loss: 16.8859
Epoch 45/8000

Epoch 00045: val_loss improved from 16.87862 to 16.84521, saving model to model_weights/model_2020-01-30_09-23-56.h5
 - 11s - loss: 16.4172 - val_loss: 16.8452
Epoch 46/8000

Epoch 00046: val_loss improved from 16.84521 to 16.64939, saving model to model_weights/model_2020-01-30_09-23-56.h5
 - 11s - loss: 16.3384 - val_loss: 16.6494
Epoch 47/8000

Epoch 00047: val_loss improved from 16.64939 to 16.64016, saving model to model_weights/model_2020-01-30_09-23-56.h5
 - 11s - loss: 16.3559 - val_loss: 16.6402
Epoch 48/8000

Epoch 00048: val_loss did not improve from 16.64016
 - 11s - loss: 16.2475 - val_loss: 16.6592
Epoch 49/8000

Epoch 00049: val_loss did not improve from 16.64016
 - 11s - loss: 16.1861 - val_loss: 17.5732
Epoch 50/8000

Epoch 00050: val_loss did not improve from 16.64016
 - 11s - loss: 16.1556 - val_loss: 16.6908
Epoch 51/8000

Epoch 00051: val_loss improved from 16.64016 to 16.35073, saving model to model_weights/model_2020-01-30_09-23-56.h5
 - 11s - loss: 16.1350 - val_loss: 16.3507
Epoch 52/8000

Epoch 00052: val_loss improved from 16.35073 to 16.21518, saving model to model_weights/model_2020-01-30_09-23-56.h5
 - 11s - loss: 15.9704 - val_loss: 16.2152
Epoch 53/8000

Epoch 00053: val_loss did not improve from 16.21518
 - 11s - loss: 16.0173 - val_loss: 16.4239
Epoch 54/8000

Epoch 00054: val_loss did not improve from 16.21518
 - 11s - loss: 15.9010 - val_loss: 16.2541
Epoch 55/8000

Epoch 00055: val_loss did not improve from 16.21518
 - 11s - loss: 16.0007 - val_loss: 16.4381
Epoch 56/8000

Epoch 00056: val_loss improved from 16.21518 to 16.08563, saving model to model_weights/model_2020-01-30_09-23-56.h5
 - 11s - loss: 15.9098 - val_loss: 16.0856
Epoch 57/8000

Epoch 00057: val_loss did not improve from 16.08563
 - 11s - loss: 15.8426 - val_loss: 16.2076
Epoch 58/8000

Epoch 00058: val_loss did not improve from 16.08563
 - 11s - loss: 15.8424 - val_loss: 16.1415
Epoch 59/8000

Epoch 00059: val_loss did not improve from 16.08563
 - 11s - loss: 15.7558 - val_loss: 16.1218
Epoch 60/8000

Epoch 00060: val_loss did not improve from 16.08563
 - 11s - loss: 15.7757 - val_loss: 16.7042
Epoch 61/8000

Epoch 00061: val_loss did not improve from 16.08563
 - 11s - loss: 15.7360 - val_loss: 16.4162
Epoch 62/8000

Epoch 00062: val_loss improved from 16.08563 to 15.73876, saving model to model_weights/model_2020-01-30_09-23-56.h5
 - 11s - loss: 15.6447 - val_loss: 15.7388
Epoch 63/8000

Epoch 00063: val_loss did not improve from 15.73876
 - 11s - loss: 15.6365 - val_loss: 16.0090
Epoch 64/8000

Epoch 00064: val_loss did not improve from 15.73876
 - 11s - loss: 15.6087 - val_loss: 16.2432
Epoch 65/8000

Epoch 00065: val_loss did not improve from 15.73876
 - 11s - loss: 15.5927 - val_loss: 15.8123
Epoch 66/8000

Epoch 00066: val_loss did not improve from 15.73876
 - 11s - loss: 15.5919 - val_loss: 16.1772
Epoch 67/8000

Epoch 00067: val_loss did not improve from 15.73876
 - 11s - loss: 15.7277 - val_loss: 16.2727
Epoch 68/8000

Epoch 00068: val_loss did not improve from 15.73876
 - 11s - loss: 15.5274 - val_loss: 15.8203
Epoch 69/8000

Epoch 00069: val_loss did not improve from 15.73876
 - 11s - loss: 15.5511 - val_loss: 16.0726
Epoch 70/8000

Epoch 00070: val_loss did not improve from 15.73876
 - 11s - loss: 15.4767 - val_loss: 16.3646
Epoch 71/8000

Epoch 00071: val_loss did not improve from 15.73876
 - 11s - loss: 15.5054 - val_loss: 15.8831
Epoch 72/8000

Epoch 00072: val_loss did not improve from 15.73876
 - 11s - loss: 15.4546 - val_loss: 16.2248
Epoch 73/8000

Epoch 00073: val_loss did not improve from 15.73876
 - 11s - loss: 15.5525 - val_loss: 16.9974
Epoch 74/8000

Epoch 00074: val_loss did not improve from 15.73876
 - 11s - loss: 15.5615 - val_loss: 15.9698
Epoch 75/8000

Epoch 00075: val_loss improved from 15.73876 to 15.61725, saving model to model_weights/model_2020-01-30_09-23-56.h5
 - 11s - loss: 15.3311 - val_loss: 15.6172
Epoch 76/8000

Epoch 00076: val_loss did not improve from 15.61725
 - 11s - loss: 15.3829 - val_loss: 15.7323
Epoch 77/8000

Epoch 00077: val_loss did not improve from 15.61725
 - 11s - loss: 15.3321 - val_loss: 15.6988
Epoch 78/8000

Epoch 00078: val_loss did not improve from 15.61725
 - 11s - loss: 15.3057 - val_loss: 15.6555
Epoch 79/8000

Epoch 00079: val_loss did not improve from 15.61725
 - 11s - loss: 15.2199 - val_loss: 15.6999
Epoch 80/8000

Epoch 00080: val_loss did not improve from 15.61725
 - 11s - loss: 15.3145 - val_loss: 15.7745
Epoch 81/8000

Epoch 00081: val_loss improved from 15.61725 to 15.56497, saving model to model_weights/model_2020-01-30_09-23-56.h5
 - 11s - loss: 15.1789 - val_loss: 15.5650
Epoch 82/8000

Epoch 00082: val_loss did not improve from 15.56497
 - 11s - loss: 15.2333 - val_loss: 15.5668
Epoch 83/8000

Epoch 00083: val_loss improved from 15.56497 to 15.47170, saving model to model_weights/model_2020-01-30_09-23-56.h5
 - 11s - loss: 15.2196 - val_loss: 15.4717
Epoch 84/8000

Epoch 00084: val_loss did not improve from 15.47170
 - 11s - loss: 15.2151 - val_loss: 16.1683
Epoch 85/8000

Epoch 00085: val_loss did not improve from 15.47170
 - 11s - loss: 15.2969 - val_loss: 15.4882
Epoch 86/8000

Epoch 00086: val_loss improved from 15.47170 to 15.29168, saving model to model_weights/model_2020-01-30_09-23-56.h5
 - 11s - loss: 15.0985 - val_loss: 15.2917
Epoch 87/8000

Epoch 00087: val_loss did not improve from 15.29168
 - 11s - loss: 15.2182 - val_loss: 15.8010
Epoch 88/8000

Epoch 00088: val_loss improved from 15.29168 to 15.19501, saving model to model_weights/model_2020-01-30_09-23-56.h5
 - 11s - loss: 15.1543 - val_loss: 15.1950
Epoch 89/8000

Epoch 00089: val_loss did not improve from 15.19501
 - 11s - loss: 15.0645 - val_loss: 15.3066
Epoch 90/8000

Epoch 00090: val_loss did not improve from 15.19501
 - 11s - loss: 15.0789 - val_loss: 15.3130
Epoch 91/8000

Epoch 00091: val_loss did not improve from 15.19501
 - 11s - loss: 15.1216 - val_loss: 15.9504
Epoch 92/8000

Epoch 00092: val_loss did not improve from 15.19501
 - 11s - loss: 15.1546 - val_loss: 15.4880
Epoch 93/8000

Epoch 00093: val_loss did not improve from 15.19501
 - 11s - loss: 15.2534 - val_loss: 15.9247
Epoch 94/8000

Epoch 00094: val_loss did not improve from 15.19501
 - 11s - loss: 15.0092 - val_loss: 15.6292
Epoch 95/8000

Epoch 00095: val_loss improved from 15.19501 to 15.06806, saving model to model_weights/model_2020-01-30_09-23-56.h5
 - 11s - loss: 14.9739 - val_loss: 15.0681
Epoch 96/8000

Epoch 00096: val_loss improved from 15.06806 to 15.01813, saving model to model_weights/model_2020-01-30_09-23-56.h5
 - 11s - loss: 15.0269 - val_loss: 15.0181
Epoch 97/8000

Epoch 00097: val_loss did not improve from 15.01813
 - 11s - loss: 15.0676 - val_loss: 15.4397
Epoch 98/8000

Epoch 00098: val_loss did not improve from 15.01813
 - 11s - loss: 15.0378 - val_loss: 15.4795
Epoch 99/8000

Epoch 00099: val_loss did not improve from 15.01813
 - 11s - loss: 15.0017 - val_loss: 15.2992
Epoch 100/8000

Epoch 00100: val_loss did not improve from 15.01813
 - 11s - loss: 14.9886 - val_loss: 15.7949
Epoch 101/8000

Epoch 00101: val_loss did not improve from 15.01813
 - 11s - loss: 14.9258 - val_loss: 15.4513
Epoch 102/8000

Epoch 00102: val_loss did not improve from 15.01813
 - 11s - loss: 14.8366 - val_loss: 15.3452
Epoch 103/8000

Epoch 00103: val_loss did not improve from 15.01813
 - 11s - loss: 14.8344 - val_loss: 15.1246
Epoch 104/8000

Epoch 00104: val_loss did not improve from 15.01813
 - 11s - loss: 14.9000 - val_loss: 15.0786
Epoch 105/8000

Epoch 00105: val_loss improved from 15.01813 to 14.95262, saving model to model_weights/model_2020-01-30_09-23-56.h5
 - 11s - loss: 14.8808 - val_loss: 14.9526
Epoch 106/8000

Epoch 00106: val_loss did not improve from 14.95262
 - 11s - loss: 14.8747 - val_loss: 15.1250
Epoch 107/8000

Epoch 00107: val_loss did not improve from 14.95262
 - 11s - loss: 14.8364 - val_loss: 15.0310
Epoch 108/8000

Epoch 00108: val_loss did not improve from 14.95262
 - 11s - loss: 14.8505 - val_loss: 15.8579
Epoch 109/8000

Epoch 00109: val_loss did not improve from 14.95262
 - 11s - loss: 14.8381 - val_loss: 15.0348
Epoch 110/8000

Epoch 00110: val_loss did not improve from 14.95262
 - 11s - loss: 14.8462 - val_loss: 15.1911
Epoch 111/8000

Epoch 00111: val_loss did not improve from 14.95262
 - 11s - loss: 14.7645 - val_loss: 15.3355
Epoch 112/8000

Epoch 00112: val_loss improved from 14.95262 to 14.82671, saving model to model_weights/model_2020-01-30_09-23-56.h5
 - 11s - loss: 14.7667 - val_loss: 14.8267
Epoch 113/8000

Epoch 00113: val_loss did not improve from 14.82671
 - 11s - loss: 14.8072 - val_loss: 15.1150
Epoch 114/8000

Epoch 00114: val_loss did not improve from 14.82671
 - 11s - loss: 14.6948 - val_loss: 15.2206
Epoch 115/8000

Epoch 00115: val_loss did not improve from 14.82671
 - 11s - loss: 14.7918 - val_loss: 15.3117
Epoch 116/8000

Epoch 00116: val_loss did not improve from 14.82671
 - 11s - loss: 14.7440 - val_loss: 14.9338
Epoch 117/8000

Epoch 00117: val_loss did not improve from 14.82671
 - 11s - loss: 14.7413 - val_loss: 15.5110
Epoch 118/8000

Epoch 00118: val_loss did not improve from 14.82671
 - 11s - loss: 14.7006 - val_loss: 15.3605
Epoch 119/8000

Epoch 00119: val_loss improved from 14.82671 to 14.61905, saving model to model_weights/model_2020-01-30_09-23-56.h5
 - 11s - loss: 14.6964 - val_loss: 14.6191
Epoch 120/8000

Epoch 00120: val_loss did not improve from 14.61905
 - 11s - loss: 14.6706 - val_loss: 14.8758
Epoch 121/8000

Epoch 00121: val_loss did not improve from 14.61905
 - 11s - loss: 14.8530 - val_loss: 15.0086
Epoch 122/8000

Epoch 00122: val_loss did not improve from 14.61905
 - 11s - loss: 14.6329 - val_loss: 15.2873
Epoch 123/8000

Epoch 00123: val_loss did not improve from 14.61905
 - 11s - loss: 14.6100 - val_loss: 14.8879
Epoch 124/8000

Epoch 00124: val_loss improved from 14.61905 to 14.53692, saving model to model_weights/model_2020-01-30_09-23-56.h5
 - 11s - loss: 14.5695 - val_loss: 14.5369
Epoch 125/8000

Epoch 00125: val_loss did not improve from 14.53692
 - 11s - loss: 14.5717 - val_loss: 14.5907
Epoch 126/8000

Epoch 00126: val_loss did not improve from 14.53692
 - 11s - loss: 14.5419 - val_loss: 14.8333
Epoch 127/8000

Epoch 00127: val_loss did not improve from 14.53692
 - 11s - loss: 14.5541 - val_loss: 15.0038
Epoch 128/8000

Epoch 00128: val_loss did not improve from 14.53692
 - 11s - loss: 14.6863 - val_loss: 15.2099
Epoch 129/8000

Epoch 00129: val_loss did not improve from 14.53692
 - 11s - loss: 14.5932 - val_loss: 14.9022
Epoch 130/8000

Epoch 00130: val_loss did not improve from 14.53692
 - 11s - loss: 14.4974 - val_loss: 15.0292
Epoch 131/8000

Epoch 00131: val_loss did not improve from 14.53692
 - 11s - loss: 14.5355 - val_loss: 15.0901
Epoch 132/8000

Epoch 00132: val_loss did not improve from 14.53692
 - 11s - loss: 14.5765 - val_loss: 15.1437
Epoch 133/8000

Epoch 00133: val_loss did not improve from 14.53692
 - 11s - loss: 14.5396 - val_loss: 14.8384
Epoch 134/8000

Epoch 00134: val_loss did not improve from 14.53692
 - 11s - loss: 14.4982 - val_loss: 14.6687
Epoch 135/8000

Epoch 00135: val_loss did not improve from 14.53692
 - 11s - loss: 14.5505 - val_loss: 14.8783
Epoch 136/8000

Epoch 00136: val_loss did not improve from 14.53692
 - 11s - loss: 14.4519 - val_loss: 15.1924
Epoch 137/8000

Epoch 00137: val_loss did not improve from 14.53692
 - 11s - loss: 14.4709 - val_loss: 14.8130
Epoch 138/8000

Epoch 00138: val_loss did not improve from 14.53692
 - 11s - loss: 14.4016 - val_loss: 14.7549
Epoch 139/8000

Epoch 00139: val_loss improved from 14.53692 to 14.51199, saving model to model_weights/model_2020-01-30_09-23-56.h5
 - 11s - loss: 14.5924 - val_loss: 14.5120
Epoch 140/8000

Epoch 00140: val_loss did not improve from 14.51199
 - 11s - loss: 14.5407 - val_loss: 14.6347
Epoch 141/8000

Epoch 00141: val_loss did not improve from 14.51199
 - 11s - loss: 14.5523 - val_loss: 14.9465
Epoch 142/8000

Epoch 00142: val_loss did not improve from 14.51199
 - 11s - loss: 14.3773 - val_loss: 14.8134
Epoch 143/8000

Epoch 00143: val_loss did not improve from 14.51199
 - 11s - loss: 14.4629 - val_loss: 14.8377
Epoch 144/8000

Epoch 00144: val_loss did not improve from 14.51199
 - 11s - loss: 14.3925 - val_loss: 15.3602
Epoch 145/8000

Epoch 00145: val_loss did not improve from 14.51199
 - 11s - loss: 14.3950 - val_loss: 14.7044
Epoch 146/8000

Epoch 00146: val_loss did not improve from 14.51199
 - 11s - loss: 14.3312 - val_loss: 14.6263
Epoch 147/8000

Epoch 00147: val_loss did not improve from 14.51199
 - 11s - loss: 14.4055 - val_loss: 15.1329
Epoch 148/8000

Epoch 00148: val_loss did not improve from 14.51199
 - 11s - loss: 14.4791 - val_loss: 14.9599
Epoch 149/8000

Epoch 00149: val_loss did not improve from 14.51199
 - 11s - loss: 14.5279 - val_loss: 14.9719
Epoch 150/8000

Epoch 00150: val_loss did not improve from 14.51199
 - 11s - loss: 14.4136 - val_loss: 14.7830
Epoch 151/8000

Epoch 00151: val_loss did not improve from 14.51199
 - 11s - loss: 14.4749 - val_loss: 14.7329
Epoch 152/8000

Epoch 00152: val_loss did not improve from 14.51199
 - 11s - loss: 14.3737 - val_loss: 14.9920
Epoch 153/8000

Epoch 00153: val_loss did not improve from 14.51199
 - 11s - loss: 14.4833 - val_loss: 15.0282
Epoch 154/8000

Epoch 00154: val_loss did not improve from 14.51199
 - 11s - loss: 14.4944 - val_loss: 14.7799
Epoch 155/8000

Epoch 00155: val_loss did not improve from 14.51199
 - 11s - loss: 14.4086 - val_loss: 14.8721
Epoch 156/8000

Epoch 00156: val_loss did not improve from 14.51199
 - 11s - loss: 14.4174 - val_loss: 15.0658
Epoch 157/8000

Epoch 00157: val_loss did not improve from 14.51199
 - 11s - loss: 14.3324 - val_loss: 14.7165
Epoch 158/8000

Epoch 00158: val_loss did not improve from 14.51199
 - 11s - loss: 14.3887 - val_loss: 14.9803
Epoch 159/8000

Epoch 00159: val_loss improved from 14.51199 to 14.37676, saving model to model_weights/model_2020-01-30_09-23-56.h5
 - 11s - loss: 14.3900 - val_loss: 14.3768
Epoch 160/8000

Epoch 00160: val_loss did not improve from 14.37676
 - 11s - loss: 14.4088 - val_loss: 14.9446
Epoch 161/8000

Epoch 00161: val_loss did not improve from 14.37676
 - 11s - loss: 14.3718 - val_loss: 14.5083
Epoch 162/8000

Epoch 00162: val_loss did not improve from 14.37676
 - 11s - loss: 14.3785 - val_loss: 14.5530
Epoch 163/8000

Epoch 00163: val_loss did not improve from 14.37676
 - 11s - loss: 14.4522 - val_loss: 15.5604
Epoch 164/8000

Epoch 00164: val_loss did not improve from 14.37676
 - 11s - loss: 14.4125 - val_loss: 14.4154
Epoch 165/8000

Epoch 00165: val_loss did not improve from 14.37676
 - 11s - loss: 14.3478 - val_loss: 14.4167
Epoch 166/8000

Epoch 00166: val_loss did not improve from 14.37676
 - 11s - loss: 14.3503 - val_loss: 14.7161
Epoch 167/8000

Epoch 00167: val_loss did not improve from 14.37676
 - 11s - loss: 14.2951 - val_loss: 15.0027
Epoch 168/8000

Epoch 00168: val_loss did not improve from 14.37676
 - 11s - loss: 14.2829 - val_loss: 14.9493
Epoch 169/8000

Epoch 00169: val_loss did not improve from 14.37676
 - 11s - loss: 14.5010 - val_loss: 14.6592
Epoch 170/8000

Epoch 00170: val_loss did not improve from 14.37676
 - 11s - loss: 14.3412 - val_loss: 14.7909
Epoch 171/8000

Epoch 00171: val_loss did not improve from 14.37676
 - 11s - loss: 14.2998 - val_loss: 14.4097
Epoch 172/8000

Epoch 00172: val_loss did not improve from 14.37676
 - 11s - loss: 14.3382 - val_loss: 14.9311
Epoch 173/8000

Epoch 00173: val_loss did not improve from 14.37676
 - 11s - loss: 14.3423 - val_loss: 14.6473
Epoch 174/8000

Epoch 00174: val_loss did not improve from 14.37676
 - 11s - loss: 14.2688 - val_loss: 15.1510
Epoch 175/8000

Epoch 00175: val_loss did not improve from 14.37676
 - 11s - loss: 14.3369 - val_loss: 14.6126
Epoch 176/8000

Epoch 00176: val_loss did not improve from 14.37676
 - 11s - loss: 14.2628 - val_loss: 14.5367
Epoch 177/8000

Epoch 00177: val_loss did not improve from 14.37676
 - 11s - loss: 14.4582 - val_loss: 14.8135
Epoch 178/8000

Epoch 00178: val_loss did not improve from 14.37676
 - 11s - loss: 14.3608 - val_loss: 15.0736
Epoch 179/8000

Epoch 00179: val_loss did not improve from 14.37676
 - 11s - loss: 14.2837 - val_loss: 14.4639
Epoch 180/8000

Epoch 00180: val_loss did not improve from 14.37676
 - 11s - loss: 14.2202 - val_loss: 14.6720
Epoch 181/8000

Epoch 00181: val_loss did not improve from 14.37676
 - 11s - loss: 14.2868 - val_loss: 14.5771
Epoch 182/8000

Epoch 00182: val_loss did not improve from 14.37676
 - 11s - loss: 14.3259 - val_loss: 14.4350
Epoch 183/8000

Epoch 00183: val_loss did not improve from 14.37676
 - 11s - loss: 14.2527 - val_loss: 14.7466
Epoch 184/8000

Epoch 00184: val_loss did not improve from 14.37676
 - 11s - loss: 14.3130 - val_loss: 14.8182
Epoch 185/8000

Epoch 00185: val_loss did not improve from 14.37676
 - 11s - loss: 14.2113 - val_loss: 14.5496
Epoch 186/8000

Epoch 00186: val_loss did not improve from 14.37676
 - 11s - loss: 14.1716 - val_loss: 15.0332
Epoch 187/8000

Epoch 00187: val_loss did not improve from 14.37676
 - 11s - loss: 14.1852 - val_loss: 14.6735
Epoch 188/8000

Epoch 00188: val_loss did not improve from 14.37676
 - 11s - loss: 14.2236 - val_loss: 14.4268
Epoch 189/8000

Epoch 00189: val_loss improved from 14.37676 to 14.33408, saving model to model_weights/model_2020-01-30_09-23-56.h5
 - 11s - loss: 14.2110 - val_loss: 14.3341
Epoch 190/8000

Epoch 00190: val_loss did not improve from 14.33408
 - 11s - loss: 14.2894 - val_loss: 14.7699
Epoch 191/8000

Epoch 00191: val_loss improved from 14.33408 to 14.23409, saving model to model_weights/model_2020-01-30_09-23-56.h5
 - 11s - loss: 14.1654 - val_loss: 14.2341
Epoch 192/8000

Epoch 00192: val_loss did not improve from 14.23409
 - 11s - loss: 14.1774 - val_loss: 14.8142
Epoch 193/8000

Epoch 00193: val_loss did not improve from 14.23409
 - 11s - loss: 14.1709 - val_loss: 14.6624
Epoch 194/8000

Epoch 00194: val_loss did not improve from 14.23409
 - 11s - loss: 14.0717 - val_loss: 14.3921
Epoch 195/8000

Epoch 00195: val_loss did not improve from 14.23409
 - 11s - loss: 14.1403 - val_loss: 14.5076
Epoch 196/8000

Epoch 00196: val_loss did not improve from 14.23409
 - 11s - loss: 14.1479 - val_loss: 14.2955
Epoch 197/8000

Epoch 00197: val_loss did not improve from 14.23409
 - 11s - loss: 14.1295 - val_loss: 14.4631
Epoch 198/8000

Epoch 00198: val_loss did not improve from 14.23409
 - 11s - loss: 14.2100 - val_loss: 14.6737
Epoch 199/8000

Epoch 00199: val_loss did not improve from 14.23409
 - 11s - loss: 14.1261 - val_loss: 14.6106
Epoch 200/8000

Epoch 00200: val_loss did not improve from 14.23409
 - 11s - loss: 14.0987 - val_loss: 14.4420
Epoch 201/8000

Epoch 00201: val_loss did not improve from 14.23409
 - 11s - loss: 14.0763 - val_loss: 14.4837
Epoch 202/8000

Epoch 00202: val_loss did not improve from 14.23409
 - 11s - loss: 14.0157 - val_loss: 14.4453
Epoch 203/8000

Epoch 00203: val_loss did not improve from 14.23409
 - 11s - loss: 14.1036 - val_loss: 14.7237
Epoch 204/8000

Epoch 00204: val_loss did not improve from 14.23409
 - 11s - loss: 14.1248 - val_loss: 14.4870
Epoch 205/8000

Epoch 00205: val_loss did not improve from 14.23409
 - 11s - loss: 14.1358 - val_loss: 14.5619
Epoch 206/8000

Epoch 00206: val_loss did not improve from 14.23409
 - 11s - loss: 13.9522 - val_loss: 14.2547
Epoch 207/8000

Epoch 00207: val_loss did not improve from 14.23409
 - 11s - loss: 13.9464 - val_loss: 14.3874
Epoch 208/8000

Epoch 00208: val_loss did not improve from 14.23409
 - 11s - loss: 14.1079 - val_loss: 14.3347
Epoch 209/8000

Epoch 00209: val_loss improved from 14.23409 to 14.20545, saving model to model_weights/model_2020-01-30_09-23-56.h5
 - 11s - loss: 14.1145 - val_loss: 14.2055
Epoch 210/8000

Epoch 00210: val_loss did not improve from 14.20545
 - 11s - loss: 13.9848 - val_loss: 14.5412
Epoch 211/8000

Epoch 00211: val_loss did not improve from 14.20545
 - 11s - loss: 14.0664 - val_loss: 14.7471
Epoch 212/8000

Epoch 00212: val_loss did not improve from 14.20545
 - 11s - loss: 13.9932 - val_loss: 14.5601
Epoch 213/8000

Epoch 00213: val_loss did not improve from 14.20545
 - 11s - loss: 13.9841 - val_loss: 14.2104
Epoch 214/8000

Epoch 00214: val_loss did not improve from 14.20545
 - 11s - loss: 13.9915 - val_loss: 14.7037
Epoch 215/8000

Epoch 00215: val_loss did not improve from 14.20545
 - 11s - loss: 13.9783 - val_loss: 14.5167
Epoch 216/8000

Epoch 00216: val_loss did not improve from 14.20545
 - 11s - loss: 13.8879 - val_loss: 14.6222
Epoch 217/8000

Epoch 00217: val_loss did not improve from 14.20545
 - 11s - loss: 13.9853 - val_loss: 14.5440
Epoch 218/8000

Epoch 00218: val_loss improved from 14.20545 to 14.14112, saving model to model_weights/model_2020-01-30_09-23-56.h5
 - 11s - loss: 13.9039 - val_loss: 14.1411
Epoch 219/8000

Epoch 00219: val_loss did not improve from 14.14112
 - 11s - loss: 13.9156 - val_loss: 14.2464
Epoch 220/8000

Epoch 00220: val_loss did not improve from 14.14112
 - 11s - loss: 13.9873 - val_loss: 14.6270
Epoch 221/8000

Epoch 00221: val_loss improved from 14.14112 to 14.09197, saving model to model_weights/model_2020-01-30_09-23-56.h5
 - 11s - loss: 13.9719 - val_loss: 14.0920
Epoch 222/8000

Epoch 00222: val_loss did not improve from 14.09197
 - 11s - loss: 14.0471 - val_loss: 14.5308
Epoch 223/8000

Epoch 00223: val_loss did not improve from 14.09197
 - 11s - loss: 14.1084 - val_loss: 14.1875
Epoch 224/8000

Epoch 00224: val_loss did not improve from 14.09197
 - 11s - loss: 13.8819 - val_loss: 14.2200
Epoch 225/8000

Epoch 00225: val_loss did not improve from 14.09197
 - 11s - loss: 13.8737 - val_loss: 14.2164
Epoch 226/8000

Epoch 00226: val_loss did not improve from 14.09197
 - 11s - loss: 13.8264 - val_loss: 14.3774
Epoch 227/8000

Epoch 00227: val_loss did not improve from 14.09197
 - 11s - loss: 13.8488 - val_loss: 14.6139
Epoch 228/8000

Epoch 00228: val_loss improved from 14.09197 to 14.02744, saving model to model_weights/model_2020-01-30_09-23-56.h5
 - 11s - loss: 13.8114 - val_loss: 14.0274
Epoch 229/8000

Epoch 00229: val_loss improved from 14.02744 to 13.98720, saving model to model_weights/model_2020-01-30_09-23-56.h5
 - 11s - loss: 13.8606 - val_loss: 13.9872
Epoch 230/8000

Epoch 00230: val_loss did not improve from 13.98720
 - 11s - loss: 13.7888 - val_loss: 14.3837
Epoch 231/8000

Epoch 00231: val_loss did not improve from 13.98720
 - 11s - loss: 13.8483 - val_loss: 14.2620
Epoch 232/8000

Epoch 00232: val_loss improved from 13.98720 to 13.89458, saving model to model_weights/model_2020-01-30_09-23-56.h5
 - 11s - loss: 13.7848 - val_loss: 13.8946
Epoch 233/8000

Epoch 00233: val_loss did not improve from 13.89458
 - 11s - loss: 13.8799 - val_loss: 13.9197
Epoch 234/8000

Epoch 00234: val_loss did not improve from 13.89458
 - 11s - loss: 13.8969 - val_loss: 14.8445
Epoch 235/8000

Epoch 00235: val_loss did not improve from 13.89458
 - 11s - loss: 13.8510 - val_loss: 14.1121
Epoch 236/8000

Epoch 00236: val_loss did not improve from 13.89458
 - 11s - loss: 13.9005 - val_loss: 14.0930
Epoch 237/8000

Epoch 00237: val_loss did not improve from 13.89458
 - 11s - loss: 13.8328 - val_loss: 14.1645
Epoch 238/8000

Epoch 00238: val_loss did not improve from 13.89458
 - 11s - loss: 13.9422 - val_loss: 14.1100
Epoch 239/8000

Epoch 00239: val_loss did not improve from 13.89458
 - 11s - loss: 13.8997 - val_loss: 14.2048
Epoch 240/8000

Epoch 00240: val_loss did not improve from 13.89458
 - 11s - loss: 13.8137 - val_loss: 14.0651
Epoch 241/8000

Epoch 00241: val_loss improved from 13.89458 to 13.89337, saving model to model_weights/model_2020-01-30_09-23-56.h5
 - 11s - loss: 13.7641 - val_loss: 13.8934
Epoch 242/8000

Epoch 00242: val_loss did not improve from 13.89337
 - 11s - loss: 13.8369 - val_loss: 14.1218
Epoch 243/8000

Epoch 00243: val_loss did not improve from 13.89337
 - 11s - loss: 13.7863 - val_loss: 14.2403
Epoch 244/8000

Epoch 00244: val_loss did not improve from 13.89337
 - 11s - loss: 13.7677 - val_loss: 14.0166
Epoch 245/8000

Epoch 00245: val_loss did not improve from 13.89337
 - 11s - loss: 13.7251 - val_loss: 14.1953
Epoch 246/8000

Epoch 00246: val_loss did not improve from 13.89337
 - 11s - loss: 13.7222 - val_loss: 14.2009
Epoch 247/8000

Epoch 00247: val_loss did not improve from 13.89337
 - 11s - loss: 13.7124 - val_loss: 14.3005
Epoch 248/8000

Epoch 00248: val_loss did not improve from 13.89337
 - 11s - loss: 13.6953 - val_loss: 14.5576
Epoch 249/8000

Epoch 00249: val_loss did not improve from 13.89337
 - 11s - loss: 13.6876 - val_loss: 14.2999
Epoch 250/8000

Epoch 00250: val_loss did not improve from 13.89337
 - 11s - loss: 13.7817 - val_loss: 14.1097
Epoch 251/8000

Epoch 00251: val_loss did not improve from 13.89337
 - 11s - loss: 13.7400 - val_loss: 14.0208
Epoch 252/8000

Epoch 00252: val_loss did not improve from 13.89337
 - 11s - loss: 13.7728 - val_loss: 14.4627
Epoch 253/8000

Epoch 00253: val_loss did not improve from 13.89337
 - 11s - loss: 13.6961 - val_loss: 14.6082
Epoch 254/8000

Epoch 00254: val_loss did not improve from 13.89337
 - 11s - loss: 13.7761 - val_loss: 14.3519
Epoch 255/8000

Epoch 00255: val_loss did not improve from 13.89337
 - 11s - loss: 13.8143 - val_loss: 14.0766
Epoch 256/8000

Epoch 00256: val_loss did not improve from 13.89337
 - 11s - loss: 13.8185 - val_loss: 14.1380
Epoch 257/8000

Epoch 00257: val_loss did not improve from 13.89337
 - 11s - loss: 13.7667 - val_loss: 14.0715
Epoch 258/8000

Epoch 00258: val_loss did not improve from 13.89337
 - 11s - loss: 13.7092 - val_loss: 14.0877
Epoch 259/8000

Epoch 00259: val_loss did not improve from 13.89337
 - 11s - loss: 13.6840 - val_loss: 13.9343
Epoch 260/8000

Epoch 00260: val_loss improved from 13.89337 to 13.48638, saving model to model_weights/model_2020-01-30_09-23-56.h5
 - 11s - loss: 13.6811 - val_loss: 13.4864
Epoch 261/8000

Epoch 00261: val_loss did not improve from 13.48638
 - 11s - loss: 13.6612 - val_loss: 14.1767
Epoch 262/8000

Epoch 00262: val_loss did not improve from 13.48638
 - 11s - loss: 13.6776 - val_loss: 13.7931
Epoch 263/8000

Epoch 00263: val_loss did not improve from 13.48638
 - 11s - loss: 13.6250 - val_loss: 14.3458
Epoch 264/8000

Epoch 00264: val_loss did not improve from 13.48638
 - 11s - loss: 13.6696 - val_loss: 13.7731
Epoch 265/8000

Epoch 00265: val_loss did not improve from 13.48638
 - 11s - loss: 13.6575 - val_loss: 13.9601
Epoch 266/8000

Epoch 00266: val_loss did not improve from 13.48638
 - 11s - loss: 13.6136 - val_loss: 14.0004
Epoch 267/8000

Epoch 00267: val_loss did not improve from 13.48638
 - 11s - loss: 13.6302 - val_loss: 13.7846
Epoch 268/8000

Epoch 00268: val_loss did not improve from 13.48638
 - 11s - loss: 13.9653 - val_loss: 13.8878
Epoch 269/8000

Epoch 00269: val_loss did not improve from 13.48638
 - 11s - loss: 13.6580 - val_loss: 13.6455
Epoch 270/8000

Epoch 00270: val_loss did not improve from 13.48638
 - 11s - loss: 13.6435 - val_loss: 14.0281
Epoch 271/8000

Epoch 00271: val_loss did not improve from 13.48638
 - 11s - loss: 13.6874 - val_loss: 14.3574
Epoch 272/8000

Epoch 00272: val_loss did not improve from 13.48638
 - 11s - loss: 13.6234 - val_loss: 14.5069
Epoch 273/8000

Epoch 00273: val_loss did not improve from 13.48638
 - 11s - loss: 13.6070 - val_loss: 14.0588
Epoch 274/8000

Epoch 00274: val_loss did not improve from 13.48638
 - 11s - loss: 13.6008 - val_loss: 14.3889
Epoch 275/8000

Epoch 00275: val_loss did not improve from 13.48638
 - 11s - loss: 13.6775 - val_loss: 13.9372
Epoch 276/8000

Epoch 00276: val_loss did not improve from 13.48638
 - 11s - loss: 13.6844 - val_loss: 13.8307
Epoch 277/8000

Epoch 00277: val_loss did not improve from 13.48638
 - 11s - loss: 13.6461 - val_loss: 13.8477
Epoch 278/8000

Epoch 00278: val_loss did not improve from 13.48638
 - 11s - loss: 13.6885 - val_loss: 14.0130
Epoch 279/8000

Epoch 00279: val_loss did not improve from 13.48638
 - 11s - loss: 13.5835 - val_loss: 14.3345
Epoch 280/8000

Epoch 00280: val_loss did not improve from 13.48638
 - 11s - loss: 13.6771 - val_loss: 13.8659
Epoch 281/8000

Epoch 00281: val_loss did not improve from 13.48638
 - 11s - loss: 13.6940 - val_loss: 13.9360
Epoch 282/8000

Epoch 00282: val_loss did not improve from 13.48638
 - 11s - loss: 13.6710 - val_loss: 13.7355
Epoch 283/8000

Epoch 00283: val_loss did not improve from 13.48638
 - 11s - loss: 13.6293 - val_loss: 13.8725
Epoch 284/8000

Epoch 00284: val_loss did not improve from 13.48638
 - 11s - loss: 13.7009 - val_loss: 14.5945
Epoch 285/8000

Epoch 00285: val_loss did not improve from 13.48638
 - 11s - loss: 13.7533 - val_loss: 14.4770
Epoch 286/8000

Epoch 00286: val_loss did not improve from 13.48638
 - 11s - loss: 13.7184 - val_loss: 13.8180
Epoch 287/8000

Epoch 00287: val_loss did not improve from 13.48638
 - 11s - loss: 13.7910 - val_loss: 13.8865
Epoch 288/8000

Epoch 00288: val_loss did not improve from 13.48638
 - 11s - loss: 13.6164 - val_loss: 13.8771
Epoch 289/8000

Epoch 00289: val_loss did not improve from 13.48638
 - 11s - loss: 13.6187 - val_loss: 13.9468
Epoch 290/8000

Epoch 00290: val_loss did not improve from 13.48638
 - 11s - loss: 13.7114 - val_loss: 13.9929
Epoch 291/8000

Epoch 00291: val_loss did not improve from 13.48638
 - 11s - loss: 13.6020 - val_loss: 14.1520
Epoch 292/8000

Epoch 00292: val_loss did not improve from 13.48638
 - 11s - loss: 13.9368 - val_loss: 14.0386
Epoch 293/8000

Epoch 00293: val_loss did not improve from 13.48638
 - 11s - loss: 13.5527 - val_loss: 13.9298
Epoch 294/8000

Epoch 00294: val_loss did not improve from 13.48638
 - 11s - loss: 13.6155 - val_loss: 14.0296
Epoch 295/8000

Epoch 00295: val_loss did not improve from 13.48638
 - 11s - loss: 13.6266 - val_loss: 14.1101
Epoch 296/8000

Epoch 00296: val_loss did not improve from 13.48638
 - 11s - loss: 13.5778 - val_loss: 14.0051
Epoch 297/8000

Epoch 00297: val_loss did not improve from 13.48638
 - 11s - loss: 13.6437 - val_loss: 14.0648
Epoch 298/8000

Epoch 00298: val_loss did not improve from 13.48638
 - 11s - loss: 13.6075 - val_loss: 14.1660
Epoch 299/8000

Epoch 00299: val_loss did not improve from 13.48638
 - 11s - loss: 13.6801 - val_loss: 14.1401
Epoch 300/8000

Epoch 00300: val_loss did not improve from 13.48638
 - 11s - loss: 13.6442 - val_loss: 13.8397
Epoch 301/8000

Epoch 00301: val_loss did not improve from 13.48638
 - 11s - loss: 13.6366 - val_loss: 14.5398
Epoch 302/8000

Epoch 00302: val_loss did not improve from 13.48638
 - 11s - loss: 13.6808 - val_loss: 14.0250
Epoch 303/8000

Epoch 00303: val_loss did not improve from 13.48638
 - 11s - loss: 13.8021 - val_loss: 14.9720
Epoch 304/8000

Epoch 00304: val_loss did not improve from 13.48638
 - 11s - loss: 13.6188 - val_loss: 14.7823
Epoch 305/8000

Epoch 00305: val_loss did not improve from 13.48638
 - 11s - loss: 13.6986 - val_loss: 13.9589
Epoch 306/8000

Epoch 00306: val_loss did not improve from 13.48638
 - 11s - loss: 13.6374 - val_loss: 13.7704
Epoch 307/8000

Epoch 00307: val_loss did not improve from 13.48638
 - 11s - loss: 13.5548 - val_loss: 13.8805
Epoch 308/8000

Epoch 00308: val_loss did not improve from 13.48638
 - 11s - loss: 13.4919 - val_loss: 13.9426
Epoch 309/8000

Epoch 00309: val_loss did not improve from 13.48638
 - 11s - loss: 13.4786 - val_loss: 14.0127
Epoch 310/8000

Epoch 00310: val_loss did not improve from 13.48638
 - 11s - loss: 13.5913 - val_loss: 13.8255
Epoch 311/8000

Epoch 00311: val_loss did not improve from 13.48638
 - 11s - loss: 13.5300 - val_loss: 13.8650
Epoch 312/8000

Epoch 00312: val_loss did not improve from 13.48638
 - 11s - loss: 13.5351 - val_loss: 13.5234
Epoch 313/8000

Epoch 00313: val_loss did not improve from 13.48638
 - 11s - loss: 13.5329 - val_loss: 13.7440
Epoch 314/8000

Epoch 00314: val_loss did not improve from 13.48638
 - 11s - loss: 13.4274 - val_loss: 13.8902
Epoch 315/8000

Epoch 00315: val_loss did not improve from 13.48638
 - 11s - loss: 13.5768 - val_loss: 13.9363
Epoch 316/8000

Epoch 00316: val_loss did not improve from 13.48638
 - 11s - loss: 13.6055 - val_loss: 13.7107
Epoch 317/8000

Epoch 00317: val_loss did not improve from 13.48638
 - 11s - loss: 13.5972 - val_loss: 14.1554
Epoch 318/8000

Epoch 00318: val_loss did not improve from 13.48638
 - 11s - loss: 13.5799 - val_loss: 14.2167
Epoch 319/8000

Epoch 00319: val_loss did not improve from 13.48638
 - 11s - loss: 13.6349 - val_loss: 13.9872
Epoch 320/8000

Epoch 00320: val_loss did not improve from 13.48638
 - 11s - loss: 13.5305 - val_loss: 13.8745
Epoch 321/8000

Epoch 00321: val_loss did not improve from 13.48638
 - 11s - loss: 13.5427 - val_loss: 13.7169
Epoch 322/8000

Epoch 00322: val_loss did not improve from 13.48638
 - 11s - loss: 13.5282 - val_loss: 13.8023
Epoch 323/8000

Epoch 00323: val_loss did not improve from 13.48638
 - 11s - loss: 13.4904 - val_loss: 13.7636
Epoch 324/8000

Epoch 00324: val_loss did not improve from 13.48638
 - 11s - loss: 13.5260 - val_loss: 13.6758
Epoch 325/8000

Epoch 00325: val_loss did not improve from 13.48638
 - 11s - loss: 13.5182 - val_loss: 14.4896
Epoch 326/8000

Epoch 00326: val_loss did not improve from 13.48638
 - 11s - loss: 13.5314 - val_loss: 13.5906
Epoch 327/8000

Epoch 00327: val_loss did not improve from 13.48638
 - 11s - loss: 13.6114 - val_loss: 13.6903
Epoch 328/8000

Epoch 00328: val_loss did not improve from 13.48638
 - 11s - loss: 13.4814 - val_loss: 13.8573
Epoch 329/8000

Epoch 00329: val_loss did not improve from 13.48638
 - 11s - loss: 13.5066 - val_loss: 13.5608
Epoch 330/8000

Epoch 00330: val_loss did not improve from 13.48638
 - 11s - loss: 13.5004 - val_loss: 13.6461
Epoch 331/8000

Epoch 00331: val_loss improved from 13.48638 to 13.45808, saving model to model_weights/model_2020-01-30_09-23-56.h5
 - 11s - loss: 13.5282 - val_loss: 13.4581
Epoch 332/8000

Epoch 00332: val_loss did not improve from 13.45808
 - 11s - loss: 13.4363 - val_loss: 13.8248
Epoch 333/8000

Epoch 00333: val_loss did not improve from 13.45808
 - 11s - loss: 13.4708 - val_loss: 13.9358
Epoch 334/8000

Epoch 00334: val_loss did not improve from 13.45808
 - 11s - loss: 13.5100 - val_loss: 14.0190
Epoch 335/8000

Epoch 00335: val_loss did not improve from 13.45808
 - 11s - loss: 13.4721 - val_loss: 13.5661
Epoch 336/8000

Epoch 00336: val_loss did not improve from 13.45808
 - 11s - loss: 13.3872 - val_loss: 13.6099
Epoch 337/8000

Epoch 00337: val_loss did not improve from 13.45808
 - 11s - loss: 13.4347 - val_loss: 13.7112
Epoch 338/8000

Epoch 00338: val_loss did not improve from 13.45808
 - 11s - loss: 13.4557 - val_loss: 14.0200
Epoch 339/8000

Epoch 00339: val_loss did not improve from 13.45808
 - 11s - loss: 13.4319 - val_loss: 13.4796
Epoch 340/8000

Epoch 00340: val_loss did not improve from 13.45808
 - 11s - loss: 13.5057 - val_loss: 13.5669
Epoch 341/8000

Epoch 00341: val_loss did not improve from 13.45808
 - 11s - loss: 13.3642 - val_loss: 13.5330
Epoch 342/8000

Epoch 00342: val_loss did not improve from 13.45808
 - 11s - loss: 13.5784 - val_loss: 13.8263
Epoch 343/8000

Epoch 00343: val_loss did not improve from 13.45808
 - 11s - loss: 13.5334 - val_loss: 13.9015
Epoch 344/8000

Epoch 00344: val_loss did not improve from 13.45808
 - 11s - loss: 13.4609 - val_loss: 13.6579
Epoch 345/8000

Epoch 00345: val_loss did not improve from 13.45808
 - 11s - loss: 13.7072 - val_loss: 13.7033
Epoch 346/8000

Epoch 00346: val_loss did not improve from 13.45808
 - 11s - loss: 13.4905 - val_loss: 13.6798
Epoch 347/8000

Epoch 00347: val_loss did not improve from 13.45808
 - 11s - loss: 13.4855 - val_loss: 13.9084
Epoch 348/8000

Epoch 00348: val_loss did not improve from 13.45808
 - 11s - loss: 13.4699 - val_loss: 14.0707
Epoch 349/8000

Epoch 00349: val_loss did not improve from 13.45808
 - 11s - loss: 13.4356 - val_loss: 13.7326
Epoch 350/8000

Epoch 00350: val_loss did not improve from 13.45808
 - 11s - loss: 13.4163 - val_loss: 14.1223
Epoch 351/8000

Epoch 00351: val_loss did not improve from 13.45808
 - 11s - loss: 13.4663 - val_loss: 14.1603
Epoch 352/8000

Epoch 00352: val_loss did not improve from 13.45808
 - 11s - loss: 13.4921 - val_loss: 13.7910
Epoch 353/8000

Epoch 00353: val_loss did not improve from 13.45808
 - 11s - loss: 13.6220 - val_loss: 13.8404
Epoch 354/8000

Epoch 00354: val_loss did not improve from 13.45808
 - 11s - loss: 13.5434 - val_loss: 13.8847
Epoch 355/8000

Epoch 00355: val_loss did not improve from 13.45808
 - 11s - loss: 13.4968 - val_loss: 14.0655
Epoch 356/8000

Epoch 00356: val_loss did not improve from 13.45808
 - 11s - loss: 13.4778 - val_loss: 13.7152
Epoch 357/8000

Epoch 00357: val_loss did not improve from 13.45808
 - 11s - loss: 13.4858 - val_loss: 14.0183
Epoch 358/8000

Epoch 00358: val_loss did not improve from 13.45808
 - 11s - loss: 13.3931 - val_loss: 13.6949
Epoch 359/8000

Epoch 00359: val_loss did not improve from 13.45808
 - 11s - loss: 13.4600 - val_loss: 13.6420
Epoch 360/8000

Epoch 00360: val_loss did not improve from 13.45808
 - 11s - loss: 13.5765 - val_loss: 13.7652
Epoch 361/8000

Epoch 00361: val_loss did not improve from 13.45808
 - 11s - loss: 13.6211 - val_loss: 13.7105
Epoch 362/8000

Epoch 00362: val_loss did not improve from 13.45808
 - 11s - loss: 13.4577 - val_loss: 13.6806
Epoch 363/8000

Epoch 00363: val_loss did not improve from 13.45808
 - 11s - loss: 13.5002 - val_loss: 13.6569
Epoch 364/8000

Epoch 00364: val_loss did not improve from 13.45808
 - 11s - loss: 13.5115 - val_loss: 14.4759
Epoch 365/8000

Epoch 00365: val_loss did not improve from 13.45808
 - 11s - loss: 13.5090 - val_loss: 13.8848
Epoch 366/8000

Epoch 00366: val_loss did not improve from 13.45808
 - 11s - loss: 13.4483 - val_loss: 13.7594
Epoch 367/8000

Epoch 00367: val_loss did not improve from 13.45808
 - 11s - loss: 13.4779 - val_loss: 14.8933
Epoch 368/8000

Epoch 00368: val_loss did not improve from 13.45808
 - 11s - loss: 13.8023 - val_loss: 13.6582
Epoch 369/8000

Epoch 00369: val_loss did not improve from 13.45808
 - 11s - loss: 13.4715 - val_loss: 13.5127
Epoch 370/8000

Epoch 00370: val_loss did not improve from 13.45808
 - 11s - loss: 13.4365 - val_loss: 13.7221
Epoch 371/8000

Epoch 00371: val_loss improved from 13.45808 to 13.38950, saving model to model_weights/model_2020-01-30_09-23-56.h5
 - 11s - loss: 13.4650 - val_loss: 13.3895
Epoch 372/8000

Epoch 00372: val_loss did not improve from 13.38950
 - 11s - loss: 13.7575 - val_loss: 14.2379
Epoch 373/8000

Epoch 00373: val_loss did not improve from 13.38950
 - 11s - loss: 13.5406 - val_loss: 13.8871
Epoch 374/8000

Epoch 00374: val_loss did not improve from 13.38950
 - 11s - loss: 13.5345 - val_loss: 13.6715
Epoch 375/8000

Epoch 00375: val_loss improved from 13.38950 to 13.34472, saving model to model_weights/model_2020-01-30_09-23-56.h5
 - 11s - loss: 13.5467 - val_loss: 13.3447
Epoch 376/8000

Epoch 00376: val_loss did not improve from 13.34472
 - 11s - loss: 13.4855 - val_loss: 14.1921
Epoch 377/8000

Epoch 00377: val_loss did not improve from 13.34472
 - 11s - loss: 13.4885 - val_loss: 13.5965
Epoch 378/8000

Epoch 00378: val_loss did not improve from 13.34472
 - 11s - loss: 13.3846 - val_loss: 13.5917
Epoch 379/8000

Epoch 00379: val_loss did not improve from 13.34472
 - 11s - loss: 13.4189 - val_loss: 13.8720
Epoch 380/8000

Epoch 00380: val_loss did not improve from 13.34472
 - 11s - loss: 13.5211 - val_loss: 13.8488
Epoch 381/8000

Epoch 00381: val_loss did not improve from 13.34472
 - 11s - loss: 13.6221 - val_loss: 13.6640
Epoch 382/8000

Epoch 00382: val_loss did not improve from 13.34472
 - 11s - loss: 13.4349 - val_loss: 13.7601
Epoch 383/8000

Epoch 00383: val_loss did not improve from 13.34472
 - 11s - loss: 13.6002 - val_loss: 13.3694
Epoch 384/8000

Epoch 00384: val_loss did not improve from 13.34472
 - 11s - loss: 13.6464 - val_loss: 13.4024
Epoch 385/8000

Epoch 00385: val_loss did not improve from 13.34472
 - 11s - loss: 13.5447 - val_loss: 13.4066
Epoch 386/8000

Epoch 00386: val_loss did not improve from 13.34472
 - 11s - loss: 13.5449 - val_loss: 14.0104
Epoch 387/8000

Epoch 00387: val_loss did not improve from 13.34472
 - 11s - loss: 13.6087 - val_loss: 14.3102
Epoch 388/8000

Epoch 00388: val_loss did not improve from 13.34472
 - 11s - loss: 13.6065 - val_loss: 14.0251
Epoch 389/8000

Epoch 00389: val_loss did not improve from 13.34472
 - 11s - loss: 13.6193 - val_loss: 13.8049
Epoch 390/8000

Epoch 00390: val_loss did not improve from 13.34472
 - 11s - loss: 13.5921 - val_loss: 13.5170
Epoch 391/8000

Epoch 00391: val_loss did not improve from 13.34472
 - 11s - loss: 13.5850 - val_loss: 13.7160
Epoch 392/8000

Epoch 00392: val_loss did not improve from 13.34472
 - 11s - loss: 13.5806 - val_loss: 13.8994
Epoch 393/8000

Epoch 00393: val_loss did not improve from 13.34472
 - 11s - loss: 13.4798 - val_loss: 13.6668
Epoch 394/8000

Epoch 00394: val_loss did not improve from 13.34472
 - 11s - loss: 13.5315 - val_loss: 13.8460
Epoch 395/8000

Epoch 00395: val_loss did not improve from 13.34472
 - 11s - loss: 13.4391 - val_loss: 13.5921
Epoch 396/8000

Epoch 00396: val_loss improved from 13.34472 to 13.29932, saving model to model_weights/model_2020-01-30_09-23-56.h5
 - 11s - loss: 13.3742 - val_loss: 13.2993
Epoch 397/8000

Epoch 00397: val_loss did not improve from 13.29932
 - 11s - loss: 13.4268 - val_loss: 13.3111
Epoch 398/8000

Epoch 00398: val_loss did not improve from 13.29932
 - 11s - loss: 13.6182 - val_loss: 13.7456
Epoch 399/8000

Epoch 00399: val_loss did not improve from 13.29932
 - 11s - loss: 13.4672 - val_loss: 14.5201
Epoch 400/8000

Epoch 00400: val_loss did not improve from 13.29932
 - 11s - loss: 13.4481 - val_loss: 13.7979
Epoch 401/8000

Epoch 00401: val_loss did not improve from 13.29932
 - 11s - loss: 13.3597 - val_loss: 13.9570
Epoch 402/8000

Epoch 00402: val_loss did not improve from 13.29932
 - 11s - loss: 13.3809 - val_loss: 13.9674
Epoch 403/8000

Epoch 00403: val_loss did not improve from 13.29932
 - 11s - loss: 13.2432 - val_loss: 13.8777
Epoch 404/8000

Epoch 00404: val_loss improved from 13.29932 to 13.25891, saving model to model_weights/model_2020-01-30_09-23-56.h5
 - 11s - loss: 13.4329 - val_loss: 13.2589
Epoch 405/8000

Epoch 00405: val_loss did not improve from 13.25891
 - 11s - loss: 13.3275 - val_loss: 13.7881
Epoch 406/8000

Epoch 00406: val_loss did not improve from 13.25891
 - 11s - loss: 13.4194 - val_loss: 13.5076
Epoch 407/8000

Epoch 00407: val_loss did not improve from 13.25891
 - 11s - loss: 13.3323 - val_loss: 13.5385
Epoch 408/8000

Epoch 00408: val_loss did not improve from 13.25891
 - 11s - loss: 13.4159 - val_loss: 13.5986
Epoch 409/8000

Epoch 00409: val_loss did not improve from 13.25891
 - 11s - loss: 13.3777 - val_loss: 13.6546
Epoch 410/8000

Epoch 00410: val_loss did not improve from 13.25891
 - 11s - loss: 13.3513 - val_loss: 14.0347
Epoch 411/8000

Epoch 00411: val_loss did not improve from 13.25891
 - 11s - loss: 13.2850 - val_loss: 13.6656
Epoch 412/8000

Epoch 00412: val_loss did not improve from 13.25891
 - 11s - loss: 13.3436 - val_loss: 13.6823
Epoch 413/8000

Epoch 00413: val_loss did not improve from 13.25891
 - 11s - loss: 13.3420 - val_loss: 13.2805
Epoch 414/8000

Epoch 00414: val_loss improved from 13.25891 to 13.25635, saving model to model_weights/model_2020-01-30_09-23-56.h5
 - 11s - loss: 13.2928 - val_loss: 13.2563
Epoch 415/8000

Epoch 00415: val_loss did not improve from 13.25635
 - 11s - loss: 13.3851 - val_loss: 13.6812
Epoch 416/8000

Epoch 00416: val_loss did not improve from 13.25635
 - 11s - loss: 13.2762 - val_loss: 13.6177
Epoch 417/8000

Epoch 00417: val_loss did not improve from 13.25635
 - 11s - loss: 13.3825 - val_loss: 13.3710
Epoch 418/8000

Epoch 00418: val_loss did not improve from 13.25635
 - 11s - loss: 13.2804 - val_loss: 13.6482
Epoch 419/8000

Epoch 00419: val_loss did not improve from 13.25635
 - 11s - loss: 13.2612 - val_loss: 14.0344
Epoch 420/8000

Epoch 00420: val_loss did not improve from 13.25635
 - 11s - loss: 13.3842 - val_loss: 13.4301
Epoch 421/8000

Epoch 00421: val_loss did not improve from 13.25635
 - 11s - loss: 13.3522 - val_loss: 13.7602
Epoch 422/8000

Epoch 00422: val_loss did not improve from 13.25635
 - 11s - loss: 13.3299 - val_loss: 14.1648
Epoch 423/8000

Epoch 00423: val_loss did not improve from 13.25635
 - 11s - loss: 13.3973 - val_loss: 13.4948
Epoch 424/8000

Epoch 00424: val_loss did not improve from 13.25635
 - 11s - loss: 13.3893 - val_loss: 13.5850
Epoch 425/8000

Epoch 00425: val_loss did not improve from 13.25635
 - 11s - loss: 13.3147 - val_loss: 13.4960
Epoch 426/8000

Epoch 00426: val_loss did not improve from 13.25635
 - 11s - loss: 13.3426 - val_loss: 13.6356
Epoch 427/8000

Epoch 00427: val_loss did not improve from 13.25635
 - 11s - loss: 13.3914 - val_loss: 13.6729
Epoch 428/8000

Epoch 00428: val_loss did not improve from 13.25635
 - 11s - loss: 13.6847 - val_loss: 14.1691
Epoch 429/8000

Epoch 00429: val_loss did not improve from 13.25635
 - 11s - loss: 13.4243 - val_loss: 13.6376
Epoch 430/8000

Epoch 00430: val_loss did not improve from 13.25635
 - 11s - loss: 13.4398 - val_loss: 13.6412
Epoch 431/8000

Epoch 00431: val_loss did not improve from 13.25635
 - 11s - loss: 13.6098 - val_loss: 13.5188
Epoch 432/8000

Epoch 00432: val_loss did not improve from 13.25635
 - 11s - loss: 13.4597 - val_loss: 13.6168
Epoch 433/8000

Epoch 00433: val_loss did not improve from 13.25635
 - 11s - loss: 13.4793 - val_loss: 14.1999
Epoch 434/8000

Epoch 00434: val_loss did not improve from 13.25635
 - 11s - loss: 13.4688 - val_loss: 14.6491
Epoch 435/8000

Epoch 00435: val_loss did not improve from 13.25635
 - 11s - loss: 13.5430 - val_loss: 13.6511
Epoch 436/8000

Epoch 00436: val_loss did not improve from 13.25635
 - 11s - loss: 13.3274 - val_loss: 13.8405
Epoch 437/8000

Epoch 00437: val_loss did not improve from 13.25635
 - 11s - loss: 13.4892 - val_loss: 13.7171
Epoch 438/8000

Epoch 00438: val_loss did not improve from 13.25635
 - 11s - loss: 13.4141 - val_loss: 13.5168
Epoch 439/8000

Epoch 00439: val_loss did not improve from 13.25635
 - 11s - loss: 13.4095 - val_loss: 13.6436
Epoch 440/8000

Epoch 00440: val_loss did not improve from 13.25635
 - 11s - loss: 13.3277 - val_loss: 13.5588
Epoch 441/8000

Epoch 00441: val_loss did not improve from 13.25635
 - 11s - loss: 13.3846 - val_loss: 13.7463
Epoch 442/8000

Epoch 00442: val_loss did not improve from 13.25635
 - 11s - loss: 13.5317 - val_loss: 13.5054
Epoch 443/8000

Epoch 00443: val_loss did not improve from 13.25635
 - 11s - loss: 13.1798 - val_loss: 13.9967
Epoch 444/8000

Epoch 00444: val_loss did not improve from 13.25635
 - 11s - loss: 13.4309 - val_loss: 13.8550
Epoch 445/8000

Epoch 00445: val_loss did not improve from 13.25635
 - 11s - loss: 13.3077 - val_loss: 13.6810
Epoch 446/8000

Epoch 00446: val_loss did not improve from 13.25635
 - 11s - loss: 13.4928 - val_loss: 14.3973
Epoch 447/8000

Epoch 00447: val_loss did not improve from 13.25635
 - 11s - loss: 13.5306 - val_loss: 13.5049
Epoch 448/8000

Epoch 00448: val_loss did not improve from 13.25635
 - 11s - loss: 13.2958 - val_loss: 13.5704
Epoch 449/8000

Epoch 00449: val_loss improved from 13.25635 to 13.23532, saving model to model_weights/model_2020-01-30_09-23-56.h5
 - 11s - loss: 13.2477 - val_loss: 13.2353
Epoch 450/8000

Epoch 00450: val_loss did not improve from 13.23532
 - 11s - loss: 13.3473 - val_loss: 13.5502
Epoch 451/8000

Epoch 00451: val_loss did not improve from 13.23532
 - 11s - loss: 13.2545 - val_loss: 13.5334
Epoch 452/8000

Epoch 00452: val_loss did not improve from 13.23532
 - 11s - loss: 13.3796 - val_loss: 14.5231
Epoch 453/8000

Epoch 00453: val_loss did not improve from 13.23532
 - 11s - loss: 13.3952 - val_loss: 13.7185
Epoch 454/8000

Epoch 00454: val_loss did not improve from 13.23532
 - 11s - loss: 13.2494 - val_loss: 13.5136
Epoch 455/8000

Epoch 00455: val_loss did not improve from 13.23532
 - 11s - loss: 13.2589 - val_loss: 13.3502
Epoch 456/8000

Epoch 00456: val_loss did not improve from 13.23532
 - 11s - loss: 13.1973 - val_loss: 13.2920
Epoch 457/8000

Epoch 00457: val_loss did not improve from 13.23532
 - 11s - loss: 13.1585 - val_loss: 13.3674
Epoch 458/8000

Epoch 00458: val_loss did not improve from 13.23532
 - 11s - loss: 13.2141 - val_loss: 13.5245
Epoch 459/8000

Epoch 00459: val_loss did not improve from 13.23532
 - 11s - loss: 13.2987 - val_loss: 13.8299
Epoch 460/8000

Epoch 00460: val_loss did not improve from 13.23532
 - 11s - loss: 13.2786 - val_loss: 13.6143
Epoch 461/8000

Epoch 00461: val_loss did not improve from 13.23532
 - 11s - loss: 13.3535 - val_loss: 13.3168
Epoch 462/8000

Epoch 00462: val_loss did not improve from 13.23532
 - 11s - loss: 13.1962 - val_loss: 13.3455
Epoch 463/8000

Epoch 00463: val_loss did not improve from 13.23532
 - 11s - loss: 13.2109 - val_loss: 13.5525
Epoch 464/8000

Epoch 00464: val_loss did not improve from 13.23532
 - 11s - loss: 13.3966 - val_loss: 13.5625
Epoch 465/8000

Epoch 00465: val_loss did not improve from 13.23532
 - 11s - loss: 13.2455 - val_loss: 13.7484
Epoch 466/8000

Epoch 00466: val_loss did not improve from 13.23532
 - 11s - loss: 13.3681 - val_loss: 13.2618
Epoch 467/8000

Epoch 00467: val_loss improved from 13.23532 to 13.17599, saving model to model_weights/model_2020-01-30_09-23-56.h5
 - 11s - loss: 13.3527 - val_loss: 13.1760
Epoch 468/8000

Epoch 00468: val_loss did not improve from 13.17599
 - 11s - loss: 13.1804 - val_loss: 13.3096
Epoch 469/8000

Epoch 00469: val_loss did not improve from 13.17599
 - 11s - loss: 13.1355 - val_loss: 13.3244
Epoch 470/8000

Epoch 00470: val_loss improved from 13.17599 to 13.13881, saving model to model_weights/model_2020-01-30_09-23-56.h5
 - 11s - loss: 13.2223 - val_loss: 13.1388
Epoch 471/8000

Epoch 00471: val_loss did not improve from 13.13881
 - 11s - loss: 13.0270 - val_loss: 13.2771
Epoch 472/8000

Epoch 00472: val_loss did not improve from 13.13881
 - 11s - loss: 13.2793 - val_loss: 13.4862
Epoch 473/8000

Epoch 00473: val_loss did not improve from 13.13881
 - 11s - loss: 13.1982 - val_loss: 13.1830
Epoch 474/8000

Epoch 00474: val_loss did not improve from 13.13881
 - 11s - loss: 13.0621 - val_loss: 13.2780
Epoch 475/8000

Epoch 00475: val_loss did not improve from 13.13881
 - 11s - loss: 13.1164 - val_loss: 13.6777
Epoch 476/8000

Epoch 00476: val_loss did not improve from 13.13881
 - 11s - loss: 13.1568 - val_loss: 13.4251
Epoch 477/8000

Epoch 00477: val_loss did not improve from 13.13881
 - 11s - loss: 13.0074 - val_loss: 13.1486
Epoch 478/8000

Epoch 00478: val_loss improved from 13.13881 to 12.98885, saving model to model_weights/model_2020-01-30_09-23-56.h5
 - 11s - loss: 13.0776 - val_loss: 12.9888
Epoch 479/8000

Epoch 00479: val_loss did not improve from 12.98885
 - 11s - loss: 13.0711 - val_loss: 13.6233
Epoch 480/8000

Epoch 00480: val_loss did not improve from 12.98885
 - 11s - loss: 13.0530 - val_loss: 13.1655
Epoch 481/8000

Epoch 00481: val_loss did not improve from 12.98885
 - 11s - loss: 13.1771 - val_loss: 14.1564
Epoch 482/8000

Epoch 00482: val_loss did not improve from 12.98885
 - 11s - loss: 13.1173 - val_loss: 13.7161
Epoch 483/8000

Epoch 00483: val_loss did not improve from 12.98885
 - 11s - loss: 13.1420 - val_loss: 13.1930
Epoch 484/8000

Epoch 00484: val_loss did not improve from 12.98885
 - 11s - loss: 13.0318 - val_loss: 13.3135
Epoch 485/8000

Epoch 00485: val_loss did not improve from 12.98885
 - 11s - loss: 13.0897 - val_loss: 13.3794
Epoch 486/8000

Epoch 00486: val_loss did not improve from 12.98885
 - 11s - loss: 12.9779 - val_loss: 13.4836
Epoch 487/8000

Epoch 00487: val_loss did not improve from 12.98885
 - 11s - loss: 12.9875 - val_loss: 13.0869
Epoch 488/8000

Epoch 00488: val_loss did not improve from 12.98885
 - 11s - loss: 13.0037 - val_loss: 13.2965
Epoch 489/8000

Epoch 00489: val_loss did not improve from 12.98885
 - 11s - loss: 13.0153 - val_loss: 13.1592
Epoch 490/8000

Epoch 00490: val_loss did not improve from 12.98885
 - 11s - loss: 13.0032 - val_loss: 13.7635
Epoch 491/8000

Epoch 00491: val_loss did not improve from 12.98885
 - 11s - loss: 12.8508 - val_loss: 13.1005
Epoch 492/8000

Epoch 00492: val_loss did not improve from 12.98885
 - 11s - loss: 12.9600 - val_loss: 13.2331
Epoch 493/8000

Epoch 00493: val_loss did not improve from 12.98885
 - 11s - loss: 13.0707 - val_loss: 13.0407
Epoch 494/8000

Epoch 00494: val_loss did not improve from 12.98885
 - 11s - loss: 12.9335 - val_loss: 13.1674
Epoch 495/8000

Epoch 00495: val_loss did not improve from 12.98885
 - 11s - loss: 12.8526 - val_loss: 13.4010
Epoch 496/8000

Epoch 00496: val_loss improved from 12.98885 to 12.96547, saving model to model_weights/model_2020-01-30_09-23-56.h5
 - 11s - loss: 12.9409 - val_loss: 12.9655
Epoch 497/8000

Epoch 00497: val_loss did not improve from 12.96547
 - 11s - loss: 12.7964 - val_loss: 13.1782
Epoch 498/8000

Epoch 00498: val_loss did not improve from 12.96547
 - 11s - loss: 13.0823 - val_loss: 13.2328
Epoch 499/8000

Epoch 00499: val_loss did not improve from 12.96547
 - 11s - loss: 12.9538 - val_loss: 12.9955
Epoch 500/8000

Epoch 00500: val_loss did not improve from 12.96547
 - 11s - loss: 12.9191 - val_loss: 12.9723
Epoch 501/8000

Epoch 00501: val_loss did not improve from 12.96547
 - 11s - loss: 13.0547 - val_loss: 13.4734
Epoch 502/8000

Epoch 00502: val_loss did not improve from 12.96547
 - 11s - loss: 12.8359 - val_loss: 13.4136
Epoch 503/8000

Epoch 00503: val_loss improved from 12.96547 to 12.95503, saving model to model_weights/model_2020-01-30_09-23-56.h5
 - 11s - loss: 12.8373 - val_loss: 12.9550
Epoch 504/8000

Epoch 00504: val_loss did not improve from 12.95503
 - 11s - loss: 12.8518 - val_loss: 13.0667
Epoch 505/8000

Epoch 00505: val_loss did not improve from 12.95503
 - 11s - loss: 12.7910 - val_loss: 13.0985
Epoch 506/8000

Epoch 00506: val_loss did not improve from 12.95503
 - 11s - loss: 12.8562 - val_loss: 13.5198
Epoch 507/8000

Epoch 00507: val_loss did not improve from 12.95503
 - 11s - loss: 12.8236 - val_loss: 13.4932
Epoch 508/8000

Epoch 00508: val_loss did not improve from 12.95503
 - 11s - loss: 12.8294 - val_loss: 13.0836
Epoch 509/8000

Epoch 00509: val_loss improved from 12.95503 to 12.83406, saving model to model_weights/model_2020-01-30_09-23-56.h5
 - 11s - loss: 12.8873 - val_loss: 12.8341
Epoch 510/8000

Epoch 00510: val_loss did not improve from 12.83406
 - 11s - loss: 12.8316 - val_loss: 13.1345
Epoch 511/8000

Epoch 00511: val_loss did not improve from 12.83406
 - 11s - loss: 12.7873 - val_loss: 13.1691
Epoch 512/8000

Epoch 00512: val_loss did not improve from 12.83406
 - 11s - loss: 12.7582 - val_loss: 13.1236
Epoch 513/8000

Epoch 00513: val_loss did not improve from 12.83406
 - 11s - loss: 12.7614 - val_loss: 12.9017
Epoch 514/8000

Epoch 00514: val_loss did not improve from 12.83406
 - 11s - loss: 12.8143 - val_loss: 14.0458
Epoch 515/8000

Epoch 00515: val_loss improved from 12.83406 to 12.71228, saving model to model_weights/model_2020-01-30_09-23-56.h5
 - 11s - loss: 12.8022 - val_loss: 12.7123
Epoch 516/8000

Epoch 00516: val_loss did not improve from 12.71228
 - 11s - loss: 12.7271 - val_loss: 12.7743
Epoch 517/8000

Epoch 00517: val_loss did not improve from 12.71228
 - 11s - loss: 12.7253 - val_loss: 12.8821
Epoch 518/8000

Epoch 00518: val_loss did not improve from 12.71228
 - 11s - loss: 12.6413 - val_loss: 13.0499
Epoch 519/8000

Epoch 00519: val_loss did not improve from 12.71228
 - 11s - loss: 12.6644 - val_loss: 13.2258
Epoch 520/8000

Epoch 00520: val_loss did not improve from 12.71228
 - 11s - loss: 12.8911 - val_loss: 12.7585
Epoch 521/8000

Epoch 00521: val_loss did not improve from 12.71228
 - 11s - loss: 12.7259 - val_loss: 12.9452
Epoch 522/8000

Epoch 00522: val_loss did not improve from 12.71228
 - 11s - loss: 12.7867 - val_loss: 13.2316
Epoch 523/8000

Epoch 00523: val_loss did not improve from 12.71228
 - 11s - loss: 12.7193 - val_loss: 12.8337
Epoch 524/8000

Epoch 00524: val_loss did not improve from 12.71228
 - 11s - loss: 12.9218 - val_loss: 12.7375
Epoch 525/8000

Epoch 00525: val_loss did not improve from 12.71228
 - 11s - loss: 12.6967 - val_loss: 13.1798
Epoch 526/8000

Epoch 00526: val_loss did not improve from 12.71228
 - 11s - loss: 12.8091 - val_loss: 13.0407
Epoch 527/8000

Epoch 00527: val_loss improved from 12.71228 to 12.58073, saving model to model_weights/model_2020-01-30_09-23-56.h5
 - 11s - loss: 12.6838 - val_loss: 12.5807
Epoch 528/8000

Epoch 00528: val_loss did not improve from 12.58073
 - 11s - loss: 12.6952 - val_loss: 13.3314
Epoch 529/8000

Epoch 00529: val_loss did not improve from 12.58073
 - 11s - loss: 12.7525 - val_loss: 12.8378
Epoch 530/8000

Epoch 00530: val_loss did not improve from 12.58073
 - 11s - loss: 12.6620 - val_loss: 13.0375
Epoch 531/8000

Epoch 00531: val_loss did not improve from 12.58073
 - 11s - loss: 12.6801 - val_loss: 13.1015
Epoch 532/8000

Epoch 00532: val_loss did not improve from 12.58073
 - 11s - loss: 12.8574 - val_loss: 12.9183
Epoch 533/8000

Epoch 00533: val_loss improved from 12.58073 to 12.54286, saving model to model_weights/model_2020-01-30_09-23-56.h5
 - 11s - loss: 12.6409 - val_loss: 12.5429
Epoch 534/8000

Epoch 00534: val_loss did not improve from 12.54286
 - 11s - loss: 12.6386 - val_loss: 12.9832
Epoch 535/8000

Epoch 00535: val_loss did not improve from 12.54286
 - 11s - loss: 12.6410 - val_loss: 12.7724
Epoch 536/8000

Epoch 00536: val_loss did not improve from 12.54286
 - 11s - loss: 12.6370 - val_loss: 12.7070
Epoch 537/8000

Epoch 00537: val_loss did not improve from 12.54286
 - 11s - loss: 12.5702 - val_loss: 12.6659
Epoch 538/8000

Epoch 00538: val_loss did not improve from 12.54286
 - 11s - loss: 12.6661 - val_loss: 12.6492
Epoch 539/8000

Epoch 00539: val_loss did not improve from 12.54286
 - 11s - loss: 12.6314 - val_loss: 13.2799
Epoch 540/8000

Epoch 00540: val_loss did not improve from 12.54286
 - 11s - loss: 12.7194 - val_loss: 12.7823
Epoch 541/8000

Epoch 00541: val_loss did not improve from 12.54286
 - 11s - loss: 12.8120 - val_loss: 13.0858
Epoch 542/8000

Epoch 00542: val_loss did not improve from 12.54286
 - 11s - loss: 12.7814 - val_loss: 12.9767
Epoch 543/8000

Epoch 00543: val_loss did not improve from 12.54286
 - 11s - loss: 12.7038 - val_loss: 13.2958
Epoch 544/8000

Epoch 00544: val_loss did not improve from 12.54286
 - 11s - loss: 12.8031 - val_loss: 13.5383
Epoch 545/8000

Epoch 00545: val_loss did not improve from 12.54286
 - 11s - loss: 12.7459 - val_loss: 12.6264
Epoch 546/8000

Epoch 00546: val_loss did not improve from 12.54286
 - 11s - loss: 12.6715 - val_loss: 13.6911
Epoch 547/8000

Epoch 00547: val_loss did not improve from 12.54286
 - 11s - loss: 12.5983 - val_loss: 12.8912
Epoch 548/8000

Epoch 00548: val_loss did not improve from 12.54286
 - 11s - loss: 12.5893 - val_loss: 13.0055
Epoch 549/8000

Epoch 00549: val_loss did not improve from 12.54286
 - 11s - loss: 12.6274 - val_loss: 12.9370
Epoch 550/8000

Epoch 00550: val_loss did not improve from 12.54286
 - 11s - loss: 12.8683 - val_loss: 12.9699
Epoch 551/8000

Epoch 00551: val_loss did not improve from 12.54286
 - 11s - loss: 12.7468 - val_loss: 12.8952
Epoch 552/8000

Epoch 00552: val_loss did not improve from 12.54286
 - 11s - loss: 12.7474 - val_loss: 13.0677
Epoch 553/8000

Epoch 00553: val_loss did not improve from 12.54286
 - 11s - loss: 12.6488 - val_loss: 13.5529
Epoch 554/8000

Epoch 00554: val_loss did not improve from 12.54286
 - 11s - loss: 12.7300 - val_loss: 13.2804
Epoch 555/8000

Epoch 00555: val_loss did not improve from 12.54286
 - 11s - loss: 12.6624 - val_loss: 12.8237
Epoch 556/8000

Epoch 00556: val_loss did not improve from 12.54286
 - 11s - loss: 12.5925 - val_loss: 13.1460
Epoch 557/8000

Epoch 00557: val_loss did not improve from 12.54286
 - 11s - loss: 12.6149 - val_loss: 12.7202
Epoch 558/8000

Epoch 00558: val_loss did not improve from 12.54286
 - 11s - loss: 12.6027 - val_loss: 12.9037
Epoch 559/8000

Epoch 00559: val_loss did not improve from 12.54286
 - 11s - loss: 12.8415 - val_loss: 12.6915
Epoch 560/8000

Epoch 00560: val_loss did not improve from 12.54286
 - 11s - loss: 12.7473 - val_loss: 12.5920
Epoch 561/8000

Epoch 00561: val_loss did not improve from 12.54286
 - 11s - loss: 12.6423 - val_loss: 13.0375
Epoch 562/8000

Epoch 00562: val_loss did not improve from 12.54286
 - 11s - loss: 12.7357 - val_loss: 13.1915
Epoch 563/8000

Epoch 00563: val_loss did not improve from 12.54286
 - 11s - loss: 12.8391 - val_loss: 13.1533
Epoch 564/8000

Epoch 00564: val_loss did not improve from 12.54286
 - 11s - loss: 12.9388 - val_loss: 12.9359
Epoch 565/8000

Epoch 00565: val_loss did not improve from 12.54286
 - 11s - loss: 12.9489 - val_loss: 13.0386
Epoch 566/8000

Epoch 00566: val_loss did not improve from 12.54286
 - 11s - loss: 12.9063 - val_loss: 13.0212
Epoch 567/8000

Epoch 00567: val_loss did not improve from 12.54286
 - 11s - loss: 12.8588 - val_loss: 13.0799
Epoch 568/8000

Epoch 00568: val_loss did not improve from 12.54286
 - 11s - loss: 12.7239 - val_loss: 12.7238
Epoch 569/8000

Epoch 00569: val_loss did not improve from 12.54286
 - 11s - loss: 12.8272 - val_loss: 13.3374
Epoch 570/8000

Epoch 00570: val_loss did not improve from 12.54286
 - 11s - loss: 12.7843 - val_loss: 13.2000
Epoch 571/8000

Epoch 00571: val_loss did not improve from 12.54286
 - 11s - loss: 12.7511 - val_loss: 13.3494
Epoch 572/8000

Epoch 00572: val_loss did not improve from 12.54286
 - 11s - loss: 12.6386 - val_loss: 13.2771
Epoch 573/8000

Epoch 00573: val_loss did not improve from 12.54286
 - 11s - loss: 12.7448 - val_loss: 12.9190
Epoch 574/8000

Epoch 00574: val_loss did not improve from 12.54286
 - 11s - loss: 12.7610 - val_loss: 13.1632
Epoch 575/8000

Epoch 00575: val_loss did not improve from 12.54286
 - 11s - loss: 12.7101 - val_loss: 13.4858
Epoch 576/8000

Epoch 00576: val_loss did not improve from 12.54286
 - 11s - loss: 12.7034 - val_loss: 13.1150
Epoch 577/8000

Epoch 00577: val_loss did not improve from 12.54286
 - 11s - loss: 12.6627 - val_loss: 12.7299
Epoch 578/8000

Epoch 00578: val_loss did not improve from 12.54286
 - 11s - loss: 12.5960 - val_loss: 13.1362
Epoch 579/8000

Epoch 00579: val_loss did not improve from 12.54286
 - 11s - loss: 12.5414 - val_loss: 12.6913
Epoch 580/8000

Epoch 00580: val_loss did not improve from 12.54286
 - 11s - loss: 12.5869 - val_loss: 12.8548
Epoch 581/8000

Epoch 00581: val_loss did not improve from 12.54286
 - 11s - loss: 12.5601 - val_loss: 12.7967
Epoch 582/8000

Epoch 00582: val_loss did not improve from 12.54286
 - 11s - loss: 12.5561 - val_loss: 13.2150
Epoch 583/8000

Epoch 00583: val_loss did not improve from 12.54286
 - 11s - loss: 12.5919 - val_loss: 12.8978
Epoch 584/8000

Epoch 00584: val_loss did not improve from 12.54286
 - 11s - loss: 12.6186 - val_loss: 12.6160
Epoch 585/8000

Epoch 00585: val_loss did not improve from 12.54286
 - 11s - loss: 12.7519 - val_loss: 13.2465
Epoch 586/8000

Epoch 00586: val_loss did not improve from 12.54286
 - 11s - loss: 12.8539 - val_loss: 13.3834
Epoch 587/8000

Epoch 00587: val_loss did not improve from 12.54286
 - 11s - loss: 12.7112 - val_loss: 12.6950
Epoch 588/8000

Epoch 00588: val_loss did not improve from 12.54286
 - 11s - loss: 12.5660 - val_loss: 12.9426
Epoch 589/8000

Epoch 00589: val_loss did not improve from 12.54286
 - 11s - loss: 12.5122 - val_loss: 12.8581
Epoch 590/8000

Epoch 00590: val_loss did not improve from 12.54286
 - 11s - loss: 12.6810 - val_loss: 12.8582
Epoch 591/8000

Epoch 00591: val_loss did not improve from 12.54286
 - 11s - loss: 12.6891 - val_loss: 13.0386
Epoch 592/8000

Epoch 00592: val_loss did not improve from 12.54286
 - 11s - loss: 12.5388 - val_loss: 12.8514
Epoch 593/8000

Epoch 00593: val_loss did not improve from 12.54286
 - 11s - loss: 12.4195 - val_loss: 13.2139
Epoch 594/8000

Epoch 00594: val_loss did not improve from 12.54286
 - 11s - loss: 12.5066 - val_loss: 12.9531
Epoch 595/8000

Epoch 00595: val_loss did not improve from 12.54286
 - 11s - loss: 12.5511 - val_loss: 12.7027
Epoch 596/8000

Epoch 00596: val_loss did not improve from 12.54286
 - 11s - loss: 12.5091 - val_loss: 12.9837
Epoch 597/8000

Epoch 00597: val_loss did not improve from 12.54286
 - 11s - loss: 12.6224 - val_loss: 13.2909
Epoch 598/8000

Epoch 00598: val_loss did not improve from 12.54286
 - 11s - loss: 12.5456 - val_loss: 12.7256
Epoch 599/8000

Epoch 00599: val_loss did not improve from 12.54286
 - 11s - loss: 12.5944 - val_loss: 13.5477
Epoch 600/8000

Epoch 00600: val_loss did not improve from 12.54286
 - 11s - loss: 12.5930 - val_loss: 12.7653
Epoch 601/8000

Epoch 00601: val_loss did not improve from 12.54286
 - 11s - loss: 12.5938 - val_loss: 13.4096
Epoch 602/8000

Epoch 00602: val_loss did not improve from 12.54286
 - 11s - loss: 12.7469 - val_loss: 12.8301
Epoch 603/8000

Epoch 00603: val_loss did not improve from 12.54286
 - 11s - loss: 12.3404 - val_loss: 12.7741
Epoch 604/8000

Epoch 00604: val_loss improved from 12.54286 to 12.52662, saving model to model_weights/model_2020-01-30_09-23-56.h5
 - 11s - loss: 12.3695 - val_loss: 12.5266
Epoch 605/8000

Epoch 00605: val_loss did not improve from 12.52662
 - 11s - loss: 12.4001 - val_loss: 12.7769
Epoch 606/8000

Epoch 00606: val_loss did not improve from 12.52662
 - 11s - loss: 12.4269 - val_loss: 12.6403
Epoch 607/8000

Epoch 00607: val_loss did not improve from 12.52662
 - 11s - loss: 12.4343 - val_loss: 12.6712
Epoch 608/8000

Epoch 00608: val_loss did not improve from 12.52662
 - 11s - loss: 12.5566 - val_loss: 12.8550
Epoch 609/8000

Epoch 00609: val_loss did not improve from 12.52662
 - 11s - loss: 12.4121 - val_loss: 12.7565
Epoch 610/8000

Epoch 00610: val_loss improved from 12.52662 to 12.30233, saving model to model_weights/model_2020-01-30_09-23-56.h5
 - 11s - loss: 12.5052 - val_loss: 12.3023
Epoch 611/8000

Epoch 00611: val_loss did not improve from 12.30233
 - 11s - loss: 12.7764 - val_loss: 12.6466
Epoch 612/8000

Epoch 00612: val_loss did not improve from 12.30233
 - 11s - loss: 12.4816 - val_loss: 12.9872
Epoch 613/8000

Epoch 00613: val_loss did not improve from 12.30233
 - 11s - loss: 12.4286 - val_loss: 12.4321
Epoch 614/8000

Epoch 00614: val_loss did not improve from 12.30233
 - 11s - loss: 12.4910 - val_loss: 12.8468
Epoch 615/8000

Epoch 00615: val_loss did not improve from 12.30233
 - 11s - loss: 12.4382 - val_loss: 12.4637
Epoch 616/8000

Epoch 00616: val_loss did not improve from 12.30233
 - 11s - loss: 12.5170 - val_loss: 13.0369
Epoch 617/8000

Epoch 00617: val_loss did not improve from 12.30233
 - 11s - loss: 12.3973 - val_loss: 12.8205
Epoch 618/8000

Epoch 00618: val_loss did not improve from 12.30233
 - 11s - loss: 12.3033 - val_loss: 12.5492
Epoch 619/8000

Epoch 00619: val_loss did not improve from 12.30233
 - 11s - loss: 12.5243 - val_loss: 12.5712
Epoch 620/8000

Epoch 00620: val_loss did not improve from 12.30233
 - 11s - loss: 12.3355 - val_loss: 12.5867
Epoch 621/8000

Epoch 00621: val_loss did not improve from 12.30233
 - 11s - loss: 12.7792 - val_loss: 12.9123
Epoch 622/8000

Epoch 00622: val_loss did not improve from 12.30233
 - 11s - loss: 12.5271 - val_loss: 12.6102
Epoch 623/8000

Epoch 00623: val_loss did not improve from 12.30233
 - 11s - loss: 12.4198 - val_loss: 14.0687
Epoch 624/8000

Epoch 00624: val_loss did not improve from 12.30233
 - 11s - loss: 12.7077 - val_loss: 12.7820
Epoch 625/8000

Epoch 00625: val_loss did not improve from 12.30233
 - 11s - loss: 12.4475 - val_loss: 12.4955
Epoch 626/8000

Epoch 00626: val_loss did not improve from 12.30233
 - 11s - loss: 12.3897 - val_loss: 12.5074
Epoch 627/8000

Epoch 00627: val_loss did not improve from 12.30233
 - 11s - loss: 12.4108 - val_loss: 12.6811
Epoch 628/8000

Epoch 00628: val_loss did not improve from 12.30233
 - 11s - loss: 12.7173 - val_loss: 12.5713
Epoch 629/8000

Epoch 00629: val_loss did not improve from 12.30233
 - 11s - loss: 12.5134 - val_loss: 12.8919
Epoch 630/8000

Epoch 00630: val_loss did not improve from 12.30233
 - 11s - loss: 12.4788 - val_loss: 13.0360
Epoch 631/8000

Epoch 00631: val_loss did not improve from 12.30233
 - 11s - loss: 12.7677 - val_loss: 12.9534
Epoch 632/8000

Epoch 00632: val_loss did not improve from 12.30233
 - 11s - loss: 13.0451 - val_loss: 12.7551
Epoch 633/8000

Epoch 00633: val_loss did not improve from 12.30233
 - 11s - loss: 12.6673 - val_loss: 12.9083
Epoch 634/8000

Epoch 00634: val_loss did not improve from 12.30233
 - 11s - loss: 12.6032 - val_loss: 12.5499
Epoch 635/8000

Epoch 00635: val_loss did not improve from 12.30233
 - 11s - loss: 12.8801 - val_loss: 12.9811
Epoch 636/8000

Epoch 00636: val_loss did not improve from 12.30233
 - 11s - loss: 12.8587 - val_loss: 13.3744
Epoch 637/8000

Epoch 00637: val_loss did not improve from 12.30233
 - 11s - loss: 13.1387 - val_loss: 14.3734
Epoch 638/8000

Epoch 00638: val_loss did not improve from 12.30233
 - 11s - loss: 13.5701 - val_loss: 13.8802
Epoch 639/8000

Epoch 00639: val_loss did not improve from 12.30233
 - 11s - loss: 12.8143 - val_loss: 12.9880
Epoch 640/8000

Epoch 00640: val_loss did not improve from 12.30233
 - 11s - loss: 12.9061 - val_loss: 13.0625
Epoch 641/8000

Epoch 00641: val_loss did not improve from 12.30233
 - 11s - loss: 12.9418 - val_loss: 13.2759
Epoch 642/8000

Epoch 00642: val_loss did not improve from 12.30233
 - 11s - loss: 13.0012 - val_loss: 13.7070
Epoch 643/8000

Epoch 00643: val_loss did not improve from 12.30233
 - 11s - loss: 12.7539 - val_loss: 12.8572
Epoch 644/8000

Epoch 00644: val_loss did not improve from 12.30233
 - 11s - loss: 12.6057 - val_loss: 12.7903
Epoch 645/8000

Epoch 00645: val_loss did not improve from 12.30233
 - 11s - loss: 12.4887 - val_loss: 12.5898
Epoch 646/8000

Epoch 00646: val_loss did not improve from 12.30233
 - 11s - loss: 12.5176 - val_loss: 12.6879
Epoch 647/8000

Epoch 00647: val_loss did not improve from 12.30233
 - 11s - loss: 12.5852 - val_loss: 13.2222
Epoch 648/8000

Epoch 00648: val_loss did not improve from 12.30233
 - 11s - loss: 12.7230 - val_loss: 12.6725
Epoch 649/8000

Epoch 00649: val_loss did not improve from 12.30233
 - 11s - loss: 12.8018 - val_loss: 13.4831
Epoch 650/8000

Epoch 00650: val_loss did not improve from 12.30233
 - 11s - loss: 12.9118 - val_loss: 12.9296
Epoch 651/8000

Epoch 00651: val_loss did not improve from 12.30233
 - 11s - loss: 12.6825 - val_loss: 13.4619
Epoch 652/8000

Epoch 00652: val_loss did not improve from 12.30233
 - 11s - loss: 12.8335 - val_loss: 13.3468
Epoch 653/8000

Epoch 00653: val_loss did not improve from 12.30233
 - 11s - loss: 12.7963 - val_loss: 13.4705
Epoch 654/8000

Epoch 00654: val_loss did not improve from 12.30233
 - 11s - loss: 12.8213 - val_loss: 12.9444
Epoch 655/8000

Epoch 00655: val_loss did not improve from 12.30233
 - 11s - loss: 12.8551 - val_loss: 13.2586
Epoch 656/8000

Epoch 00656: val_loss did not improve from 12.30233
 - 11s - loss: 12.7726 - val_loss: 12.8952
Epoch 657/8000

Epoch 00657: val_loss did not improve from 12.30233
 - 11s - loss: 12.6695 - val_loss: 13.2426
Epoch 658/8000

Epoch 00658: val_loss did not improve from 12.30233
 - 11s - loss: 12.7502 - val_loss: 12.7898
Epoch 659/8000

Epoch 00659: val_loss did not improve from 12.30233
 - 11s - loss: 12.6448 - val_loss: 12.5707
Epoch 660/8000

Epoch 00660: val_loss did not improve from 12.30233
 - 11s - loss: 12.8489 - val_loss: 12.8683
Epoch 661/8000

Epoch 00661: val_loss did not improve from 12.30233
 - 11s - loss: 12.9825 - val_loss: 13.8699
Epoch 662/8000

Epoch 00662: val_loss did not improve from 12.30233
 - 11s - loss: 12.9783 - val_loss: 13.1691
Epoch 663/8000

Epoch 00663: val_loss did not improve from 12.30233
 - 11s - loss: 12.7638 - val_loss: 13.3793
Epoch 664/8000

Epoch 00664: val_loss did not improve from 12.30233
 - 11s - loss: 12.8432 - val_loss: 13.0423
Epoch 665/8000

Epoch 00665: val_loss did not improve from 12.30233
 - 11s - loss: 12.6575 - val_loss: 12.8083
Epoch 666/8000

Epoch 00666: val_loss did not improve from 12.30233
 - 11s - loss: 12.5274 - val_loss: 12.5402
Epoch 667/8000

Epoch 00667: val_loss did not improve from 12.30233
 - 11s - loss: 12.6977 - val_loss: 12.8298
Epoch 668/8000

Epoch 00668: val_loss did not improve from 12.30233
 - 11s - loss: 12.5529 - val_loss: 13.0214
Epoch 669/8000

Epoch 00669: val_loss did not improve from 12.30233
 - 11s - loss: 12.6578 - val_loss: 13.2637
Epoch 670/8000

Epoch 00670: val_loss did not improve from 12.30233
 - 11s - loss: 12.7354 - val_loss: 13.1725
Epoch 671/8000

Epoch 00671: val_loss did not improve from 12.30233
 - 11s - loss: 13.0165 - val_loss: 13.1187
Epoch 672/8000

Epoch 00672: val_loss did not improve from 12.30233
 - 11s - loss: 12.6993 - val_loss: 12.6192
Epoch 673/8000

Epoch 00673: val_loss did not improve from 12.30233
 - 11s - loss: 12.7254 - val_loss: 12.8290
Epoch 674/8000

Epoch 00674: val_loss did not improve from 12.30233
 - 11s - loss: 12.6490 - val_loss: 12.8484
Epoch 675/8000

Epoch 00675: val_loss did not improve from 12.30233
 - 11s - loss: 12.5273 - val_loss: 12.9310
Epoch 676/8000

Epoch 00676: val_loss did not improve from 12.30233
 - 11s - loss: 12.5198 - val_loss: 14.2341
Epoch 677/8000

Epoch 00677: val_loss did not improve from 12.30233
 - 11s - loss: 12.7992 - val_loss: 13.2570
Epoch 678/8000

Epoch 00678: val_loss did not improve from 12.30233
 - 11s - loss: 12.6524 - val_loss: 12.4448
Epoch 679/8000

Epoch 00679: val_loss did not improve from 12.30233
 - 11s - loss: 12.4858 - val_loss: 12.6863
Epoch 680/8000

Epoch 00680: val_loss did not improve from 12.30233
 - 11s - loss: 12.5074 - val_loss: 12.5201
Epoch 681/8000

Epoch 00681: val_loss did not improve from 12.30233
 - 11s - loss: 12.4464 - val_loss: 12.6753
Epoch 682/8000

Epoch 00682: val_loss did not improve from 12.30233
 - 11s - loss: 12.8097 - val_loss: 12.9774
Epoch 683/8000

Epoch 00683: val_loss did not improve from 12.30233
 - 11s - loss: 12.4947 - val_loss: 13.0200
Epoch 684/8000

Epoch 00684: val_loss did not improve from 12.30233
 - 11s - loss: 12.4810 - val_loss: 13.7389
Epoch 685/8000

Epoch 00685: val_loss did not improve from 12.30233
 - 11s - loss: 12.6377 - val_loss: 13.1088
Epoch 686/8000

Epoch 00686: val_loss did not improve from 12.30233
 - 11s - loss: 12.5855 - val_loss: 13.0537
Epoch 687/8000

Epoch 00687: val_loss did not improve from 12.30233
 - 11s - loss: 12.5549 - val_loss: 12.7601
Epoch 688/8000

Epoch 00688: val_loss did not improve from 12.30233
 - 11s - loss: 12.5280 - val_loss: 12.7867
Epoch 689/8000

Epoch 00689: val_loss did not improve from 12.30233
 - 11s - loss: 12.7189 - val_loss: 12.9796
Epoch 690/8000

Epoch 00690: val_loss did not improve from 12.30233
 - 11s - loss: 12.6665 - val_loss: 12.8648
Epoch 691/8000

Epoch 00691: val_loss did not improve from 12.30233
 - 11s - loss: 12.4419 - val_loss: 12.5487
Epoch 692/8000

Epoch 00692: val_loss did not improve from 12.30233
 - 11s - loss: 12.4887 - val_loss: 12.6784
Epoch 693/8000

Epoch 00693: val_loss did not improve from 12.30233
 - 11s - loss: 12.5359 - val_loss: 12.6634
Epoch 694/8000

Epoch 00694: val_loss did not improve from 12.30233
 - 11s - loss: 12.3842 - val_loss: 12.7945
Epoch 695/8000

Epoch 00695: val_loss did not improve from 12.30233
 - 11s - loss: 12.5243 - val_loss: 12.9434
Epoch 696/8000

Epoch 00696: val_loss did not improve from 12.30233
 - 11s - loss: 12.7047 - val_loss: 13.2020
Epoch 697/8000

Epoch 00697: val_loss did not improve from 12.30233
 - 11s - loss: 12.4942 - val_loss: 13.1225
Epoch 698/8000

Epoch 00698: val_loss did not improve from 12.30233
 - 11s - loss: 12.8274 - val_loss: 13.0933
Epoch 699/8000

Epoch 00699: val_loss did not improve from 12.30233
 - 11s - loss: 12.8827 - val_loss: 13.0950
Epoch 700/8000

Epoch 00700: val_loss did not improve from 12.30233
 - 11s - loss: 12.6943 - val_loss: 12.7176
Epoch 701/8000

Epoch 00701: val_loss did not improve from 12.30233
 - 11s - loss: 12.6145 - val_loss: 13.0203
Epoch 702/8000

Epoch 00702: val_loss did not improve from 12.30233
 - 11s - loss: 12.6810 - val_loss: 13.7439
Epoch 703/8000

Epoch 00703: val_loss did not improve from 12.30233
 - 11s - loss: 12.9440 - val_loss: 13.5802
Epoch 704/8000

Epoch 00704: val_loss did not improve from 12.30233
 - 11s - loss: 13.0112 - val_loss: 13.7001
Epoch 705/8000

Epoch 00705: val_loss did not improve from 12.30233
 - 11s - loss: 13.1742 - val_loss: 13.0550
Epoch 706/8000

Epoch 00706: val_loss did not improve from 12.30233
 - 11s - loss: 12.8205 - val_loss: 13.4400
Epoch 707/8000

Epoch 00707: val_loss did not improve from 12.30233
 - 11s - loss: 12.8564 - val_loss: 12.8275
Epoch 708/8000

Epoch 00708: val_loss did not improve from 12.30233
 - 11s - loss: 12.7366 - val_loss: 13.3423
Epoch 709/8000

Epoch 00709: val_loss did not improve from 12.30233
 - 11s - loss: 12.5748 - val_loss: 12.6391
Epoch 710/8000

Epoch 00710: val_loss did not improve from 12.30233
 - 11s - loss: 12.6397 - val_loss: 12.7544
Epoch 00710: early stopping
