2020-01-31 11:47:30.483906: I tensorflow/core/platform/cpu_feature_guard.cc:141] Your CPU supports instructions that this TensorFlow binary was not compiled to use: SSE4.1 SSE4.2 AVX
2020-01-31 11:47:30.599473: I tensorflow/stream_executor/cuda/cuda_gpu_executor.cc:897] successful NUMA node read from SysFS had negative value (-1), but there must be at least one NUMA node, so returning NUMA node zero
2020-01-31 11:47:30.600032: I tensorflow/core/common_runtime/gpu/gpu_device.cc:1405] Found device 0 with properties: 
name: TITAN Xp major: 6 minor: 1 memoryClockRate(GHz): 1.582
pciBusID: 0000:01:00.0
totalMemory: 11.91GiB freeMemory: 11.73GiB
2020-01-31 11:47:30.600049: I tensorflow/core/common_runtime/gpu/gpu_device.cc:1484] Adding visible gpu devices: 0
2020-01-31 11:47:30.832213: I tensorflow/core/common_runtime/gpu/gpu_device.cc:965] Device interconnect StreamExecutor with strength 1 edge matrix:
2020-01-31 11:47:30.832257: I tensorflow/core/common_runtime/gpu/gpu_device.cc:971]      0 
2020-01-31 11:47:30.832266: I tensorflow/core/common_runtime/gpu/gpu_device.cc:984] 0:   N 
2020-01-31 11:47:30.832546: I tensorflow/core/common_runtime/gpu/gpu_device.cc:1097] Created TensorFlow device (/job:localhost/replica:0/task:0/device:GPU:0 with 11348 MB memory) -> physical GPU (device: 0, name: TITAN Xp, pci bus id: 0000:01:00.0, compute capability: 6.1)
2020-01-31 11:47:31.144017: I tensorflow/core/kernels/cuda_solvers.cc:159] Creating CudaSolver handles for stream 0x55cc82f59500
Epoch 1/8000

Epoch 00001: val_loss improved from inf to 34.58719, saving model to model_weights/model_2020-01-31_11-47-29.h5
 - 37s - loss: 41.6799 - val_loss: 34.5872
Epoch 2/8000

Epoch 00002: val_loss improved from 34.58719 to 25.34930, saving model to model_weights/model_2020-01-31_11-47-29.h5
 - 35s - loss: 29.1571 - val_loss: 25.3493
Epoch 3/8000

Epoch 00003: val_loss improved from 25.34930 to 24.27892, saving model to model_weights/model_2020-01-31_11-47-29.h5
 - 35s - loss: 23.8668 - val_loss: 24.2789
Epoch 4/8000

Epoch 00004: val_loss improved from 24.27892 to 22.89119, saving model to model_weights/model_2020-01-31_11-47-29.h5
 - 34s - loss: 22.8442 - val_loss: 22.8912
Epoch 5/8000

Epoch 00005: val_loss improved from 22.89119 to 21.53849, saving model to model_weights/model_2020-01-31_11-47-29.h5
 - 35s - loss: 21.1986 - val_loss: 21.5385
Epoch 6/8000

Epoch 00006: val_loss improved from 21.53849 to 20.59958, saving model to model_weights/model_2020-01-31_11-47-29.h5
 - 35s - loss: 20.4282 - val_loss: 20.5996
Epoch 7/8000

Epoch 00007: val_loss improved from 20.59958 to 20.49461, saving model to model_weights/model_2020-01-31_11-47-29.h5
 - 35s - loss: 19.8435 - val_loss: 20.4946
Epoch 8/8000

Epoch 00008: val_loss improved from 20.49461 to 19.30620, saving model to model_weights/model_2020-01-31_11-47-29.h5
 - 35s - loss: 19.2499 - val_loss: 19.3062
Epoch 9/8000

Epoch 00009: val_loss did not improve from 19.30620
 - 35s - loss: 19.5507 - val_loss: 19.7603
Epoch 10/8000

Epoch 00010: val_loss did not improve from 19.30620
 - 35s - loss: 18.8769 - val_loss: 19.4622
Epoch 11/8000

Epoch 00011: val_loss improved from 19.30620 to 18.70680, saving model to model_weights/model_2020-01-31_11-47-29.h5
 - 35s - loss: 18.1210 - val_loss: 18.7068
Epoch 12/8000

Epoch 00012: val_loss improved from 18.70680 to 18.52043, saving model to model_weights/model_2020-01-31_11-47-29.h5
 - 35s - loss: 18.0874 - val_loss: 18.5204
Epoch 13/8000

Epoch 00013: val_loss improved from 18.52043 to 17.91499, saving model to model_weights/model_2020-01-31_11-47-29.h5
 - 35s - loss: 17.9847 - val_loss: 17.9150
Epoch 14/8000

Epoch 00014: val_loss did not improve from 17.91499
 - 35s - loss: 17.8607 - val_loss: 19.0179
Epoch 15/8000

Epoch 00015: val_loss did not improve from 17.91499
 - 35s - loss: 17.5502 - val_loss: 18.2491
Epoch 16/8000

Epoch 00016: val_loss did not improve from 17.91499
 - 35s - loss: 19.4600 - val_loss: 18.5719
Epoch 17/8000

Epoch 00017: val_loss improved from 17.91499 to 17.69213, saving model to model_weights/model_2020-01-31_11-47-29.h5
 - 35s - loss: 18.1284 - val_loss: 17.6921
Epoch 18/8000

Epoch 00018: val_loss did not improve from 17.69213
 - 35s - loss: 18.8432 - val_loss: 27.6670
Epoch 19/8000

Epoch 00019: val_loss did not improve from 17.69213
 - 35s - loss: 18.9074 - val_loss: 19.4666
Epoch 20/8000

Epoch 00020: val_loss did not improve from 17.69213
 - 35s - loss: 18.4045 - val_loss: 18.4330
Epoch 21/8000

Epoch 00021: val_loss improved from 17.69213 to 17.53521, saving model to model_weights/model_2020-01-31_11-47-29.h5
 - 35s - loss: 17.5444 - val_loss: 17.5352
Epoch 22/8000

Epoch 00022: val_loss improved from 17.53521 to 17.33249, saving model to model_weights/model_2020-01-31_11-47-29.h5
 - 35s - loss: 17.5176 - val_loss: 17.3325
Epoch 23/8000

Epoch 00023: val_loss did not improve from 17.33249
 - 35s - loss: 17.7460 - val_loss: 17.3646
Epoch 24/8000

Epoch 00024: val_loss improved from 17.33249 to 16.86837, saving model to model_weights/model_2020-01-31_11-47-29.h5
 - 35s - loss: 17.0360 - val_loss: 16.8684
Epoch 25/8000

Epoch 00025: val_loss did not improve from 16.86837
 - 35s - loss: 17.1528 - val_loss: 17.3478
Epoch 26/8000

Epoch 00026: val_loss did not improve from 16.86837
 - 35s - loss: 16.9713 - val_loss: 17.1723
Epoch 27/8000

Epoch 00027: val_loss did not improve from 16.86837
 - 35s - loss: 17.8318 - val_loss: 16.8807
Epoch 28/8000

Epoch 00028: val_loss improved from 16.86837 to 16.42295, saving model to model_weights/model_2020-01-31_11-47-29.h5
 - 35s - loss: 16.8065 - val_loss: 16.4230
Epoch 29/8000

Epoch 00029: val_loss did not improve from 16.42295
 - 35s - loss: 16.5093 - val_loss: 17.1868
Epoch 30/8000

Epoch 00030: val_loss did not improve from 16.42295
 - 35s - loss: 16.5663 - val_loss: 16.5787
Epoch 31/8000

Epoch 00031: val_loss did not improve from 16.42295
 - 35s - loss: 16.4955 - val_loss: 19.0524
Epoch 32/8000

Epoch 00032: val_loss improved from 16.42295 to 16.20897, saving model to model_weights/model_2020-01-31_11-47-29.h5
 - 35s - loss: 16.5711 - val_loss: 16.2090
Epoch 33/8000

Epoch 00033: val_loss did not improve from 16.20897
 - 35s - loss: 16.6033 - val_loss: 16.7364
Epoch 34/8000

Epoch 00034: val_loss did not improve from 16.20897
 - 35s - loss: 16.6530 - val_loss: 20.8684
Epoch 35/8000

Epoch 00035: val_loss did not improve from 16.20897
 - 35s - loss: 17.2265 - val_loss: 17.4632
Epoch 36/8000

Epoch 00036: val_loss did not improve from 16.20897
 - 35s - loss: 16.9435 - val_loss: 17.0229
Epoch 37/8000

Epoch 00037: val_loss did not improve from 16.20897
 - 35s - loss: 17.5044 - val_loss: 17.9886
Epoch 38/8000

Epoch 00038: val_loss did not improve from 16.20897
 - 35s - loss: 17.4570 - val_loss: 17.2676
Epoch 39/8000

Epoch 00039: val_loss did not improve from 16.20897
 - 35s - loss: 17.2270 - val_loss: 18.4377
Epoch 40/8000

Epoch 00040: val_loss did not improve from 16.20897
 - 35s - loss: 17.3931 - val_loss: 18.4983
Epoch 41/8000

Epoch 00041: val_loss did not improve from 16.20897
 - 35s - loss: 17.3427 - val_loss: 17.0276
Epoch 42/8000

Epoch 00042: val_loss did not improve from 16.20897
 - 35s - loss: 17.2435 - val_loss: 18.1204
Epoch 43/8000

Epoch 00043: val_loss did not improve from 16.20897
 - 35s - loss: 19.1864 - val_loss: 17.9599
Epoch 44/8000

Epoch 00044: val_loss did not improve from 16.20897
 - 35s - loss: 17.8714 - val_loss: 17.2975
Epoch 45/8000

Epoch 00045: val_loss did not improve from 16.20897
 - 35s - loss: 17.1574 - val_loss: 18.4763
Epoch 46/8000

Epoch 00046: val_loss did not improve from 16.20897
 - 35s - loss: 17.9248 - val_loss: 18.2330
Epoch 47/8000

Epoch 00047: val_loss did not improve from 16.20897
 - 35s - loss: 17.8870 - val_loss: 17.2817
Epoch 48/8000

Epoch 00048: val_loss did not improve from 16.20897
 - 35s - loss: 17.2204 - val_loss: 17.0294
Epoch 49/8000

Epoch 00049: val_loss did not improve from 16.20897
 - 35s - loss: 16.7865 - val_loss: 17.1559
Epoch 50/8000

Epoch 00050: val_loss did not improve from 16.20897
 - 35s - loss: 16.5789 - val_loss: 16.4361
Epoch 51/8000

Epoch 00051: val_loss did not improve from 16.20897
 - 35s - loss: 17.1976 - val_loss: 18.6144
Epoch 52/8000

Epoch 00052: val_loss did not improve from 16.20897
 - 35s - loss: 16.9603 - val_loss: 17.7390
Epoch 53/8000

Epoch 00053: val_loss did not improve from 16.20897
 - 35s - loss: 17.1487 - val_loss: 18.0181
Epoch 54/8000

Epoch 00054: val_loss did not improve from 16.20897
 - 35s - loss: 16.9622 - val_loss: 18.4111
Epoch 55/8000

Epoch 00055: val_loss did not improve from 16.20897
 - 35s - loss: 16.9705 - val_loss: 18.3251
Epoch 56/8000

Epoch 00056: val_loss did not improve from 16.20897
 - 35s - loss: 16.9503 - val_loss: 16.2646
Epoch 57/8000

Epoch 00057: val_loss did not improve from 16.20897
 - 35s - loss: 16.8442 - val_loss: 16.3493
Epoch 58/8000

Epoch 00058: val_loss did not improve from 16.20897
 - 35s - loss: 16.6744 - val_loss: 17.9652
Epoch 59/8000

Epoch 00059: val_loss did not improve from 16.20897
 - 35s - loss: 16.7736 - val_loss: 17.2582
Epoch 60/8000

Epoch 00060: val_loss did not improve from 16.20897
 - 35s - loss: 16.4271 - val_loss: 18.9645
Epoch 61/8000

Epoch 00061: val_loss did not improve from 16.20897
 - 35s - loss: 16.3964 - val_loss: 16.6264
Epoch 62/8000

Epoch 00062: val_loss did not improve from 16.20897
 - 35s - loss: 16.3906 - val_loss: 17.4172
Epoch 63/8000

Epoch 00063: val_loss improved from 16.20897 to 16.05818, saving model to model_weights/model_2020-01-31_11-47-29.h5
 - 35s - loss: 16.4061 - val_loss: 16.0582
Epoch 64/8000

Epoch 00064: val_loss did not improve from 16.05818
 - 35s - loss: 16.1903 - val_loss: 16.6656
Epoch 65/8000

Epoch 00065: val_loss did not improve from 16.05818
 - 35s - loss: 16.2208 - val_loss: 18.1066
Epoch 66/8000

Epoch 00066: val_loss did not improve from 16.05818
 - 35s - loss: 16.2637 - val_loss: 16.2907
Epoch 67/8000

Epoch 00067: val_loss did not improve from 16.05818
 - 35s - loss: 15.7676 - val_loss: 16.2217
Epoch 68/8000

Epoch 00068: val_loss did not improve from 16.05818
 - 35s - loss: 15.9549 - val_loss: 16.4738
Epoch 69/8000

Epoch 00069: val_loss did not improve from 16.05818
 - 35s - loss: 16.2409 - val_loss: 16.4567
Epoch 70/8000

Epoch 00070: val_loss did not improve from 16.05818
 - 35s - loss: 16.6683 - val_loss: 18.8047
Epoch 71/8000

Epoch 00071: val_loss did not improve from 16.05818
 - 35s - loss: 16.6226 - val_loss: 18.9440
Epoch 72/8000

Epoch 00072: val_loss did not improve from 16.05818
 - 35s - loss: 17.2324 - val_loss: 18.0309
Epoch 73/8000

Epoch 00073: val_loss did not improve from 16.05818
 - 35s - loss: 16.2674 - val_loss: 16.5253
Epoch 74/8000

Epoch 00074: val_loss did not improve from 16.05818
 - 35s - loss: 15.8268 - val_loss: 17.4035
Epoch 75/8000

Epoch 00075: val_loss improved from 16.05818 to 16.03507, saving model to model_weights/model_2020-01-31_11-47-29.h5
 - 35s - loss: 16.3186 - val_loss: 16.0351
Epoch 76/8000

Epoch 00076: val_loss improved from 16.03507 to 15.89518, saving model to model_weights/model_2020-01-31_11-47-29.h5
 - 35s - loss: 15.9229 - val_loss: 15.8952
Epoch 77/8000

Epoch 00077: val_loss did not improve from 15.89518
 - 35s - loss: 16.1896 - val_loss: 16.0360
Epoch 78/8000

Epoch 00078: val_loss did not improve from 15.89518
 - 35s - loss: 16.0213 - val_loss: 16.7882
Epoch 79/8000

Epoch 00079: val_loss did not improve from 15.89518
 - 35s - loss: 16.9460 - val_loss: 18.0357
Epoch 80/8000

Epoch 00080: val_loss did not improve from 15.89518
 - 35s - loss: 16.3056 - val_loss: 17.0953
Epoch 81/8000

Epoch 00081: val_loss did not improve from 15.89518
 - 35s - loss: 16.0159 - val_loss: 15.9264
Epoch 82/8000

Epoch 00082: val_loss improved from 15.89518 to 15.43536, saving model to model_weights/model_2020-01-31_11-47-29.h5
 - 35s - loss: 15.6046 - val_loss: 15.4354
Epoch 83/8000

Epoch 00083: val_loss did not improve from 15.43536
 - 35s - loss: 15.4952 - val_loss: 15.8000
Epoch 84/8000

Epoch 00084: val_loss did not improve from 15.43536
 - 35s - loss: 15.7153 - val_loss: 16.0958
Epoch 85/8000

Epoch 00085: val_loss did not improve from 15.43536
 - 35s - loss: 15.5601 - val_loss: 15.8018
Epoch 86/8000

Epoch 00086: val_loss did not improve from 15.43536
 - 35s - loss: 15.5821 - val_loss: 16.5316
Epoch 87/8000

Epoch 00087: val_loss improved from 15.43536 to 15.38624, saving model to model_weights/model_2020-01-31_11-47-29.h5
 - 35s - loss: 15.8637 - val_loss: 15.3862
Epoch 88/8000

Epoch 00088: val_loss did not improve from 15.38624
 - 35s - loss: 15.6383 - val_loss: 16.0131
Epoch 89/8000

Epoch 00089: val_loss did not improve from 15.38624
 - 35s - loss: 15.6644 - val_loss: 16.5177
Epoch 90/8000

Epoch 00090: val_loss did not improve from 15.38624
 - 35s - loss: 16.9318 - val_loss: 16.8356
Epoch 91/8000

Epoch 00091: val_loss did not improve from 15.38624
 - 35s - loss: 16.8489 - val_loss: 18.3167
Epoch 92/8000

Epoch 00092: val_loss did not improve from 15.38624
 - 35s - loss: 17.0046 - val_loss: 18.6079
Epoch 93/8000

Epoch 00093: val_loss did not improve from 15.38624
 - 35s - loss: 21.3428 - val_loss: 16.6829
Epoch 94/8000

Epoch 00094: val_loss did not improve from 15.38624
 - 35s - loss: 16.2110 - val_loss: 16.2887
Epoch 95/8000

Epoch 00095: val_loss did not improve from 15.38624
 - 35s - loss: 16.0146 - val_loss: 17.0777
Epoch 96/8000

Epoch 00096: val_loss did not improve from 15.38624
 - 35s - loss: 16.6907 - val_loss: 16.8891
Epoch 97/8000

Epoch 00097: val_loss did not improve from 15.38624
 - 35s - loss: 16.6736 - val_loss: 16.8282
Epoch 98/8000

Epoch 00098: val_loss did not improve from 15.38624
 - 35s - loss: 17.4183 - val_loss: 18.2504
Epoch 99/8000

Epoch 00099: val_loss did not improve from 15.38624
 - 35s - loss: 17.1794 - val_loss: 16.3846
Epoch 100/8000

Epoch 00100: val_loss did not improve from 15.38624
 - 35s - loss: 17.0331 - val_loss: 16.9337
Epoch 101/8000

Epoch 00101: val_loss did not improve from 15.38624
 - 35s - loss: 16.8729 - val_loss: 16.5225
Epoch 102/8000

Epoch 00102: val_loss did not improve from 15.38624
 - 35s - loss: 16.6194 - val_loss: 18.5776
Epoch 103/8000

Epoch 00103: val_loss did not improve from 15.38624
 - 35s - loss: 16.7777 - val_loss: 17.3063
Epoch 104/8000

Epoch 00104: val_loss did not improve from 15.38624
 - 35s - loss: 16.4775 - val_loss: 17.1522
Epoch 105/8000

Epoch 00105: val_loss did not improve from 15.38624
 - 35s - loss: 16.3238 - val_loss: 16.5393
Epoch 106/8000

Epoch 00106: val_loss did not improve from 15.38624
 - 35s - loss: 16.1866 - val_loss: 15.6813
Epoch 107/8000

Epoch 00107: val_loss did not improve from 15.38624
 - 35s - loss: 16.2310 - val_loss: 18.1192
Epoch 108/8000

Epoch 00108: val_loss did not improve from 15.38624
 - 35s - loss: 16.9985 - val_loss: 17.6681
Epoch 109/8000

Epoch 00109: val_loss did not improve from 15.38624
 - 35s - loss: 16.3688 - val_loss: 17.4097
Epoch 110/8000

Epoch 00110: val_loss did not improve from 15.38624
 - 35s - loss: 16.4302 - val_loss: 16.7456
Epoch 111/8000

Epoch 00111: val_loss did not improve from 15.38624
 - 35s - loss: 17.3656 - val_loss: 17.9127
Epoch 112/8000

Epoch 00112: val_loss did not improve from 15.38624
 - 35s - loss: 17.0887 - val_loss: 17.3869
Epoch 113/8000

Epoch 00113: val_loss did not improve from 15.38624
 - 35s - loss: 16.7328 - val_loss: 17.0303
Epoch 114/8000

Epoch 00114: val_loss did not improve from 15.38624
 - 35s - loss: 17.1451 - val_loss: 16.6599
Epoch 115/8000

Epoch 00115: val_loss did not improve from 15.38624
 - 35s - loss: 16.7972 - val_loss: 17.9660
Epoch 116/8000

Epoch 00116: val_loss did not improve from 15.38624
 - 35s - loss: 16.9827 - val_loss: 17.6778
Epoch 117/8000

Epoch 00117: val_loss did not improve from 15.38624
 - 35s - loss: 16.5938 - val_loss: 19.0914
Epoch 118/8000

Epoch 00118: val_loss did not improve from 15.38624
 - 35s - loss: 17.3077 - val_loss: 17.8324
Epoch 119/8000

Epoch 00119: val_loss did not improve from 15.38624
 - 35s - loss: 17.0055 - val_loss: 17.7586
Epoch 120/8000

Epoch 00120: val_loss did not improve from 15.38624
 - 35s - loss: 16.6238 - val_loss: 16.8556
Epoch 121/8000

Epoch 00121: val_loss did not improve from 15.38624
 - 35s - loss: 16.7338 - val_loss: 21.6634
Epoch 122/8000

Epoch 00122: val_loss did not improve from 15.38624
 - 35s - loss: 17.0660 - val_loss: 16.6049
Epoch 123/8000

Epoch 00123: val_loss did not improve from 15.38624
 - 35s - loss: 16.4604 - val_loss: 18.4979
Epoch 124/8000

Epoch 00124: val_loss did not improve from 15.38624
 - 35s - loss: 16.2745 - val_loss: 16.2108
Epoch 125/8000

Epoch 00125: val_loss did not improve from 15.38624
 - 35s - loss: 16.3052 - val_loss: 15.9101
Epoch 126/8000

Epoch 00126: val_loss did not improve from 15.38624
 - 35s - loss: 16.8499 - val_loss: 16.5426
Epoch 127/8000

Epoch 00127: val_loss did not improve from 15.38624
 - 35s - loss: 16.5438 - val_loss: 16.5654
Epoch 128/8000

Epoch 00128: val_loss did not improve from 15.38624
 - 35s - loss: 16.6630 - val_loss: 15.9544
Epoch 129/8000

Epoch 00129: val_loss did not improve from 15.38624
 - 35s - loss: 16.1026 - val_loss: 16.2580
Epoch 130/8000

Epoch 00130: val_loss did not improve from 15.38624
 - 35s - loss: 16.0634 - val_loss: 16.7107
Epoch 131/8000

Epoch 00131: val_loss improved from 15.38624 to 15.06114, saving model to model_weights/model_2020-01-31_11-47-29.h5
 - 35s - loss: 15.7507 - val_loss: 15.0611
Epoch 132/8000

Epoch 00132: val_loss did not improve from 15.06114
 - 35s - loss: 15.7520 - val_loss: 17.3108
Epoch 133/8000

Epoch 00133: val_loss did not improve from 15.06114
 - 35s - loss: 15.7008 - val_loss: 15.3192
Epoch 134/8000

Epoch 00134: val_loss did not improve from 15.06114
 - 35s - loss: 15.7064 - val_loss: 15.5835
Epoch 135/8000

Epoch 00135: val_loss did not improve from 15.06114
 - 35s - loss: 15.4863 - val_loss: 16.6016
Epoch 136/8000

Epoch 00136: val_loss did not improve from 15.06114
 - 35s - loss: 15.6392 - val_loss: 17.2694
Epoch 137/8000

Epoch 00137: val_loss did not improve from 15.06114
 - 35s - loss: 16.4668 - val_loss: 16.6235
Epoch 138/8000

Epoch 00138: val_loss did not improve from 15.06114
 - 35s - loss: 15.7319 - val_loss: 15.9147
Epoch 139/8000

Epoch 00139: val_loss did not improve from 15.06114
 - 35s - loss: 15.8144 - val_loss: 17.9615
Epoch 140/8000

Epoch 00140: val_loss did not improve from 15.06114
 - 35s - loss: 16.6012 - val_loss: 17.8374
Epoch 141/8000

Epoch 00141: val_loss did not improve from 15.06114
 - 35s - loss: 16.1089 - val_loss: 16.1546
Epoch 142/8000

Epoch 00142: val_loss did not improve from 15.06114
 - 35s - loss: 15.6449 - val_loss: 17.1111
Epoch 143/8000

Epoch 00143: val_loss did not improve from 15.06114
 - 35s - loss: 15.7036 - val_loss: 15.6206
Epoch 144/8000

Epoch 00144: val_loss did not improve from 15.06114
 - 35s - loss: 15.1632 - val_loss: 16.7891
Epoch 145/8000

Epoch 00145: val_loss did not improve from 15.06114
 - 35s - loss: 15.8881 - val_loss: 21.2260
Epoch 146/8000

Epoch 00146: val_loss did not improve from 15.06114
 - 35s - loss: 16.7140 - val_loss: 17.1205
Epoch 147/8000

Epoch 00147: val_loss did not improve from 15.06114
 - 35s - loss: 15.5743 - val_loss: 15.7434
Epoch 148/8000

Epoch 00148: val_loss did not improve from 15.06114
 - 35s - loss: 15.8020 - val_loss: 16.2661
Epoch 149/8000

Epoch 00149: val_loss improved from 15.06114 to 15.01522, saving model to model_weights/model_2020-01-31_11-47-29.h5
 - 35s - loss: 15.5551 - val_loss: 15.0152
Epoch 150/8000

Epoch 00150: val_loss did not improve from 15.01522
 - 35s - loss: 15.0767 - val_loss: 15.9510
Epoch 151/8000

Epoch 00151: val_loss did not improve from 15.01522
 - 35s - loss: 15.2993 - val_loss: 16.8462
Epoch 152/8000

Epoch 00152: val_loss improved from 15.01522 to 14.92456, saving model to model_weights/model_2020-01-31_11-47-29.h5
 - 35s - loss: 15.2179 - val_loss: 14.9246
Epoch 153/8000

Epoch 00153: val_loss did not improve from 14.92456
 - 35s - loss: 16.5992 - val_loss: 16.4023
Epoch 154/8000

Epoch 00154: val_loss did not improve from 14.92456
 - 35s - loss: 16.0220 - val_loss: 17.9793
Epoch 155/8000

Epoch 00155: val_loss did not improve from 14.92456
 - 35s - loss: 15.7870 - val_loss: 15.6220
Epoch 156/8000

Epoch 00156: val_loss did not improve from 14.92456
 - 35s - loss: 15.3171 - val_loss: 15.2058
Epoch 157/8000

Epoch 00157: val_loss did not improve from 14.92456
 - 35s - loss: 15.3590 - val_loss: 15.6257
Epoch 158/8000

Epoch 00158: val_loss did not improve from 14.92456
 - 35s - loss: 15.1701 - val_loss: 15.4375
Epoch 159/8000

Epoch 00159: val_loss did not improve from 14.92456
 - 35s - loss: 15.1859 - val_loss: 15.7574
Epoch 160/8000

Epoch 00160: val_loss did not improve from 14.92456
 - 35s - loss: 15.8695 - val_loss: 15.7130
Epoch 161/8000

Epoch 00161: val_loss did not improve from 14.92456
 - 35s - loss: 15.6692 - val_loss: 19.5737
Epoch 162/8000

Epoch 00162: val_loss did not improve from 14.92456
 - 35s - loss: 17.4474 - val_loss: 16.9547
Epoch 163/8000

Epoch 00163: val_loss did not improve from 14.92456
 - 35s - loss: 16.5260 - val_loss: 19.4599
Epoch 164/8000

Epoch 00164: val_loss did not improve from 14.92456
 - 35s - loss: 16.4306 - val_loss: 17.3655
Epoch 165/8000

Epoch 00165: val_loss did not improve from 14.92456
 - 35s - loss: 16.3635 - val_loss: 16.1792
Epoch 166/8000

Epoch 00166: val_loss did not improve from 14.92456
 - 35s - loss: 16.7033 - val_loss: 18.3890
Epoch 167/8000

Epoch 00167: val_loss did not improve from 14.92456
 - 35s - loss: 16.1136 - val_loss: 17.9907
Epoch 168/8000

Epoch 00168: val_loss did not improve from 14.92456
 - 35s - loss: 16.3888 - val_loss: 16.6073
Epoch 169/8000

Epoch 00169: val_loss did not improve from 14.92456
 - 35s - loss: 16.9525 - val_loss: 16.8324
Epoch 170/8000

Epoch 00170: val_loss did not improve from 14.92456
 - 35s - loss: 17.0106 - val_loss: 16.1862
Epoch 171/8000

Epoch 00171: val_loss did not improve from 14.92456
 - 35s - loss: 17.0048 - val_loss: 17.3408
Epoch 172/8000

Epoch 00172: val_loss did not improve from 14.92456
 - 35s - loss: 16.7092 - val_loss: 16.3202
Epoch 173/8000

Epoch 00173: val_loss did not improve from 14.92456
 - 35s - loss: 16.6773 - val_loss: 17.0721
Epoch 174/8000

Epoch 00174: val_loss did not improve from 14.92456
 - 35s - loss: 16.3817 - val_loss: 16.3796
Epoch 175/8000

Epoch 00175: val_loss did not improve from 14.92456
 - 35s - loss: 17.0263 - val_loss: 16.6300
Epoch 176/8000

Epoch 00176: val_loss did not improve from 14.92456
 - 35s - loss: 16.0865 - val_loss: 16.9824
Epoch 177/8000

Epoch 00177: val_loss did not improve from 14.92456
 - 35s - loss: 15.9335 - val_loss: 16.1118
Epoch 178/8000

Epoch 00178: val_loss did not improve from 14.92456
 - 35s - loss: 17.2457 - val_loss: 16.1776
Epoch 179/8000

Epoch 00179: val_loss did not improve from 14.92456
 - 35s - loss: 16.1229 - val_loss: 17.0555
Epoch 180/8000

Epoch 00180: val_loss did not improve from 14.92456
 - 35s - loss: 17.2244 - val_loss: 17.2572
Epoch 181/8000

Epoch 00181: val_loss did not improve from 14.92456
 - 35s - loss: 16.7081 - val_loss: 17.5968
Epoch 182/8000

Epoch 00182: val_loss did not improve from 14.92456
 - 35s - loss: 16.7121 - val_loss: 16.6413
Epoch 183/8000

Epoch 00183: val_loss did not improve from 14.92456
 - 35s - loss: 16.4700 - val_loss: 16.7180
Epoch 184/8000

Epoch 00184: val_loss did not improve from 14.92456
 - 35s - loss: 16.8886 - val_loss: 16.4602
Epoch 185/8000

Epoch 00185: val_loss did not improve from 14.92456
 - 35s - loss: 16.6491 - val_loss: 17.2000
Epoch 186/8000

Epoch 00186: val_loss did not improve from 14.92456
 - 35s - loss: 17.3573 - val_loss: 17.5830
Epoch 187/8000

Epoch 00187: val_loss did not improve from 14.92456
 - 35s - loss: 17.4309 - val_loss: 17.5059
Epoch 188/8000

Epoch 00188: val_loss did not improve from 14.92456
 - 35s - loss: 16.8721 - val_loss: 17.3155
Epoch 189/8000

Epoch 00189: val_loss did not improve from 14.92456
 - 35s - loss: 16.3474 - val_loss: 16.0563
Epoch 190/8000

Epoch 00190: val_loss did not improve from 14.92456
 - 35s - loss: 16.3380 - val_loss: 16.0362
Epoch 191/8000

Epoch 00191: val_loss did not improve from 14.92456
 - 35s - loss: 16.4881 - val_loss: 16.6264
Epoch 192/8000

Epoch 00192: val_loss did not improve from 14.92456
 - 35s - loss: 15.8305 - val_loss: 15.6299
Epoch 193/8000

Epoch 00193: val_loss did not improve from 14.92456
 - 35s - loss: 15.9908 - val_loss: 16.6404
Epoch 194/8000

Epoch 00194: val_loss did not improve from 14.92456
 - 35s - loss: 15.9913 - val_loss: 16.8176
Epoch 195/8000

Epoch 00195: val_loss did not improve from 14.92456
 - 35s - loss: 15.8865 - val_loss: 16.9320
Epoch 196/8000

Epoch 00196: val_loss did not improve from 14.92456
 - 35s - loss: 15.8899 - val_loss: 18.6278
Epoch 197/8000

Epoch 00197: val_loss did not improve from 14.92456
 - 35s - loss: 16.4501 - val_loss: 17.2653
Epoch 198/8000

Epoch 00198: val_loss did not improve from 14.92456
 - 35s - loss: 15.9558 - val_loss: 15.5630
Epoch 199/8000

Epoch 00199: val_loss did not improve from 14.92456
 - 35s - loss: 15.4893 - val_loss: 15.7635
Epoch 200/8000

Epoch 00200: val_loss did not improve from 14.92456
 - 35s - loss: 15.2715 - val_loss: 15.4359
Epoch 201/8000

Epoch 00201: val_loss did not improve from 14.92456
 - 35s - loss: 15.9460 - val_loss: 15.5391
Epoch 202/8000

Epoch 00202: val_loss did not improve from 14.92456
 - 35s - loss: 15.4721 - val_loss: 20.4462
Epoch 203/8000

Epoch 00203: val_loss did not improve from 14.92456
 - 35s - loss: 17.3783 - val_loss: 16.7777
Epoch 204/8000

Epoch 00204: val_loss did not improve from 14.92456
 - 35s - loss: 16.1456 - val_loss: 16.1271
Epoch 205/8000

Epoch 00205: val_loss did not improve from 14.92456
 - 35s - loss: 16.0477 - val_loss: 17.3408
Epoch 206/8000

Epoch 00206: val_loss did not improve from 14.92456
 - 35s - loss: 16.4408 - val_loss: 16.5415
Epoch 207/8000

Epoch 00207: val_loss did not improve from 14.92456
 - 35s - loss: 15.6619 - val_loss: 16.3454
Epoch 208/8000

Epoch 00208: val_loss did not improve from 14.92456
 - 35s - loss: 15.5041 - val_loss: 15.8328
Epoch 209/8000

Epoch 00209: val_loss did not improve from 14.92456
 - 35s - loss: 15.2210 - val_loss: 15.2220
Epoch 210/8000

Epoch 00210: val_loss did not improve from 14.92456
 - 35s - loss: 14.9490 - val_loss: 15.5856
Epoch 211/8000

Epoch 00211: val_loss did not improve from 14.92456
 - 35s - loss: 14.8901 - val_loss: 14.9797
Epoch 212/8000

Epoch 00212: val_loss did not improve from 14.92456
 - 35s - loss: 15.3070 - val_loss: 15.0064
Epoch 213/8000

Epoch 00213: val_loss did not improve from 14.92456
 - 35s - loss: 15.2399 - val_loss: 15.4445
Epoch 214/8000

Epoch 00214: val_loss did not improve from 14.92456
 - 35s - loss: 14.8805 - val_loss: 15.7291
Epoch 215/8000

Epoch 00215: val_loss did not improve from 14.92456
 - 35s - loss: 15.1684 - val_loss: 16.5349
Epoch 216/8000

Epoch 00216: val_loss did not improve from 14.92456
 - 35s - loss: 15.3953 - val_loss: 15.2084
Epoch 217/8000

Epoch 00217: val_loss did not improve from 14.92456
 - 35s - loss: 15.0717 - val_loss: 15.3808
Epoch 218/8000

Epoch 00218: val_loss did not improve from 14.92456
 - 35s - loss: 15.2462 - val_loss: 17.0117
Epoch 219/8000

Epoch 00219: val_loss did not improve from 14.92456
 - 35s - loss: 15.5807 - val_loss: 15.3467
Epoch 220/8000

Epoch 00220: val_loss did not improve from 14.92456
 - 35s - loss: 15.3071 - val_loss: 15.4480
Epoch 221/8000

Epoch 00221: val_loss did not improve from 14.92456
 - 35s - loss: 15.3587 - val_loss: 16.0502
Epoch 222/8000

Epoch 00222: val_loss did not improve from 14.92456
 - 35s - loss: 14.9762 - val_loss: 16.0635
Epoch 223/8000

Epoch 00223: val_loss did not improve from 14.92456
 - 35s - loss: 14.9705 - val_loss: 15.0292
Epoch 224/8000

Epoch 00224: val_loss did not improve from 14.92456
 - 35s - loss: 14.8783 - val_loss: 16.9155
Epoch 225/8000

Epoch 00225: val_loss did not improve from 14.92456
 - 35s - loss: 14.9568 - val_loss: 15.0114
Epoch 226/8000

Epoch 00226: val_loss improved from 14.92456 to 14.62376, saving model to model_weights/model_2020-01-31_11-47-29.h5
 - 35s - loss: 14.8990 - val_loss: 14.6238
Epoch 227/8000

Epoch 00227: val_loss did not improve from 14.62376
 - 35s - loss: 15.2004 - val_loss: 15.0513
Epoch 228/8000

Epoch 00228: val_loss did not improve from 14.62376
 - 35s - loss: 14.7587 - val_loss: 15.5741
Epoch 229/8000

Epoch 00229: val_loss did not improve from 14.62376
 - 35s - loss: 15.1407 - val_loss: 18.5840
Epoch 230/8000

Epoch 00230: val_loss did not improve from 14.62376
 - 35s - loss: 16.0399 - val_loss: 17.8149
Epoch 231/8000

Epoch 00231: val_loss did not improve from 14.62376
 - 35s - loss: 15.4688 - val_loss: 15.2253
Epoch 232/8000

Epoch 00232: val_loss did not improve from 14.62376
 - 35s - loss: 15.4681 - val_loss: 15.4411
Epoch 233/8000

Epoch 00233: val_loss did not improve from 14.62376
 - 35s - loss: 15.7952 - val_loss: 15.9446
Epoch 234/8000

Epoch 00234: val_loss did not improve from 14.62376
 - 35s - loss: 16.2097 - val_loss: 17.7101
Epoch 235/8000

Epoch 00235: val_loss did not improve from 14.62376
 - 35s - loss: 16.0218 - val_loss: 15.3018
Epoch 236/8000

Epoch 00236: val_loss did not improve from 14.62376
 - 35s - loss: 15.4143 - val_loss: 15.6642
Epoch 237/8000

Epoch 00237: val_loss did not improve from 14.62376
 - 35s - loss: 15.8696 - val_loss: 16.7033
Epoch 238/8000

Epoch 00238: val_loss did not improve from 14.62376
 - 35s - loss: 15.6578 - val_loss: 19.3195
Epoch 239/8000

Epoch 00239: val_loss did not improve from 14.62376
 - 35s - loss: 18.2089 - val_loss: 21.6327
Epoch 240/8000

Epoch 00240: val_loss did not improve from 14.62376
 - 35s - loss: 32.7667 - val_loss: 24.0273
Epoch 241/8000

Epoch 00241: val_loss did not improve from 14.62376
 - 35s - loss: 22.8950 - val_loss: 22.6180
Epoch 242/8000

Epoch 00242: val_loss did not improve from 14.62376
 - 35s - loss: 21.6270 - val_loss: 21.8036
Epoch 243/8000

Epoch 00243: val_loss did not improve from 14.62376
 - 35s - loss: 20.2220 - val_loss: 20.3545
Epoch 244/8000

Epoch 00244: val_loss did not improve from 14.62376
 - 35s - loss: 19.4175 - val_loss: 19.8740
Epoch 245/8000

Epoch 00245: val_loss did not improve from 14.62376
 - 35s - loss: 18.9713 - val_loss: 19.2268
Epoch 246/8000

Epoch 00246: val_loss did not improve from 14.62376
 - 35s - loss: 19.0525 - val_loss: 20.1153
Epoch 247/8000

Epoch 00247: val_loss did not improve from 14.62376
 - 35s - loss: 19.0540 - val_loss: 18.8837
Epoch 248/8000

Epoch 00248: val_loss did not improve from 14.62376
 - 35s - loss: 18.6192 - val_loss: 19.6539
Epoch 249/8000

Epoch 00249: val_loss did not improve from 14.62376
 - 35s - loss: 18.6243 - val_loss: 18.7621
Epoch 250/8000

Epoch 00250: val_loss did not improve from 14.62376
 - 35s - loss: 18.3633 - val_loss: 19.8664
Epoch 251/8000

Epoch 00251: val_loss did not improve from 14.62376
 - 35s - loss: 18.4711 - val_loss: 19.0261
Epoch 252/8000

Epoch 00252: val_loss did not improve from 14.62376
 - 35s - loss: 18.2581 - val_loss: 18.3880
Epoch 253/8000

Epoch 00253: val_loss did not improve from 14.62376
 - 35s - loss: 17.8486 - val_loss: 18.3607
Epoch 254/8000

Epoch 00254: val_loss did not improve from 14.62376
 - 35s - loss: 17.5070 - val_loss: 18.0702
Epoch 255/8000

Epoch 00255: val_loss did not improve from 14.62376
 - 35s - loss: 17.2175 - val_loss: 17.5907
Epoch 256/8000

Epoch 00256: val_loss did not improve from 14.62376
 - 35s - loss: 17.1743 - val_loss: 17.4950
Epoch 257/8000

Epoch 00257: val_loss did not improve from 14.62376
 - 35s - loss: 17.0123 - val_loss: 17.1337
Epoch 258/8000

Epoch 00258: val_loss did not improve from 14.62376
 - 35s - loss: 17.4265 - val_loss: 17.6298
Epoch 259/8000

Epoch 00259: val_loss did not improve from 14.62376
 - 35s - loss: 16.9405 - val_loss: 17.3920
Epoch 260/8000

Epoch 00260: val_loss did not improve from 14.62376
 - 35s - loss: 17.0412 - val_loss: 17.5707
Epoch 261/8000

Epoch 00261: val_loss did not improve from 14.62376
 - 35s - loss: 17.0022 - val_loss: 18.0104
Epoch 262/8000

Epoch 00262: val_loss did not improve from 14.62376
 - 35s - loss: 16.8531 - val_loss: 17.6044
Epoch 263/8000

Epoch 00263: val_loss did not improve from 14.62376
 - 35s - loss: 16.7123 - val_loss: 17.5872
Epoch 264/8000

Epoch 00264: val_loss did not improve from 14.62376
 - 35s - loss: 16.6780 - val_loss: 19.4487
Epoch 265/8000

Epoch 00265: val_loss did not improve from 14.62376
 - 35s - loss: 16.7681 - val_loss: 17.1552
Epoch 266/8000

Epoch 00266: val_loss did not improve from 14.62376
 - 35s - loss: 17.1181 - val_loss: 17.2154
Epoch 267/8000

Epoch 00267: val_loss did not improve from 14.62376
 - 35s - loss: 16.6245 - val_loss: 17.7270
Epoch 268/8000

Epoch 00268: val_loss did not improve from 14.62376
 - 35s - loss: 16.8548 - val_loss: 16.8819
Epoch 269/8000

Epoch 00269: val_loss did not improve from 14.62376
 - 35s - loss: 16.5849 - val_loss: 16.5234
Epoch 270/8000

Epoch 00270: val_loss did not improve from 14.62376
 - 35s - loss: 16.4024 - val_loss: 16.6373
Epoch 271/8000

Epoch 00271: val_loss did not improve from 14.62376
 - 35s - loss: 16.8688 - val_loss: 17.8319
Epoch 272/8000

Epoch 00272: val_loss did not improve from 14.62376
 - 35s - loss: 17.2221 - val_loss: 17.5942
Epoch 273/8000

Epoch 00273: val_loss did not improve from 14.62376
 - 35s - loss: 16.7062 - val_loss: 18.8078
Epoch 274/8000

Epoch 00274: val_loss did not improve from 14.62376
 - 35s - loss: 16.8385 - val_loss: 18.6337
Epoch 275/8000

Epoch 00275: val_loss did not improve from 14.62376
 - 35s - loss: 17.6776 - val_loss: 17.3100
Epoch 276/8000

Epoch 00276: val_loss did not improve from 14.62376
 - 35s - loss: 16.9851 - val_loss: 17.8739
Epoch 277/8000

Epoch 00277: val_loss did not improve from 14.62376
 - 35s - loss: 17.0890 - val_loss: 18.0836
Epoch 278/8000

Epoch 00278: val_loss did not improve from 14.62376
 - 35s - loss: 16.5553 - val_loss: 17.6496
Epoch 279/8000

Epoch 00279: val_loss did not improve from 14.62376
 - 35s - loss: 16.7879 - val_loss: 16.6053
Epoch 280/8000

Epoch 00280: val_loss did not improve from 14.62376
 - 35s - loss: 17.0900 - val_loss: 16.4493
Epoch 281/8000

Epoch 00281: val_loss did not improve from 14.62376
 - 35s - loss: 16.4156 - val_loss: 17.0492
Epoch 282/8000

Epoch 00282: val_loss did not improve from 14.62376
 - 35s - loss: 16.7588 - val_loss: 16.4969
Epoch 283/8000

Epoch 00283: val_loss did not improve from 14.62376
 - 35s - loss: 16.7055 - val_loss: 17.2475
Epoch 284/8000

Epoch 00284: val_loss did not improve from 14.62376
 - 35s - loss: 16.9021 - val_loss: 18.3058
Epoch 285/8000

Epoch 00285: val_loss did not improve from 14.62376
 - 35s - loss: 16.9094 - val_loss: 17.7321
Epoch 286/8000

Epoch 00286: val_loss did not improve from 14.62376
 - 35s - loss: 16.8732 - val_loss: 17.7098
Epoch 287/8000

Epoch 00287: val_loss did not improve from 14.62376
 - 35s - loss: 17.3786 - val_loss: 17.3572
Epoch 288/8000

Epoch 00288: val_loss did not improve from 14.62376
 - 35s - loss: 16.7819 - val_loss: 17.4742
Epoch 289/8000

Epoch 00289: val_loss did not improve from 14.62376
 - 35s - loss: 16.9320 - val_loss: 16.7301
Epoch 290/8000

Epoch 00290: val_loss did not improve from 14.62376
 - 35s - loss: 17.0423 - val_loss: 16.6299
Epoch 291/8000

Epoch 00291: val_loss did not improve from 14.62376
 - 35s - loss: 16.7611 - val_loss: 18.6396
Epoch 292/8000

Epoch 00292: val_loss did not improve from 14.62376
 - 35s - loss: 16.7944 - val_loss: 18.2317
Epoch 293/8000

Epoch 00293: val_loss did not improve from 14.62376
 - 35s - loss: 17.0280 - val_loss: 17.4981
Epoch 294/8000

Epoch 00294: val_loss did not improve from 14.62376
 - 35s - loss: 16.5810 - val_loss: 17.2582
Epoch 295/8000

Epoch 00295: val_loss did not improve from 14.62376
 - 35s - loss: 17.0439 - val_loss: 18.0996
Epoch 296/8000

Epoch 00296: val_loss did not improve from 14.62376
 - 35s - loss: 16.8821 - val_loss: 17.2900
Epoch 297/8000

Epoch 00297: val_loss did not improve from 14.62376
 - 35s - loss: 16.5739 - val_loss: 17.3251
Epoch 298/8000

Epoch 00298: val_loss did not improve from 14.62376
 - 35s - loss: 16.5425 - val_loss: 16.7124
Epoch 299/8000

Epoch 00299: val_loss did not improve from 14.62376
 - 35s - loss: 17.0685 - val_loss: 17.2224
Epoch 300/8000

Epoch 00300: val_loss did not improve from 14.62376
 - 35s - loss: 16.9472 - val_loss: 17.0464
Epoch 301/8000

Epoch 00301: val_loss did not improve from 14.62376
 - 35s - loss: 16.9565 - val_loss: 18.1270
Epoch 302/8000

Epoch 00302: val_loss did not improve from 14.62376
 - 35s - loss: 17.2958 - val_loss: 18.1603
Epoch 303/8000

Epoch 00303: val_loss did not improve from 14.62376
 - 35s - loss: 16.9617 - val_loss: 16.8384
Epoch 304/8000

Epoch 00304: val_loss did not improve from 14.62376
 - 35s - loss: 16.7208 - val_loss: 17.1908
Epoch 305/8000

Epoch 00305: val_loss did not improve from 14.62376
 - 35s - loss: 16.9194 - val_loss: 18.1784
Epoch 306/8000

Epoch 00306: val_loss did not improve from 14.62376
 - 35s - loss: 16.9111 - val_loss: 16.8264
Epoch 307/8000

Epoch 00307: val_loss did not improve from 14.62376
 - 35s - loss: 16.5824 - val_loss: 17.2128
Epoch 308/8000

Epoch 00308: val_loss did not improve from 14.62376
 - 35s - loss: 16.7206 - val_loss: 17.4587
Epoch 309/8000

Epoch 00309: val_loss did not improve from 14.62376
 - 35s - loss: 16.4819 - val_loss: 16.4682
Epoch 310/8000

Epoch 00310: val_loss did not improve from 14.62376
 - 35s - loss: 16.4935 - val_loss: 17.5415
Epoch 311/8000

Epoch 00311: val_loss did not improve from 14.62376
 - 35s - loss: 16.9904 - val_loss: 18.0936
Epoch 312/8000

Epoch 00312: val_loss did not improve from 14.62376
 - 35s - loss: 17.2100 - val_loss: 17.4244
Epoch 313/8000

Epoch 00313: val_loss did not improve from 14.62376
 - 35s - loss: 16.5499 - val_loss: 17.5017
Epoch 314/8000

Epoch 00314: val_loss did not improve from 14.62376
 - 35s - loss: 16.9409 - val_loss: 17.4408
Epoch 315/8000

Epoch 00315: val_loss did not improve from 14.62376
 - 35s - loss: 16.9006 - val_loss: 16.8351
Epoch 316/8000

Epoch 00316: val_loss did not improve from 14.62376
 - 35s - loss: 17.1842 - val_loss: 17.0551
Epoch 317/8000

Epoch 00317: val_loss did not improve from 14.62376
 - 35s - loss: 16.6694 - val_loss: 17.4934
Epoch 318/8000

Epoch 00318: val_loss did not improve from 14.62376
 - 35s - loss: 16.6125 - val_loss: 18.2590
Epoch 319/8000

Epoch 00319: val_loss did not improve from 14.62376
 - 35s - loss: 16.9842 - val_loss: 18.3234
Epoch 320/8000

Epoch 00320: val_loss did not improve from 14.62376
 - 35s - loss: 18.6757 - val_loss: 17.1098
Epoch 321/8000

Epoch 00321: val_loss did not improve from 14.62376
 - 35s - loss: 17.3886 - val_loss: 18.7895
Epoch 322/8000

Epoch 00322: val_loss did not improve from 14.62376
 - 35s - loss: 17.3989 - val_loss: 17.0588
Epoch 323/8000

Epoch 00323: val_loss did not improve from 14.62376
 - 35s - loss: 17.1850 - val_loss: 17.5525
Epoch 324/8000

Epoch 00324: val_loss did not improve from 14.62376
 - 35s - loss: 16.8911 - val_loss: 16.9651
Epoch 325/8000

Epoch 00325: val_loss did not improve from 14.62376
 - 35s - loss: 16.6576 - val_loss: 16.8349
Epoch 326/8000

Epoch 00326: val_loss did not improve from 14.62376
 - 35s - loss: 17.1366 - val_loss: 16.9799
Epoch 00326: early stopping
