2020-02-03 18:41:11.815989: I tensorflow/core/platform/cpu_feature_guard.cc:141] Your CPU supports instructions that this TensorFlow binary was not compiled to use: SSE4.1 SSE4.2 AVX
2020-02-03 18:41:11.958249: I tensorflow/stream_executor/cuda/cuda_gpu_executor.cc:897] successful NUMA node read from SysFS had negative value (-1), but there must be at least one NUMA node, so returning NUMA node zero
2020-02-03 18:41:11.959442: I tensorflow/core/common_runtime/gpu/gpu_device.cc:1405] Found device 0 with properties: 
name: TITAN Xp major: 6 minor: 1 memoryClockRate(GHz): 1.582
pciBusID: 0000:01:00.0
totalMemory: 11.91GiB freeMemory: 11.73GiB
2020-02-03 18:41:11.959460: I tensorflow/core/common_runtime/gpu/gpu_device.cc:1484] Adding visible gpu devices: 0
2020-02-03 18:41:12.190995: I tensorflow/core/common_runtime/gpu/gpu_device.cc:965] Device interconnect StreamExecutor with strength 1 edge matrix:
2020-02-03 18:41:12.191039: I tensorflow/core/common_runtime/gpu/gpu_device.cc:971]      0 
2020-02-03 18:41:12.191047: I tensorflow/core/common_runtime/gpu/gpu_device.cc:984] 0:   N 
2020-02-03 18:41:12.191314: I tensorflow/core/common_runtime/gpu/gpu_device.cc:1097] Created TensorFlow device (/job:localhost/replica:0/task:0/device:GPU:0 with 11348 MB memory) -> physical GPU (device: 0, name: TITAN Xp, pci bus id: 0000:01:00.0, compute capability: 6.1)
2020-02-03 18:41:12.458717: I tensorflow/core/kernels/cuda_solvers.cc:159] Creating CudaSolver handles for stream 0x55662967f360
Epoch 1/8000

Epoch 00001: val_loss improved from inf to 22.51739, saving model to model_weights/model_2020-02-03_18-41-11.h5
 - 15s - loss: 33.4452 - val_loss: 22.5174
Epoch 2/8000

Epoch 00002: val_loss improved from 22.51739 to 20.42470, saving model to model_weights/model_2020-02-03_18-41-11.h5
 - 12s - loss: 20.7177 - val_loss: 20.4247
Epoch 3/8000

Epoch 00003: val_loss improved from 20.42470 to 20.12826, saving model to model_weights/model_2020-02-03_18-41-11.h5
 - 12s - loss: 20.0877 - val_loss: 20.1283
Epoch 4/8000

Epoch 00004: val_loss improved from 20.12826 to 19.93847, saving model to model_weights/model_2020-02-03_18-41-11.h5
 - 12s - loss: 19.8966 - val_loss: 19.9385
Epoch 5/8000

Epoch 00005: val_loss did not improve from 19.93847
 - 12s - loss: 19.7988 - val_loss: 20.1028
Epoch 6/8000

Epoch 00006: val_loss improved from 19.93847 to 19.61853, saving model to model_weights/model_2020-02-03_18-41-11.h5
 - 12s - loss: 19.6746 - val_loss: 19.6185
Epoch 7/8000

Epoch 00007: val_loss improved from 19.61853 to 17.52671, saving model to model_weights/model_2020-02-03_18-41-11.h5
 - 12s - loss: 18.4409 - val_loss: 17.5267
Epoch 8/8000

Epoch 00008: val_loss improved from 17.52671 to 16.51268, saving model to model_weights/model_2020-02-03_18-41-11.h5
 - 12s - loss: 16.8476 - val_loss: 16.5127
Epoch 9/8000

Epoch 00009: val_loss improved from 16.51268 to 15.72681, saving model to model_weights/model_2020-02-03_18-41-11.h5
 - 12s - loss: 16.0870 - val_loss: 15.7268
Epoch 10/8000

Epoch 00010: val_loss improved from 15.72681 to 15.16814, saving model to model_weights/model_2020-02-03_18-41-11.h5
 - 12s - loss: 15.4866 - val_loss: 15.1681
Epoch 11/8000

Epoch 00011: val_loss improved from 15.16814 to 14.89404, saving model to model_weights/model_2020-02-03_18-41-11.h5
 - 12s - loss: 15.1750 - val_loss: 14.8940
Epoch 12/8000

Epoch 00012: val_loss improved from 14.89404 to 14.78618, saving model to model_weights/model_2020-02-03_18-41-11.h5
 - 12s - loss: 14.7729 - val_loss: 14.7862
Epoch 13/8000

Epoch 00013: val_loss improved from 14.78618 to 14.50809, saving model to model_weights/model_2020-02-03_18-41-11.h5
 - 12s - loss: 14.4550 - val_loss: 14.5081
Epoch 14/8000

Epoch 00014: val_loss improved from 14.50809 to 14.46178, saving model to model_weights/model_2020-02-03_18-41-11.h5
 - 12s - loss: 14.2924 - val_loss: 14.4618
Epoch 15/8000

Epoch 00015: val_loss improved from 14.46178 to 14.19824, saving model to model_weights/model_2020-02-03_18-41-11.h5
 - 12s - loss: 14.1019 - val_loss: 14.1982
Epoch 16/8000

Epoch 00016: val_loss improved from 14.19824 to 14.05826, saving model to model_weights/model_2020-02-03_18-41-11.h5
 - 12s - loss: 14.0151 - val_loss: 14.0583
Epoch 17/8000

Epoch 00017: val_loss improved from 14.05826 to 13.77348, saving model to model_weights/model_2020-02-03_18-41-11.h5
 - 12s - loss: 13.8954 - val_loss: 13.7735
Epoch 18/8000

Epoch 00018: val_loss improved from 13.77348 to 13.69832, saving model to model_weights/model_2020-02-03_18-41-11.h5
 - 12s - loss: 13.7703 - val_loss: 13.6983
Epoch 19/8000

Epoch 00019: val_loss did not improve from 13.69832
 - 12s - loss: 13.7109 - val_loss: 13.9451
Epoch 20/8000

Epoch 00020: val_loss did not improve from 13.69832
 - 12s - loss: 13.6280 - val_loss: 13.8467
Epoch 21/8000

Epoch 00021: val_loss improved from 13.69832 to 13.54398, saving model to model_weights/model_2020-02-03_18-41-11.h5
 - 12s - loss: 13.5710 - val_loss: 13.5440
Epoch 22/8000

Epoch 00022: val_loss improved from 13.54398 to 13.41137, saving model to model_weights/model_2020-02-03_18-41-11.h5
 - 12s - loss: 13.4214 - val_loss: 13.4114
Epoch 23/8000

Epoch 00023: val_loss improved from 13.41137 to 13.33931, saving model to model_weights/model_2020-02-03_18-41-11.h5
 - 12s - loss: 13.2733 - val_loss: 13.3393
Epoch 24/8000

Epoch 00024: val_loss did not improve from 13.33931
 - 12s - loss: 13.1605 - val_loss: 13.4600
Epoch 25/8000

Epoch 00025: val_loss improved from 13.33931 to 13.12024, saving model to model_weights/model_2020-02-03_18-41-11.h5
 - 12s - loss: 13.0912 - val_loss: 13.1202
Epoch 26/8000

Epoch 00026: val_loss improved from 13.12024 to 12.99948, saving model to model_weights/model_2020-02-03_18-41-11.h5
 - 12s - loss: 12.9843 - val_loss: 12.9995
Epoch 27/8000

Epoch 00027: val_loss did not improve from 12.99948
 - 12s - loss: 12.9973 - val_loss: 13.1468
Epoch 28/8000

Epoch 00028: val_loss improved from 12.99948 to 12.90653, saving model to model_weights/model_2020-02-03_18-41-11.h5
 - 12s - loss: 12.9401 - val_loss: 12.9065
Epoch 29/8000

Epoch 00029: val_loss did not improve from 12.90653
 - 12s - loss: 12.8595 - val_loss: 12.9488
Epoch 30/8000

Epoch 00030: val_loss did not improve from 12.90653
 - 12s - loss: 12.8746 - val_loss: 13.8510
Epoch 31/8000

Epoch 00031: val_loss improved from 12.90653 to 12.66868, saving model to model_weights/model_2020-02-03_18-41-11.h5
 - 12s - loss: 12.8485 - val_loss: 12.6687
Epoch 32/8000

Epoch 00032: val_loss did not improve from 12.66868
 - 12s - loss: 12.7861 - val_loss: 12.7040
Epoch 33/8000

Epoch 00033: val_loss did not improve from 12.66868
 - 12s - loss: 12.7692 - val_loss: 12.8593
Epoch 34/8000

Epoch 00034: val_loss improved from 12.66868 to 12.63040, saving model to model_weights/model_2020-02-03_18-41-11.h5
 - 12s - loss: 12.6694 - val_loss: 12.6304
Epoch 35/8000

Epoch 00035: val_loss did not improve from 12.63040
 - 12s - loss: 12.7110 - val_loss: 12.7027
Epoch 36/8000

Epoch 00036: val_loss improved from 12.63040 to 12.48939, saving model to model_weights/model_2020-02-03_18-41-11.h5
 - 12s - loss: 12.7341 - val_loss: 12.4894
Epoch 37/8000

Epoch 00037: val_loss did not improve from 12.48939
 - 12s - loss: 12.6224 - val_loss: 13.1752
Epoch 38/8000

Epoch 00038: val_loss improved from 12.48939 to 12.45826, saving model to model_weights/model_2020-02-03_18-41-11.h5
 - 12s - loss: 12.6632 - val_loss: 12.4583
Epoch 39/8000

Epoch 00039: val_loss improved from 12.45826 to 12.26866, saving model to model_weights/model_2020-02-03_18-41-11.h5
 - 12s - loss: 12.4793 - val_loss: 12.2687
Epoch 40/8000

Epoch 00040: val_loss did not improve from 12.26866
 - 12s - loss: 12.4341 - val_loss: 12.4786
Epoch 41/8000

Epoch 00041: val_loss improved from 12.26866 to 12.25975, saving model to model_weights/model_2020-02-03_18-41-11.h5
 - 12s - loss: 12.4864 - val_loss: 12.2598
Epoch 42/8000

Epoch 00042: val_loss improved from 12.25975 to 12.07990, saving model to model_weights/model_2020-02-03_18-41-11.h5
 - 12s - loss: 12.4412 - val_loss: 12.0799
Epoch 43/8000

Epoch 00043: val_loss did not improve from 12.07990
 - 12s - loss: 12.3520 - val_loss: 12.4684
Epoch 44/8000

Epoch 00044: val_loss did not improve from 12.07990
 - 12s - loss: 12.3272 - val_loss: 12.5665
Epoch 45/8000

Epoch 00045: val_loss did not improve from 12.07990
 - 12s - loss: 12.2547 - val_loss: 12.5769
Epoch 46/8000

Epoch 00046: val_loss did not improve from 12.07990
 - 12s - loss: 12.2309 - val_loss: 12.6998
Epoch 47/8000

Epoch 00047: val_loss did not improve from 12.07990
 - 12s - loss: 12.2317 - val_loss: 12.2213
Epoch 48/8000

Epoch 00048: val_loss did not improve from 12.07990
 - 12s - loss: 12.2438 - val_loss: 12.4162
Epoch 49/8000

Epoch 00049: val_loss did not improve from 12.07990
 - 12s - loss: 12.2349 - val_loss: 12.0917
Epoch 50/8000

Epoch 00050: val_loss did not improve from 12.07990
 - 12s - loss: 12.1714 - val_loss: 12.3468
Epoch 51/8000

Epoch 00051: val_loss did not improve from 12.07990
 - 12s - loss: 12.1220 - val_loss: 12.3666
Epoch 52/8000

Epoch 00052: val_loss did not improve from 12.07990
 - 12s - loss: 12.0622 - val_loss: 12.2363
Epoch 53/8000

Epoch 00053: val_loss did not improve from 12.07990
 - 12s - loss: 12.0960 - val_loss: 12.5059
Epoch 54/8000

Epoch 00054: val_loss did not improve from 12.07990
 - 12s - loss: 12.0911 - val_loss: 12.0952
Epoch 55/8000

Epoch 00055: val_loss improved from 12.07990 to 11.80483, saving model to model_weights/model_2020-02-03_18-41-11.h5
 - 12s - loss: 11.9095 - val_loss: 11.8048
Epoch 56/8000

Epoch 00056: val_loss improved from 11.80483 to 11.66466, saving model to model_weights/model_2020-02-03_18-41-11.h5
 - 12s - loss: 11.8516 - val_loss: 11.6647
Epoch 57/8000

Epoch 00057: val_loss did not improve from 11.66466
 - 12s - loss: 11.7484 - val_loss: 11.9979
Epoch 58/8000

Epoch 00058: val_loss did not improve from 11.66466
 - 12s - loss: 11.7069 - val_loss: 11.7462
Epoch 59/8000

Epoch 00059: val_loss improved from 11.66466 to 11.56278, saving model to model_weights/model_2020-02-03_18-41-11.h5
 - 12s - loss: 11.6952 - val_loss: 11.5628
Epoch 60/8000

Epoch 00060: val_loss improved from 11.56278 to 11.46122, saving model to model_weights/model_2020-02-03_18-41-11.h5
 - 12s - loss: 11.5795 - val_loss: 11.4612
Epoch 61/8000

Epoch 00061: val_loss improved from 11.46122 to 11.41567, saving model to model_weights/model_2020-02-03_18-41-11.h5
 - 12s - loss: 11.5309 - val_loss: 11.4157
Epoch 62/8000

Epoch 00062: val_loss improved from 11.41567 to 11.29415, saving model to model_weights/model_2020-02-03_18-41-11.h5
 - 12s - loss: 11.4482 - val_loss: 11.2941
Epoch 63/8000

Epoch 00063: val_loss did not improve from 11.29415
 - 12s - loss: 11.5194 - val_loss: 11.3279
Epoch 64/8000

Epoch 00064: val_loss did not improve from 11.29415
 - 12s - loss: 11.3897 - val_loss: 11.4758
Epoch 65/8000

Epoch 00065: val_loss improved from 11.29415 to 11.26583, saving model to model_weights/model_2020-02-03_18-41-11.h5
 - 12s - loss: 11.3561 - val_loss: 11.2658
Epoch 66/8000

Epoch 00066: val_loss improved from 11.26583 to 11.02322, saving model to model_weights/model_2020-02-03_18-41-11.h5
 - 12s - loss: 11.2806 - val_loss: 11.0232
Epoch 67/8000

Epoch 00067: val_loss did not improve from 11.02322
 - 12s - loss: 11.2289 - val_loss: 11.2774
Epoch 68/8000

Epoch 00068: val_loss did not improve from 11.02322
 - 12s - loss: 11.1711 - val_loss: 11.2444
Epoch 69/8000

Epoch 00069: val_loss did not improve from 11.02322
 - 12s - loss: 11.0970 - val_loss: 11.2625
Epoch 70/8000

Epoch 00070: val_loss did not improve from 11.02322
 - 12s - loss: 11.0826 - val_loss: 11.3223
Epoch 71/8000

Epoch 00071: val_loss did not improve from 11.02322
 - 12s - loss: 10.9746 - val_loss: 11.4228
Epoch 72/8000

Epoch 00072: val_loss improved from 11.02322 to 10.90457, saving model to model_weights/model_2020-02-03_18-41-11.h5
 - 12s - loss: 11.0344 - val_loss: 10.9046
Epoch 73/8000

Epoch 00073: val_loss did not improve from 10.90457
 - 12s - loss: 10.9470 - val_loss: 11.1730
Epoch 74/8000

Epoch 00074: val_loss improved from 10.90457 to 10.87120, saving model to model_weights/model_2020-02-03_18-41-11.h5
 - 12s - loss: 10.8465 - val_loss: 10.8712
Epoch 75/8000

Epoch 00075: val_loss improved from 10.87120 to 10.80789, saving model to model_weights/model_2020-02-03_18-41-11.h5
 - 12s - loss: 10.7900 - val_loss: 10.8079
Epoch 76/8000

Epoch 00076: val_loss did not improve from 10.80789
 - 12s - loss: 10.8183 - val_loss: 10.9615
Epoch 77/8000

Epoch 00077: val_loss did not improve from 10.80789
 - 12s - loss: 10.7574 - val_loss: 10.8134
Epoch 78/8000

Epoch 00078: val_loss did not improve from 10.80789
 - 12s - loss: 10.7131 - val_loss: 11.1810
Epoch 79/8000

Epoch 00079: val_loss improved from 10.80789 to 10.76437, saving model to model_weights/model_2020-02-03_18-41-11.h5
 - 12s - loss: 10.7474 - val_loss: 10.7644
Epoch 80/8000

Epoch 00080: val_loss improved from 10.76437 to 10.64739, saving model to model_weights/model_2020-02-03_18-41-11.h5
 - 12s - loss: 10.6568 - val_loss: 10.6474
Epoch 81/8000

Epoch 00081: val_loss did not improve from 10.64739
 - 12s - loss: 10.6166 - val_loss: 10.8594
Epoch 82/8000

Epoch 00082: val_loss improved from 10.64739 to 10.32669, saving model to model_weights/model_2020-02-03_18-41-11.h5
 - 12s - loss: 10.5745 - val_loss: 10.3267
Epoch 83/8000

Epoch 00083: val_loss did not improve from 10.32669
 - 12s - loss: 10.4891 - val_loss: 10.6093
Epoch 84/8000

Epoch 00084: val_loss improved from 10.32669 to 10.14226, saving model to model_weights/model_2020-02-03_18-41-11.h5
 - 12s - loss: 10.4523 - val_loss: 10.1423
Epoch 85/8000

Epoch 00085: val_loss did not improve from 10.14226
 - 12s - loss: 10.4151 - val_loss: 10.7874
Epoch 86/8000

Epoch 00086: val_loss improved from 10.14226 to 10.09359, saving model to model_weights/model_2020-02-03_18-41-11.h5
 - 12s - loss: 10.4270 - val_loss: 10.0936
Epoch 87/8000

Epoch 00087: val_loss did not improve from 10.09359
 - 12s - loss: 10.3754 - val_loss: 10.4354
Epoch 88/8000

Epoch 00088: val_loss did not improve from 10.09359
 - 12s - loss: 10.3354 - val_loss: 10.3666
Epoch 89/8000

Epoch 00089: val_loss did not improve from 10.09359
 - 12s - loss: 10.3548 - val_loss: 10.5459
Epoch 90/8000

Epoch 00090: val_loss improved from 10.09359 to 10.09338, saving model to model_weights/model_2020-02-03_18-41-11.h5
 - 12s - loss: 10.3187 - val_loss: 10.0934
Epoch 91/8000

Epoch 00091: val_loss did not improve from 10.09338
 - 12s - loss: 10.2896 - val_loss: 10.1551
Epoch 92/8000

Epoch 00092: val_loss did not improve from 10.09338
 - 12s - loss: 10.2859 - val_loss: 10.5060
Epoch 93/8000

Epoch 00093: val_loss did not improve from 10.09338
 - 12s - loss: 10.2651 - val_loss: 10.2964
Epoch 94/8000

Epoch 00094: val_loss improved from 10.09338 to 10.08235, saving model to model_weights/model_2020-02-03_18-41-11.h5
 - 12s - loss: 10.2665 - val_loss: 10.0823
Epoch 95/8000

Epoch 00095: val_loss did not improve from 10.08235
 - 12s - loss: 10.2340 - val_loss: 10.6174
Epoch 96/8000

Epoch 00096: val_loss did not improve from 10.08235
 - 12s - loss: 10.2884 - val_loss: 10.2819
Epoch 97/8000

Epoch 00097: val_loss did not improve from 10.08235
 - 12s - loss: 10.2305 - val_loss: 10.1069
Epoch 98/8000

Epoch 00098: val_loss improved from 10.08235 to 9.99761, saving model to model_weights/model_2020-02-03_18-41-11.h5
 - 12s - loss: 10.1380 - val_loss: 9.9976
Epoch 99/8000

Epoch 00099: val_loss did not improve from 9.99761
 - 12s - loss: 10.2004 - val_loss: 10.0954
Epoch 100/8000

Epoch 00100: val_loss did not improve from 9.99761
 - 12s - loss: 10.1611 - val_loss: 10.1654
Epoch 101/8000

Epoch 00101: val_loss did not improve from 9.99761
 - 12s - loss: 10.1694 - val_loss: 10.2491
Epoch 102/8000

Epoch 00102: val_loss did not improve from 9.99761
 - 12s - loss: 10.0790 - val_loss: 10.4234
Epoch 103/8000

Epoch 00103: val_loss did not improve from 9.99761
 - 12s - loss: 10.0295 - val_loss: 10.1336
Epoch 104/8000

Epoch 00104: val_loss did not improve from 9.99761
 - 12s - loss: 10.1551 - val_loss: 9.9989
Epoch 105/8000

Epoch 00105: val_loss did not improve from 9.99761
 - 12s - loss: 10.0521 - val_loss: 10.3123
Epoch 106/8000

Epoch 00106: val_loss did not improve from 9.99761
 - 12s - loss: 10.0647 - val_loss: 10.1004
Epoch 107/8000

Epoch 00107: val_loss improved from 9.99761 to 9.93521, saving model to model_weights/model_2020-02-03_18-41-11.h5
 - 12s - loss: 10.1391 - val_loss: 9.9352
Epoch 108/8000

Epoch 00108: val_loss improved from 9.93521 to 9.84282, saving model to model_weights/model_2020-02-03_18-41-11.h5
 - 12s - loss: 10.0754 - val_loss: 9.8428
Epoch 109/8000

Epoch 00109: val_loss improved from 9.84282 to 9.78302, saving model to model_weights/model_2020-02-03_18-41-11.h5
 - 12s - loss: 9.9328 - val_loss: 9.7830
Epoch 110/8000

Epoch 00110: val_loss did not improve from 9.78302
 - 12s - loss: 9.9670 - val_loss: 9.9512
Epoch 111/8000

Epoch 00111: val_loss did not improve from 9.78302
 - 12s - loss: 9.9148 - val_loss: 9.9227
Epoch 112/8000

Epoch 00112: val_loss did not improve from 9.78302
 - 12s - loss: 9.9140 - val_loss: 10.1099
Epoch 113/8000

Epoch 00113: val_loss improved from 9.78302 to 9.66907, saving model to model_weights/model_2020-02-03_18-41-11.h5
 - 12s - loss: 9.8279 - val_loss: 9.6691
Epoch 114/8000

Epoch 00114: val_loss did not improve from 9.66907
 - 12s - loss: 9.8241 - val_loss: 9.9938
Epoch 115/8000

Epoch 00115: val_loss did not improve from 9.66907
 - 12s - loss: 9.9249 - val_loss: 9.7573
Epoch 116/8000

Epoch 00116: val_loss did not improve from 9.66907
 - 12s - loss: 9.8300 - val_loss: 9.6892
Epoch 117/8000

Epoch 00117: val_loss did not improve from 9.66907
 - 12s - loss: 9.8353 - val_loss: 10.2032
Epoch 118/8000

Epoch 00118: val_loss did not improve from 9.66907
 - 12s - loss: 9.7752 - val_loss: 9.7708
Epoch 119/8000

Epoch 00119: val_loss improved from 9.66907 to 9.63758, saving model to model_weights/model_2020-02-03_18-41-11.h5
 - 12s - loss: 9.7391 - val_loss: 9.6376
Epoch 120/8000

Epoch 00120: val_loss improved from 9.63758 to 9.61499, saving model to model_weights/model_2020-02-03_18-41-11.h5
 - 12s - loss: 9.7591 - val_loss: 9.6150
Epoch 121/8000

Epoch 00121: val_loss did not improve from 9.61499
 - 12s - loss: 9.8561 - val_loss: 10.0012
Epoch 122/8000

Epoch 00122: val_loss did not improve from 9.61499
 - 12s - loss: 9.8486 - val_loss: 9.7358
Epoch 123/8000

Epoch 00123: val_loss improved from 9.61499 to 9.60206, saving model to model_weights/model_2020-02-03_18-41-11.h5
 - 12s - loss: 9.7915 - val_loss: 9.6021
Epoch 124/8000

Epoch 00124: val_loss improved from 9.60206 to 9.49444, saving model to model_weights/model_2020-02-03_18-41-11.h5
 - 12s - loss: 9.7692 - val_loss: 9.4944
Epoch 125/8000

Epoch 00125: val_loss did not improve from 9.49444
 - 12s - loss: 9.7849 - val_loss: 9.7909
Epoch 126/8000

Epoch 00126: val_loss did not improve from 9.49444
 - 12s - loss: 9.7852 - val_loss: 9.5783
Epoch 127/8000

Epoch 00127: val_loss did not improve from 9.49444
 - 12s - loss: 9.8237 - val_loss: 9.8359
Epoch 128/8000

Epoch 00128: val_loss did not improve from 9.49444
 - 12s - loss: 9.7054 - val_loss: 9.8258
Epoch 129/8000

Epoch 00129: val_loss did not improve from 9.49444
 - 12s - loss: 9.7122 - val_loss: 9.5589
Epoch 130/8000

Epoch 00130: val_loss did not improve from 9.49444
 - 12s - loss: 9.7555 - val_loss: 9.9125
Epoch 131/8000

Epoch 00131: val_loss did not improve from 9.49444
 - 12s - loss: 9.7208 - val_loss: 9.7425
Epoch 132/8000

Epoch 00132: val_loss did not improve from 9.49444
 - 12s - loss: 9.7260 - val_loss: 9.8011
Epoch 133/8000

Epoch 00133: val_loss did not improve from 9.49444
 - 12s - loss: 9.7123 - val_loss: 9.8498
Epoch 134/8000

Epoch 00134: val_loss did not improve from 9.49444
 - 12s - loss: 9.6862 - val_loss: 9.6713
Epoch 135/8000

Epoch 00135: val_loss did not improve from 9.49444
 - 12s - loss: 9.7305 - val_loss: 9.7829
Epoch 136/8000

Epoch 00136: val_loss did not improve from 9.49444
 - 12s - loss: 9.7232 - val_loss: 9.6230
Epoch 137/8000

Epoch 00137: val_loss improved from 9.49444 to 9.46329, saving model to model_weights/model_2020-02-03_18-41-11.h5
 - 12s - loss: 9.7701 - val_loss: 9.4633
Epoch 138/8000

Epoch 00138: val_loss did not improve from 9.46329
 - 12s - loss: 9.7342 - val_loss: 9.4745
Epoch 139/8000

Epoch 00139: val_loss did not improve from 9.46329
 - 12s - loss: 9.7685 - val_loss: 9.6387
Epoch 140/8000

Epoch 00140: val_loss did not improve from 9.46329
 - 12s - loss: 9.7233 - val_loss: 9.7960
Epoch 141/8000

Epoch 00141: val_loss did not improve from 9.46329
 - 12s - loss: 9.7251 - val_loss: 9.7186
Epoch 142/8000

Epoch 00142: val_loss improved from 9.46329 to 9.40150, saving model to model_weights/model_2020-02-03_18-41-11.h5
 - 12s - loss: 9.6700 - val_loss: 9.4015
Epoch 143/8000

Epoch 00143: val_loss did not improve from 9.40150
 - 12s - loss: 9.7662 - val_loss: 9.5968
Epoch 144/8000

Epoch 00144: val_loss did not improve from 9.40150
 - 12s - loss: 9.6330 - val_loss: 9.8723
Epoch 145/8000

Epoch 00145: val_loss did not improve from 9.40150
 - 12s - loss: 9.5877 - val_loss: 9.5289
Epoch 146/8000

Epoch 00146: val_loss did not improve from 9.40150
 - 12s - loss: 9.6219 - val_loss: 9.6305
Epoch 147/8000

Epoch 00147: val_loss improved from 9.40150 to 9.32669, saving model to model_weights/model_2020-02-03_18-41-11.h5
 - 12s - loss: 9.5755 - val_loss: 9.3267
Epoch 148/8000

Epoch 00148: val_loss did not improve from 9.32669
 - 12s - loss: 9.5679 - val_loss: 9.3925
Epoch 149/8000

Epoch 00149: val_loss did not improve from 9.32669
 - 12s - loss: 9.5102 - val_loss: 9.4455
Epoch 150/8000

Epoch 00150: val_loss did not improve from 9.32669
 - 12s - loss: 9.4894 - val_loss: 9.9653
Epoch 151/8000

Epoch 00151: val_loss did not improve from 9.32669
 - 12s - loss: 9.5625 - val_loss: 10.0032
Epoch 152/8000

Epoch 00152: val_loss did not improve from 9.32669
 - 12s - loss: 9.5759 - val_loss: 9.4145
Epoch 153/8000

Epoch 00153: val_loss did not improve from 9.32669
 - 12s - loss: 9.4927 - val_loss: 9.4015
Epoch 154/8000

Epoch 00154: val_loss improved from 9.32669 to 9.17483, saving model to model_weights/model_2020-02-03_18-41-11.h5
 - 12s - loss: 9.5266 - val_loss: 9.1748
Epoch 155/8000

Epoch 00155: val_loss did not improve from 9.17483
 - 12s - loss: 9.5119 - val_loss: 9.4662
Epoch 156/8000

Epoch 00156: val_loss did not improve from 9.17483
 - 12s - loss: 9.5364 - val_loss: 9.4452
Epoch 157/8000

Epoch 00157: val_loss did not improve from 9.17483
 - 12s - loss: 9.5408 - val_loss: 9.4730
Epoch 158/8000

Epoch 00158: val_loss did not improve from 9.17483
 - 12s - loss: 9.6025 - val_loss: 9.5067
Epoch 159/8000

Epoch 00159: val_loss did not improve from 9.17483
 - 12s - loss: 9.4917 - val_loss: 9.4801
Epoch 160/8000

Epoch 00160: val_loss did not improve from 9.17483
 - 12s - loss: 9.5341 - val_loss: 9.4471
Epoch 161/8000

Epoch 00161: val_loss did not improve from 9.17483
 - 12s - loss: 9.4775 - val_loss: 9.8566
Epoch 162/8000

Epoch 00162: val_loss did not improve from 9.17483
 - 12s - loss: 9.4879 - val_loss: 9.7732
Epoch 163/8000

Epoch 00163: val_loss did not improve from 9.17483
 - 12s - loss: 9.5148 - val_loss: 9.7307
Epoch 164/8000

Epoch 00164: val_loss improved from 9.17483 to 9.01070, saving model to model_weights/model_2020-02-03_18-41-11.h5
 - 12s - loss: 9.4751 - val_loss: 9.0107
Epoch 165/8000

Epoch 00165: val_loss did not improve from 9.01070
 - 12s - loss: 9.4781 - val_loss: 9.4737
Epoch 166/8000

Epoch 00166: val_loss did not improve from 9.01070
 - 12s - loss: 9.4221 - val_loss: 9.1597
Epoch 167/8000

Epoch 00167: val_loss did not improve from 9.01070
 - 12s - loss: 9.5521 - val_loss: 9.8771
Epoch 168/8000

Epoch 00168: val_loss did not improve from 9.01070
 - 12s - loss: 9.3857 - val_loss: 9.6039
Epoch 169/8000

Epoch 00169: val_loss did not improve from 9.01070
 - 12s - loss: 9.4177 - val_loss: 9.7536
Epoch 170/8000

Epoch 00170: val_loss did not improve from 9.01070
 - 12s - loss: 9.4839 - val_loss: 9.2649
Epoch 171/8000

Epoch 00171: val_loss did not improve from 9.01070
 - 12s - loss: 9.4898 - val_loss: 9.7006
Epoch 172/8000

Epoch 00172: val_loss did not improve from 9.01070
 - 12s - loss: 9.5578 - val_loss: 9.4890
Epoch 173/8000

Epoch 00173: val_loss did not improve from 9.01070
 - 12s - loss: 9.5338 - val_loss: 10.1009
Epoch 174/8000

Epoch 00174: val_loss did not improve from 9.01070
 - 12s - loss: 9.5534 - val_loss: 9.5014
Epoch 175/8000

Epoch 00175: val_loss did not improve from 9.01070
 - 12s - loss: 9.5884 - val_loss: 9.4447
Epoch 176/8000

Epoch 00176: val_loss did not improve from 9.01070
 - 12s - loss: 9.4617 - val_loss: 9.6496
Epoch 177/8000

Epoch 00177: val_loss did not improve from 9.01070
 - 12s - loss: 9.4763 - val_loss: 9.2308
Epoch 178/8000

Epoch 00178: val_loss did not improve from 9.01070
 - 12s - loss: 9.5876 - val_loss: 9.5909
Epoch 179/8000

Epoch 00179: val_loss did not improve from 9.01070
 - 12s - loss: 9.6589 - val_loss: 9.4840
Epoch 180/8000

Epoch 00180: val_loss did not improve from 9.01070
 - 12s - loss: 9.5475 - val_loss: 9.8112
Epoch 181/8000

Epoch 00181: val_loss did not improve from 9.01070
 - 12s - loss: 9.6733 - val_loss: 10.0440
Epoch 182/8000

Epoch 00182: val_loss did not improve from 9.01070
 - 12s - loss: 9.7313 - val_loss: 9.4629
Epoch 183/8000

Epoch 00183: val_loss did not improve from 9.01070
 - 12s - loss: 9.7149 - val_loss: 9.3363
Epoch 184/8000

Epoch 00184: val_loss did not improve from 9.01070
 - 12s - loss: 9.6803 - val_loss: 9.5746
Epoch 185/8000

Epoch 00185: val_loss did not improve from 9.01070
 - 12s - loss: 9.6486 - val_loss: 9.2641
Epoch 186/8000

Epoch 00186: val_loss did not improve from 9.01070
 - 12s - loss: 9.7680 - val_loss: 10.1410
Epoch 187/8000

Epoch 00187: val_loss did not improve from 9.01070
 - 12s - loss: 9.6946 - val_loss: 10.2490
Epoch 188/8000

Epoch 00188: val_loss did not improve from 9.01070
 - 12s - loss: 9.7186 - val_loss: 10.0441
Epoch 189/8000

Epoch 00189: val_loss did not improve from 9.01070
 - 12s - loss: 9.6858 - val_loss: 10.2828
Epoch 190/8000

Epoch 00190: val_loss did not improve from 9.01070
 - 12s - loss: 9.5677 - val_loss: 9.7290
Epoch 191/8000

Epoch 00191: val_loss did not improve from 9.01070
 - 12s - loss: 9.5415 - val_loss: 9.7639
Epoch 192/8000

Epoch 00192: val_loss did not improve from 9.01070
 - 12s - loss: 9.6060 - val_loss: 9.4430
Epoch 193/8000

Epoch 00193: val_loss did not improve from 9.01070
 - 12s - loss: 9.5984 - val_loss: 9.6928
Epoch 194/8000

Epoch 00194: val_loss did not improve from 9.01070
 - 12s - loss: 9.4956 - val_loss: 9.6398
Epoch 195/8000

Epoch 00195: val_loss did not improve from 9.01070
 - 12s - loss: 9.7098 - val_loss: 9.8969
Epoch 196/8000

Epoch 00196: val_loss did not improve from 9.01070
 - 12s - loss: 9.5948 - val_loss: 10.2944
Epoch 197/8000

Epoch 00197: val_loss did not improve from 9.01070
 - 12s - loss: 9.6792 - val_loss: 9.7387
Epoch 198/8000

Epoch 00198: val_loss did not improve from 9.01070
 - 12s - loss: 9.5851 - val_loss: 9.7729
Epoch 199/8000

Epoch 00199: val_loss did not improve from 9.01070
 - 12s - loss: 9.6427 - val_loss: 10.0887
Epoch 200/8000

Epoch 00200: val_loss did not improve from 9.01070
 - 12s - loss: 9.7183 - val_loss: 9.3747
Epoch 201/8000

Epoch 00201: val_loss did not improve from 9.01070
 - 12s - loss: 9.7550 - val_loss: 10.0161
Epoch 202/8000

Epoch 00202: val_loss did not improve from 9.01070
 - 12s - loss: 9.6997 - val_loss: 9.5971
Epoch 203/8000

Epoch 00203: val_loss did not improve from 9.01070
 - 12s - loss: 9.6747 - val_loss: 9.4381
Epoch 204/8000

Epoch 00204: val_loss did not improve from 9.01070
 - 12s - loss: 9.6629 - val_loss: 9.5969
Epoch 205/8000

Epoch 00205: val_loss did not improve from 9.01070
 - 12s - loss: 9.5322 - val_loss: 9.7020
Epoch 206/8000

Epoch 00206: val_loss did not improve from 9.01070
 - 12s - loss: 9.7558 - val_loss: 9.6374
Epoch 207/8000

Epoch 00207: val_loss did not improve from 9.01070
 - 12s - loss: 9.7069 - val_loss: 9.5142
Epoch 208/8000

Epoch 00208: val_loss did not improve from 9.01070
 - 12s - loss: 9.6748 - val_loss: 9.8680
Epoch 209/8000

Epoch 00209: val_loss did not improve from 9.01070
 - 12s - loss: 9.6565 - val_loss: 9.6680
Epoch 210/8000

Epoch 00210: val_loss did not improve from 9.01070
 - 12s - loss: 9.6468 - val_loss: 9.4872
Epoch 211/8000

Epoch 00211: val_loss did not improve from 9.01070
 - 12s - loss: 9.6259 - val_loss: 9.2909
Epoch 212/8000

Epoch 00212: val_loss did not improve from 9.01070
 - 12s - loss: 9.5801 - val_loss: 9.3284
Epoch 213/8000

Epoch 00213: val_loss did not improve from 9.01070
 - 12s - loss: 9.5844 - val_loss: 9.6062
Epoch 214/8000

Epoch 00214: val_loss did not improve from 9.01070
 - 12s - loss: 9.6886 - val_loss: 9.6881
Epoch 215/8000

Epoch 00215: val_loss did not improve from 9.01070
 - 12s - loss: 9.8501 - val_loss: 9.6901
Epoch 216/8000

Epoch 00216: val_loss did not improve from 9.01070
 - 12s - loss: 9.7231 - val_loss: 9.6889
Epoch 217/8000

Epoch 00217: val_loss did not improve from 9.01070
 - 12s - loss: 9.6939 - val_loss: 9.4467
Epoch 218/8000

Epoch 00218: val_loss did not improve from 9.01070
 - 12s - loss: 9.6616 - val_loss: 9.6654
Epoch 219/8000

Epoch 00219: val_loss did not improve from 9.01070
 - 12s - loss: 9.6239 - val_loss: 10.0069
Epoch 220/8000

Epoch 00220: val_loss did not improve from 9.01070
 - 12s - loss: 9.6778 - val_loss: 9.9443
Epoch 221/8000

Epoch 00221: val_loss did not improve from 9.01070
 - 12s - loss: 9.6120 - val_loss: 9.4488
Epoch 222/8000

Epoch 00222: val_loss did not improve from 9.01070
 - 12s - loss: 9.8605 - val_loss: 9.7330
Epoch 223/8000

Epoch 00223: val_loss did not improve from 9.01070
 - 12s - loss: 9.6481 - val_loss: 9.2380
Epoch 224/8000

Epoch 00224: val_loss did not improve from 9.01070
 - 12s - loss: 9.7285 - val_loss: 9.8477
Epoch 225/8000

Epoch 00225: val_loss did not improve from 9.01070
 - 12s - loss: 9.8280 - val_loss: 9.5490
Epoch 226/8000

Epoch 00226: val_loss did not improve from 9.01070
 - 12s - loss: 9.6602 - val_loss: 9.5090
Epoch 227/8000

Epoch 00227: val_loss did not improve from 9.01070
 - 12s - loss: 9.6554 - val_loss: 9.3299
Epoch 228/8000

Epoch 00228: val_loss did not improve from 9.01070
 - 12s - loss: 9.6872 - val_loss: 9.5786
Epoch 229/8000

Epoch 00229: val_loss did not improve from 9.01070
 - 12s - loss: 9.8146 - val_loss: 9.7408
Epoch 230/8000

Epoch 00230: val_loss did not improve from 9.01070
 - 12s - loss: 9.7161 - val_loss: 9.7111
Epoch 231/8000

Epoch 00231: val_loss did not improve from 9.01070
 - 12s - loss: 9.7920 - val_loss: 9.3878
Epoch 232/8000

Epoch 00232: val_loss did not improve from 9.01070
 - 12s - loss: 9.6084 - val_loss: 9.3389
Epoch 233/8000

Epoch 00233: val_loss did not improve from 9.01070
 - 12s - loss: 9.6641 - val_loss: 9.6837
Epoch 234/8000

Epoch 00234: val_loss did not improve from 9.01070
 - 12s - loss: 9.6416 - val_loss: 9.2566
Epoch 235/8000

Epoch 00235: val_loss did not improve from 9.01070
 - 12s - loss: 9.6645 - val_loss: 9.6949
Epoch 236/8000

Epoch 00236: val_loss did not improve from 9.01070
 - 12s - loss: 9.6539 - val_loss: 9.1903
Epoch 237/8000

Epoch 00237: val_loss did not improve from 9.01070
 - 12s - loss: 9.5813 - val_loss: 10.0406
Epoch 238/8000

Epoch 00238: val_loss did not improve from 9.01070
 - 12s - loss: 9.6431 - val_loss: 9.6360
Epoch 239/8000

Epoch 00239: val_loss did not improve from 9.01070
 - 12s - loss: 9.5150 - val_loss: 9.3962
Epoch 240/8000

Epoch 00240: val_loss did not improve from 9.01070
 - 12s - loss: 9.5085 - val_loss: 10.1446
Epoch 241/8000

Epoch 00241: val_loss did not improve from 9.01070
 - 12s - loss: 9.4753 - val_loss: 9.3141
Epoch 242/8000

Epoch 00242: val_loss did not improve from 9.01070
 - 12s - loss: 9.5184 - val_loss: 10.8604
Epoch 243/8000

Epoch 00243: val_loss did not improve from 9.01070
 - 12s - loss: 9.4490 - val_loss: 9.8529
Epoch 244/8000

Epoch 00244: val_loss improved from 9.01070 to 9.00782, saving model to model_weights/model_2020-02-03_18-41-11.h5
 - 12s - loss: 9.4828 - val_loss: 9.0078
Epoch 245/8000

Epoch 00245: val_loss did not improve from 9.00782
 - 12s - loss: 9.5741 - val_loss: 9.2405
Epoch 246/8000

Epoch 00246: val_loss did not improve from 9.00782
 - 12s - loss: 9.3941 - val_loss: 9.3934
Epoch 247/8000

Epoch 00247: val_loss did not improve from 9.00782
 - 12s - loss: 9.4798 - val_loss: 9.0212
Epoch 248/8000

Epoch 00248: val_loss did not improve from 9.00782
 - 12s - loss: 9.5318 - val_loss: 10.3705
Epoch 249/8000

Epoch 00249: val_loss did not improve from 9.00782
 - 12s - loss: 9.5959 - val_loss: 9.2391
Epoch 250/8000

Epoch 00250: val_loss did not improve from 9.00782
 - 12s - loss: 9.4865 - val_loss: 9.9336
Epoch 251/8000

Epoch 00251: val_loss did not improve from 9.00782
 - 12s - loss: 9.4309 - val_loss: 9.4457
Epoch 252/8000

Epoch 00252: val_loss did not improve from 9.00782
 - 12s - loss: 9.3962 - val_loss: 9.7951
Epoch 253/8000

Epoch 00253: val_loss did not improve from 9.00782
 - 12s - loss: 9.4258 - val_loss: 9.6302
Epoch 254/8000

Epoch 00254: val_loss did not improve from 9.00782
 - 12s - loss: 9.4069 - val_loss: 9.1933
Epoch 255/8000

Epoch 00255: val_loss improved from 9.00782 to 8.96875, saving model to model_weights/model_2020-02-03_18-41-11.h5
 - 12s - loss: 9.3091 - val_loss: 8.9687
Epoch 256/8000

Epoch 00256: val_loss did not improve from 8.96875
 - 12s - loss: 9.4500 - val_loss: 9.5298
Epoch 257/8000

Epoch 00257: val_loss did not improve from 8.96875
 - 12s - loss: 9.5185 - val_loss: 9.5792
Epoch 258/8000

Epoch 00258: val_loss did not improve from 8.96875
 - 12s - loss: 9.5487 - val_loss: 9.1130
Epoch 259/8000

Epoch 00259: val_loss did not improve from 8.96875
 - 12s - loss: 9.4754 - val_loss: 9.7801
Epoch 260/8000

Epoch 00260: val_loss did not improve from 8.96875
 - 12s - loss: 9.6391 - val_loss: 9.5182
Epoch 261/8000

Epoch 00261: val_loss did not improve from 8.96875
 - 12s - loss: 9.7502 - val_loss: 9.4191
Epoch 262/8000

Epoch 00262: val_loss did not improve from 8.96875
 - 12s - loss: 9.7240 - val_loss: 10.3538
Epoch 263/8000

Epoch 00263: val_loss did not improve from 8.96875
 - 12s - loss: 9.7396 - val_loss: 9.2922
Epoch 264/8000

Epoch 00264: val_loss did not improve from 8.96875
 - 12s - loss: 9.5770 - val_loss: 9.6956
Epoch 265/8000

Epoch 00265: val_loss did not improve from 8.96875
 - 12s - loss: 9.5949 - val_loss: 9.4163
Epoch 266/8000

Epoch 00266: val_loss did not improve from 8.96875
 - 12s - loss: 9.6639 - val_loss: 9.6935
Epoch 267/8000

Epoch 00267: val_loss did not improve from 8.96875
 - 12s - loss: 9.5688 - val_loss: 9.2986
Epoch 268/8000

Epoch 00268: val_loss did not improve from 8.96875
 - 12s - loss: 9.5440 - val_loss: 10.2545
Epoch 269/8000

Epoch 00269: val_loss did not improve from 8.96875
 - 12s - loss: 9.6240 - val_loss: 10.2171
Epoch 270/8000

Epoch 00270: val_loss did not improve from 8.96875
 - 12s - loss: 9.4644 - val_loss: 9.3918
Epoch 271/8000

Epoch 00271: val_loss did not improve from 8.96875
 - 12s - loss: 9.3515 - val_loss: 9.0932
Epoch 272/8000

Epoch 00272: val_loss did not improve from 8.96875
 - 12s - loss: 9.3591 - val_loss: 9.5289
Epoch 273/8000

Epoch 00273: val_loss did not improve from 8.96875
 - 12s - loss: 9.4177 - val_loss: 9.3075
Epoch 274/8000

Epoch 00274: val_loss did not improve from 8.96875
 - 12s - loss: 9.4356 - val_loss: 9.6267
Epoch 275/8000

Epoch 00275: val_loss did not improve from 8.96875
 - 12s - loss: 9.4287 - val_loss: 10.0797
Epoch 276/8000

Epoch 00276: val_loss did not improve from 8.96875
 - 12s - loss: 9.4819 - val_loss: 9.2587
Epoch 277/8000

Epoch 00277: val_loss did not improve from 8.96875
 - 12s - loss: 9.4687 - val_loss: 9.6573
Epoch 278/8000

Epoch 00278: val_loss did not improve from 8.96875
 - 12s - loss: 9.4361 - val_loss: 9.2317
Epoch 279/8000

Epoch 00279: val_loss did not improve from 8.96875
 - 12s - loss: 9.4053 - val_loss: 9.3223
Epoch 280/8000

Epoch 00280: val_loss did not improve from 8.96875
 - 12s - loss: 9.4200 - val_loss: 9.2821
Epoch 281/8000

Epoch 00281: val_loss did not improve from 8.96875
 - 12s - loss: 9.5225 - val_loss: 9.5354
Epoch 282/8000

Epoch 00282: val_loss did not improve from 8.96875
 - 12s - loss: 9.4155 - val_loss: 11.0509
Epoch 283/8000

Epoch 00283: val_loss did not improve from 8.96875
 - 12s - loss: 9.5265 - val_loss: 9.3357
Epoch 284/8000

Epoch 00284: val_loss did not improve from 8.96875
 - 12s - loss: 9.5457 - val_loss: 10.0651
Epoch 285/8000

Epoch 00285: val_loss did not improve from 8.96875
 - 12s - loss: 9.7176 - val_loss: 9.5735
Epoch 286/8000

Epoch 00286: val_loss did not improve from 8.96875
 - 12s - loss: 9.5195 - val_loss: 9.1998
Epoch 287/8000

Epoch 00287: val_loss did not improve from 8.96875
 - 12s - loss: 9.5704 - val_loss: 9.3931
Epoch 288/8000

Epoch 00288: val_loss did not improve from 8.96875
 - 12s - loss: 9.6592 - val_loss: 9.5527
Epoch 289/8000

Epoch 00289: val_loss did not improve from 8.96875
 - 12s - loss: 9.7144 - val_loss: 9.3369
Epoch 290/8000

Epoch 00290: val_loss did not improve from 8.96875
 - 12s - loss: 9.5895 - val_loss: 9.5026
Epoch 291/8000

Epoch 00291: val_loss did not improve from 8.96875
 - 12s - loss: 9.6356 - val_loss: 9.8493
Epoch 292/8000

Epoch 00292: val_loss did not improve from 8.96875
 - 12s - loss: 9.5536 - val_loss: 9.6857
Epoch 293/8000

Epoch 00293: val_loss did not improve from 8.96875
 - 12s - loss: 9.6929 - val_loss: 9.4510
Epoch 294/8000

Epoch 00294: val_loss did not improve from 8.96875
 - 12s - loss: 9.5765 - val_loss: 9.2457
Epoch 295/8000

Epoch 00295: val_loss did not improve from 8.96875
 - 12s - loss: 9.5481 - val_loss: 9.9656
Epoch 296/8000

Epoch 00296: val_loss did not improve from 8.96875
 - 12s - loss: 9.5296 - val_loss: 9.4552
Epoch 297/8000

Epoch 00297: val_loss did not improve from 8.96875
 - 12s - loss: 9.4891 - val_loss: 9.3924
Epoch 298/8000

Epoch 00298: val_loss did not improve from 8.96875
 - 12s - loss: 9.4945 - val_loss: 9.6763
Epoch 299/8000

Epoch 00299: val_loss did not improve from 8.96875
 - 12s - loss: 9.6284 - val_loss: 9.2318
Epoch 300/8000

Epoch 00300: val_loss did not improve from 8.96875
 - 12s - loss: 9.5034 - val_loss: 10.4972
Epoch 301/8000

Epoch 00301: val_loss did not improve from 8.96875
 - 12s - loss: 9.4854 - val_loss: 10.7614
Epoch 302/8000

Epoch 00302: val_loss did not improve from 8.96875
 - 12s - loss: 9.4941 - val_loss: 9.3660
Epoch 303/8000

Epoch 00303: val_loss did not improve from 8.96875
 - 12s - loss: 9.4778 - val_loss: 9.9397
Epoch 304/8000

Epoch 00304: val_loss did not improve from 8.96875
 - 12s - loss: 9.3755 - val_loss: 9.6171
Epoch 305/8000

Epoch 00305: val_loss did not improve from 8.96875
 - 12s - loss: 9.3779 - val_loss: 9.3395
Epoch 306/8000

Epoch 00306: val_loss did not improve from 8.96875
 - 12s - loss: 9.3382 - val_loss: 9.7231
Epoch 307/8000

Epoch 00307: val_loss did not improve from 8.96875
 - 12s - loss: 9.3404 - val_loss: 9.9688
Epoch 308/8000

Epoch 00308: val_loss did not improve from 8.96875
 - 12s - loss: 9.3094 - val_loss: 9.3663
Epoch 309/8000

Epoch 00309: val_loss did not improve from 8.96875
 - 12s - loss: 9.3740 - val_loss: 9.4816
Epoch 310/8000

Epoch 00310: val_loss did not improve from 8.96875
 - 12s - loss: 9.2771 - val_loss: 9.3102
Epoch 311/8000

Epoch 00311: val_loss did not improve from 8.96875
 - 12s - loss: 9.3369 - val_loss: 9.5423
Epoch 312/8000

Epoch 00312: val_loss did not improve from 8.96875
 - 12s - loss: 9.4213 - val_loss: 9.0430
Epoch 313/8000

Epoch 00313: val_loss did not improve from 8.96875
 - 12s - loss: 9.5347 - val_loss: 9.6567
Epoch 314/8000

Epoch 00314: val_loss did not improve from 8.96875
 - 12s - loss: 9.4760 - val_loss: 9.7783
Epoch 315/8000

Epoch 00315: val_loss did not improve from 8.96875
 - 12s - loss: 9.6966 - val_loss: 9.1351
Epoch 316/8000

Epoch 00316: val_loss did not improve from 8.96875
 - 12s - loss: 9.7961 - val_loss: 9.3417
Epoch 317/8000

Epoch 00317: val_loss did not improve from 8.96875
 - 12s - loss: 9.5631 - val_loss: 9.5609
Epoch 318/8000

Epoch 00318: val_loss did not improve from 8.96875
 - 12s - loss: 9.5121 - val_loss: 9.3645
Epoch 319/8000

Epoch 00319: val_loss did not improve from 8.96875
 - 12s - loss: 9.4916 - val_loss: 9.3163
Epoch 320/8000

Epoch 00320: val_loss did not improve from 8.96875
 - 12s - loss: 9.4623 - val_loss: 9.6644
Epoch 321/8000

Epoch 00321: val_loss did not improve from 8.96875
 - 12s - loss: 9.5063 - val_loss: 9.1556
Epoch 322/8000

Epoch 00322: val_loss did not improve from 8.96875
 - 12s - loss: 9.4403 - val_loss: 9.1233
Epoch 323/8000

Epoch 00323: val_loss did not improve from 8.96875
 - 12s - loss: 9.4548 - val_loss: 9.3416
Epoch 324/8000

Epoch 00324: val_loss did not improve from 8.96875
 - 12s - loss: 9.3791 - val_loss: 9.2628
Epoch 325/8000

Epoch 00325: val_loss did not improve from 8.96875
 - 12s - loss: 9.5660 - val_loss: 9.0771
Epoch 326/8000

Epoch 00326: val_loss did not improve from 8.96875
 - 12s - loss: 9.4766 - val_loss: 9.6769
Epoch 327/8000

Epoch 00327: val_loss did not improve from 8.96875
 - 12s - loss: 9.4024 - val_loss: 9.5119
Epoch 328/8000

Epoch 00328: val_loss did not improve from 8.96875
 - 12s - loss: 9.4880 - val_loss: 9.7812
Epoch 329/8000

Epoch 00329: val_loss did not improve from 8.96875
 - 12s - loss: 9.2821 - val_loss: 9.8834
Epoch 330/8000

Epoch 00330: val_loss did not improve from 8.96875
 - 12s - loss: 9.5583 - val_loss: 9.2442
Epoch 331/8000

Epoch 00331: val_loss did not improve from 8.96875
 - 12s - loss: 9.5998 - val_loss: 9.2877
Epoch 332/8000

Epoch 00332: val_loss did not improve from 8.96875
 - 12s - loss: 9.5420 - val_loss: 9.6352
Epoch 333/8000

Epoch 00333: val_loss did not improve from 8.96875
 - 12s - loss: 9.6202 - val_loss: 9.0878
Epoch 334/8000

Epoch 00334: val_loss did not improve from 8.96875
 - 12s - loss: 9.6775 - val_loss: 9.7325
Epoch 335/8000

Epoch 00335: val_loss did not improve from 8.96875
 - 12s - loss: 9.5862 - val_loss: 9.4931
Epoch 336/8000

Epoch 00336: val_loss did not improve from 8.96875
 - 12s - loss: 9.4325 - val_loss: 9.5251
Epoch 337/8000

Epoch 00337: val_loss did not improve from 8.96875
 - 12s - loss: 9.5884 - val_loss: 9.4356
Epoch 338/8000

Epoch 00338: val_loss did not improve from 8.96875
 - 12s - loss: 9.5079 - val_loss: 9.2060
Epoch 339/8000

Epoch 00339: val_loss did not improve from 8.96875
 - 12s - loss: 9.4380 - val_loss: 9.2685
Epoch 340/8000

Epoch 00340: val_loss did not improve from 8.96875
 - 12s - loss: 9.4969 - val_loss: 9.2146
Epoch 341/8000

Epoch 00341: val_loss did not improve from 8.96875
 - 12s - loss: 9.4793 - val_loss: 9.2426
Epoch 342/8000

Epoch 00342: val_loss did not improve from 8.96875
 - 12s - loss: 9.3943 - val_loss: 9.2326
Epoch 343/8000

Epoch 00343: val_loss did not improve from 8.96875
 - 12s - loss: 9.3752 - val_loss: 9.5919
Epoch 344/8000

Epoch 00344: val_loss did not improve from 8.96875
 - 12s - loss: 9.5699 - val_loss: 9.4449
Epoch 345/8000

Epoch 00345: val_loss did not improve from 8.96875
 - 12s - loss: 9.4349 - val_loss: 9.1095
Epoch 346/8000

Epoch 00346: val_loss did not improve from 8.96875
 - 12s - loss: 9.5574 - val_loss: 9.3872
Epoch 347/8000

Epoch 00347: val_loss did not improve from 8.96875
 - 12s - loss: 9.4119 - val_loss: 9.4349
Epoch 348/8000

Epoch 00348: val_loss did not improve from 8.96875
 - 12s - loss: 9.3852 - val_loss: 9.2401
Epoch 349/8000

Epoch 00349: val_loss did not improve from 8.96875
 - 12s - loss: 9.4911 - val_loss: 9.5141
Epoch 350/8000

Epoch 00350: val_loss did not improve from 8.96875
 - 12s - loss: 9.4900 - val_loss: 9.7491
Epoch 351/8000

Epoch 00351: val_loss did not improve from 8.96875
 - 12s - loss: 9.5784 - val_loss: 11.2098
Epoch 352/8000

Epoch 00352: val_loss did not improve from 8.96875
 - 12s - loss: 9.6369 - val_loss: 9.9570
Epoch 353/8000

Epoch 00353: val_loss did not improve from 8.96875
 - 12s - loss: 9.4439 - val_loss: 9.5058
Epoch 354/8000

Epoch 00354: val_loss did not improve from 8.96875
 - 12s - loss: 9.4391 - val_loss: 10.0455
Epoch 355/8000

Epoch 00355: val_loss did not improve from 8.96875
 - 12s - loss: 9.5449 - val_loss: 9.3322
Epoch 00355: early stopping
