2019-12-17 16:38:55.153784: I tensorflow/core/platform/cpu_feature_guard.cc:141] Your CPU supports instructions that this TensorFlow binary was not compiled to use: SSE4.1 SSE4.2 AVX
2019-12-17 16:38:55.276955: I tensorflow/stream_executor/cuda/cuda_gpu_executor.cc:897] successful NUMA node read from SysFS had negative value (-1), but there must be at least one NUMA node, so returning NUMA node zero
2019-12-17 16:38:55.277506: I tensorflow/core/common_runtime/gpu/gpu_device.cc:1405] Found device 0 with properties: 
name: TITAN Xp major: 6 minor: 1 memoryClockRate(GHz): 1.582
pciBusID: 0000:01:00.0
totalMemory: 11.91GiB freeMemory: 11.73GiB
2019-12-17 16:38:55.277523: I tensorflow/core/common_runtime/gpu/gpu_device.cc:1484] Adding visible gpu devices: 0
2019-12-17 16:38:55.510111: I tensorflow/core/common_runtime/gpu/gpu_device.cc:965] Device interconnect StreamExecutor with strength 1 edge matrix:
2019-12-17 16:38:55.510160: I tensorflow/core/common_runtime/gpu/gpu_device.cc:971]      0 
2019-12-17 16:38:55.510177: I tensorflow/core/common_runtime/gpu/gpu_device.cc:984] 0:   N 
2019-12-17 16:38:55.510504: I tensorflow/core/common_runtime/gpu/gpu_device.cc:1097] Created TensorFlow device (/job:localhost/replica:0/task:0/device:GPU:0 with 11348 MB memory) -> physical GPU (device: 0, name: TITAN Xp, pci bus id: 0000:01:00.0, compute capability: 6.1)
2019-12-17 16:38:56.112738: I tensorflow/core/kernels/cuda_solvers.cc:159] Creating CudaSolver handles for stream 0x56041b1e24b0
Train on 32962 samples, validate on 1735 samples
Epoch 1/250
 - 409s - loss: 0.4353 - val_loss: 0.4193

Epoch 00001: val_loss improved from inf to 0.41932, saving model to lstm_autoencoder_2019-12-17_16-38-53.h5
Epoch 2/250
 - 407s - loss: 0.3658 - val_loss: 0.3120

Epoch 00002: val_loss improved from 0.41932 to 0.31199, saving model to lstm_autoencoder_2019-12-17_16-38-53.h5
Epoch 3/250
 - 407s - loss: 0.3668 - val_loss: 0.4040

Epoch 00003: val_loss did not improve from 0.31199
Epoch 4/250
 - 408s - loss: 0.3511 - val_loss: 0.2947

Epoch 00004: val_loss improved from 0.31199 to 0.29467, saving model to lstm_autoencoder_2019-12-17_16-38-53.h5
Epoch 5/250
 - 408s - loss: 0.3440 - val_loss: 0.5201

Epoch 00005: val_loss did not improve from 0.29467
Epoch 6/250
 - 407s - loss: 0.3414 - val_loss: 0.5938
