2020-02-04 20:00:46.027439: I tensorflow/core/platform/cpu_feature_guard.cc:141] Your CPU supports instructions that this TensorFlow binary was not compiled to use: SSE4.1 SSE4.2 AVX
2020-02-04 20:00:46.149935: I tensorflow/stream_executor/cuda/cuda_gpu_executor.cc:897] successful NUMA node read from SysFS had negative value (-1), but there must be at least one NUMA node, so returning NUMA node zero
2020-02-04 20:00:46.150500: I tensorflow/core/common_runtime/gpu/gpu_device.cc:1405] Found device 0 with properties: 
name: TITAN Xp major: 6 minor: 1 memoryClockRate(GHz): 1.582
pciBusID: 0000:01:00.0
totalMemory: 11.91GiB freeMemory: 11.73GiB
2020-02-04 20:00:46.150517: I tensorflow/core/common_runtime/gpu/gpu_device.cc:1484] Adding visible gpu devices: 0
2020-02-04 20:00:46.384946: I tensorflow/core/common_runtime/gpu/gpu_device.cc:965] Device interconnect StreamExecutor with strength 1 edge matrix:
2020-02-04 20:00:46.384990: I tensorflow/core/common_runtime/gpu/gpu_device.cc:971]      0 
2020-02-04 20:00:46.384999: I tensorflow/core/common_runtime/gpu/gpu_device.cc:984] 0:   N 
2020-02-04 20:00:46.385271: I tensorflow/core/common_runtime/gpu/gpu_device.cc:1097] Created TensorFlow device (/job:localhost/replica:0/task:0/device:GPU:0 with 11348 MB memory) -> physical GPU (device: 0, name: TITAN Xp, pci bus id: 0000:01:00.0, compute capability: 6.1)
2020-02-04 20:00:46.895556: I tensorflow/core/kernels/cuda_solvers.cc:159] Creating CudaSolver handles for stream 0x5651fbc6eb70
Epoch 1/8000

Epoch 00001: val_loss improved from inf to 19.94583, saving model to model_weights/model_2020-02-04_20-00-45.h5
 - 271s - loss: 26.9908 - val_loss: 19.9458
Epoch 2/8000

Epoch 00002: val_loss improved from 19.94583 to 19.81863, saving model to model_weights/model_2020-02-04_20-00-45.h5
 - 270s - loss: 19.6982 - val_loss: 19.8186
Epoch 3/8000

Epoch 00003: val_loss improved from 19.81863 to 17.52458, saving model to model_weights/model_2020-02-04_20-00-45.h5
 - 272s - loss: 19.1261 - val_loss: 17.5246
Epoch 4/8000

Epoch 00004: val_loss improved from 17.52458 to 15.71767, saving model to model_weights/model_2020-02-04_20-00-45.h5
 - 271s - loss: 16.4386 - val_loss: 15.7177
Epoch 5/8000

Epoch 00005: val_loss improved from 15.71767 to 15.61611, saving model to model_weights/model_2020-02-04_20-00-45.h5
 - 275s - loss: 14.5361 - val_loss: 15.6161
Epoch 6/8000

Epoch 00006: val_loss improved from 15.61611 to 12.73179, saving model to model_weights/model_2020-02-04_20-00-45.h5
 - 272s - loss: 13.6504 - val_loss: 12.7318
Epoch 7/8000

Epoch 00007: val_loss improved from 12.73179 to 11.95590, saving model to model_weights/model_2020-02-04_20-00-45.h5
 - 273s - loss: 12.8570 - val_loss: 11.9559
Epoch 8/8000

Epoch 00008: val_loss improved from 11.95590 to 11.55564, saving model to model_weights/model_2020-02-04_20-00-45.h5
 - 271s - loss: 12.3869 - val_loss: 11.5556
Epoch 9/8000

Epoch 00009: val_loss did not improve from 11.55564
 - 270s - loss: 11.8098 - val_loss: 11.6754
Epoch 10/8000

Epoch 00010: val_loss improved from 11.55564 to 11.13990, saving model to model_weights/model_2020-02-04_20-00-45.h5
 - 272s - loss: 11.5778 - val_loss: 11.1399
Epoch 11/8000

Epoch 00011: val_loss did not improve from 11.13990
 - 272s - loss: 11.3160 - val_loss: 11.2890
Epoch 12/8000

Epoch 00012: val_loss improved from 11.13990 to 10.76593, saving model to model_weights/model_2020-02-04_20-00-45.h5
 - 275s - loss: 11.0686 - val_loss: 10.7659
Epoch 13/8000

Epoch 00013: val_loss improved from 10.76593 to 9.91554, saving model to model_weights/model_2020-02-04_20-00-45.h5
 - 272s - loss: 10.6343 - val_loss: 9.9155
Epoch 14/8000

Epoch 00014: val_loss did not improve from 9.91554
 - 274s - loss: 10.6537 - val_loss: 9.9622
Epoch 15/8000

Epoch 00015: val_loss did not improve from 9.91554
 - 272s - loss: 11.0227 - val_loss: 13.3244
Epoch 16/8000

Epoch 00016: val_loss did not improve from 9.91554
 - 271s - loss: 10.8906 - val_loss: 10.2839
Epoch 17/8000

Epoch 00017: val_loss did not improve from 9.91554
 - 271s - loss: 10.6136 - val_loss: 12.0116
Epoch 18/8000

Epoch 00018: val_loss improved from 9.91554 to 9.79885, saving model to model_weights/model_2020-02-04_20-00-45.h5
 - 272s - loss: 10.4364 - val_loss: 9.7989
Epoch 19/8000

Epoch 00019: val_loss did not improve from 9.79885
 - 275s - loss: 10.0750 - val_loss: 11.4589
Epoch 20/8000

Epoch 00020: val_loss did not improve from 9.79885
 - 271s - loss: 10.2511 - val_loss: 12.3362
Epoch 21/8000

Epoch 00021: val_loss did not improve from 9.79885
 - 273s - loss: 10.0568 - val_loss: 9.9135
Epoch 22/8000

Epoch 00022: val_loss improved from 9.79885 to 9.50062, saving model to model_weights/model_2020-02-04_20-00-45.h5
 - 272s - loss: 10.2480 - val_loss: 9.5006
Epoch 23/8000

Epoch 00023: val_loss improved from 9.50062 to 9.10138, saving model to model_weights/model_2020-02-04_20-00-45.h5
 - 271s - loss: 10.8710 - val_loss: 9.1014
Epoch 24/8000

Epoch 00024: val_loss did not improve from 9.10138
 - 271s - loss: 12.0371 - val_loss: 9.7656
Epoch 25/8000

Epoch 00025: val_loss did not improve from 9.10138
 - 272s - loss: 11.0266 - val_loss: 10.4976
Epoch 26/8000

Epoch 00026: val_loss improved from 9.10138 to 8.52272, saving model to model_weights/model_2020-02-04_20-00-45.h5
 - 275s - loss: 9.8870 - val_loss: 8.5227
Epoch 27/8000

Epoch 00027: val_loss did not improve from 8.52272
 - 272s - loss: 9.4519 - val_loss: 9.3889
Epoch 28/8000

Epoch 00028: val_loss did not improve from 8.52272
 - 273s - loss: 9.4138 - val_loss: 10.6266
Epoch 29/8000

Epoch 00029: val_loss did not improve from 8.52272
 - 272s - loss: 9.6477 - val_loss: 11.2405
Epoch 30/8000

Epoch 00030: val_loss did not improve from 8.52272
 - 271s - loss: 10.4727 - val_loss: 9.5416
Epoch 31/8000

Epoch 00031: val_loss did not improve from 8.52272
 - 272s - loss: 9.2540 - val_loss: 8.8382
Epoch 32/8000

Epoch 00032: val_loss did not improve from 8.52272
 - 272s - loss: 11.0303 - val_loss: 10.2603
Epoch 33/8000

Epoch 00033: val_loss did not improve from 8.52272
 - 275s - loss: 11.6729 - val_loss: 11.3905
Epoch 34/8000

Epoch 00034: val_loss did not improve from 8.52272
 - 272s - loss: 10.0845 - val_loss: 9.2218
Epoch 35/8000

Epoch 00035: val_loss improved from 8.52272 to 8.35654, saving model to model_weights/model_2020-02-04_20-00-45.h5
 - 273s - loss: 9.0045 - val_loss: 8.3565
Epoch 36/8000

Epoch 00036: val_loss did not improve from 8.35654
 - 271s - loss: 9.2567 - val_loss: 8.4345
Epoch 37/8000

Epoch 00037: val_loss did not improve from 8.35654
 - 271s - loss: 9.5516 - val_loss: 9.6942
Epoch 38/8000

Epoch 00038: val_loss did not improve from 8.35654
 - 272s - loss: 9.5124 - val_loss: 8.8891
Epoch 39/8000

Epoch 00039: val_loss did not improve from 8.35654
 - 272s - loss: 8.7501 - val_loss: 8.5594
Epoch 40/8000

Epoch 00040: val_loss improved from 8.35654 to 8.33348, saving model to model_weights/model_2020-02-04_20-00-45.h5
 - 274s - loss: 8.7954 - val_loss: 8.3335
Epoch 41/8000

Epoch 00041: val_loss did not improve from 8.33348
 - 272s - loss: 10.1642 - val_loss: 8.7124
Epoch 42/8000

Epoch 00042: val_loss did not improve from 8.33348
 - 274s - loss: 9.0880 - val_loss: 8.7089
Epoch 43/8000

Epoch 00043: val_loss improved from 8.33348 to 8.19657, saving model to model_weights/model_2020-02-04_20-00-45.h5
 - 272s - loss: 8.8269 - val_loss: 8.1966
Epoch 44/8000

Epoch 00044: val_loss did not improve from 8.19657
 - 271s - loss: 8.7026 - val_loss: 9.0333
Epoch 45/8000

Epoch 00045: val_loss did not improve from 8.19657
 - 272s - loss: 8.6336 - val_loss: 9.8690
Epoch 46/8000

Epoch 00046: val_loss did not improve from 8.19657
 - 272s - loss: 9.4789 - val_loss: 10.9921
Epoch 47/8000

Epoch 00047: val_loss did not improve from 8.19657
 - 275s - loss: 8.3743 - val_loss: 8.4385
Epoch 48/8000

Epoch 00048: val_loss improved from 8.19657 to 8.00190, saving model to model_weights/model_2020-02-04_20-00-45.h5
 - 272s - loss: 8.2252 - val_loss: 8.0019
Epoch 49/8000

Epoch 00049: val_loss did not improve from 8.00190
 - 274s - loss: 8.1887 - val_loss: 10.0237
Epoch 50/8000

Epoch 00050: val_loss improved from 8.00190 to 7.83617, saving model to model_weights/model_2020-02-04_20-00-45.h5
 - 272s - loss: 8.0501 - val_loss: 7.8362
Epoch 51/8000

Epoch 00051: val_loss improved from 7.83617 to 7.81750, saving model to model_weights/model_2020-02-04_20-00-45.h5
 - 271s - loss: 7.9273 - val_loss: 7.8175
Epoch 52/8000

Epoch 00052: val_loss did not improve from 7.81750
 - 271s - loss: 9.5424 - val_loss: 10.6182
Epoch 53/8000

Epoch 00053: val_loss did not improve from 7.81750
 - 272s - loss: 9.0049 - val_loss: 8.5121
Epoch 54/8000

Epoch 00054: val_loss did not improve from 7.81750
 - 275s - loss: 8.1577 - val_loss: 7.8638
Epoch 55/8000

Epoch 00055: val_loss improved from 7.81750 to 7.20247, saving model to model_weights/model_2020-02-04_20-00-45.h5
 - 272s - loss: 8.3651 - val_loss: 7.2025
Epoch 56/8000

Epoch 00056: val_loss improved from 7.20247 to 7.04131, saving model to model_weights/model_2020-02-04_20-00-45.h5
 - 274s - loss: 8.0085 - val_loss: 7.0413
Epoch 57/8000

Epoch 00057: val_loss did not improve from 7.04131
 - 272s - loss: 8.0378 - val_loss: 8.1273
Epoch 58/8000

Epoch 00058: val_loss did not improve from 7.04131
 - 271s - loss: 13.5963 - val_loss: 11.5317
Epoch 59/8000

Epoch 00059: val_loss did not improve from 7.04131
 - 272s - loss: 10.4379 - val_loss: 9.0418
Epoch 60/8000

Epoch 00060: val_loss did not improve from 7.04131
 - 272s - loss: 10.1712 - val_loss: 9.6540
Epoch 61/8000

Epoch 00061: val_loss did not improve from 7.04131
 - 275s - loss: 9.9993 - val_loss: 10.1020
Epoch 62/8000

Epoch 00062: val_loss did not improve from 7.04131
 - 272s - loss: 8.9560 - val_loss: 8.1966
Epoch 63/8000

Epoch 00063: val_loss did not improve from 7.04131
 - 273s - loss: 8.6219 - val_loss: 8.8146
Epoch 64/8000

Epoch 00064: val_loss did not improve from 7.04131
 - 271s - loss: 8.3904 - val_loss: 8.2922
Epoch 65/8000

Epoch 00065: val_loss did not improve from 7.04131
 - 271s - loss: 8.2478 - val_loss: 8.0209
Epoch 66/8000

Epoch 00066: val_loss did not improve from 7.04131
 - 272s - loss: 8.8927 - val_loss: 9.3935
Epoch 67/8000

Epoch 00067: val_loss did not improve from 7.04131
 - 272s - loss: 9.6649 - val_loss: 9.2338
Epoch 68/8000

Epoch 00068: val_loss did not improve from 7.04131
 - 274s - loss: 10.7414 - val_loss: 11.6997
Epoch 69/8000

Epoch 00069: val_loss did not improve from 7.04131
 - 272s - loss: 9.6198 - val_loss: 8.8251
Epoch 70/8000

Epoch 00070: val_loss did not improve from 7.04131
 - 274s - loss: 9.2353 - val_loss: 9.2915
Epoch 71/8000

Epoch 00071: val_loss improved from 7.04131 to 6.86306, saving model to model_weights/model_2020-02-04_20-00-45.h5
 - 272s - loss: 7.9040 - val_loss: 6.8631
Epoch 72/8000

Epoch 00072: val_loss did not improve from 6.86306
 - 270s - loss: 8.0919 - val_loss: 9.2224
Epoch 73/8000

Epoch 00073: val_loss did not improve from 6.86306
 - 272s - loss: 7.9548 - val_loss: 8.3682
Epoch 74/8000

Epoch 00074: val_loss did not improve from 6.86306
 - 272s - loss: 8.7942 - val_loss: 7.9165
Epoch 75/8000

Epoch 00075: val_loss did not improve from 6.86306
 - 274s - loss: 7.9689 - val_loss: 7.3623
Epoch 76/8000

Epoch 00076: val_loss did not improve from 6.86306
 - 272s - loss: 7.9666 - val_loss: 7.0309
Epoch 77/8000

Epoch 00077: val_loss did not improve from 6.86306
 - 274s - loss: 7.9687 - val_loss: 8.7920
Epoch 78/8000

Epoch 00078: val_loss did not improve from 6.86306
 - 272s - loss: 7.6650 - val_loss: 7.6515
Epoch 79/8000

Epoch 00079: val_loss did not improve from 6.86306
 - 271s - loss: 8.1440 - val_loss: 11.0701
Epoch 80/8000

Epoch 00080: val_loss did not improve from 6.86306
 - 272s - loss: 8.5927 - val_loss: 8.9010
Epoch 81/8000

Epoch 00081: val_loss did not improve from 6.86306
 - 272s - loss: 8.1513 - val_loss: 8.0579
Epoch 82/8000

Epoch 00082: val_loss did not improve from 6.86306
 - 275s - loss: 8.3798 - val_loss: 8.9717
Epoch 83/8000

Epoch 00083: val_loss did not improve from 6.86306
 - 272s - loss: 8.0385 - val_loss: 9.5611
Epoch 84/8000

Epoch 00084: val_loss did not improve from 6.86306
 - 273s - loss: 8.8893 - val_loss: 7.8452
Epoch 85/8000

Epoch 00085: val_loss did not improve from 6.86306
 - 272s - loss: 9.1341 - val_loss: 8.7878
Epoch 86/8000

Epoch 00086: val_loss did not improve from 6.86306
 - 271s - loss: 8.0694 - val_loss: 7.2174
Epoch 87/8000

Epoch 00087: val_loss did not improve from 6.86306
 - 271s - loss: 8.3213 - val_loss: 7.1596
Epoch 88/8000

Epoch 00088: val_loss did not improve from 6.86306
 - 272s - loss: 8.0290 - val_loss: 9.2882
Epoch 89/8000

Epoch 00089: val_loss did not improve from 6.86306
 - 275s - loss: 8.0749 - val_loss: 8.1212
Epoch 90/8000

Epoch 00090: val_loss did not improve from 6.86306
 - 272s - loss: 7.9777 - val_loss: 7.3741
Epoch 91/8000

Epoch 00091: val_loss did not improve from 6.86306
 - 272s - loss: 8.1649 - val_loss: 8.6766
Epoch 92/8000

Epoch 00092: val_loss did not improve from 6.86306
 - 271s - loss: 7.6040 - val_loss: 9.3165
Epoch 93/8000

Epoch 00093: val_loss did not improve from 6.86306
 - 271s - loss: 7.8404 - val_loss: 10.0771
Epoch 94/8000

Epoch 00094: val_loss did not improve from 6.86306
 - 272s - loss: 8.4133 - val_loss: 7.2202
Epoch 95/8000

Epoch 00095: val_loss did not improve from 6.86306
 - 271s - loss: 7.9517 - val_loss: 9.7463
Epoch 96/8000

Epoch 00096: val_loss did not improve from 6.86306
 - 274s - loss: 8.0146 - val_loss: 7.1896
Epoch 97/8000

Epoch 00097: val_loss did not improve from 6.86306
 - 272s - loss: 7.5935 - val_loss: 7.2943
Epoch 98/8000

Epoch 00098: val_loss did not improve from 6.86306
 - 274s - loss: 8.0397 - val_loss: 8.6007
Epoch 99/8000

Epoch 00099: val_loss did not improve from 6.86306
 - 271s - loss: 8.3778 - val_loss: 8.8916
Epoch 100/8000

Epoch 00100: val_loss did not improve from 6.86306
 - 270s - loss: 8.1160 - val_loss: 9.6064
Epoch 101/8000

Epoch 00101: val_loss did not improve from 6.86306
 - 272s - loss: 8.0923 - val_loss: 7.2531
Epoch 102/8000

Epoch 00102: val_loss did not improve from 6.86306
 - 272s - loss: 8.7363 - val_loss: 11.0084
Epoch 103/8000

Epoch 00103: val_loss did not improve from 6.86306
 - 274s - loss: 8.7191 - val_loss: 8.1614
Epoch 104/8000

Epoch 00104: val_loss did not improve from 6.86306
 - 271s - loss: 9.6235 - val_loss: 9.6790
Epoch 105/8000

Epoch 00105: val_loss did not improve from 6.86306
 - 274s - loss: 8.3787 - val_loss: 9.0129
Epoch 106/8000

Epoch 00106: val_loss did not improve from 6.86306
 - 272s - loss: 8.4780 - val_loss: 7.8349
Epoch 107/8000

Epoch 00107: val_loss did not improve from 6.86306
 - 270s - loss: 7.8302 - val_loss: 7.5984
Epoch 108/8000

Epoch 00108: val_loss did not improve from 6.86306
 - 271s - loss: 7.8577 - val_loss: 7.7748
Epoch 109/8000

Epoch 00109: val_loss did not improve from 6.86306
 - 272s - loss: 7.8312 - val_loss: 8.2800
Epoch 110/8000

Epoch 00110: val_loss did not improve from 6.86306
 - 275s - loss: 8.1008 - val_loss: 7.2274
Epoch 111/8000

Epoch 00111: val_loss did not improve from 6.86306
 - 271s - loss: 8.4713 - val_loss: 7.6988
Epoch 112/8000

Epoch 00112: val_loss did not improve from 6.86306
 - 273s - loss: 8.3597 - val_loss: 10.1249
Epoch 113/8000

Epoch 00113: val_loss did not improve from 6.86306
 - 272s - loss: 8.4112 - val_loss: 7.5209
Epoch 114/8000

Epoch 00114: val_loss did not improve from 6.86306
 - 271s - loss: 7.6758 - val_loss: 7.3089
Epoch 115/8000

Epoch 00115: val_loss did not improve from 6.86306
 - 271s - loss: 8.5403 - val_loss: 8.0772
Epoch 116/8000

Epoch 00116: val_loss did not improve from 6.86306
 - 271s - loss: 8.1465 - val_loss: 9.1906
Epoch 117/8000

Epoch 00117: val_loss did not improve from 6.86306
 - 275s - loss: 8.4391 - val_loss: 9.2995
Epoch 118/8000

Epoch 00118: val_loss did not improve from 6.86306
 - 272s - loss: 8.9915 - val_loss: 7.6618
Epoch 119/8000

Epoch 00119: val_loss did not improve from 6.86306
 - 272s - loss: 8.0976 - val_loss: 6.9701
Epoch 120/8000

Epoch 00120: val_loss did not improve from 6.86306
 - 271s - loss: 7.5939 - val_loss: 6.9181
Epoch 121/8000

Epoch 00121: val_loss did not improve from 6.86306
 - 271s - loss: 8.0806 - val_loss: 7.4302
Epoch 122/8000

Epoch 00122: val_loss did not improve from 6.86306
 - 272s - loss: 8.2004 - val_loss: 7.3127
Epoch 123/8000

Epoch 00123: val_loss did not improve from 6.86306
 - 272s - loss: 8.9921 - val_loss: 9.6009
Epoch 124/8000

Epoch 00124: val_loss did not improve from 6.86306
 - 273s - loss: 8.7058 - val_loss: 8.6581
Epoch 125/8000

Epoch 00125: val_loss did not improve from 6.86306
 - 272s - loss: 8.9118 - val_loss: 8.3120
Epoch 126/8000

Epoch 00126: val_loss did not improve from 6.86306
 - 274s - loss: 8.0890 - val_loss: 8.0866
Epoch 127/8000

Epoch 00127: val_loss did not improve from 6.86306
 - 271s - loss: 8.0728 - val_loss: 8.5858
Epoch 128/8000

Epoch 00128: val_loss did not improve from 6.86306
 - 270s - loss: 7.6424 - val_loss: 9.0345
Epoch 129/8000

Epoch 00129: val_loss did not improve from 6.86306
 - 272s - loss: 8.1220 - val_loss: 12.3808
Epoch 130/8000

Epoch 00130: val_loss did not improve from 6.86306
 - 271s - loss: 8.9848 - val_loss: 7.6983
Epoch 131/8000

Epoch 00131: val_loss did not improve from 6.86306
 - 275s - loss: 7.7657 - val_loss: 7.8312
Epoch 132/8000

Epoch 00132: val_loss did not improve from 6.86306
 - 271s - loss: 7.6437 - val_loss: 8.0470
Epoch 133/8000

Epoch 00133: val_loss did not improve from 6.86306
 - 273s - loss: 7.9731 - val_loss: 7.2276
Epoch 134/8000

Epoch 00134: val_loss did not improve from 6.86306
 - 272s - loss: 7.2766 - val_loss: 7.3170
Epoch 135/8000

Epoch 00135: val_loss did not improve from 6.86306
 - 271s - loss: 7.3647 - val_loss: 8.7564
Epoch 136/8000

Epoch 00136: val_loss did not improve from 6.86306
 - 271s - loss: 8.0493 - val_loss: 8.8892
Epoch 137/8000

Epoch 00137: val_loss did not improve from 6.86306
 - 272s - loss: 7.8320 - val_loss: 9.7636
Epoch 138/8000

Epoch 00138: val_loss did not improve from 6.86306
 - 275s - loss: 8.0482 - val_loss: 8.8838
Epoch 139/8000

Epoch 00139: val_loss did not improve from 6.86306
 - 272s - loss: 7.4613 - val_loss: 8.1178
Epoch 140/8000

Epoch 00140: val_loss did not improve from 6.86306
 - 273s - loss: 7.5199 - val_loss: 7.0321
Epoch 141/8000

Epoch 00141: val_loss did not improve from 6.86306
 - 272s - loss: 7.2877 - val_loss: 7.9922
Epoch 142/8000

Epoch 00142: val_loss did not improve from 6.86306
 - 271s - loss: 7.6267 - val_loss: 8.3494
Epoch 143/8000

Epoch 00143: val_loss did not improve from 6.86306
 - 271s - loss: 7.4665 - val_loss: 8.7390
Epoch 144/8000

Epoch 00144: val_loss improved from 6.86306 to 6.78889, saving model to model_weights/model_2020-02-04_20-00-45.h5
 - 272s - loss: 7.4617 - val_loss: 6.7889
Epoch 145/8000

Epoch 00145: val_loss did not improve from 6.78889
 - 275s - loss: 7.5746 - val_loss: 7.1499
Epoch 146/8000

Epoch 00146: val_loss did not improve from 6.78889
 - 272s - loss: 8.5796 - val_loss: 8.8252
Epoch 147/8000

Epoch 00147: val_loss did not improve from 6.78889
 - 272s - loss: 9.5120 - val_loss: 7.5875
Epoch 148/8000

Epoch 00148: val_loss did not improve from 6.78889
 - 271s - loss: 8.1137 - val_loss: 7.4808
Epoch 149/8000

Epoch 00149: val_loss did not improve from 6.78889
 - 271s - loss: 7.7327 - val_loss: 8.2246
Epoch 150/8000

Epoch 00150: val_loss did not improve from 6.78889
 - 272s - loss: 8.1488 - val_loss: 9.5219
Epoch 151/8000

Epoch 00151: val_loss did not improve from 6.78889
 - 272s - loss: 8.0040 - val_loss: 9.0272
Epoch 152/8000

Epoch 00152: val_loss did not improve from 6.78889
 - 274s - loss: 9.0489 - val_loss: 8.7773
Epoch 153/8000

Epoch 00153: val_loss did not improve from 6.78889
 - 272s - loss: 8.0421 - val_loss: 9.0389
Epoch 154/8000

Epoch 00154: val_loss did not improve from 6.78889
 - 273s - loss: 8.0824 - val_loss: 6.9534
Epoch 155/8000

Epoch 00155: val_loss did not improve from 6.78889
 - 271s - loss: 7.9999 - val_loss: 9.9379
Epoch 156/8000

Epoch 00156: val_loss did not improve from 6.78889
 - 270s - loss: 7.6367 - val_loss: 7.1596
Epoch 157/8000

Epoch 00157: val_loss did not improve from 6.78889
 - 271s - loss: 7.9290 - val_loss: 9.7079
Epoch 158/8000

Epoch 00158: val_loss did not improve from 6.78889
 - 271s - loss: 7.7285 - val_loss: 7.4946
Epoch 159/8000

Epoch 00159: val_loss did not improve from 6.78889
 - 275s - loss: 8.1450 - val_loss: 8.9772
Epoch 160/8000

Epoch 00160: val_loss did not improve from 6.78889
 - 271s - loss: 8.8995 - val_loss: 7.4629
Epoch 161/8000

Epoch 00161: val_loss did not improve from 6.78889
 - 273s - loss: 8.2453 - val_loss: 7.9055
Epoch 162/8000

Epoch 00162: val_loss did not improve from 6.78889
 - 272s - loss: 8.4610 - val_loss: 8.9284
Epoch 163/8000

Epoch 00163: val_loss did not improve from 6.78889
 - 271s - loss: 8.0333 - val_loss: 8.5896
Epoch 164/8000

Epoch 00164: val_loss did not improve from 6.78889
 - 271s - loss: 8.2321 - val_loss: 7.9437
Epoch 165/8000

Epoch 00165: val_loss did not improve from 6.78889
 - 271s - loss: 8.4593 - val_loss: 7.8640
Epoch 166/8000

Epoch 00166: val_loss did not improve from 6.78889
 - 275s - loss: 8.5615 - val_loss: 8.6923
Epoch 167/8000

Epoch 00167: val_loss did not improve from 6.78889
 - 272s - loss: 8.3769 - val_loss: 8.0919
Epoch 168/8000

Epoch 00168: val_loss did not improve from 6.78889
 - 273s - loss: 8.5522 - val_loss: 11.2426
Epoch 169/8000

Epoch 00169: val_loss did not improve from 6.78889
 - 271s - loss: 8.9846 - val_loss: 9.1513
Epoch 170/8000

Epoch 00170: val_loss did not improve from 6.78889
 - 271s - loss: 8.9707 - val_loss: 9.6656
Epoch 171/8000

Epoch 00171: val_loss did not improve from 6.78889
 - 271s - loss: 9.2132 - val_loss: 7.5396
Epoch 172/8000

Epoch 00172: val_loss did not improve from 6.78889
 - 271s - loss: 8.4628 - val_loss: 8.5787
Epoch 173/8000

Epoch 00173: val_loss did not improve from 6.78889
 - 274s - loss: 8.6725 - val_loss: 8.4250
Epoch 174/8000

Epoch 00174: val_loss did not improve from 6.78889
 - 272s - loss: 9.0794 - val_loss: 9.0423
Epoch 175/8000

Epoch 00175: val_loss did not improve from 6.78889
 - 273s - loss: 8.4499 - val_loss: 8.4135
Epoch 176/8000

Epoch 00176: val_loss did not improve from 6.78889
 - 270s - loss: 8.1663 - val_loss: 8.3763
Epoch 177/8000

Epoch 00177: val_loss did not improve from 6.78889
 - 270s - loss: 8.6415 - val_loss: 7.6302
Epoch 178/8000

Epoch 00178: val_loss did not improve from 6.78889
 - 272s - loss: 8.3022 - val_loss: 7.9683
Epoch 179/8000

Epoch 00179: val_loss did not improve from 6.78889
 - 271s - loss: 8.5280 - val_loss: 8.1753
Epoch 180/8000

Epoch 00180: val_loss did not improve from 6.78889
 - 274s - loss: 8.4708 - val_loss: 8.1341
Epoch 181/8000

Epoch 00181: val_loss did not improve from 6.78889
 - 271s - loss: 9.8429 - val_loss: 9.1068
Epoch 182/8000

Epoch 00182: val_loss did not improve from 6.78889
 - 273s - loss: 8.8172 - val_loss: 8.4779
Epoch 183/8000

Epoch 00183: val_loss did not improve from 6.78889
 - 271s - loss: 9.5675 - val_loss: 10.8386
Epoch 184/8000

Epoch 00184: val_loss did not improve from 6.78889
 - 271s - loss: 9.4394 - val_loss: 10.8342
Epoch 185/8000

Epoch 00185: val_loss did not improve from 6.78889
 - 271s - loss: 9.0163 - val_loss: 8.0236
Epoch 186/8000

Epoch 00186: val_loss did not improve from 6.78889
 - 271s - loss: 8.8343 - val_loss: 7.4432
Epoch 187/8000

Epoch 00187: val_loss did not improve from 6.78889
 - 274s - loss: 8.1328 - val_loss: 8.1133
Epoch 188/8000

Epoch 00188: val_loss did not improve from 6.78889
 - 272s - loss: 8.2004 - val_loss: 7.9343
Epoch 189/8000

Epoch 00189: val_loss did not improve from 6.78889
 - 272s - loss: 8.1811 - val_loss: 9.7480
Epoch 190/8000

Epoch 00190: val_loss did not improve from 6.78889
 - 271s - loss: 8.1174 - val_loss: 9.2626
Epoch 191/8000

Epoch 00191: val_loss did not improve from 6.78889
 - 271s - loss: 8.7548 - val_loss: 9.4038
Epoch 192/8000

Epoch 00192: val_loss did not improve from 6.78889
 - 271s - loss: 9.6681 - val_loss: 7.9980
Epoch 193/8000

Epoch 00193: val_loss did not improve from 6.78889
 - 271s - loss: 8.3763 - val_loss: 9.2375
Epoch 194/8000

Epoch 00194: val_loss did not improve from 6.78889
 - 274s - loss: 8.7739 - val_loss: 8.0736
Epoch 195/8000

Epoch 00195: val_loss did not improve from 6.78889
 - 272s - loss: 8.9261 - val_loss: 9.4523
Epoch 196/8000

Epoch 00196: val_loss did not improve from 6.78889
 - 273s - loss: 8.8816 - val_loss: 9.9243
Epoch 197/8000

Epoch 00197: val_loss did not improve from 6.78889
 - 270s - loss: 8.8074 - val_loss: 9.8489
Epoch 198/8000

Epoch 00198: val_loss did not improve from 6.78889
 - 270s - loss: 8.7454 - val_loss: 8.4877
Epoch 199/8000

Epoch 00199: val_loss did not improve from 6.78889
 - 272s - loss: 8.6440 - val_loss: 8.7325
Epoch 200/8000

Epoch 00200: val_loss did not improve from 6.78889
 - 271s - loss: 8.8847 - val_loss: 8.5778
Epoch 201/8000

Epoch 00201: val_loss did not improve from 6.78889
 - 274s - loss: 9.2507 - val_loss: 9.1164
Epoch 202/8000

Epoch 00202: val_loss did not improve from 6.78889
 - 272s - loss: 8.6607 - val_loss: 7.7176
Epoch 203/8000

Epoch 00203: val_loss did not improve from 6.78889
 - 273s - loss: 8.6754 - val_loss: 8.4640
Epoch 204/8000

Epoch 00204: val_loss did not improve from 6.78889
 - 270s - loss: 8.6293 - val_loss: 8.7440
Epoch 205/8000

Epoch 00205: val_loss did not improve from 6.78889
 - 270s - loss: 9.2283 - val_loss: 8.5215
Epoch 206/8000

Epoch 00206: val_loss did not improve from 6.78889
 - 271s - loss: 9.7161 - val_loss: 11.0297
Epoch 207/8000

Epoch 00207: val_loss did not improve from 6.78889
 - 271s - loss: 9.6143 - val_loss: 11.5232
Epoch 208/8000

Epoch 00208: val_loss did not improve from 6.78889
 - 274s - loss: 8.8299 - val_loss: 7.4454
Epoch 209/8000

Epoch 00209: val_loss did not improve from 6.78889
 - 271s - loss: 8.2414 - val_loss: 7.7428
Epoch 210/8000

Epoch 00210: val_loss did not improve from 6.78889
 - 272s - loss: 8.1271 - val_loss: 8.4528
Epoch 211/8000

Epoch 00211: val_loss did not improve from 6.78889
 - 271s - loss: 9.3482 - val_loss: 8.6087
Epoch 212/8000

Epoch 00212: val_loss did not improve from 6.78889
 - 270s - loss: 10.9141 - val_loss: 10.6284
Epoch 213/8000

Epoch 00213: val_loss did not improve from 6.78889
 - 270s - loss: 11.4441 - val_loss: 10.6348
Epoch 214/8000

Epoch 00214: val_loss did not improve from 6.78889
 - 271s - loss: 9.5074 - val_loss: 10.7366
Epoch 215/8000

Epoch 00215: val_loss did not improve from 6.78889
 - 274s - loss: 8.6211 - val_loss: 8.6013
Epoch 216/8000

Epoch 00216: val_loss did not improve from 6.78889
 - 271s - loss: 8.0405 - val_loss: 8.0300
Epoch 217/8000

Epoch 00217: val_loss did not improve from 6.78889
 - 272s - loss: 8.1047 - val_loss: 8.5685
Epoch 218/8000

Epoch 00218: val_loss did not improve from 6.78889
 - 270s - loss: 9.3432 - val_loss: 7.8241
Epoch 219/8000

Epoch 00219: val_loss did not improve from 6.78889
 - 270s - loss: 8.5382 - val_loss: 8.4899
Epoch 220/8000

Epoch 00220: val_loss did not improve from 6.78889
 - 271s - loss: 8.4512 - val_loss: 7.9708
Epoch 221/8000

Epoch 00221: val_loss did not improve from 6.78889
 - 270s - loss: 8.2216 - val_loss: 9.8452
Epoch 222/8000

Epoch 00222: val_loss did not improve from 6.78889
 - 273s - loss: 8.0421 - val_loss: 8.7652
Epoch 223/8000

Epoch 00223: val_loss did not improve from 6.78889
 - 271s - loss: 7.9748 - val_loss: 9.6852
Epoch 224/8000

Epoch 00224: val_loss did not improve from 6.78889
 - 272s - loss: 8.0407 - val_loss: 8.8505
Epoch 225/8000

Epoch 00225: val_loss did not improve from 6.78889
 - 270s - loss: 7.9769 - val_loss: 7.1159
Epoch 226/8000

Epoch 00226: val_loss did not improve from 6.78889
 - 270s - loss: 8.0189 - val_loss: 7.7632
Epoch 227/8000

Epoch 00227: val_loss did not improve from 6.78889
 - 271s - loss: 7.9150 - val_loss: 10.3486
Epoch 228/8000

Epoch 00228: val_loss did not improve from 6.78889
 - 271s - loss: 8.9711 - val_loss: 13.1677
Epoch 229/8000

Epoch 00229: val_loss did not improve from 6.78889
 - 273s - loss: 9.5344 - val_loss: 8.8360
Epoch 230/8000

Epoch 00230: val_loss did not improve from 6.78889
 - 271s - loss: 8.4105 - val_loss: 8.5819
Epoch 231/8000

Epoch 00231: val_loss did not improve from 6.78889
 - 273s - loss: 8.1529 - val_loss: 7.5810
Epoch 232/8000

Epoch 00232: val_loss did not improve from 6.78889
 - 270s - loss: 9.9421 - val_loss: 11.7664
Epoch 233/8000

Epoch 00233: val_loss did not improve from 6.78889
 - 269s - loss: 9.6738 - val_loss: 8.0850
Epoch 234/8000

Epoch 00234: val_loss did not improve from 6.78889
 - 271s - loss: 8.0607 - val_loss: 8.7039
Epoch 235/8000

Epoch 00235: val_loss did not improve from 6.78889
 - 272s - loss: 10.4266 - val_loss: 11.4595
Epoch 236/8000

Epoch 00236: val_loss did not improve from 6.78889
 - 274s - loss: 10.1893 - val_loss: 10.3609
Epoch 237/8000

Epoch 00237: val_loss did not improve from 6.78889
 - 271s - loss: 8.8931 - val_loss: 10.7226
Epoch 238/8000

Epoch 00238: val_loss did not improve from 6.78889
 - 272s - loss: 9.7766 - val_loss: 11.7281
Epoch 239/8000

Epoch 00239: val_loss did not improve from 6.78889
 - 270s - loss: 9.6582 - val_loss: 8.7364
Epoch 240/8000

Epoch 00240: val_loss did not improve from 6.78889
 - 270s - loss: 8.5232 - val_loss: 8.5071
Epoch 241/8000

Epoch 00241: val_loss did not improve from 6.78889
 - 270s - loss: 8.3286 - val_loss: 8.1050
Epoch 242/8000

Epoch 00242: val_loss did not improve from 6.78889
 - 271s - loss: 7.9992 - val_loss: 7.9123
Epoch 243/8000

Epoch 00243: val_loss did not improve from 6.78889
 - 274s - loss: 8.0248 - val_loss: 10.4702
Epoch 244/8000

Epoch 00244: val_loss did not improve from 6.78889
 - 271s - loss: 8.2450 - val_loss: 7.3614
Epoch 00244: early stopping
