2020-08-28 12:49:01.370466: I tensorflow/core/platform/cpu_feature_guard.cc:141] Your CPU supports instructions that this TensorFlow binary was not compiled to use: SSE4.1 SSE4.2 AVX
2020-08-28 12:49:01.689818: I tensorflow/stream_executor/cuda/cuda_gpu_executor.cc:897] successful NUMA node read from SysFS had negative value (-1), but there must be at least one NUMA node, so returning NUMA node zero
2020-08-28 12:49:01.690370: I tensorflow/core/common_runtime/gpu/gpu_device.cc:1405] Found device 0 with properties: 
name: TITAN Xp major: 6 minor: 1 memoryClockRate(GHz): 1.582
pciBusID: 0000:01:00.0
totalMemory: 11.91GiB freeMemory: 11.75GiB
2020-08-28 12:49:01.690387: I tensorflow/core/common_runtime/gpu/gpu_device.cc:1484] Adding visible gpu devices: 0
2020-08-28 12:49:01.958117: I tensorflow/core/common_runtime/gpu/gpu_device.cc:965] Device interconnect StreamExecutor with strength 1 edge matrix:
2020-08-28 12:49:01.958161: I tensorflow/core/common_runtime/gpu/gpu_device.cc:971]      0 
2020-08-28 12:49:01.958170: I tensorflow/core/common_runtime/gpu/gpu_device.cc:984] 0:   N 
2020-08-28 12:49:01.958420: I tensorflow/core/common_runtime/gpu/gpu_device.cc:1097] Created TensorFlow device (/job:localhost/replica:0/task:0/device:GPU:0 with 11366 MB memory) -> physical GPU (device: 0, name: TITAN Xp, pci bus id: 0000:01:00.0, compute capability: 6.1)
2020-08-28 12:49:02.683922: I tensorflow/core/kernels/cuda_solvers.cc:159] Creating CudaSolver handles for stream 0x560670e13b90
Epoch 1/8000

Epoch 00001: val_loss improved from inf to 549.41540, saving model to ../../model_weights/model_2020-08-28_12-49-00.h5
 - 341s - loss: 598.6615 - kl_loss: 0.5262 - val_loss: 549.4154 - val_kl_loss: 0.8140
Epoch 2/8000

Epoch 00002: val_loss improved from 549.41540 to 540.12761, saving model to ../../model_weights/model_2020-08-28_12-49-00.h5
 - 337s - loss: 600.5549 - kl_loss: 2.6347 - val_loss: 540.1276 - val_kl_loss: 1.0512
Epoch 3/8000

Epoch 00003: val_loss improved from 540.12761 to 491.65008, saving model to ../../model_weights/model_2020-08-28_12-49-00.h5
 - 337s - loss: 576.5942 - kl_loss: 2.8663 - val_loss: 491.6501 - val_kl_loss: 3.4454
Epoch 4/8000

Epoch 00004: val_loss improved from 491.65008 to 407.52147, saving model to ../../model_weights/model_2020-08-28_12-49-00.h5
 - 336s - loss: 509.4321 - kl_loss: 3.0820 - val_loss: 407.5215 - val_kl_loss: 4.0633
Epoch 5/8000

Epoch 00005: val_loss improved from 407.52147 to 379.74959, saving model to ../../model_weights/model_2020-08-28_12-49-00.h5
 - 335s - loss: 443.2642 - kl_loss: 3.5551 - val_loss: 379.7496 - val_kl_loss: 3.3405
Epoch 6/8000

Epoch 00006: val_loss improved from 379.74959 to 316.79836, saving model to ../../model_weights/model_2020-08-28_12-49-00.h5
 - 339s - loss: 384.3236 - kl_loss: 3.0958 - val_loss: 316.7984 - val_kl_loss: 3.1207
Epoch 7/8000

Epoch 00007: val_loss improved from 316.79836 to 289.22670, saving model to ../../model_weights/model_2020-08-28_12-49-00.h5
 - 337s - loss: 357.0483 - kl_loss: 3.0154 - val_loss: 289.2267 - val_kl_loss: 3.0814
Epoch 8/8000

Epoch 00008: val_loss improved from 289.22670 to 287.74405, saving model to ../../model_weights/model_2020-08-28_12-49-00.h5
 - 341s - loss: 345.3907 - kl_loss: 3.5512 - val_loss: 287.7441 - val_kl_loss: 4.7028
Epoch 9/8000

Epoch 00009: val_loss improved from 287.74405 to 284.64383, saving model to ../../model_weights/model_2020-08-28_12-49-00.h5
 - 339s - loss: 330.4556 - kl_loss: 5.6624 - val_loss: 284.6438 - val_kl_loss: 5.8415
Epoch 10/8000

Epoch 00010: val_loss improved from 284.64383 to 261.07050, saving model to ../../model_weights/model_2020-08-28_12-49-00.h5
 - 337s - loss: 321.7874 - kl_loss: 6.7855 - val_loss: 261.0705 - val_kl_loss: 8.0799
Epoch 11/8000

Epoch 00011: val_loss improved from 261.07050 to 249.32657, saving model to ../../model_weights/model_2020-08-28_12-49-00.h5
 - 338s - loss: 313.6643 - kl_loss: 7.9623 - val_loss: 249.3266 - val_kl_loss: 9.0173
Epoch 12/8000

Epoch 00012: val_loss did not improve from 249.32657
 - 337s - loss: 313.4631 - kl_loss: 8.7988 - val_loss: 274.9476 - val_kl_loss: 10.5107
Epoch 13/8000

Epoch 00013: val_loss did not improve from 249.32657
 - 339s - loss: 308.3397 - kl_loss: 11.0059 - val_loss: 305.4196 - val_kl_loss: 13.3021
Epoch 14/8000

Epoch 00014: val_loss improved from 249.32657 to 243.80489, saving model to ../../model_weights/model_2020-08-28_12-49-00.h5
 - 337s - loss: 313.6508 - kl_loss: 12.1141 - val_loss: 243.8049 - val_kl_loss: 11.7915
Epoch 15/8000

Epoch 00015: val_loss improved from 243.80489 to 231.69217, saving model to ../../model_weights/model_2020-08-28_12-49-00.h5
 - 342s - loss: 287.9355 - kl_loss: 11.0934 - val_loss: 231.6922 - val_kl_loss: 11.2140
Epoch 16/8000

Epoch 00016: val_loss did not improve from 231.69217
 - 339s - loss: 288.6666 - kl_loss: 9.9964 - val_loss: 236.2616 - val_kl_loss: 9.6244
Epoch 17/8000

Epoch 00017: val_loss did not improve from 231.69217
 - 338s - loss: 294.9236 - kl_loss: 10.5394 - val_loss: 239.2596 - val_kl_loss: 9.6840
Epoch 18/8000

Epoch 00018: val_loss did not improve from 231.69217
 - 340s - loss: 268.3709 - kl_loss: 9.3679 - val_loss: 249.6234 - val_kl_loss: 9.4367
Epoch 19/8000

Epoch 00019: val_loss did not improve from 231.69217
 - 337s - loss: 267.9367 - kl_loss: 8.7465 - val_loss: 244.4412 - val_kl_loss: 9.0663
Epoch 20/8000

Epoch 00020: val_loss improved from 231.69217 to 210.29151, saving model to ../../model_weights/model_2020-08-28_12-49-00.h5
 - 338s - loss: 271.5659 - kl_loss: 8.7632 - val_loss: 210.2915 - val_kl_loss: 9.7404
Epoch 21/8000

Epoch 00021: val_loss improved from 210.29151 to 198.19614, saving model to ../../model_weights/model_2020-08-28_12-49-00.h5
 - 339s - loss: 269.7410 - kl_loss: 9.1061 - val_loss: 198.1961 - val_kl_loss: 9.1171
Epoch 22/8000

Epoch 00022: val_loss did not improve from 198.19614
 - 343s - loss: 259.4339 - kl_loss: 9.1105 - val_loss: 203.9320 - val_kl_loss: 9.2083
Epoch 23/8000

Epoch 00023: val_loss did not improve from 198.19614
 - 338s - loss: 252.4290 - kl_loss: 7.9309 - val_loss: 222.2615 - val_kl_loss: 8.4338
Epoch 24/8000

Epoch 00024: val_loss did not improve from 198.19614
 - 341s - loss: 248.8657 - kl_loss: 7.2888 - val_loss: 198.9363 - val_kl_loss: 7.3962
Epoch 25/8000

Epoch 00025: val_loss improved from 198.19614 to 191.02702, saving model to ../../model_weights/model_2020-08-28_12-49-00.h5
 - 339s - loss: 246.0627 - kl_loss: 8.0009 - val_loss: 191.0270 - val_kl_loss: 9.0359
Epoch 26/8000

Epoch 00026: val_loss improved from 191.02702 to 184.11763, saving model to ../../model_weights/model_2020-08-28_12-49-00.h5
 - 337s - loss: 249.5970 - kl_loss: 8.8426 - val_loss: 184.1176 - val_kl_loss: 7.6318
Epoch 27/8000

Epoch 00027: val_loss did not improve from 184.11763
 - 339s - loss: 232.1605 - kl_loss: 8.4953 - val_loss: 199.9466 - val_kl_loss: 7.8088
Epoch 28/8000

Epoch 00028: val_loss did not improve from 184.11763
 - 338s - loss: 242.5632 - kl_loss: 8.2201 - val_loss: 204.6423 - val_kl_loss: 7.1664
Epoch 29/8000

Epoch 00029: val_loss did not improve from 184.11763
 - 343s - loss: 233.4524 - kl_loss: 8.2251 - val_loss: 213.5867 - val_kl_loss: 8.8354
Epoch 30/8000

Epoch 00030: val_loss did not improve from 184.11763
 - 339s - loss: 235.2415 - kl_loss: 8.1742 - val_loss: 191.8624 - val_kl_loss: 8.2596
Epoch 31/8000

Epoch 00031: val_loss did not improve from 184.11763
 - 338s - loss: 235.9158 - kl_loss: 8.8751 - val_loss: 196.5508 - val_kl_loss: 7.9993
Epoch 32/8000

Epoch 00032: val_loss did not improve from 184.11763
 - 340s - loss: 224.6779 - kl_loss: 8.7221 - val_loss: 205.6470 - val_kl_loss: 9.0039
Epoch 33/8000

Epoch 00033: val_loss did not improve from 184.11763
 - 338s - loss: 218.7171 - kl_loss: 8.0819 - val_loss: 206.4536 - val_kl_loss: 6.7776
Epoch 34/8000

Epoch 00034: val_loss improved from 184.11763 to 177.25051, saving model to ../../model_weights/model_2020-08-28_12-49-00.h5
 - 338s - loss: 237.3129 - kl_loss: 7.4592 - val_loss: 177.2505 - val_kl_loss: 6.6714
Epoch 35/8000

Epoch 00035: val_loss did not improve from 177.25051
 - 338s - loss: 229.7031 - kl_loss: 7.1884 - val_loss: 208.4918 - val_kl_loss: 7.3938
Epoch 36/8000

Epoch 00036: val_loss improved from 177.25051 to 166.23339, saving model to ../../model_weights/model_2020-08-28_12-49-00.h5
 - 343s - loss: 234.1152 - kl_loss: 7.1171 - val_loss: 166.2334 - val_kl_loss: 6.4622
Epoch 37/8000

Epoch 00037: val_loss did not improve from 166.23339
 - 338s - loss: 232.9833 - kl_loss: 7.7709 - val_loss: 210.5752 - val_kl_loss: 7.0922
Epoch 38/8000

Epoch 00038: val_loss did not improve from 166.23339
 - 339s - loss: 239.5512 - kl_loss: 7.0732 - val_loss: 200.8997 - val_kl_loss: 6.1973
Epoch 39/8000

Epoch 00039: val_loss did not improve from 166.23339
 - 340s - loss: 218.2193 - kl_loss: 6.5314 - val_loss: 180.1339 - val_kl_loss: 7.0203
Epoch 40/8000

Epoch 00040: val_loss did not improve from 166.23339
 - 336s - loss: 228.2206 - kl_loss: 6.8190 - val_loss: 187.3974 - val_kl_loss: 6.7788
Epoch 41/8000

Epoch 00041: val_loss improved from 166.23339 to 150.22008, saving model to ../../model_weights/model_2020-08-28_12-49-00.h5
 - 339s - loss: 210.9944 - kl_loss: 6.4306 - val_loss: 150.2201 - val_kl_loss: 5.4776
Epoch 42/8000

Epoch 00042: val_loss did not improve from 150.22008
 - 339s - loss: 215.6687 - kl_loss: 6.3195 - val_loss: 155.3546 - val_kl_loss: 6.2727
Epoch 43/8000

Epoch 00043: val_loss did not improve from 150.22008
 - 341s - loss: 223.8769 - kl_loss: 7.1611 - val_loss: 204.0287 - val_kl_loss: 6.5968
Epoch 44/8000

Epoch 00044: val_loss did not improve from 150.22008
 - 340s - loss: 228.4058 - kl_loss: 6.8610 - val_loss: 191.9818 - val_kl_loss: 6.0505
Epoch 45/8000

Epoch 00045: val_loss did not improve from 150.22008
 - 339s - loss: 244.1203 - kl_loss: 6.7626 - val_loss: 182.8559 - val_kl_loss: 6.9427
Epoch 46/8000

Epoch 00046: val_loss did not improve from 150.22008
 - 339s - loss: 248.3214 - kl_loss: 6.4319 - val_loss: 226.7145 - val_kl_loss: 4.8144
Epoch 47/8000

Epoch 00047: val_loss did not improve from 150.22008
 - 338s - loss: 228.1553 - kl_loss: 6.0289 - val_loss: 173.8114 - val_kl_loss: 5.7786
Epoch 48/8000

Epoch 00048: val_loss did not improve from 150.22008
 - 338s - loss: 205.8532 - kl_loss: 5.8629 - val_loss: 164.8932 - val_kl_loss: 5.6983
Epoch 49/8000

Epoch 00049: val_loss did not improve from 150.22008
 - 338s - loss: 201.2629 - kl_loss: 6.1511 - val_loss: 180.4960 - val_kl_loss: 4.7929
Epoch 50/8000

Epoch 00050: val_loss did not improve from 150.22008
 - 343s - loss: 198.6288 - kl_loss: 5.7306 - val_loss: 155.6841 - val_kl_loss: 6.0480
Epoch 51/8000

Epoch 00051: val_loss did not improve from 150.22008
 - 338s - loss: 192.9133 - kl_loss: 4.9150 - val_loss: 216.6923 - val_kl_loss: 9.0966
Epoch 52/8000

Epoch 00052: val_loss did not improve from 150.22008
 - 338s - loss: 203.0919 - kl_loss: 5.2000 - val_loss: 192.2490 - val_kl_loss: 4.9313
Epoch 53/8000

Epoch 00053: val_loss did not improve from 150.22008
 - 340s - loss: 207.2111 - kl_loss: 5.2385 - val_loss: 154.8945 - val_kl_loss: 4.5393
Epoch 54/8000

Epoch 00054: val_loss improved from 150.22008 to 146.30426, saving model to ../../model_weights/model_2020-08-28_12-49-00.h5
 - 339s - loss: 194.3443 - kl_loss: 4.8422 - val_loss: 146.3043 - val_kl_loss: 4.1100
Epoch 55/8000

Epoch 00055: val_loss did not improve from 146.30426
 - 338s - loss: 199.6840 - kl_loss: 4.9495 - val_loss: 180.9333 - val_kl_loss: 5.5561
Epoch 56/8000

Epoch 00056: val_loss did not improve from 146.30426
 - 338s - loss: 201.9665 - kl_loss: 4.8848 - val_loss: 171.8418 - val_kl_loss: 5.3576
Epoch 57/8000

Epoch 00057: val_loss did not improve from 146.30426
 - 343s - loss: 215.4307 - kl_loss: 5.0801 - val_loss: 169.2134 - val_kl_loss: 5.2338
Epoch 58/8000

Epoch 00058: val_loss did not improve from 146.30426
 - 337s - loss: 214.1478 - kl_loss: 5.2713 - val_loss: 251.1628 - val_kl_loss: 7.0949
Epoch 59/8000

Epoch 00059: val_loss did not improve from 146.30426
 - 339s - loss: 232.1495 - kl_loss: 5.2065 - val_loss: 185.9484 - val_kl_loss: 5.0724
Epoch 60/8000

Epoch 00060: val_loss did not improve from 146.30426
 - 340s - loss: 4443.5894 - kl_loss: 4209.0574 - val_loss: 163.9401 - val_kl_loss: 6.5202
Epoch 61/8000

Epoch 00061: val_loss did not improve from 146.30426
 - 336s - loss: 247.5814 - kl_loss: 6.1488 - val_loss: 193.6311 - val_kl_loss: 6.0499
Epoch 62/8000

Epoch 00062: val_loss did not improve from 146.30426
 - 339s - loss: 247.6018 - kl_loss: 6.5308 - val_loss: 214.6358 - val_kl_loss: 6.8609
Epoch 63/8000

Epoch 00063: val_loss did not improve from 146.30426
 - 338s - loss: 244.6281 - kl_loss: 7.2296 - val_loss: 192.3876 - val_kl_loss: 7.5544
Epoch 64/8000

Epoch 00064: val_loss did not improve from 146.30426
 - 342s - loss: 242.7752 - kl_loss: 7.9065 - val_loss: 186.4818 - val_kl_loss: 7.2443
Epoch 65/8000

Epoch 00065: val_loss did not improve from 146.30426
 - 340s - loss: 231.0829 - kl_loss: 7.9597 - val_loss: 175.5471 - val_kl_loss: 7.9859
Epoch 66/8000

Epoch 00066: val_loss did not improve from 146.30426
 - 338s - loss: 231.7961 - kl_loss: 8.7617 - val_loss: 206.7810 - val_kl_loss: 8.3498
Epoch 67/8000

Epoch 00067: val_loss did not improve from 146.30426
 - 339s - loss: 226.0103 - kl_loss: 8.1339 - val_loss: 183.2187 - val_kl_loss: 8.0612
Epoch 68/8000

Epoch 00068: val_loss did not improve from 146.30426
 - 338s - loss: 215.7269 - kl_loss: 8.4032 - val_loss: 191.9973 - val_kl_loss: 8.5413
Epoch 69/8000

Epoch 00069: val_loss did not improve from 146.30426
 - 338s - loss: 241.2214 - kl_loss: 8.4196 - val_loss: 196.8489 - val_kl_loss: 8.1736
Epoch 70/8000

Epoch 00070: val_loss did not improve from 146.30426
 - 338s - loss: 218.3011 - kl_loss: 8.5661 - val_loss: 205.4417 - val_kl_loss: 7.7443
Epoch 71/8000

Epoch 00071: val_loss did not improve from 146.30426
 - 342s - loss: 209.6737 - kl_loss: 8.3959 - val_loss: 203.4116 - val_kl_loss: 13.0927
Epoch 72/8000

Epoch 00072: val_loss did not improve from 146.30426
 - 337s - loss: 245.9541 - kl_loss: 9.3220 - val_loss: 164.9074 - val_kl_loss: 9.0285
Epoch 73/8000

Epoch 00073: val_loss did not improve from 146.30426
 - 338s - loss: 239.8377 - kl_loss: 9.5777 - val_loss: 293.4431 - val_kl_loss: 8.9841
Epoch 74/8000

Epoch 00074: val_loss did not improve from 146.30426
 - 340s - loss: 246.8361 - kl_loss: 8.4351 - val_loss: 316.8209 - val_kl_loss: 8.0204
Epoch 75/8000

Epoch 00075: val_loss did not improve from 146.30426
 - 337s - loss: 231.8921 - kl_loss: 8.0483 - val_loss: 177.1288 - val_kl_loss: 7.7231
Epoch 76/8000

Epoch 00076: val_loss did not improve from 146.30426
 - 338s - loss: 244.0752 - kl_loss: 7.9959 - val_loss: 165.2396 - val_kl_loss: 6.9024
Epoch 77/8000

Epoch 00077: val_loss did not improve from 146.30426
 - 338s - loss: 216.3732 - kl_loss: 7.1900 - val_loss: 182.7549 - val_kl_loss: 8.5368
Epoch 78/8000

Epoch 00078: val_loss did not improve from 146.30426
 - 342s - loss: 216.0260 - kl_loss: 6.9066 - val_loss: 179.9273 - val_kl_loss: 8.3584
Epoch 79/8000

Epoch 00079: val_loss did not improve from 146.30426
 - 338s - loss: 209.8164 - kl_loss: 6.8448 - val_loss: 158.3268 - val_kl_loss: 6.4112
Epoch 80/8000

Epoch 00080: val_loss did not improve from 146.30426
 - 339s - loss: 206.7476 - kl_loss: 6.6513 - val_loss: 149.3839 - val_kl_loss: 5.8505
Epoch 81/8000

Epoch 00081: val_loss did not improve from 146.30426
 - 339s - loss: 201.7373 - kl_loss: 6.2108 - val_loss: 148.7919 - val_kl_loss: 6.7509
Epoch 82/8000

Epoch 00082: val_loss did not improve from 146.30426
 - 336s - loss: 194.8426 - kl_loss: 6.0426 - val_loss: 161.4558 - val_kl_loss: 8.2701
Epoch 83/8000

Epoch 00083: val_loss did not improve from 146.30426
 - 340s - loss: 205.1508 - kl_loss: 6.0176 - val_loss: 161.2913 - val_kl_loss: 4.9475
Epoch 84/8000

Epoch 00084: val_loss did not improve from 146.30426
 - 337s - loss: 199.9098 - kl_loss: 5.4806 - val_loss: 179.3000 - val_kl_loss: 4.8222
Epoch 85/8000

Epoch 00085: val_loss did not improve from 146.30426
 - 341s - loss: 192.5979 - kl_loss: 5.6593 - val_loss: 193.9974 - val_kl_loss: 6.8105
Epoch 86/8000

Epoch 00086: val_loss did not improve from 146.30426
 - 340s - loss: 206.4200 - kl_loss: 5.5952 - val_loss: 154.9445 - val_kl_loss: 5.8233
Epoch 87/8000

Epoch 00087: val_loss did not improve from 146.30426
 - 338s - loss: 195.9711 - kl_loss: 6.0792 - val_loss: 187.0634 - val_kl_loss: 6.1527
Epoch 88/8000

Epoch 00088: val_loss did not improve from 146.30426
 - 339s - loss: 193.2590 - kl_loss: 6.1145 - val_loss: 174.1799 - val_kl_loss: 6.2802
Epoch 89/8000

Epoch 00089: val_loss did not improve from 146.30426
 - 338s - loss: 199.7082 - kl_loss: 6.5654 - val_loss: 155.5948 - val_kl_loss: 6.3466
Epoch 90/8000

Epoch 00090: val_loss did not improve from 146.30426
 - 338s - loss: 218.5719 - kl_loss: 6.7780 - val_loss: 169.2486 - val_kl_loss: 5.9818
Epoch 91/8000

Epoch 00091: val_loss did not improve from 146.30426
 - 338s - loss: 202.9374 - kl_loss: 6.0211 - val_loss: 176.8217 - val_kl_loss: 5.8107
Epoch 92/8000

Epoch 00092: val_loss did not improve from 146.30426
 - 343s - loss: 198.8842 - kl_loss: 5.8185 - val_loss: 155.7023 - val_kl_loss: 5.3841
Epoch 93/8000

Epoch 00093: val_loss did not improve from 146.30426
 - 337s - loss: 198.8167 - kl_loss: 6.1196 - val_loss: 181.8774 - val_kl_loss: 6.0903
Epoch 94/8000

Epoch 00094: val_loss improved from 146.30426 to 138.60102, saving model to ../../model_weights/model_2020-08-28_12-49-00.h5
 - 338s - loss: 190.8490 - kl_loss: 6.0498 - val_loss: 138.6010 - val_kl_loss: 5.8608
Epoch 95/8000

Epoch 00095: val_loss did not improve from 138.60102
 - 339s - loss: 193.6642 - kl_loss: 6.2323 - val_loss: 177.6681 - val_kl_loss: 6.5231
Epoch 96/8000

Epoch 00096: val_loss did not improve from 138.60102
 - 338s - loss: 194.7177 - kl_loss: 6.1374 - val_loss: 154.1648 - val_kl_loss: 5.3731
Epoch 97/8000

Epoch 00097: val_loss improved from 138.60102 to 134.36564, saving model to ../../model_weights/model_2020-08-28_12-49-00.h5
 - 338s - loss: 180.4054 - kl_loss: 5.8208 - val_loss: 134.3656 - val_kl_loss: 5.6566
Epoch 98/8000

Epoch 00098: val_loss did not improve from 134.36564
 - 338s - loss: 170.8981 - kl_loss: 5.7611 - val_loss: 149.7590 - val_kl_loss: 6.0346
Epoch 99/8000

Epoch 00099: val_loss did not improve from 134.36564
 - 343s - loss: 202.8922 - kl_loss: 6.5967 - val_loss: 170.1633 - val_kl_loss: 6.0265
Epoch 100/8000

Epoch 00100: val_loss did not improve from 134.36564
 - 337s - loss: 184.6376 - kl_loss: 5.9360 - val_loss: 145.2136 - val_kl_loss: 7.3446
Epoch 101/8000

Epoch 00101: val_loss did not improve from 134.36564
 - 339s - loss: 182.5075 - kl_loss: 6.0444 - val_loss: 147.5045 - val_kl_loss: 5.0974
Epoch 102/8000

Epoch 00102: val_loss did not improve from 134.36564
 - 341s - loss: 198.6195 - kl_loss: 6.2644 - val_loss: 153.0299 - val_kl_loss: 5.3923
Epoch 103/8000

Epoch 00103: val_loss did not improve from 134.36564
 - 336s - loss: 180.4198 - kl_loss: 5.9545 - val_loss: 152.3782 - val_kl_loss: 4.7136
Epoch 104/8000

Epoch 00104: val_loss did not improve from 134.36564
 - 339s - loss: 182.3145 - kl_loss: 5.9965 - val_loss: 135.0487 - val_kl_loss: 5.6263
Epoch 105/8000

Epoch 00105: val_loss did not improve from 134.36564
 - 339s - loss: 183.0211 - kl_loss: 5.8202 - val_loss: 143.0335 - val_kl_loss: 5.5816
Epoch 106/8000

Epoch 00106: val_loss did not improve from 134.36564
 - 341s - loss: 185.4479 - kl_loss: 6.1108 - val_loss: 147.4214 - val_kl_loss: 5.1303
Epoch 107/8000

Epoch 00107: val_loss did not improve from 134.36564
 - 339s - loss: 176.1437 - kl_loss: 5.4202 - val_loss: 140.3199 - val_kl_loss: 4.9160
Epoch 108/8000

Epoch 00108: val_loss improved from 134.36564 to 130.21245, saving model to ../../model_weights/model_2020-08-28_12-49-00.h5
 - 339s - loss: 166.1999 - kl_loss: 5.2459 - val_loss: 130.2124 - val_kl_loss: 5.5604
Epoch 109/8000

Epoch 00109: val_loss did not improve from 130.21245
 - 339s - loss: 169.6796 - kl_loss: 5.1729 - val_loss: 165.0937 - val_kl_loss: 5.0940
Epoch 110/8000

Epoch 00110: val_loss did not improve from 130.21245
 - 337s - loss: 171.0217 - kl_loss: 5.0349 - val_loss: 137.5760 - val_kl_loss: 5.4626
Epoch 111/8000

Epoch 00111: val_loss improved from 130.21245 to 126.92004, saving model to ../../model_weights/model_2020-08-28_12-49-00.h5
 - 339s - loss: 162.3296 - kl_loss: 4.9639 - val_loss: 126.9200 - val_kl_loss: 5.2629
Epoch 112/8000

Epoch 00112: val_loss did not improve from 126.92004
 - 337s - loss: 164.9309 - kl_loss: 5.0737 - val_loss: 150.5665 - val_kl_loss: 5.5847
Epoch 113/8000

Epoch 00113: val_loss did not improve from 126.92004
 - 343s - loss: 164.6895 - kl_loss: 4.8287 - val_loss: 134.2939 - val_kl_loss: 4.1133
Epoch 114/8000

Epoch 00114: val_loss improved from 126.92004 to 122.21363, saving model to ../../model_weights/model_2020-08-28_12-49-00.h5
 - 339s - loss: 170.9969 - kl_loss: 4.7374 - val_loss: 122.2136 - val_kl_loss: 4.0289
Epoch 115/8000

Epoch 00115: val_loss did not improve from 122.21363
 - 337s - loss: 167.8236 - kl_loss: 4.7521 - val_loss: 129.4858 - val_kl_loss: 4.5170
Epoch 116/8000

Epoch 00116: val_loss did not improve from 122.21363
 - 339s - loss: 158.8042 - kl_loss: 4.6939 - val_loss: 124.1358 - val_kl_loss: 4.3822
Epoch 117/8000

Epoch 00117: val_loss did not improve from 122.21363
 - 338s - loss: 168.6545 - kl_loss: 5.0412 - val_loss: 138.1499 - val_kl_loss: 4.8293
Epoch 118/8000

Epoch 00118: val_loss did not improve from 122.21363
 - 338s - loss: 175.3525 - kl_loss: 4.8708 - val_loss: 131.3785 - val_kl_loss: 4.3829
Epoch 119/8000

Epoch 00119: val_loss did not improve from 122.21363
 - 338s - loss: 188.6308 - kl_loss: 5.1364 - val_loss: 214.3809 - val_kl_loss: 5.6582
Epoch 120/8000

Epoch 00120: val_loss did not improve from 122.21363
 - 343s - loss: 193.9420 - kl_loss: 4.8398 - val_loss: 166.1604 - val_kl_loss: 4.3525
Epoch 121/8000

Epoch 00121: val_loss did not improve from 122.21363
 - 338s - loss: 200.6787 - kl_loss: 4.8555 - val_loss: 246.2445 - val_kl_loss: 4.0384
Epoch 122/8000

Epoch 00122: val_loss did not improve from 122.21363
 - 338s - loss: 174.3582 - kl_loss: 4.3732 - val_loss: 135.7401 - val_kl_loss: 4.0769
Epoch 123/8000

Epoch 00123: val_loss did not improve from 122.21363
 - 340s - loss: 153.6992 - kl_loss: 4.0453 - val_loss: 132.3092 - val_kl_loss: 3.9750
Epoch 124/8000

Epoch 00124: val_loss improved from 122.21363 to 121.89119, saving model to ../../model_weights/model_2020-08-28_12-49-00.h5
 - 337s - loss: 159.9134 - kl_loss: 4.3767 - val_loss: 121.8912 - val_kl_loss: 3.8476
Epoch 125/8000

Epoch 00125: val_loss did not improve from 121.89119
 - 338s - loss: 162.1588 - kl_loss: 4.2813 - val_loss: 125.9143 - val_kl_loss: 4.2954
Epoch 126/8000

Epoch 00126: val_loss improved from 121.89119 to 120.81233, saving model to ../../model_weights/model_2020-08-28_12-49-00.h5
 - 340s - loss: 160.0892 - kl_loss: 4.3698 - val_loss: 120.8123 - val_kl_loss: 3.9766
Epoch 127/8000

Epoch 00127: val_loss did not improve from 120.81233
 - 341s - loss: 187.7611 - kl_loss: 4.7279 - val_loss: 126.7524 - val_kl_loss: 3.7314
Epoch 128/8000

Epoch 00128: val_loss did not improve from 120.81233
 - 338s - loss: 167.4920 - kl_loss: 4.6055 - val_loss: 158.4609 - val_kl_loss: 4.6952
Epoch 129/8000

Epoch 00129: val_loss did not improve from 120.81233
 - 339s - loss: 162.0029 - kl_loss: 4.5118 - val_loss: 126.4717 - val_kl_loss: 4.6645
Epoch 130/8000

Epoch 00130: val_loss did not improve from 120.81233
 - 338s - loss: 166.3607 - kl_loss: 4.3676 - val_loss: 129.2983 - val_kl_loss: 3.6022
Epoch 131/8000

Epoch 00131: val_loss did not improve from 120.81233
 - 337s - loss: 165.2087 - kl_loss: 4.2595 - val_loss: 139.4330 - val_kl_loss: 4.7452
Epoch 132/8000

Epoch 00132: val_loss did not improve from 120.81233
 - 339s - loss: 151.0936 - kl_loss: 4.1899 - val_loss: 130.0392 - val_kl_loss: 4.4447
Epoch 133/8000

Epoch 00133: val_loss did not improve from 120.81233
 - 337s - loss: 193.0568 - kl_loss: 4.5459 - val_loss: 185.9123 - val_kl_loss: 4.0633
Epoch 134/8000

Epoch 00134: val_loss did not improve from 120.81233
 - 342s - loss: 181.1066 - kl_loss: 4.2610 - val_loss: 139.9523 - val_kl_loss: 3.7581
Epoch 135/8000

Epoch 00135: val_loss did not improve from 120.81233
 - 340s - loss: 185.9965 - kl_loss: 4.2507 - val_loss: 144.1557 - val_kl_loss: 4.0205
Epoch 136/8000

Epoch 00136: val_loss did not improve from 120.81233
 - 337s - loss: 173.1048 - kl_loss: 4.3015 - val_loss: 154.1109 - val_kl_loss: 3.5431
Epoch 137/8000

Epoch 00137: val_loss improved from 120.81233 to 117.13670, saving model to ../../model_weights/model_2020-08-28_12-49-00.h5
 - 339s - loss: 160.4081 - kl_loss: 3.8593 - val_loss: 117.1367 - val_kl_loss: 3.5012
Epoch 138/8000

Epoch 00138: val_loss did not improve from 117.13670
 - 337s - loss: 154.1136 - kl_loss: 3.9456 - val_loss: 132.7489 - val_kl_loss: 3.8059
Epoch 139/8000

Epoch 00139: val_loss did not improve from 117.13670
 - 339s - loss: 142.7530 - kl_loss: 3.7286 - val_loss: 140.1842 - val_kl_loss: 4.6926
Epoch 140/8000

Epoch 00140: val_loss did not improve from 117.13670
 - 337s - loss: 165.5113 - kl_loss: 4.3843 - val_loss: 142.7690 - val_kl_loss: 3.8410
Epoch 141/8000

Epoch 00141: val_loss did not improve from 117.13670
 - 342s - loss: 165.1434 - kl_loss: 4.4008 - val_loss: 127.5207 - val_kl_loss: 3.7626
Epoch 142/8000

Epoch 00142: val_loss did not improve from 117.13670
 - 339s - loss: 142.9447 - kl_loss: 3.9079 - val_loss: 118.2640 - val_kl_loss: 3.6068
Epoch 143/8000

Epoch 00143: val_loss did not improve from 117.13670
 - 337s - loss: 138.0218 - kl_loss: 3.7843 - val_loss: 125.0321 - val_kl_loss: 4.4099
Epoch 144/8000

Epoch 00144: val_loss did not improve from 117.13670
 - 340s - loss: 145.0588 - kl_loss: 4.3284 - val_loss: 121.7719 - val_kl_loss: 4.1834
Epoch 145/8000

Epoch 00145: val_loss improved from 117.13670 to 116.70043, saving model to ../../model_weights/model_2020-08-28_12-49-00.h5
 - 337s - loss: 138.7605 - kl_loss: 3.6033 - val_loss: 116.7004 - val_kl_loss: 3.6500
Epoch 146/8000

Epoch 00146: val_loss improved from 116.70043 to 111.03905, saving model to ../../model_weights/model_2020-08-28_12-49-00.h5
 - 337s - loss: 134.2558 - kl_loss: 3.5645 - val_loss: 111.0391 - val_kl_loss: 3.4500
Epoch 147/8000

Epoch 00147: val_loss did not improve from 111.03905
 - 339s - loss: 136.4831 - kl_loss: 4.1060 - val_loss: 128.9506 - val_kl_loss: 4.8082
Epoch 148/8000

Epoch 00148: val_loss did not improve from 111.03905
 - 342s - loss: 142.8454 - kl_loss: 4.2468 - val_loss: 125.3635 - val_kl_loss: 4.5340
Epoch 149/8000

Epoch 00149: val_loss did not improve from 111.03905
 - 338s - loss: 137.9326 - kl_loss: 3.7872 - val_loss: 112.4403 - val_kl_loss: 3.8616
Epoch 150/8000

Epoch 00150: val_loss did not improve from 111.03905
 - 339s - loss: 133.2531 - kl_loss: 3.6134 - val_loss: 119.0602 - val_kl_loss: 3.7286
Epoch 151/8000

Epoch 00151: val_loss did not improve from 111.03905
 - 339s - loss: 146.5070 - kl_loss: 4.1694 - val_loss: 142.5615 - val_kl_loss: 4.9330
Epoch 152/8000

Epoch 00152: val_loss did not improve from 111.03905
 - 336s - loss: 149.6853 - kl_loss: 3.9234 - val_loss: 121.4237 - val_kl_loss: 3.4512
Epoch 153/8000

Epoch 00153: val_loss did not improve from 111.03905
 - 339s - loss: 147.0322 - kl_loss: 4.0324 - val_loss: 119.7645 - val_kl_loss: 3.5021
Epoch 154/8000

Epoch 00154: val_loss did not improve from 111.03905
 - 338s - loss: 166.1737 - kl_loss: 4.3360 - val_loss: 149.9671 - val_kl_loss: 3.6908
Epoch 155/8000

Epoch 00155: val_loss improved from 111.03905 to 110.44929, saving model to ../../model_weights/model_2020-08-28_12-49-00.h5
 - 341s - loss: 151.2024 - kl_loss: 3.5810 - val_loss: 110.4493 - val_kl_loss: 3.4428
Epoch 156/8000

Epoch 00156: val_loss did not improve from 110.44929
 - 340s - loss: 139.3604 - kl_loss: 4.0190 - val_loss: 122.6581 - val_kl_loss: 4.2125
Epoch 157/8000

Epoch 00157: val_loss did not improve from 110.44929
 - 338s - loss: 133.5311 - kl_loss: 3.6903 - val_loss: 116.4122 - val_kl_loss: 3.2687
Epoch 158/8000

Epoch 00158: val_loss did not improve from 110.44929
 - 338s - loss: 128.7586 - kl_loss: 3.7095 - val_loss: 143.1021 - val_kl_loss: 6.0737
Epoch 159/8000

Epoch 00159: val_loss did not improve from 110.44929
 - 337s - loss: 140.8052 - kl_loss: 4.2222 - val_loss: 111.7207 - val_kl_loss: 3.4425
Epoch 160/8000

Epoch 00160: val_loss did not improve from 110.44929
 - 340s - loss: 137.8560 - kl_loss: 3.7045 - val_loss: 130.6240 - val_kl_loss: 3.8496
Epoch 161/8000

Epoch 00161: val_loss did not improve from 110.44929
 - 338s - loss: 134.7182 - kl_loss: 3.6053 - val_loss: 115.9272 - val_kl_loss: 3.9490
Epoch 162/8000

Epoch 00162: val_loss improved from 110.44929 to 103.69891, saving model to ../../model_weights/model_2020-08-28_12-49-00.h5
 - 342s - loss: 122.4642 - kl_loss: 3.5651 - val_loss: 103.6989 - val_kl_loss: 3.4817
Epoch 163/8000

Epoch 00163: val_loss improved from 103.69891 to 103.10690, saving model to ../../model_weights/model_2020-08-28_12-49-00.h5
 - 340s - loss: 120.5845 - kl_loss: 3.4390 - val_loss: 103.1069 - val_kl_loss: 3.4881
Epoch 164/8000

Epoch 00164: val_loss did not improve from 103.10690
 - 338s - loss: 118.9168 - kl_loss: 3.5027 - val_loss: 134.0903 - val_kl_loss: 4.9460
Epoch 165/8000

Epoch 00165: val_loss did not improve from 103.10690
 - 339s - loss: 167.1564 - kl_loss: 4.4569 - val_loss: 127.5525 - val_kl_loss: 3.4952
Epoch 166/8000

Epoch 00166: val_loss did not improve from 103.10690
 - 339s - loss: 133.3323 - kl_loss: 3.6194 - val_loss: 107.8848 - val_kl_loss: 3.6174
Epoch 167/8000

Epoch 00167: val_loss did not improve from 103.10690
 - 338s - loss: 124.7231 - kl_loss: 3.5792 - val_loss: 113.4228 - val_kl_loss: 4.0582
Epoch 168/8000

Epoch 00168: val_loss improved from 103.10690 to 100.24492, saving model to ../../model_weights/model_2020-08-28_12-49-00.h5
 - 338s - loss: 119.7269 - kl_loss: 3.4538 - val_loss: 100.2449 - val_kl_loss: 3.5987
Epoch 169/8000

Epoch 00169: val_loss did not improve from 100.24492
 - 343s - loss: 128.0141 - kl_loss: 4.2179 - val_loss: 116.2548 - val_kl_loss: 3.5752
Epoch 170/8000

Epoch 00170: val_loss did not improve from 100.24492
 - 338s - loss: 118.0925 - kl_loss: 3.5720 - val_loss: 106.8753 - val_kl_loss: 4.5334
Epoch 171/8000

Epoch 00171: val_loss did not improve from 100.24492
 - 338s - loss: 130.6924 - kl_loss: 4.2541 - val_loss: 123.3657 - val_kl_loss: 3.5721
Epoch 172/8000

Epoch 00172: val_loss did not improve from 100.24492
 - 341s - loss: 131.0059 - kl_loss: 3.8115 - val_loss: 102.4797 - val_kl_loss: 3.5879
Epoch 173/8000

Epoch 00173: val_loss did not improve from 100.24492
 - 336s - loss: 130.2386 - kl_loss: 4.0029 - val_loss: 108.5511 - val_kl_loss: 3.6404
Epoch 174/8000

Epoch 00174: val_loss did not improve from 100.24492
 - 339s - loss: 127.6135 - kl_loss: 3.8811 - val_loss: 106.8261 - val_kl_loss: 3.8596
Epoch 175/8000

Epoch 00175: val_loss did not improve from 100.24492
 - 339s - loss: 122.7993 - kl_loss: 3.8038 - val_loss: 109.3073 - val_kl_loss: 4.2322
Epoch 176/8000

Epoch 00176: val_loss improved from 100.24492 to 99.01808, saving model to ../../model_weights/model_2020-08-28_12-49-00.h5
 - 341s - loss: 114.2767 - kl_loss: 3.4770 - val_loss: 99.0181 - val_kl_loss: 3.3878
Epoch 177/8000

Epoch 00177: val_loss did not improve from 99.01808
 - 339s - loss: 115.0810 - kl_loss: 3.5169 - val_loss: 99.7469 - val_kl_loss: 3.2548
Epoch 178/8000

Epoch 00178: val_loss did not improve from 99.01808
 - 339s - loss: 114.8307 - kl_loss: 3.4849 - val_loss: 103.3892 - val_kl_loss: 3.9309
Epoch 179/8000

Epoch 00179: val_loss did not improve from 99.01808
 - 338s - loss: 121.7863 - kl_loss: 4.0906 - val_loss: 120.7475 - val_kl_loss: 5.3766
Epoch 180/8000

Epoch 00180: val_loss did not improve from 99.01808
 - 336s - loss: 126.6251 - kl_loss: 3.9907 - val_loss: 106.8701 - val_kl_loss: 3.5029
Epoch 181/8000

Epoch 00181: val_loss did not improve from 99.01808
 - 339s - loss: 123.7019 - kl_loss: 3.6070 - val_loss: 108.2876 - val_kl_loss: 3.7518
Epoch 182/8000

Epoch 00182: val_loss did not improve from 99.01808
 - 340s - loss: 119.3369 - kl_loss: 3.5162 - val_loss: 104.5437 - val_kl_loss: 3.4297
Epoch 183/8000

Epoch 00183: val_loss did not improve from 99.01808
 - 341s - loss: 115.7430 - kl_loss: 3.7189 - val_loss: 108.0137 - val_kl_loss: 3.7266
Epoch 184/8000

Epoch 00184: val_loss did not improve from 99.01808
 - 339s - loss: 129.0180 - kl_loss: 4.1429 - val_loss: 154.2586 - val_kl_loss: 6.2153
Epoch 185/8000

Epoch 00185: val_loss did not improve from 99.01808
 - 340s - loss: 124.8660 - kl_loss: 3.7808 - val_loss: 105.3991 - val_kl_loss: 3.3195
Epoch 186/8000

Epoch 00186: val_loss did not improve from 99.01808
 - 338s - loss: 118.3915 - kl_loss: 3.6620 - val_loss: 110.7800 - val_kl_loss: 4.2902
Epoch 187/8000

Epoch 00187: val_loss did not improve from 99.01808
 - 337s - loss: 132.7685 - kl_loss: 4.3250 - val_loss: 100.5845 - val_kl_loss: 3.2641
Epoch 188/8000

Epoch 00188: val_loss did not improve from 99.01808
 - 339s - loss: 115.0603 - kl_loss: 3.3692 - val_loss: 102.8655 - val_kl_loss: 3.5396
Epoch 189/8000

Epoch 00189: val_loss did not improve from 99.01808
 - 337s - loss: 114.2416 - kl_loss: 3.3793 - val_loss: 108.7092 - val_kl_loss: 3.7058
Epoch 190/8000

Epoch 00190: val_loss improved from 99.01808 to 95.61259, saving model to ../../model_weights/model_2020-08-28_12-49-00.h5
 - 342s - loss: 121.2672 - kl_loss: 4.1440 - val_loss: 95.6126 - val_kl_loss: 3.3788
Epoch 191/8000

Epoch 00191: val_loss did not improve from 95.61259
 - 339s - loss: 115.6701 - kl_loss: 3.4955 - val_loss: 101.4408 - val_kl_loss: 3.4317
Epoch 192/8000

Epoch 00192: val_loss did not improve from 95.61259
 - 337s - loss: 132.9997 - kl_loss: 3.5137 - val_loss: 115.8014 - val_kl_loss: 3.4900
Epoch 193/8000

Epoch 00193: val_loss improved from 95.61259 to 94.79543, saving model to ../../model_weights/model_2020-08-28_12-49-00.h5
 - 340s - loss: 113.3600 - kl_loss: 3.6717 - val_loss: 94.7954 - val_kl_loss: 3.7322
Epoch 194/8000

Epoch 00194: val_loss did not improve from 94.79543
 - 337s - loss: 114.6142 - kl_loss: 4.0162 - val_loss: 131.9236 - val_kl_loss: 5.9182
Epoch 195/8000

Epoch 00195: val_loss did not improve from 94.79543
 - 337s - loss: 114.9808 - kl_loss: 3.7353 - val_loss: 94.8797 - val_kl_loss: 3.4963
Epoch 196/8000

Epoch 00196: val_loss did not improve from 94.79543
 - 338s - loss: 128.0109 - kl_loss: 4.4004 - val_loss: 102.3967 - val_kl_loss: 3.7418
Epoch 197/8000

Epoch 00197: val_loss did not improve from 94.79543
 - 342s - loss: 110.0998 - kl_loss: 3.6078 - val_loss: 112.2944 - val_kl_loss: 4.4015
Epoch 198/8000

Epoch 00198: val_loss did not improve from 94.79543
 - 338s - loss: 121.3826 - kl_loss: 4.0929 - val_loss: 97.5830 - val_kl_loss: 3.3999
Epoch 199/8000

Epoch 00199: val_loss improved from 94.79543 to 93.46356, saving model to ../../model_weights/model_2020-08-28_12-49-00.h5
 - 339s - loss: 108.6803 - kl_loss: 3.3655 - val_loss: 93.4636 - val_kl_loss: 3.4248
Epoch 200/8000

Epoch 00200: val_loss did not improve from 93.46356
 - 339s - loss: 110.9158 - kl_loss: 3.4914 - val_loss: 95.6957 - val_kl_loss: 3.7829
Epoch 201/8000

Epoch 00201: val_loss did not improve from 93.46356
 - 335s - loss: 110.9444 - kl_loss: 3.6363 - val_loss: 104.8635 - val_kl_loss: 3.6673
Epoch 202/8000

Epoch 00202: val_loss did not improve from 93.46356
 - 338s - loss: 113.2105 - kl_loss: 3.4500 - val_loss: 99.2797 - val_kl_loss: 3.3393
Epoch 203/8000

Epoch 00203: val_loss did not improve from 93.46356
 - 339s - loss: 106.7219 - kl_loss: 3.4725 - val_loss: 104.4483 - val_kl_loss: 3.2745
Epoch 204/8000

Epoch 00204: val_loss did not improve from 93.46356
 - 342s - loss: 129.8636 - kl_loss: 3.6454 - val_loss: 107.6961 - val_kl_loss: 3.5611
Epoch 205/8000

Epoch 00205: val_loss did not improve from 93.46356
 - 337s - loss: 124.1043 - kl_loss: 3.6204 - val_loss: 112.9413 - val_kl_loss: 5.0504
Epoch 206/8000

Epoch 00206: val_loss did not improve from 93.46356
 - 339s - loss: 120.7913 - kl_loss: 5.5245 - val_loss: 106.7384 - val_kl_loss: 5.2533
Epoch 207/8000

Epoch 00207: val_loss did not improve from 93.46356
 - 340s - loss: 117.6368 - kl_loss: 4.4091 - val_loss: 98.4944 - val_kl_loss: 3.5230
Epoch 208/8000

Epoch 00208: val_loss did not improve from 93.46356
 - 336s - loss: 114.4407 - kl_loss: 3.5679 - val_loss: 109.3681 - val_kl_loss: 3.6696
Epoch 209/8000

Epoch 00209: val_loss did not improve from 93.46356
 - 339s - loss: 116.9618 - kl_loss: 3.9729 - val_loss: 96.3681 - val_kl_loss: 3.7880
Epoch 210/8000

Epoch 00210: val_loss did not improve from 93.46356
 - 338s - loss: 112.6084 - kl_loss: 3.9465 - val_loss: 106.1258 - val_kl_loss: 4.7370
Epoch 211/8000

Epoch 00211: val_loss improved from 93.46356 to 92.24270, saving model to ../../model_weights/model_2020-08-28_12-49-00.h5
 - 341s - loss: 105.8143 - kl_loss: 3.9926 - val_loss: 92.2427 - val_kl_loss: 4.4038
Epoch 212/8000

Epoch 00212: val_loss improved from 92.24270 to 92.03538, saving model to ../../model_weights/model_2020-08-28_12-49-00.h5
 - 339s - loss: 107.1298 - kl_loss: 3.6620 - val_loss: 92.0354 - val_kl_loss: 3.6931
Epoch 213/8000

Epoch 00213: val_loss did not improve from 92.03538
 - 338s - loss: 102.3786 - kl_loss: 3.5483 - val_loss: 103.2041 - val_kl_loss: 3.4894
Epoch 214/8000

Epoch 00214: val_loss did not improve from 92.03538
 - 338s - loss: 114.9224 - kl_loss: 3.6572 - val_loss: 102.3983 - val_kl_loss: 3.3226
Epoch 215/8000

Epoch 00215: val_loss did not improve from 92.03538
 - 338s - loss: 109.9707 - kl_loss: 3.8618 - val_loss: 98.9421 - val_kl_loss: 4.0479
Epoch 216/8000

Epoch 00216: val_loss did not improve from 92.03538
 - 338s - loss: 108.5119 - kl_loss: 3.5814 - val_loss: 95.4198 - val_kl_loss: 3.3352
Epoch 217/8000

Epoch 00217: val_loss did not improve from 92.03538
 - 337s - loss: 118.7487 - kl_loss: 3.5980 - val_loss: 112.9938 - val_kl_loss: 4.0433
Epoch 218/8000

Epoch 00218: val_loss did not improve from 92.03538
 - 343s - loss: 112.2672 - kl_loss: 4.1431 - val_loss: 97.2508 - val_kl_loss: 4.0004
Epoch 219/8000

Epoch 00219: val_loss did not improve from 92.03538
 - 338s - loss: 125.8160 - kl_loss: 3.6913 - val_loss: 102.6797 - val_kl_loss: 3.7037
Epoch 220/8000

Epoch 00220: val_loss did not improve from 92.03538
 - 338s - loss: 109.9535 - kl_loss: 3.8023 - val_loss: 97.8115 - val_kl_loss: 4.1301
Epoch 221/8000

Epoch 00221: val_loss did not improve from 92.03538
 - 340s - loss: 117.2465 - kl_loss: 4.1080 - val_loss: 105.9786 - val_kl_loss: 5.3448
Epoch 222/8000

Epoch 00222: val_loss did not improve from 92.03538
 - 335s - loss: 118.1371 - kl_loss: 3.9836 - val_loss: 102.9659 - val_kl_loss: 4.0060
Epoch 223/8000

Epoch 00223: val_loss did not improve from 92.03538
 - 337s - loss: 115.3010 - kl_loss: 3.8499 - val_loss: 100.2842 - val_kl_loss: 3.8387
Epoch 224/8000

Epoch 00224: val_loss did not improve from 92.03538
 - 338s - loss: 119.1194 - kl_loss: 3.7406 - val_loss: 120.1481 - val_kl_loss: 4.1114
Epoch 225/8000

Epoch 00225: val_loss did not improve from 92.03538
 - 343s - loss: 127.8287 - kl_loss: 4.4489 - val_loss: 110.6136 - val_kl_loss: 4.2127
Epoch 226/8000

Epoch 00226: val_loss did not improve from 92.03538
 - 337s - loss: 117.7650 - kl_loss: 4.5269 - val_loss: 99.2297 - val_kl_loss: 3.7293
Epoch 227/8000

Epoch 00227: val_loss did not improve from 92.03538
 - 338s - loss: 119.7571 - kl_loss: 3.8245 - val_loss: 97.7070 - val_kl_loss: 4.5037
Epoch 228/8000

Epoch 00228: val_loss did not improve from 92.03538
 - 341s - loss: 124.5844 - kl_loss: 5.0692 - val_loss: 105.3629 - val_kl_loss: 5.3520
Epoch 229/8000

Epoch 00229: val_loss did not improve from 92.03538
 - 336s - loss: 126.1382 - kl_loss: 5.2386 - val_loss: 97.3411 - val_kl_loss: 3.6113
Epoch 230/8000

Epoch 00230: val_loss did not improve from 92.03538
 - 338s - loss: 120.4372 - kl_loss: 3.4961 - val_loss: 99.4532 - val_kl_loss: 3.7350
Epoch 231/8000

Epoch 00231: val_loss did not improve from 92.03538
 - 340s - loss: 116.0760 - kl_loss: 4.3011 - val_loss: 99.2665 - val_kl_loss: 3.7059
Epoch 232/8000

Epoch 00232: val_loss did not improve from 92.03538
 - 341s - loss: 114.5844 - kl_loss: 3.5961 - val_loss: 98.6771 - val_kl_loss: 3.3898
Epoch 233/8000

Epoch 00233: val_loss did not improve from 92.03538
 - 338s - loss: 119.9229 - kl_loss: 3.6013 - val_loss: 102.9631 - val_kl_loss: 3.3931
Epoch 234/8000

Epoch 00234: val_loss did not improve from 92.03538
 - 339s - loss: 110.7472 - kl_loss: 3.6059 - val_loss: 96.6606 - val_kl_loss: 3.9337
Epoch 235/8000

Epoch 00235: val_loss did not improve from 92.03538
 - 338s - loss: 103.9344 - kl_loss: 3.6815 - val_loss: 96.6873 - val_kl_loss: 3.6786
Epoch 236/8000

Epoch 00236: val_loss did not improve from 92.03538
 - 337s - loss: 109.1569 - kl_loss: 3.5485 - val_loss: 99.8275 - val_kl_loss: 3.4386
Epoch 237/8000

Epoch 00237: val_loss did not improve from 92.03538
 - 339s - loss: 105.4694 - kl_loss: 3.6218 - val_loss: 94.2390 - val_kl_loss: 3.4922
Epoch 238/8000

Epoch 00238: val_loss did not improve from 92.03538
 - 337s - loss: 107.2829 - kl_loss: 3.5829 - val_loss: 98.2004 - val_kl_loss: 4.1687
Epoch 239/8000

Epoch 00239: val_loss did not improve from 92.03538
 - 342s - loss: 107.5699 - kl_loss: 3.8192 - val_loss: 97.1561 - val_kl_loss: 3.7795
Epoch 240/8000

Epoch 00240: val_loss did not improve from 92.03538
 - 339s - loss: 115.1109 - kl_loss: 4.2675 - val_loss: 105.6556 - val_kl_loss: 4.3085
Epoch 241/8000

Epoch 00241: val_loss did not improve from 92.03538
 - 337s - loss: 127.1512 - kl_loss: 4.9012 - val_loss: 110.3570 - val_kl_loss: 4.5601
Epoch 242/8000

Epoch 00242: val_loss did not improve from 92.03538
 - 339s - loss: 111.6673 - kl_loss: 3.7117 - val_loss: 101.0270 - val_kl_loss: 3.6950
Epoch 243/8000

Epoch 00243: val_loss did not improve from 92.03538
 - 337s - loss: 113.5842 - kl_loss: 4.1749 - val_loss: 99.7764 - val_kl_loss: 4.2240
Epoch 244/8000

Epoch 00244: val_loss improved from 92.03538 to 91.20126, saving model to ../../model_weights/model_2020-08-28_12-49-00.h5
 - 337s - loss: 109.4926 - kl_loss: 3.5834 - val_loss: 91.2013 - val_kl_loss: 3.6133
Epoch 245/8000

Epoch 00245: val_loss did not improve from 91.20126
 - 337s - loss: 109.9078 - kl_loss: 3.5181 - val_loss: 94.5713 - val_kl_loss: 3.7397
Epoch 246/8000

Epoch 00246: val_loss did not improve from 91.20126
 - 342s - loss: 104.9439 - kl_loss: 3.6463 - val_loss: 100.7478 - val_kl_loss: 4.2950
Epoch 247/8000

Epoch 00247: val_loss did not improve from 91.20126
 - 338s - loss: 109.8164 - kl_loss: 4.2391 - val_loss: 136.8253 - val_kl_loss: 5.2556
Epoch 248/8000

Epoch 00248: val_loss did not improve from 91.20126
 - 337s - loss: 119.4591 - kl_loss: 4.3600 - val_loss: 96.4019 - val_kl_loss: 3.7711
Epoch 249/8000

Epoch 00249: val_loss did not improve from 91.20126
 - 340s - loss: 104.6100 - kl_loss: 3.6865 - val_loss: 95.0001 - val_kl_loss: 3.8669
Epoch 250/8000

Epoch 00250: val_loss improved from 91.20126 to 90.79489, saving model to ../../model_weights/model_2020-08-28_12-49-00.h5
 - 337s - loss: 98.8328 - kl_loss: 3.5404 - val_loss: 90.7949 - val_kl_loss: 3.4638
Epoch 251/8000

Epoch 00251: val_loss did not improve from 90.79489
 - 338s - loss: 105.5371 - kl_loss: 3.4919 - val_loss: 105.2986 - val_kl_loss: 3.7318
Epoch 252/8000

Epoch 00252: val_loss did not improve from 90.79489
 - 339s - loss: 119.1346 - kl_loss: 3.6286 - val_loss: 128.3701 - val_kl_loss: 4.0115
Epoch 253/8000

Epoch 00253: val_loss did not improve from 90.79489
 - 342s - loss: 128.7248 - kl_loss: 3.7351 - val_loss: 97.8385 - val_kl_loss: 4.0104
Epoch 254/8000

Epoch 00254: val_loss did not improve from 90.79489
 - 338s - loss: 109.3599 - kl_loss: 3.6343 - val_loss: 96.4400 - val_kl_loss: 3.5899
Epoch 255/8000

Epoch 00255: val_loss did not improve from 90.79489
 - 339s - loss: 104.0794 - kl_loss: 3.5251 - val_loss: 107.4479 - val_kl_loss: 3.7528
Epoch 256/8000

Epoch 00256: val_loss did not improve from 90.79489
 - 339s - loss: 109.7561 - kl_loss: 3.5826 - val_loss: 97.9965 - val_kl_loss: 3.7165
Epoch 257/8000

Epoch 00257: val_loss did not improve from 90.79489
 - 337s - loss: 107.4261 - kl_loss: 3.5602 - val_loss: 104.6654 - val_kl_loss: 3.5805
Epoch 258/8000

Epoch 00258: val_loss did not improve from 90.79489
 - 339s - loss: 115.4010 - kl_loss: 3.5946 - val_loss: 102.0219 - val_kl_loss: 3.8105
Epoch 259/8000

Epoch 00259: val_loss did not improve from 90.79489
 - 337s - loss: 115.7143 - kl_loss: 3.5838 - val_loss: 107.4834 - val_kl_loss: 3.6986
Epoch 260/8000

Epoch 00260: val_loss did not improve from 90.79489
 - 342s - loss: 112.5343 - kl_loss: 3.5714 - val_loss: 110.4273 - val_kl_loss: 3.8638
Epoch 261/8000

Epoch 00261: val_loss did not improve from 90.79489
 - 339s - loss: 121.0782 - kl_loss: 3.6076 - val_loss: 112.6415 - val_kl_loss: 3.9421
Epoch 262/8000

Epoch 00262: val_loss did not improve from 90.79489
 - 337s - loss: 113.5313 - kl_loss: 3.6384 - val_loss: 102.7112 - val_kl_loss: 3.4745
Epoch 263/8000

Epoch 00263: val_loss did not improve from 90.79489
 - 340s - loss: 115.2010 - kl_loss: 3.5738 - val_loss: 104.1181 - val_kl_loss: 3.5304
Epoch 264/8000

Epoch 00264: val_loss did not improve from 90.79489
 - 337s - loss: 109.2304 - kl_loss: 3.5985 - val_loss: 93.4000 - val_kl_loss: 3.8228
Epoch 265/8000

Epoch 00265: val_loss did not improve from 90.79489
 - 337s - loss: 105.3334 - kl_loss: 3.6401 - val_loss: 104.7698 - val_kl_loss: 3.7666
Epoch 266/8000

Epoch 00266: val_loss did not improve from 90.79489
 - 338s - loss: 104.8642 - kl_loss: 3.6536 - val_loss: 98.1681 - val_kl_loss: 3.5465
Epoch 267/8000

Epoch 00267: val_loss did not improve from 90.79489
 - 342s - loss: 102.2528 - kl_loss: 3.7341 - val_loss: 93.5440 - val_kl_loss: 4.0785
Epoch 268/8000

Epoch 00268: val_loss did not improve from 90.79489
 - 338s - loss: 101.2805 - kl_loss: 3.9134 - val_loss: 94.0857 - val_kl_loss: 4.1896
Epoch 269/8000

Epoch 00269: val_loss did not improve from 90.79489
 - 338s - loss: 104.9168 - kl_loss: 4.2090 - val_loss: 98.8339 - val_kl_loss: 5.0952
Epoch 270/8000

Epoch 00270: val_loss did not improve from 90.79489
 - 340s - loss: 109.5101 - kl_loss: 4.5325 - val_loss: 95.2936 - val_kl_loss: 4.4910
Epoch 271/8000

Epoch 00271: val_loss did not improve from 90.79489
 - 336s - loss: 102.4731 - kl_loss: 4.2523 - val_loss: 96.0272 - val_kl_loss: 4.0646
Epoch 272/8000

Epoch 00272: val_loss did not improve from 90.79489
 - 338s - loss: 98.1741 - kl_loss: 3.8386 - val_loss: 90.9200 - val_kl_loss: 3.7663
Epoch 273/8000

Epoch 00273: val_loss did not improve from 90.79489
 - 339s - loss: 109.1154 - kl_loss: 4.7107 - val_loss: 105.9149 - val_kl_loss: 5.0390
Epoch 274/8000

Epoch 00274: val_loss did not improve from 90.79489
 - 341s - loss: 113.1850 - kl_loss: 4.1828 - val_loss: 102.1026 - val_kl_loss: 3.7922
Epoch 275/8000

Epoch 00275: val_loss did not improve from 90.79489
 - 339s - loss: 106.0364 - kl_loss: 4.0464 - val_loss: 93.1351 - val_kl_loss: 4.0200
Epoch 276/8000

Epoch 00276: val_loss did not improve from 90.79489
 - 339s - loss: 113.7393 - kl_loss: 4.2804 - val_loss: 92.1221 - val_kl_loss: 3.7228
Epoch 277/8000

Epoch 00277: val_loss did not improve from 90.79489
 - 338s - loss: 108.4895 - kl_loss: 4.3028 - val_loss: 102.4462 - val_kl_loss: 4.3444
Epoch 278/8000

Epoch 00278: val_loss did not improve from 90.79489
 - 338s - loss: 103.5232 - kl_loss: 3.6585 - val_loss: 92.9275 - val_kl_loss: 3.7497
Epoch 279/8000

Epoch 00279: val_loss improved from 90.79489 to 89.33313, saving model to ../../model_weights/model_2020-08-28_12-49-00.h5
 - 339s - loss: 98.3472 - kl_loss: 3.9038 - val_loss: 89.3331 - val_kl_loss: 3.7748
Epoch 280/8000

Epoch 00280: val_loss did not improve from 89.33313
 - 338s - loss: 106.8840 - kl_loss: 4.2602 - val_loss: 103.7464 - val_kl_loss: 4.6093
Epoch 281/8000

Epoch 00281: val_loss did not improve from 89.33313
 - 342s - loss: 118.4933 - kl_loss: 4.7264 - val_loss: 124.4221 - val_kl_loss: 5.0081
Epoch 282/8000

Epoch 00282: val_loss did not improve from 89.33313
 - 337s - loss: 153.7869 - kl_loss: 4.7850 - val_loss: 117.2237 - val_kl_loss: 3.9558
Epoch 283/8000

Epoch 00283: val_loss did not improve from 89.33313
 - 338s - loss: 132.9713 - kl_loss: 3.8035 - val_loss: 98.7422 - val_kl_loss: 3.4231
Epoch 284/8000

Epoch 00284: val_loss did not improve from 89.33313
 - 340s - loss: 116.0842 - kl_loss: 3.4976 - val_loss: 99.6536 - val_kl_loss: 3.7643
Epoch 285/8000

Epoch 00285: val_loss did not improve from 89.33313
 - 335s - loss: 109.4974 - kl_loss: 3.7387 - val_loss: 105.9606 - val_kl_loss: 3.4674
Epoch 286/8000

Epoch 00286: val_loss did not improve from 89.33313
 - 338s - loss: 107.2934 - kl_loss: 3.9795 - val_loss: 102.5879 - val_kl_loss: 4.3804
Epoch 287/8000

Epoch 00287: val_loss did not improve from 89.33313
 - 338s - loss: 116.3955 - kl_loss: 4.3394 - val_loss: 119.0492 - val_kl_loss: 5.2640
Epoch 288/8000

Epoch 00288: val_loss did not improve from 89.33313
 - 342s - loss: 109.5796 - kl_loss: 4.1712 - val_loss: 100.2555 - val_kl_loss: 5.0234
Epoch 289/8000

Epoch 00289: val_loss did not improve from 89.33313
 - 338s - loss: 109.5958 - kl_loss: 4.3166 - val_loss: 94.3602 - val_kl_loss: 4.3888
Epoch 290/8000

Epoch 00290: val_loss did not improve from 89.33313
 - 339s - loss: 108.9437 - kl_loss: 4.6518 - val_loss: 98.0147 - val_kl_loss: 4.5778
Epoch 291/8000

Epoch 00291: val_loss did not improve from 89.33313
 - 339s - loss: 101.5589 - kl_loss: 3.7032 - val_loss: 97.5011 - val_kl_loss: 3.9169
Epoch 292/8000

Epoch 00292: val_loss did not improve from 89.33313
 - 337s - loss: 99.2263 - kl_loss: 3.7161 - val_loss: 97.6229 - val_kl_loss: 4.4036
Epoch 293/8000

Epoch 00293: val_loss did not improve from 89.33313
 - 339s - loss: 98.0558 - kl_loss: 3.7838 - val_loss: 98.1913 - val_kl_loss: 3.9820
Epoch 294/8000

Epoch 00294: val_loss did not improve from 89.33313
 - 337s - loss: 98.2682 - kl_loss: 3.8367 - val_loss: 94.7594 - val_kl_loss: 4.3247
Epoch 295/8000

Epoch 00295: val_loss did not improve from 89.33313
 - 342s - loss: 118.3168 - kl_loss: 5.1349 - val_loss: 104.5737 - val_kl_loss: 4.7104
Epoch 296/8000

Epoch 00296: val_loss did not improve from 89.33313
 - 339s - loss: 128.5264 - kl_loss: 5.0689 - val_loss: 117.9320 - val_kl_loss: 3.6270
Epoch 297/8000

Epoch 00297: val_loss did not improve from 89.33313
 - 338s - loss: 108.8375 - kl_loss: 4.2484 - val_loss: 99.6825 - val_kl_loss: 3.5689
Epoch 298/8000

Epoch 00298: val_loss did not improve from 89.33313
 - 340s - loss: 118.0992 - kl_loss: 4.4112 - val_loss: 115.4626 - val_kl_loss: 4.9433
Epoch 299/8000

Epoch 00299: val_loss did not improve from 89.33313
 - 336s - loss: 118.6599 - kl_loss: 4.1443 - val_loss: 99.5771 - val_kl_loss: 3.8780
Epoch 300/8000

Epoch 00300: val_loss did not improve from 89.33313
 - 339s - loss: 103.1671 - kl_loss: 3.7885 - val_loss: 93.3658 - val_kl_loss: 3.6619
Epoch 301/8000

Epoch 00301: val_loss did not improve from 89.33313
 - 339s - loss: 101.5751 - kl_loss: 3.9925 - val_loss: 97.7132 - val_kl_loss: 4.2401
Epoch 302/8000

Epoch 00302: val_loss did not improve from 89.33313
 - 341s - loss: 123.3366 - kl_loss: 4.3914 - val_loss: 112.5767 - val_kl_loss: 4.3752
Epoch 303/8000

Epoch 00303: val_loss did not improve from 89.33313
 - 339s - loss: 117.6317 - kl_loss: 3.7648 - val_loss: 98.0260 - val_kl_loss: 3.3789
Epoch 304/8000

Epoch 00304: val_loss did not improve from 89.33313
 - 339s - loss: 98.0380 - kl_loss: 3.3771 - val_loss: 97.4290 - val_kl_loss: 3.4894
Epoch 305/8000

Epoch 00305: val_loss did not improve from 89.33313
 - 338s - loss: 95.8792 - kl_loss: 3.4673 - val_loss: 91.2213 - val_kl_loss: 3.4588
Epoch 306/8000

Epoch 00306: val_loss improved from 89.33313 to 89.17863, saving model to ../../model_weights/model_2020-08-28_12-49-00.h5
 - 337s - loss: 96.2825 - kl_loss: 3.4162 - val_loss: 89.1786 - val_kl_loss: 3.5224
Epoch 307/8000

Epoch 00307: val_loss did not improve from 89.17863
 - 339s - loss: 94.8768 - kl_loss: 3.6460 - val_loss: 91.5886 - val_kl_loss: 3.6990
Epoch 308/8000

Epoch 00308: val_loss did not improve from 89.17863
 - 338s - loss: 93.6086 - kl_loss: 3.6396 - val_loss: 94.7951 - val_kl_loss: 3.9789
Epoch 309/8000

Epoch 00309: val_loss did not improve from 89.17863
 - 341s - loss: 125.5094 - kl_loss: 4.6454 - val_loss: 104.0715 - val_kl_loss: 4.0379
Epoch 310/8000

Epoch 00310: val_loss did not improve from 89.17863
 - 339s - loss: 129.3552 - kl_loss: 4.1655 - val_loss: 130.9201 - val_kl_loss: 5.3550
Epoch 311/8000

Epoch 00311: val_loss did not improve from 89.17863
 - 337s - loss: 121.0606 - kl_loss: 3.8436 - val_loss: 105.4897 - val_kl_loss: 3.5700
Epoch 312/8000

Epoch 00312: val_loss did not improve from 89.17863
 - 339s - loss: 103.9561 - kl_loss: 3.3980 - val_loss: 94.0294 - val_kl_loss: 3.5417
Epoch 313/8000

Epoch 00313: val_loss did not improve from 89.17863
 - 337s - loss: 105.1977 - kl_loss: 3.4903 - val_loss: 103.6476 - val_kl_loss: 3.4473
Epoch 314/8000

Epoch 00314: val_loss did not improve from 89.17863
 - 337s - loss: 104.5766 - kl_loss: 3.4279 - val_loss: 92.2430 - val_kl_loss: 3.4886
Epoch 315/8000

Epoch 00315: val_loss did not improve from 89.17863
 - 338s - loss: 105.9709 - kl_loss: 3.5380 - val_loss: 92.6703 - val_kl_loss: 3.6703
Epoch 316/8000

Epoch 00316: val_loss did not improve from 89.17863
 - 342s - loss: 97.5152 - kl_loss: 3.4494 - val_loss: 91.0132 - val_kl_loss: 3.4653
Epoch 317/8000

Epoch 00317: val_loss did not improve from 89.17863
 - 338s - loss: 103.4585 - kl_loss: 3.5307 - val_loss: 90.4861 - val_kl_loss: 3.6399
Epoch 318/8000

Epoch 00318: val_loss improved from 89.17863 to 86.68958, saving model to ../../model_weights/model_2020-08-28_12-49-00.h5
 - 339s - loss: 96.9391 - kl_loss: 3.6479 - val_loss: 86.6896 - val_kl_loss: 3.3210
Epoch 319/8000

Epoch 00319: val_loss did not improve from 86.68958
 - 339s - loss: 98.8838 - kl_loss: 3.9375 - val_loss: 93.3555 - val_kl_loss: 3.8312
Epoch 320/8000

Epoch 00320: val_loss did not improve from 86.68958
 - 336s - loss: 100.5651 - kl_loss: 4.0040 - val_loss: 90.9569 - val_kl_loss: 3.6103
Epoch 321/8000

Epoch 00321: val_loss did not improve from 86.68958
 - 339s - loss: 106.4071 - kl_loss: 3.9998 - val_loss: 93.5422 - val_kl_loss: 4.0373
Epoch 322/8000

Epoch 00322: val_loss did not improve from 86.68958
 - 337s - loss: 121.8286 - kl_loss: 4.6040 - val_loss: 140.2676 - val_kl_loss: 5.2569
Epoch 323/8000

Epoch 00323: val_loss did not improve from 86.68958
 - 342s - loss: 119.4036 - kl_loss: 3.9973 - val_loss: 107.8526 - val_kl_loss: 4.4106
Epoch 324/8000

Epoch 00324: val_loss did not improve from 86.68958
 - 339s - loss: 114.8387 - kl_loss: 4.4227 - val_loss: 94.6539 - val_kl_loss: 3.4608
Epoch 325/8000

Epoch 00325: val_loss did not improve from 86.68958
 - 337s - loss: 110.8757 - kl_loss: 4.0106 - val_loss: 103.5381 - val_kl_loss: 3.9838
Epoch 326/8000

Epoch 00326: val_loss did not improve from 86.68958
 - 339s - loss: 108.7765 - kl_loss: 4.0282 - val_loss: 100.3211 - val_kl_loss: 4.2788
Epoch 327/8000

Epoch 00327: val_loss did not improve from 86.68958
 - 337s - loss: 100.7820 - kl_loss: 3.8362 - val_loss: 90.8746 - val_kl_loss: 3.7087
Epoch 328/8000

Epoch 00328: val_loss did not improve from 86.68958
 - 338s - loss: 98.5827 - kl_loss: 3.9473 - val_loss: 97.4881 - val_kl_loss: 4.0807
Epoch 329/8000

Epoch 00329: val_loss did not improve from 86.68958
 - 338s - loss: 116.1210 - kl_loss: 4.2121 - val_loss: 96.1192 - val_kl_loss: 3.7851
Epoch 330/8000

Epoch 00330: val_loss did not improve from 86.68958
 - 342s - loss: 98.8596 - kl_loss: 3.7054 - val_loss: 90.9037 - val_kl_loss: 3.9169
Epoch 331/8000

Epoch 00331: val_loss did not improve from 86.68958
 - 338s - loss: 107.9264 - kl_loss: 4.1687 - val_loss: 113.2344 - val_kl_loss: 4.3224
Epoch 332/8000

Epoch 00332: val_loss did not improve from 86.68958
 - 338s - loss: 100.1605 - kl_loss: 3.8034 - val_loss: 97.4597 - val_kl_loss: 4.2696
Epoch 333/8000

Epoch 00333: val_loss did not improve from 86.68958
 - 340s - loss: 128.4134 - kl_loss: 4.5621 - val_loss: 101.2768 - val_kl_loss: 3.8333
Epoch 334/8000

Epoch 00334: val_loss did not improve from 86.68958
 - 336s - loss: 110.9806 - kl_loss: 3.8034 - val_loss: 100.0069 - val_kl_loss: 3.6517
Epoch 335/8000

Epoch 00335: val_loss did not improve from 86.68958
 - 338s - loss: 108.3680 - kl_loss: 3.4649 - val_loss: 102.6445 - val_kl_loss: 3.5406
Epoch 336/8000

Epoch 00336: val_loss did not improve from 86.68958
 - 339s - loss: 107.6138 - kl_loss: 3.3921 - val_loss: 92.0472 - val_kl_loss: 3.2934
Epoch 337/8000

Epoch 00337: val_loss did not improve from 86.68958
 - 341s - loss: 101.2862 - kl_loss: 3.5296 - val_loss: 94.8208 - val_kl_loss: 3.5989
Epoch 338/8000

Epoch 00338: val_loss did not improve from 86.68958
 - 338s - loss: 93.0510 - kl_loss: 3.5673 - val_loss: 92.7283 - val_kl_loss: 3.2867
Epoch 339/8000

Epoch 00339: val_loss improved from 86.68958 to 86.13344, saving model to ../../model_weights/model_2020-08-28_12-49-00.h5
 - 339s - loss: 91.5141 - kl_loss: 3.4978 - val_loss: 86.1334 - val_kl_loss: 3.6185
Epoch 340/8000

Epoch 00340: val_loss did not improve from 86.13344
 - 338s - loss: 96.9139 - kl_loss: 3.5424 - val_loss: 90.8365 - val_kl_loss: 3.5065
Epoch 341/8000

Epoch 00341: val_loss did not improve from 86.13344
 - 337s - loss: 117.0863 - kl_loss: 4.3345 - val_loss: 127.5132 - val_kl_loss: 5.6175
Epoch 342/8000

Epoch 00342: val_loss did not improve from 86.13344
 - 339s - loss: 105.1984 - kl_loss: 3.6601 - val_loss: 109.2889 - val_kl_loss: 3.9590
Epoch 343/8000

Epoch 00343: val_loss did not improve from 86.13344
 - 337s - loss: 117.1994 - kl_loss: 4.0119 - val_loss: 98.0579 - val_kl_loss: 3.7507
Epoch 344/8000

Epoch 00344: val_loss did not improve from 86.13344
 - 342s - loss: 99.5044 - kl_loss: 3.4960 - val_loss: 95.7232 - val_kl_loss: 3.3116
Epoch 345/8000

Epoch 00345: val_loss did not improve from 86.13344
 - 339s - loss: 102.2297 - kl_loss: 3.5416 - val_loss: 93.8104 - val_kl_loss: 3.8275
Epoch 346/8000

Epoch 00346: val_loss did not improve from 86.13344
 - 337s - loss: 95.9536 - kl_loss: 3.6287 - val_loss: 104.2917 - val_kl_loss: 4.8952
Epoch 347/8000

Epoch 00347: val_loss did not improve from 86.13344
 - 339s - loss: 92.5346 - kl_loss: 3.8296 - val_loss: 90.3735 - val_kl_loss: 3.7876
Epoch 348/8000

Epoch 00348: val_loss did not improve from 86.13344
 - 337s - loss: 95.6293 - kl_loss: 3.7953 - val_loss: 90.0014 - val_kl_loss: 3.8964
Epoch 349/8000

Epoch 00349: val_loss did not improve from 86.13344
 - 339s - loss: 94.4422 - kl_loss: 3.7467 - val_loss: 92.1438 - val_kl_loss: 3.7337
Epoch 350/8000

Epoch 00350: val_loss did not improve from 86.13344
 - 337s - loss: 110.9530 - kl_loss: 4.5853 - val_loss: 92.7691 - val_kl_loss: 3.8008
Epoch 351/8000

Epoch 00351: val_loss did not improve from 86.13344
 - 342s - loss: 97.4790 - kl_loss: 3.7659 - val_loss: 91.1866 - val_kl_loss: 3.8086
Epoch 352/8000

Epoch 00352: val_loss did not improve from 86.13344
 - 339s - loss: 94.3433 - kl_loss: 4.0719 - val_loss: 97.3683 - val_kl_loss: 4.4295
Epoch 353/8000

Epoch 00353: val_loss did not improve from 86.13344
 - 338s - loss: 93.0475 - kl_loss: 3.6867 - val_loss: 88.3837 - val_kl_loss: 3.6732
Epoch 354/8000

Epoch 00354: val_loss did not improve from 86.13344
 - 340s - loss: 95.8081 - kl_loss: 3.9666 - val_loss: 89.4852 - val_kl_loss: 3.7441
Epoch 355/8000

Epoch 00355: val_loss did not improve from 86.13344
 - 336s - loss: 88.9174 - kl_loss: 3.6228 - val_loss: 91.3109 - val_kl_loss: 3.9386
Epoch 356/8000

Epoch 00356: val_loss did not improve from 86.13344
 - 338s - loss: 88.4895 - kl_loss: 3.6531 - val_loss: 93.8287 - val_kl_loss: 3.6500
Epoch 357/8000

Epoch 00357: val_loss did not improve from 86.13344
 - 338s - loss: 97.9663 - kl_loss: 3.8583 - val_loss: 118.4370 - val_kl_loss: 5.1114
Epoch 358/8000

Epoch 00358: val_loss did not improve from 86.13344
 - 341s - loss: 133.0474 - kl_loss: 4.5620 - val_loss: 109.4344 - val_kl_loss: 4.0921
Epoch 359/8000

Epoch 00359: val_loss did not improve from 86.13344
 - 338s - loss: 118.6751 - kl_loss: 4.3630 - val_loss: 111.7172 - val_kl_loss: 4.0418
Epoch 360/8000

Epoch 00360: val_loss did not improve from 86.13344
 - 339s - loss: 115.8242 - kl_loss: 4.5316 - val_loss: 106.6819 - val_kl_loss: 4.6276
Epoch 361/8000

Epoch 00361: val_loss did not improve from 86.13344
 - 339s - loss: 123.2833 - kl_loss: 4.5261 - val_loss: 102.4762 - val_kl_loss: 4.0923
Epoch 362/8000

Epoch 00362: val_loss did not improve from 86.13344
 - 336s - loss: 104.4740 - kl_loss: 3.9584 - val_loss: 92.9621 - val_kl_loss: 3.7447
Epoch 363/8000

Epoch 00363: val_loss did not improve from 86.13344
 - 339s - loss: 117.8479 - kl_loss: 4.3166 - val_loss: 107.9703 - val_kl_loss: 3.9596
Epoch 364/8000

Epoch 00364: val_loss did not improve from 86.13344
 - 337s - loss: 161.8620 - kl_loss: 5.2014 - val_loss: 127.8949 - val_kl_loss: 4.5712
Epoch 365/8000

Epoch 00365: val_loss did not improve from 86.13344
 - 342s - loss: 123.8735 - kl_loss: 3.9625 - val_loss: 102.7537 - val_kl_loss: 3.4804
Epoch 366/8000

Epoch 00366: val_loss did not improve from 86.13344
 - 339s - loss: 104.7268 - kl_loss: 3.7133 - val_loss: 94.3696 - val_kl_loss: 3.4682
Epoch 367/8000

Epoch 00367: val_loss did not improve from 86.13344
 - 337s - loss: 99.1492 - kl_loss: 3.4545 - val_loss: 96.8492 - val_kl_loss: 3.4457
Epoch 368/8000

Epoch 00368: val_loss did not improve from 86.13344
 - 338s - loss: 96.8971 - kl_loss: 3.4147 - val_loss: 91.3331 - val_kl_loss: 3.4939
Epoch 369/8000

Epoch 00369: val_loss did not improve from 86.13344
 - 337s - loss: 93.4377 - kl_loss: 3.5469 - val_loss: 95.0258 - val_kl_loss: 3.6649
Epoch 370/8000

Epoch 00370: val_loss did not improve from 86.13344
 - 339s - loss: 95.1192 - kl_loss: 3.6525 - val_loss: 98.2859 - val_kl_loss: 3.9578
Epoch 371/8000

Epoch 00371: val_loss did not improve from 86.13344
 - 337s - loss: 93.3166 - kl_loss: 3.5135 - val_loss: 89.9744 - val_kl_loss: 3.5619
Epoch 372/8000

Epoch 00372: val_loss did not improve from 86.13344
 - 341s - loss: 92.7849 - kl_loss: 3.4367 - val_loss: 88.0940 - val_kl_loss: 3.4046
Epoch 373/8000

Epoch 00373: val_loss did not improve from 86.13344
 - 339s - loss: 91.5842 - kl_loss: 3.5171 - val_loss: 90.1008 - val_kl_loss: 3.2321
Epoch 374/8000

Epoch 00374: val_loss did not improve from 86.13344
 - 337s - loss: 92.3290 - kl_loss: 3.5643 - val_loss: 92.0195 - val_kl_loss: 3.5669
Epoch 375/8000

Epoch 00375: val_loss did not improve from 86.13344
 - 339s - loss: 90.7914 - kl_loss: 3.5982 - val_loss: 89.0254 - val_kl_loss: 3.5838
Epoch 376/8000

Epoch 00376: val_loss did not improve from 86.13344
 - 337s - loss: 94.5876 - kl_loss: 3.4919 - val_loss: 93.7204 - val_kl_loss: 3.5945
Epoch 377/8000

Epoch 00377: val_loss did not improve from 86.13344
 - 337s - loss: 94.8876 - kl_loss: 3.4787 - val_loss: 91.3162 - val_kl_loss: 3.8127
Epoch 378/8000

Epoch 00378: val_loss did not improve from 86.13344
 - 338s - loss: 97.7123 - kl_loss: 3.6190 - val_loss: 95.0524 - val_kl_loss: 3.4674
Epoch 379/8000

Epoch 00379: val_loss did not improve from 86.13344
 - 342s - loss: 95.0529 - kl_loss: 3.5396 - val_loss: 98.6330 - val_kl_loss: 3.7318
Epoch 380/8000

Epoch 00380: val_loss did not improve from 86.13344
 - 337s - loss: 102.5986 - kl_loss: 3.6158 - val_loss: 115.5346 - val_kl_loss: 3.6305
Epoch 381/8000

Epoch 00381: val_loss did not improve from 86.13344
 - 338s - loss: 108.7798 - kl_loss: 3.7622 - val_loss: 100.0662 - val_kl_loss: 4.1204
Epoch 382/8000

Epoch 00382: val_loss did not improve from 86.13344
 - 339s - loss: 97.7453 - kl_loss: 3.5633 - val_loss: 90.7209 - val_kl_loss: 3.4602
Epoch 383/8000

Epoch 00383: val_loss did not improve from 86.13344
 - 336s - loss: 93.9632 - kl_loss: 3.7153 - val_loss: 96.7155 - val_kl_loss: 3.6068
Epoch 384/8000

Epoch 00384: val_loss did not improve from 86.13344
 - 338s - loss: 95.1430 - kl_loss: 3.6066 - val_loss: 98.4464 - val_kl_loss: 3.8748
Epoch 385/8000

Epoch 00385: val_loss did not improve from 86.13344
 - 338s - loss: 95.6913 - kl_loss: 3.4655 - val_loss: 88.8155 - val_kl_loss: 3.2824
Epoch 386/8000

Epoch 00386: val_loss did not improve from 86.13344
 - 341s - loss: 98.2804 - kl_loss: 3.6530 - val_loss: 101.8396 - val_kl_loss: 3.8631
Epoch 387/8000

Epoch 00387: val_loss did not improve from 86.13344
 - 338s - loss: 94.5001 - kl_loss: 3.5311 - val_loss: 95.5854 - val_kl_loss: 3.5269
Epoch 388/8000

Epoch 00388: val_loss did not improve from 86.13344
 - 338s - loss: 91.4087 - kl_loss: 3.5467 - val_loss: 89.9437 - val_kl_loss: 3.6673
Epoch 389/8000

Epoch 00389: val_loss did not improve from 86.13344
 - 337s - loss: 89.1381 - kl_loss: 3.6676 - val_loss: 100.2385 - val_kl_loss: 3.9288
Epoch 00389: early stopping
