[I 14:06:16.510 LabApp] JupyterLab extension loaded from /home/jkok1g14/anaconda3/envs/jakub-tf/lib/python3.5/site-packages/jupyterlab
[I 14:06:16.510 LabApp] JupyterLab application directory is /home/jkok1g14/anaconda3/envs/jakub-tf/share/jupyter/lab
[I 14:06:16.513 LabApp] Serving notebooks from local directory: /data/jkok1g14/autoencoder
[I 14:06:16.513 LabApp] The Jupyter Notebook is running at:
[I 14:06:16.513 LabApp] http://localhost:9000/?token=351b967f67490e48f9fe6d5e4c85f6fe1ff6afc7fd80ddb2
[I 14:06:16.513 LabApp]  or http://127.0.0.1:9000/?token=351b967f67490e48f9fe6d5e4c85f6fe1ff6afc7fd80ddb2
[I 14:06:16.513 LabApp] Use Control-C to stop this server and shut down all kernels (twice to skip confirmation).
[C 14:06:16.516 LabApp] 
    
    To access the notebook, open this file in a browser:
        file:///home/jkok1g14/.local/share/jupyter/runtime/nbserver-21054-open.html
    Or copy and paste one of these URLs:
        http://localhost:9000/?token=351b967f67490e48f9fe6d5e4c85f6fe1ff6afc7fd80ddb2
     or http://127.0.0.1:9000/?token=351b967f67490e48f9fe6d5e4c85f6fe1ff6afc7fd80ddb2
[W 14:07:16.350 LabApp] Could not determine jupyterlab build status without nodejs
[I 14:07:16.898 LabApp] New terminal with automatic name: 1
TermSocket.open: 1
TermSocket.open: Opened 1
[I 14:07:17.746 LabApp] Kernel started: 66701bde-3a92-40da-81a5-d091c4fad24e
[I 14:07:18.251 LabApp] Adapting from protocol version 5.1 (kernel 66701bde-3a92-40da-81a5-d091c4fad24e) to 5.3 (client).
[I 14:07:18.258 LabApp] Adapting from protocol version 5.1 (kernel 66701bde-3a92-40da-81a5-d091c4fad24e) to 5.3 (client).
[I 14:15:17.613 LabApp] Saving file at /jupyter/model_eval.ipynb
[I 14:39:17.868 LabApp] Saving file at /jupyter/model_eval.ipynb
[I 14:41:18.105 LabApp] Saving file at /jupyter/model_eval.ipynb
[I 14:43:17.249 LabApp] Saving file at /gru_model_with_errors.py
[I 14:44:14.100 LabApp] Saving file at /gru_model_with_errors.py
[I 14:45:18.326 LabApp] Saving file at /jupyter/model_eval.ipynb
[I 14:45:45.956 LabApp] Kernel restarted: 66701bde-3a92-40da-81a5-d091c4fad24e
[I 15:54:12.774 LabApp] Creating new directory in /
[W 15:54:59.766 LabApp] delete /lstm-ae-2.out
[W 15:54:59.766 LabApp] Skipping trash for /data/jkok1g14/autoencoder/lstm-ae-2.out, on different device to home directory
[W 15:54:59.767 LabApp] delete /lstm-ae-3.out
[W 15:54:59.767 LabApp] Skipping trash for /data/jkok1g14/autoencoder/lstm-ae-3.out, on different device to home directory
[W 15:54:59.769 LabApp] delete /lstm-ae.out
[W 15:54:59.769 LabApp] Skipping trash for /data/jkok1g14/autoencoder/lstm-ae.out, on different device to home directory
[W 15:54:59.773 LabApp] delete /reco.txt
[W 15:54:59.773 LabApp] Skipping trash for /data/jkok1g14/autoencoder/reco.txt, on different device to home directory
[I 15:57:40.580 LabApp] Saving file at /gru_model_with_errors.py
[W 15:59:02.501 LabApp] delete /grs1915-lstm-autoencoder.py
[W 15:59:02.501 LabApp] Skipping trash for /data/jkok1g14/autoencoder/grs1915-lstm-autoencoder.py, on different device to home directory
[W 15:59:07.186 LabApp] delete /grs1915-lstm-autoencoder-CuDNN.py
[W 15:59:07.186 LabApp] Skipping trash for /data/jkok1g14/autoencoder/grs1915-lstm-autoencoder-CuDNN.py, on different device to home directory
2020-04-29 13:03:58.427897: I tensorflow/core/platform/cpu_feature_guard.cc:141] Your CPU supports instructions that this TensorFlow binary was not compiled to use: SSE4.1 SSE4.2 AVX
2020-04-29 13:03:58.787415: I tensorflow/stream_executor/cuda/cuda_gpu_executor.cc:897] successful NUMA node read from SysFS had negative value (-1), but there must be at least one NUMA node, so returning NUMA node zero
2020-04-29 13:03:58.788048: I tensorflow/core/common_runtime/gpu/gpu_device.cc:1405] Found device 0 with properties: 
name: TITAN Xp major: 6 minor: 1 memoryClockRate(GHz): 1.582
pciBusID: 0000:01:00.0
totalMemory: 11.91GiB freeMemory: 11.75GiB
2020-04-29 13:03:58.788068: I tensorflow/core/common_runtime/gpu/gpu_device.cc:1484] Adding visible gpu devices: 0
2020-04-29 13:03:59.186777: I tensorflow/core/common_runtime/gpu/gpu_device.cc:965] Device interconnect StreamExecutor with strength 1 edge matrix:
2020-04-29 13:03:59.186852: I tensorflow/core/common_runtime/gpu/gpu_device.cc:971]      0 
2020-04-29 13:03:59.186867: I tensorflow/core/common_runtime/gpu/gpu_device.cc:984] 0:   N 
2020-04-29 13:03:59.187219: I tensorflow/core/common_runtime/gpu/gpu_device.cc:1097] Created TensorFlow device (/job:localhost/replica:0/task:0/device:GPU:0 with 11366 MB memory) -> physical GPU (device: 0, name: TITAN Xp, pci bus id: 0000:01:00.0, compute capability: 6.1)
2020-04-29 13:03:59.661712: I tensorflow/core/kernels/cuda_solvers.cc:159] Creating CudaSolver handles for stream 0x56185b52c5c0
Train on 444791 samples, validate on 23411 samples
Epoch 1/8000
 - 6s - loss: 0.8911 - val_loss: 0.7979

Epoch 00001: val_loss improved from inf to 0.79789, saving model to ../../model_weights/model_2020-04-29_13-03-57.h5
Epoch 2/8000
 - 2s - loss: 0.6980 - val_loss: 0.5582

Epoch 00002: val_loss improved from 0.79789 to 0.55819, saving model to ../../model_weights/model_2020-04-29_13-03-57.h5
Epoch 3/8000
 - 2s - loss: 0.4417 - val_loss: 0.3710

Epoch 00003: val_loss improved from 0.55819 to 0.37103, saving model to ../../model_weights/model_2020-04-29_13-03-57.h5
Epoch 4/8000
 - 2s - loss: 0.3518 - val_loss: 0.3371

Epoch 00004: val_loss improved from 0.37103 to 0.33710, saving model to ../../model_weights/model_2020-04-29_13-03-57.h5
Epoch 5/8000
 - 2s - loss: 0.3353 - val_loss: 0.3304

Epoch 00005: val_loss improved from 0.33710 to 0.33039, saving model to ../../model_weights/model_2020-04-29_13-03-57.h5
Epoch 6/8000
 - 2s - loss: 0.3278 - val_loss: 0.3240

Epoch 00006: val_loss improved from 0.33039 to 0.32399, saving model to ../../model_weights/model_2020-04-29_13-03-57.h5
Epoch 7/8000
 - 2s - loss: 0.3231 - val_loss: 0.3202

Epoch 00007: val_loss improved from 0.32399 to 0.32017, saving model to ../../model_weights/model_2020-04-29_13-03-57.h5
Epoch 8/8000
 - 2s - loss: 0.3176 - val_loss: 0.3120

Epoch 00008: val_loss improved from 0.32017 to 0.31203, saving model to ../../model_weights/model_2020-04-29_13-03-57.h5
Epoch 9/8000
 - 2s - loss: 0.3103 - val_loss: 0.3047

Epoch 00009: val_loss improved from 0.31203 to 0.30467, saving model to ../../model_weights/model_2020-04-29_13-03-57.h5
Epoch 10/8000
 - 2s - loss: 0.2924 - val_loss: 0.2833

Epoch 00010: val_loss improved from 0.30467 to 0.28328, saving model to ../../model_weights/model_2020-04-29_13-03-57.h5
Epoch 11/8000
 - 2s - loss: 0.2761 - val_loss: 0.2712
