2020-12-24 13:14:01.165927: I tensorflow/core/platform/cpu_feature_guard.cc:141] Your CPU supports instructions that this TensorFlow binary was not compiled to use: SSE4.1 SSE4.2 AVX
2020-12-24 13:14:01.478326: I tensorflow/stream_executor/cuda/cuda_gpu_executor.cc:897] successful NUMA node read from SysFS had negative value (-1), but there must be at least one NUMA node, so returning NUMA node zero
2020-12-24 13:14:01.478867: I tensorflow/core/common_runtime/gpu/gpu_device.cc:1405] Found device 0 with properties: 
name: TITAN Xp major: 6 minor: 1 memoryClockRate(GHz): 1.582
pciBusID: 0000:01:00.0
totalMemory: 11.91GiB freeMemory: 11.75GiB
2020-12-24 13:14:01.478884: I tensorflow/core/common_runtime/gpu/gpu_device.cc:1484] Adding visible gpu devices: 0
2020-12-24 13:14:01.754466: I tensorflow/core/common_runtime/gpu/gpu_device.cc:965] Device interconnect StreamExecutor with strength 1 edge matrix:
2020-12-24 13:14:01.754509: I tensorflow/core/common_runtime/gpu/gpu_device.cc:971]      0 
2020-12-24 13:14:01.754519: I tensorflow/core/common_runtime/gpu/gpu_device.cc:984] 0:   N 
2020-12-24 13:14:01.754779: I tensorflow/core/common_runtime/gpu/gpu_device.cc:1097] Created TensorFlow device (/job:localhost/replica:0/task:0/device:GPU:0 with 11366 MB memory) -> physical GPU (device: 0, name: TITAN Xp, pci bus id: 0000:01:00.0, compute capability: 6.1)
2020-12-24 13:14:01.963524: I tensorflow/core/kernels/cuda_solvers.cc:159] Creating CudaSolver handles for stream 0x55f019cc68a0
Epoch 1/8000

Epoch 00001: val_loss improved from inf to 14.19860, saving model to ../../model_weights/model_2020-12-24_13-14-02.h5
 - 267s - loss: 12.6731 - kl_loss: 1.9283 - val_loss: 14.1986 - val_kl_loss: 1.9875
Epoch 2/8000

Epoch 00002: val_loss did not improve from 14.19860
 - 267s - loss: 12.6766 - kl_loss: 1.9278 - val_loss: 14.1989 - val_kl_loss: 1.9884
Epoch 3/8000

Epoch 00003: val_loss improved from 14.19860 to 14.19404, saving model to ../../model_weights/model_2020-12-24_13-14-02.h5
 - 268s - loss: 12.6760 - kl_loss: 1.9286 - val_loss: 14.1940 - val_kl_loss: 1.9870
Epoch 4/8000

Epoch 00004: val_loss improved from 14.19404 to 14.19202, saving model to ../../model_weights/model_2020-12-24_13-14-02.h5
 - 267s - loss: 12.6773 - kl_loss: 1.9277 - val_loss: 14.1920 - val_kl_loss: 1.9927
Epoch 5/8000

Epoch 00005: val_loss improved from 14.19202 to 14.18022, saving model to ../../model_weights/model_2020-12-24_13-14-02.h5
 - 266s - loss: 12.6761 - kl_loss: 1.9309 - val_loss: 14.1802 - val_kl_loss: 1.9900
Epoch 6/8000

Epoch 00006: val_loss did not improve from 14.18022
 - 268s - loss: 12.6761 - kl_loss: 1.9294 - val_loss: 14.1821 - val_kl_loss: 1.9883
Epoch 7/8000

Epoch 00007: val_loss did not improve from 14.18022
 - 268s - loss: 12.6755 - kl_loss: 1.9283 - val_loss: 14.1851 - val_kl_loss: 1.9892
Epoch 8/8000

Epoch 00008: val_loss did not improve from 14.18022
 - 271s - loss: 12.6755 - kl_loss: 1.9286 - val_loss: 14.1893 - val_kl_loss: 1.9877
Epoch 9/8000

Epoch 00009: val_loss did not improve from 14.18022
 - 268s - loss: 12.6757 - kl_loss: 1.9285 - val_loss: 14.1941 - val_kl_loss: 1.9898
Epoch 10/8000

Epoch 00010: val_loss did not improve from 14.18022
 - 268s - loss: 12.6742 - kl_loss: 1.9289 - val_loss: 14.1845 - val_kl_loss: 1.9895
Epoch 11/8000

Epoch 00011: val_loss did not improve from 14.18022
 - 268s - loss: 12.6744 - kl_loss: 1.9296 - val_loss: 14.1935 - val_kl_loss: 1.9892
Epoch 12/8000

Epoch 00012: val_loss improved from 14.18022 to 14.17790, saving model to ../../model_weights/model_2020-12-24_13-14-02.h5
 - 268s - loss: 12.6741 - kl_loss: 1.9281 - val_loss: 14.1779 - val_kl_loss: 1.9878
Epoch 13/8000

Epoch 00013: val_loss did not improve from 14.17790
 - 269s - loss: 12.6738 - kl_loss: 1.9278 - val_loss: 14.2084 - val_kl_loss: 1.9880
Epoch 14/8000

Epoch 00014: val_loss did not improve from 14.17790
 - 268s - loss: 12.6749 - kl_loss: 1.9272 - val_loss: 14.1937 - val_kl_loss: 1.9899
Epoch 15/8000

Epoch 00015: val_loss did not improve from 14.17790
 - 270s - loss: 12.6750 - kl_loss: 1.9277 - val_loss: 14.1827 - val_kl_loss: 1.9869
Epoch 16/8000

Epoch 00016: val_loss did not improve from 14.17790
 - 268s - loss: 12.6765 - kl_loss: 1.9267 - val_loss: 14.2018 - val_kl_loss: 1.9916
Epoch 17/8000

Epoch 00017: val_loss did not improve from 14.17790
 - 269s - loss: 12.6744 - kl_loss: 1.9282 - val_loss: 14.1900 - val_kl_loss: 1.9872
Epoch 18/8000

Epoch 00018: val_loss did not improve from 14.17790
 - 268s - loss: 12.6750 - kl_loss: 1.9282 - val_loss: 14.1786 - val_kl_loss: 1.9885
Epoch 19/8000

Epoch 00019: val_loss did not improve from 14.17790
 - 267s - loss: 12.6736 - kl_loss: 1.9283 - val_loss: 14.2033 - val_kl_loss: 1.9904
Epoch 20/8000

Epoch 00020: val_loss did not improve from 14.17790
 - 269s - loss: 12.6738 - kl_loss: 1.9281 - val_loss: 14.1869 - val_kl_loss: 1.9893
Epoch 21/8000

Epoch 00021: val_loss did not improve from 14.17790
 - 269s - loss: 12.6732 - kl_loss: 1.9286 - val_loss: 14.1862 - val_kl_loss: 1.9893
Epoch 22/8000

Epoch 00022: val_loss did not improve from 14.17790
 - 270s - loss: 12.6745 - kl_loss: 1.9290 - val_loss: 14.1857 - val_kl_loss: 1.9892
Epoch 23/8000

Epoch 00023: val_loss did not improve from 14.17790
 - 267s - loss: 12.6730 - kl_loss: 1.9278 - val_loss: 14.1986 - val_kl_loss: 1.9891
Epoch 24/8000

Epoch 00024: val_loss did not improve from 14.17790
 - 269s - loss: 12.6743 - kl_loss: 1.9284 - val_loss: 14.1865 - val_kl_loss: 1.9884
Epoch 25/8000

Epoch 00025: val_loss did not improve from 14.17790
 - 269s - loss: 12.6731 - kl_loss: 1.9270 - val_loss: 14.1856 - val_kl_loss: 1.9889
Epoch 26/8000

Epoch 00026: val_loss did not improve from 14.17790
 - 267s - loss: 12.6734 - kl_loss: 1.9278 - val_loss: 14.1820 - val_kl_loss: 1.9888
Epoch 27/8000

Epoch 00027: val_loss did not improve from 14.17790
 - 268s - loss: 12.6743 - kl_loss: 1.9288 - val_loss: 14.1952 - val_kl_loss: 1.9902
Epoch 28/8000

Epoch 00028: val_loss did not improve from 14.17790
 - 269s - loss: 12.6734 - kl_loss: 1.9285 - val_loss: 14.1973 - val_kl_loss: 1.9896
Epoch 29/8000

Epoch 00029: val_loss did not improve from 14.17790
 - 271s - loss: 12.6721 - kl_loss: 1.9283 - val_loss: 14.2012 - val_kl_loss: 1.9895
Epoch 30/8000

Epoch 00030: val_loss improved from 14.17790 to 14.17673, saving model to ../../model_weights/model_2020-12-24_13-14-02.h5
 - 268s - loss: 12.6742 - kl_loss: 1.9285 - val_loss: 14.1767 - val_kl_loss: 1.9879
Epoch 31/8000

Epoch 00031: val_loss did not improve from 14.17673
 - 268s - loss: 12.6733 - kl_loss: 1.9284 - val_loss: 14.1782 - val_kl_loss: 1.9901
Epoch 32/8000

Epoch 00032: val_loss did not improve from 14.17673
 - 269s - loss: 12.6727 - kl_loss: 1.9290 - val_loss: 14.1813 - val_kl_loss: 1.9899
Epoch 33/8000

Epoch 00033: val_loss did not improve from 14.17673
 - 268s - loss: 12.6732 - kl_loss: 1.9284 - val_loss: 14.1807 - val_kl_loss: 1.9888
Epoch 34/8000

Epoch 00034: val_loss did not improve from 14.17673
 - 269s - loss: 12.6724 - kl_loss: 1.9289 - val_loss: 14.1942 - val_kl_loss: 1.9884
Epoch 35/8000

Epoch 00035: val_loss did not improve from 14.17673
 - 268s - loss: 12.6737 - kl_loss: 1.9286 - val_loss: 14.1995 - val_kl_loss: 1.9902
Epoch 36/8000

Epoch 00036: val_loss improved from 14.17673 to 14.17459, saving model to ../../model_weights/model_2020-12-24_13-14-02.h5
 - 270s - loss: 12.6707 - kl_loss: 1.9285 - val_loss: 14.1746 - val_kl_loss: 1.9882
Epoch 37/8000

Epoch 00037: val_loss did not improve from 14.17459
 - 268s - loss: 12.6716 - kl_loss: 1.9284 - val_loss: 14.1894 - val_kl_loss: 1.9881
Epoch 38/8000

Epoch 00038: val_loss did not improve from 14.17459
 - 269s - loss: 12.6716 - kl_loss: 1.9286 - val_loss: 14.1908 - val_kl_loss: 1.9891
Epoch 39/8000

Epoch 00039: val_loss did not improve from 14.17459
 - 270s - loss: 12.6734 - kl_loss: 1.9287 - val_loss: 14.1939 - val_kl_loss: 1.9898
Epoch 40/8000

Epoch 00040: val_loss did not improve from 14.17459
 - 268s - loss: 12.6706 - kl_loss: 1.9281 - val_loss: 14.1930 - val_kl_loss: 1.9877
Epoch 41/8000

Epoch 00041: val_loss did not improve from 14.17459
 - 268s - loss: 12.6722 - kl_loss: 1.9273 - val_loss: 14.2035 - val_kl_loss: 1.9893
Epoch 42/8000

Epoch 00042: val_loss did not improve from 14.17459
 - 269s - loss: 12.6736 - kl_loss: 1.9289 - val_loss: 14.1808 - val_kl_loss: 1.9910
Epoch 43/8000

Epoch 00043: val_loss improved from 14.17459 to 14.17136, saving model to ../../model_weights/model_2020-12-24_13-14-02.h5
 - 271s - loss: 12.6723 - kl_loss: 1.9295 - val_loss: 14.1714 - val_kl_loss: 1.9896
Epoch 44/8000

Epoch 00044: val_loss did not improve from 14.17136
 - 267s - loss: 12.6711 - kl_loss: 1.9287 - val_loss: 14.1997 - val_kl_loss: 1.9906
Epoch 45/8000

Epoch 00045: val_loss did not improve from 14.17136
 - 268s - loss: 12.6710 - kl_loss: 1.9296 - val_loss: 14.1957 - val_kl_loss: 1.9884
Epoch 46/8000

Epoch 00046: val_loss did not improve from 14.17136
 - 269s - loss: 12.6717 - kl_loss: 1.9286 - val_loss: 14.1928 - val_kl_loss: 1.9877
Epoch 47/8000

Epoch 00047: val_loss did not improve from 14.17136
 - 268s - loss: 12.6710 - kl_loss: 1.9278 - val_loss: 14.1954 - val_kl_loss: 1.9893
Epoch 48/8000

Epoch 00048: val_loss did not improve from 14.17136
 - 269s - loss: 12.6709 - kl_loss: 1.9290 - val_loss: 14.1851 - val_kl_loss: 1.9908
Epoch 49/8000

Epoch 00049: val_loss did not improve from 14.17136
 - 268s - loss: 12.6713 - kl_loss: 1.9293 - val_loss: 14.1824 - val_kl_loss: 1.9894
Epoch 50/8000

Epoch 00050: val_loss did not improve from 14.17136
 - 271s - loss: 12.6707 - kl_loss: 1.9291 - val_loss: 14.1867 - val_kl_loss: 1.9885
Epoch 51/8000

Epoch 00051: val_loss did not improve from 14.17136
 - 268s - loss: 12.6723 - kl_loss: 1.9287 - val_loss: 14.2014 - val_kl_loss: 1.9893
Epoch 52/8000

Epoch 00052: val_loss did not improve from 14.17136
 - 269s - loss: 12.6722 - kl_loss: 1.9292 - val_loss: 14.1951 - val_kl_loss: 1.9891
Epoch 53/8000

Epoch 00053: val_loss did not improve from 14.17136
 - 268s - loss: 12.6707 - kl_loss: 1.9285 - val_loss: 14.2030 - val_kl_loss: 1.9890
Epoch 54/8000

Epoch 00054: val_loss did not improve from 14.17136
 - 268s - loss: 12.6718 - kl_loss: 1.9283 - val_loss: 14.1849 - val_kl_loss: 1.9861
Epoch 55/8000

Epoch 00055: val_loss did not improve from 14.17136
 - 269s - loss: 12.6702 - kl_loss: 1.9273 - val_loss: 14.1883 - val_kl_loss: 1.9875
Epoch 56/8000

Epoch 00056: val_loss did not improve from 14.17136
 - 269s - loss: 12.6713 - kl_loss: 1.9273 - val_loss: 14.1949 - val_kl_loss: 1.9879
Epoch 57/8000

Epoch 00057: val_loss did not improve from 14.17136
 - 270s - loss: 12.6708 - kl_loss: 1.9273 - val_loss: 14.1888 - val_kl_loss: 1.9882
Epoch 58/8000

Epoch 00058: val_loss did not improve from 14.17136
 - 267s - loss: 12.6703 - kl_loss: 1.9272 - val_loss: 14.1908 - val_kl_loss: 1.9898
Epoch 59/8000

Epoch 00059: val_loss did not improve from 14.17136
 - 269s - loss: 12.6710 - kl_loss: 1.9282 - val_loss: 14.1856 - val_kl_loss: 1.9884
Epoch 60/8000

Epoch 00060: val_loss did not improve from 14.17136
 - 270s - loss: 12.6717 - kl_loss: 1.9285 - val_loss: 14.1750 - val_kl_loss: 1.9891
Epoch 61/8000

Epoch 00061: val_loss did not improve from 14.17136
 - 267s - loss: 12.6709 - kl_loss: 1.9293 - val_loss: 14.1907 - val_kl_loss: 1.9911
Epoch 62/8000

Epoch 00062: val_loss did not improve from 14.17136
 - 268s - loss: 12.6709 - kl_loss: 1.9301 - val_loss: 14.1934 - val_kl_loss: 1.9908
Epoch 63/8000

Epoch 00063: val_loss did not improve from 14.17136
 - 269s - loss: 12.6702 - kl_loss: 1.9279 - val_loss: 14.2012 - val_kl_loss: 1.9912
Epoch 64/8000

Epoch 00064: val_loss did not improve from 14.17136
 - 271s - loss: 12.6684 - kl_loss: 1.9290 - val_loss: 14.1922 - val_kl_loss: 1.9885
Epoch 65/8000

Epoch 00065: val_loss did not improve from 14.17136
 - 267s - loss: 12.6709 - kl_loss: 1.9282 - val_loss: 14.1984 - val_kl_loss: 1.9894
Epoch 66/8000

Epoch 00066: val_loss did not improve from 14.17136
 - 268s - loss: 12.6719 - kl_loss: 1.9292 - val_loss: 14.1824 - val_kl_loss: 1.9930
Epoch 67/8000

Epoch 00067: val_loss did not improve from 14.17136
 - 269s - loss: 12.6704 - kl_loss: 1.9291 - val_loss: 14.1820 - val_kl_loss: 1.9864
Epoch 68/8000

Epoch 00068: val_loss did not improve from 14.17136
 - 268s - loss: 12.6701 - kl_loss: 1.9272 - val_loss: 14.1952 - val_kl_loss: 1.9884
Epoch 69/8000

Epoch 00069: val_loss did not improve from 14.17136
 - 269s - loss: 12.6697 - kl_loss: 1.9283 - val_loss: 14.1887 - val_kl_loss: 1.9891
Epoch 70/8000

Epoch 00070: val_loss did not improve from 14.17136
 - 269s - loss: 12.6701 - kl_loss: 1.9288 - val_loss: 14.1751 - val_kl_loss: 1.9896
Epoch 71/8000

Epoch 00071: val_loss did not improve from 14.17136
 - 270s - loss: 12.6696 - kl_loss: 1.9287 - val_loss: 14.1882 - val_kl_loss: 1.9882
Epoch 72/8000

Epoch 00072: val_loss did not improve from 14.17136
 - 268s - loss: 12.6704 - kl_loss: 1.9283 - val_loss: 14.1798 - val_kl_loss: 1.9914
Epoch 73/8000

Epoch 00073: val_loss did not improve from 14.17136
 - 269s - loss: 12.6695 - kl_loss: 1.9292 - val_loss: 14.1957 - val_kl_loss: 1.9878
Epoch 74/8000

Epoch 00074: val_loss did not improve from 14.17136
 - 270s - loss: 12.6695 - kl_loss: 1.9282 - val_loss: 14.1894 - val_kl_loss: 1.9890
Epoch 75/8000

Epoch 00075: val_loss did not improve from 14.17136
 - 267s - loss: 12.6685 - kl_loss: 1.9286 - val_loss: 14.1900 - val_kl_loss: 1.9914
Epoch 76/8000

Epoch 00076: val_loss improved from 14.17136 to 14.16885, saving model to ../../model_weights/model_2020-12-24_13-14-02.h5
 - 268s - loss: 12.6678 - kl_loss: 1.9280 - val_loss: 14.1688 - val_kl_loss: 1.9881
Epoch 77/8000

Epoch 00077: val_loss did not improve from 14.16885
 - 269s - loss: 12.6694 - kl_loss: 1.9267 - val_loss: 14.1986 - val_kl_loss: 1.9866
Epoch 78/8000

Epoch 00078: val_loss did not improve from 14.16885
 - 271s - loss: 12.6699 - kl_loss: 1.9281 - val_loss: 14.1787 - val_kl_loss: 1.9906
Epoch 79/8000

Epoch 00079: val_loss did not improve from 14.16885
 - 267s - loss: 12.6701 - kl_loss: 1.9306 - val_loss: 14.1881 - val_kl_loss: 1.9911
Epoch 80/8000

Epoch 00080: val_loss did not improve from 14.16885
 - 268s - loss: 12.6679 - kl_loss: 1.9299 - val_loss: 14.1875 - val_kl_loss: 1.9919
Epoch 81/8000

Epoch 00081: val_loss did not improve from 14.16885
 - 269s - loss: 12.6673 - kl_loss: 1.9304 - val_loss: 14.1783 - val_kl_loss: 1.9880
Epoch 82/8000

Epoch 00082: val_loss did not improve from 14.16885
 - 268s - loss: 12.6689 - kl_loss: 1.9272 - val_loss: 14.1895 - val_kl_loss: 1.9861
Epoch 83/8000

Epoch 00083: val_loss did not improve from 14.16885
 - 269s - loss: 12.6682 - kl_loss: 1.9270 - val_loss: 14.1784 - val_kl_loss: 1.9898
Epoch 84/8000

Epoch 00084: val_loss did not improve from 14.16885
 - 268s - loss: 12.6693 - kl_loss: 1.9299 - val_loss: 14.1790 - val_kl_loss: 1.9894
Epoch 85/8000

Epoch 00085: val_loss did not improve from 14.16885
 - 271s - loss: 12.6675 - kl_loss: 1.9291 - val_loss: 14.1945 - val_kl_loss: 1.9914
Epoch 86/8000

Epoch 00086: val_loss did not improve from 14.16885
 - 268s - loss: 12.6688 - kl_loss: 1.9304 - val_loss: 14.1893 - val_kl_loss: 1.9896
Epoch 87/8000

Epoch 00087: val_loss did not improve from 14.16885
 - 269s - loss: 12.6687 - kl_loss: 1.9287 - val_loss: 14.1891 - val_kl_loss: 1.9900
Epoch 88/8000

Epoch 00088: val_loss did not improve from 14.16885
 - 269s - loss: 12.6698 - kl_loss: 1.9286 - val_loss: 14.1846 - val_kl_loss: 1.9888
Epoch 89/8000

Epoch 00089: val_loss did not improve from 14.16885
 - 268s - loss: 12.6676 - kl_loss: 1.9295 - val_loss: 14.1824 - val_kl_loss: 1.9886
Epoch 90/8000

Epoch 00090: val_loss did not improve from 14.16885
 - 269s - loss: 12.6659 - kl_loss: 1.9290 - val_loss: 14.1974 - val_kl_loss: 1.9886
Epoch 91/8000

Epoch 00091: val_loss did not improve from 14.16885
 - 269s - loss: 12.6668 - kl_loss: 1.9291 - val_loss: 14.1836 - val_kl_loss: 1.9885
Epoch 92/8000

Epoch 00092: val_loss did not improve from 14.16885
 - 270s - loss: 12.6693 - kl_loss: 1.9290 - val_loss: 14.1709 - val_kl_loss: 1.9888
Epoch 93/8000

Epoch 00093: val_loss did not improve from 14.16885
 - 268s - loss: 12.6666 - kl_loss: 1.9286 - val_loss: 14.1883 - val_kl_loss: 1.9894
Epoch 94/8000

Epoch 00094: val_loss did not improve from 14.16885
 - 269s - loss: 12.6680 - kl_loss: 1.9290 - val_loss: 14.1998 - val_kl_loss: 1.9887
Epoch 95/8000

Epoch 00095: val_loss did not improve from 14.16885
 - 270s - loss: 12.6679 - kl_loss: 1.9292 - val_loss: 14.2035 - val_kl_loss: 1.9899
Epoch 96/8000

Epoch 00096: val_loss did not improve from 14.16885
 - 267s - loss: 12.6685 - kl_loss: 1.9284 - val_loss: 14.1906 - val_kl_loss: 1.9885
Epoch 97/8000

Epoch 00097: val_loss did not improve from 14.16885
 - 268s - loss: 12.6658 - kl_loss: 1.9287 - val_loss: 14.1993 - val_kl_loss: 1.9898
Epoch 98/8000

Epoch 00098: val_loss did not improve from 14.16885
 - 269s - loss: 12.6690 - kl_loss: 1.9296 - val_loss: 14.1867 - val_kl_loss: 1.9894
Epoch 99/8000

Epoch 00099: val_loss did not improve from 14.16885
 - 271s - loss: 12.6692 - kl_loss: 1.9291 - val_loss: 14.1742 - val_kl_loss: 1.9892
Epoch 100/8000

Epoch 00100: val_loss did not improve from 14.16885
 - 268s - loss: 12.6664 - kl_loss: 1.9298 - val_loss: 14.1896 - val_kl_loss: 1.9913
Epoch 101/8000

Epoch 00101: val_loss did not improve from 14.16885
 - 269s - loss: 12.6661 - kl_loss: 1.9300 - val_loss: 14.1856 - val_kl_loss: 1.9892
Epoch 102/8000

Epoch 00102: val_loss did not improve from 14.16885
 - 269s - loss: 12.6668 - kl_loss: 1.9292 - val_loss: 14.1805 - val_kl_loss: 1.9875
Epoch 103/8000

Epoch 00103: val_loss did not improve from 14.16885
 - 268s - loss: 12.6671 - kl_loss: 1.9295 - val_loss: 14.1943 - val_kl_loss: 1.9896
Epoch 104/8000

Epoch 00104: val_loss did not improve from 14.16885
 - 269s - loss: 12.6683 - kl_loss: 1.9307 - val_loss: 14.1778 - val_kl_loss: 1.9894
Epoch 105/8000

Epoch 00105: val_loss did not improve from 14.16885
 - 269s - loss: 12.6659 - kl_loss: 1.9297 - val_loss: 14.1865 - val_kl_loss: 1.9887
Epoch 106/8000

Epoch 00106: val_loss did not improve from 14.16885
 - 270s - loss: 12.6656 - kl_loss: 1.9296 - val_loss: 14.1873 - val_kl_loss: 1.9897
Epoch 107/8000

Epoch 00107: val_loss did not improve from 14.16885
 - 268s - loss: 12.6662 - kl_loss: 1.9296 - val_loss: 14.1859 - val_kl_loss: 1.9902
Epoch 108/8000

Epoch 00108: val_loss did not improve from 14.16885
 - 269s - loss: 12.6646 - kl_loss: 1.9294 - val_loss: 14.2026 - val_kl_loss: 1.9897
Epoch 109/8000

Epoch 00109: val_loss did not improve from 14.16885
 - 270s - loss: 12.6669 - kl_loss: 1.9293 - val_loss: 14.1828 - val_kl_loss: 1.9865
Epoch 110/8000

Epoch 00110: val_loss did not improve from 14.16885
 - 267s - loss: 12.6648 - kl_loss: 1.9271 - val_loss: 14.1921 - val_kl_loss: 1.9890
Epoch 111/8000

Epoch 00111: val_loss did not improve from 14.16885
 - 268s - loss: 12.6652 - kl_loss: 1.9288 - val_loss: 14.1850 - val_kl_loss: 1.9916
Epoch 112/8000

Epoch 00112: val_loss improved from 14.16885 to 14.16781, saving model to ../../model_weights/model_2020-12-24_13-14-02.h5
 - 269s - loss: 12.6665 - kl_loss: 1.9304 - val_loss: 14.1678 - val_kl_loss: 1.9907
Epoch 113/8000

Epoch 00113: val_loss improved from 14.16781 to 14.16670, saving model to ../../model_weights/model_2020-12-24_13-14-02.h5
 - 271s - loss: 12.6652 - kl_loss: 1.9294 - val_loss: 14.1667 - val_kl_loss: 1.9893
Epoch 114/8000

Epoch 00114: val_loss did not improve from 14.16670
 - 268s - loss: 12.6639 - kl_loss: 1.9290 - val_loss: 14.1893 - val_kl_loss: 1.9887
Epoch 115/8000

Epoch 00115: val_loss did not improve from 14.16670
 - 268s - loss: 12.6640 - kl_loss: 1.9288 - val_loss: 14.1855 - val_kl_loss: 1.9903
Epoch 116/8000

Epoch 00116: val_loss did not improve from 14.16670
 - 269s - loss: 12.6641 - kl_loss: 1.9302 - val_loss: 14.1878 - val_kl_loss: 1.9899
Epoch 117/8000

Epoch 00117: val_loss did not improve from 14.16670
 - 268s - loss: 12.6645 - kl_loss: 1.9293 - val_loss: 14.1967 - val_kl_loss: 1.9907
Epoch 118/8000

Epoch 00118: val_loss did not improve from 14.16670
 - 269s - loss: 12.6655 - kl_loss: 1.9292 - val_loss: 14.1920 - val_kl_loss: 1.9904
Epoch 119/8000

Epoch 00119: val_loss did not improve from 14.16670
 - 268s - loss: 12.6657 - kl_loss: 1.9282 - val_loss: 14.1853 - val_kl_loss: 1.9874
Epoch 120/8000

Epoch 00120: val_loss did not improve from 14.16670
 - 271s - loss: 12.6652 - kl_loss: 1.9277 - val_loss: 14.1972 - val_kl_loss: 1.9900
Epoch 121/8000

Epoch 00121: val_loss did not improve from 14.16670
 - 268s - loss: 12.6663 - kl_loss: 1.9284 - val_loss: 14.1957 - val_kl_loss: 1.9907
Epoch 122/8000

Epoch 00122: val_loss did not improve from 14.16670
 - 269s - loss: 12.6641 - kl_loss: 1.9299 - val_loss: 14.1854 - val_kl_loss: 1.9891
Epoch 123/8000

Epoch 00123: val_loss did not improve from 14.16670
 - 268s - loss: 12.6652 - kl_loss: 1.9279 - val_loss: 14.1837 - val_kl_loss: 1.9889
Epoch 124/8000

Epoch 00124: val_loss did not improve from 14.16670
 - 268s - loss: 12.6647 - kl_loss: 1.9290 - val_loss: 14.1942 - val_kl_loss: 1.9900
Epoch 125/8000

Epoch 00125: val_loss did not improve from 14.16670
 - 269s - loss: 12.6635 - kl_loss: 1.9294 - val_loss: 14.1854 - val_kl_loss: 1.9892
Epoch 126/8000

Epoch 00126: val_loss did not improve from 14.16670
 - 269s - loss: 12.6651 - kl_loss: 1.9280 - val_loss: 14.1917 - val_kl_loss: 1.9886
Epoch 127/8000

Epoch 00127: val_loss did not improve from 14.16670
 - 270s - loss: 12.6639 - kl_loss: 1.9285 - val_loss: 14.1911 - val_kl_loss: 1.9893
Epoch 128/8000

Epoch 00128: val_loss did not improve from 14.16670
 - 267s - loss: 12.6652 - kl_loss: 1.9285 - val_loss: 14.2010 - val_kl_loss: 1.9901
Epoch 129/8000

Epoch 00129: val_loss did not improve from 14.16670
 - 269s - loss: 12.6643 - kl_loss: 1.9291 - val_loss: 14.2050 - val_kl_loss: 1.9918
Epoch 130/8000

Epoch 00130: val_loss did not improve from 14.16670
 - 270s - loss: 12.6642 - kl_loss: 1.9287 - val_loss: 14.2055 - val_kl_loss: 1.9885
Epoch 131/8000

Epoch 00131: val_loss did not improve from 14.16670
 - 268s - loss: 12.6632 - kl_loss: 1.9285 - val_loss: 14.1929 - val_kl_loss: 1.9884
Epoch 132/8000

Epoch 00132: val_loss did not improve from 14.16670
 - 269s - loss: 12.6634 - kl_loss: 1.9277 - val_loss: 14.2005 - val_kl_loss: 1.9902
Epoch 133/8000

Epoch 00133: val_loss did not improve from 14.16670
 - 268s - loss: 12.6646 - kl_loss: 1.9280 - val_loss: 14.1906 - val_kl_loss: 1.9887
Epoch 134/8000

Epoch 00134: val_loss did not improve from 14.16670
 - 271s - loss: 12.6650 - kl_loss: 1.9280 - val_loss: 14.1848 - val_kl_loss: 1.9893
Epoch 135/8000

Epoch 00135: val_loss did not improve from 14.16670
 - 268s - loss: 12.6652 - kl_loss: 1.9288 - val_loss: 14.1896 - val_kl_loss: 1.9885
Epoch 136/8000

Epoch 00136: val_loss did not improve from 14.16670
 - 269s - loss: 12.6644 - kl_loss: 1.9284 - val_loss: 14.1855 - val_kl_loss: 1.9892
Epoch 137/8000

Epoch 00137: val_loss did not improve from 14.16670
 - 269s - loss: 12.6643 - kl_loss: 1.9296 - val_loss: 14.1815 - val_kl_loss: 1.9911
Epoch 138/8000

Epoch 00138: val_loss did not improve from 14.16670
 - 267s - loss: 12.6640 - kl_loss: 1.9304 - val_loss: 14.1935 - val_kl_loss: 1.9907
Epoch 139/8000

Epoch 00139: val_loss did not improve from 14.16670
 - 269s - loss: 12.6618 - kl_loss: 1.9290 - val_loss: 14.1973 - val_kl_loss: 1.9894
Epoch 140/8000

Epoch 00140: val_loss did not improve from 14.16670
 - 269s - loss: 12.6638 - kl_loss: 1.9288 - val_loss: 14.1916 - val_kl_loss: 1.9901
Epoch 141/8000

Epoch 00141: val_loss did not improve from 14.16670
 - 271s - loss: 12.6637 - kl_loss: 1.9288 - val_loss: 14.1708 - val_kl_loss: 1.9888
Epoch 142/8000

Epoch 00142: val_loss did not improve from 14.16670
 - 267s - loss: 12.6639 - kl_loss: 1.9294 - val_loss: 14.1797 - val_kl_loss: 1.9902
Epoch 143/8000

Epoch 00143: val_loss did not improve from 14.16670
 - 269s - loss: 12.6632 - kl_loss: 1.9293 - val_loss: 14.1774 - val_kl_loss: 1.9895
Epoch 144/8000

Epoch 00144: val_loss improved from 14.16670 to 14.16587, saving model to ../../model_weights/model_2020-12-24_13-14-02.h5
 - 270s - loss: 12.6642 - kl_loss: 1.9287 - val_loss: 14.1659 - val_kl_loss: 1.9901
Epoch 145/8000

Epoch 00145: val_loss did not improve from 14.16587
 - 268s - loss: 12.6633 - kl_loss: 1.9293 - val_loss: 14.1856 - val_kl_loss: 1.9885
Epoch 146/8000

Epoch 00146: val_loss did not improve from 14.16587
 - 268s - loss: 12.6632 - kl_loss: 1.9287 - val_loss: 14.1808 - val_kl_loss: 1.9892
Epoch 147/8000

Epoch 00147: val_loss did not improve from 14.16587
 - 269s - loss: 12.6633 - kl_loss: 1.9293 - val_loss: 14.1864 - val_kl_loss: 1.9899
Epoch 148/8000

Epoch 00148: val_loss did not improve from 14.16587
 - 271s - loss: 12.6627 - kl_loss: 1.9300 - val_loss: 14.1819 - val_kl_loss: 1.9896
Epoch 149/8000

Epoch 00149: val_loss did not improve from 14.16587
 - 269s - loss: 12.6618 - kl_loss: 1.9293 - val_loss: 14.1894 - val_kl_loss: 1.9897
Epoch 150/8000

Epoch 00150: val_loss did not improve from 14.16587
 - 268s - loss: 12.6608 - kl_loss: 1.9297 - val_loss: 14.1796 - val_kl_loss: 1.9897
Epoch 151/8000

Epoch 00151: val_loss did not improve from 14.16587
 - 269s - loss: 12.6628 - kl_loss: 1.9291 - val_loss: 14.1872 - val_kl_loss: 1.9902
Epoch 152/8000

Epoch 00152: val_loss did not improve from 14.16587
 - 268s - loss: 12.6622 - kl_loss: 1.9295 - val_loss: 14.1737 - val_kl_loss: 1.9902
Epoch 153/8000

Epoch 00153: val_loss did not improve from 14.16587
 - 269s - loss: 12.6618 - kl_loss: 1.9295 - val_loss: 14.1766 - val_kl_loss: 1.9896
Epoch 154/8000

Epoch 00154: val_loss did not improve from 14.16587
 - 268s - loss: 12.6618 - kl_loss: 1.9288 - val_loss: 14.1947 - val_kl_loss: 1.9897
Epoch 155/8000

Epoch 00155: val_loss did not improve from 14.16587
 - 271s - loss: 12.6611 - kl_loss: 1.9296 - val_loss: 14.1881 - val_kl_loss: 1.9895
Epoch 156/8000

Epoch 00156: val_loss did not improve from 14.16587
 - 268s - loss: 12.6612 - kl_loss: 1.9294 - val_loss: 14.1905 - val_kl_loss: 1.9895
Epoch 157/8000

Epoch 00157: val_loss did not improve from 14.16587
 - 270s - loss: 12.6616 - kl_loss: 1.9287 - val_loss: 14.1736 - val_kl_loss: 1.9887
Epoch 158/8000

Epoch 00158: val_loss did not improve from 14.16587
 - 269s - loss: 12.6617 - kl_loss: 1.9293 - val_loss: 14.1887 - val_kl_loss: 1.9897
Epoch 159/8000

Epoch 00159: val_loss did not improve from 14.16587
 - 267s - loss: 12.6619 - kl_loss: 1.9291 - val_loss: 14.1995 - val_kl_loss: 1.9881
Epoch 160/8000

Epoch 00160: val_loss did not improve from 14.16587
 - 269s - loss: 12.6624 - kl_loss: 1.9290 - val_loss: 14.1724 - val_kl_loss: 1.9896
Epoch 161/8000

Epoch 00161: val_loss did not improve from 14.16587
 - 269s - loss: 12.6613 - kl_loss: 1.9290 - val_loss: 14.1905 - val_kl_loss: 1.9879
Epoch 162/8000

Epoch 00162: val_loss did not improve from 14.16587
 - 271s - loss: 12.6615 - kl_loss: 1.9285 - val_loss: 14.1875 - val_kl_loss: 1.9900
Epoch 163/8000

Epoch 00163: val_loss did not improve from 14.16587
 - 268s - loss: 12.6621 - kl_loss: 1.9284 - val_loss: 14.1903 - val_kl_loss: 1.9885
Epoch 164/8000

Epoch 00164: val_loss improved from 14.16587 to 14.16102, saving model to ../../model_weights/model_2020-12-24_13-14-02.h5
 - 268s - loss: 12.6595 - kl_loss: 1.9284 - val_loss: 14.1610 - val_kl_loss: 1.9871
Epoch 165/8000

Epoch 00165: val_loss did not improve from 14.16102
 - 269s - loss: 12.6624 - kl_loss: 1.9286 - val_loss: 14.1815 - val_kl_loss: 1.9892
Epoch 166/8000

Epoch 00166: val_loss did not improve from 14.16102
 - 268s - loss: 12.6604 - kl_loss: 1.9288 - val_loss: 14.1936 - val_kl_loss: 1.9905
Epoch 167/8000

Epoch 00167: val_loss did not improve from 14.16102
 - 270s - loss: 12.6612 - kl_loss: 1.9297 - val_loss: 14.1832 - val_kl_loss: 1.9889
Epoch 168/8000

Epoch 00168: val_loss did not improve from 14.16102
 - 268s - loss: 12.6610 - kl_loss: 1.9296 - val_loss: 14.1887 - val_kl_loss: 1.9894
Epoch 169/8000

Epoch 00169: val_loss did not improve from 14.16102
 - 271s - loss: 12.6611 - kl_loss: 1.9289 - val_loss: 14.1857 - val_kl_loss: 1.9890
Epoch 170/8000

Epoch 00170: val_loss did not improve from 14.16102
 - 268s - loss: 12.6620 - kl_loss: 1.9299 - val_loss: 14.1976 - val_kl_loss: 1.9900
Epoch 171/8000

Epoch 00171: val_loss did not improve from 14.16102
 - 270s - loss: 12.6605 - kl_loss: 1.9297 - val_loss: 14.1933 - val_kl_loss: 1.9912
Epoch 172/8000

Epoch 00172: val_loss did not improve from 14.16102
 - 269s - loss: 12.6602 - kl_loss: 1.9307 - val_loss: 14.1967 - val_kl_loss: 1.9940
Epoch 173/8000

Epoch 00173: val_loss did not improve from 14.16102
 - 267s - loss: 12.6601 - kl_loss: 1.9311 - val_loss: 14.1895 - val_kl_loss: 1.9906
Epoch 174/8000

Epoch 00174: val_loss did not improve from 14.16102
 - 269s - loss: 12.6618 - kl_loss: 1.9299 - val_loss: 14.1961 - val_kl_loss: 1.9897
Epoch 175/8000

Epoch 00175: val_loss did not improve from 14.16102
 - 270s - loss: 12.6608 - kl_loss: 1.9294 - val_loss: 14.1852 - val_kl_loss: 1.9905
Epoch 176/8000

Epoch 00176: val_loss did not improve from 14.16102
 - 271s - loss: 12.6604 - kl_loss: 1.9302 - val_loss: 14.1812 - val_kl_loss: 1.9907
Epoch 177/8000

Epoch 00177: val_loss did not improve from 14.16102
 - 267s - loss: 12.6610 - kl_loss: 1.9293 - val_loss: 14.1931 - val_kl_loss: 1.9898
Epoch 178/8000

Epoch 00178: val_loss did not improve from 14.16102
 - 269s - loss: 12.6607 - kl_loss: 1.9311 - val_loss: 14.1812 - val_kl_loss: 1.9898
Epoch 179/8000

Epoch 00179: val_loss did not improve from 14.16102
 - 270s - loss: 12.6609 - kl_loss: 1.9286 - val_loss: 14.1880 - val_kl_loss: 1.9892
Epoch 180/8000

Epoch 00180: val_loss did not improve from 14.16102
 - 268s - loss: 12.6590 - kl_loss: 1.9291 - val_loss: 14.2035 - val_kl_loss: 1.9888
Epoch 181/8000

Epoch 00181: val_loss did not improve from 14.16102
 - 268s - loss: 12.6596 - kl_loss: 1.9284 - val_loss: 14.1872 - val_kl_loss: 1.9895
Epoch 182/8000

Epoch 00182: val_loss did not improve from 14.16102
 - 269s - loss: 12.6602 - kl_loss: 1.9291 - val_loss: 14.1830 - val_kl_loss: 1.9886
Epoch 183/8000

Epoch 00183: val_loss did not improve from 14.16102
 - 271s - loss: 12.6599 - kl_loss: 1.9281 - val_loss: 14.1750 - val_kl_loss: 1.9887
Epoch 184/8000

Epoch 00184: val_loss did not improve from 14.16102
 - 268s - loss: 12.6592 - kl_loss: 1.9298 - val_loss: 14.1792 - val_kl_loss: 1.9900
Epoch 185/8000

Epoch 00185: val_loss did not improve from 14.16102
 - 268s - loss: 12.6609 - kl_loss: 1.9304 - val_loss: 14.1961 - val_kl_loss: 1.9923
Epoch 186/8000

Epoch 00186: val_loss did not improve from 14.16102
 - 270s - loss: 12.6601 - kl_loss: 1.9311 - val_loss: 14.1908 - val_kl_loss: 1.9893
Epoch 187/8000

Epoch 00187: val_loss did not improve from 14.16102
 - 268s - loss: 12.6603 - kl_loss: 1.9285 - val_loss: 14.1708 - val_kl_loss: 1.9884
Epoch 188/8000

Epoch 00188: val_loss did not improve from 14.16102
 - 269s - loss: 12.6591 - kl_loss: 1.9293 - val_loss: 14.1927 - val_kl_loss: 1.9913
Epoch 189/8000

Epoch 00189: val_loss did not improve from 14.16102
 - 268s - loss: 12.6583 - kl_loss: 1.9296 - val_loss: 14.1780 - val_kl_loss: 1.9897
Epoch 190/8000

Epoch 00190: val_loss did not improve from 14.16102
 - 270s - loss: 12.6590 - kl_loss: 1.9284 - val_loss: 14.1837 - val_kl_loss: 1.9888
Epoch 191/8000

Epoch 00191: val_loss did not improve from 14.16102
 - 268s - loss: 12.6591 - kl_loss: 1.9281 - val_loss: 14.1932 - val_kl_loss: 1.9901
Epoch 192/8000

Epoch 00192: val_loss did not improve from 14.16102
 - 269s - loss: 12.6605 - kl_loss: 1.9290 - val_loss: 14.1943 - val_kl_loss: 1.9929
Epoch 193/8000

Epoch 00193: val_loss did not improve from 14.16102
 - 270s - loss: 12.6582 - kl_loss: 1.9304 - val_loss: 14.1871 - val_kl_loss: 1.9911
Epoch 194/8000

Epoch 00194: val_loss did not improve from 14.16102
 - 268s - loss: 12.6602 - kl_loss: 1.9310 - val_loss: 14.1804 - val_kl_loss: 1.9920
Epoch 195/8000

Epoch 00195: val_loss did not improve from 14.16102
 - 268s - loss: 12.6582 - kl_loss: 1.9304 - val_loss: 14.1938 - val_kl_loss: 1.9910
Epoch 196/8000

Epoch 00196: val_loss did not improve from 14.16102
 - 269s - loss: 12.6603 - kl_loss: 1.9303 - val_loss: 14.1806 - val_kl_loss: 1.9899
Epoch 197/8000

Epoch 00197: val_loss did not improve from 14.16102
 - 271s - loss: 12.6586 - kl_loss: 1.9291 - val_loss: 14.1826 - val_kl_loss: 1.9900
Epoch 198/8000

Epoch 00198: val_loss did not improve from 14.16102
 - 269s - loss: 12.6600 - kl_loss: 1.9299 - val_loss: 14.1914 - val_kl_loss: 1.9918
Epoch 199/8000

Epoch 00199: val_loss did not improve from 14.16102
 - 268s - loss: 12.6610 - kl_loss: 1.9292 - val_loss: 14.1953 - val_kl_loss: 1.9922
Epoch 200/8000

Epoch 00200: val_loss did not improve from 14.16102
 - 269s - loss: 12.6585 - kl_loss: 1.9309 - val_loss: 14.1872 - val_kl_loss: 1.9918
Epoch 201/8000

Epoch 00201: val_loss did not improve from 14.16102
 - 268s - loss: 12.6587 - kl_loss: 1.9303 - val_loss: 14.1898 - val_kl_loss: 1.9904
Epoch 202/8000

Epoch 00202: val_loss did not improve from 14.16102
 - 269s - loss: 12.6585 - kl_loss: 1.9304 - val_loss: 14.1959 - val_kl_loss: 1.9915
Epoch 203/8000

Epoch 00203: val_loss did not improve from 14.16102
 - 268s - loss: 12.6590 - kl_loss: 1.9311 - val_loss: 14.1874 - val_kl_loss: 1.9896
Epoch 204/8000

Epoch 00204: val_loss did not improve from 14.16102
 - 271s - loss: 12.6595 - kl_loss: 1.9296 - val_loss: 14.1931 - val_kl_loss: 1.9908
Epoch 205/8000

Epoch 00205: val_loss did not improve from 14.16102
 - 268s - loss: 12.6588 - kl_loss: 1.9308 - val_loss: 14.1999 - val_kl_loss: 1.9914
Epoch 206/8000

Epoch 00206: val_loss did not improve from 14.16102
 - 270s - loss: 12.6592 - kl_loss: 1.9267 - val_loss: 14.1806 - val_kl_loss: 1.9851
Epoch 207/8000

Epoch 00207: val_loss did not improve from 14.16102
 - 270s - loss: 12.6572 - kl_loss: 1.9275 - val_loss: 14.1702 - val_kl_loss: 1.9887
Epoch 208/8000

Epoch 00208: val_loss did not improve from 14.16102
 - 267s - loss: 12.6580 - kl_loss: 1.9283 - val_loss: 14.1956 - val_kl_loss: 1.9896
Epoch 209/8000

Epoch 00209: val_loss did not improve from 14.16102
 - 269s - loss: 12.6577 - kl_loss: 1.9285 - val_loss: 14.1925 - val_kl_loss: 1.9880
Epoch 210/8000

Epoch 00210: val_loss did not improve from 14.16102
 - 269s - loss: 12.6575 - kl_loss: 1.9286 - val_loss: 14.1762 - val_kl_loss: 1.9882
Epoch 211/8000

Epoch 00211: val_loss did not improve from 14.16102
 - 271s - loss: 12.6581 - kl_loss: 1.9299 - val_loss: 14.1827 - val_kl_loss: 1.9918
Epoch 212/8000

Epoch 00212: val_loss did not improve from 14.16102
 - 267s - loss: 12.6584 - kl_loss: 1.9303 - val_loss: 14.1843 - val_kl_loss: 1.9892
Epoch 213/8000

Epoch 00213: val_loss did not improve from 14.16102
 - 269s - loss: 12.6581 - kl_loss: 1.9300 - val_loss: 14.1861 - val_kl_loss: 1.9917
Epoch 214/8000

Epoch 00214: val_loss did not improve from 14.16102
 - 270s - loss: 12.6590 - kl_loss: 1.9306 - val_loss: 14.1773 - val_kl_loss: 1.9908
Epoch 00214: early stopping
