2020-11-29 21:30:39.545304: I tensorflow/core/platform/cpu_feature_guard.cc:141] Your CPU supports instructions that this TensorFlow binary was not compiled to use: SSE4.1 SSE4.2 AVX
2020-11-29 21:30:39.864187: I tensorflow/stream_executor/cuda/cuda_gpu_executor.cc:897] successful NUMA node read from SysFS had negative value (-1), but there must be at least one NUMA node, so returning NUMA node zero
2020-11-29 21:30:39.864724: I tensorflow/core/common_runtime/gpu/gpu_device.cc:1405] Found device 0 with properties: 
name: TITAN Xp major: 6 minor: 1 memoryClockRate(GHz): 1.582
pciBusID: 0000:01:00.0
totalMemory: 11.91GiB freeMemory: 11.75GiB
2020-11-29 21:30:39.864742: I tensorflow/core/common_runtime/gpu/gpu_device.cc:1484] Adding visible gpu devices: 0
2020-11-29 21:30:40.144262: I tensorflow/core/common_runtime/gpu/gpu_device.cc:965] Device interconnect StreamExecutor with strength 1 edge matrix:
2020-11-29 21:30:40.144307: I tensorflow/core/common_runtime/gpu/gpu_device.cc:971]      0 
2020-11-29 21:30:40.144316: I tensorflow/core/common_runtime/gpu/gpu_device.cc:984] 0:   N 
2020-11-29 21:30:40.144564: I tensorflow/core/common_runtime/gpu/gpu_device.cc:1097] Created TensorFlow device (/job:localhost/replica:0/task:0/device:GPU:0 with 11366 MB memory) -> physical GPU (device: 0, name: TITAN Xp, pci bus id: 0000:01:00.0, compute capability: 6.1)
2020-11-29 21:30:40.858042: I tensorflow/core/kernels/cuda_solvers.cc:159] Creating CudaSolver handles for stream 0x55be59cd91e0
Epoch 1/8000

Epoch 00001: val_loss improved from inf to 109.84611, saving model to ../../model_weights/model_2020-11-29_21-30-38.h5
 - 383s - loss: 118.1050 - kl_loss: 0.0603 - val_loss: 109.8461 - val_kl_loss: 0.0645
Epoch 2/8000

Epoch 00002: val_loss did not improve from 109.84611
 - 381s - loss: 117.2270 - kl_loss: 0.0552 - val_loss: 110.4981 - val_kl_loss: 0.0263
Epoch 3/8000

Epoch 00003: val_loss did not improve from 109.84611
 - 383s - loss: 116.9789 - kl_loss: 0.0476 - val_loss: 110.2748 - val_kl_loss: 0.0232
Epoch 4/8000

Epoch 00004: val_loss did not improve from 109.84611
 - 381s - loss: 116.9992 - kl_loss: 0.0205 - val_loss: 110.3157 - val_kl_loss: 0.0125
Epoch 5/8000

Epoch 00005: val_loss did not improve from 109.84611
 - 382s - loss: 117.7021 - kl_loss: 0.2851 - val_loss: 110.3703 - val_kl_loss: 0.0127
Epoch 6/8000

Epoch 00006: val_loss did not improve from 109.84611
 - 382s - loss: 117.0097 - kl_loss: 0.0111 - val_loss: 110.3472 - val_kl_loss: 0.0102
Epoch 7/8000

Epoch 00007: val_loss did not improve from 109.84611
 - 379s - loss: 116.9954 - kl_loss: 0.0113 - val_loss: 110.3756 - val_kl_loss: 0.0070
Epoch 8/8000

Epoch 00008: val_loss did not improve from 109.84611
 - 386s - loss: 117.0003 - kl_loss: 0.0106 - val_loss: 110.3619 - val_kl_loss: 0.0089
Epoch 9/8000

Epoch 00009: val_loss did not improve from 109.84611
 - 382s - loss: 116.9812 - kl_loss: 0.0094 - val_loss: 110.3284 - val_kl_loss: 0.0087
Epoch 10/8000

Epoch 00010: val_loss did not improve from 109.84611
 - 380s - loss: 116.9853 - kl_loss: 0.0102 - val_loss: 110.3478 - val_kl_loss: 0.0060
Epoch 11/8000

Epoch 00011: val_loss did not improve from 109.84611
 - 382s - loss: 117.7700 - kl_loss: 0.2457 - val_loss: 111.0443 - val_kl_loss: 0.5005
Epoch 12/8000

Epoch 00012: val_loss improved from 109.84611 to 93.96238, saving model to ../../model_weights/model_2020-11-29_21-30-38.h5
 - 384s - loss: 114.5091 - kl_loss: 0.4592 - val_loss: 93.9624 - val_kl_loss: 0.6929
Epoch 13/8000

Epoch 00013: val_loss improved from 93.96238 to 68.48241, saving model to ../../model_weights/model_2020-11-29_21-30-38.h5
 - 383s - loss: 91.4628 - kl_loss: 1.2660 - val_loss: 68.4824 - val_kl_loss: 1.4533
Epoch 14/8000

Epoch 00014: val_loss improved from 68.48241 to 51.68424, saving model to ../../model_weights/model_2020-11-29_21-30-38.h5
 - 380s - loss: 64.3787 - kl_loss: 1.9105 - val_loss: 51.6842 - val_kl_loss: 1.9459
Epoch 15/8000

Epoch 00015: val_loss improved from 51.68424 to 39.83477, saving model to ../../model_weights/model_2020-11-29_21-30-38.h5
 - 387s - loss: 46.2490 - kl_loss: 1.9459 - val_loss: 39.8348 - val_kl_loss: 1.6239
Epoch 16/8000

Epoch 00016: val_loss improved from 39.83477 to 31.82025, saving model to ../../model_weights/model_2020-11-29_21-30-38.h5
 - 384s - loss: 36.2640 - kl_loss: 1.7445 - val_loss: 31.8202 - val_kl_loss: 1.6467
Epoch 17/8000

Epoch 00017: val_loss improved from 31.82025 to 29.29172, saving model to ../../model_weights/model_2020-11-29_21-30-38.h5
 - 383s - loss: 31.5516 - kl_loss: 1.6748 - val_loss: 29.2917 - val_kl_loss: 1.5918
Epoch 18/8000

Epoch 00018: val_loss improved from 29.29172 to 26.34631, saving model to ../../model_weights/model_2020-11-29_21-30-38.h5
 - 384s - loss: 28.9792 - kl_loss: 1.6902 - val_loss: 26.3463 - val_kl_loss: 1.7107
Epoch 19/8000

Epoch 00019: val_loss improved from 26.34631 to 25.42279, saving model to ../../model_weights/model_2020-11-29_21-30-38.h5
 - 382s - loss: 27.7659 - kl_loss: 1.7044 - val_loss: 25.4228 - val_kl_loss: 1.6404
Epoch 20/8000

Epoch 00020: val_loss improved from 25.42279 to 24.06362, saving model to ../../model_weights/model_2020-11-29_21-30-38.h5
 - 385s - loss: 25.9161 - kl_loss: 1.7337 - val_loss: 24.0636 - val_kl_loss: 1.6461
Epoch 21/8000

Epoch 00021: val_loss improved from 24.06362 to 22.81489, saving model to ../../model_weights/model_2020-11-29_21-30-38.h5
 - 382s - loss: 24.6572 - kl_loss: 1.7766 - val_loss: 22.8149 - val_kl_loss: 1.8154
Epoch 22/8000

Epoch 00022: val_loss improved from 22.81489 to 22.61520, saving model to ../../model_weights/model_2020-11-29_21-30-38.h5
 - 386s - loss: 23.1667 - kl_loss: 1.8390 - val_loss: 22.6152 - val_kl_loss: 1.7278
Epoch 23/8000

Epoch 00023: val_loss improved from 22.61520 to 21.29006, saving model to ../../model_weights/model_2020-11-29_21-30-38.h5
 - 384s - loss: 22.9834 - kl_loss: 1.8661 - val_loss: 21.2901 - val_kl_loss: 1.7704
Epoch 24/8000

Epoch 00024: val_loss improved from 21.29006 to 20.20655, saving model to ../../model_weights/model_2020-11-29_21-30-38.h5
 - 383s - loss: 21.9891 - kl_loss: 1.8757 - val_loss: 20.2065 - val_kl_loss: 1.8617
Epoch 25/8000

Epoch 00025: val_loss improved from 20.20655 to 19.77994, saving model to ../../model_weights/model_2020-11-29_21-30-38.h5
 - 382s - loss: 21.4849 - kl_loss: 1.8816 - val_loss: 19.7799 - val_kl_loss: 1.8252
Epoch 26/8000

Epoch 00026: val_loss did not improve from 19.77994
 - 384s - loss: 20.6400 - kl_loss: 1.8981 - val_loss: 20.6841 - val_kl_loss: 1.7032
Epoch 27/8000

Epoch 00027: val_loss did not improve from 19.77994
 - 384s - loss: 21.0070 - kl_loss: 1.9128 - val_loss: 21.3777 - val_kl_loss: 1.9988
Epoch 28/8000

Epoch 00028: val_loss did not improve from 19.77994
 - 381s - loss: 19.9549 - kl_loss: 1.9209 - val_loss: 20.5574 - val_kl_loss: 1.8224
Epoch 29/8000

Epoch 00029: val_loss did not improve from 19.77994
 - 388s - loss: 19.7751 - kl_loss: 1.9248 - val_loss: 20.7707 - val_kl_loss: 1.7143
Epoch 30/8000

Epoch 00030: val_loss did not improve from 19.77994
 - 384s - loss: 19.8059 - kl_loss: 1.9269 - val_loss: 23.3412 - val_kl_loss: 1.9763
Epoch 31/8000

Epoch 00031: val_loss did not improve from 19.77994
 - 382s - loss: 20.4617 - kl_loss: 1.9176 - val_loss: 20.4605 - val_kl_loss: 1.9267
Epoch 32/8000

Epoch 00032: val_loss did not improve from 19.77994
 - 384s - loss: 21.3303 - kl_loss: 1.9143 - val_loss: 22.1041 - val_kl_loss: 1.8591
Epoch 33/8000

Epoch 00033: val_loss did not improve from 19.77994
 - 385s - loss: 19.8032 - kl_loss: 1.9161 - val_loss: 20.3054 - val_kl_loss: 1.8107
Epoch 34/8000

Epoch 00034: val_loss improved from 19.77994 to 18.28103, saving model to ../../model_weights/model_2020-11-29_21-30-38.h5
 - 383s - loss: 19.2596 - kl_loss: 1.9348 - val_loss: 18.2810 - val_kl_loss: 1.7655
Epoch 35/8000

Epoch 00035: val_loss did not improve from 18.28103
 - 382s - loss: 20.7923 - kl_loss: 1.9296 - val_loss: 22.8046 - val_kl_loss: 1.8574
Epoch 36/8000

Epoch 00036: val_loss did not improve from 18.28103
 - 388s - loss: 19.6671 - kl_loss: 1.9213 - val_loss: 19.7559 - val_kl_loss: 1.7460
Epoch 37/8000

Epoch 00037: val_loss did not improve from 18.28103
 - 384s - loss: 20.6493 - kl_loss: 1.9389 - val_loss: 19.3510 - val_kl_loss: 1.8556
Epoch 38/8000

Epoch 00038: val_loss did not improve from 18.28103
 - 384s - loss: 18.7700 - kl_loss: 1.9200 - val_loss: 21.4562 - val_kl_loss: 1.8143
Epoch 39/8000

Epoch 00039: val_loss did not improve from 18.28103
 - 384s - loss: 19.5795 - kl_loss: 1.9201 - val_loss: 19.5776 - val_kl_loss: 1.7644
Epoch 40/8000

Epoch 00040: val_loss improved from 18.28103 to 18.14982, saving model to ../../model_weights/model_2020-11-29_21-30-38.h5
 - 383s - loss: 18.6077 - kl_loss: 1.9118 - val_loss: 18.1498 - val_kl_loss: 1.8590
Epoch 41/8000

Epoch 00041: val_loss improved from 18.14982 to 17.53996, saving model to ../../model_weights/model_2020-11-29_21-30-38.h5
 - 385s - loss: 18.4511 - kl_loss: 1.9246 - val_loss: 17.5400 - val_kl_loss: 1.8496
Epoch 42/8000

Epoch 00042: val_loss did not improve from 17.53996
 - 382s - loss: 18.1871 - kl_loss: 1.9314 - val_loss: 19.0431 - val_kl_loss: 1.9527
Epoch 43/8000

Epoch 00043: val_loss did not improve from 17.53996
 - 387s - loss: 18.8311 - kl_loss: 1.9220 - val_loss: 20.6183 - val_kl_loss: 1.8253
Epoch 44/8000

Epoch 00044: val_loss improved from 17.53996 to 17.33320, saving model to ../../model_weights/model_2020-11-29_21-30-38.h5
 - 386s - loss: 18.9763 - kl_loss: 1.9240 - val_loss: 17.3332 - val_kl_loss: 1.8584
Epoch 45/8000

Epoch 00045: val_loss did not improve from 17.33320
 - 383s - loss: 18.9109 - kl_loss: 1.9337 - val_loss: 18.1493 - val_kl_loss: 1.9112
Epoch 46/8000

Epoch 00046: val_loss did not improve from 17.33320
 - 383s - loss: 19.1807 - kl_loss: 1.9209 - val_loss: 17.6949 - val_kl_loss: 1.9318
Epoch 47/8000

Epoch 00047: val_loss did not improve from 17.33320
 - 384s - loss: 18.1495 - kl_loss: 1.9229 - val_loss: 18.3108 - val_kl_loss: 1.9022
Epoch 48/8000

Epoch 00048: val_loss did not improve from 17.33320
 - 383s - loss: 18.9443 - kl_loss: 1.9304 - val_loss: 19.6866 - val_kl_loss: 1.7234
Epoch 49/8000

Epoch 00049: val_loss did not improve from 17.33320
 - 382s - loss: 18.3810 - kl_loss: 1.9218 - val_loss: 17.4692 - val_kl_loss: 1.7767
Epoch 50/8000

Epoch 00050: val_loss did not improve from 17.33320
 - 388s - loss: 18.3486 - kl_loss: 1.9070 - val_loss: 17.5855 - val_kl_loss: 1.8438
Epoch 51/8000

Epoch 00051: val_loss did not improve from 17.33320
 - 383s - loss: 18.1203 - kl_loss: 1.9158 - val_loss: 17.7919 - val_kl_loss: 1.8274
Epoch 52/8000

Epoch 00052: val_loss did not improve from 17.33320
 - 383s - loss: 20.4478 - kl_loss: 1.9041 - val_loss: 20.2237 - val_kl_loss: 1.7891
Epoch 53/8000

Epoch 00053: val_loss did not improve from 17.33320
 - 384s - loss: 18.9495 - kl_loss: 1.8890 - val_loss: 21.2497 - val_kl_loss: 1.7449
Epoch 54/8000

Epoch 00054: val_loss improved from 17.33320 to 16.83899, saving model to ../../model_weights/model_2020-11-29_21-30-38.h5
 - 384s - loss: 17.8147 - kl_loss: 1.9018 - val_loss: 16.8390 - val_kl_loss: 1.9049
Epoch 55/8000

Epoch 00055: val_loss did not improve from 16.83899
 - 383s - loss: 17.5873 - kl_loss: 1.9087 - val_loss: 19.6815 - val_kl_loss: 1.9811
Epoch 56/8000

Epoch 00056: val_loss did not improve from 16.83899
 - 383s - loss: 18.7781 - kl_loss: 1.9063 - val_loss: 17.6200 - val_kl_loss: 1.7387
Epoch 57/8000

Epoch 00057: val_loss did not improve from 16.83899
 - 388s - loss: 17.7638 - kl_loss: 1.9067 - val_loss: 17.0341 - val_kl_loss: 1.8224
Epoch 58/8000

Epoch 00058: val_loss did not improve from 16.83899
 - 384s - loss: 18.2973 - kl_loss: 1.9016 - val_loss: 27.9262 - val_kl_loss: 1.8810
Epoch 59/8000

Epoch 00059: val_loss did not improve from 16.83899
 - 384s - loss: 18.8009 - kl_loss: 1.8954 - val_loss: 17.4274 - val_kl_loss: 1.8028
Epoch 60/8000

Epoch 00060: val_loss did not improve from 16.83899
 - 384s - loss: 17.4883 - kl_loss: 1.9045 - val_loss: 17.0588 - val_kl_loss: 1.8068
Epoch 61/8000

Epoch 00061: val_loss did not improve from 16.83899
 - 384s - loss: 17.4060 - kl_loss: 1.9109 - val_loss: 17.3321 - val_kl_loss: 1.7524
Epoch 62/8000

Epoch 00062: val_loss did not improve from 16.83899
 - 385s - loss: 17.2260 - kl_loss: 1.8939 - val_loss: 17.2985 - val_kl_loss: 1.7905
Epoch 63/8000

Epoch 00063: val_loss improved from 16.83899 to 16.56244, saving model to ../../model_weights/model_2020-11-29_21-30-38.h5
 - 382s - loss: 17.2037 - kl_loss: 1.8975 - val_loss: 16.5624 - val_kl_loss: 1.8704
Epoch 64/8000

Epoch 00064: val_loss did not improve from 16.56244
 - 388s - loss: 16.6587 - kl_loss: 1.9125 - val_loss: 16.6783 - val_kl_loss: 1.8024
Epoch 65/8000

Epoch 00065: val_loss did not improve from 16.56244
 - 386s - loss: 17.0999 - kl_loss: 1.8890 - val_loss: 16.7970 - val_kl_loss: 1.8444
Epoch 66/8000

Epoch 00066: val_loss did not improve from 16.56244
 - 383s - loss: 18.4672 - kl_loss: 1.9060 - val_loss: 17.1293 - val_kl_loss: 1.8097
Epoch 67/8000

Epoch 00067: val_loss did not improve from 16.56244
 - 384s - loss: 17.1550 - kl_loss: 1.8957 - val_loss: 17.4858 - val_kl_loss: 1.7615
Epoch 68/8000

Epoch 00068: val_loss did not improve from 16.56244
 - 384s - loss: 16.9755 - kl_loss: 1.9055 - val_loss: 16.5701 - val_kl_loss: 1.8659
Epoch 69/8000

Epoch 00069: val_loss improved from 16.56244 to 16.53580, saving model to ../../model_weights/model_2020-11-29_21-30-38.h5
 - 383s - loss: 16.8518 - kl_loss: 1.8949 - val_loss: 16.5358 - val_kl_loss: 1.7981
Epoch 70/8000

Epoch 00070: val_loss did not improve from 16.53580
 - 383s - loss: 17.0152 - kl_loss: 1.9108 - val_loss: 17.3247 - val_kl_loss: 1.7979
Epoch 71/8000

Epoch 00071: val_loss did not improve from 16.53580
 - 388s - loss: 17.8752 - kl_loss: 1.9193 - val_loss: 16.7327 - val_kl_loss: 1.8420
Epoch 72/8000

Epoch 00072: val_loss did not improve from 16.53580
 - 383s - loss: 17.2679 - kl_loss: 1.9080 - val_loss: 16.8275 - val_kl_loss: 1.9493
Epoch 73/8000

Epoch 00073: val_loss did not improve from 16.53580
 - 384s - loss: 17.1192 - kl_loss: 1.9126 - val_loss: 17.2119 - val_kl_loss: 1.8075
Epoch 74/8000

Epoch 00074: val_loss did not improve from 16.53580
 - 385s - loss: 19.1914 - kl_loss: 1.8953 - val_loss: 18.5031 - val_kl_loss: 1.7347
Epoch 75/8000

Epoch 00075: val_loss did not improve from 16.53580
 - 384s - loss: 17.1672 - kl_loss: 1.8818 - val_loss: 16.7387 - val_kl_loss: 1.8194
Epoch 76/8000

Epoch 00076: val_loss did not improve from 16.53580
 - 384s - loss: 17.0889 - kl_loss: 1.8899 - val_loss: 17.0032 - val_kl_loss: 1.6826
Epoch 77/8000

Epoch 00077: val_loss did not improve from 16.53580
 - 383s - loss: 16.9858 - kl_loss: 1.8796 - val_loss: 16.5836 - val_kl_loss: 1.7874
Epoch 78/8000

Epoch 00078: val_loss improved from 16.53580 to 16.51843, saving model to ../../model_weights/model_2020-11-29_21-30-38.h5
 - 387s - loss: 16.2437 - kl_loss: 1.9005 - val_loss: 16.5184 - val_kl_loss: 1.8663
Epoch 79/8000

Epoch 00079: val_loss did not improve from 16.51843
 - 385s - loss: 17.7589 - kl_loss: 1.9203 - val_loss: 18.7333 - val_kl_loss: 1.8141
Epoch 80/8000

Epoch 00080: val_loss did not improve from 16.51843
 - 384s - loss: 16.9455 - kl_loss: 1.9005 - val_loss: 16.8808 - val_kl_loss: 1.7879
Epoch 81/8000

Epoch 00081: val_loss improved from 16.51843 to 16.35612, saving model to ../../model_weights/model_2020-11-29_21-30-38.h5
 - 383s - loss: 16.2289 - kl_loss: 1.8974 - val_loss: 16.3561 - val_kl_loss: 1.7848
Epoch 82/8000

Epoch 00082: val_loss did not improve from 16.35612
 - 384s - loss: 16.4058 - kl_loss: 1.8970 - val_loss: 16.5201 - val_kl_loss: 1.8168
Epoch 83/8000

Epoch 00083: val_loss did not improve from 16.35612
 - 385s - loss: 16.7311 - kl_loss: 1.9082 - val_loss: 16.9490 - val_kl_loss: 1.7670
Epoch 84/8000

Epoch 00084: val_loss did not improve from 16.35612
 - 381s - loss: 18.0602 - kl_loss: 1.9060 - val_loss: 19.7124 - val_kl_loss: 1.8572
Epoch 85/8000

Epoch 00085: val_loss improved from 16.35612 to 16.31867, saving model to ../../model_weights/model_2020-11-29_21-30-38.h5
 - 388s - loss: 16.7276 - kl_loss: 1.8940 - val_loss: 16.3187 - val_kl_loss: 1.8366
Epoch 86/8000

Epoch 00086: val_loss did not improve from 16.31867
 - 385s - loss: 16.9973 - kl_loss: 1.8942 - val_loss: 17.7166 - val_kl_loss: 1.7906
Epoch 87/8000

Epoch 00087: val_loss did not improve from 16.31867
 - 383s - loss: 16.6872 - kl_loss: 1.8930 - val_loss: 17.1553 - val_kl_loss: 1.6945
Epoch 88/8000

Epoch 00088: val_loss did not improve from 16.31867
 - 384s - loss: 16.7402 - kl_loss: 1.8976 - val_loss: 16.3722 - val_kl_loss: 1.8499
Epoch 89/8000

Epoch 00089: val_loss did not improve from 16.31867
 - 384s - loss: 16.1136 - kl_loss: 1.8970 - val_loss: 16.3832 - val_kl_loss: 1.8647
Epoch 90/8000

Epoch 00090: val_loss did not improve from 16.31867
 - 384s - loss: 20.4014 - kl_loss: 2.7915 - val_loss: 17.0411 - val_kl_loss: 2.0144
Epoch 91/8000

Epoch 00091: val_loss did not improve from 16.31867
 - 383s - loss: 16.4575 - kl_loss: 1.9070 - val_loss: 18.7875 - val_kl_loss: 1.8130
Epoch 92/8000

Epoch 00092: val_loss improved from 16.31867 to 16.12224, saving model to ../../model_weights/model_2020-11-29_21-30-38.h5
 - 387s - loss: 16.1129 - kl_loss: 1.9039 - val_loss: 16.1222 - val_kl_loss: 1.8732
Epoch 93/8000

Epoch 00093: val_loss did not improve from 16.12224
 - 384s - loss: 15.8677 - kl_loss: 1.9089 - val_loss: 16.6982 - val_kl_loss: 1.7704
Epoch 94/8000

Epoch 00094: val_loss did not improve from 16.12224
 - 384s - loss: 16.1050 - kl_loss: 1.8967 - val_loss: 16.8674 - val_kl_loss: 1.8031
Epoch 95/8000

Epoch 00095: val_loss did not improve from 16.12224
 - 385s - loss: 16.8891 - kl_loss: 1.8960 - val_loss: 16.5783 - val_kl_loss: 1.7938
Epoch 96/8000

Epoch 00096: val_loss did not improve from 16.12224
 - 383s - loss: 16.9149 - kl_loss: 1.8898 - val_loss: 16.7749 - val_kl_loss: 1.7995
Epoch 97/8000

Epoch 00097: val_loss did not improve from 16.12224
 - 384s - loss: 16.4100 - kl_loss: 1.8981 - val_loss: 19.9959 - val_kl_loss: 1.7689
Epoch 98/8000

Epoch 00098: val_loss did not improve from 16.12224
 - 383s - loss: 16.8259 - kl_loss: 1.9076 - val_loss: 16.6679 - val_kl_loss: 1.8141
Epoch 99/8000

Epoch 00099: val_loss did not improve from 16.12224
 - 387s - loss: 15.8990 - kl_loss: 1.8993 - val_loss: 17.3578 - val_kl_loss: 1.8015
Epoch 100/8000

Epoch 00100: val_loss did not improve from 16.12224
 - 385s - loss: 16.6970 - kl_loss: 1.8964 - val_loss: 16.5062 - val_kl_loss: 1.8293
Epoch 101/8000

Epoch 00101: val_loss did not improve from 16.12224
 - 384s - loss: 16.5866 - kl_loss: 1.8935 - val_loss: 16.2023 - val_kl_loss: 1.8267
Epoch 102/8000

Epoch 00102: val_loss did not improve from 16.12224
 - 383s - loss: 16.5079 - kl_loss: 1.9023 - val_loss: 16.7357 - val_kl_loss: 1.8272
Epoch 103/8000

Epoch 00103: val_loss did not improve from 16.12224
 - 384s - loss: 16.8087 - kl_loss: 1.8923 - val_loss: 16.2622 - val_kl_loss: 1.8098
Epoch 104/8000

Epoch 00104: val_loss did not improve from 16.12224
 - 384s - loss: 17.1511 - kl_loss: 1.8783 - val_loss: 17.0695 - val_kl_loss: 1.7708
Epoch 105/8000

Epoch 00105: val_loss did not improve from 16.12224
 - 382s - loss: 16.2096 - kl_loss: 1.9039 - val_loss: 17.1785 - val_kl_loss: 1.8445
Epoch 106/8000

Epoch 00106: val_loss improved from 16.12224 to 16.09428, saving model to ../../model_weights/model_2020-11-29_21-30-38.h5
 - 389s - loss: 16.2544 - kl_loss: 1.9014 - val_loss: 16.0943 - val_kl_loss: 1.8289
Epoch 107/8000

Epoch 00107: val_loss improved from 16.09428 to 16.06698, saving model to ../../model_weights/model_2020-11-29_21-30-38.h5
 - 385s - loss: 16.0532 - kl_loss: 1.8970 - val_loss: 16.0670 - val_kl_loss: 1.8504
Epoch 108/8000

Epoch 00108: val_loss did not improve from 16.06698
 - 384s - loss: 17.0068 - kl_loss: 1.8925 - val_loss: 17.3931 - val_kl_loss: 1.7133
Epoch 109/8000

Epoch 00109: val_loss improved from 16.06698 to 16.02643, saving model to ../../model_weights/model_2020-11-29_21-30-38.h5
 - 386s - loss: 16.1988 - kl_loss: 1.8920 - val_loss: 16.0264 - val_kl_loss: 1.7937
Epoch 110/8000

Epoch 00110: val_loss improved from 16.02643 to 15.94946, saving model to ../../model_weights/model_2020-11-29_21-30-38.h5
 - 383s - loss: 15.7798 - kl_loss: 1.9013 - val_loss: 15.9495 - val_kl_loss: 1.8385
Epoch 111/8000

Epoch 00111: val_loss did not improve from 15.94946
 - 384s - loss: 16.0762 - kl_loss: 1.9017 - val_loss: 18.3447 - val_kl_loss: 1.6813
Epoch 112/8000

Epoch 00112: val_loss did not improve from 15.94946
 - 383s - loss: 16.5730 - kl_loss: 1.8860 - val_loss: 16.9094 - val_kl_loss: 1.8213
Epoch 113/8000

Epoch 00113: val_loss did not improve from 15.94946
 - 387s - loss: 16.2468 - kl_loss: 1.8849 - val_loss: 16.9721 - val_kl_loss: 1.8294
Epoch 114/8000

Epoch 00114: val_loss did not improve from 15.94946
 - 385s - loss: 16.3306 - kl_loss: 1.8826 - val_loss: 16.1196 - val_kl_loss: 1.7434
Epoch 115/8000

Epoch 00115: val_loss did not improve from 15.94946
 - 384s - loss: 16.0295 - kl_loss: 1.9001 - val_loss: 16.0279 - val_kl_loss: 1.8777
Epoch 116/8000

Epoch 00116: val_loss did not improve from 15.94946
 - 385s - loss: 16.2761 - kl_loss: 1.8969 - val_loss: 16.3253 - val_kl_loss: 1.7946
Epoch 117/8000

Epoch 00117: val_loss did not improve from 15.94946
 - 383s - loss: 15.5219 - kl_loss: 1.9058 - val_loss: 17.6973 - val_kl_loss: 1.8643
Epoch 118/8000

Epoch 00118: val_loss did not improve from 15.94946
 - 385s - loss: 16.1286 - kl_loss: 1.8887 - val_loss: 16.8012 - val_kl_loss: 1.8221
Epoch 119/8000

Epoch 00119: val_loss improved from 15.94946 to 15.85290, saving model to ../../model_weights/model_2020-11-29_21-30-38.h5
 - 383s - loss: 15.8025 - kl_loss: 1.9049 - val_loss: 15.8529 - val_kl_loss: 1.8411
Epoch 120/8000

Epoch 00120: val_loss did not improve from 15.85290
 - 387s - loss: 15.6356 - kl_loss: 1.9019 - val_loss: 15.9242 - val_kl_loss: 1.8318
Epoch 121/8000

Epoch 00121: val_loss did not improve from 15.85290
 - 386s - loss: 16.1865 - kl_loss: 1.8932 - val_loss: 16.0721 - val_kl_loss: 1.8094
Epoch 122/8000

Epoch 00122: val_loss did not improve from 15.85290
 - 384s - loss: 15.8508 - kl_loss: 1.8916 - val_loss: 16.0412 - val_kl_loss: 1.8055
Epoch 123/8000

Epoch 00123: val_loss did not improve from 15.85290
 - 384s - loss: 16.9679 - kl_loss: 1.8806 - val_loss: 17.7093 - val_kl_loss: 1.7618
Epoch 124/8000

Epoch 00124: val_loss did not improve from 15.85290
 - 385s - loss: 16.7405 - kl_loss: 1.8910 - val_loss: 16.6358 - val_kl_loss: 1.8420
Epoch 125/8000

Epoch 00125: val_loss did not improve from 15.85290
 - 384s - loss: 15.8014 - kl_loss: 1.8831 - val_loss: 16.1759 - val_kl_loss: 1.7932
Epoch 126/8000

Epoch 00126: val_loss did not improve from 15.85290
 - 383s - loss: 15.8514 - kl_loss: 1.8777 - val_loss: 16.0403 - val_kl_loss: 1.8247
Epoch 127/8000

Epoch 00127: val_loss did not improve from 15.85290
 - 388s - loss: 15.6388 - kl_loss: 1.8888 - val_loss: 15.9709 - val_kl_loss: 1.7865
Epoch 128/8000

Epoch 00128: val_loss did not improve from 15.85290
 - 384s - loss: 15.3124 - kl_loss: 1.8891 - val_loss: 17.0070 - val_kl_loss: 1.8016
Epoch 129/8000

Epoch 00129: val_loss did not improve from 15.85290
 - 384s - loss: 15.8073 - kl_loss: 1.8893 - val_loss: 17.2882 - val_kl_loss: 1.8613
Epoch 130/8000

Epoch 00130: val_loss did not improve from 15.85290
 - 384s - loss: 15.7079 - kl_loss: 1.8912 - val_loss: 16.2326 - val_kl_loss: 1.8913
Epoch 131/8000

Epoch 00131: val_loss did not improve from 15.85290
 - 383s - loss: 15.9621 - kl_loss: 1.8936 - val_loss: 16.3597 - val_kl_loss: 1.7363
Epoch 132/8000

Epoch 00132: val_loss did not improve from 15.85290
 - 385s - loss: 15.4374 - kl_loss: 1.8912 - val_loss: 16.0050 - val_kl_loss: 1.7948
Epoch 133/8000

Epoch 00133: val_loss did not improve from 15.85290
 - 382s - loss: 15.8663 - kl_loss: 1.8873 - val_loss: 16.2406 - val_kl_loss: 1.7727
Epoch 134/8000

Epoch 00134: val_loss did not improve from 15.85290
 - 386s - loss: 15.9429 - kl_loss: 1.8950 - val_loss: 16.2293 - val_kl_loss: 1.7910
Epoch 135/8000

Epoch 00135: val_loss did not improve from 15.85290
 - 386s - loss: 15.0164 - kl_loss: 1.8969 - val_loss: 16.5346 - val_kl_loss: 1.8406
Epoch 136/8000

Epoch 00136: val_loss did not improve from 15.85290
 - 385s - loss: 15.2545 - kl_loss: 1.9007 - val_loss: 16.7472 - val_kl_loss: 1.8840
Epoch 137/8000

Epoch 00137: val_loss did not improve from 15.85290
 - 384s - loss: 15.2540 - kl_loss: 1.9012 - val_loss: 20.2830 - val_kl_loss: 2.2953
Epoch 138/8000

Epoch 00138: val_loss did not improve from 15.85290
 - 384s - loss: 16.4775 - kl_loss: 1.8827 - val_loss: 16.3023 - val_kl_loss: 1.7678
Epoch 139/8000

Epoch 00139: val_loss did not improve from 15.85290
 - 385s - loss: 15.5834 - kl_loss: 1.8869 - val_loss: 17.0780 - val_kl_loss: 1.8237
Epoch 140/8000

Epoch 00140: val_loss did not improve from 15.85290
 - 382s - loss: 16.2025 - kl_loss: 1.8865 - val_loss: 16.7122 - val_kl_loss: 1.8739
Epoch 141/8000

Epoch 00141: val_loss improved from 15.85290 to 15.79244, saving model to ../../model_weights/model_2020-11-29_21-30-38.h5
 - 388s - loss: 15.5355 - kl_loss: 1.8917 - val_loss: 15.7924 - val_kl_loss: 1.8123
Epoch 142/8000

Epoch 00142: val_loss did not improve from 15.79244
 - 386s - loss: 15.3057 - kl_loss: 1.8877 - val_loss: 15.8915 - val_kl_loss: 1.8034
Epoch 143/8000

Epoch 00143: val_loss did not improve from 15.79244
 - 383s - loss: 15.3114 - kl_loss: 1.8962 - val_loss: 16.6620 - val_kl_loss: 1.8069
Epoch 144/8000

Epoch 00144: val_loss did not improve from 15.79244
 - 385s - loss: 15.6020 - kl_loss: 1.8944 - val_loss: 16.2380 - val_kl_loss: 1.8540
Epoch 145/8000

Epoch 00145: val_loss did not improve from 15.79244
 - 384s - loss: 15.2739 - kl_loss: 1.9047 - val_loss: 16.2542 - val_kl_loss: 1.8294
Epoch 146/8000

Epoch 00146: val_loss did not improve from 15.79244
 - 383s - loss: 15.7047 - kl_loss: 1.8960 - val_loss: 16.0242 - val_kl_loss: 1.8316
Epoch 147/8000

Epoch 00147: val_loss did not improve from 15.79244
 - 383s - loss: 15.3272 - kl_loss: 1.9064 - val_loss: 16.1394 - val_kl_loss: 1.8475
Epoch 148/8000

Epoch 00148: val_loss did not improve from 15.79244
 - 388s - loss: 15.1454 - kl_loss: 1.9053 - val_loss: 15.8869 - val_kl_loss: 1.8021
Epoch 149/8000

Epoch 00149: val_loss did not improve from 15.79244
 - 385s - loss: 15.7099 - kl_loss: 1.9033 - val_loss: 16.2078 - val_kl_loss: 1.8294
Epoch 150/8000

Epoch 00150: val_loss did not improve from 15.79244
 - 385s - loss: 15.3823 - kl_loss: 1.8952 - val_loss: 16.0956 - val_kl_loss: 1.8548
Epoch 151/8000

Epoch 00151: val_loss did not improve from 15.79244
 - 383s - loss: 15.5058 - kl_loss: 1.8932 - val_loss: 16.2504 - val_kl_loss: 1.8136
Epoch 152/8000

Epoch 00152: val_loss did not improve from 15.79244
 - 384s - loss: 15.3578 - kl_loss: 1.8941 - val_loss: 16.0420 - val_kl_loss: 1.7470
Epoch 153/8000

Epoch 00153: val_loss did not improve from 15.79244
 - 385s - loss: 15.1428 - kl_loss: 1.8973 - val_loss: 15.9933 - val_kl_loss: 1.8342
Epoch 154/8000

Epoch 00154: val_loss did not improve from 15.79244
 - 381s - loss: 15.6678 - kl_loss: 1.8981 - val_loss: 16.6481 - val_kl_loss: 1.8714
Epoch 155/8000

Epoch 00155: val_loss did not improve from 15.79244
 - 387s - loss: 16.1662 - kl_loss: 1.9167 - val_loss: 16.4924 - val_kl_loss: 1.8331
Epoch 156/8000

Epoch 00156: val_loss did not improve from 15.79244
 - 386s - loss: 15.9745 - kl_loss: 1.8869 - val_loss: 16.2574 - val_kl_loss: 1.7870
Epoch 157/8000

Epoch 00157: val_loss did not improve from 15.79244
 - 384s - loss: 15.2671 - kl_loss: 1.8920 - val_loss: 16.4311 - val_kl_loss: 1.7707
Epoch 158/8000

Epoch 00158: val_loss did not improve from 15.79244
 - 384s - loss: 15.0823 - kl_loss: 1.9041 - val_loss: 15.9849 - val_kl_loss: 1.8190
Epoch 159/8000

Epoch 00159: val_loss did not improve from 15.79244
 - 385s - loss: 14.8343 - kl_loss: 1.9075 - val_loss: 15.9608 - val_kl_loss: 1.7909
Epoch 160/8000

Epoch 00160: val_loss did not improve from 15.79244
 - 384s - loss: 15.3739 - kl_loss: 1.8960 - val_loss: 16.3349 - val_kl_loss: 1.8475
Epoch 161/8000

Epoch 00161: val_loss did not improve from 15.79244
 - 382s - loss: 15.1960 - kl_loss: 1.9003 - val_loss: 17.1012 - val_kl_loss: 1.7924
Epoch 162/8000

Epoch 00162: val_loss did not improve from 15.79244
 - 389s - loss: 15.3555 - kl_loss: 1.8984 - val_loss: 15.8604 - val_kl_loss: 1.8050
Epoch 163/8000

Epoch 00163: val_loss did not improve from 15.79244
 - 384s - loss: 15.2876 - kl_loss: 1.8955 - val_loss: 16.7201 - val_kl_loss: 1.7116
Epoch 164/8000

Epoch 00164: val_loss did not improve from 15.79244
 - 384s - loss: 15.3681 - kl_loss: 1.8868 - val_loss: 16.1261 - val_kl_loss: 1.8520
Epoch 165/8000

Epoch 00165: val_loss did not improve from 15.79244
 - 385s - loss: 15.0093 - kl_loss: 1.8963 - val_loss: 16.8888 - val_kl_loss: 1.8717
Epoch 166/8000

Epoch 00166: val_loss did not improve from 15.79244
 - 384s - loss: 14.8889 - kl_loss: 1.8958 - val_loss: 16.0496 - val_kl_loss: 1.8111
Epoch 167/8000

Epoch 00167: val_loss did not improve from 15.79244
 - 385s - loss: 15.4372 - kl_loss: 1.8864 - val_loss: 16.9336 - val_kl_loss: 1.7473
Epoch 168/8000

Epoch 00168: val_loss did not improve from 15.79244
 - 382s - loss: 15.3866 - kl_loss: 1.8855 - val_loss: 19.8514 - val_kl_loss: 1.7950
Epoch 169/8000

Epoch 00169: val_loss did not improve from 15.79244
 - 387s - loss: 16.5841 - kl_loss: 1.8901 - val_loss: 16.7919 - val_kl_loss: 1.7972
Epoch 170/8000

Epoch 00170: val_loss did not improve from 15.79244
 - 386s - loss: 15.1521 - kl_loss: 1.8948 - val_loss: 15.9899 - val_kl_loss: 1.7896
Epoch 171/8000

Epoch 00171: val_loss did not improve from 15.79244
 - 383s - loss: 15.4942 - kl_loss: 1.9082 - val_loss: 16.0016 - val_kl_loss: 1.7992
Epoch 172/8000

Epoch 00172: val_loss did not improve from 15.79244
 - 384s - loss: 15.1598 - kl_loss: 1.8931 - val_loss: 17.2740 - val_kl_loss: 1.7867
Epoch 173/8000

Epoch 00173: val_loss did not improve from 15.79244
 - 385s - loss: 15.4425 - kl_loss: 1.8727 - val_loss: 16.1488 - val_kl_loss: 1.7581
Epoch 174/8000

Epoch 00174: val_loss did not improve from 15.79244
 - 383s - loss: 15.0401 - kl_loss: 1.8910 - val_loss: 16.2385 - val_kl_loss: 1.8452
Epoch 175/8000

Epoch 00175: val_loss did not improve from 15.79244
 - 382s - loss: 14.9806 - kl_loss: 1.9049 - val_loss: 19.3919 - val_kl_loss: 1.9536
Epoch 176/8000

Epoch 00176: val_loss did not improve from 15.79244
 - 388s - loss: 15.4570 - kl_loss: 1.8884 - val_loss: 16.3574 - val_kl_loss: 1.8302
Epoch 177/8000

Epoch 00177: val_loss did not improve from 15.79244
 - 386s - loss: 15.0793 - kl_loss: 1.8867 - val_loss: 16.2900 - val_kl_loss: 1.8874
Epoch 178/8000

Epoch 00178: val_loss did not improve from 15.79244
 - 383s - loss: 14.5531 - kl_loss: 1.8988 - val_loss: 15.9333 - val_kl_loss: 1.8546
Epoch 179/8000

Epoch 00179: val_loss did not improve from 15.79244
 - 384s - loss: 14.5775 - kl_loss: 1.9036 - val_loss: 17.0876 - val_kl_loss: 1.8311
Epoch 180/8000

Epoch 00180: val_loss did not improve from 15.79244
 - 384s - loss: 15.1792 - kl_loss: 1.8956 - val_loss: 15.9753 - val_kl_loss: 1.9002
