2019-12-17 23:05:13.381128: I tensorflow/core/platform/cpu_feature_guard.cc:141] Your CPU supports instructions that this TensorFlow binary was not compiled to use: SSE4.1 SSE4.2 AVX
2019-12-17 23:05:13.501299: I tensorflow/stream_executor/cuda/cuda_gpu_executor.cc:897] successful NUMA node read from SysFS had negative value (-1), but there must be at least one NUMA node, so returning NUMA node zero
2019-12-17 23:05:13.502292: I tensorflow/core/common_runtime/gpu/gpu_device.cc:1405] Found device 0 with properties: 
name: TITAN Xp major: 6 minor: 1 memoryClockRate(GHz): 1.582
pciBusID: 0000:01:00.0
totalMemory: 11.91GiB freeMemory: 11.73GiB
2019-12-17 23:05:13.502310: I tensorflow/core/common_runtime/gpu/gpu_device.cc:1484] Adding visible gpu devices: 0
2019-12-17 23:05:13.735978: I tensorflow/core/common_runtime/gpu/gpu_device.cc:965] Device interconnect StreamExecutor with strength 1 edge matrix:
2019-12-17 23:05:13.736023: I tensorflow/core/common_runtime/gpu/gpu_device.cc:971]      0 
2019-12-17 23:05:13.736032: I tensorflow/core/common_runtime/gpu/gpu_device.cc:984] 0:   N 
2019-12-17 23:05:13.736300: I tensorflow/core/common_runtime/gpu/gpu_device.cc:1097] Created TensorFlow device (/job:localhost/replica:0/task:0/device:GPU:0 with 11348 MB memory) -> physical GPU (device: 0, name: TITAN Xp, pci bus id: 0000:01:00.0, compute capability: 6.1)
2019-12-17 23:05:14.300819: I tensorflow/core/kernels/cuda_solvers.cc:159] Creating CudaSolver handles for stream 0x560d0bdea540
Train on 32962 samples, validate on 1735 samples
Epoch 1/250
 - 208s - loss: 0.3530 - val_loss: 0.3009

Epoch 00001: val_loss improved from inf to 0.30093, saving model to lstm_autoencoder_2019-12-17_23-05-11.h5
Epoch 2/250
 - 210s - loss: 0.2753 - val_loss: 0.2673

Epoch 00002: val_loss improved from 0.30093 to 0.26729, saving model to lstm_autoencoder_2019-12-17_23-05-11.h5
Epoch 3/250
 - 211s - loss: 0.2470 - val_loss: 0.2281

Epoch 00003: val_loss improved from 0.26729 to 0.22815, saving model to lstm_autoencoder_2019-12-17_23-05-11.h5
Epoch 4/250
 - 211s - loss: 0.2320 - val_loss: 0.2249

Epoch 00004: val_loss improved from 0.22815 to 0.22493, saving model to lstm_autoencoder_2019-12-17_23-05-11.h5
Epoch 5/250
 - 211s - loss: 0.2234 - val_loss: 0.2133

Epoch 00005: val_loss improved from 0.22493 to 0.21335, saving model to lstm_autoencoder_2019-12-17_23-05-11.h5
Epoch 6/250
 - 211s - loss: 0.2156 - val_loss: 0.3243

Epoch 00006: val_loss did not improve from 0.21335
Epoch 7/250
 - 211s - loss: 0.2283 - val_loss: 0.2142

Epoch 00007: val_loss did not improve from 0.21335
Epoch 8/250
 - 210s - loss: 0.2023 - val_loss: 0.1982

Epoch 00008: val_loss improved from 0.21335 to 0.19819, saving model to lstm_autoencoder_2019-12-17_23-05-11.h5
Epoch 9/250
 - 211s - loss: 0.1995 - val_loss: 0.2122

Epoch 00009: val_loss did not improve from 0.19819
Epoch 10/250
 - 211s - loss: 0.1965 - val_loss: 0.2159

Epoch 00010: val_loss did not improve from 0.19819
Epoch 11/250
 - 211s - loss: 0.1948 - val_loss: 0.1790

Epoch 00011: val_loss improved from 0.19819 to 0.17897, saving model to lstm_autoencoder_2019-12-17_23-05-11.h5
Epoch 12/250
 - 211s - loss: 0.1893 - val_loss: 0.1768

Epoch 00012: val_loss improved from 0.17897 to 0.17681, saving model to lstm_autoencoder_2019-12-17_23-05-11.h5
Epoch 13/250
 - 211s - loss: 0.1847 - val_loss: 0.1879

Epoch 00013: val_loss did not improve from 0.17681
Epoch 14/250
 - 211s - loss: 0.1825 - val_loss: 0.1814

Epoch 00014: val_loss did not improve from 0.17681
Epoch 15/250
 - 211s - loss: 0.1827 - val_loss: 0.1858

Epoch 00015: val_loss did not improve from 0.17681
Epoch 16/250
 - 212s - loss: 0.1765 - val_loss: 0.1778

Epoch 00016: val_loss did not improve from 0.17681
Epoch 17/250
 - 211s - loss: 0.1764 - val_loss: 0.1703

Epoch 00017: val_loss improved from 0.17681 to 0.17032, saving model to lstm_autoencoder_2019-12-17_23-05-11.h5
Epoch 18/250
 - 211s - loss: 0.1735 - val_loss: 0.2017

Epoch 00018: val_loss did not improve from 0.17032
Epoch 19/250
 - 212s - loss: 0.1719 - val_loss: 0.1905

Epoch 00019: val_loss did not improve from 0.17032
Epoch 20/250
 - 211s - loss: 0.1689 - val_loss: 0.1654

Epoch 00020: val_loss improved from 0.17032 to 0.16543, saving model to lstm_autoencoder_2019-12-17_23-05-11.h5
Epoch 21/250
 - 212s - loss: 0.1666 - val_loss: 0.1677

Epoch 00021: val_loss did not improve from 0.16543
Epoch 22/250
 - 212s - loss: 0.1621 - val_loss: 0.1674

Epoch 00022: val_loss did not improve from 0.16543
Epoch 23/250
 - 212s - loss: 0.1643 - val_loss: 0.1560

Epoch 00023: val_loss improved from 0.16543 to 0.15601, saving model to lstm_autoencoder_2019-12-17_23-05-11.h5
Epoch 24/250
 - 211s - loss: 0.1588 - val_loss: 0.1666

Epoch 00024: val_loss did not improve from 0.15601
Epoch 25/250
 - 211s - loss: 0.1698 - val_loss: 0.1801

Epoch 00025: val_loss did not improve from 0.15601
Epoch 26/250
 - 211s - loss: 0.1684 - val_loss: 0.1565

Epoch 00026: val_loss did not improve from 0.15601
Epoch 27/250
 - 209s - loss: 0.1613 - val_loss: 0.1693

Epoch 00027: val_loss did not improve from 0.15601
Epoch 28/250
 - 211s - loss: 0.1556 - val_loss: 0.1543

Epoch 00028: val_loss improved from 0.15601 to 0.15428, saving model to lstm_autoencoder_2019-12-17_23-05-11.h5
Epoch 29/250
 - 209s - loss: 0.1557 - val_loss: 0.1967

Epoch 00029: val_loss did not improve from 0.15428
Epoch 30/250
 - 211s - loss: 0.1571 - val_loss: 0.1583

Epoch 00030: val_loss did not improve from 0.15428
Epoch 31/250
 - 211s - loss: 0.1533 - val_loss: 0.1556

Epoch 00031: val_loss did not improve from 0.15428
Epoch 32/250
 - 211s - loss: 0.1535 - val_loss: 0.1716

Epoch 00032: val_loss did not improve from 0.15428
Epoch 33/250
 - 211s - loss: 0.1520 - val_loss: 0.1473

Epoch 00033: val_loss improved from 0.15428 to 0.14728, saving model to lstm_autoencoder_2019-12-17_23-05-11.h5
Epoch 34/250
 - 211s - loss: 0.1507 - val_loss: 0.1491

Epoch 00034: val_loss did not improve from 0.14728
Epoch 35/250
 - 213s - loss: 0.1488 - val_loss: 0.1454

Epoch 00035: val_loss improved from 0.14728 to 0.14540, saving model to lstm_autoencoder_2019-12-17_23-05-11.h5
Epoch 36/250
 - 211s - loss: 0.1490 - val_loss: 0.1581

Epoch 00036: val_loss did not improve from 0.14540
Epoch 37/250
 - 212s - loss: 0.1519 - val_loss: 0.1482

Epoch 00037: val_loss did not improve from 0.14540
Epoch 38/250
 - 211s - loss: 0.1466 - val_loss: 0.1452

Epoch 00038: val_loss improved from 0.14540 to 0.14519, saving model to lstm_autoencoder_2019-12-17_23-05-11.h5
Epoch 39/250
 - 211s - loss: 0.1462 - val_loss: 0.1772

Epoch 00039: val_loss did not improve from 0.14519
Epoch 40/250
 - 212s - loss: 0.1468 - val_loss: 0.1433

Epoch 00040: val_loss improved from 0.14519 to 0.14335, saving model to lstm_autoencoder_2019-12-17_23-05-11.h5
Epoch 41/250
 - 211s - loss: 0.1447 - val_loss: 0.1641

Epoch 00041: val_loss did not improve from 0.14335
Epoch 42/250
 - 212s - loss: 0.1441 - val_loss: 0.1475

Epoch 00042: val_loss did not improve from 0.14335
Epoch 43/250
 - 211s - loss: 0.1425 - val_loss: 0.1415

Epoch 00043: val_loss improved from 0.14335 to 0.14149, saving model to lstm_autoencoder_2019-12-17_23-05-11.h5
Epoch 44/250
 - 211s - loss: 0.1430 - val_loss: 0.1429

Epoch 00044: val_loss did not improve from 0.14149
Epoch 45/250
 - 211s - loss: 0.1398 - val_loss: 0.1515

Epoch 00045: val_loss did not improve from 0.14149
Epoch 46/250
 - 211s - loss: 0.1410 - val_loss: 0.1475

Epoch 00046: val_loss did not improve from 0.14149
Epoch 47/250
 - 211s - loss: 0.1389 - val_loss: 0.1401

Epoch 00047: val_loss improved from 0.14149 to 0.14006, saving model to lstm_autoencoder_2019-12-17_23-05-11.h5
Epoch 48/250
 - 211s - loss: 0.1380 - val_loss: 0.1653

Epoch 00048: val_loss did not improve from 0.14006
Epoch 49/250
 - 211s - loss: 0.1380 - val_loss: 0.1518

Epoch 00049: val_loss did not improve from 0.14006
Epoch 50/250
 - 210s - loss: 0.1420 - val_loss: 0.1750

Epoch 00050: val_loss did not improve from 0.14006
Epoch 51/250
 - 211s - loss: 0.1398 - val_loss: 0.1462

Epoch 00051: val_loss did not improve from 0.14006
Epoch 52/250
 - 212s - loss: 0.1352 - val_loss: 0.1386

Epoch 00052: val_loss improved from 0.14006 to 0.13855, saving model to lstm_autoencoder_2019-12-17_23-05-11.h5
Epoch 53/250
 - 211s - loss: 0.1372 - val_loss: 0.1491

Epoch 00053: val_loss did not improve from 0.13855
Epoch 54/250
 - 212s - loss: 0.1364 - val_loss: 0.1328

Epoch 00054: val_loss improved from 0.13855 to 0.13281, saving model to lstm_autoencoder_2019-12-17_23-05-11.h5
Epoch 55/250
 - 212s - loss: 0.1337 - val_loss: 0.1390

Epoch 00055: val_loss did not improve from 0.13281
Epoch 56/250
 - 211s - loss: 0.1337 - val_loss: 0.1345

Epoch 00056: val_loss did not improve from 0.13281
Epoch 57/250
 - 211s - loss: 0.1346 - val_loss: 0.1289

Epoch 00057: val_loss improved from 0.13281 to 0.12894, saving model to lstm_autoencoder_2019-12-17_23-05-11.h5
Epoch 58/250
 - 212s - loss: 0.1337 - val_loss: 0.1422

Epoch 00058: val_loss did not improve from 0.12894
Epoch 59/250
 - 212s - loss: 0.1310 - val_loss: 0.1824

Epoch 00059: val_loss did not improve from 0.12894
Epoch 60/250
 - 210s - loss: 0.1326 - val_loss: 0.1356

Epoch 00060: val_loss did not improve from 0.12894
Epoch 61/250
 - 211s - loss: 0.1308 - val_loss: 0.1294

Epoch 00061: val_loss did not improve from 0.12894
Epoch 62/250
 - 211s - loss: 0.1301 - val_loss: 0.1279

Epoch 00062: val_loss improved from 0.12894 to 0.12790, saving model to lstm_autoencoder_2019-12-17_23-05-11.h5
Epoch 63/250
 - 212s - loss: 0.1280 - val_loss: 0.1294

Epoch 00063: val_loss did not improve from 0.12790
Epoch 64/250
 - 211s - loss: 0.1293 - val_loss: 0.1399

Epoch 00064: val_loss did not improve from 0.12790
Epoch 65/250
 - 211s - loss: 0.1315 - val_loss: 0.1449

Epoch 00065: val_loss did not improve from 0.12790
Epoch 66/250
 - 210s - loss: nan - val_loss: nan

Epoch 00066: val_loss did not improve from 0.12790
Epoch 67/250
 - 210s - loss: nan - val_loss: nan

Epoch 00067: val_loss did not improve from 0.12790
Epoch 68/250
 - 211s - loss: nan - val_loss: nan

Epoch 00068: val_loss did not improve from 0.12790
Epoch 69/250
 - 210s - loss: nan - val_loss: nan

Epoch 00069: val_loss did not improve from 0.12790
Epoch 70/250
 - 210s - loss: nan - val_loss: nan

Epoch 00070: val_loss did not improve from 0.12790
Epoch 71/250
 - 211s - loss: nan - val_loss: nan

Epoch 00071: val_loss did not improve from 0.12790
Epoch 72/250
 - 210s - loss: nan - val_loss: nan

Epoch 00072: val_loss did not improve from 0.12790
Epoch 73/250
 - 210s - loss: nan - val_loss: nan

Epoch 00073: val_loss did not improve from 0.12790
Epoch 74/250
 - 210s - loss: nan - val_loss: nan

Epoch 00074: val_loss did not improve from 0.12790
Epoch 75/250
 - 211s - loss: nan - val_loss: nan

Epoch 00075: val_loss did not improve from 0.12790
Epoch 76/250
 - 211s - loss: nan - val_loss: nan

Epoch 00076: val_loss did not improve from 0.12790
Epoch 77/250
 - 211s - loss: nan - val_loss: nan

Epoch 00077: val_loss did not improve from 0.12790
Epoch 00077: early stopping
