2020-11-24 17:50:14.233111: I tensorflow/core/platform/cpu_feature_guard.cc:141] Your CPU supports instructions that this TensorFlow binary was not compiled to use: SSE4.1 SSE4.2 AVX
2020-11-24 17:50:14.535240: I tensorflow/stream_executor/cuda/cuda_gpu_executor.cc:897] successful NUMA node read from SysFS had negative value (-1), but there must be at least one NUMA node, so returning NUMA node zero
2020-11-24 17:50:14.535789: I tensorflow/core/common_runtime/gpu/gpu_device.cc:1405] Found device 0 with properties: 
name: TITAN Xp major: 6 minor: 1 memoryClockRate(GHz): 1.582
pciBusID: 0000:01:00.0
totalMemory: 11.91GiB freeMemory: 11.75GiB
2020-11-24 17:50:14.535808: I tensorflow/core/common_runtime/gpu/gpu_device.cc:1484] Adding visible gpu devices: 0
2020-11-24 17:50:14.775660: I tensorflow/core/common_runtime/gpu/gpu_device.cc:965] Device interconnect StreamExecutor with strength 1 edge matrix:
2020-11-24 17:50:14.775704: I tensorflow/core/common_runtime/gpu/gpu_device.cc:971]      0 
2020-11-24 17:50:14.775713: I tensorflow/core/common_runtime/gpu/gpu_device.cc:984] 0:   N 
2020-11-24 17:50:14.775962: I tensorflow/core/common_runtime/gpu/gpu_device.cc:1097] Created TensorFlow device (/job:localhost/replica:0/task:0/device:GPU:0 with 11366 MB memory) -> physical GPU (device: 0, name: TITAN Xp, pci bus id: 0000:01:00.0, compute capability: 6.1)
2020-11-24 17:50:14.979817: I tensorflow/core/kernels/cuda_solvers.cc:159] Creating CudaSolver handles for stream 0x560bff8d9620
Epoch 1/8000

Epoch 00001: val_loss improved from inf to 16.07040, saving model to ../../model_weights/model_2020-11-24_17-50-16.h5
 - 383s - loss: 14.7802 - kl_loss: 1.9315 - val_loss: 16.0704 - val_kl_loss: 1.8558
Epoch 2/8000

Epoch 00002: val_loss improved from 16.07040 to 15.63202, saving model to ../../model_weights/model_2020-11-24_17-50-16.h5
 - 383s - loss: 14.6031 - kl_loss: 1.9231 - val_loss: 15.6320 - val_kl_loss: 1.8546
Epoch 3/8000

Epoch 00003: val_loss did not improve from 15.63202
 - 383s - loss: 14.4941 - kl_loss: 1.9334 - val_loss: 15.7186 - val_kl_loss: 1.8549
Epoch 4/8000

Epoch 00004: val_loss did not improve from 15.63202
 - 382s - loss: 14.4244 - kl_loss: 1.9339 - val_loss: 15.6502 - val_kl_loss: 1.8671
Epoch 5/8000

Epoch 00005: val_loss improved from 15.63202 to 15.55601, saving model to ../../model_weights/model_2020-11-24_17-50-16.h5
 - 384s - loss: 14.3854 - kl_loss: 1.9254 - val_loss: 15.5560 - val_kl_loss: 1.8720
Epoch 6/8000

Epoch 00006: val_loss did not improve from 15.55601
 - 382s - loss: 14.3402 - kl_loss: 1.9316 - val_loss: 15.5628 - val_kl_loss: 1.8660
Epoch 7/8000

Epoch 00007: val_loss did not improve from 15.55601
 - 380s - loss: 14.3164 - kl_loss: 1.9386 - val_loss: 15.5949 - val_kl_loss: 1.8708
Epoch 8/8000

Epoch 00008: val_loss did not improve from 15.55601
 - 386s - loss: 14.2633 - kl_loss: 1.9349 - val_loss: 15.6148 - val_kl_loss: 1.8685
Epoch 9/8000

Epoch 00009: val_loss improved from 15.55601 to 15.54062, saving model to ../../model_weights/model_2020-11-24_17-50-16.h5
 - 385s - loss: 14.2560 - kl_loss: 1.9396 - val_loss: 15.5406 - val_kl_loss: 1.8722
Epoch 10/8000

Epoch 00010: val_loss improved from 15.54062 to 15.43585, saving model to ../../model_weights/model_2020-11-24_17-50-16.h5
 - 383s - loss: 14.2224 - kl_loss: 1.9399 - val_loss: 15.4358 - val_kl_loss: 1.8634
Epoch 11/8000

Epoch 00011: val_loss improved from 15.43585 to 15.41375, saving model to ../../model_weights/model_2020-11-24_17-50-16.h5
 - 383s - loss: 14.1811 - kl_loss: 1.9331 - val_loss: 15.4138 - val_kl_loss: 1.8625
Epoch 12/8000

Epoch 00012: val_loss did not improve from 15.41375
 - 384s - loss: 14.1693 - kl_loss: 1.9346 - val_loss: 15.5194 - val_kl_loss: 1.8668
Epoch 13/8000

Epoch 00013: val_loss did not improve from 15.41375
 - 381s - loss: 14.1708 - kl_loss: 1.9322 - val_loss: 15.4460 - val_kl_loss: 1.8332
Epoch 14/8000

Epoch 00014: val_loss did not improve from 15.41375
 - 382s - loss: 14.1494 - kl_loss: 1.9395 - val_loss: 15.4423 - val_kl_loss: 1.8619
Epoch 15/8000

Epoch 00015: val_loss did not improve from 15.41375
 - 387s - loss: 14.1303 - kl_loss: 1.9437 - val_loss: 15.4783 - val_kl_loss: 1.8678
Epoch 16/8000

Epoch 00016: val_loss improved from 15.41375 to 15.36484, saving model to ../../model_weights/model_2020-11-24_17-50-16.h5
 - 383s - loss: 14.1031 - kl_loss: 1.9405 - val_loss: 15.3648 - val_kl_loss: 1.8694
Epoch 17/8000

Epoch 00017: val_loss did not improve from 15.36484
 - 385s - loss: 14.0886 - kl_loss: 1.9388 - val_loss: 15.3749 - val_kl_loss: 1.8774
Epoch 18/8000

Epoch 00018: val_loss did not improve from 15.36484
 - 384s - loss: 14.0731 - kl_loss: 1.9382 - val_loss: 15.3878 - val_kl_loss: 1.8564
Epoch 19/8000

Epoch 00019: val_loss did not improve from 15.36484
 - 384s - loss: 14.0706 - kl_loss: 1.9432 - val_loss: 15.4133 - val_kl_loss: 1.8716
Epoch 20/8000

Epoch 00020: val_loss improved from 15.36484 to 15.31527, saving model to ../../model_weights/model_2020-11-24_17-50-16.h5
 - 383s - loss: 14.0599 - kl_loss: 1.9432 - val_loss: 15.3153 - val_kl_loss: 1.8640
Epoch 21/8000

Epoch 00021: val_loss improved from 15.31527 to 15.30807, saving model to ../../model_weights/model_2020-11-24_17-50-16.h5
 - 381s - loss: 14.0511 - kl_loss: 1.9453 - val_loss: 15.3081 - val_kl_loss: 1.8783
Epoch 22/8000

Epoch 00022: val_loss did not improve from 15.30807
 - 387s - loss: 14.0396 - kl_loss: 1.9495 - val_loss: 15.4087 - val_kl_loss: 1.8778
Epoch 23/8000

Epoch 00023: val_loss did not improve from 15.30807
 - 384s - loss: 14.0385 - kl_loss: 1.9380 - val_loss: 15.3554 - val_kl_loss: 1.8742
Epoch 24/8000

Epoch 00024: val_loss did not improve from 15.30807
 - 383s - loss: 14.0375 - kl_loss: 1.9411 - val_loss: 15.3427 - val_kl_loss: 1.8737
Epoch 25/8000

Epoch 00025: val_loss did not improve from 15.30807
 - 385s - loss: 14.0206 - kl_loss: 1.9436 - val_loss: 15.3755 - val_kl_loss: 1.8558
Epoch 26/8000

Epoch 00026: val_loss did not improve from 15.30807
 - 384s - loss: 14.0193 - kl_loss: 1.9449 - val_loss: 15.3402 - val_kl_loss: 1.8651
Epoch 27/8000

Epoch 00027: val_loss did not improve from 15.30807
 - 381s - loss: 14.0070 - kl_loss: 1.9438 - val_loss: 15.4125 - val_kl_loss: 1.8748
Epoch 28/8000

Epoch 00028: val_loss improved from 15.30807 to 15.27333, saving model to ../../model_weights/model_2020-11-24_17-50-16.h5
 - 383s - loss: 14.0123 - kl_loss: 1.9467 - val_loss: 15.2733 - val_kl_loss: 1.8632
Epoch 29/8000

Epoch 00029: val_loss did not improve from 15.27333
 - 388s - loss: 13.9956 - kl_loss: 1.9441 - val_loss: 15.3231 - val_kl_loss: 1.8752
Epoch 30/8000

Epoch 00030: val_loss did not improve from 15.27333
 - 383s - loss: 13.9867 - kl_loss: 1.9446 - val_loss: 15.2850 - val_kl_loss: 1.8641
Epoch 31/8000

Epoch 00031: val_loss did not improve from 15.27333
 - 384s - loss: 13.9770 - kl_loss: 1.9466 - val_loss: 15.3870 - val_kl_loss: 1.8709
Epoch 32/8000

Epoch 00032: val_loss improved from 15.27333 to 15.26778, saving model to ../../model_weights/model_2020-11-24_17-50-16.h5
 - 385s - loss: 13.9739 - kl_loss: 1.9391 - val_loss: 15.2678 - val_kl_loss: 1.8781
Epoch 33/8000

Epoch 00033: val_loss did not improve from 15.26778
 - 383s - loss: 13.9696 - kl_loss: 1.9428 - val_loss: 15.3201 - val_kl_loss: 1.8716
Epoch 34/8000

Epoch 00034: val_loss did not improve from 15.26778
 - 383s - loss: 13.9593 - kl_loss: 1.9425 - val_loss: 15.2693 - val_kl_loss: 1.8715
Epoch 35/8000

Epoch 00035: val_loss did not improve from 15.26778
 - 382s - loss: 13.9715 - kl_loss: 1.9391 - val_loss: 15.3955 - val_kl_loss: 1.8583
Epoch 36/8000

Epoch 00036: val_loss improved from 15.26778 to 15.22981, saving model to ../../model_weights/model_2020-11-24_17-50-16.h5
 - 387s - loss: 13.9447 - kl_loss: 1.9396 - val_loss: 15.2298 - val_kl_loss: 1.8725
Epoch 37/8000

Epoch 00037: val_loss did not improve from 15.22981
 - 385s - loss: 13.9402 - kl_loss: 1.9439 - val_loss: 15.2441 - val_kl_loss: 1.8772
Epoch 38/8000

Epoch 00038: val_loss did not improve from 15.22981
 - 383s - loss: 13.9397 - kl_loss: 1.9468 - val_loss: 15.2610 - val_kl_loss: 1.8609
Epoch 39/8000

Epoch 00039: val_loss did not improve from 15.22981
 - 384s - loss: 13.9344 - kl_loss: 1.9466 - val_loss: 15.2779 - val_kl_loss: 1.8667
Epoch 40/8000

Epoch 00040: val_loss did not improve from 15.22981
 - 385s - loss: 13.9227 - kl_loss: 1.9403 - val_loss: 15.2753 - val_kl_loss: 1.8770
Epoch 41/8000

Epoch 00041: val_loss did not improve from 15.22981
 - 381s - loss: 13.9160 - kl_loss: 1.9430 - val_loss: 15.2619 - val_kl_loss: 1.8635
Epoch 42/8000

Epoch 00042: val_loss did not improve from 15.22981
 - 383s - loss: 13.9307 - kl_loss: 1.9426 - val_loss: 15.3515 - val_kl_loss: 1.9118
Epoch 43/8000

Epoch 00043: val_loss did not improve from 15.22981
 - 386s - loss: 13.9228 - kl_loss: 1.9405 - val_loss: 15.3038 - val_kl_loss: 1.8625
Epoch 44/8000

Epoch 00044: val_loss did not improve from 15.22981
 - 384s - loss: 13.9149 - kl_loss: 1.9471 - val_loss: 15.3008 - val_kl_loss: 1.8722
Epoch 45/8000

Epoch 00045: val_loss did not improve from 15.22981
 - 385s - loss: 13.9087 - kl_loss: 1.9475 - val_loss: 15.2495 - val_kl_loss: 1.8790
Epoch 46/8000

Epoch 00046: val_loss improved from 15.22981 to 15.18600, saving model to ../../model_weights/model_2020-11-24_17-50-16.h5
 - 383s - loss: 13.9054 - kl_loss: 1.9486 - val_loss: 15.1860 - val_kl_loss: 1.8667
Epoch 47/8000

Epoch 00047: val_loss did not improve from 15.18600
 - 383s - loss: 13.8957 - kl_loss: 1.9448 - val_loss: 15.3153 - val_kl_loss: 1.8921
Epoch 48/8000

Epoch 00048: val_loss did not improve from 15.18600
 - 383s - loss: 13.9038 - kl_loss: 1.9438 - val_loss: 15.3461 - val_kl_loss: 1.8706
Epoch 49/8000

Epoch 00049: val_loss did not improve from 15.18600
 - 382s - loss: 13.8832 - kl_loss: 1.9430 - val_loss: 15.2632 - val_kl_loss: 1.8637
Epoch 50/8000

Epoch 00050: val_loss did not improve from 15.18600
 - 386s - loss: 13.8841 - kl_loss: 1.9356 - val_loss: 15.2508 - val_kl_loss: 1.8717
Epoch 51/8000

Epoch 00051: val_loss did not improve from 15.18600
 - 385s - loss: 13.8845 - kl_loss: 1.9421 - val_loss: 15.2259 - val_kl_loss: 1.8638
Epoch 52/8000

Epoch 00052: val_loss did not improve from 15.18600
 - 384s - loss: 13.8817 - kl_loss: 1.9406 - val_loss: 15.2439 - val_kl_loss: 1.8710
Epoch 53/8000

Epoch 00053: val_loss did not improve from 15.18600
 - 384s - loss: 13.8922 - kl_loss: 1.9473 - val_loss: 15.2487 - val_kl_loss: 1.8831
Epoch 54/8000

Epoch 00054: val_loss did not improve from 15.18600
 - 385s - loss: 13.8766 - kl_loss: 1.9462 - val_loss: 15.3679 - val_kl_loss: 1.8817
Epoch 55/8000

Epoch 00055: val_loss did not improve from 15.18600
 - 381s - loss: 13.8769 - kl_loss: 1.9471 - val_loss: 15.2939 - val_kl_loss: 1.8711
Epoch 56/8000

Epoch 00056: val_loss did not improve from 15.18600
 - 383s - loss: 13.8867 - kl_loss: 1.9478 - val_loss: 15.3477 - val_kl_loss: 1.8880
Epoch 57/8000

Epoch 00057: val_loss did not improve from 15.18600
 - 387s - loss: 13.8914 - kl_loss: 1.9478 - val_loss: 15.3010 - val_kl_loss: 1.8758
Epoch 58/8000

Epoch 00058: val_loss did not improve from 15.18600
 - 383s - loss: 13.8722 - kl_loss: 1.9499 - val_loss: 15.2339 - val_kl_loss: 1.8808
Epoch 59/8000

Epoch 00059: val_loss did not improve from 15.18600
 - 385s - loss: 13.8859 - kl_loss: 1.9513 - val_loss: 15.2802 - val_kl_loss: 1.8682
Epoch 60/8000

Epoch 00060: val_loss did not improve from 15.18600
 - 384s - loss: 13.8776 - kl_loss: 1.9449 - val_loss: 15.2468 - val_kl_loss: 1.8816
Epoch 61/8000

Epoch 00061: val_loss did not improve from 15.18600
 - 384s - loss: 13.8763 - kl_loss: 1.9468 - val_loss: 15.2257 - val_kl_loss: 1.8636
Epoch 62/8000

Epoch 00062: val_loss did not improve from 15.18600
 - 383s - loss: 13.8728 - kl_loss: 1.9456 - val_loss: 15.4396 - val_kl_loss: 1.8601
Epoch 63/8000

Epoch 00063: val_loss did not improve from 15.18600
 - 381s - loss: 13.8702 - kl_loss: 1.9518 - val_loss: 15.2932 - val_kl_loss: 1.8735
Epoch 64/8000

Epoch 00064: val_loss did not improve from 15.18600
 - 387s - loss: 13.8822 - kl_loss: 1.9499 - val_loss: 15.2533 - val_kl_loss: 1.8836
Epoch 65/8000

Epoch 00065: val_loss did not improve from 15.18600
 - 385s - loss: 13.8579 - kl_loss: 1.9467 - val_loss: 15.3004 - val_kl_loss: 1.8650
Epoch 66/8000

Epoch 00066: val_loss did not improve from 15.18600
 - 383s - loss: 13.8601 - kl_loss: 1.9534 - val_loss: 15.3114 - val_kl_loss: 1.8833
Epoch 67/8000

Epoch 00067: val_loss did not improve from 15.18600
 - 384s - loss: 13.8546 - kl_loss: 1.9499 - val_loss: 15.2615 - val_kl_loss: 1.8827
Epoch 68/8000

Epoch 00068: val_loss did not improve from 15.18600
 - 385s - loss: 13.8638 - kl_loss: 1.9447 - val_loss: 15.2162 - val_kl_loss: 1.8710
Epoch 69/8000

Epoch 00069: val_loss did not improve from 15.18600
 - 382s - loss: 13.8516 - kl_loss: 1.9526 - val_loss: 15.2791 - val_kl_loss: 1.8698
Epoch 70/8000

Epoch 00070: val_loss did not improve from 15.18600
 - 382s - loss: 13.8563 - kl_loss: 1.9465 - val_loss: 15.3753 - val_kl_loss: 1.8727
Epoch 71/8000

Epoch 00071: val_loss did not improve from 15.18600
 - 387s - loss: 13.8463 - kl_loss: 1.9486 - val_loss: 15.3264 - val_kl_loss: 1.8752
Epoch 72/8000

Epoch 00072: val_loss did not improve from 15.18600
 - 383s - loss: 13.8524 - kl_loss: 1.9516 - val_loss: 15.2719 - val_kl_loss: 1.8757
Epoch 73/8000

Epoch 00073: val_loss did not improve from 15.18600
 - 384s - loss: 13.8450 - kl_loss: 1.9492 - val_loss: 15.2388 - val_kl_loss: 1.8910
Epoch 74/8000

Epoch 00074: val_loss did not improve from 15.18600
 - 385s - loss: 13.8457 - kl_loss: 1.9509 - val_loss: 15.2304 - val_kl_loss: 1.8760
Epoch 75/8000

Epoch 00075: val_loss did not improve from 15.18600
 - 384s - loss: 13.8398 - kl_loss: 1.9509 - val_loss: 15.2711 - val_kl_loss: 1.8782
Epoch 76/8000

Epoch 00076: val_loss did not improve from 15.18600
 - 383s - loss: 13.8262 - kl_loss: 1.9483 - val_loss: 15.2116 - val_kl_loss: 1.8828
Epoch 77/8000

Epoch 00077: val_loss did not improve from 15.18600
 - 382s - loss: 13.8134 - kl_loss: 1.9516 - val_loss: 15.2540 - val_kl_loss: 1.8716
Epoch 78/8000

Epoch 00078: val_loss did not improve from 15.18600
 - 387s - loss: 13.8241 - kl_loss: 1.9473 - val_loss: 15.2582 - val_kl_loss: 1.8723
Epoch 79/8000

Epoch 00079: val_loss did not improve from 15.18600
 - 386s - loss: 13.8202 - kl_loss: 1.9500 - val_loss: 15.2257 - val_kl_loss: 1.8827
Epoch 80/8000

Epoch 00080: val_loss did not improve from 15.18600
 - 383s - loss: 13.8092 - kl_loss: 1.9526 - val_loss: 15.2165 - val_kl_loss: 1.8743
Epoch 81/8000

Epoch 00081: val_loss did not improve from 15.18600
 - 385s - loss: 13.8149 - kl_loss: 1.9499 - val_loss: 15.2082 - val_kl_loss: 1.8814
Epoch 82/8000

Epoch 00082: val_loss improved from 15.18600 to 15.18108, saving model to ../../model_weights/model_2020-11-24_17-50-16.h5
 - 385s - loss: 13.8056 - kl_loss: 1.9505 - val_loss: 15.1811 - val_kl_loss: 1.8731
Epoch 83/8000

Epoch 00083: val_loss did not improve from 15.18108
 - 382s - loss: 13.8014 - kl_loss: 1.9518 - val_loss: 15.1989 - val_kl_loss: 1.8664
Epoch 84/8000

Epoch 00084: val_loss did not improve from 15.18108
 - 383s - loss: 13.8052 - kl_loss: 1.9451 - val_loss: 15.2381 - val_kl_loss: 1.8687
Epoch 85/8000

Epoch 00085: val_loss did not improve from 15.18108
 - 387s - loss: 13.7974 - kl_loss: 1.9478 - val_loss: 15.1910 - val_kl_loss: 1.8856
Epoch 86/8000

Epoch 00086: val_loss did not improve from 15.18108
 - 383s - loss: 13.7933 - kl_loss: 1.9502 - val_loss: 15.2526 - val_kl_loss: 1.8843
Epoch 87/8000

Epoch 00087: val_loss improved from 15.18108 to 15.16827, saving model to ../../model_weights/model_2020-11-24_17-50-16.h5
 - 384s - loss: 13.7957 - kl_loss: 1.9482 - val_loss: 15.1683 - val_kl_loss: 1.8759
Epoch 88/8000

Epoch 00088: val_loss did not improve from 15.16827
 - 385s - loss: 13.7895 - kl_loss: 1.9471 - val_loss: 15.2279 - val_kl_loss: 1.8791
Epoch 89/8000

Epoch 00089: val_loss did not improve from 15.16827
 - 384s - loss: 13.7884 - kl_loss: 1.9410 - val_loss: 15.2248 - val_kl_loss: 1.8760
Epoch 90/8000

Epoch 00090: val_loss did not improve from 15.16827
 - 383s - loss: 13.7891 - kl_loss: 1.9439 - val_loss: 15.2191 - val_kl_loss: 1.8660
Epoch 91/8000

Epoch 00091: val_loss did not improve from 15.16827
 - 383s - loss: 13.7854 - kl_loss: 1.9410 - val_loss: 15.2383 - val_kl_loss: 1.8581
Epoch 92/8000

Epoch 00092: val_loss did not improve from 15.16827
 - 386s - loss: 13.7858 - kl_loss: 1.9455 - val_loss: 15.2301 - val_kl_loss: 1.8834
Epoch 93/8000

Epoch 00093: val_loss did not improve from 15.16827
 - 385s - loss: 13.7774 - kl_loss: 1.9485 - val_loss: 15.2029 - val_kl_loss: 1.8712
Epoch 94/8000

Epoch 00094: val_loss did not improve from 15.16827
 - 384s - loss: 13.7998 - kl_loss: 1.9478 - val_loss: 15.2467 - val_kl_loss: 1.8753
Epoch 95/8000

Epoch 00095: val_loss did not improve from 15.16827
 - 384s - loss: 13.7975 - kl_loss: 1.9520 - val_loss: 15.1727 - val_kl_loss: 1.8753
Epoch 96/8000

Epoch 00096: val_loss did not improve from 15.16827
 - 385s - loss: 13.7943 - kl_loss: 1.9508 - val_loss: 15.2049 - val_kl_loss: 1.8842
Epoch 97/8000

Epoch 00097: val_loss did not improve from 15.16827
 - 382s - loss: 13.7852 - kl_loss: 1.9530 - val_loss: 15.1862 - val_kl_loss: 1.8890
Epoch 98/8000

Epoch 00098: val_loss did not improve from 15.16827
 - 382s - loss: 13.7993 - kl_loss: 1.9562 - val_loss: 15.2365 - val_kl_loss: 1.8856
Epoch 99/8000

Epoch 00099: val_loss did not improve from 15.16827
 - 388s - loss: 13.8032 - kl_loss: 1.9494 - val_loss: 15.2026 - val_kl_loss: 1.8859
Epoch 100/8000

Epoch 00100: val_loss improved from 15.16827 to 15.15720, saving model to ../../model_weights/model_2020-11-24_17-50-16.h5
 - 383s - loss: 13.7831 - kl_loss: 1.9461 - val_loss: 15.1572 - val_kl_loss: 1.8622
Epoch 101/8000

Epoch 00101: val_loss did not improve from 15.15720
 - 385s - loss: 13.7771 - kl_loss: 1.9533 - val_loss: 15.2665 - val_kl_loss: 1.8802
Epoch 102/8000

Epoch 00102: val_loss did not improve from 15.15720
 - 384s - loss: 13.7801 - kl_loss: 1.9521 - val_loss: 15.2061 - val_kl_loss: 1.8434
Epoch 103/8000

Epoch 00103: val_loss did not improve from 15.15720
 - 384s - loss: 13.7825 - kl_loss: 1.9441 - val_loss: 15.1686 - val_kl_loss: 1.8721
Epoch 104/8000

Epoch 00104: val_loss did not improve from 15.15720
 - 383s - loss: 13.7762 - kl_loss: 1.9513 - val_loss: 15.2065 - val_kl_loss: 1.8836
Epoch 105/8000

Epoch 00105: val_loss did not improve from 15.15720
 - 382s - loss: 13.7826 - kl_loss: 1.9539 - val_loss: 15.1722 - val_kl_loss: 1.8856
Epoch 106/8000

Epoch 00106: val_loss did not improve from 15.15720
 - 386s - loss: 13.7746 - kl_loss: 1.9468 - val_loss: 15.2477 - val_kl_loss: 1.8815
Epoch 107/8000

Epoch 00107: val_loss did not improve from 15.15720
 - 385s - loss: 13.7661 - kl_loss: 1.9522 - val_loss: 15.2440 - val_kl_loss: 1.8688
Epoch 108/8000

Epoch 00108: val_loss did not improve from 15.15720
 - 385s - loss: 13.7635 - kl_loss: 1.9500 - val_loss: 15.1710 - val_kl_loss: 1.8539
Epoch 109/8000

Epoch 00109: val_loss did not improve from 15.15720
 - 384s - loss: 13.7590 - kl_loss: 1.9440 - val_loss: 15.2093 - val_kl_loss: 1.8773
Epoch 110/8000

Epoch 00110: val_loss did not improve from 15.15720
 - 385s - loss: 13.7631 - kl_loss: 1.9468 - val_loss: 15.2070 - val_kl_loss: 1.8923
Epoch 111/8000

Epoch 00111: val_loss did not improve from 15.15720
 - 384s - loss: 13.7843 - kl_loss: 1.9597 - val_loss: 15.2268 - val_kl_loss: 1.8877
Epoch 112/8000

Epoch 00112: val_loss did not improve from 15.15720
 - 382s - loss: 13.7904 - kl_loss: 1.9504 - val_loss: 15.2066 - val_kl_loss: 1.8787
Epoch 113/8000

Epoch 00113: val_loss did not improve from 15.15720
 - 387s - loss: 13.7862 - kl_loss: 1.9597 - val_loss: 15.1629 - val_kl_loss: 1.8831
Epoch 114/8000

Epoch 00114: val_loss improved from 15.15720 to 15.14700, saving model to ../../model_weights/model_2020-11-24_17-50-16.h5
 - 385s - loss: 13.7748 - kl_loss: 1.9507 - val_loss: 15.1470 - val_kl_loss: 1.8818
Epoch 115/8000

Epoch 00115: val_loss did not improve from 15.14700
 - 383s - loss: 13.7713 - kl_loss: 1.9529 - val_loss: 15.2143 - val_kl_loss: 1.8841
Epoch 116/8000

Epoch 00116: val_loss did not improve from 15.14700
 - 385s - loss: 13.7695 - kl_loss: 1.9490 - val_loss: 15.1969 - val_kl_loss: 1.8820
Epoch 117/8000

Epoch 00117: val_loss did not improve from 15.14700
 - 385s - loss: 13.7580 - kl_loss: 1.9547 - val_loss: 15.2262 - val_kl_loss: 1.8621
Epoch 118/8000

Epoch 00118: val_loss did not improve from 15.14700
 - 382s - loss: 13.7548 - kl_loss: 1.9482 - val_loss: 15.1832 - val_kl_loss: 1.9081
Epoch 119/8000

Epoch 00119: val_loss did not improve from 15.14700
 - 383s - loss: 13.7494 - kl_loss: 1.9565 - val_loss: 15.1800 - val_kl_loss: 1.8851
Epoch 120/8000

Epoch 00120: val_loss did not improve from 15.14700
 - 386s - loss: 13.7477 - kl_loss: 1.9563 - val_loss: 15.2192 - val_kl_loss: 1.8749
Epoch 121/8000

Epoch 00121: val_loss did not improve from 15.14700
 - 385s - loss: 13.7548 - kl_loss: 1.9586 - val_loss: 15.1565 - val_kl_loss: 1.8923
Epoch 122/8000

Epoch 00122: val_loss did not improve from 15.14700
 - 385s - loss: 13.7601 - kl_loss: 1.9532 - val_loss: 15.2083 - val_kl_loss: 1.8862
Epoch 123/8000

Epoch 00123: val_loss improved from 15.14700 to 15.11614, saving model to ../../model_weights/model_2020-11-24_17-50-16.h5
 - 383s - loss: 13.7609 - kl_loss: 1.9500 - val_loss: 15.1161 - val_kl_loss: 1.8720
Epoch 124/8000

Epoch 00124: val_loss did not improve from 15.11614
 - 385s - loss: 13.7566 - kl_loss: 1.9502 - val_loss: 15.2345 - val_kl_loss: 1.8767
Epoch 125/8000

Epoch 00125: val_loss did not improve from 15.11614
 - 382s - loss: 13.7486 - kl_loss: 1.9567 - val_loss: 15.1657 - val_kl_loss: 1.8960
Epoch 126/8000

Epoch 00126: val_loss did not improve from 15.11614
 - 381s - loss: 13.7701 - kl_loss: 1.9530 - val_loss: 15.1597 - val_kl_loss: 1.8853
Epoch 127/8000

Epoch 00127: val_loss did not improve from 15.11614
 - 387s - loss: 13.7610 - kl_loss: 1.9487 - val_loss: 15.1757 - val_kl_loss: 1.8916
Epoch 128/8000

Epoch 00128: val_loss did not improve from 15.11614
 - 385s - loss: 13.7519 - kl_loss: 1.9516 - val_loss: 15.1770 - val_kl_loss: 1.8771
Epoch 129/8000

Epoch 00129: val_loss did not improve from 15.11614
 - 383s - loss: 13.7409 - kl_loss: 1.9463 - val_loss: 15.3410 - val_kl_loss: 1.8859
Epoch 130/8000

Epoch 00130: val_loss did not improve from 15.11614
 - 384s - loss: 13.7676 - kl_loss: 1.9585 - val_loss: 15.1794 - val_kl_loss: 1.8442
Epoch 131/8000

Epoch 00131: val_loss did not improve from 15.11614
 - 385s - loss: 13.7448 - kl_loss: 1.9608 - val_loss: 15.1706 - val_kl_loss: 1.8867
Epoch 132/8000

Epoch 00132: val_loss did not improve from 15.11614
 - 381s - loss: 13.7381 - kl_loss: 1.9517 - val_loss: 15.2140 - val_kl_loss: 1.8909
Epoch 133/8000

Epoch 00133: val_loss did not improve from 15.11614
 - 383s - loss: 13.7336 - kl_loss: 1.9527 - val_loss: 15.1867 - val_kl_loss: 1.8851
Epoch 134/8000

Epoch 00134: val_loss did not improve from 15.11614
 - 387s - loss: 13.7246 - kl_loss: 1.9438 - val_loss: 15.2006 - val_kl_loss: 1.8859
Epoch 135/8000

Epoch 00135: val_loss did not improve from 15.11614
 - 384s - loss: 13.7349 - kl_loss: 1.9483 - val_loss: 15.1637 - val_kl_loss: 1.8765
Epoch 136/8000

Epoch 00136: val_loss did not improve from 15.11614
 - 385s - loss: 13.7454 - kl_loss: 1.9524 - val_loss: 15.1796 - val_kl_loss: 1.8918
Epoch 137/8000

Epoch 00137: val_loss did not improve from 15.11614
 - 384s - loss: 13.7335 - kl_loss: 1.9442 - val_loss: 15.1253 - val_kl_loss: 1.8776
Epoch 138/8000

Epoch 00138: val_loss did not improve from 15.11614
 - 384s - loss: 13.7287 - kl_loss: 1.9509 - val_loss: 15.1682 - val_kl_loss: 1.8813
Epoch 139/8000

Epoch 00139: val_loss did not improve from 15.11614
 - 383s - loss: 13.7335 - kl_loss: 1.9524 - val_loss: 15.1449 - val_kl_loss: 1.8910
Epoch 140/8000

Epoch 00140: val_loss did not improve from 15.11614
 - 381s - loss: 13.7270 - kl_loss: 1.9502 - val_loss: 15.1601 - val_kl_loss: 1.8775
Epoch 141/8000

Epoch 00141: val_loss did not improve from 15.11614
 - 387s - loss: 13.7352 - kl_loss: 1.9534 - val_loss: 15.1667 - val_kl_loss: 1.8978
Epoch 142/8000

Epoch 00142: val_loss did not improve from 15.11614
 - 385s - loss: 13.7214 - kl_loss: 1.9554 - val_loss: 15.1298 - val_kl_loss: 1.8856
Epoch 143/8000

Epoch 00143: val_loss did not improve from 15.11614
 - 383s - loss: 13.7210 - kl_loss: 1.9546 - val_loss: 15.2749 - val_kl_loss: 1.8968
Epoch 144/8000

Epoch 00144: val_loss did not improve from 15.11614
 - 385s - loss: 13.7257 - kl_loss: 1.9455 - val_loss: 15.1662 - val_kl_loss: 1.8582
Epoch 145/8000

Epoch 00145: val_loss did not improve from 15.11614
 - 384s - loss: 13.7147 - kl_loss: 1.9528 - val_loss: 15.1953 - val_kl_loss: 1.8721
Epoch 146/8000

Epoch 00146: val_loss did not improve from 15.11614
 - 381s - loss: 13.7221 - kl_loss: 1.9446 - val_loss: 15.1634 - val_kl_loss: 1.8768
Epoch 147/8000

Epoch 00147: val_loss did not improve from 15.11614
 - 383s - loss: 13.7090 - kl_loss: 1.9498 - val_loss: 15.2331 - val_kl_loss: 1.8799
Epoch 148/8000

Epoch 00148: val_loss did not improve from 15.11614
 - 388s - loss: 13.7075 - kl_loss: 1.9481 - val_loss: 15.2659 - val_kl_loss: 1.8849
Epoch 149/8000

Epoch 00149: val_loss did not improve from 15.11614
 - 383s - loss: 13.7246 - kl_loss: 1.9572 - val_loss: 15.1524 - val_kl_loss: 1.8716
Epoch 150/8000

Epoch 00150: val_loss did not improve from 15.11614
 - 384s - loss: 13.7266 - kl_loss: 1.9552 - val_loss: 15.1447 - val_kl_loss: 1.8811
Epoch 151/8000

Epoch 00151: val_loss did not improve from 15.11614
 - 385s - loss: 13.7161 - kl_loss: 1.9441 - val_loss: 15.2621 - val_kl_loss: 1.8582
Epoch 152/8000

Epoch 00152: val_loss did not improve from 15.11614
 - 384s - loss: 13.7139 - kl_loss: 1.9455 - val_loss: 15.1497 - val_kl_loss: 1.8821
Epoch 153/8000

Epoch 00153: val_loss did not improve from 15.11614
 - 383s - loss: 13.7055 - kl_loss: 1.9499 - val_loss: 15.1561 - val_kl_loss: 1.8780
Epoch 154/8000

Epoch 00154: val_loss did not improve from 15.11614
 - 382s - loss: 13.7133 - kl_loss: 1.9476 - val_loss: 15.1477 - val_kl_loss: 1.8918
Epoch 155/8000

Epoch 00155: val_loss did not improve from 15.11614
 - 386s - loss: 13.7014 - kl_loss: 1.9574 - val_loss: 15.1467 - val_kl_loss: 1.8886
Epoch 156/8000

Epoch 00156: val_loss did not improve from 15.11614
 - 385s - loss: 13.7022 - kl_loss: 1.9464 - val_loss: 15.1618 - val_kl_loss: 1.8955
Epoch 157/8000

Epoch 00157: val_loss did not improve from 15.11614
 - 384s - loss: 13.6990 - kl_loss: 1.9515 - val_loss: 15.1658 - val_kl_loss: 1.8604
Epoch 158/8000

Epoch 00158: val_loss did not improve from 15.11614
 - 384s - loss: 13.7081 - kl_loss: 1.9526 - val_loss: 15.1831 - val_kl_loss: 1.8872
Epoch 159/8000

Epoch 00159: val_loss did not improve from 15.11614
 - 385s - loss: 13.7332 - kl_loss: 1.9516 - val_loss: 15.2681 - val_kl_loss: 1.8869
Epoch 160/8000

Epoch 00160: val_loss did not improve from 15.11614
 - 382s - loss: 13.7156 - kl_loss: 1.9484 - val_loss: 15.2383 - val_kl_loss: 1.8818
Epoch 161/8000

Epoch 00161: val_loss did not improve from 15.11614
 - 383s - loss: 13.7011 - kl_loss: 1.9505 - val_loss: 15.1409 - val_kl_loss: 1.8743
Epoch 162/8000

Epoch 00162: val_loss did not improve from 15.11614
 - 387s - loss: 13.7084 - kl_loss: 1.9577 - val_loss: 15.1505 - val_kl_loss: 1.8919
Epoch 163/8000

Epoch 00163: val_loss improved from 15.11614 to 15.11250, saving model to ../../model_weights/model_2020-11-24_17-50-16.h5
 - 383s - loss: 13.7077 - kl_loss: 1.9547 - val_loss: 15.1125 - val_kl_loss: 1.8694
Epoch 164/8000

Epoch 00164: val_loss did not improve from 15.11250
 - 385s - loss: 13.7118 - kl_loss: 1.9545 - val_loss: 15.1317 - val_kl_loss: 1.8887
Epoch 165/8000

Epoch 00165: val_loss did not improve from 15.11250
 - 383s - loss: 13.7068 - kl_loss: 1.9599 - val_loss: 15.1885 - val_kl_loss: 1.8864
Epoch 166/8000

Epoch 00166: val_loss did not improve from 15.11250
 - 383s - loss: 13.7168 - kl_loss: 1.9491 - val_loss: 15.1730 - val_kl_loss: 1.8835
Epoch 167/8000

Epoch 00167: val_loss did not improve from 15.11250
 - 382s - loss: 13.7078 - kl_loss: 1.9511 - val_loss: 15.2155 - val_kl_loss: 1.8707
Epoch 168/8000

Epoch 00168: val_loss did not improve from 15.11250
 - 383s - loss: 13.7020 - kl_loss: 1.9494 - val_loss: 15.1747 - val_kl_loss: 1.8809
Epoch 169/8000

Epoch 00169: val_loss did not improve from 15.11250
 - 386s - loss: 13.6957 - kl_loss: 1.9467 - val_loss: 15.1675 - val_kl_loss: 1.8945
Epoch 170/8000

Epoch 00170: val_loss did not improve from 15.11250
 - 385s - loss: 13.6956 - kl_loss: 1.9578 - val_loss: 15.2048 - val_kl_loss: 1.8704
Epoch 171/8000

Epoch 00171: val_loss did not improve from 15.11250
 - 384s - loss: 13.7096 - kl_loss: 1.9519 - val_loss: 15.2475 - val_kl_loss: 1.8853
Epoch 172/8000

Epoch 00172: val_loss did not improve from 15.11250
 - 383s - loss: 13.6950 - kl_loss: 1.9467 - val_loss: 15.1979 - val_kl_loss: 1.8760
Epoch 173/8000

Epoch 00173: val_loss did not improve from 15.11250
 - 385s - loss: 13.7021 - kl_loss: 1.9468 - val_loss: 15.1660 - val_kl_loss: 1.8841
Epoch 174/8000

Epoch 00174: val_loss did not improve from 15.11250
 - 382s - loss: 13.6933 - kl_loss: 1.9534 - val_loss: 15.1580 - val_kl_loss: 1.8813
Epoch 175/8000

Epoch 00175: val_loss did not improve from 15.11250
 - 382s - loss: 13.6990 - kl_loss: 1.9502 - val_loss: 15.1947 - val_kl_loss: 1.8803
Epoch 176/8000

Epoch 00176: val_loss did not improve from 15.11250
 - 388s - loss: 13.6904 - kl_loss: 1.9544 - val_loss: 15.2325 - val_kl_loss: 1.8770
Epoch 177/8000

Epoch 00177: val_loss did not improve from 15.11250
 - 384s - loss: 13.6878 - kl_loss: 1.9533 - val_loss: 15.1452 - val_kl_loss: 1.8800
Epoch 178/8000

Epoch 00178: val_loss did not improve from 15.11250
 - 384s - loss: 13.6888 - kl_loss: 1.9496 - val_loss: 15.1507 - val_kl_loss: 1.8892
Epoch 179/8000

Epoch 00179: val_loss did not improve from 15.11250
 - 385s - loss: 13.7086 - kl_loss: 1.9487 - val_loss: 15.1329 - val_kl_loss: 1.8733
Epoch 180/8000

Epoch 00180: val_loss did not improve from 15.11250
 - 383s - loss: 13.6944 - kl_loss: 1.9562 - val_loss: 15.1239 - val_kl_loss: 1.8924
Epoch 181/8000

Epoch 00181: val_loss did not improve from 15.11250
 - 383s - loss: 13.6945 - kl_loss: 1.9472 - val_loss: 15.1693 - val_kl_loss: 1.8711
Epoch 182/8000

Epoch 00182: val_loss did not improve from 15.11250
 - 383s - loss: 13.6925 - kl_loss: 1.9550 - val_loss: 15.1657 - val_kl_loss: 1.8990
Epoch 183/8000

Epoch 00183: val_loss did not improve from 15.11250
 - 386s - loss: 13.6950 - kl_loss: 1.9524 - val_loss: 15.1338 - val_kl_loss: 1.8731
Epoch 184/8000

Epoch 00184: val_loss did not improve from 15.11250
 - 385s - loss: 13.6904 - kl_loss: 1.9540 - val_loss: 15.1612 - val_kl_loss: 1.8809
Epoch 185/8000

Epoch 00185: val_loss did not improve from 15.11250
 - 383s - loss: 13.7071 - kl_loss: 1.9545 - val_loss: 15.1546 - val_kl_loss: 1.8736
Epoch 186/8000

Epoch 00186: val_loss did not improve from 15.11250
 - 383s - loss: 13.6889 - kl_loss: 1.9490 - val_loss: 15.1290 - val_kl_loss: 1.8759
Epoch 187/8000

Epoch 00187: val_loss did not improve from 15.11250
 - 384s - loss: 13.6947 - kl_loss: 1.9503 - val_loss: 15.1407 - val_kl_loss: 1.8791
Epoch 188/8000

Epoch 00188: val_loss did not improve from 15.11250
 - 383s - loss: 13.6944 - kl_loss: 1.9572 - val_loss: 15.1535 - val_kl_loss: 1.8874
Epoch 189/8000

Epoch 00189: val_loss did not improve from 15.11250
 - 381s - loss: 13.6825 - kl_loss: 1.9453 - val_loss: 15.1620 - val_kl_loss: 1.9037
Epoch 190/8000

Epoch 00190: val_loss did not improve from 15.11250
 - 387s - loss: 13.6853 - kl_loss: 1.9529 - val_loss: 15.2025 - val_kl_loss: 1.8888
Epoch 191/8000

Epoch 00191: val_loss did not improve from 15.11250
 - 385s - loss: 13.6842 - kl_loss: 1.9596 - val_loss: 15.1297 - val_kl_loss: 1.8717
Epoch 192/8000

Epoch 00192: val_loss did not improve from 15.11250
 - 383s - loss: 13.6776 - kl_loss: 1.9467 - val_loss: 15.1418 - val_kl_loss: 1.8710
Epoch 193/8000

Epoch 00193: val_loss did not improve from 15.11250
 - 385s - loss: 13.6754 - kl_loss: 1.9552 - val_loss: 15.1132 - val_kl_loss: 1.8961
Epoch 194/8000

Epoch 00194: val_loss did not improve from 15.11250
 - 384s - loss: 13.6780 - kl_loss: 1.9521 - val_loss: 15.1612 - val_kl_loss: 1.8705
Epoch 195/8000

Epoch 00195: val_loss did not improve from 15.11250
 - 382s - loss: 13.6657 - kl_loss: 1.9489 - val_loss: 15.1337 - val_kl_loss: 1.8974
Epoch 196/8000

Epoch 00196: val_loss did not improve from 15.11250
 - 383s - loss: 13.6678 - kl_loss: 1.9517 - val_loss: 15.1476 - val_kl_loss: 1.8871
Epoch 197/8000

Epoch 00197: val_loss did not improve from 15.11250
 - 386s - loss: 13.6669 - kl_loss: 1.9581 - val_loss: 15.1808 - val_kl_loss: 1.9022
Epoch 198/8000

Epoch 00198: val_loss improved from 15.11250 to 15.11050, saving model to ../../model_weights/model_2020-11-24_17-50-16.h5
 - 385s - loss: 13.6753 - kl_loss: 1.9584 - val_loss: 15.1105 - val_kl_loss: 1.8776
Epoch 199/8000

Epoch 00199: val_loss did not improve from 15.11050
 - 385s - loss: 13.6707 - kl_loss: 1.9499 - val_loss: 15.1634 - val_kl_loss: 1.8594
Epoch 200/8000

Epoch 00200: val_loss did not improve from 15.11050
 - 383s - loss: 13.6705 - kl_loss: 1.9480 - val_loss: 15.1214 - val_kl_loss: 1.8961
Epoch 201/8000

Epoch 00201: val_loss did not improve from 15.11050
 - 385s - loss: 13.6585 - kl_loss: 1.9567 - val_loss: 15.2090 - val_kl_loss: 1.8887
Epoch 202/8000

Epoch 00202: val_loss improved from 15.11050 to 15.08584, saving model to ../../model_weights/model_2020-11-24_17-50-16.h5
 - 382s - loss: 13.6532 - kl_loss: 1.9557 - val_loss: 15.0858 - val_kl_loss: 1.8860
Epoch 203/8000

Epoch 00203: val_loss did not improve from 15.08584
 - 382s - loss: 13.6673 - kl_loss: 1.9563 - val_loss: 15.1796 - val_kl_loss: 1.8770
Epoch 204/8000

Epoch 00204: val_loss did not improve from 15.08584
 - 388s - loss: 13.6687 - kl_loss: 1.9573 - val_loss: 15.1886 - val_kl_loss: 1.8621
Epoch 205/8000

Epoch 00205: val_loss did not improve from 15.08584
 - 383s - loss: 13.6594 - kl_loss: 1.9492 - val_loss: 15.1443 - val_kl_loss: 1.8803
Epoch 206/8000

Epoch 00206: val_loss did not improve from 15.08584
 - 383s - loss: 13.6605 - kl_loss: 1.9539 - val_loss: 15.1108 - val_kl_loss: 1.8840
Epoch 207/8000

Epoch 00207: val_loss did not improve from 15.08584
 - 385s - loss: 13.6543 - kl_loss: 1.9592 - val_loss: 15.1509 - val_kl_loss: 1.9056
Epoch 208/8000

Epoch 00208: val_loss did not improve from 15.08584
 - 385s - loss: 13.6630 - kl_loss: 1.9513 - val_loss: 15.1779 - val_kl_loss: 1.8877
Epoch 209/8000

Epoch 00209: val_loss did not improve from 15.08584
 - 381s - loss: 13.6584 - kl_loss: 1.9470 - val_loss: 15.1917 - val_kl_loss: 1.8789
Epoch 210/8000

Epoch 00210: val_loss did not improve from 15.08584
 - 383s - loss: 13.6526 - kl_loss: 1.9570 - val_loss: 15.1685 - val_kl_loss: 1.8908
Epoch 211/8000

Epoch 00211: val_loss did not improve from 15.08584
 - 387s - loss: 13.6534 - kl_loss: 1.9475 - val_loss: 15.1410 - val_kl_loss: 1.8718
Epoch 212/8000

Epoch 00212: val_loss did not improve from 15.08584
 - 384s - loss: 13.6596 - kl_loss: 1.9573 - val_loss: 15.1842 - val_kl_loss: 1.9017
Epoch 213/8000

Epoch 00213: val_loss did not improve from 15.08584
 - 385s - loss: 13.6675 - kl_loss: 1.9520 - val_loss: 15.1417 - val_kl_loss: 1.8999
Epoch 214/8000

Epoch 00214: val_loss did not improve from 15.08584
 - 384s - loss: 13.6786 - kl_loss: 1.9550 - val_loss: 15.1703 - val_kl_loss: 1.8883
Epoch 215/8000

Epoch 00215: val_loss did not improve from 15.08584
 - 384s - loss: 13.6664 - kl_loss: 1.9550 - val_loss: 15.1862 - val_kl_loss: 1.8896
Epoch 216/8000

Epoch 00216: val_loss did not improve from 15.08584
 - 383s - loss: 13.6616 - kl_loss: 1.9485 - val_loss: 15.1205 - val_kl_loss: 1.8860
Epoch 217/8000

Epoch 00217: val_loss did not improve from 15.08584
 - 381s - loss: 13.6616 - kl_loss: 1.9576 - val_loss: 15.1671 - val_kl_loss: 1.8905
Epoch 218/8000

Epoch 00218: val_loss did not improve from 15.08584
 - 387s - loss: 13.6606 - kl_loss: 1.9493 - val_loss: 15.1213 - val_kl_loss: 1.8717
Epoch 219/8000

Epoch 00219: val_loss did not improve from 15.08584
 - 384s - loss: 13.6427 - kl_loss: 1.9502 - val_loss: 15.1311 - val_kl_loss: 1.8840
Epoch 220/8000

Epoch 00220: val_loss did not improve from 15.08584
 - 383s - loss: 13.6613 - kl_loss: 1.9622 - val_loss: 15.1483 - val_kl_loss: 1.8785
Epoch 221/8000

Epoch 00221: val_loss did not improve from 15.08584
 - 385s - loss: 13.6626 - kl_loss: 1.9491 - val_loss: 15.1502 - val_kl_loss: 1.8798
Epoch 222/8000

Epoch 00222: val_loss did not improve from 15.08584
 - 384s - loss: 13.6612 - kl_loss: 1.9512 - val_loss: 15.1463 - val_kl_loss: 1.8771
Epoch 223/8000

Epoch 00223: val_loss did not improve from 15.08584
 - 382s - loss: 13.6446 - kl_loss: 1.9503 - val_loss: 15.1160 - val_kl_loss: 1.8825
Epoch 224/8000

Epoch 00224: val_loss did not improve from 15.08584
 - 383s - loss: 13.6463 - kl_loss: 1.9563 - val_loss: 15.1598 - val_kl_loss: 1.8736
Epoch 225/8000

Epoch 00225: val_loss did not improve from 15.08584
 - 386s - loss: 13.6512 - kl_loss: 1.9494 - val_loss: 15.1494 - val_kl_loss: 1.8839
Epoch 226/8000

Epoch 00226: val_loss did not improve from 15.08584
 - 383s - loss: 13.6478 - kl_loss: 1.9557 - val_loss: 15.1288 - val_kl_loss: 1.8813
Epoch 227/8000

Epoch 00227: val_loss did not improve from 15.08584
 - 385s - loss: 13.6588 - kl_loss: 1.9443 - val_loss: 15.1499 - val_kl_loss: 1.8783
Epoch 228/8000

Epoch 00228: val_loss did not improve from 15.08584
 - 385s - loss: 13.6500 - kl_loss: 1.9581 - val_loss: 15.1367 - val_kl_loss: 1.8947
Epoch 229/8000

Epoch 00229: val_loss did not improve from 15.08584
 - 384s - loss: 13.6479 - kl_loss: 1.9547 - val_loss: 15.1405 - val_kl_loss: 1.8759
Epoch 230/8000

Epoch 00230: val_loss did not improve from 15.08584
 - 383s - loss: 13.6519 - kl_loss: 1.9505 - val_loss: 15.1068 - val_kl_loss: 1.8774
Epoch 231/8000

Epoch 00231: val_loss did not improve from 15.08584
 - 382s - loss: 13.6513 - kl_loss: 1.9561 - val_loss: 15.2144 - val_kl_loss: 1.8852
Epoch 232/8000

Epoch 00232: val_loss did not improve from 15.08584
 - 387s - loss: 13.6563 - kl_loss: 1.9626 - val_loss: 15.1630 - val_kl_loss: 1.8903
Epoch 233/8000

Epoch 00233: val_loss did not improve from 15.08584
 - 385s - loss: 13.6608 - kl_loss: 1.9513 - val_loss: 15.1800 - val_kl_loss: 1.8890
Epoch 234/8000

Epoch 00234: val_loss did not improve from 15.08584
 - 383s - loss: 13.6603 - kl_loss: 1.9645 - val_loss: 15.1074 - val_kl_loss: 1.8813
Epoch 235/8000

Epoch 00235: val_loss did not improve from 15.08584
 - 385s - loss: 13.6643 - kl_loss: 1.9497 - val_loss: 15.1761 - val_kl_loss: 1.8779
Epoch 236/8000

Epoch 00236: val_loss did not improve from 15.08584
 - 385s - loss: 13.6472 - kl_loss: 1.9604 - val_loss: 15.0915 - val_kl_loss: 1.9053
Epoch 237/8000

Epoch 00237: val_loss did not improve from 15.08584
 - 381s - loss: 13.6577 - kl_loss: 1.9536 - val_loss: 15.1325 - val_kl_loss: 1.8798
Epoch 238/8000

Epoch 00238: val_loss did not improve from 15.08584
 - 383s - loss: 13.6482 - kl_loss: 1.9534 - val_loss: 15.1548 - val_kl_loss: 1.8973
Epoch 239/8000

Epoch 00239: val_loss did not improve from 15.08584
 - 387s - loss: 13.6502 - kl_loss: 1.9543 - val_loss: 15.1326 - val_kl_loss: 1.8794
Epoch 240/8000

Epoch 00240: val_loss improved from 15.08584 to 15.06842, saving model to ../../model_weights/model_2020-11-24_17-50-16.h5
 - 383s - loss: 13.6433 - kl_loss: 1.9548 - val_loss: 15.0684 - val_kl_loss: 1.8852
Epoch 241/8000

Epoch 00241: val_loss did not improve from 15.06842
 - 385s - loss: 13.6565 - kl_loss: 1.9550 - val_loss: 15.1327 - val_kl_loss: 1.8860
Epoch 242/8000

Epoch 00242: val_loss did not improve from 15.06842
 - 383s - loss: 13.6479 - kl_loss: 1.9578 - val_loss: 15.1553 - val_kl_loss: 1.8757
Epoch 243/8000

Epoch 00243: val_loss did not improve from 15.06842
 - 384s - loss: 13.6434 - kl_loss: 1.9551 - val_loss: 15.0843 - val_kl_loss: 1.8858
Epoch 244/8000

Epoch 00244: val_loss did not improve from 15.06842
 - 383s - loss: 13.6311 - kl_loss: 1.9560 - val_loss: 15.0972 - val_kl_loss: 1.8830
Epoch 245/8000

Epoch 00245: val_loss did not improve from 15.06842
 - 381s - loss: 13.6453 - kl_loss: 1.9521 - val_loss: 15.1370 - val_kl_loss: 1.8849
Epoch 246/8000

Epoch 00246: val_loss did not improve from 15.06842
 - 386s - loss: 13.6361 - kl_loss: 1.9512 - val_loss: 15.1493 - val_kl_loss: 1.9017
Epoch 247/8000

Epoch 00247: val_loss did not improve from 15.06842
 - 385s - loss: 13.6435 - kl_loss: 1.9512 - val_loss: 15.1311 - val_kl_loss: 1.8796
Epoch 248/8000

Epoch 00248: val_loss did not improve from 15.06842
 - 384s - loss: 13.6435 - kl_loss: 1.9552 - val_loss: 15.1407 - val_kl_loss: 1.8932
Epoch 249/8000

Epoch 00249: val_loss did not improve from 15.06842
 - 383s - loss: 13.6420 - kl_loss: 1.9560 - val_loss: 15.1291 - val_kl_loss: 1.8760
Epoch 250/8000

Epoch 00250: val_loss did not improve from 15.06842
 - 385s - loss: 13.6513 - kl_loss: 1.9527 - val_loss: 15.1796 - val_kl_loss: 1.8877
Epoch 251/8000

Epoch 00251: val_loss did not improve from 15.06842
 - 383s - loss: 13.6406 - kl_loss: 1.9508 - val_loss: 15.1923 - val_kl_loss: 1.8938
Epoch 252/8000

Epoch 00252: val_loss did not improve from 15.06842
 - 382s - loss: 13.6376 - kl_loss: 1.9529 - val_loss: 15.1380 - val_kl_loss: 1.8760
Epoch 253/8000

Epoch 00253: val_loss did not improve from 15.06842
 - 388s - loss: 13.6411 - kl_loss: 1.9660 - val_loss: 15.1446 - val_kl_loss: 1.8727
Epoch 254/8000

Epoch 00254: val_loss did not improve from 15.06842
 - 383s - loss: 13.6472 - kl_loss: 1.9602 - val_loss: 15.1392 - val_kl_loss: 1.8647
Epoch 255/8000

Epoch 00255: val_loss did not improve from 15.06842
 - 384s - loss: 13.6430 - kl_loss: 1.9477 - val_loss: 15.1445 - val_kl_loss: 1.8598
Epoch 256/8000

Epoch 00256: val_loss did not improve from 15.06842
 - 385s - loss: 13.6544 - kl_loss: 1.9501 - val_loss: 15.1607 - val_kl_loss: 1.8877
Epoch 257/8000

Epoch 00257: val_loss did not improve from 15.06842
 - 383s - loss: 13.6515 - kl_loss: 1.9529 - val_loss: 15.1071 - val_kl_loss: 1.8716
Epoch 258/8000

Epoch 00258: val_loss did not improve from 15.06842
 - 383s - loss: 13.6370 - kl_loss: 1.9404 - val_loss: 15.1430 - val_kl_loss: 1.8696
Epoch 259/8000

Epoch 00259: val_loss did not improve from 15.06842
 - 382s - loss: 13.6477 - kl_loss: 1.9445 - val_loss: 15.1073 - val_kl_loss: 1.8765
Epoch 260/8000

Epoch 00260: val_loss did not improve from 15.06842
 - 386s - loss: 13.6486 - kl_loss: 1.9505 - val_loss: 15.0994 - val_kl_loss: 1.8710
Epoch 261/8000

Epoch 00261: val_loss did not improve from 15.06842
 - 385s - loss: 13.6666 - kl_loss: 1.9542 - val_loss: 15.1173 - val_kl_loss: 1.8864
Epoch 262/8000

Epoch 00262: val_loss did not improve from 15.06842
 - 384s - loss: 13.6431 - kl_loss: 1.9494 - val_loss: 15.1458 - val_kl_loss: 1.8842
Epoch 263/8000

Epoch 00263: val_loss did not improve from 15.06842
 - 384s - loss: 13.6545 - kl_loss: 1.9565 - val_loss: 15.1604 - val_kl_loss: 1.8673
Epoch 264/8000

Epoch 00264: val_loss did not improve from 15.06842
 - 385s - loss: 13.6346 - kl_loss: 1.9509 - val_loss: 15.1398 - val_kl_loss: 1.8947
Epoch 265/8000

Epoch 00265: val_loss did not improve from 15.06842
 - 381s - loss: 13.6271 - kl_loss: 1.9548 - val_loss: 15.1429 - val_kl_loss: 1.8951
Epoch 266/8000

Epoch 00266: val_loss did not improve from 15.06842
 - 381s - loss: 13.6340 - kl_loss: 1.9503 - val_loss: 15.1179 - val_kl_loss: 1.8729
Epoch 267/8000

Epoch 00267: val_loss did not improve from 15.06842
 - 387s - loss: 13.6380 - kl_loss: 1.9522 - val_loss: 15.0996 - val_kl_loss: 1.8891
Epoch 268/8000

Epoch 00268: val_loss did not improve from 15.06842
 - 385s - loss: 13.6347 - kl_loss: 1.9543 - val_loss: 15.1347 - val_kl_loss: 1.8830
Epoch 269/8000

Epoch 00269: val_loss did not improve from 15.06842
 - 383s - loss: 13.6370 - kl_loss: 1.9472 - val_loss: 15.1183 - val_kl_loss: 1.8671
Epoch 270/8000

Epoch 00270: val_loss did not improve from 15.06842
 - 385s - loss: 13.6440 - kl_loss: 1.9493 - val_loss: 15.1220 - val_kl_loss: 1.8803
Epoch 271/8000

Epoch 00271: val_loss did not improve from 15.06842
 - 384s - loss: 13.6338 - kl_loss: 1.9464 - val_loss: 15.1703 - val_kl_loss: 1.8603
Epoch 272/8000

Epoch 00272: val_loss did not improve from 15.06842
 - 382s - loss: 13.6282 - kl_loss: 1.9487 - val_loss: 15.1948 - val_kl_loss: 1.9010
Epoch 273/8000

Epoch 00273: val_loss did not improve from 15.06842
 - 383s - loss: 13.6342 - kl_loss: 1.9585 - val_loss: 15.1400 - val_kl_loss: 1.8806
Epoch 274/8000

Epoch 00274: val_loss did not improve from 15.06842
 - 386s - loss: 13.6312 - kl_loss: 1.9493 - val_loss: 15.1641 - val_kl_loss: 1.8877
Epoch 275/8000

Epoch 00275: val_loss did not improve from 15.06842
 - 384s - loss: 13.6279 - kl_loss: 1.9516 - val_loss: 15.1111 - val_kl_loss: 1.8835
Epoch 276/8000

Epoch 00276: val_loss did not improve from 15.06842
 - 385s - loss: 13.6358 - kl_loss: 1.9649 - val_loss: 15.1903 - val_kl_loss: 1.8965
Epoch 277/8000

Epoch 00277: val_loss did not improve from 15.06842
 - 383s - loss: 13.6462 - kl_loss: 1.9590 - val_loss: 15.1059 - val_kl_loss: 1.8766
Epoch 278/8000

Epoch 00278: val_loss did not improve from 15.06842
 - 385s - loss: 13.6221 - kl_loss: 1.9487 - val_loss: 15.1022 - val_kl_loss: 1.8810
Epoch 279/8000

Epoch 00279: val_loss did not improve from 15.06842
 - 383s - loss: 13.6155 - kl_loss: 1.9509 - val_loss: 15.1710 - val_kl_loss: 1.8968
Epoch 280/8000

Epoch 00280: val_loss did not improve from 15.06842
 - 381s - loss: 13.6248 - kl_loss: 1.9517 - val_loss: 15.0864 - val_kl_loss: 1.8870
Epoch 281/8000

Epoch 00281: val_loss did not improve from 15.06842
 - 387s - loss: 13.6231 - kl_loss: 1.9575 - val_loss: 15.1194 - val_kl_loss: 1.8875
Epoch 282/8000

Epoch 00282: val_loss did not improve from 15.06842
 - 384s - loss: 13.6244 - kl_loss: 1.9527 - val_loss: 15.1159 - val_kl_loss: 1.8770
Epoch 283/8000

Epoch 00283: val_loss did not improve from 15.06842
 - 383s - loss: 13.6194 - kl_loss: 1.9535 - val_loss: 15.2380 - val_kl_loss: 1.8764
Epoch 284/8000

Epoch 00284: val_loss did not improve from 15.06842
 - 385s - loss: 13.6339 - kl_loss: 1.9526 - val_loss: 15.1089 - val_kl_loss: 1.8794
Epoch 285/8000

Epoch 00285: val_loss did not improve from 15.06842
 - 384s - loss: 13.6246 - kl_loss: 1.9555 - val_loss: 15.1837 - val_kl_loss: 1.9037
Epoch 286/8000

Epoch 00286: val_loss did not improve from 15.06842
 - 381s - loss: 13.6460 - kl_loss: 1.9544 - val_loss: 15.1077 - val_kl_loss: 1.8821
Epoch 287/8000

Epoch 00287: val_loss did not improve from 15.06842
 - 382s - loss: 13.6328 - kl_loss: 1.9551 - val_loss: 15.1144 - val_kl_loss: 1.8903
Epoch 288/8000

Epoch 00288: val_loss did not improve from 15.06842
 - 387s - loss: 13.6260 - kl_loss: 1.9565 - val_loss: 15.1712 - val_kl_loss: 1.8930
Epoch 289/8000

Epoch 00289: val_loss did not improve from 15.06842
 - 383s - loss: 13.6255 - kl_loss: 1.9565 - val_loss: 15.1095 - val_kl_loss: 1.8951
Epoch 290/8000

Epoch 00290: val_loss did not improve from 15.06842
 - 384s - loss: 13.6190 - kl_loss: 1.9539 - val_loss: 15.1223 - val_kl_loss: 1.8874
Epoch 00290: early stopping
