2020-12-22 11:44:56.139348: I tensorflow/core/platform/cpu_feature_guard.cc:141] Your CPU supports instructions that this TensorFlow binary was not compiled to use: SSE4.1 SSE4.2 AVX
2020-12-22 11:44:56.448582: I tensorflow/stream_executor/cuda/cuda_gpu_executor.cc:897] successful NUMA node read from SysFS had negative value (-1), but there must be at least one NUMA node, so returning NUMA node zero
2020-12-22 11:44:56.449162: I tensorflow/core/common_runtime/gpu/gpu_device.cc:1405] Found device 0 with properties: 
name: TITAN Xp major: 6 minor: 1 memoryClockRate(GHz): 1.582
pciBusID: 0000:01:00.0
totalMemory: 11.91GiB freeMemory: 11.75GiB
2020-12-22 11:44:56.449181: I tensorflow/core/common_runtime/gpu/gpu_device.cc:1484] Adding visible gpu devices: 0
2020-12-22 11:44:56.723234: I tensorflow/core/common_runtime/gpu/gpu_device.cc:965] Device interconnect StreamExecutor with strength 1 edge matrix:
2020-12-22 11:44:56.723282: I tensorflow/core/common_runtime/gpu/gpu_device.cc:971]      0 
2020-12-22 11:44:56.723291: I tensorflow/core/common_runtime/gpu/gpu_device.cc:984] 0:   N 
2020-12-22 11:44:56.723545: I tensorflow/core/common_runtime/gpu/gpu_device.cc:1097] Created TensorFlow device (/job:localhost/replica:0/task:0/device:GPU:0 with 11366 MB memory) -> physical GPU (device: 0, name: TITAN Xp, pci bus id: 0000:01:00.0, compute capability: 6.1)
2020-12-22 11:44:57.455739: I tensorflow/core/kernels/cuda_solvers.cc:159] Creating CudaSolver handles for stream 0x561f3d73bba0
Epoch 1/8000

Epoch 00001: val_loss improved from inf to 133.02731, saving model to ../../model_weights/model_2020-12-22_11-44-55.h5
 - 269s - loss: 113.5120 - kl_loss: 0.0521 - val_loss: 133.0273 - val_kl_loss: 0.0199
Epoch 2/8000

Epoch 00002: val_loss did not improve from 133.02731
 - 268s - loss: 112.9290 - kl_loss: 0.0304 - val_loss: 133.3600 - val_kl_loss: 0.0269
Epoch 3/8000

Epoch 00003: val_loss improved from 133.02731 to 132.84856, saving model to ../../model_weights/model_2020-12-22_11-44-55.h5
 - 269s - loss: 113.0270 - kl_loss: 0.0291 - val_loss: 132.8486 - val_kl_loss: 0.0223
Epoch 4/8000

Epoch 00004: val_loss did not improve from 132.84856
 - 270s - loss: 113.0978 - kl_loss: 0.0665 - val_loss: 133.3176 - val_kl_loss: 0.0053
Epoch 5/8000

Epoch 00005: val_loss did not improve from 132.84856
 - 268s - loss: 112.8977 - kl_loss: 0.0243 - val_loss: 132.9012 - val_kl_loss: 0.0272
Epoch 6/8000

Epoch 00006: val_loss did not improve from 132.84856
 - 268s - loss: 112.9351 - kl_loss: 0.0452 - val_loss: 133.1219 - val_kl_loss: 0.0409
Epoch 7/8000

Epoch 00007: val_loss did not improve from 132.84856
 - 269s - loss: 112.8765 - kl_loss: 0.0109 - val_loss: 133.0246 - val_kl_loss: 0.0066
Epoch 8/8000

Epoch 00008: val_loss improved from 132.84856 to 119.48817, saving model to ../../model_weights/model_2020-12-22_11-44-55.h5
 - 273s - loss: 116.6786 - kl_loss: 0.4051 - val_loss: 119.4882 - val_kl_loss: 0.6093
Epoch 9/8000

Epoch 00009: val_loss improved from 119.48817 to 83.86993, saving model to ../../model_weights/model_2020-12-22_11-44-55.h5
 - 269s - loss: 89.0201 - kl_loss: 0.9668 - val_loss: 83.8699 - val_kl_loss: 1.3263
Epoch 10/8000

Epoch 00010: val_loss improved from 83.86993 to 70.20346, saving model to ../../model_weights/model_2020-12-22_11-44-55.h5
 - 269s - loss: 67.8206 - kl_loss: 1.7075 - val_loss: 70.2035 - val_kl_loss: 1.9323
Epoch 11/8000

Epoch 00011: val_loss improved from 70.20346 to 58.72805, saving model to ../../model_weights/model_2020-12-22_11-44-55.h5
 - 270s - loss: 58.7443 - kl_loss: 1.9358 - val_loss: 58.7280 - val_kl_loss: 1.8639
Epoch 12/8000

Epoch 00012: val_loss improved from 58.72805 to 47.95127, saving model to ../../model_weights/model_2020-12-22_11-44-55.h5
 - 269s - loss: 45.4530 - kl_loss: 2.0109 - val_loss: 47.9513 - val_kl_loss: 2.1335
Epoch 13/8000

Epoch 00013: val_loss improved from 47.95127 to 44.65837, saving model to ../../model_weights/model_2020-12-22_11-44-55.h5
 - 269s - loss: 42.5904 - kl_loss: 2.2440 - val_loss: 44.6584 - val_kl_loss: 2.3326
Epoch 14/8000

Epoch 00014: val_loss improved from 44.65837 to 39.26273, saving model to ../../model_weights/model_2020-12-22_11-44-55.h5
 - 269s - loss: 37.3839 - kl_loss: 2.0679 - val_loss: 39.2627 - val_kl_loss: 2.0448
Epoch 15/8000

Epoch 00015: val_loss improved from 39.26273 to 39.23004, saving model to ../../model_weights/model_2020-12-22_11-44-55.h5
 - 273s - loss: 35.0695 - kl_loss: 1.9049 - val_loss: 39.2300 - val_kl_loss: 2.1725
Epoch 16/8000

Epoch 00016: val_loss improved from 39.23004 to 34.97211, saving model to ../../model_weights/model_2020-12-22_11-44-55.h5
 - 271s - loss: 32.9526 - kl_loss: 1.8106 - val_loss: 34.9721 - val_kl_loss: 1.7917
Epoch 17/8000

Epoch 00017: val_loss did not improve from 34.97211
 - 270s - loss: 31.5838 - kl_loss: 1.7450 - val_loss: 39.4330 - val_kl_loss: 1.7904
Epoch 18/8000

Epoch 00018: val_loss improved from 34.97211 to 29.41869, saving model to ../../model_weights/model_2020-12-22_11-44-55.h5
 - 270s - loss: 29.6818 - kl_loss: 1.7328 - val_loss: 29.4187 - val_kl_loss: 1.7984
Epoch 19/8000

Epoch 00019: val_loss did not improve from 29.41869
 - 269s - loss: 28.9775 - kl_loss: 1.7961 - val_loss: 39.7685 - val_kl_loss: 2.3201
Epoch 20/8000

Epoch 00020: val_loss improved from 29.41869 to 27.08457, saving model to ../../model_weights/model_2020-12-22_11-44-55.h5
 - 270s - loss: 27.7323 - kl_loss: 1.8404 - val_loss: 27.0846 - val_kl_loss: 1.8909
Epoch 21/8000

Epoch 00021: val_loss improved from 27.08457 to 26.79149, saving model to ../../model_weights/model_2020-12-22_11-44-55.h5
 - 269s - loss: 26.3988 - kl_loss: 1.8094 - val_loss: 26.7915 - val_kl_loss: 1.9861
Epoch 22/8000

Epoch 00022: val_loss did not improve from 26.79149
 - 272s - loss: 26.5825 - kl_loss: 1.8339 - val_loss: 28.5605 - val_kl_loss: 1.8693
Epoch 23/8000

Epoch 00023: val_loss improved from 26.79149 to 24.32545, saving model to ../../model_weights/model_2020-12-22_11-44-55.h5
 - 270s - loss: 24.7736 - kl_loss: 1.8144 - val_loss: 24.3255 - val_kl_loss: 1.8782
Epoch 24/8000

Epoch 00024: val_loss did not improve from 24.32545
 - 270s - loss: 23.9579 - kl_loss: 1.8235 - val_loss: 24.5072 - val_kl_loss: 1.9279
Epoch 25/8000

Epoch 00025: val_loss improved from 24.32545 to 23.20344, saving model to ../../model_weights/model_2020-12-22_11-44-55.h5
 - 271s - loss: 23.9695 - kl_loss: 1.8314 - val_loss: 23.2034 - val_kl_loss: 1.9553
Epoch 26/8000

Epoch 00026: val_loss improved from 23.20344 to 22.14719, saving model to ../../model_weights/model_2020-12-22_11-44-55.h5
 - 268s - loss: 22.3665 - kl_loss: 1.8041 - val_loss: 22.1472 - val_kl_loss: 1.8281
Epoch 27/8000

Epoch 00027: val_loss did not improve from 22.14719
 - 269s - loss: 22.8334 - kl_loss: 1.8141 - val_loss: 25.5583 - val_kl_loss: 1.8218
Epoch 28/8000

Epoch 00028: val_loss did not improve from 22.14719
 - 270s - loss: 23.9800 - kl_loss: 1.8527 - val_loss: 22.7542 - val_kl_loss: 1.7786
Epoch 29/8000

Epoch 00029: val_loss did not improve from 22.14719
 - 273s - loss: 23.7052 - kl_loss: 1.8647 - val_loss: 25.3554 - val_kl_loss: 2.0784
Epoch 30/8000

Epoch 00030: val_loss improved from 22.14719 to 20.76114, saving model to ../../model_weights/model_2020-12-22_11-44-55.h5
 - 271s - loss: 21.0776 - kl_loss: 1.8418 - val_loss: 20.7611 - val_kl_loss: 1.8576
Epoch 31/8000

Epoch 00031: val_loss did not improve from 20.76114
 - 269s - loss: 20.6224 - kl_loss: 1.8513 - val_loss: 21.6966 - val_kl_loss: 1.9906
Epoch 32/8000

Epoch 00032: val_loss improved from 20.76114 to 19.42448, saving model to ../../model_weights/model_2020-12-22_11-44-55.h5
 - 271s - loss: 20.0214 - kl_loss: 1.8655 - val_loss: 19.4245 - val_kl_loss: 1.8275
Epoch 33/8000

Epoch 00033: val_loss did not improve from 19.42448
 - 269s - loss: 19.3251 - kl_loss: 1.8608 - val_loss: 21.5487 - val_kl_loss: 1.7884
Epoch 34/8000

Epoch 00034: val_loss did not improve from 19.42448
 - 271s - loss: 19.2127 - kl_loss: 1.8583 - val_loss: 19.5625 - val_kl_loss: 2.0038
Epoch 35/8000

Epoch 00035: val_loss did not improve from 19.42448
 - 269s - loss: 18.4595 - kl_loss: 1.8500 - val_loss: 19.4412 - val_kl_loss: 2.0018
Epoch 36/8000

Epoch 00036: val_loss improved from 19.42448 to 19.35038, saving model to ../../model_weights/model_2020-12-22_11-44-55.h5
 - 273s - loss: 18.2448 - kl_loss: 1.8534 - val_loss: 19.3504 - val_kl_loss: 1.9937
Epoch 37/8000

Epoch 00037: val_loss improved from 19.35038 to 18.84413, saving model to ../../model_weights/model_2020-12-22_11-44-55.h5
 - 271s - loss: 19.3691 - kl_loss: 1.8529 - val_loss: 18.8441 - val_kl_loss: 1.9273
Epoch 38/8000

Epoch 00038: val_loss improved from 18.84413 to 18.22492, saving model to ../../model_weights/model_2020-12-22_11-44-55.h5
 - 271s - loss: 18.5042 - kl_loss: 1.8431 - val_loss: 18.2249 - val_kl_loss: 1.8055
Epoch 39/8000

Epoch 00039: val_loss did not improve from 18.22492
 - 270s - loss: 18.4396 - kl_loss: 1.8550 - val_loss: 18.7168 - val_kl_loss: 2.1089
Epoch 40/8000

Epoch 00040: val_loss improved from 18.22492 to 17.68061, saving model to ../../model_weights/model_2020-12-22_11-44-55.h5
 - 269s - loss: 19.3065 - kl_loss: 1.8588 - val_loss: 17.6806 - val_kl_loss: 1.9468
Epoch 41/8000

Epoch 00041: val_loss did not improve from 17.68061
 - 271s - loss: 17.8188 - kl_loss: 1.8636 - val_loss: 20.5818 - val_kl_loss: 1.8276
Epoch 42/8000

Epoch 00042: val_loss did not improve from 17.68061
 - 270s - loss: 18.1852 - kl_loss: 1.8541 - val_loss: 18.0421 - val_kl_loss: 2.0030
Epoch 43/8000

Epoch 00043: val_loss improved from 17.68061 to 16.95198, saving model to ../../model_weights/model_2020-12-22_11-44-55.h5
 - 272s - loss: 17.3163 - kl_loss: 1.8561 - val_loss: 16.9520 - val_kl_loss: 1.8680
Epoch 44/8000

Epoch 00044: val_loss did not improve from 16.95198
 - 270s - loss: 17.6299 - kl_loss: 1.8417 - val_loss: 20.1238 - val_kl_loss: 1.8323
Epoch 45/8000

Epoch 00045: val_loss did not improve from 16.95198
 - 270s - loss: 17.6979 - kl_loss: 1.8268 - val_loss: 19.2884 - val_kl_loss: 2.0444
Epoch 46/8000

Epoch 00046: val_loss improved from 16.95198 to 16.92770, saving model to ../../model_weights/model_2020-12-22_11-44-55.h5
 - 271s - loss: 17.7576 - kl_loss: 1.8356 - val_loss: 16.9277 - val_kl_loss: 1.8390
Epoch 47/8000

Epoch 00047: val_loss did not improve from 16.92770
 - 268s - loss: 17.3006 - kl_loss: 1.8393 - val_loss: 17.7156 - val_kl_loss: 1.8409
Epoch 48/8000

Epoch 00048: val_loss did not improve from 16.92770
 - 270s - loss: 18.3446 - kl_loss: 1.8305 - val_loss: 17.1614 - val_kl_loss: 1.8885
Epoch 49/8000

Epoch 00049: val_loss did not improve from 16.92770
 - 270s - loss: 17.0588 - kl_loss: 1.8347 - val_loss: 17.0504 - val_kl_loss: 1.9205
Epoch 50/8000

Epoch 00050: val_loss improved from 16.92770 to 16.82407, saving model to ../../model_weights/model_2020-12-22_11-44-55.h5
 - 273s - loss: 16.8116 - kl_loss: 1.8269 - val_loss: 16.8241 - val_kl_loss: 1.8914
Epoch 51/8000

Epoch 00051: val_loss did not improve from 16.82407
 - 270s - loss: 18.0844 - kl_loss: 1.8253 - val_loss: 17.5788 - val_kl_loss: 1.9220
Epoch 52/8000

Epoch 00052: val_loss did not improve from 16.82407
 - 270s - loss: 17.4831 - kl_loss: 1.8268 - val_loss: 19.9833 - val_kl_loss: 1.7440
Epoch 53/8000

Epoch 00053: val_loss did not improve from 16.82407
 - 271s - loss: 17.5150 - kl_loss: 1.8241 - val_loss: 22.1189 - val_kl_loss: 1.8809
Epoch 54/8000

Epoch 00054: val_loss did not improve from 16.82407
 - 269s - loss: 17.1248 - kl_loss: 1.8318 - val_loss: 20.4703 - val_kl_loss: 1.8748
Epoch 55/8000

Epoch 00055: val_loss did not improve from 16.82407
 - 269s - loss: 16.9588 - kl_loss: 1.8261 - val_loss: 17.4009 - val_kl_loss: 1.9883
Epoch 56/8000

Epoch 00056: val_loss did not improve from 16.82407
 - 269s - loss: 16.5720 - kl_loss: 1.8374 - val_loss: 16.8616 - val_kl_loss: 1.9626
Epoch 57/8000

Epoch 00057: val_loss did not improve from 16.82407
 - 273s - loss: 17.2821 - kl_loss: 1.8325 - val_loss: 21.3441 - val_kl_loss: 1.8582
Epoch 58/8000

Epoch 00058: val_loss improved from 16.82407 to 16.78173, saving model to ../../model_weights/model_2020-12-22_11-44-55.h5
 - 271s - loss: 16.8923 - kl_loss: 1.8297 - val_loss: 16.7817 - val_kl_loss: 1.8537
Epoch 59/8000

Epoch 00059: val_loss improved from 16.78173 to 16.31927, saving model to ../../model_weights/model_2020-12-22_11-44-55.h5
 - 270s - loss: 16.3838 - kl_loss: 1.8394 - val_loss: 16.3193 - val_kl_loss: 1.8407
Epoch 60/8000

Epoch 00060: val_loss did not improve from 16.31927
 - 270s - loss: 16.5981 - kl_loss: 1.8508 - val_loss: 19.9496 - val_kl_loss: 2.0741
Epoch 61/8000

Epoch 00061: val_loss did not improve from 16.31927
 - 269s - loss: 16.8492 - kl_loss: 1.8144 - val_loss: 18.1282 - val_kl_loss: 1.9634
Epoch 62/8000

Epoch 00062: val_loss did not improve from 16.31927
 - 271s - loss: 16.3502 - kl_loss: 1.8150 - val_loss: 16.5336 - val_kl_loss: 1.8446
Epoch 63/8000

Epoch 00063: val_loss improved from 16.31927 to 16.05879, saving model to ../../model_weights/model_2020-12-22_11-44-55.h5
 - 270s - loss: 16.0672 - kl_loss: 1.8222 - val_loss: 16.0588 - val_kl_loss: 1.9373
Epoch 64/8000

Epoch 00064: val_loss did not improve from 16.05879
 - 272s - loss: 16.4121 - kl_loss: 1.8211 - val_loss: 16.1136 - val_kl_loss: 1.8385
Epoch 65/8000

Epoch 00065: val_loss improved from 16.05879 to 15.99672, saving model to ../../model_weights/model_2020-12-22_11-44-55.h5
 - 270s - loss: 16.1334 - kl_loss: 1.8230 - val_loss: 15.9967 - val_kl_loss: 1.8947
Epoch 66/8000

Epoch 00066: val_loss improved from 15.99672 to 15.75530, saving model to ../../model_weights/model_2020-12-22_11-44-55.h5
 - 270s - loss: 16.3663 - kl_loss: 1.8309 - val_loss: 15.7553 - val_kl_loss: 1.8752
Epoch 67/8000

Epoch 00067: val_loss did not improve from 15.75530
 - 271s - loss: 15.8741 - kl_loss: 1.8390 - val_loss: 17.1232 - val_kl_loss: 1.8149
Epoch 68/8000

Epoch 00068: val_loss improved from 15.75530 to 15.31428, saving model to ../../model_weights/model_2020-12-22_11-44-55.h5
 - 268s - loss: 15.9975 - kl_loss: 1.8377 - val_loss: 15.3143 - val_kl_loss: 1.8552
Epoch 69/8000

Epoch 00069: val_loss did not improve from 15.31428
 - 270s - loss: 16.0422 - kl_loss: 1.8318 - val_loss: 15.5115 - val_kl_loss: 1.9472
Epoch 70/8000

Epoch 00070: val_loss did not improve from 15.31428
 - 270s - loss: 16.0898 - kl_loss: 1.8285 - val_loss: 15.9255 - val_kl_loss: 1.8690
Epoch 71/8000

Epoch 00071: val_loss did not improve from 15.31428
 - 273s - loss: 15.6100 - kl_loss: 1.8382 - val_loss: 17.9011 - val_kl_loss: 1.9917
Epoch 72/8000

Epoch 00072: val_loss did not improve from 15.31428
 - 270s - loss: 16.4621 - kl_loss: 1.8392 - val_loss: 15.3455 - val_kl_loss: 1.9398
Epoch 73/8000

Epoch 00073: val_loss did not improve from 15.31428
 - 270s - loss: 16.5053 - kl_loss: 1.8328 - val_loss: 16.1286 - val_kl_loss: 1.8161
Epoch 74/8000

Epoch 00074: val_loss did not improve from 15.31428
 - 271s - loss: 15.8840 - kl_loss: 1.8381 - val_loss: 15.9596 - val_kl_loss: 1.9266
Epoch 75/8000

Epoch 00075: val_loss did not improve from 15.31428
 - 270s - loss: 15.6319 - kl_loss: 1.8368 - val_loss: 15.5117 - val_kl_loss: 1.8203
Epoch 76/8000

Epoch 00076: val_loss improved from 15.31428 to 15.29742, saving model to ../../model_weights/model_2020-12-22_11-44-55.h5
 - 270s - loss: 15.5361 - kl_loss: 1.8508 - val_loss: 15.2974 - val_kl_loss: 1.9406
Epoch 77/8000

Epoch 00077: val_loss did not improve from 15.29742
 - 270s - loss: 16.0475 - kl_loss: 1.8363 - val_loss: 15.4639 - val_kl_loss: 1.9160
Epoch 78/8000

Epoch 00078: val_loss did not improve from 15.29742
 - 273s - loss: 16.1022 - kl_loss: 1.8366 - val_loss: 15.3025 - val_kl_loss: 1.8869
Epoch 79/8000

Epoch 00079: val_loss did not improve from 15.29742
 - 271s - loss: 15.6062 - kl_loss: 1.8455 - val_loss: 15.5855 - val_kl_loss: 1.9017
Epoch 80/8000

Epoch 00080: val_loss did not improve from 15.29742
 - 269s - loss: 16.2068 - kl_loss: 1.8487 - val_loss: 15.4700 - val_kl_loss: 1.8908
Epoch 81/8000

Epoch 00081: val_loss did not improve from 15.29742
 - 271s - loss: 15.4170 - kl_loss: 1.8649 - val_loss: 17.1222 - val_kl_loss: 1.9258
Epoch 82/8000

Epoch 00082: val_loss did not improve from 15.29742
 - 270s - loss: 16.2702 - kl_loss: 1.8722 - val_loss: 16.8773 - val_kl_loss: 1.9664
Epoch 83/8000

Epoch 00083: val_loss did not improve from 15.29742
 - 271s - loss: 16.7359 - kl_loss: 1.8707 - val_loss: 16.0899 - val_kl_loss: 1.9463
Epoch 84/8000

Epoch 00084: val_loss did not improve from 15.29742
 - 269s - loss: 15.8117 - kl_loss: 1.8529 - val_loss: 15.9799 - val_kl_loss: 1.9227
Epoch 85/8000

Epoch 00085: val_loss did not improve from 15.29742
 - 272s - loss: 16.2966 - kl_loss: 1.8648 - val_loss: 15.4054 - val_kl_loss: 1.9528
Epoch 86/8000

Epoch 00086: val_loss did not improve from 15.29742
 - 271s - loss: 15.8565 - kl_loss: 1.8716 - val_loss: 21.7916 - val_kl_loss: 1.9187
Epoch 87/8000

Epoch 00087: val_loss did not improve from 15.29742
 - 270s - loss: 16.1392 - kl_loss: 1.8571 - val_loss: 15.9257 - val_kl_loss: 1.8842
Epoch 88/8000

Epoch 00088: val_loss did not improve from 15.29742
 - 272s - loss: 15.3453 - kl_loss: 1.8599 - val_loss: 15.3472 - val_kl_loss: 1.9192
Epoch 89/8000

Epoch 00089: val_loss did not improve from 15.29742
 - 268s - loss: 15.2633 - kl_loss: 1.8749 - val_loss: 17.2623 - val_kl_loss: 2.0915
Epoch 90/8000

Epoch 00090: val_loss did not improve from 15.29742
 - 270s - loss: 16.5507 - kl_loss: 1.8512 - val_loss: 15.6823 - val_kl_loss: 1.8964
Epoch 91/8000

Epoch 00091: val_loss did not improve from 15.29742
 - 270s - loss: 15.0788 - kl_loss: 1.8607 - val_loss: 15.7669 - val_kl_loss: 1.8800
Epoch 92/8000

Epoch 00092: val_loss improved from 15.29742 to 14.84754, saving model to ../../model_weights/model_2020-12-22_11-44-55.h5
 - 274s - loss: 15.2246 - kl_loss: 1.8540 - val_loss: 14.8475 - val_kl_loss: 1.9445
Epoch 93/8000

Epoch 00093: val_loss did not improve from 14.84754
 - 270s - loss: 15.5045 - kl_loss: 1.8846 - val_loss: 15.6417 - val_kl_loss: 1.9389
Epoch 94/8000

Epoch 00094: val_loss did not improve from 14.84754
 - 270s - loss: 15.7400 - kl_loss: 1.8589 - val_loss: 16.8959 - val_kl_loss: 1.9503
Epoch 95/8000

Epoch 00095: val_loss did not improve from 14.84754
 - 272s - loss: 16.7213 - kl_loss: 1.8430 - val_loss: 17.6227 - val_kl_loss: 1.9040
Epoch 96/8000

Epoch 00096: val_loss did not improve from 14.84754
 - 270s - loss: 15.8481 - kl_loss: 1.8482 - val_loss: 15.8113 - val_kl_loss: 1.8890
Epoch 97/8000

Epoch 00097: val_loss did not improve from 14.84754
 - 270s - loss: 15.1548 - kl_loss: 1.8625 - val_loss: 15.0078 - val_kl_loss: 1.9112
Epoch 98/8000

Epoch 00098: val_loss did not improve from 14.84754
 - 270s - loss: 15.2106 - kl_loss: 1.8649 - val_loss: 15.4232 - val_kl_loss: 1.9219
Epoch 99/8000

Epoch 00099: val_loss did not improve from 14.84754
 - 273s - loss: 15.9735 - kl_loss: 1.8489 - val_loss: 16.0643 - val_kl_loss: 1.8946
Epoch 100/8000

Epoch 00100: val_loss did not improve from 14.84754
 - 271s - loss: 15.4252 - kl_loss: 1.8700 - val_loss: 15.4423 - val_kl_loss: 1.9415
Epoch 101/8000

Epoch 00101: val_loss did not improve from 14.84754
 - 269s - loss: 15.0514 - kl_loss: 1.8652 - val_loss: 17.2909 - val_kl_loss: 1.8798
Epoch 102/8000

Epoch 00102: val_loss did not improve from 14.84754
 - 271s - loss: 15.2471 - kl_loss: 1.8324 - val_loss: 17.9942 - val_kl_loss: 1.8710
Epoch 103/8000

Epoch 00103: val_loss did not improve from 14.84754
 - 269s - loss: 15.2947 - kl_loss: 1.8561 - val_loss: 16.9499 - val_kl_loss: 2.0235
Epoch 104/8000

Epoch 00104: val_loss improved from 14.84754 to 14.70841, saving model to ../../model_weights/model_2020-12-22_11-44-55.h5
 - 271s - loss: 15.1888 - kl_loss: 1.8790 - val_loss: 14.7084 - val_kl_loss: 1.9332
Epoch 105/8000

Epoch 00105: val_loss did not improve from 14.70841
 - 269s - loss: 14.8902 - kl_loss: 1.8759 - val_loss: 14.9057 - val_kl_loss: 1.9438
Epoch 106/8000

Epoch 00106: val_loss did not improve from 14.70841
 - 273s - loss: 14.6367 - kl_loss: 1.8783 - val_loss: 15.0278 - val_kl_loss: 1.9354
Epoch 107/8000

Epoch 00107: val_loss did not improve from 14.70841
 - 271s - loss: 15.2501 - kl_loss: 1.8715 - val_loss: 15.6050 - val_kl_loss: 1.9223
Epoch 108/8000

Epoch 00108: val_loss did not improve from 14.70841
 - 270s - loss: 15.9508 - kl_loss: 1.8714 - val_loss: 16.7836 - val_kl_loss: 1.9364
Epoch 109/8000

Epoch 00109: val_loss did not improve from 14.70841
 - 270s - loss: 16.2285 - kl_loss: 1.8452 - val_loss: 15.6450 - val_kl_loss: 1.9244
Epoch 110/8000

Epoch 00110: val_loss did not improve from 14.70841
 - 269s - loss: 14.9840 - kl_loss: 1.8593 - val_loss: 15.0033 - val_kl_loss: 1.9284
Epoch 111/8000

Epoch 00111: val_loss did not improve from 14.70841
 - 271s - loss: 14.6154 - kl_loss: 1.8688 - val_loss: 14.9926 - val_kl_loss: 1.9191
Epoch 112/8000

Epoch 00112: val_loss did not improve from 14.70841
 - 270s - loss: 14.9446 - kl_loss: 1.8627 - val_loss: 14.7888 - val_kl_loss: 1.9175
Epoch 113/8000

Epoch 00113: val_loss improved from 14.70841 to 14.58029, saving model to ../../model_weights/model_2020-12-22_11-44-55.h5
 - 272s - loss: 14.6187 - kl_loss: 1.8718 - val_loss: 14.5803 - val_kl_loss: 1.9192
Epoch 114/8000

Epoch 00114: val_loss did not improve from 14.58029
 - 270s - loss: 14.6283 - kl_loss: 1.8849 - val_loss: 15.3598 - val_kl_loss: 1.9282
Epoch 115/8000

Epoch 00115: val_loss did not improve from 14.58029
 - 270s - loss: 14.7211 - kl_loss: 1.8796 - val_loss: 15.2863 - val_kl_loss: 1.9825
Epoch 116/8000

Epoch 00116: val_loss did not improve from 14.58029
 - 272s - loss: 14.5766 - kl_loss: 1.9029 - val_loss: 14.6365 - val_kl_loss: 1.9795
Epoch 117/8000

Epoch 00117: val_loss did not improve from 14.58029
 - 270s - loss: 14.3248 - kl_loss: 1.8967 - val_loss: 14.9487 - val_kl_loss: 2.0207
Epoch 118/8000

Epoch 00118: val_loss did not improve from 14.58029
 - 270s - loss: 14.3402 - kl_loss: 1.8912 - val_loss: 15.5857 - val_kl_loss: 1.9273
Epoch 119/8000

Epoch 00119: val_loss did not improve from 14.58029
 - 270s - loss: 14.2900 - kl_loss: 1.8875 - val_loss: 14.7394 - val_kl_loss: 1.9545
Epoch 120/8000

Epoch 00120: val_loss did not improve from 14.58029
 - 273s - loss: 14.2719 - kl_loss: 1.8885 - val_loss: 14.5915 - val_kl_loss: 1.9601
Epoch 121/8000

Epoch 00121: val_loss did not improve from 14.58029
 - 271s - loss: 14.3554 - kl_loss: 1.8963 - val_loss: 14.8828 - val_kl_loss: 1.9501
Epoch 122/8000

Epoch 00122: val_loss did not improve from 14.58029
 - 270s - loss: 14.6526 - kl_loss: 1.9102 - val_loss: 14.9348 - val_kl_loss: 1.9079
Epoch 123/8000

Epoch 00123: val_loss did not improve from 14.58029
 - 271s - loss: 14.4374 - kl_loss: 1.9048 - val_loss: 15.2105 - val_kl_loss: 1.9701
Epoch 124/8000

Epoch 00124: val_loss did not improve from 14.58029
 - 270s - loss: 15.5514 - kl_loss: 1.8926 - val_loss: 16.4516 - val_kl_loss: 1.9557
Epoch 125/8000

Epoch 00125: val_loss did not improve from 14.58029
 - 271s - loss: 15.1351 - kl_loss: 1.8685 - val_loss: 15.6029 - val_kl_loss: 1.9148
Epoch 126/8000

Epoch 00126: val_loss did not improve from 14.58029
 - 269s - loss: 14.5074 - kl_loss: 1.8818 - val_loss: 14.6150 - val_kl_loss: 1.9340
Epoch 127/8000

Epoch 00127: val_loss did not improve from 14.58029
 - 273s - loss: 14.4575 - kl_loss: 1.8760 - val_loss: 14.9332 - val_kl_loss: 1.9559
Epoch 128/8000

Epoch 00128: val_loss did not improve from 14.58029
 - 271s - loss: 14.2239 - kl_loss: 1.8867 - val_loss: 14.8188 - val_kl_loss: 1.9812
Epoch 129/8000

Epoch 00129: val_loss did not improve from 14.58029
 - 270s - loss: 14.2858 - kl_loss: 1.8756 - val_loss: 15.4562 - val_kl_loss: 1.9239
Epoch 130/8000

Epoch 00130: val_loss did not improve from 14.58029
 - 270s - loss: 14.1079 - kl_loss: 1.8953 - val_loss: 14.9652 - val_kl_loss: 1.9224
Epoch 131/8000

Epoch 00131: val_loss did not improve from 14.58029
 - 269s - loss: 14.4895 - kl_loss: 1.8934 - val_loss: 15.8466 - val_kl_loss: 2.0024
Epoch 132/8000

Epoch 00132: val_loss did not improve from 14.58029
 - 271s - loss: 14.2917 - kl_loss: 1.8915 - val_loss: 14.7012 - val_kl_loss: 1.9267
Epoch 133/8000

Epoch 00133: val_loss did not improve from 14.58029
 - 270s - loss: 14.3079 - kl_loss: 1.9012 - val_loss: 14.9614 - val_kl_loss: 1.9623
Epoch 134/8000

Epoch 00134: val_loss did not improve from 14.58029
 - 272s - loss: 14.1629 - kl_loss: 1.8861 - val_loss: 15.1915 - val_kl_loss: 2.0021
Epoch 135/8000

Epoch 00135: val_loss did not improve from 14.58029
 - 271s - loss: 14.1534 - kl_loss: 1.8875 - val_loss: 14.7483 - val_kl_loss: 1.9908
Epoch 136/8000

Epoch 00136: val_loss improved from 14.58029 to 14.52423, saving model to ../../model_weights/model_2020-12-22_11-44-55.h5
 - 271s - loss: 13.9412 - kl_loss: 1.8877 - val_loss: 14.5242 - val_kl_loss: 1.9334
Epoch 137/8000

Epoch 00137: val_loss did not improve from 14.52423
 - 272s - loss: 14.1715 - kl_loss: 1.8937 - val_loss: 14.7650 - val_kl_loss: 1.8974
Epoch 138/8000

Epoch 00138: val_loss did not improve from 14.52423
 - 269s - loss: 14.9926 - kl_loss: 1.8820 - val_loss: 14.6943 - val_kl_loss: 1.9454
Epoch 139/8000

Epoch 00139: val_loss did not improve from 14.52423
 - 271s - loss: 14.3366 - kl_loss: 1.8886 - val_loss: 14.9571 - val_kl_loss: 1.9274
Epoch 140/8000

Epoch 00140: val_loss did not improve from 14.52423
 - 271s - loss: 14.1793 - kl_loss: 1.9011 - val_loss: 15.5701 - val_kl_loss: 1.8091
Epoch 141/8000

Epoch 00141: val_loss did not improve from 14.52423
 - 273s - loss: 14.6748 - kl_loss: 1.8860 - val_loss: 14.8299 - val_kl_loss: 1.9291
Epoch 142/8000

Epoch 00142: val_loss did not improve from 14.52423
 - 269s - loss: 14.0506 - kl_loss: 1.8929 - val_loss: 16.1957 - val_kl_loss: 1.8877
Epoch 143/8000

Epoch 00143: val_loss did not improve from 14.52423
 - 270s - loss: 15.0523 - kl_loss: 1.8622 - val_loss: 15.4884 - val_kl_loss: 1.9448
Epoch 144/8000

Epoch 00144: val_loss did not improve from 14.52423
 - 271s - loss: 14.1026 - kl_loss: 1.8814 - val_loss: 15.0609 - val_kl_loss: 1.9298
Epoch 145/8000

Epoch 00145: val_loss did not improve from 14.52423
 - 270s - loss: 14.0640 - kl_loss: 1.8889 - val_loss: 15.1613 - val_kl_loss: 1.9176
Epoch 146/8000

Epoch 00146: val_loss did not improve from 14.52423
 - 271s - loss: 14.2355 - kl_loss: 1.9025 - val_loss: 14.7518 - val_kl_loss: 1.9526
Epoch 147/8000

Epoch 00147: val_loss did not improve from 14.52423
 - 269s - loss: 13.9338 - kl_loss: 1.9061 - val_loss: 14.8812 - val_kl_loss: 1.9348
Epoch 148/8000

Epoch 00148: val_loss did not improve from 14.52423
 - 273s - loss: 14.3174 - kl_loss: 1.8674 - val_loss: 16.8157 - val_kl_loss: 2.1064
Epoch 149/8000

Epoch 00149: val_loss did not improve from 14.52423
 - 271s - loss: 14.6374 - kl_loss: 1.8773 - val_loss: 15.5311 - val_kl_loss: 1.9726
Epoch 150/8000

Epoch 00150: val_loss improved from 14.52423 to 14.45124, saving model to ../../model_weights/model_2020-12-22_11-44-55.h5
 - 271s - loss: 13.7599 - kl_loss: 1.8814 - val_loss: 14.4512 - val_kl_loss: 1.9303
Epoch 151/8000

Epoch 00151: val_loss did not improve from 14.45124
 - 270s - loss: 13.9175 - kl_loss: 1.8928 - val_loss: 15.4873 - val_kl_loss: 1.9718
Epoch 152/8000

Epoch 00152: val_loss did not improve from 14.45124
 - 269s - loss: 14.3047 - kl_loss: 1.8996 - val_loss: 15.1316 - val_kl_loss: 1.8823
Epoch 153/8000

Epoch 00153: val_loss did not improve from 14.45124
 - 271s - loss: 14.2575 - kl_loss: 1.8900 - val_loss: 14.7777 - val_kl_loss: 1.9308
Epoch 154/8000

Epoch 00154: val_loss did not improve from 14.45124
 - 271s - loss: 14.1620 - kl_loss: 1.8855 - val_loss: 14.8315 - val_kl_loss: 1.9530
Epoch 155/8000

Epoch 00155: val_loss did not improve from 14.45124
 - 272s - loss: 14.3256 - kl_loss: 1.8839 - val_loss: 15.1903 - val_kl_loss: 1.9343
Epoch 156/8000

Epoch 00156: val_loss did not improve from 14.45124
 - 270s - loss: 13.8197 - kl_loss: 1.9008 - val_loss: 14.6313 - val_kl_loss: 2.0033
Epoch 157/8000

Epoch 00157: val_loss did not improve from 14.45124
 - 271s - loss: 13.9830 - kl_loss: 1.9157 - val_loss: 14.7700 - val_kl_loss: 1.9891
Epoch 158/8000

Epoch 00158: val_loss did not improve from 14.45124
 - 271s - loss: 13.8047 - kl_loss: 1.9069 - val_loss: 14.9951 - val_kl_loss: 1.9869
Epoch 159/8000

Epoch 00159: val_loss did not improve from 14.45124
 - 268s - loss: 14.7816 - kl_loss: 1.8884 - val_loss: 15.3487 - val_kl_loss: 1.8712
Epoch 160/8000

Epoch 00160: val_loss did not improve from 14.45124
 - 270s - loss: 14.9476 - kl_loss: 1.8517 - val_loss: 15.7157 - val_kl_loss: 1.8824
Epoch 161/8000

Epoch 00161: val_loss did not improve from 14.45124
 - 271s - loss: 14.1774 - kl_loss: 1.8725 - val_loss: 15.0394 - val_kl_loss: 1.9494
Epoch 162/8000

Epoch 00162: val_loss did not improve from 14.45124
 - 273s - loss: 13.9543 - kl_loss: 1.8928 - val_loss: 14.6353 - val_kl_loss: 1.9142
Epoch 163/8000

Epoch 00163: val_loss did not improve from 14.45124
 - 270s - loss: 13.6886 - kl_loss: 1.9070 - val_loss: 15.8966 - val_kl_loss: 2.0766
Epoch 164/8000

Epoch 00164: val_loss did not improve from 14.45124
 - 270s - loss: 13.6893 - kl_loss: 1.9089 - val_loss: 14.8427 - val_kl_loss: 1.9707
Epoch 165/8000

Epoch 00165: val_loss did not improve from 14.45124
 - 272s - loss: 13.9188 - kl_loss: 1.9083 - val_loss: 14.7149 - val_kl_loss: 1.9690
Epoch 166/8000

Epoch 00166: val_loss did not improve from 14.45124
 - 270s - loss: 13.8354 - kl_loss: 1.9111 - val_loss: 14.5719 - val_kl_loss: 1.9872
Epoch 167/8000

Epoch 00167: val_loss did not improve from 14.45124
 - 270s - loss: 13.6712 - kl_loss: 1.9174 - val_loss: 14.9457 - val_kl_loss: 2.0092
Epoch 168/8000

Epoch 00168: val_loss did not improve from 14.45124
 - 270s - loss: 14.6795 - kl_loss: 1.9032 - val_loss: 14.7975 - val_kl_loss: 2.0100
Epoch 169/8000

Epoch 00169: val_loss did not improve from 14.45124
 - 274s - loss: 14.1281 - kl_loss: 1.8995 - val_loss: 14.8249 - val_kl_loss: 1.9615
Epoch 170/8000

Epoch 00170: val_loss did not improve from 14.45124
 - 270s - loss: 13.5273 - kl_loss: 1.8900 - val_loss: 14.4905 - val_kl_loss: 1.9860
Epoch 171/8000

Epoch 00171: val_loss did not improve from 14.45124
 - 269s - loss: 13.3987 - kl_loss: 1.8988 - val_loss: 15.1668 - val_kl_loss: 2.0117
Epoch 172/8000

Epoch 00172: val_loss did not improve from 14.45124
 - 271s - loss: 14.0424 - kl_loss: 1.8858 - val_loss: 14.7077 - val_kl_loss: 1.9373
Epoch 173/8000

Epoch 00173: val_loss did not improve from 14.45124
 - 269s - loss: 13.7597 - kl_loss: 1.8957 - val_loss: 15.3148 - val_kl_loss: 1.9760
Epoch 174/8000

Epoch 00174: val_loss did not improve from 14.45124
 - 271s - loss: 13.7932 - kl_loss: 1.8877 - val_loss: 14.9863 - val_kl_loss: 1.9499
Epoch 175/8000

Epoch 00175: val_loss did not improve from 14.45124
 - 270s - loss: 13.3209 - kl_loss: 1.9047 - val_loss: 14.7071 - val_kl_loss: 1.9975
Epoch 176/8000

Epoch 00176: val_loss improved from 14.45124 to 14.43684, saving model to ../../model_weights/model_2020-12-22_11-44-55.h5
 - 273s - loss: 13.4022 - kl_loss: 1.9134 - val_loss: 14.4368 - val_kl_loss: 1.9748
Epoch 177/8000

Epoch 00177: val_loss did not improve from 14.43684
 - 270s - loss: 13.5388 - kl_loss: 1.9037 - val_loss: 14.9944 - val_kl_loss: 1.9864
Epoch 178/8000

Epoch 00178: val_loss did not improve from 14.43684
 - 271s - loss: 14.5438 - kl_loss: 1.9298 - val_loss: 18.0891 - val_kl_loss: 2.0200
Epoch 179/8000

Epoch 00179: val_loss did not improve from 14.43684
 - 272s - loss: 14.7921 - kl_loss: 1.8587 - val_loss: 14.8941 - val_kl_loss: 1.9056
Epoch 180/8000

Epoch 00180: val_loss did not improve from 14.43684
 - 268s - loss: 13.8851 - kl_loss: 1.8855 - val_loss: 14.7654 - val_kl_loss: 1.9533
Epoch 181/8000

Epoch 00181: val_loss did not improve from 14.43684
 - 270s - loss: 14.0522 - kl_loss: 1.9055 - val_loss: 15.6991 - val_kl_loss: 2.0069
Epoch 182/8000

Epoch 00182: val_loss did not improve from 14.43684
 - 271s - loss: 13.8479 - kl_loss: 1.9006 - val_loss: 14.6897 - val_kl_loss: 1.9646
Epoch 183/8000

Epoch 00183: val_loss did not improve from 14.43684
 - 273s - loss: 13.7132 - kl_loss: 1.9011 - val_loss: 16.0461 - val_kl_loss: 1.8614
Epoch 184/8000

Epoch 00184: val_loss did not improve from 14.43684
 - 270s - loss: 13.6329 - kl_loss: 1.9014 - val_loss: 14.7677 - val_kl_loss: 2.0026
Epoch 185/8000

Epoch 00185: val_loss did not improve from 14.43684
 - 270s - loss: 13.9156 - kl_loss: 1.9076 - val_loss: 15.0491 - val_kl_loss: 1.9416
Epoch 186/8000

Epoch 00186: val_loss did not improve from 14.43684
 - 272s - loss: 13.3235 - kl_loss: 1.9032 - val_loss: 14.6770 - val_kl_loss: 1.9840
Epoch 187/8000

Epoch 00187: val_loss did not improve from 14.43684
 - 269s - loss: 13.3898 - kl_loss: 1.9156 - val_loss: 15.6621 - val_kl_loss: 2.0055
Epoch 188/8000

Epoch 00188: val_loss did not improve from 14.43684
 - 270s - loss: 14.0119 - kl_loss: 1.9108 - val_loss: 14.9999 - val_kl_loss: 1.9729
Epoch 189/8000

Epoch 00189: val_loss did not improve from 14.43684
 - 270s - loss: 14.1947 - kl_loss: 1.8810 - val_loss: 14.6841 - val_kl_loss: 1.9489
Epoch 190/8000

Epoch 00190: val_loss did not improve from 14.43684
 - 274s - loss: 13.2723 - kl_loss: 1.9131 - val_loss: 15.9641 - val_kl_loss: 1.9708
Epoch 191/8000

Epoch 00191: val_loss did not improve from 14.43684
 - 270s - loss: 14.7053 - kl_loss: 1.8463 - val_loss: 14.9843 - val_kl_loss: 1.9409
Epoch 192/8000

Epoch 00192: val_loss did not improve from 14.43684
 - 270s - loss: 14.5669 - kl_loss: 1.8679 - val_loss: 14.9233 - val_kl_loss: 1.9487
Epoch 193/8000

Epoch 00193: val_loss did not improve from 14.43684
 - 272s - loss: 13.6066 - kl_loss: 1.8969 - val_loss: 15.6514 - val_kl_loss: 1.8662
Epoch 194/8000

Epoch 00194: val_loss did not improve from 14.43684
 - 271s - loss: 13.5854 - kl_loss: 1.9029 - val_loss: 14.6967 - val_kl_loss: 1.9405
Epoch 195/8000

Epoch 00195: val_loss did not improve from 14.43684
 - 270s - loss: 13.5090 - kl_loss: 1.9142 - val_loss: 14.9104 - val_kl_loss: 2.0159
Epoch 196/8000

Epoch 00196: val_loss did not improve from 14.43684
 - 270s - loss: 13.6682 - kl_loss: 1.9422 - val_loss: 14.8815 - val_kl_loss: 2.0121
Epoch 197/8000

Epoch 00197: val_loss did not improve from 14.43684
 - 274s - loss: 13.7652 - kl_loss: 1.9527 - val_loss: 14.9134 - val_kl_loss: 2.0198
Epoch 198/8000

Epoch 00198: val_loss did not improve from 14.43684
 - 271s - loss: 13.5388 - kl_loss: 1.9180 - val_loss: 14.8907 - val_kl_loss: 1.9597
Epoch 199/8000

Epoch 00199: val_loss did not improve from 14.43684
 - 270s - loss: 14.6959 - kl_loss: 1.9121 - val_loss: 14.8510 - val_kl_loss: 1.9683
Epoch 200/8000

Epoch 00200: val_loss did not improve from 14.43684
 - 270s - loss: 13.2294 - kl_loss: 1.9115 - val_loss: 14.5661 - val_kl_loss: 1.9728
Epoch 201/8000

Epoch 00201: val_loss did not improve from 14.43684
 - 269s - loss: 13.4479 - kl_loss: 1.9252 - val_loss: 15.1548 - val_kl_loss: 1.9730
Epoch 202/8000

Epoch 00202: val_loss did not improve from 14.43684
 - 271s - loss: 13.8271 - kl_loss: 1.9272 - val_loss: 15.6135 - val_kl_loss: 2.0108
Epoch 203/8000

Epoch 00203: val_loss did not improve from 14.43684
 - 271s - loss: 13.8671 - kl_loss: 1.9072 - val_loss: 15.1572 - val_kl_loss: 1.9394
Epoch 204/8000

Epoch 00204: val_loss did not improve from 14.43684
 - 273s - loss: 13.7290 - kl_loss: 1.9009 - val_loss: 14.9715 - val_kl_loss: 1.9476
Epoch 205/8000

Epoch 00205: val_loss did not improve from 14.43684
 - 270s - loss: 13.5091 - kl_loss: 1.9060 - val_loss: 14.6590 - val_kl_loss: 1.9893
Epoch 206/8000

Epoch 00206: val_loss did not improve from 14.43684
 - 270s - loss: 13.4142 - kl_loss: 1.9141 - val_loss: 14.7542 - val_kl_loss: 1.9561
Epoch 207/8000

Epoch 00207: val_loss did not improve from 14.43684
 - 272s - loss: 13.5780 - kl_loss: 1.9331 - val_loss: 14.9833 - val_kl_loss: 2.0146
Epoch 208/8000

Epoch 00208: val_loss did not improve from 14.43684
 - 269s - loss: 14.4212 - kl_loss: 1.9636 - val_loss: 15.0112 - val_kl_loss: 1.9663
Epoch 209/8000

Epoch 00209: val_loss did not improve from 14.43684
 - 270s - loss: 13.7151 - kl_loss: 1.9402 - val_loss: 14.9797 - val_kl_loss: 2.0900
Epoch 210/8000

Epoch 00210: val_loss did not improve from 14.43684
 - 270s - loss: 13.4514 - kl_loss: 1.9089 - val_loss: 14.8716 - val_kl_loss: 1.9386
Epoch 211/8000

Epoch 00211: val_loss did not improve from 14.43684
 - 274s - loss: 13.5079 - kl_loss: 1.8994 - val_loss: 14.9001 - val_kl_loss: 1.9853
Epoch 212/8000

Epoch 00212: val_loss did not improve from 14.43684
 - 270s - loss: 13.2511 - kl_loss: 1.9167 - val_loss: 14.4657 - val_kl_loss: 1.9988
Epoch 213/8000

Epoch 00213: val_loss did not improve from 14.43684
 - 270s - loss: 13.3407 - kl_loss: 1.9209 - val_loss: 14.5729 - val_kl_loss: 1.9724
Epoch 214/8000

Epoch 00214: val_loss did not improve from 14.43684
 - 272s - loss: 13.1520 - kl_loss: 1.9325 - val_loss: 15.4261 - val_kl_loss: 1.9060
Epoch 215/8000

Epoch 00215: val_loss did not improve from 14.43684
 - 271s - loss: 13.5476 - kl_loss: 1.9202 - val_loss: 14.6603 - val_kl_loss: 1.9654
Epoch 216/8000

Epoch 00216: val_loss did not improve from 14.43684
 - 270s - loss: 14.1696 - kl_loss: 1.9190 - val_loss: 15.0171 - val_kl_loss: 2.0109
Epoch 217/8000

Epoch 00217: val_loss did not improve from 14.43684
 - 269s - loss: 17.5502 - kl_loss: 1.9820 - val_loss: 21.3468 - val_kl_loss: 2.2363
Epoch 218/8000

Epoch 00218: val_loss did not improve from 14.43684
 - 273s - loss: 14.9879 - kl_loss: 1.9016 - val_loss: 14.6856 - val_kl_loss: 1.9515
Epoch 219/8000

Epoch 00219: val_loss did not improve from 14.43684
 - 271s - loss: 13.4105 - kl_loss: 1.9091 - val_loss: 15.1959 - val_kl_loss: 1.8733
Epoch 220/8000

Epoch 00220: val_loss did not improve from 14.43684
 - 270s - loss: 13.2570 - kl_loss: 1.8895 - val_loss: 14.5582 - val_kl_loss: 1.9677
Epoch 221/8000

Epoch 00221: val_loss did not improve from 14.43684
 - 271s - loss: 13.0272 - kl_loss: 1.9299 - val_loss: 14.6222 - val_kl_loss: 2.0044
Epoch 222/8000

Epoch 00222: val_loss did not improve from 14.43684
 - 269s - loss: 13.3327 - kl_loss: 1.9263 - val_loss: 15.2416 - val_kl_loss: 1.9662
Epoch 223/8000

Epoch 00223: val_loss did not improve from 14.43684
 - 272s - loss: 13.2902 - kl_loss: 1.9234 - val_loss: 14.7337 - val_kl_loss: 1.9991
Epoch 224/8000

Epoch 00224: val_loss did not improve from 14.43684
 - 270s - loss: 13.0631 - kl_loss: 1.9274 - val_loss: 14.9572 - val_kl_loss: 1.9418
Epoch 225/8000

Epoch 00225: val_loss did not improve from 14.43684
 - 273s - loss: 13.1594 - kl_loss: 1.9021 - val_loss: 14.6651 - val_kl_loss: 1.9949
Epoch 226/8000

Epoch 00226: val_loss did not improve from 14.43684
 - 271s - loss: 13.3978 - kl_loss: 1.9137 - val_loss: 15.0459 - val_kl_loss: 1.9594
Epoch 00226: early stopping
