2020-08-28 12:49:01.370466: I tensorflow/core/platform/cpu_feature_guard.cc:141] Your CPU supports instructions that this TensorFlow binary was not compiled to use: SSE4.1 SSE4.2 AVX
2020-08-28 12:49:01.689818: I tensorflow/stream_executor/cuda/cuda_gpu_executor.cc:897] successful NUMA node read from SysFS had negative value (-1), but there must be at least one NUMA node, so returning NUMA node zero
2020-08-28 12:49:01.690370: I tensorflow/core/common_runtime/gpu/gpu_device.cc:1405] Found device 0 with properties: 
name: TITAN Xp major: 6 minor: 1 memoryClockRate(GHz): 1.582
pciBusID: 0000:01:00.0
totalMemory: 11.91GiB freeMemory: 11.75GiB
2020-08-28 12:49:01.690387: I tensorflow/core/common_runtime/gpu/gpu_device.cc:1484] Adding visible gpu devices: 0
2020-08-28 12:49:01.958117: I tensorflow/core/common_runtime/gpu/gpu_device.cc:965] Device interconnect StreamExecutor with strength 1 edge matrix:
2020-08-28 12:49:01.958161: I tensorflow/core/common_runtime/gpu/gpu_device.cc:971]      0 
2020-08-28 12:49:01.958170: I tensorflow/core/common_runtime/gpu/gpu_device.cc:984] 0:   N 
2020-08-28 12:49:01.958420: I tensorflow/core/common_runtime/gpu/gpu_device.cc:1097] Created TensorFlow device (/job:localhost/replica:0/task:0/device:GPU:0 with 11366 MB memory) -> physical GPU (device: 0, name: TITAN Xp, pci bus id: 0000:01:00.0, compute capability: 6.1)
2020-08-28 12:49:02.683922: I tensorflow/core/kernels/cuda_solvers.cc:159] Creating CudaSolver handles for stream 0x560670e13b90
Epoch 1/8000

Epoch 00001: val_loss improved from inf to 549.41540, saving model to ../../model_weights/model_2020-08-28_12-49-00.h5
 - 341s - loss: 598.6615 - kl_loss: 0.5262 - val_loss: 549.4154 - val_kl_loss: 0.8140
Epoch 2/8000

Epoch 00002: val_loss improved from 549.41540 to 540.12761, saving model to ../../model_weights/model_2020-08-28_12-49-00.h5
 - 337s - loss: 600.5549 - kl_loss: 2.6347 - val_loss: 540.1276 - val_kl_loss: 1.0512
Epoch 3/8000

Epoch 00003: val_loss improved from 540.12761 to 491.65008, saving model to ../../model_weights/model_2020-08-28_12-49-00.h5
 - 337s - loss: 576.5942 - kl_loss: 2.8663 - val_loss: 491.6501 - val_kl_loss: 3.4454
Epoch 4/8000

Epoch 00004: val_loss improved from 491.65008 to 407.52147, saving model to ../../model_weights/model_2020-08-28_12-49-00.h5
 - 336s - loss: 509.4321 - kl_loss: 3.0820 - val_loss: 407.5215 - val_kl_loss: 4.0633
Epoch 5/8000

Epoch 00005: val_loss improved from 407.52147 to 379.74959, saving model to ../../model_weights/model_2020-08-28_12-49-00.h5
 - 335s - loss: 443.2642 - kl_loss: 3.5551 - val_loss: 379.7496 - val_kl_loss: 3.3405
Epoch 6/8000

Epoch 00006: val_loss improved from 379.74959 to 316.79836, saving model to ../../model_weights/model_2020-08-28_12-49-00.h5
 - 339s - loss: 384.3236 - kl_loss: 3.0958 - val_loss: 316.7984 - val_kl_loss: 3.1207
Epoch 7/8000

Epoch 00007: val_loss improved from 316.79836 to 289.22670, saving model to ../../model_weights/model_2020-08-28_12-49-00.h5
 - 337s - loss: 357.0483 - kl_loss: 3.0154 - val_loss: 289.2267 - val_kl_loss: 3.0814
Epoch 8/8000

Epoch 00008: val_loss improved from 289.22670 to 287.74405, saving model to ../../model_weights/model_2020-08-28_12-49-00.h5
 - 341s - loss: 345.3907 - kl_loss: 3.5512 - val_loss: 287.7441 - val_kl_loss: 4.7028
