2020-11-23 18:25:40.717657: I tensorflow/core/platform/cpu_feature_guard.cc:141] Your CPU supports instructions that this TensorFlow binary was not compiled to use: SSE4.1 SSE4.2 AVX
2020-11-23 18:25:41.027795: I tensorflow/stream_executor/cuda/cuda_gpu_executor.cc:897] successful NUMA node read from SysFS had negative value (-1), but there must be at least one NUMA node, so returning NUMA node zero
2020-11-23 18:25:41.028351: I tensorflow/core/common_runtime/gpu/gpu_device.cc:1405] Found device 0 with properties: 
name: TITAN Xp major: 6 minor: 1 memoryClockRate(GHz): 1.582
pciBusID: 0000:01:00.0
totalMemory: 11.91GiB freeMemory: 11.75GiB
2020-11-23 18:25:41.028369: I tensorflow/core/common_runtime/gpu/gpu_device.cc:1484] Adding visible gpu devices: 0
2020-11-23 18:25:41.314188: I tensorflow/core/common_runtime/gpu/gpu_device.cc:965] Device interconnect StreamExecutor with strength 1 edge matrix:
2020-11-23 18:25:41.314233: I tensorflow/core/common_runtime/gpu/gpu_device.cc:971]      0 
2020-11-23 18:25:41.314243: I tensorflow/core/common_runtime/gpu/gpu_device.cc:984] 0:   N 
2020-11-23 18:25:41.314481: I tensorflow/core/common_runtime/gpu/gpu_device.cc:1097] Created TensorFlow device (/job:localhost/replica:0/task:0/device:GPU:0 with 11366 MB memory) -> physical GPU (device: 0, name: TITAN Xp, pci bus id: 0000:01:00.0, compute capability: 6.1)
2020-11-23 18:25:41.519077: I tensorflow/core/kernels/cuda_solvers.cc:159] Creating CudaSolver handles for stream 0x5559ea25f110
Epoch 1/8000

Epoch 00001: val_loss improved from inf to 15.26976, saving model to ../../model_weights/model_2020-11-23_18-25-42.h5
 - 380s - loss: 14.0090 - kl_loss: 1.9474 - val_loss: 15.2698 - val_kl_loss: 1.8662
Epoch 2/8000

Epoch 00002: val_loss improved from 15.26976 to 15.25697, saving model to ../../model_weights/model_2020-11-23_18-25-42.h5
 - 382s - loss: 13.9633 - kl_loss: 1.9379 - val_loss: 15.2570 - val_kl_loss: 1.8662
Epoch 3/8000

Epoch 00003: val_loss improved from 15.25697 to 15.23993, saving model to ../../model_weights/model_2020-11-23_18-25-42.h5
 - 382s - loss: 13.9436 - kl_loss: 1.9414 - val_loss: 15.2399 - val_kl_loss: 1.8719
Epoch 4/8000

Epoch 00004: val_loss improved from 15.23993 to 15.23618, saving model to ../../model_weights/model_2020-11-23_18-25-42.h5
 - 383s - loss: 13.9308 - kl_loss: 1.9394 - val_loss: 15.2362 - val_kl_loss: 1.8632
Epoch 5/8000

Epoch 00005: val_loss did not improve from 15.23618
 - 383s - loss: 13.9195 - kl_loss: 1.9392 - val_loss: 15.2392 - val_kl_loss: 1.8764
Epoch 6/8000

Epoch 00006: val_loss improved from 15.23618 to 15.22487, saving model to ../../model_weights/model_2020-11-23_18-25-42.h5
 - 380s - loss: 13.9121 - kl_loss: 1.9404 - val_loss: 15.2249 - val_kl_loss: 1.8700
Epoch 7/8000

Epoch 00007: val_loss improved from 15.22487 to 15.22124, saving model to ../../model_weights/model_2020-11-23_18-25-42.h5
 - 381s - loss: 13.9031 - kl_loss: 1.9415 - val_loss: 15.2212 - val_kl_loss: 1.8748
Epoch 8/8000

Epoch 00008: val_loss did not improve from 15.22124
 - 386s - loss: 13.8935 - kl_loss: 1.9433 - val_loss: 15.2226 - val_kl_loss: 1.8712
Epoch 9/8000

Epoch 00009: val_loss improved from 15.22124 to 15.22057, saving model to ../../model_weights/model_2020-11-23_18-25-42.h5
 - 383s - loss: 13.8899 - kl_loss: 1.9444 - val_loss: 15.2206 - val_kl_loss: 1.8734
Epoch 10/8000

Epoch 00010: val_loss did not improve from 15.22057
 - 382s - loss: 13.8800 - kl_loss: 1.9418 - val_loss: 15.2258 - val_kl_loss: 1.8747
Epoch 11/8000

Epoch 00011: val_loss improved from 15.22057 to 15.20807, saving model to ../../model_weights/model_2020-11-23_18-25-42.h5
 - 384s - loss: 13.8739 - kl_loss: 1.9417 - val_loss: 15.2081 - val_kl_loss: 1.8690
Epoch 12/8000

Epoch 00012: val_loss improved from 15.20807 to 15.20638, saving model to ../../model_weights/model_2020-11-23_18-25-42.h5
 - 383s - loss: 13.8710 - kl_loss: 1.9414 - val_loss: 15.2064 - val_kl_loss: 1.8779
Epoch 13/8000

Epoch 00013: val_loss did not improve from 15.20638
 - 382s - loss: 13.8678 - kl_loss: 1.9482 - val_loss: 15.2069 - val_kl_loss: 1.8660
Epoch 14/8000

Epoch 00014: val_loss did not improve from 15.20638
 - 382s - loss: 13.8654 - kl_loss: 1.9335 - val_loss: 15.2069 - val_kl_loss: 1.8700
Epoch 15/8000

Epoch 00015: val_loss improved from 15.20638 to 15.20565, saving model to ../../model_weights/model_2020-11-23_18-25-42.h5
 - 386s - loss: 13.8603 - kl_loss: 1.9455 - val_loss: 15.2057 - val_kl_loss: 1.8740
Epoch 16/8000

Epoch 00016: val_loss improved from 15.20565 to 15.20411, saving model to ../../model_weights/model_2020-11-23_18-25-42.h5
 - 383s - loss: 13.8580 - kl_loss: 1.9512 - val_loss: 15.2041 - val_kl_loss: 1.8742
Epoch 17/8000

Epoch 00017: val_loss improved from 15.20411 to 15.20013, saving model to ../../model_weights/model_2020-11-23_18-25-42.h5
 - 384s - loss: 13.8509 - kl_loss: 1.9436 - val_loss: 15.2001 - val_kl_loss: 1.8729
Epoch 18/8000

Epoch 00018: val_loss did not improve from 15.20013
 - 383s - loss: 13.8485 - kl_loss: 1.9466 - val_loss: 15.2021 - val_kl_loss: 1.8715
Epoch 19/8000

Epoch 00019: val_loss improved from 15.20013 to 15.19376, saving model to ../../model_weights/model_2020-11-23_18-25-42.h5
 - 384s - loss: 13.8441 - kl_loss: 1.9441 - val_loss: 15.1938 - val_kl_loss: 1.8726
Epoch 20/8000

Epoch 00020: val_loss improved from 15.19376 to 15.19251, saving model to ../../model_weights/model_2020-11-23_18-25-42.h5
 - 382s - loss: 13.8427 - kl_loss: 1.9339 - val_loss: 15.1925 - val_kl_loss: 1.8662
Epoch 21/8000

Epoch 00021: val_loss did not improve from 15.19251
 - 381s - loss: 13.8431 - kl_loss: 1.9449 - val_loss: 15.1967 - val_kl_loss: 1.8739
Epoch 22/8000

Epoch 00022: val_loss improved from 15.19251 to 15.18693, saving model to ../../model_weights/model_2020-11-23_18-25-42.h5
 - 387s - loss: 13.8369 - kl_loss: 1.9386 - val_loss: 15.1869 - val_kl_loss: 1.8635
Epoch 23/8000

Epoch 00023: val_loss improved from 15.18693 to 15.18609, saving model to ../../model_weights/model_2020-11-23_18-25-42.h5
 - 383s - loss: 13.8340 - kl_loss: 1.9479 - val_loss: 15.1861 - val_kl_loss: 1.8786
Epoch 24/8000

Epoch 00024: val_loss improved from 15.18609 to 15.18456, saving model to ../../model_weights/model_2020-11-23_18-25-42.h5
 - 384s - loss: 13.8309 - kl_loss: 1.9480 - val_loss: 15.1846 - val_kl_loss: 1.8739
Epoch 25/8000

Epoch 00025: val_loss improved from 15.18456 to 15.18270, saving model to ../../model_weights/model_2020-11-23_18-25-42.h5
 - 384s - loss: 13.8319 - kl_loss: 1.9449 - val_loss: 15.1827 - val_kl_loss: 1.8723
Epoch 26/8000

Epoch 00026: val_loss improved from 15.18270 to 15.18027, saving model to ../../model_weights/model_2020-11-23_18-25-42.h5
 - 383s - loss: 13.8269 - kl_loss: 1.9511 - val_loss: 15.1803 - val_kl_loss: 1.8847
Epoch 27/8000

Epoch 00027: val_loss improved from 15.18027 to 15.17625, saving model to ../../model_weights/model_2020-11-23_18-25-42.h5
 - 381s - loss: 13.8206 - kl_loss: 1.9489 - val_loss: 15.1763 - val_kl_loss: 1.8747
Epoch 28/8000

Epoch 00028: val_loss improved from 15.17625 to 15.17235, saving model to ../../model_weights/model_2020-11-23_18-25-42.h5
 - 382s - loss: 13.8200 - kl_loss: 1.9499 - val_loss: 15.1724 - val_kl_loss: 1.8704
Epoch 29/8000

Epoch 00029: val_loss did not improve from 15.17235
 - 387s - loss: 13.8150 - kl_loss: 1.9479 - val_loss: 15.1737 - val_kl_loss: 1.8805
Epoch 30/8000

Epoch 00030: val_loss improved from 15.17235 to 15.16844, saving model to ../../model_weights/model_2020-11-23_18-25-42.h5
 - 382s - loss: 13.8133 - kl_loss: 1.9503 - val_loss: 15.1684 - val_kl_loss: 1.8741
Epoch 31/8000

Epoch 00031: val_loss improved from 15.16844 to 15.16653, saving model to ../../model_weights/model_2020-11-23_18-25-42.h5
 - 384s - loss: 13.8098 - kl_loss: 1.9483 - val_loss: 15.1665 - val_kl_loss: 1.8692
Epoch 32/8000

Epoch 00032: val_loss did not improve from 15.16653
 - 384s - loss: 13.8090 - kl_loss: 1.9456 - val_loss: 15.1666 - val_kl_loss: 1.8747
Epoch 33/8000

Epoch 00033: val_loss did not improve from 15.16653
 - 383s - loss: 13.8085 - kl_loss: 1.9419 - val_loss: 15.1699 - val_kl_loss: 1.8684
Epoch 34/8000

Epoch 00034: val_loss improved from 15.16653 to 15.16533, saving model to ../../model_weights/model_2020-11-23_18-25-42.h5
 - 383s - loss: 13.8031 - kl_loss: 1.9437 - val_loss: 15.1653 - val_kl_loss: 1.8685
Epoch 35/8000

Epoch 00035: val_loss improved from 15.16533 to 15.16506, saving model to ../../model_weights/model_2020-11-23_18-25-42.h5
 - 381s - loss: 13.8004 - kl_loss: 1.9439 - val_loss: 15.1651 - val_kl_loss: 1.8780
Epoch 36/8000

Epoch 00036: val_loss did not improve from 15.16506
 - 386s - loss: 13.7991 - kl_loss: 1.9456 - val_loss: 15.1659 - val_kl_loss: 1.8715
Epoch 37/8000

Epoch 00037: val_loss improved from 15.16506 to 15.16319, saving model to ../../model_weights/model_2020-11-23_18-25-42.h5
 - 384s - loss: 13.7972 - kl_loss: 1.9402 - val_loss: 15.1632 - val_kl_loss: 1.8710
Epoch 38/8000

Epoch 00038: val_loss improved from 15.16319 to 15.16082, saving model to ../../model_weights/model_2020-11-23_18-25-42.h5
 - 383s - loss: 13.7932 - kl_loss: 1.9401 - val_loss: 15.1608 - val_kl_loss: 1.8718
Epoch 39/8000

Epoch 00039: val_loss improved from 15.16082 to 15.15838, saving model to ../../model_weights/model_2020-11-23_18-25-42.h5
 - 384s - loss: 13.7949 - kl_loss: 1.9453 - val_loss: 15.1584 - val_kl_loss: 1.8739
Epoch 40/8000

Epoch 00040: val_loss did not improve from 15.15838
 - 384s - loss: 13.7908 - kl_loss: 1.9469 - val_loss: 15.1594 - val_kl_loss: 1.8744
Epoch 41/8000

Epoch 00041: val_loss did not improve from 15.15838
 - 381s - loss: 13.7877 - kl_loss: 1.9464 - val_loss: 15.1600 - val_kl_loss: 1.8746
Epoch 42/8000

Epoch 00042: val_loss improved from 15.15838 to 15.15625, saving model to ../../model_weights/model_2020-11-23_18-25-42.h5
 - 382s - loss: 13.7869 - kl_loss: 1.9462 - val_loss: 15.1563 - val_kl_loss: 1.8761
Epoch 43/8000

Epoch 00043: val_loss did not improve from 15.15625
 - 386s - loss: 13.7838 - kl_loss: 1.9471 - val_loss: 15.1568 - val_kl_loss: 1.8818
Epoch 44/8000

Epoch 00044: val_loss improved from 15.15625 to 15.15455, saving model to ../../model_weights/model_2020-11-23_18-25-42.h5
 - 383s - loss: 13.7836 - kl_loss: 1.9508 - val_loss: 15.1545 - val_kl_loss: 1.8714
Epoch 45/8000

Epoch 00045: val_loss did not improve from 15.15455
 - 384s - loss: 13.7839 - kl_loss: 1.9427 - val_loss: 15.1591 - val_kl_loss: 1.8680
Epoch 46/8000

Epoch 00046: val_loss improved from 15.15455 to 15.15102, saving model to ../../model_weights/model_2020-11-23_18-25-42.h5
 - 383s - loss: 13.7781 - kl_loss: 1.9435 - val_loss: 15.1510 - val_kl_loss: 1.8728
Epoch 47/8000

Epoch 00047: val_loss did not improve from 15.15102
 - 383s - loss: 13.7779 - kl_loss: 1.9455 - val_loss: 15.1529 - val_kl_loss: 1.8794
Epoch 48/8000

Epoch 00048: val_loss did not improve from 15.15102
 - 382s - loss: 13.7760 - kl_loss: 1.9477 - val_loss: 15.1522 - val_kl_loss: 1.8759
Epoch 49/8000

Epoch 00049: val_loss did not improve from 15.15102
 - 382s - loss: 13.7743 - kl_loss: 1.9451 - val_loss: 15.1570 - val_kl_loss: 1.8767
Epoch 50/8000

Epoch 00050: val_loss improved from 15.15102 to 15.14896, saving model to ../../model_weights/model_2020-11-23_18-25-42.h5
 - 386s - loss: 13.7747 - kl_loss: 1.9482 - val_loss: 15.1490 - val_kl_loss: 1.8781
Epoch 51/8000

Epoch 00051: val_loss did not improve from 15.14896
 - 384s - loss: 13.7716 - kl_loss: 1.9470 - val_loss: 15.1527 - val_kl_loss: 1.8757
Epoch 52/8000

Epoch 00052: val_loss did not improve from 15.14896
 - 384s - loss: 13.7721 - kl_loss: 1.9424 - val_loss: 15.1564 - val_kl_loss: 1.8714
Epoch 53/8000

Epoch 00053: val_loss did not improve from 15.14896
 - 383s - loss: 13.7685 - kl_loss: 1.9456 - val_loss: 15.1551 - val_kl_loss: 1.8610
Epoch 54/8000

Epoch 00054: val_loss improved from 15.14896 to 15.14797, saving model to ../../model_weights/model_2020-11-23_18-25-42.h5
 - 385s - loss: 13.7673 - kl_loss: 1.9420 - val_loss: 15.1480 - val_kl_loss: 1.8747
Epoch 55/8000

Epoch 00055: val_loss did not improve from 15.14797
 - 382s - loss: 13.7689 - kl_loss: 1.9507 - val_loss: 15.1522 - val_kl_loss: 1.8788
Epoch 56/8000

Epoch 00056: val_loss improved from 15.14797 to 15.14415, saving model to ../../model_weights/model_2020-11-23_18-25-42.h5
 - 382s - loss: 13.7663 - kl_loss: 1.9486 - val_loss: 15.1442 - val_kl_loss: 1.8681
Epoch 57/8000

Epoch 00057: val_loss did not improve from 15.14415
 - 387s - loss: 13.7645 - kl_loss: 1.9415 - val_loss: 15.1474 - val_kl_loss: 1.8804
Epoch 58/8000

Epoch 00058: val_loss improved from 15.14415 to 15.14336, saving model to ../../model_weights/model_2020-11-23_18-25-42.h5
 - 383s - loss: 13.7613 - kl_loss: 1.9474 - val_loss: 15.1434 - val_kl_loss: 1.8714
Epoch 59/8000

Epoch 00059: val_loss improved from 15.14336 to 15.14034, saving model to ../../model_weights/model_2020-11-23_18-25-42.h5
 - 384s - loss: 13.7599 - kl_loss: 1.9461 - val_loss: 15.1403 - val_kl_loss: 1.8739
Epoch 60/8000

Epoch 00060: val_loss did not improve from 15.14034
 - 384s - loss: 13.7605 - kl_loss: 1.9491 - val_loss: 15.1411 - val_kl_loss: 1.8722
Epoch 61/8000

Epoch 00061: val_loss did not improve from 15.14034
 - 383s - loss: 13.7620 - kl_loss: 1.9451 - val_loss: 15.1505 - val_kl_loss: 1.8716
Epoch 62/8000

Epoch 00062: val_loss did not improve from 15.14034
 - 383s - loss: 13.7569 - kl_loss: 1.9436 - val_loss: 15.1441 - val_kl_loss: 1.8728
Epoch 63/8000

Epoch 00063: val_loss did not improve from 15.14034
 - 382s - loss: 13.7559 - kl_loss: 1.9503 - val_loss: 15.1480 - val_kl_loss: 1.8851
Epoch 64/8000

Epoch 00064: val_loss did not improve from 15.14034
 - 386s - loss: 13.7575 - kl_loss: 1.9489 - val_loss: 15.1432 - val_kl_loss: 1.8764
Epoch 65/8000

Epoch 00065: val_loss did not improve from 15.14034
 - 384s - loss: 13.7528 - kl_loss: 1.9408 - val_loss: 15.1410 - val_kl_loss: 1.8716
Epoch 66/8000

Epoch 00066: val_loss improved from 15.14034 to 15.13977, saving model to ../../model_weights/model_2020-11-23_18-25-42.h5
 - 383s - loss: 13.7512 - kl_loss: 1.9457 - val_loss: 15.1398 - val_kl_loss: 1.8742
Epoch 67/8000

Epoch 00067: val_loss did not improve from 15.13977
 - 383s - loss: 13.7482 - kl_loss: 1.9461 - val_loss: 15.1450 - val_kl_loss: 1.8796
Epoch 68/8000

Epoch 00068: val_loss improved from 15.13977 to 15.13803, saving model to ../../model_weights/model_2020-11-23_18-25-42.h5
 - 384s - loss: 13.7481 - kl_loss: 1.9482 - val_loss: 15.1380 - val_kl_loss: 1.8734
Epoch 69/8000

Epoch 00069: val_loss did not improve from 15.13803
 - 383s - loss: 13.7466 - kl_loss: 1.9490 - val_loss: 15.1432 - val_kl_loss: 1.8780
Epoch 70/8000

Epoch 00070: val_loss did not improve from 15.13803
 - 381s - loss: 13.7462 - kl_loss: 1.9484 - val_loss: 15.1421 - val_kl_loss: 1.8776
Epoch 71/8000

Epoch 00071: val_loss improved from 15.13803 to 15.13497, saving model to ../../model_weights/model_2020-11-23_18-25-42.h5
 - 388s - loss: 13.7439 - kl_loss: 1.9492 - val_loss: 15.1350 - val_kl_loss: 1.8805
Epoch 72/8000

Epoch 00072: val_loss improved from 15.13497 to 15.13165, saving model to ../../model_weights/model_2020-11-23_18-25-42.h5
 - 384s - loss: 13.7410 - kl_loss: 1.9494 - val_loss: 15.1317 - val_kl_loss: 1.8723
Epoch 73/8000

Epoch 00073: val_loss did not improve from 15.13165
 - 383s - loss: 13.7419 - kl_loss: 1.9435 - val_loss: 15.1319 - val_kl_loss: 1.8753
Epoch 74/8000

Epoch 00074: val_loss improved from 15.13165 to 15.12891, saving model to ../../model_weights/model_2020-11-23_18-25-42.h5
 - 385s - loss: 13.7398 - kl_loss: 1.9428 - val_loss: 15.1289 - val_kl_loss: 1.8690
Epoch 75/8000

Epoch 00075: val_loss did not improve from 15.12891
 - 384s - loss: 13.7432 - kl_loss: 1.9485 - val_loss: 15.1345 - val_kl_loss: 1.8773
Epoch 76/8000

Epoch 00076: val_loss did not improve from 15.12891
 - 382s - loss: 13.7414 - kl_loss: 1.9487 - val_loss: 15.1404 - val_kl_loss: 1.8797
Epoch 77/8000

Epoch 00077: val_loss did not improve from 15.12891
 - 382s - loss: 13.7379 - kl_loss: 1.9453 - val_loss: 15.1362 - val_kl_loss: 1.8731
Epoch 78/8000

Epoch 00078: val_loss did not improve from 15.12891
 - 386s - loss: 13.7353 - kl_loss: 1.9455 - val_loss: 15.1357 - val_kl_loss: 1.8791
Epoch 79/8000

Epoch 00079: val_loss did not improve from 15.12891
 - 384s - loss: 13.7361 - kl_loss: 1.9425 - val_loss: 15.1351 - val_kl_loss: 1.8727
Epoch 80/8000

Epoch 00080: val_loss did not improve from 15.12891
 - 384s - loss: 13.7365 - kl_loss: 1.9522 - val_loss: 15.1315 - val_kl_loss: 1.8802
Epoch 81/8000

Epoch 00081: val_loss did not improve from 15.12891
 - 383s - loss: 13.7339 - kl_loss: 1.9438 - val_loss: 15.1334 - val_kl_loss: 1.8708
Epoch 82/8000

Epoch 00082: val_loss did not improve from 15.12891
 - 385s - loss: 13.7325 - kl_loss: 1.9442 - val_loss: 15.1342 - val_kl_loss: 1.8712
Epoch 83/8000

Epoch 00083: val_loss did not improve from 15.12891
 - 382s - loss: 13.7308 - kl_loss: 1.9434 - val_loss: 15.1315 - val_kl_loss: 1.8782
Epoch 84/8000

Epoch 00084: val_loss did not improve from 15.12891
 - 382s - loss: 13.7309 - kl_loss: 1.9503 - val_loss: 15.1355 - val_kl_loss: 1.8738
Epoch 85/8000

Epoch 00085: val_loss did not improve from 15.12891
 - 388s - loss: 13.7262 - kl_loss: 1.9456 - val_loss: 15.1354 - val_kl_loss: 1.8564
Epoch 86/8000

Epoch 00086: val_loss did not improve from 15.12891
 - 383s - loss: 13.7282 - kl_loss: 1.9393 - val_loss: 15.1312 - val_kl_loss: 1.8770
Epoch 87/8000

Epoch 00087: val_loss did not improve from 15.12891
 - 383s - loss: 13.7279 - kl_loss: 1.9487 - val_loss: 15.1320 - val_kl_loss: 1.8793
Epoch 88/8000

Epoch 00088: val_loss did not improve from 15.12891
 - 384s - loss: 13.7245 - kl_loss: 1.9454 - val_loss: 15.1296 - val_kl_loss: 1.8752
Epoch 89/8000

Epoch 00089: val_loss did not improve from 15.12891
 - 384s - loss: 13.7238 - kl_loss: 1.9475 - val_loss: 15.1301 - val_kl_loss: 1.8791
Epoch 90/8000

Epoch 00090: val_loss improved from 15.12891 to 15.12773, saving model to ../../model_weights/model_2020-11-23_18-25-42.h5
 - 381s - loss: 13.7249 - kl_loss: 1.9346 - val_loss: 15.1277 - val_kl_loss: 1.8630
Epoch 91/8000

Epoch 00091: val_loss did not improve from 15.12773
 - 382s - loss: 13.7244 - kl_loss: 1.9387 - val_loss: 15.1286 - val_kl_loss: 1.8726
Epoch 92/8000

Epoch 00092: val_loss did not improve from 15.12773
 - 387s - loss: 13.7233 - kl_loss: 1.9509 - val_loss: 15.1297 - val_kl_loss: 1.8829
Epoch 93/8000

Epoch 00093: val_loss improved from 15.12773 to 15.12261, saving model to ../../model_weights/model_2020-11-23_18-25-42.h5
 - 383s - loss: 13.7231 - kl_loss: 1.9486 - val_loss: 15.1226 - val_kl_loss: 1.8743
Epoch 94/8000

Epoch 00094: val_loss did not improve from 15.12261
 - 385s - loss: 13.7199 - kl_loss: 1.9493 - val_loss: 15.1264 - val_kl_loss: 1.8786
Epoch 95/8000

Epoch 00095: val_loss improved from 15.12261 to 15.12198, saving model to ../../model_weights/model_2020-11-23_18-25-42.h5
 - 385s - loss: 13.7187 - kl_loss: 1.9472 - val_loss: 15.1220 - val_kl_loss: 1.8778
Epoch 96/8000

Epoch 00096: val_loss did not improve from 15.12198
 - 384s - loss: 13.7176 - kl_loss: 1.9465 - val_loss: 15.1294 - val_kl_loss: 1.8700
Epoch 97/8000

Epoch 00097: val_loss did not improve from 15.12198
 - 383s - loss: 13.7143 - kl_loss: 1.9460 - val_loss: 15.1296 - val_kl_loss: 1.8735
Epoch 98/8000

Epoch 00098: val_loss did not improve from 15.12198
 - 382s - loss: 13.7145 - kl_loss: 1.9442 - val_loss: 15.1235 - val_kl_loss: 1.8783
Epoch 99/8000

Epoch 00099: val_loss did not improve from 15.12198
 - 387s - loss: 13.7158 - kl_loss: 1.9498 - val_loss: 15.1285 - val_kl_loss: 1.8771
Epoch 100/8000

Epoch 00100: val_loss improved from 15.12198 to 15.11857, saving model to ../../model_weights/model_2020-11-23_18-25-42.h5
 - 384s - loss: 13.7135 - kl_loss: 1.9481 - val_loss: 15.1186 - val_kl_loss: 1.8790
Epoch 101/8000

Epoch 00101: val_loss did not improve from 15.11857
 - 383s - loss: 13.7129 - kl_loss: 1.9501 - val_loss: 15.1253 - val_kl_loss: 1.8764
Epoch 102/8000

Epoch 00102: val_loss did not improve from 15.11857
 - 384s - loss: 13.7101 - kl_loss: 1.9478 - val_loss: 15.1225 - val_kl_loss: 1.8751
Epoch 103/8000

Epoch 00103: val_loss did not improve from 15.11857
 - 384s - loss: 13.7094 - kl_loss: 1.9488 - val_loss: 15.1237 - val_kl_loss: 1.8791
Epoch 104/8000

Epoch 00104: val_loss did not improve from 15.11857
 - 382s - loss: 13.7090 - kl_loss: 1.9476 - val_loss: 15.1199 - val_kl_loss: 1.8751
Epoch 105/8000

Epoch 00105: val_loss did not improve from 15.11857
 - 383s - loss: 13.7105 - kl_loss: 1.9493 - val_loss: 15.1300 - val_kl_loss: 1.8793
Epoch 106/8000

Epoch 00106: val_loss did not improve from 15.11857
 - 386s - loss: 13.7081 - kl_loss: 1.9491 - val_loss: 15.1250 - val_kl_loss: 1.8797
Epoch 107/8000

Epoch 00107: val_loss did not improve from 15.11857
 - 383s - loss: 13.7076 - kl_loss: 1.9497 - val_loss: 15.1219 - val_kl_loss: 1.8782
Epoch 108/8000

Epoch 00108: val_loss improved from 15.11857 to 15.11813, saving model to ../../model_weights/model_2020-11-23_18-25-42.h5
 - 384s - loss: 13.7074 - kl_loss: 1.9487 - val_loss: 15.1181 - val_kl_loss: 1.8778
Epoch 109/8000

Epoch 00109: val_loss did not improve from 15.11813
 - 385s - loss: 13.7074 - kl_loss: 1.9452 - val_loss: 15.1253 - val_kl_loss: 1.8743
Epoch 110/8000

Epoch 00110: val_loss improved from 15.11813 to 15.11317, saving model to ../../model_weights/model_2020-11-23_18-25-42.h5
 - 384s - loss: 13.7072 - kl_loss: 1.9473 - val_loss: 15.1132 - val_kl_loss: 1.8775
Epoch 111/8000

Epoch 00111: val_loss did not improve from 15.11317
 - 382s - loss: 13.7042 - kl_loss: 1.9465 - val_loss: 15.1168 - val_kl_loss: 1.8750
Epoch 112/8000

Epoch 00112: val_loss did not improve from 15.11317
 - 383s - loss: 13.7038 - kl_loss: 1.9506 - val_loss: 15.1254 - val_kl_loss: 1.8870
Epoch 113/8000

Epoch 00113: val_loss did not improve from 15.11317
 - 386s - loss: 13.7044 - kl_loss: 1.9521 - val_loss: 15.1179 - val_kl_loss: 1.8763
Epoch 114/8000

Epoch 00114: val_loss did not improve from 15.11317
 - 384s - loss: 13.7065 - kl_loss: 1.9492 - val_loss: 15.1166 - val_kl_loss: 1.8776
Epoch 115/8000

Epoch 00115: val_loss did not improve from 15.11317
 - 384s - loss: 13.7030 - kl_loss: 1.9485 - val_loss: 15.1219 - val_kl_loss: 1.8827
Epoch 116/8000

Epoch 00116: val_loss did not improve from 15.11317
 - 384s - loss: 13.7034 - kl_loss: 1.9480 - val_loss: 15.1233 - val_kl_loss: 1.8864
Epoch 117/8000

Epoch 00117: val_loss did not improve from 15.11317
 - 385s - loss: 13.7013 - kl_loss: 1.9487 - val_loss: 15.1194 - val_kl_loss: 1.8748
Epoch 118/8000

Epoch 00118: val_loss improved from 15.11317 to 15.10912, saving model to ../../model_weights/model_2020-11-23_18-25-42.h5
 - 382s - loss: 13.6996 - kl_loss: 1.9452 - val_loss: 15.1091 - val_kl_loss: 1.8802
Epoch 119/8000

Epoch 00119: val_loss did not improve from 15.10912
 - 382s - loss: 13.6978 - kl_loss: 1.9505 - val_loss: 15.1165 - val_kl_loss: 1.8822
Epoch 120/8000

Epoch 00120: val_loss did not improve from 15.10912
 - 388s - loss: 13.6977 - kl_loss: 1.9488 - val_loss: 15.1158 - val_kl_loss: 1.8742
Epoch 121/8000

Epoch 00121: val_loss did not improve from 15.10912
 - 383s - loss: 13.6968 - kl_loss: 1.9461 - val_loss: 15.1161 - val_kl_loss: 1.8742
Epoch 122/8000

Epoch 00122: val_loss did not improve from 15.10912
 - 384s - loss: 13.6958 - kl_loss: 1.9485 - val_loss: 15.1131 - val_kl_loss: 1.8799
Epoch 123/8000

Epoch 00123: val_loss did not improve from 15.10912
 - 385s - loss: 13.6968 - kl_loss: 1.9506 - val_loss: 15.1170 - val_kl_loss: 1.8763
Epoch 124/8000

Epoch 00124: val_loss did not improve from 15.10912
 - 384s - loss: 13.6958 - kl_loss: 1.9480 - val_loss: 15.1174 - val_kl_loss: 1.8811
Epoch 125/8000

Epoch 00125: val_loss did not improve from 15.10912
 - 383s - loss: 13.6935 - kl_loss: 1.9517 - val_loss: 15.1170 - val_kl_loss: 1.8783
Epoch 126/8000

Epoch 00126: val_loss did not improve from 15.10912
 - 383s - loss: 13.6963 - kl_loss: 1.9549 - val_loss: 15.1133 - val_kl_loss: 1.8850
Epoch 127/8000

Epoch 00127: val_loss improved from 15.10912 to 15.10768, saving model to ../../model_weights/model_2020-11-23_18-25-42.h5
 - 385s - loss: 13.6940 - kl_loss: 1.9538 - val_loss: 15.1077 - val_kl_loss: 1.8800
Epoch 128/8000

Epoch 00128: val_loss did not improve from 15.10768
 - 384s - loss: 13.6935 - kl_loss: 1.9468 - val_loss: 15.1115 - val_kl_loss: 1.8787
Epoch 129/8000

Epoch 00129: val_loss did not improve from 15.10768
 - 385s - loss: 13.6927 - kl_loss: 1.9482 - val_loss: 15.1143 - val_kl_loss: 1.8796
Epoch 130/8000

Epoch 00130: val_loss did not improve from 15.10768
 - 384s - loss: 13.6896 - kl_loss: 1.9525 - val_loss: 15.1128 - val_kl_loss: 1.8798
Epoch 131/8000

Epoch 00131: val_loss did not improve from 15.10768
 - 384s - loss: 13.6907 - kl_loss: 1.9531 - val_loss: 15.1111 - val_kl_loss: 1.8822
Epoch 132/8000

Epoch 00132: val_loss improved from 15.10768 to 15.10734, saving model to ../../model_weights/model_2020-11-23_18-25-42.h5
 - 383s - loss: 13.6904 - kl_loss: 1.9518 - val_loss: 15.1073 - val_kl_loss: 1.8770
Epoch 133/8000

Epoch 00133: val_loss did not improve from 15.10734
 - 381s - loss: 13.6883 - kl_loss: 1.9439 - val_loss: 15.1161 - val_kl_loss: 1.8777
Epoch 134/8000

Epoch 00134: val_loss did not improve from 15.10734
 - 387s - loss: 13.6885 - kl_loss: 1.9513 - val_loss: 15.1128 - val_kl_loss: 1.8775
Epoch 135/8000

Epoch 00135: val_loss did not improve from 15.10734
 - 385s - loss: 13.6891 - kl_loss: 1.9447 - val_loss: 15.1119 - val_kl_loss: 1.8765
Epoch 136/8000

Epoch 00136: val_loss did not improve from 15.10734
 - 383s - loss: 13.6874 - kl_loss: 1.9498 - val_loss: 15.1112 - val_kl_loss: 1.8780
Epoch 137/8000

Epoch 00137: val_loss improved from 15.10734 to 15.10667, saving model to ../../model_weights/model_2020-11-23_18-25-42.h5
 - 385s - loss: 13.6844 - kl_loss: 1.9496 - val_loss: 15.1067 - val_kl_loss: 1.8854
Epoch 138/8000

Epoch 00138: val_loss did not improve from 15.10667
 - 384s - loss: 13.6895 - kl_loss: 1.9548 - val_loss: 15.1121 - val_kl_loss: 1.8818
Epoch 139/8000

Epoch 00139: val_loss did not improve from 15.10667
 - 381s - loss: 13.6874 - kl_loss: 1.9510 - val_loss: 15.1142 - val_kl_loss: 1.8789
Epoch 140/8000

Epoch 00140: val_loss improved from 15.10667 to 15.10517, saving model to ../../model_weights/model_2020-11-23_18-25-42.h5
 - 383s - loss: 13.6854 - kl_loss: 1.9542 - val_loss: 15.1052 - val_kl_loss: 1.8753
Epoch 141/8000

Epoch 00141: val_loss did not improve from 15.10517
 - 386s - loss: 13.6847 - kl_loss: 1.9485 - val_loss: 15.1118 - val_kl_loss: 1.8786
Epoch 142/8000

Epoch 00142: val_loss did not improve from 15.10517
 - 384s - loss: 13.6839 - kl_loss: 1.9523 - val_loss: 15.1073 - val_kl_loss: 1.8795
Epoch 143/8000

Epoch 00143: val_loss did not improve from 15.10517
 - 384s - loss: 13.6831 - kl_loss: 1.9533 - val_loss: 15.1057 - val_kl_loss: 1.8814
Epoch 144/8000

Epoch 00144: val_loss improved from 15.10517 to 15.10373, saving model to ../../model_weights/model_2020-11-23_18-25-42.h5
 - 383s - loss: 13.6853 - kl_loss: 1.9509 - val_loss: 15.1037 - val_kl_loss: 1.8795
Epoch 145/8000

Epoch 00145: val_loss improved from 15.10373 to 15.10298, saving model to ../../model_weights/model_2020-11-23_18-25-42.h5
 - 384s - loss: 13.6864 - kl_loss: 1.9516 - val_loss: 15.1030 - val_kl_loss: 1.8835
Epoch 146/8000

Epoch 00146: val_loss did not improve from 15.10298
 - 382s - loss: 13.6852 - kl_loss: 1.9506 - val_loss: 15.1152 - val_kl_loss: 1.8760
Epoch 147/8000

Epoch 00147: val_loss did not improve from 15.10298
 - 381s - loss: 13.6836 - kl_loss: 1.9487 - val_loss: 15.1078 - val_kl_loss: 1.8825
Epoch 148/8000

Epoch 00148: val_loss did not improve from 15.10298
 - 386s - loss: 13.6829 - kl_loss: 1.9474 - val_loss: 15.1118 - val_kl_loss: 1.8799
Epoch 149/8000

Epoch 00149: val_loss did not improve from 15.10298
 - 385s - loss: 13.6806 - kl_loss: 1.9494 - val_loss: 15.1049 - val_kl_loss: 1.8759
Epoch 150/8000

Epoch 00150: val_loss did not improve from 15.10298
 - 384s - loss: 13.6811 - kl_loss: 1.9487 - val_loss: 15.1071 - val_kl_loss: 1.8783
Epoch 151/8000

Epoch 00151: val_loss improved from 15.10298 to 15.10245, saving model to ../../model_weights/model_2020-11-23_18-25-42.h5
 - 384s - loss: 13.6784 - kl_loss: 1.9489 - val_loss: 15.1024 - val_kl_loss: 1.8713
Epoch 152/8000

Epoch 00152: val_loss did not improve from 15.10245
 - 385s - loss: 13.6770 - kl_loss: 1.9430 - val_loss: 15.1042 - val_kl_loss: 1.8773
Epoch 153/8000

Epoch 00153: val_loss did not improve from 15.10245
 - 381s - loss: 13.6761 - kl_loss: 1.9484 - val_loss: 15.1071 - val_kl_loss: 1.8748
Epoch 154/8000

Epoch 00154: val_loss did not improve from 15.10245
 - 382s - loss: 13.6768 - kl_loss: 1.9489 - val_loss: 15.1060 - val_kl_loss: 1.8775
Epoch 155/8000

Epoch 00155: val_loss did not improve from 15.10245
 - 387s - loss: 13.6769 - kl_loss: 1.9528 - val_loss: 15.1082 - val_kl_loss: 1.8764
Epoch 156/8000

Epoch 00156: val_loss improved from 15.10245 to 15.09746, saving model to ../../model_weights/model_2020-11-23_18-25-42.h5
 - 383s - loss: 13.6761 - kl_loss: 1.9468 - val_loss: 15.0975 - val_kl_loss: 1.8741
Epoch 157/8000

Epoch 00157: val_loss did not improve from 15.09746
 - 384s - loss: 13.6751 - kl_loss: 1.9504 - val_loss: 15.1020 - val_kl_loss: 1.8774
Epoch 158/8000

Epoch 00158: val_loss did not improve from 15.09746
 - 384s - loss: 13.6754 - kl_loss: 1.9470 - val_loss: 15.1067 - val_kl_loss: 1.8764
Epoch 159/8000

Epoch 00159: val_loss did not improve from 15.09746
 - 383s - loss: 13.6727 - kl_loss: 1.9487 - val_loss: 15.1058 - val_kl_loss: 1.8821
Epoch 160/8000

Epoch 00160: val_loss did not improve from 15.09746
 - 383s - loss: 13.6750 - kl_loss: 1.9463 - val_loss: 15.1037 - val_kl_loss: 1.8724
Epoch 161/8000

Epoch 00161: val_loss did not improve from 15.09746
 - 382s - loss: 13.6733 - kl_loss: 1.9481 - val_loss: 15.1040 - val_kl_loss: 1.8703
Epoch 162/8000

Epoch 00162: val_loss did not improve from 15.09746
 - 387s - loss: 13.6724 - kl_loss: 1.9425 - val_loss: 15.1049 - val_kl_loss: 1.8757
Epoch 163/8000

Epoch 00163: val_loss did not improve from 15.09746
 - 384s - loss: 13.6730 - kl_loss: 1.9484 - val_loss: 15.1056 - val_kl_loss: 1.8749
Epoch 164/8000

Epoch 00164: val_loss did not improve from 15.09746
 - 383s - loss: 13.6701 - kl_loss: 1.9466 - val_loss: 15.1081 - val_kl_loss: 1.8753
Epoch 165/8000

Epoch 00165: val_loss did not improve from 15.09746
 - 384s - loss: 13.6722 - kl_loss: 1.9487 - val_loss: 15.1045 - val_kl_loss: 1.8818
Epoch 166/8000

Epoch 00166: val_loss did not improve from 15.09746
 - 384s - loss: 13.6727 - kl_loss: 1.9536 - val_loss: 15.1054 - val_kl_loss: 1.8795
Epoch 167/8000

Epoch 00167: val_loss did not improve from 15.09746
 - 380s - loss: 13.6712 - kl_loss: 1.9485 - val_loss: 15.1049 - val_kl_loss: 1.8782
Epoch 168/8000

Epoch 00168: val_loss did not improve from 15.09746
 - 382s - loss: 13.6707 - kl_loss: 1.9481 - val_loss: 15.1115 - val_kl_loss: 1.8859
Epoch 169/8000

Epoch 00169: val_loss did not improve from 15.09746
 - 388s - loss: 13.6679 - kl_loss: 1.9489 - val_loss: 15.0995 - val_kl_loss: 1.8789
Epoch 170/8000

Epoch 00170: val_loss did not improve from 15.09746
 - 383s - loss: 13.6698 - kl_loss: 1.9505 - val_loss: 15.1033 - val_kl_loss: 1.8806
Epoch 171/8000

Epoch 00171: val_loss did not improve from 15.09746
 - 384s - loss: 13.6675 - kl_loss: 1.9491 - val_loss: 15.1072 - val_kl_loss: 1.8763
Epoch 172/8000

Epoch 00172: val_loss did not improve from 15.09746
 - 385s - loss: 13.6667 - kl_loss: 1.9477 - val_loss: 15.1047 - val_kl_loss: 1.8861
Epoch 173/8000

Epoch 00173: val_loss did not improve from 15.09746
 - 384s - loss: 13.6678 - kl_loss: 1.9545 - val_loss: 15.1008 - val_kl_loss: 1.8821
Epoch 174/8000

Epoch 00174: val_loss did not improve from 15.09746
 - 383s - loss: 13.6641 - kl_loss: 1.9477 - val_loss: 15.1012 - val_kl_loss: 1.8766
Epoch 175/8000

Epoch 00175: val_loss did not improve from 15.09746
 - 382s - loss: 13.6668 - kl_loss: 1.9454 - val_loss: 15.1015 - val_kl_loss: 1.8691
Epoch 176/8000

Epoch 00176: val_loss did not improve from 15.09746
 - 386s - loss: 13.6656 - kl_loss: 1.9424 - val_loss: 15.1004 - val_kl_loss: 1.8719
Epoch 177/8000

Epoch 00177: val_loss did not improve from 15.09746
 - 384s - loss: 13.6663 - kl_loss: 1.9451 - val_loss: 15.0994 - val_kl_loss: 1.8734
Epoch 178/8000

Epoch 00178: val_loss improved from 15.09746 to 15.09408, saving model to ../../model_weights/model_2020-11-23_18-25-42.h5
 - 384s - loss: 13.6656 - kl_loss: 1.9490 - val_loss: 15.0941 - val_kl_loss: 1.8771
Epoch 179/8000

Epoch 00179: val_loss did not improve from 15.09408
 - 384s - loss: 13.6671 - kl_loss: 1.9427 - val_loss: 15.1055 - val_kl_loss: 1.8767
Epoch 180/8000

Epoch 00180: val_loss did not improve from 15.09408
 - 385s - loss: 13.6633 - kl_loss: 1.9512 - val_loss: 15.0964 - val_kl_loss: 1.8845
Epoch 181/8000

Epoch 00181: val_loss did not improve from 15.09408
 - 381s - loss: 13.6631 - kl_loss: 1.9497 - val_loss: 15.0950 - val_kl_loss: 1.8766
Epoch 182/8000

Epoch 00182: val_loss did not improve from 15.09408
 - 383s - loss: 13.6619 - kl_loss: 1.9514 - val_loss: 15.0964 - val_kl_loss: 1.8815
Epoch 183/8000

Epoch 00183: val_loss did not improve from 15.09408
 - 387s - loss: 13.6638 - kl_loss: 1.9490 - val_loss: 15.0975 - val_kl_loss: 1.8793
Epoch 184/8000

Epoch 00184: val_loss did not improve from 15.09408
 - 383s - loss: 13.6631 - kl_loss: 1.9518 - val_loss: 15.0958 - val_kl_loss: 1.8779
Epoch 185/8000

Epoch 00185: val_loss improved from 15.09408 to 15.09313, saving model to ../../model_weights/model_2020-11-23_18-25-42.h5
 - 385s - loss: 13.6596 - kl_loss: 1.9511 - val_loss: 15.0931 - val_kl_loss: 1.8840
Epoch 186/8000

Epoch 00186: val_loss did not improve from 15.09313
 - 384s - loss: 13.6596 - kl_loss: 1.9474 - val_loss: 15.0987 - val_kl_loss: 1.8737
Epoch 187/8000

Epoch 00187: val_loss did not improve from 15.09313
 - 383s - loss: 13.6608 - kl_loss: 1.9507 - val_loss: 15.0989 - val_kl_loss: 1.8760
Epoch 188/8000

Epoch 00188: val_loss did not improve from 15.09313
 - 382s - loss: 13.6625 - kl_loss: 1.9519 - val_loss: 15.0938 - val_kl_loss: 1.8828
Epoch 189/8000

Epoch 00189: val_loss did not improve from 15.09313
 - 383s - loss: 13.6603 - kl_loss: 1.9510 - val_loss: 15.0948 - val_kl_loss: 1.8782
Epoch 190/8000

Epoch 00190: val_loss did not improve from 15.09313
 - 386s - loss: 13.6586 - kl_loss: 1.9424 - val_loss: 15.0961 - val_kl_loss: 1.8698
Epoch 191/8000

Epoch 00191: val_loss did not improve from 15.09313
 - 384s - loss: 13.6583 - kl_loss: 1.9465 - val_loss: 15.0937 - val_kl_loss: 1.8784
Epoch 192/8000

Epoch 00192: val_loss did not improve from 15.09313
 - 384s - loss: 13.6602 - kl_loss: 1.9568 - val_loss: 15.0967 - val_kl_loss: 1.8841
Epoch 193/8000

Epoch 00193: val_loss did not improve from 15.09313
 - 383s - loss: 13.6598 - kl_loss: 1.9527 - val_loss: 15.0997 - val_kl_loss: 1.8851
Epoch 194/8000

Epoch 00194: val_loss did not improve from 15.09313
 - 385s - loss: 13.6576 - kl_loss: 1.9497 - val_loss: 15.1042 - val_kl_loss: 1.8825
Epoch 195/8000

Epoch 00195: val_loss did not improve from 15.09313
 - 382s - loss: 13.6567 - kl_loss: 1.9540 - val_loss: 15.1041 - val_kl_loss: 1.8735
Epoch 196/8000

Epoch 00196: val_loss did not improve from 15.09313
 - 382s - loss: 13.6582 - kl_loss: 1.9464 - val_loss: 15.0946 - val_kl_loss: 1.8766
Epoch 197/8000

Epoch 00197: val_loss did not improve from 15.09313
 - 388s - loss: 13.6574 - kl_loss: 1.9533 - val_loss: 15.0987 - val_kl_loss: 1.8765
Epoch 198/8000

Epoch 00198: val_loss did not improve from 15.09313
 - 383s - loss: 13.6588 - kl_loss: 1.9470 - val_loss: 15.1020 - val_kl_loss: 1.8746
Epoch 199/8000

Epoch 00199: val_loss did not improve from 15.09313
 - 384s - loss: 13.6574 - kl_loss: 1.9518 - val_loss: 15.0953 - val_kl_loss: 1.8808
Epoch 200/8000

Epoch 00200: val_loss did not improve from 15.09313
 - 384s - loss: 13.6557 - kl_loss: 1.9507 - val_loss: 15.0966 - val_kl_loss: 1.8754
Epoch 201/8000

Epoch 00201: val_loss did not improve from 15.09313
 - 383s - loss: 13.6546 - kl_loss: 1.9495 - val_loss: 15.0980 - val_kl_loss: 1.8815
Epoch 202/8000

Epoch 00202: val_loss did not improve from 15.09313
 - 383s - loss: 13.6508 - kl_loss: 1.9447 - val_loss: 15.0946 - val_kl_loss: 1.8674
Epoch 203/8000

Epoch 00203: val_loss improved from 15.09313 to 15.09182, saving model to ../../model_weights/model_2020-11-23_18-25-42.h5
 - 382s - loss: 13.6519 - kl_loss: 1.9439 - val_loss: 15.0918 - val_kl_loss: 1.8728
Epoch 204/8000

Epoch 00204: val_loss improved from 15.09182 to 15.09023, saving model to ../../model_weights/model_2020-11-23_18-25-42.h5
 - 387s - loss: 13.6529 - kl_loss: 1.9519 - val_loss: 15.0902 - val_kl_loss: 1.8816
Epoch 205/8000

Epoch 00205: val_loss did not improve from 15.09023
 - 385s - loss: 13.6511 - kl_loss: 1.9502 - val_loss: 15.0993 - val_kl_loss: 1.8764
Epoch 206/8000

Epoch 00206: val_loss did not improve from 15.09023
 - 383s - loss: 13.6519 - kl_loss: 1.9486 - val_loss: 15.0999 - val_kl_loss: 1.8787
Epoch 207/8000

Epoch 00207: val_loss did not improve from 15.09023
 - 383s - loss: 13.6522 - kl_loss: 1.9473 - val_loss: 15.0929 - val_kl_loss: 1.8800
Epoch 208/8000

Epoch 00208: val_loss did not improve from 15.09023
 - 385s - loss: 13.6490 - kl_loss: 1.9520 - val_loss: 15.0907 - val_kl_loss: 1.8760
Epoch 209/8000

Epoch 00209: val_loss did not improve from 15.09023
 - 383s - loss: 13.6479 - kl_loss: 1.9491 - val_loss: 15.0983 - val_kl_loss: 1.8782
Epoch 210/8000

Epoch 00210: val_loss did not improve from 15.09023
 - 381s - loss: 13.6491 - kl_loss: 1.9498 - val_loss: 15.0982 - val_kl_loss: 1.8784
Epoch 211/8000

Epoch 00211: val_loss did not improve from 15.09023
 - 388s - loss: 13.6464 - kl_loss: 1.9496 - val_loss: 15.0928 - val_kl_loss: 1.8781
Epoch 212/8000

Epoch 00212: val_loss did not improve from 15.09023
 - 385s - loss: 13.6474 - kl_loss: 1.9475 - val_loss: 15.0979 - val_kl_loss: 1.8760
Epoch 213/8000

Epoch 00213: val_loss did not improve from 15.09023
 - 383s - loss: 13.6465 - kl_loss: 1.9495 - val_loss: 15.0920 - val_kl_loss: 1.8804
Epoch 214/8000

Epoch 00214: val_loss did not improve from 15.09023
 - 385s - loss: 13.6480 - kl_loss: 1.9475 - val_loss: 15.0952 - val_kl_loss: 1.8785
Epoch 215/8000

Epoch 00215: val_loss did not improve from 15.09023
 - 384s - loss: 13.6446 - kl_loss: 1.9459 - val_loss: 15.0980 - val_kl_loss: 1.8780
Epoch 216/8000

Epoch 00216: val_loss improved from 15.09023 to 15.08919, saving model to ../../model_weights/model_2020-11-23_18-25-42.h5
 - 382s - loss: 13.6438 - kl_loss: 1.9477 - val_loss: 15.0892 - val_kl_loss: 1.8789
Epoch 217/8000

Epoch 00217: val_loss did not improve from 15.08919
 - 383s - loss: 13.6449 - kl_loss: 1.9497 - val_loss: 15.0922 - val_kl_loss: 1.8738
Epoch 218/8000

Epoch 00218: val_loss did not improve from 15.08919
 - 386s - loss: 13.6468 - kl_loss: 1.9471 - val_loss: 15.0916 - val_kl_loss: 1.8717
Epoch 219/8000

Epoch 00219: val_loss did not improve from 15.08919
 - 384s - loss: 13.6443 - kl_loss: 1.9481 - val_loss: 15.0893 - val_kl_loss: 1.8788
