2019-12-18 11:48:00.258779: I tensorflow/core/platform/cpu_feature_guard.cc:141] Your CPU supports instructions that this TensorFlow binary was not compiled to use: SSE4.1 SSE4.2 AVX
2019-12-18 11:48:00.395498: I tensorflow/stream_executor/cuda/cuda_gpu_executor.cc:897] successful NUMA node read from SysFS had negative value (-1), but there must be at least one NUMA node, so returning NUMA node zero
2019-12-18 11:48:00.396650: I tensorflow/core/common_runtime/gpu/gpu_device.cc:1405] Found device 0 with properties: 
name: TITAN Xp major: 6 minor: 1 memoryClockRate(GHz): 1.582
pciBusID: 0000:01:00.0
totalMemory: 11.91GiB freeMemory: 11.73GiB
2019-12-18 11:48:00.396668: I tensorflow/core/common_runtime/gpu/gpu_device.cc:1484] Adding visible gpu devices: 0
2019-12-18 11:48:00.631368: I tensorflow/core/common_runtime/gpu/gpu_device.cc:965] Device interconnect StreamExecutor with strength 1 edge matrix:
2019-12-18 11:48:00.631411: I tensorflow/core/common_runtime/gpu/gpu_device.cc:971]      0 
2019-12-18 11:48:00.631420: I tensorflow/core/common_runtime/gpu/gpu_device.cc:984] 0:   N 
2019-12-18 11:48:00.631703: I tensorflow/core/common_runtime/gpu/gpu_device.cc:1097] Created TensorFlow device (/job:localhost/replica:0/task:0/device:GPU:0 with 11348 MB memory) -> physical GPU (device: 0, name: TITAN Xp, pci bus id: 0000:01:00.0, compute capability: 6.1)
2019-12-18 11:48:00.942229: I tensorflow/core/kernels/cuda_solvers.cc:159] Creating CudaSolver handles for stream 0x55bfa5ca8ba0
Train on 32962 samples, validate on 1735 samples
Epoch 1/250
 - 63s - loss: 0.0864 - val_loss: 0.0939

Epoch 00001: val_loss improved from inf to 0.09390, saving model to lstm_autoencoder_2019-12-18_11-48-01.h5
Epoch 2/250
 - 61s - loss: 0.0823 - val_loss: 0.0922

Epoch 00002: val_loss improved from 0.09390 to 0.09220, saving model to lstm_autoencoder_2019-12-18_11-48-01.h5
Epoch 3/250
 - 61s - loss: 0.0815 - val_loss: 0.0914

Epoch 00003: val_loss improved from 0.09220 to 0.09136, saving model to lstm_autoencoder_2019-12-18_11-48-01.h5
Epoch 4/250
 - 61s - loss: 0.0813 - val_loss: 0.0916

Epoch 00004: val_loss did not improve from 0.09136
Epoch 5/250
 - 61s - loss: 0.0822 - val_loss: 0.0938

Epoch 00005: val_loss did not improve from 0.09136
Epoch 6/250
 - 61s - loss: 0.0870 - val_loss: 0.0928

Epoch 00006: val_loss did not improve from 0.09136
Epoch 7/250
 - 61s - loss: 0.0831 - val_loss: 0.0920

Epoch 00007: val_loss did not improve from 0.09136
Epoch 8/250
 - 61s - loss: 0.0848 - val_loss: 0.0919

Epoch 00008: val_loss did not improve from 0.09136
Epoch 9/250
 - 61s - loss: 0.0850 - val_loss: 0.0970

Epoch 00009: val_loss did not improve from 0.09136
Epoch 10/250
 - 61s - loss: 0.0842 - val_loss: 0.0921

Epoch 00010: val_loss did not improve from 0.09136
Epoch 11/250
 - 61s - loss: 0.0806 - val_loss: 0.0923

Epoch 00011: val_loss did not improve from 0.09136
Epoch 12/250
 - 61s - loss: 0.0798 - val_loss: 0.0945

Epoch 00012: val_loss did not improve from 0.09136
Epoch 13/250
 - 61s - loss: 0.0815 - val_loss: 0.0948

Epoch 00013: val_loss did not improve from 0.09136
Epoch 14/250
 - 61s - loss: 0.0799 - val_loss: 0.0912

Epoch 00014: val_loss improved from 0.09136 to 0.09115, saving model to lstm_autoencoder_2019-12-18_11-48-01.h5
Epoch 15/250
 - 61s - loss: 0.0858 - val_loss: 0.0948

Epoch 00015: val_loss did not improve from 0.09115
Epoch 16/250
 - 61s - loss: 0.0828 - val_loss: 0.0951

Epoch 00016: val_loss did not improve from 0.09115
Epoch 17/250
 - 61s - loss: 0.0833 - val_loss: 0.0926

Epoch 00017: val_loss did not improve from 0.09115
Epoch 18/250
 - 61s - loss: 0.0857 - val_loss: 0.0914

Epoch 00018: val_loss did not improve from 0.09115
Epoch 19/250
 - 61s - loss: 0.0808 - val_loss: 0.0907

Epoch 00019: val_loss improved from 0.09115 to 0.09066, saving model to lstm_autoencoder_2019-12-18_11-48-01.h5
Epoch 20/250
 - 61s - loss: 0.0801 - val_loss: 0.0911

Epoch 00020: val_loss did not improve from 0.09066
Epoch 21/250
 - 61s - loss: 0.0850 - val_loss: 0.0991

Epoch 00021: val_loss did not improve from 0.09066
Epoch 22/250
 - 61s - loss: 0.0819 - val_loss: 0.0908

Epoch 00022: val_loss did not improve from 0.09066
Epoch 23/250
 - 61s - loss: 0.0797 - val_loss: 0.0907

Epoch 00023: val_loss did not improve from 0.09066
Epoch 24/250
 - 61s - loss: 0.0822 - val_loss: 0.0907

Epoch 00024: val_loss did not improve from 0.09066
Epoch 25/250
 - 61s - loss: 0.0797 - val_loss: 0.0907

Epoch 00025: val_loss did not improve from 0.09066
Epoch 26/250
 - 61s - loss: 0.0808 - val_loss: 0.0925

Epoch 00026: val_loss did not improve from 0.09066
Epoch 27/250
 - 61s - loss: 0.0807 - val_loss: 0.0925

Epoch 00027: val_loss did not improve from 0.09066
Epoch 28/250
 - 61s - loss: 0.0840 - val_loss: 0.0943

Epoch 00028: val_loss did not improve from 0.09066
Epoch 29/250
 - 61s - loss: 0.0815 - val_loss: 0.0916

Epoch 00029: val_loss did not improve from 0.09066
Epoch 30/250
 - 61s - loss: 0.0801 - val_loss: 0.0930

Epoch 00030: val_loss did not improve from 0.09066
Epoch 31/250
 - 61s - loss: 0.0796 - val_loss: 0.0912

Epoch 00031: val_loss did not improve from 0.09066
Epoch 32/250
 - 61s - loss: 0.0796 - val_loss: 0.0906

Epoch 00032: val_loss improved from 0.09066 to 0.09064, saving model to lstm_autoencoder_2019-12-18_11-48-01.h5
Epoch 33/250
 - 61s - loss: 0.0792 - val_loss: 0.0914

Epoch 00033: val_loss did not improve from 0.09064
Epoch 34/250
 - 61s - loss: 0.0799 - val_loss: 0.0982

Epoch 00034: val_loss did not improve from 0.09064
Epoch 35/250
 - 61s - loss: 0.0808 - val_loss: 0.0902

Epoch 00035: val_loss improved from 0.09064 to 0.09016, saving model to lstm_autoencoder_2019-12-18_11-48-01.h5
Epoch 36/250
 - 61s - loss: 0.0804 - val_loss: 0.0920

Epoch 00036: val_loss did not improve from 0.09016
Epoch 37/250
 - 61s - loss: 0.0802 - val_loss: 0.0912

Epoch 00037: val_loss did not improve from 0.09016
Epoch 38/250
 - 61s - loss: 0.0794 - val_loss: 0.0947

Epoch 00038: val_loss did not improve from 0.09016
Epoch 39/250
 - 61s - loss: 0.0793 - val_loss: 0.0904

Epoch 00039: val_loss did not improve from 0.09016
Epoch 40/250
 - 61s - loss: 0.0784 - val_loss: 0.0903

Epoch 00040: val_loss did not improve from 0.09016
Epoch 41/250
 - 61s - loss: 0.0783 - val_loss: 0.0925

Epoch 00041: val_loss did not improve from 0.09016
Epoch 42/250
 - 61s - loss: 0.0799 - val_loss: 0.0899

Epoch 00042: val_loss improved from 0.09016 to 0.08992, saving model to lstm_autoencoder_2019-12-18_11-48-01.h5
Epoch 43/250
 - 61s - loss: 0.0789 - val_loss: 0.0900

Epoch 00043: val_loss did not improve from 0.08992
Epoch 44/250
 - 61s - loss: 0.0791 - val_loss: 0.0905

Epoch 00044: val_loss did not improve from 0.08992
Epoch 45/250
 - 61s - loss: 0.0779 - val_loss: 0.0908

Epoch 00045: val_loss did not improve from 0.08992
Epoch 46/250
 - 61s - loss: 0.0797 - val_loss: 0.0955

Epoch 00046: val_loss did not improve from 0.08992
Epoch 47/250
 - 61s - loss: 0.0780 - val_loss: 0.0922

Epoch 00047: val_loss did not improve from 0.08992
Epoch 48/250
 - 61s - loss: 0.0782 - val_loss: 0.0901

Epoch 00048: val_loss did not improve from 0.08992
Epoch 49/250
 - 61s - loss: 0.0779 - val_loss: 0.0900

Epoch 00049: val_loss did not improve from 0.08992
Epoch 50/250
 - 61s - loss: 0.0783 - val_loss: 0.0894

Epoch 00050: val_loss improved from 0.08992 to 0.08942, saving model to lstm_autoencoder_2019-12-18_11-48-01.h5
Epoch 51/250
 - 61s - loss: 0.0801 - val_loss: 0.0923

Epoch 00051: val_loss did not improve from 0.08942
Epoch 52/250
 - 61s - loss: 0.0790 - val_loss: 0.0940

Epoch 00052: val_loss did not improve from 0.08942
Epoch 53/250
 - 61s - loss: 0.0781 - val_loss: 0.0903

Epoch 00053: val_loss did not improve from 0.08942
Epoch 54/250
 - 61s - loss: 0.0767 - val_loss: 0.0897

Epoch 00054: val_loss did not improve from 0.08942
Epoch 55/250
 - 61s - loss: 0.0771 - val_loss: 0.0949

Epoch 00055: val_loss did not improve from 0.08942
Epoch 56/250
 - 61s - loss: 0.0801 - val_loss: 0.0958

Epoch 00056: val_loss did not improve from 0.08942
Epoch 57/250
 - 61s - loss: 0.0780 - val_loss: 0.0916

Epoch 00057: val_loss did not improve from 0.08942
Epoch 58/250
 - 61s - loss: 0.0774 - val_loss: 0.0896

Epoch 00058: val_loss did not improve from 0.08942
Epoch 59/250
 - 61s - loss: 0.0779 - val_loss: 0.0902

Epoch 00059: val_loss did not improve from 0.08942
Epoch 60/250
 - 61s - loss: 0.0794 - val_loss: 0.0933

Epoch 00060: val_loss did not improve from 0.08942
Epoch 61/250
 - 61s - loss: 0.0790 - val_loss: 0.0929

Epoch 00061: val_loss did not improve from 0.08942
Epoch 62/250
 - 61s - loss: 0.0768 - val_loss: 0.0899

Epoch 00062: val_loss did not improve from 0.08942
Epoch 63/250
 - 61s - loss: 0.0778 - val_loss: 0.0902

Epoch 00063: val_loss did not improve from 0.08942
Epoch 64/250
 - 61s - loss: 0.0776 - val_loss: 0.0942

Epoch 00064: val_loss did not improve from 0.08942
Epoch 65/250
 - 61s - loss: 0.0783 - val_loss: 0.0913

Epoch 00065: val_loss did not improve from 0.08942
Epoch 00065: early stopping
