2020-04-27 15:19:49.508489: I tensorflow/core/platform/cpu_feature_guard.cc:141] Your CPU supports instructions that this TensorFlow binary was not compiled to use: SSE4.1 SSE4.2 AVX
2020-04-27 15:19:49.813905: I tensorflow/stream_executor/cuda/cuda_gpu_executor.cc:897] successful NUMA node read from SysFS had negative value (-1), but there must be at least one NUMA node, so returning NUMA node zero
2020-04-27 15:19:49.814446: I tensorflow/core/common_runtime/gpu/gpu_device.cc:1405] Found device 0 with properties: 
name: TITAN Xp major: 6 minor: 1 memoryClockRate(GHz): 1.582
pciBusID: 0000:01:00.0
totalMemory: 11.91GiB freeMemory: 11.75GiB
2020-04-27 15:19:49.814463: I tensorflow/core/common_runtime/gpu/gpu_device.cc:1484] Adding visible gpu devices: 0
2020-04-27 15:19:50.084659: I tensorflow/core/common_runtime/gpu/gpu_device.cc:965] Device interconnect StreamExecutor with strength 1 edge matrix:
2020-04-27 15:19:50.084703: I tensorflow/core/common_runtime/gpu/gpu_device.cc:971]      0 
2020-04-27 15:19:50.084712: I tensorflow/core/common_runtime/gpu/gpu_device.cc:984] 0:   N 
2020-04-27 15:19:50.098131: I tensorflow/core/common_runtime/gpu/gpu_device.cc:1097] Created TensorFlow device (/job:localhost/replica:0/task:0/device:GPU:0 with 11366 MB memory) -> physical GPU (device: 0, name: TITAN Xp, pci bus id: 0000:01:00.0, compute capability: 6.1)
2020-04-27 15:19:50.396091: I tensorflow/core/kernels/cuda_solvers.cc:159] Creating CudaSolver handles for stream 0x558c5b89d430
Train on 444791 samples, validate on 23411 samples
Epoch 1/8000
 - 11s - loss: 0.3644 - val_loss: 0.0759

Epoch 00001: val_loss improved from inf to 0.07591, saving model to ../../model_weights/model_2020-04-27_15-19-48.h5
Epoch 2/8000
 - 8s - loss: 0.0531 - val_loss: 0.0430

Epoch 00002: val_loss improved from 0.07591 to 0.04295, saving model to ../../model_weights/model_2020-04-27_15-19-48.h5
Epoch 3/8000
 - 8s - loss: 0.0341 - val_loss: 0.0260

Epoch 00003: val_loss improved from 0.04295 to 0.02599, saving model to ../../model_weights/model_2020-04-27_15-19-48.h5
Epoch 4/8000
 - 9s - loss: 0.0292 - val_loss: 0.0233

Epoch 00004: val_loss improved from 0.02599 to 0.02329, saving model to ../../model_weights/model_2020-04-27_15-19-48.h5
Epoch 5/8000
 - 9s - loss: 0.0231 - val_loss: 0.0197

Epoch 00005: val_loss improved from 0.02329 to 0.01967, saving model to ../../model_weights/model_2020-04-27_15-19-48.h5
Epoch 6/8000
 - 9s - loss: 0.0218 - val_loss: 0.0206

Epoch 00006: val_loss did not improve from 0.01967
Epoch 7/8000
 - 9s - loss: 0.0203 - val_loss: 0.0198

Epoch 00007: val_loss did not improve from 0.01967
Epoch 8/8000
 - 9s - loss: 0.2513 - val_loss: 0.0561

Epoch 00008: val_loss did not improve from 0.01967
Epoch 9/8000
 - 9s - loss: 0.0297 - val_loss: 0.0175

Epoch 00009: val_loss improved from 0.01967 to 0.01752, saving model to ../../model_weights/model_2020-04-27_15-19-48.h5
Epoch 10/8000
 - 9s - loss: 0.0167 - val_loss: 0.0150

Epoch 00010: val_loss improved from 0.01752 to 0.01502, saving model to ../../model_weights/model_2020-04-27_15-19-48.h5
Epoch 11/8000
 - 9s - loss: 0.0154 - val_loss: 0.0142

Epoch 00011: val_loss improved from 0.01502 to 0.01422, saving model to ../../model_weights/model_2020-04-27_15-19-48.h5
Epoch 12/8000
 - 9s - loss: 0.0147 - val_loss: 0.0130

Epoch 00012: val_loss improved from 0.01422 to 0.01305, saving model to ../../model_weights/model_2020-04-27_15-19-48.h5
Epoch 13/8000
 - 9s - loss: 0.0142 - val_loss: 0.0154

Epoch 00013: val_loss did not improve from 0.01305
Epoch 14/8000
 - 9s - loss: 0.0132 - val_loss: 0.0122

Epoch 00014: val_loss improved from 0.01305 to 0.01224, saving model to ../../model_weights/model_2020-04-27_15-19-48.h5
Epoch 15/8000
 - 9s - loss: 0.0126 - val_loss: 0.0118

Epoch 00015: val_loss improved from 0.01224 to 0.01181, saving model to ../../model_weights/model_2020-04-27_15-19-48.h5
Epoch 16/8000
 - 9s - loss: 0.0139 - val_loss: 0.0114

Epoch 00016: val_loss improved from 0.01181 to 0.01137, saving model to ../../model_weights/model_2020-04-27_15-19-48.h5
Epoch 17/8000
 - 9s - loss: 0.0116 - val_loss: 0.0118

Epoch 00017: val_loss did not improve from 0.01137
Epoch 18/8000
 - 9s - loss: 0.0110 - val_loss: 0.0102

Epoch 00018: val_loss improved from 0.01137 to 0.01015, saving model to ../../model_weights/model_2020-04-27_15-19-48.h5
Epoch 19/8000
 - 9s - loss: 0.0090 - val_loss: 0.0097

Epoch 00019: val_loss improved from 0.01015 to 0.00972, saving model to ../../model_weights/model_2020-04-27_15-19-48.h5
Epoch 20/8000
 - 9s - loss: 0.0078 - val_loss: 0.0069

Epoch 00020: val_loss improved from 0.00972 to 0.00691, saving model to ../../model_weights/model_2020-04-27_15-19-48.h5
Epoch 21/8000
 - 9s - loss: 0.0074 - val_loss: 0.0070

Epoch 00021: val_loss did not improve from 0.00691
Epoch 22/8000
 - 9s - loss: 0.0066 - val_loss: 0.0076

Epoch 00022: val_loss did not improve from 0.00691
Epoch 23/8000
 - 9s - loss: 0.0067 - val_loss: 0.0086

Epoch 00023: val_loss did not improve from 0.00691
Epoch 24/8000
 - 9s - loss: 0.0060 - val_loss: 0.0052

Epoch 00024: val_loss improved from 0.00691 to 0.00523, saving model to ../../model_weights/model_2020-04-27_15-19-48.h5
Epoch 25/8000
 - 9s - loss: 0.0056 - val_loss: 0.0049

Epoch 00025: val_loss improved from 0.00523 to 0.00494, saving model to ../../model_weights/model_2020-04-27_15-19-48.h5
Epoch 26/8000
 - 9s - loss: 0.0053 - val_loss: 0.0041

Epoch 00026: val_loss improved from 0.00494 to 0.00414, saving model to ../../model_weights/model_2020-04-27_15-19-48.h5
Epoch 27/8000
 - 9s - loss: 0.0052 - val_loss: 0.0041

Epoch 00027: val_loss improved from 0.00414 to 0.00412, saving model to ../../model_weights/model_2020-04-27_15-19-48.h5
Epoch 28/8000
 - 9s - loss: 0.0043 - val_loss: 0.0038

Epoch 00028: val_loss improved from 0.00412 to 0.00384, saving model to ../../model_weights/model_2020-04-27_15-19-48.h5
Epoch 29/8000
 - 9s - loss: 0.0043 - val_loss: 0.0036

Epoch 00029: val_loss improved from 0.00384 to 0.00361, saving model to ../../model_weights/model_2020-04-27_15-19-48.h5
Epoch 30/8000
 - 9s - loss: 0.0042 - val_loss: 0.0038

Epoch 00030: val_loss did not improve from 0.00361
Epoch 31/8000
 - 9s - loss: 0.0038 - val_loss: 0.0037

Epoch 00031: val_loss did not improve from 0.00361
Epoch 32/8000
 - 9s - loss: 0.0038 - val_loss: 0.0038

Epoch 00032: val_loss did not improve from 0.00361
Epoch 33/8000
 - 9s - loss: 0.0037 - val_loss: 0.0046

Epoch 00033: val_loss did not improve from 0.00361
Epoch 34/8000
 - 9s - loss: 0.0037 - val_loss: 0.0037

Epoch 00034: val_loss did not improve from 0.00361
Epoch 35/8000
 - 9s - loss: 0.0035 - val_loss: 0.0036

Epoch 00035: val_loss improved from 0.00361 to 0.00359, saving model to ../../model_weights/model_2020-04-27_15-19-48.h5
Epoch 36/8000
 - 9s - loss: 0.0515 - val_loss: 0.1143

Epoch 00036: val_loss did not improve from 0.00359
Epoch 37/8000
 - 9s - loss: 0.0277 - val_loss: 0.0132

Epoch 00037: val_loss did not improve from 0.00359
Epoch 38/8000
 - 9s - loss: 0.0096 - val_loss: 0.0076

Epoch 00038: val_loss did not improve from 0.00359
Epoch 39/8000
 - 9s - loss: 0.0070 - val_loss: 0.0060

Epoch 00039: val_loss did not improve from 0.00359
Epoch 40/8000
 - 9s - loss: 0.0059 - val_loss: 0.0069

Epoch 00040: val_loss did not improve from 0.00359
Epoch 41/8000
 - 9s - loss: 0.0051 - val_loss: 0.0073

Epoch 00041: val_loss did not improve from 0.00359
Epoch 42/8000
 - 9s - loss: 0.0043 - val_loss: 0.0036

Epoch 00042: val_loss did not improve from 0.00359
Epoch 43/8000
 - 9s - loss: 0.0038 - val_loss: 0.0045

Epoch 00043: val_loss did not improve from 0.00359
Epoch 44/8000
 - 9s - loss: 0.0035 - val_loss: 0.0034

Epoch 00044: val_loss improved from 0.00359 to 0.00345, saving model to ../../model_weights/model_2020-04-27_15-19-48.h5
Epoch 45/8000
 - 9s - loss: 0.0038 - val_loss: 0.0033

Epoch 00045: val_loss improved from 0.00345 to 0.00331, saving model to ../../model_weights/model_2020-04-27_15-19-48.h5
Epoch 46/8000
 - 9s - loss: 0.0033 - val_loss: 0.0030

Epoch 00046: val_loss improved from 0.00331 to 0.00298, saving model to ../../model_weights/model_2020-04-27_15-19-48.h5
Epoch 47/8000
 - 9s - loss: 0.0034 - val_loss: 0.0029

Epoch 00047: val_loss improved from 0.00298 to 0.00294, saving model to ../../model_weights/model_2020-04-27_15-19-48.h5
Epoch 48/8000
 - 9s - loss: 0.0032 - val_loss: 0.0031

Epoch 00048: val_loss did not improve from 0.00294
Epoch 49/8000
 - 9s - loss: 0.0033 - val_loss: 0.0030

Epoch 00049: val_loss did not improve from 0.00294
Epoch 50/8000
 - 9s - loss: 0.0031 - val_loss: 0.0027

Epoch 00050: val_loss improved from 0.00294 to 0.00273, saving model to ../../model_weights/model_2020-04-27_15-19-48.h5
Epoch 51/8000
 - 9s - loss: 0.0031 - val_loss: 0.0027

Epoch 00051: val_loss improved from 0.00273 to 0.00265, saving model to ../../model_weights/model_2020-04-27_15-19-48.h5
Epoch 52/8000
 - 9s - loss: 0.0030 - val_loss: 0.0026

Epoch 00052: val_loss improved from 0.00265 to 0.00263, saving model to ../../model_weights/model_2020-04-27_15-19-48.h5
Epoch 53/8000
 - 9s - loss: 0.0030 - val_loss: 0.0026

Epoch 00053: val_loss did not improve from 0.00263
Epoch 54/8000
 - 9s - loss: 0.0029 - val_loss: 0.0034

Epoch 00054: val_loss did not improve from 0.00263
Epoch 55/8000
 - 9s - loss: 0.0028 - val_loss: 0.0025

Epoch 00055: val_loss improved from 0.00263 to 0.00252, saving model to ../../model_weights/model_2020-04-27_15-19-48.h5
Epoch 56/8000
 - 9s - loss: 0.0029 - val_loss: 0.0029

Epoch 00056: val_loss did not improve from 0.00252
Epoch 57/8000
 - 9s - loss: 0.0028 - val_loss: 0.0026

Epoch 00057: val_loss did not improve from 0.00252
Epoch 58/8000
 - 9s - loss: 0.0028 - val_loss: 0.0024

Epoch 00058: val_loss improved from 0.00252 to 0.00244, saving model to ../../model_weights/model_2020-04-27_15-19-48.h5
Epoch 59/8000
 - 9s - loss: 0.0027 - val_loss: 0.0030

Epoch 00059: val_loss did not improve from 0.00244
Epoch 60/8000
 - 9s - loss: 0.0027 - val_loss: 0.0026

Epoch 00060: val_loss did not improve from 0.00244
Epoch 61/8000
 - 9s - loss: 0.0027 - val_loss: 0.0025

Epoch 00061: val_loss did not improve from 0.00244
Epoch 62/8000
 - 9s - loss: 0.0027 - val_loss: 0.0023

Epoch 00062: val_loss improved from 0.00244 to 0.00226, saving model to ../../model_weights/model_2020-04-27_15-19-48.h5
Epoch 63/8000
 - 9s - loss: 0.0025 - val_loss: 0.0026

Epoch 00063: val_loss did not improve from 0.00226
Epoch 64/8000
 - 9s - loss: 0.0025 - val_loss: 0.0023

Epoch 00064: val_loss did not improve from 0.00226
Epoch 65/8000
 - 9s - loss: 0.0026 - val_loss: 0.0024

Epoch 00065: val_loss did not improve from 0.00226
Epoch 66/8000
 - 9s - loss: 0.0024 - val_loss: 0.0022

Epoch 00066: val_loss improved from 0.00226 to 0.00224, saving model to ../../model_weights/model_2020-04-27_15-19-48.h5
Epoch 67/8000
 - 9s - loss: 0.0024 - val_loss: 0.0023

Epoch 00067: val_loss did not improve from 0.00224
Epoch 68/8000
 - 9s - loss: 0.0024 - val_loss: 0.0021

Epoch 00068: val_loss improved from 0.00224 to 0.00207, saving model to ../../model_weights/model_2020-04-27_15-19-48.h5
Epoch 69/8000
 - 9s - loss: 0.0027 - val_loss: 0.0021

Epoch 00069: val_loss did not improve from 0.00207
Epoch 70/8000
 - 9s - loss: 0.0020 - val_loss: 0.0018

Epoch 00070: val_loss improved from 0.00207 to 0.00183, saving model to ../../model_weights/model_2020-04-27_15-19-48.h5
Epoch 71/8000
 - 9s - loss: 0.0020 - val_loss: 0.0017

Epoch 00071: val_loss improved from 0.00183 to 0.00174, saving model to ../../model_weights/model_2020-04-27_15-19-48.h5
Epoch 72/8000
 - 9s - loss: 0.0020 - val_loss: 0.0016

Epoch 00072: val_loss improved from 0.00174 to 0.00158, saving model to ../../model_weights/model_2020-04-27_15-19-48.h5
Epoch 73/8000
 - 9s - loss: 0.0018 - val_loss: 0.0022

Epoch 00073: val_loss did not improve from 0.00158
Epoch 74/8000
 - 9s - loss: 0.0016 - val_loss: 0.0016

Epoch 00074: val_loss improved from 0.00158 to 0.00158, saving model to ../../model_weights/model_2020-04-27_15-19-48.h5
Epoch 75/8000
 - 9s - loss: 0.0016 - val_loss: 0.0019

Epoch 00075: val_loss did not improve from 0.00158
Epoch 76/8000
 - 9s - loss: 0.0016 - val_loss: 0.0013

Epoch 00076: val_loss improved from 0.00158 to 0.00134, saving model to ../../model_weights/model_2020-04-27_15-19-48.h5
Epoch 77/8000
 - 9s - loss: 0.0015 - val_loss: 0.0029

Epoch 00077: val_loss did not improve from 0.00134
Epoch 78/8000
 - 9s - loss: 0.0015 - val_loss: 0.0013

Epoch 00078: val_loss improved from 0.00134 to 0.00133, saving model to ../../model_weights/model_2020-04-27_15-19-48.h5
Epoch 79/8000
 - 9s - loss: 0.0014 - val_loss: 0.0013

Epoch 00079: val_loss improved from 0.00133 to 0.00130, saving model to ../../model_weights/model_2020-04-27_15-19-48.h5
Epoch 80/8000
 - 9s - loss: 0.0015 - val_loss: 0.0013

Epoch 00080: val_loss improved from 0.00130 to 0.00127, saving model to ../../model_weights/model_2020-04-27_15-19-48.h5
Epoch 81/8000
 - 9s - loss: 0.0014 - val_loss: 0.0014

Epoch 00081: val_loss did not improve from 0.00127
Epoch 82/8000
 - 9s - loss: 0.0014 - val_loss: 0.0012

Epoch 00082: val_loss improved from 0.00127 to 0.00120, saving model to ../../model_weights/model_2020-04-27_15-19-48.h5
Epoch 83/8000
 - 9s - loss: 0.0014 - val_loss: 0.0012

Epoch 00083: val_loss improved from 0.00120 to 0.00116, saving model to ../../model_weights/model_2020-04-27_15-19-48.h5
Epoch 84/8000
 - 9s - loss: 0.0363 - val_loss: 0.0129

Epoch 00084: val_loss did not improve from 0.00116
Epoch 85/8000
 - 9s - loss: 0.0075 - val_loss: 0.0047

Epoch 00085: val_loss did not improve from 0.00116
Epoch 86/8000
 - 9s - loss: 0.0042 - val_loss: 0.0037

Epoch 00086: val_loss did not improve from 0.00116
Epoch 87/8000
 - 9s - loss: 0.0034 - val_loss: 0.0030

Epoch 00087: val_loss did not improve from 0.00116
Epoch 88/8000
 - 9s - loss: 0.0029 - val_loss: 0.0025

Epoch 00088: val_loss did not improve from 0.00116
Epoch 89/8000
 - 9s - loss: 0.0027 - val_loss: 0.0023

Epoch 00089: val_loss did not improve from 0.00116
Epoch 90/8000
 - 9s - loss: 0.0022 - val_loss: 0.0019

Epoch 00090: val_loss did not improve from 0.00116
Epoch 91/8000
 - 9s - loss: 0.0021 - val_loss: 0.0018

Epoch 00091: val_loss did not improve from 0.00116
Epoch 92/8000
 - 9s - loss: 0.0020 - val_loss: 0.0018

Epoch 00092: val_loss did not improve from 0.00116
Epoch 93/8000
 - 9s - loss: 0.0018 - val_loss: 0.0016

Epoch 00093: val_loss did not improve from 0.00116
Epoch 94/8000
 - 9s - loss: 0.0017 - val_loss: 0.0015

Epoch 00094: val_loss did not improve from 0.00116
Epoch 95/8000
 - 9s - loss: 0.0016 - val_loss: 0.0021

Epoch 00095: val_loss did not improve from 0.00116
Epoch 96/8000
 - 9s - loss: 0.0016 - val_loss: 0.0016

Epoch 00096: val_loss did not improve from 0.00116
Epoch 97/8000
 - 9s - loss: 0.0014 - val_loss: 0.0012

Epoch 00097: val_loss did not improve from 0.00116
Epoch 98/8000
 - 9s - loss: 0.0014 - val_loss: 0.0012

Epoch 00098: val_loss did not improve from 0.00116
Epoch 99/8000
 - 9s - loss: 0.0013 - val_loss: 0.0013

Epoch 00099: val_loss did not improve from 0.00116
Epoch 100/8000
 - 9s - loss: 0.0014 - val_loss: 9.9870e-04

Epoch 00100: val_loss improved from 0.00116 to 0.00100, saving model to ../../model_weights/model_2020-04-27_15-19-48.h5
Epoch 101/8000
 - 9s - loss: 0.0011 - val_loss: 0.0010

Epoch 00101: val_loss did not improve from 0.00100
Epoch 102/8000
 - 9s - loss: 0.0012 - val_loss: 0.0011

Epoch 00102: val_loss did not improve from 0.00100
Epoch 103/8000
 - 9s - loss: 0.0012 - val_loss: 0.0010

Epoch 00103: val_loss did not improve from 0.00100
Epoch 104/8000
 - 9s - loss: 0.0011 - val_loss: 0.0010

Epoch 00104: val_loss did not improve from 0.00100
Epoch 105/8000
 - 9s - loss: 0.0011 - val_loss: 9.3053e-04

Epoch 00105: val_loss improved from 0.00100 to 0.00093, saving model to ../../model_weights/model_2020-04-27_15-19-48.h5
Epoch 106/8000
 - 9s - loss: 0.0011 - val_loss: 9.0340e-04

Epoch 00106: val_loss improved from 0.00093 to 0.00090, saving model to ../../model_weights/model_2020-04-27_15-19-48.h5
Epoch 107/8000
 - 9s - loss: 0.0012 - val_loss: 0.0058

Epoch 00107: val_loss did not improve from 0.00090
Epoch 108/8000
 - 9s - loss: 0.0011 - val_loss: 9.1547e-04

Epoch 00108: val_loss did not improve from 0.00090
Epoch 109/8000
 - 9s - loss: 9.8287e-04 - val_loss: 8.8210e-04

Epoch 00109: val_loss improved from 0.00090 to 0.00088, saving model to ../../model_weights/model_2020-04-27_15-19-48.h5
Epoch 110/8000
 - 9s - loss: 0.0010 - val_loss: 0.0011

Epoch 00110: val_loss did not improve from 0.00088
Epoch 111/8000
 - 9s - loss: 9.9476e-04 - val_loss: 0.0012

Epoch 00111: val_loss did not improve from 0.00088
Epoch 112/8000
 - 9s - loss: 0.0011 - val_loss: 9.0241e-04

Epoch 00112: val_loss did not improve from 0.00088
Epoch 113/8000
 - 9s - loss: 8.5144e-04 - val_loss: 8.5194e-04

Epoch 00113: val_loss improved from 0.00088 to 0.00085, saving model to ../../model_weights/model_2020-04-27_15-19-48.h5
Epoch 114/8000
 - 9s - loss: 9.4258e-04 - val_loss: 8.4849e-04

Epoch 00114: val_loss improved from 0.00085 to 0.00085, saving model to ../../model_weights/model_2020-04-27_15-19-48.h5
Epoch 115/8000
 - 9s - loss: 9.8645e-04 - val_loss: 8.8224e-04

Epoch 00115: val_loss did not improve from 0.00085
Epoch 116/8000
 - 9s - loss: 9.2873e-04 - val_loss: 8.5347e-04

Epoch 00116: val_loss did not improve from 0.00085
Epoch 117/8000
 - 9s - loss: 8.9694e-04 - val_loss: 0.0011

Epoch 00117: val_loss did not improve from 0.00085
Epoch 118/8000
 - 9s - loss: 9.1587e-04 - val_loss: 8.5238e-04

Epoch 00118: val_loss did not improve from 0.00085
Epoch 119/8000
 - 9s - loss: 8.8071e-04 - val_loss: 7.5580e-04

Epoch 00119: val_loss improved from 0.00085 to 0.00076, saving model to ../../model_weights/model_2020-04-27_15-19-48.h5
Epoch 120/8000
 - 9s - loss: 9.5799e-04 - val_loss: 7.4508e-04

Epoch 00120: val_loss improved from 0.00076 to 0.00075, saving model to ../../model_weights/model_2020-04-27_15-19-48.h5
Epoch 121/8000
 - 9s - loss: 8.4573e-04 - val_loss: 9.3697e-04

Epoch 00121: val_loss did not improve from 0.00075
Epoch 122/8000
 - 9s - loss: 8.5385e-04 - val_loss: 0.0014

Epoch 00122: val_loss did not improve from 0.00075
Epoch 123/8000
 - 9s - loss: 8.8675e-04 - val_loss: 7.0479e-04

Epoch 00123: val_loss improved from 0.00075 to 0.00070, saving model to ../../model_weights/model_2020-04-27_15-19-48.h5
Epoch 124/8000
 - 9s - loss: 8.7686e-04 - val_loss: 9.5378e-04

Epoch 00124: val_loss did not improve from 0.00070
Epoch 125/8000
 - 9s - loss: 8.3623e-04 - val_loss: 7.0370e-04

Epoch 00125: val_loss improved from 0.00070 to 0.00070, saving model to ../../model_weights/model_2020-04-27_15-19-48.h5
Epoch 126/8000
 - 9s - loss: 7.7020e-04 - val_loss: 6.8750e-04

Epoch 00126: val_loss improved from 0.00070 to 0.00069, saving model to ../../model_weights/model_2020-04-27_15-19-48.h5
Epoch 127/8000
 - 9s - loss: 8.0959e-04 - val_loss: 7.8423e-04

Epoch 00127: val_loss did not improve from 0.00069
Epoch 128/8000
 - 9s - loss: 8.2691e-04 - val_loss: 8.9757e-04

Epoch 00128: val_loss did not improve from 0.00069
Epoch 129/8000
 - 9s - loss: 8.0782e-04 - val_loss: 7.4232e-04

Epoch 00129: val_loss did not improve from 0.00069
Epoch 130/8000
 - 9s - loss: 7.4027e-04 - val_loss: 7.8994e-04

Epoch 00130: val_loss did not improve from 0.00069
Epoch 131/8000
 - 9s - loss: 8.4891e-04 - val_loss: 6.7294e-04

Epoch 00131: val_loss improved from 0.00069 to 0.00067, saving model to ../../model_weights/model_2020-04-27_15-19-48.h5
Epoch 132/8000
 - 9s - loss: 7.2652e-04 - val_loss: 7.3640e-04

Epoch 00132: val_loss did not improve from 0.00067
Epoch 133/8000
 - 9s - loss: 8.4924e-04 - val_loss: 7.0271e-04

Epoch 00133: val_loss did not improve from 0.00067
Epoch 134/8000
 - 9s - loss: 6.9766e-04 - val_loss: 7.4710e-04

Epoch 00134: val_loss did not improve from 0.00067
Epoch 135/8000
 - 9s - loss: 7.8435e-04 - val_loss: 0.0010

Epoch 00135: val_loss did not improve from 0.00067
Epoch 136/8000
 - 9s - loss: 7.0388e-04 - val_loss: 7.5644e-04

Epoch 00136: val_loss did not improve from 0.00067
Epoch 137/8000
 - 9s - loss: 7.1683e-04 - val_loss: 7.3439e-04

Epoch 00137: val_loss did not improve from 0.00067
Epoch 138/8000
 - 9s - loss: 7.3039e-04 - val_loss: 5.7447e-04

Epoch 00138: val_loss improved from 0.00067 to 0.00057, saving model to ../../model_weights/model_2020-04-27_15-19-48.h5
Epoch 139/8000
 - 9s - loss: 6.1720e-04 - val_loss: 6.8638e-04

Epoch 00139: val_loss did not improve from 0.00057
Epoch 140/8000
 - 9s - loss: 6.5422e-04 - val_loss: 6.7137e-04

Epoch 00140: val_loss did not improve from 0.00057
Epoch 141/8000
 - 9s - loss: 6.3238e-04 - val_loss: 0.0013

Epoch 00141: val_loss did not improve from 0.00057
Epoch 142/8000
 - 9s - loss: 6.7650e-04 - val_loss: 6.2306e-04

Epoch 00142: val_loss did not improve from 0.00057
Epoch 143/8000
 - 9s - loss: 5.5890e-04 - val_loss: 5.2681e-04

Epoch 00143: val_loss improved from 0.00057 to 0.00053, saving model to ../../model_weights/model_2020-04-27_15-19-48.h5
Epoch 144/8000
 - 9s - loss: 5.7402e-04 - val_loss: 5.0137e-04

Epoch 00144: val_loss improved from 0.00053 to 0.00050, saving model to ../../model_weights/model_2020-04-27_15-19-48.h5
Epoch 145/8000
 - 9s - loss: 5.6663e-04 - val_loss: 5.6382e-04

Epoch 00145: val_loss did not improve from 0.00050
Epoch 146/8000
 - 9s - loss: 5.7321e-04 - val_loss: 4.5540e-04

Epoch 00146: val_loss improved from 0.00050 to 0.00046, saving model to ../../model_weights/model_2020-04-27_15-19-48.h5
Epoch 147/8000
 - 9s - loss: 5.5430e-04 - val_loss: 4.7067e-04

Epoch 00147: val_loss did not improve from 0.00046
Epoch 148/8000
 - 9s - loss: 5.6025e-04 - val_loss: 4.8797e-04

Epoch 00148: val_loss did not improve from 0.00046
Epoch 149/8000
 - 9s - loss: 5.3130e-04 - val_loss: 4.6314e-04

Epoch 00149: val_loss did not improve from 0.00046
Epoch 150/8000
 - 9s - loss: 5.2955e-04 - val_loss: 4.5934e-04

Epoch 00150: val_loss did not improve from 0.00046
Epoch 151/8000
 - 9s - loss: 5.1167e-04 - val_loss: 4.9007e-04

Epoch 00151: val_loss did not improve from 0.00046
Epoch 152/8000
 - 9s - loss: 5.0528e-04 - val_loss: 4.2759e-04

Epoch 00152: val_loss improved from 0.00046 to 0.00043, saving model to ../../model_weights/model_2020-04-27_15-19-48.h5
Epoch 153/8000
 - 9s - loss: 4.8603e-04 - val_loss: 4.7179e-04

Epoch 00153: val_loss did not improve from 0.00043
Epoch 154/8000
 - 9s - loss: 4.5392e-04 - val_loss: 5.3389e-04

Epoch 00154: val_loss did not improve from 0.00043
Epoch 155/8000
 - 9s - loss: 4.5675e-04 - val_loss: 4.5150e-04

Epoch 00155: val_loss did not improve from 0.00043
Epoch 156/8000
 - 9s - loss: 4.0795e-04 - val_loss: 3.4648e-04

Epoch 00156: val_loss improved from 0.00043 to 0.00035, saving model to ../../model_weights/model_2020-04-27_15-19-48.h5
Epoch 157/8000
 - 9s - loss: 4.9381e-04 - val_loss: 4.9297e-04

Epoch 00157: val_loss did not improve from 0.00035
Epoch 158/8000
 - 9s - loss: 3.6262e-04 - val_loss: 3.5629e-04

Epoch 00158: val_loss did not improve from 0.00035
Epoch 159/8000
 - 9s - loss: 3.9428e-04 - val_loss: 3.8131e-04

Epoch 00159: val_loss did not improve from 0.00035
Epoch 160/8000
 - 9s - loss: 4.0192e-04 - val_loss: 5.7260e-04

Epoch 00160: val_loss did not improve from 0.00035
Epoch 161/8000
 - 9s - loss: 3.6112e-04 - val_loss: 3.3274e-04

Epoch 00161: val_loss improved from 0.00035 to 0.00033, saving model to ../../model_weights/model_2020-04-27_15-19-48.h5
Epoch 162/8000
 - 9s - loss: 3.7876e-04 - val_loss: 3.4244e-04

Epoch 00162: val_loss did not improve from 0.00033
Epoch 163/8000
 - 9s - loss: 0.0215 - val_loss: 0.0084

Epoch 00163: val_loss did not improve from 0.00033
Epoch 164/8000
 - 9s - loss: 0.0032 - val_loss: 0.0018

Epoch 00164: val_loss did not improve from 0.00033
Epoch 165/8000
 - 9s - loss: 0.0015 - val_loss: 0.0011

Epoch 00165: val_loss did not improve from 0.00033
Epoch 166/8000
 - 9s - loss: 0.0011 - val_loss: 8.3829e-04

Epoch 00166: val_loss did not improve from 0.00033
Epoch 167/8000
 - 9s - loss: 8.6079e-04 - val_loss: 0.0011

Epoch 00167: val_loss did not improve from 0.00033
Epoch 168/8000
 - 9s - loss: 7.6690e-04 - val_loss: 5.9634e-04

Epoch 00168: val_loss did not improve from 0.00033
Epoch 169/8000
 - 9s - loss: 6.3923e-04 - val_loss: 8.3125e-04

Epoch 00169: val_loss did not improve from 0.00033
Epoch 170/8000
 - 9s - loss: 6.1720e-04 - val_loss: 0.0026

Epoch 00170: val_loss did not improve from 0.00033
Epoch 171/8000
 - 9s - loss: 5.5615e-04 - val_loss: 5.0113e-04

Epoch 00171: val_loss did not improve from 0.00033
Epoch 172/8000
 - 9s - loss: 5.5263e-04 - val_loss: 7.0225e-04

Epoch 00172: val_loss did not improve from 0.00033
Epoch 173/8000
 - 9s - loss: 5.5975e-04 - val_loss: 5.0139e-04

Epoch 00173: val_loss did not improve from 0.00033
Epoch 174/8000
 - 9s - loss: 5.0394e-04 - val_loss: 5.7974e-04

Epoch 00174: val_loss did not improve from 0.00033
Epoch 175/8000
 - 9s - loss: 5.0951e-04 - val_loss: 4.1726e-04

Epoch 00175: val_loss did not improve from 0.00033
Epoch 176/8000
 - 9s - loss: 6.3837e-04 - val_loss: 4.0511e-04

Epoch 00176: val_loss did not improve from 0.00033
Epoch 177/8000
 - 9s - loss: 3.9386e-04 - val_loss: 7.8989e-04

Epoch 00177: val_loss did not improve from 0.00033
Epoch 178/8000
 - 9s - loss: 5.4768e-04 - val_loss: 3.8475e-04

Epoch 00178: val_loss did not improve from 0.00033
Epoch 179/8000
 - 9s - loss: 4.5245e-04 - val_loss: 3.8802e-04

Epoch 00179: val_loss did not improve from 0.00033
Epoch 180/8000
 - 9s - loss: 4.0550e-04 - val_loss: 3.9812e-04

Epoch 00180: val_loss did not improve from 0.00033
Epoch 181/8000
 - 9s - loss: 4.5277e-04 - val_loss: 4.9808e-04

Epoch 00181: val_loss did not improve from 0.00033
Epoch 182/8000
 - 9s - loss: 4.8468e-04 - val_loss: 3.3048e-04

Epoch 00182: val_loss improved from 0.00033 to 0.00033, saving model to ../../model_weights/model_2020-04-27_15-19-48.h5
Epoch 183/8000
 - 9s - loss: 3.8711e-04 - val_loss: 3.7348e-04

Epoch 00183: val_loss did not improve from 0.00033
Epoch 184/8000
 - 9s - loss: 4.3865e-04 - val_loss: 3.2532e-04

Epoch 00184: val_loss improved from 0.00033 to 0.00033, saving model to ../../model_weights/model_2020-04-27_15-19-48.h5
Epoch 185/8000
 - 9s - loss: 4.1443e-04 - val_loss: 3.8588e-04

Epoch 00185: val_loss did not improve from 0.00033
Epoch 186/8000
 - 9s - loss: 4.0477e-04 - val_loss: 4.3967e-04

Epoch 00186: val_loss did not improve from 0.00033
Epoch 187/8000
 - 9s - loss: 4.3673e-04 - val_loss: 5.3675e-04

Epoch 00187: val_loss did not improve from 0.00033
Epoch 188/8000
 - 9s - loss: 4.6256e-04 - val_loss: 0.0019

Epoch 00188: val_loss did not improve from 0.00033
Epoch 189/8000
 - 9s - loss: 3.8107e-04 - val_loss: 5.1123e-04

Epoch 00189: val_loss did not improve from 0.00033
Epoch 190/8000
 - 9s - loss: 3.7790e-04 - val_loss: 4.2976e-04

Epoch 00190: val_loss did not improve from 0.00033
Epoch 191/8000
 - 9s - loss: 4.3435e-04 - val_loss: 3.1485e-04

Epoch 00191: val_loss improved from 0.00033 to 0.00031, saving model to ../../model_weights/model_2020-04-27_15-19-48.h5
Epoch 192/8000
 - 9s - loss: 3.5270e-04 - val_loss: 4.7835e-04

Epoch 00192: val_loss did not improve from 0.00031
Epoch 193/8000
 - 9s - loss: 3.7273e-04 - val_loss: 2.8649e-04

Epoch 00193: val_loss improved from 0.00031 to 0.00029, saving model to ../../model_weights/model_2020-04-27_15-19-48.h5
Epoch 194/8000
 - 9s - loss: 3.7547e-04 - val_loss: 2.7662e-04

Epoch 00194: val_loss improved from 0.00029 to 0.00028, saving model to ../../model_weights/model_2020-04-27_15-19-48.h5
Epoch 195/8000
 - 9s - loss: 4.0998e-04 - val_loss: 3.3493e-04

Epoch 00195: val_loss did not improve from 0.00028
Epoch 196/8000
 - 9s - loss: 3.3801e-04 - val_loss: 3.7519e-04

Epoch 00196: val_loss did not improve from 0.00028
Epoch 197/8000
 - 9s - loss: 3.5863e-04 - val_loss: 2.7296e-04

Epoch 00197: val_loss improved from 0.00028 to 0.00027, saving model to ../../model_weights/model_2020-04-27_15-19-48.h5
Epoch 198/8000
 - 9s - loss: 3.7213e-04 - val_loss: 2.6063e-04

Epoch 00198: val_loss improved from 0.00027 to 0.00026, saving model to ../../model_weights/model_2020-04-27_15-19-48.h5
Epoch 199/8000
 - 9s - loss: 3.7461e-04 - val_loss: 2.7997e-04

Epoch 00199: val_loss did not improve from 0.00026
Epoch 200/8000
 - 9s - loss: 6.4353e-04 - val_loss: 2.6818e-04

Epoch 00200: val_loss did not improve from 0.00026
Epoch 201/8000
 - 9s - loss: 2.6528e-04 - val_loss: 3.4760e-04

Epoch 00201: val_loss did not improve from 0.00026
Epoch 202/8000
 - 9s - loss: 3.0539e-04 - val_loss: 2.9523e-04

Epoch 00202: val_loss did not improve from 0.00026
Epoch 203/8000
 - 9s - loss: 3.4212e-04 - val_loss: 6.1399e-04

Epoch 00203: val_loss did not improve from 0.00026
Epoch 204/8000
 - 9s - loss: 3.3869e-04 - val_loss: 2.6906e-04

Epoch 00204: val_loss did not improve from 0.00026
Epoch 205/8000
 - 9s - loss: 3.3371e-04 - val_loss: 3.9361e-04

Epoch 00205: val_loss did not improve from 0.00026
Epoch 206/8000
 - 9s - loss: 3.1579e-04 - val_loss: 2.6320e-04

Epoch 00206: val_loss did not improve from 0.00026
Epoch 207/8000
 - 9s - loss: 3.3372e-04 - val_loss: 3.5239e-04

Epoch 00207: val_loss did not improve from 0.00026
Epoch 208/8000
 - 9s - loss: 3.1469e-04 - val_loss: 2.7070e-04

Epoch 00208: val_loss did not improve from 0.00026
Epoch 209/8000
 - 9s - loss: 3.2366e-04 - val_loss: 3.6526e-04

Epoch 00209: val_loss did not improve from 0.00026
Epoch 210/8000
 - 9s - loss: 3.1830e-04 - val_loss: 2.7666e-04

Epoch 00210: val_loss did not improve from 0.00026
Epoch 211/8000
 - 9s - loss: 3.0863e-04 - val_loss: 2.7748e-04

Epoch 00211: val_loss did not improve from 0.00026
Epoch 212/8000
 - 9s - loss: 3.1389e-04 - val_loss: 3.3647e-04

Epoch 00212: val_loss did not improve from 0.00026
Epoch 213/8000
 - 9s - loss: 3.1115e-04 - val_loss: 4.1050e-04

Epoch 00213: val_loss did not improve from 0.00026
Epoch 214/8000
 - 9s - loss: 3.0227e-04 - val_loss: 2.7805e-04

Epoch 00214: val_loss did not improve from 0.00026
Epoch 215/8000
 - 9s - loss: 2.9787e-04 - val_loss: 2.4455e-04

Epoch 00215: val_loss improved from 0.00026 to 0.00024, saving model to ../../model_weights/model_2020-04-27_15-19-48.h5
Epoch 216/8000
 - 9s - loss: 3.2520e-04 - val_loss: 2.3887e-04

Epoch 00216: val_loss improved from 0.00024 to 0.00024, saving model to ../../model_weights/model_2020-04-27_15-19-48.h5
Epoch 217/8000
 - 9s - loss: 3.0146e-04 - val_loss: 3.2414e-04

Epoch 00217: val_loss did not improve from 0.00024
Epoch 218/8000
 - 9s - loss: 2.8122e-04 - val_loss: 2.9166e-04

Epoch 00218: val_loss did not improve from 0.00024
Epoch 219/8000
 - 9s - loss: 2.9375e-04 - val_loss: 2.3028e-04

Epoch 00219: val_loss improved from 0.00024 to 0.00023, saving model to ../../model_weights/model_2020-04-27_15-19-48.h5
Epoch 220/8000
 - 9s - loss: 2.9746e-04 - val_loss: 2.7405e-04

Epoch 00220: val_loss did not improve from 0.00023
Epoch 221/8000
 - 9s - loss: 2.8379e-04 - val_loss: 2.6398e-04

Epoch 00221: val_loss did not improve from 0.00023
Epoch 222/8000
 - 9s - loss: 2.8706e-04 - val_loss: 2.8198e-04

Epoch 00222: val_loss did not improve from 0.00023
Epoch 223/8000
 - 9s - loss: 2.7566e-04 - val_loss: 2.2886e-04

Epoch 00223: val_loss improved from 0.00023 to 0.00023, saving model to ../../model_weights/model_2020-04-27_15-19-48.h5
Epoch 224/8000
 - 9s - loss: 2.8902e-04 - val_loss: 2.8864e-04

Epoch 00224: val_loss did not improve from 0.00023
Epoch 225/8000
 - 9s - loss: 2.8943e-04 - val_loss: 2.5539e-04

Epoch 00225: val_loss did not improve from 0.00023
Epoch 226/8000
 - 9s - loss: 2.7644e-04 - val_loss: 2.9012e-04

Epoch 00226: val_loss did not improve from 0.00023
Epoch 227/8000
 - 9s - loss: 2.7482e-04 - val_loss: 3.6378e-04

Epoch 00227: val_loss did not improve from 0.00023
Epoch 228/8000
 - 9s - loss: 2.5718e-04 - val_loss: 2.6046e-04

Epoch 00228: val_loss did not improve from 0.00023
Epoch 229/8000
 - 9s - loss: 2.6718e-04 - val_loss: 2.2683e-04

Epoch 00229: val_loss improved from 0.00023 to 0.00023, saving model to ../../model_weights/model_2020-04-27_15-19-48.h5
Epoch 230/8000
 - 9s - loss: 2.8614e-04 - val_loss: 6.8638e-04

Epoch 00230: val_loss did not improve from 0.00023
Epoch 231/8000
 - 9s - loss: 2.8505e-04 - val_loss: 2.6450e-04

Epoch 00231: val_loss did not improve from 0.00023
Epoch 232/8000
 - 9s - loss: 2.5927e-04 - val_loss: 2.3494e-04

Epoch 00232: val_loss did not improve from 0.00023
Epoch 233/8000
 - 9s - loss: 2.6322e-04 - val_loss: 2.6346e-04

Epoch 00233: val_loss did not improve from 0.00023
Epoch 234/8000
 - 9s - loss: 2.6073e-04 - val_loss: 2.3519e-04

Epoch 00234: val_loss did not improve from 0.00023
Epoch 235/8000
 - 9s - loss: 2.7522e-04 - val_loss: 2.5176e-04

Epoch 00235: val_loss did not improve from 0.00023
Epoch 236/8000
 - 9s - loss: 2.3974e-04 - val_loss: 2.6338e-04

Epoch 00236: val_loss did not improve from 0.00023
Epoch 237/8000
 - 9s - loss: 2.5746e-04 - val_loss: 3.1154e-04

Epoch 00237: val_loss did not improve from 0.00023
Epoch 238/8000
 - 9s - loss: 2.5517e-04 - val_loss: 2.3464e-04

Epoch 00238: val_loss did not improve from 0.00023
Epoch 239/8000
 - 9s - loss: 2.5860e-04 - val_loss: 4.3610e-04

Epoch 00239: val_loss did not improve from 0.00023
Epoch 240/8000
 - 9s - loss: 2.4004e-04 - val_loss: 2.7042e-04

Epoch 00240: val_loss did not improve from 0.00023
Epoch 241/8000
 - 9s - loss: 2.5789e-04 - val_loss: 2.4314e-04

Epoch 00241: val_loss did not improve from 0.00023
Epoch 242/8000
 - 9s - loss: 2.6421e-04 - val_loss: 2.0570e-04

Epoch 00242: val_loss improved from 0.00023 to 0.00021, saving model to ../../model_weights/model_2020-04-27_15-19-48.h5
Epoch 243/8000
 - 9s - loss: 2.3151e-04 - val_loss: 2.0644e-04

Epoch 00243: val_loss did not improve from 0.00021
Epoch 244/8000
 - 9s - loss: 2.3808e-04 - val_loss: 2.6086e-04

Epoch 00244: val_loss did not improve from 0.00021
Epoch 245/8000
 - 9s - loss: 2.4739e-04 - val_loss: 1.9284e-04

Epoch 00245: val_loss improved from 0.00021 to 0.00019, saving model to ../../model_weights/model_2020-04-27_15-19-48.h5
Epoch 246/8000
 - 9s - loss: 2.5110e-04 - val_loss: 3.6872e-04

Epoch 00246: val_loss did not improve from 0.00019
Epoch 247/8000
 - 9s - loss: 2.3909e-04 - val_loss: 3.0349e-04

Epoch 00247: val_loss did not improve from 0.00019
Epoch 248/8000
 - 9s - loss: 2.4888e-04 - val_loss: 2.0247e-04

Epoch 00248: val_loss did not improve from 0.00019
Epoch 249/8000
 - 9s - loss: 2.4759e-04 - val_loss: 1.8847e-04

Epoch 00249: val_loss improved from 0.00019 to 0.00019, saving model to ../../model_weights/model_2020-04-27_15-19-48.h5
Epoch 250/8000
 - 9s - loss: 2.2585e-04 - val_loss: 2.0947e-04

Epoch 00250: val_loss did not improve from 0.00019
Epoch 251/8000
 - 9s - loss: 2.3609e-04 - val_loss: 2.0062e-04

Epoch 00251: val_loss did not improve from 0.00019
Epoch 252/8000
 - 9s - loss: 2.2911e-04 - val_loss: 2.8669e-04

Epoch 00252: val_loss did not improve from 0.00019
Epoch 253/8000
 - 9s - loss: 2.2558e-04 - val_loss: 1.9000e-04

Epoch 00253: val_loss did not improve from 0.00019
Epoch 254/8000
 - 9s - loss: 2.3922e-04 - val_loss: 4.3137e-04

Epoch 00254: val_loss did not improve from 0.00019
Epoch 255/8000
 - 9s - loss: 2.2245e-04 - val_loss: 2.0910e-04

Epoch 00255: val_loss did not improve from 0.00019
Epoch 256/8000
 - 9s - loss: 2.2987e-04 - val_loss: 2.1649e-04

Epoch 00256: val_loss did not improve from 0.00019
Epoch 257/8000
 - 9s - loss: 2.4690e-04 - val_loss: 1.8259e-04

Epoch 00257: val_loss improved from 0.00019 to 0.00018, saving model to ../../model_weights/model_2020-04-27_15-19-48.h5
Epoch 258/8000
 - 9s - loss: 2.1049e-04 - val_loss: 2.1289e-04

Epoch 00258: val_loss did not improve from 0.00018
Epoch 259/8000
 - 9s - loss: 2.1426e-04 - val_loss: 4.1886e-04

Epoch 00259: val_loss did not improve from 0.00018
Epoch 260/8000
 - 9s - loss: 2.3854e-04 - val_loss: 1.9767e-04

Epoch 00260: val_loss did not improve from 0.00018
Epoch 261/8000
 - 9s - loss: 2.1844e-04 - val_loss: 1.8145e-04

Epoch 00261: val_loss improved from 0.00018 to 0.00018, saving model to ../../model_weights/model_2020-04-27_15-19-48.h5
Epoch 262/8000
 - 9s - loss: 2.1574e-04 - val_loss: 2.6771e-04

Epoch 00262: val_loss did not improve from 0.00018
Epoch 263/8000
 - 9s - loss: 2.1631e-04 - val_loss: 1.7431e-04

Epoch 00263: val_loss improved from 0.00018 to 0.00017, saving model to ../../model_weights/model_2020-04-27_15-19-48.h5
Epoch 264/8000
 - 9s - loss: 2.1507e-04 - val_loss: 2.2053e-04

Epoch 00264: val_loss did not improve from 0.00017
Epoch 265/8000
 - 9s - loss: 2.1435e-04 - val_loss: 2.0806e-04

Epoch 00265: val_loss did not improve from 0.00017
Epoch 266/8000
 - 9s - loss: 2.2013e-04 - val_loss: 2.3225e-04

Epoch 00266: val_loss did not improve from 0.00017
Epoch 267/8000
 - 9s - loss: 2.0245e-04 - val_loss: 2.7264e-04

Epoch 00267: val_loss did not improve from 0.00017
Epoch 268/8000
 - 9s - loss: 2.2068e-04 - val_loss: 2.5898e-04

Epoch 00268: val_loss did not improve from 0.00017
Epoch 269/8000
 - 9s - loss: 1.9626e-04 - val_loss: 4.2695e-04

Epoch 00269: val_loss did not improve from 0.00017
Epoch 270/8000
 - 9s - loss: 2.1753e-04 - val_loss: 1.8719e-04

Epoch 00270: val_loss did not improve from 0.00017
Epoch 271/8000
 - 9s - loss: 2.1262e-04 - val_loss: 1.7624e-04

Epoch 00271: val_loss did not improve from 0.00017
Epoch 272/8000
 - 9s - loss: 2.2989e-04 - val_loss: 1.6495e-04

Epoch 00272: val_loss improved from 0.00017 to 0.00016, saving model to ../../model_weights/model_2020-04-27_15-19-48.h5
Epoch 273/8000
 - 9s - loss: 1.8277e-04 - val_loss: 2.3710e-04

Epoch 00273: val_loss did not improve from 0.00016
Epoch 274/8000
 - 9s - loss: 2.0761e-04 - val_loss: 2.0898e-04

Epoch 00274: val_loss did not improve from 0.00016
Epoch 275/8000
 - 9s - loss: 1.9830e-04 - val_loss: 1.9736e-04

Epoch 00275: val_loss did not improve from 0.00016
Epoch 276/8000
 - 9s - loss: 2.0562e-04 - val_loss: 2.0596e-04

Epoch 00276: val_loss did not improve from 0.00016
Epoch 277/8000
 - 9s - loss: 1.9364e-04 - val_loss: 1.7454e-04

Epoch 00277: val_loss did not improve from 0.00016
Epoch 278/8000
 - 9s - loss: 1.9449e-04 - val_loss: 3.1121e-04

Epoch 00278: val_loss did not improve from 0.00016
Epoch 279/8000
 - 9s - loss: 2.7033e-04 - val_loss: 1.6984e-04

Epoch 00279: val_loss did not improve from 0.00016
Epoch 280/8000
 - 9s - loss: 1.7066e-04 - val_loss: 1.7747e-04

Epoch 00280: val_loss did not improve from 0.00016
Epoch 281/8000
 - 9s - loss: 1.9471e-04 - val_loss: 1.9363e-04

Epoch 00281: val_loss did not improve from 0.00016
Epoch 282/8000
 - 9s - loss: 1.7956e-04 - val_loss: 1.5778e-04

Epoch 00282: val_loss improved from 0.00016 to 0.00016, saving model to ../../model_weights/model_2020-04-27_15-19-48.h5
Epoch 283/8000
 - 9s - loss: 1.8897e-04 - val_loss: 1.6583e-04

Epoch 00283: val_loss did not improve from 0.00016
Epoch 284/8000
 - 9s - loss: 1.9400e-04 - val_loss: 4.5323e-04

Epoch 00284: val_loss did not improve from 0.00016
Epoch 285/8000
 - 9s - loss: 1.8415e-04 - val_loss: 1.7152e-04

Epoch 00285: val_loss did not improve from 0.00016
Epoch 286/8000
 - 9s - loss: 1.9966e-04 - val_loss: 1.9281e-04

Epoch 00286: val_loss did not improve from 0.00016
Epoch 287/8000
 - 9s - loss: 1.8875e-04 - val_loss: 1.6377e-04

Epoch 00287: val_loss did not improve from 0.00016
Epoch 288/8000
 - 9s - loss: 1.8180e-04 - val_loss: 1.6707e-04

Epoch 00288: val_loss did not improve from 0.00016
Epoch 289/8000
 - 9s - loss: 1.8457e-04 - val_loss: 1.8699e-04

Epoch 00289: val_loss did not improve from 0.00016
Epoch 290/8000
 - 9s - loss: 1.8596e-04 - val_loss: 1.5496e-04

Epoch 00290: val_loss improved from 0.00016 to 0.00015, saving model to ../../model_weights/model_2020-04-27_15-19-48.h5
Epoch 291/8000
 - 9s - loss: 1.7991e-04 - val_loss: 1.6384e-04

Epoch 00291: val_loss did not improve from 0.00015
Epoch 292/8000
 - 9s - loss: 2.0092e-04 - val_loss: 3.1763e-04

Epoch 00292: val_loss did not improve from 0.00015
Epoch 293/8000
 - 9s - loss: 1.6554e-04 - val_loss: 1.5295e-04

Epoch 00293: val_loss improved from 0.00015 to 0.00015, saving model to ../../model_weights/model_2020-04-27_15-19-48.h5
Epoch 294/8000
 - 9s - loss: 1.8099e-04 - val_loss: 1.8119e-04

Epoch 00294: val_loss did not improve from 0.00015
Epoch 295/8000
 - 9s - loss: 1.7738e-04 - val_loss: 1.7961e-04

Epoch 00295: val_loss did not improve from 0.00015
Epoch 296/8000
 - 9s - loss: 1.8279e-04 - val_loss: 1.5139e-04

Epoch 00296: val_loss improved from 0.00015 to 0.00015, saving model to ../../model_weights/model_2020-04-27_15-19-48.h5
Epoch 297/8000
 - 9s - loss: 1.7105e-04 - val_loss: 1.8439e-04

Epoch 00297: val_loss did not improve from 0.00015
Epoch 298/8000
 - 9s - loss: 1.7744e-04 - val_loss: 2.0329e-04

Epoch 00298: val_loss did not improve from 0.00015
Epoch 299/8000
 - 9s - loss: 1.6938e-04 - val_loss: 1.6365e-04

Epoch 00299: val_loss did not improve from 0.00015
Epoch 300/8000
 - 9s - loss: 1.8130e-04 - val_loss: 1.7003e-04

Epoch 00300: val_loss did not improve from 0.00015
Epoch 301/8000
 - 9s - loss: 1.7542e-04 - val_loss: 1.5449e-04

Epoch 00301: val_loss did not improve from 0.00015
Epoch 302/8000
 - 9s - loss: 1.7710e-04 - val_loss: 1.5210e-04

Epoch 00302: val_loss did not improve from 0.00015
Epoch 303/8000
 - 9s - loss: 1.6189e-04 - val_loss: 2.1779e-04

Epoch 00303: val_loss did not improve from 0.00015
Epoch 304/8000
 - 9s - loss: 1.6137e-04 - val_loss: 2.4531e-04

Epoch 00304: val_loss did not improve from 0.00015
Epoch 305/8000
 - 9s - loss: 1.6817e-04 - val_loss: 2.7742e-04

Epoch 00305: val_loss did not improve from 0.00015
Epoch 306/8000
 - 9s - loss: 1.6936e-04 - val_loss: 1.4408e-04

Epoch 00306: val_loss improved from 0.00015 to 0.00014, saving model to ../../model_weights/model_2020-04-27_15-19-48.h5
Epoch 307/8000
 - 9s - loss: 1.6123e-04 - val_loss: 1.9121e-04

Epoch 00307: val_loss did not improve from 0.00014
Epoch 308/8000
 - 9s - loss: 1.7258e-04 - val_loss: 1.3675e-04

Epoch 00308: val_loss improved from 0.00014 to 0.00014, saving model to ../../model_weights/model_2020-04-27_15-19-48.h5
Epoch 309/8000
 - 9s - loss: 1.6225e-04 - val_loss: 1.5323e-04

Epoch 00309: val_loss did not improve from 0.00014
Epoch 310/8000
 - 9s - loss: 1.7439e-04 - val_loss: 1.4671e-04

Epoch 00310: val_loss did not improve from 0.00014
Epoch 311/8000
 - 9s - loss: 1.5471e-04 - val_loss: 1.4733e-04

Epoch 00311: val_loss did not improve from 0.00014
Epoch 312/8000
 - 9s - loss: 1.5973e-04 - val_loss: 2.2858e-04

Epoch 00312: val_loss did not improve from 0.00014
Epoch 313/8000
 - 9s - loss: 1.5673e-04 - val_loss: 1.4762e-04

Epoch 00313: val_loss did not improve from 0.00014
Epoch 314/8000
 - 9s - loss: 1.6375e-04 - val_loss: 1.5160e-04

Epoch 00314: val_loss did not improve from 0.00014
Epoch 315/8000
 - 9s - loss: 1.5280e-04 - val_loss: 1.3913e-04

Epoch 00315: val_loss did not improve from 0.00014
Epoch 316/8000
 - 9s - loss: 1.5961e-04 - val_loss: 1.5587e-04

Epoch 00316: val_loss did not improve from 0.00014
Epoch 317/8000
 - 9s - loss: 1.5712e-04 - val_loss: 1.3957e-04

Epoch 00317: val_loss did not improve from 0.00014
Epoch 318/8000
 - 9s - loss: 1.5337e-04 - val_loss: 1.2947e-04

Epoch 00318: val_loss improved from 0.00014 to 0.00013, saving model to ../../model_weights/model_2020-04-27_15-19-48.h5
Epoch 319/8000
 - 9s - loss: 1.6366e-04 - val_loss: 1.7176e-04

Epoch 00319: val_loss did not improve from 0.00013
Epoch 320/8000
 - 9s - loss: 1.5111e-04 - val_loss: 1.2565e-04

Epoch 00320: val_loss improved from 0.00013 to 0.00013, saving model to ../../model_weights/model_2020-04-27_15-19-48.h5
Epoch 321/8000
 - 9s - loss: 1.5063e-04 - val_loss: 1.6038e-04

Epoch 00321: val_loss did not improve from 0.00013
Epoch 322/8000
 - 9s - loss: 1.4752e-04 - val_loss: 1.3565e-04

Epoch 00322: val_loss did not improve from 0.00013
Epoch 323/8000
 - 9s - loss: 1.6541e-04 - val_loss: 1.2341e-04

Epoch 00323: val_loss improved from 0.00013 to 0.00012, saving model to ../../model_weights/model_2020-04-27_15-19-48.h5
Epoch 324/8000
 - 9s - loss: 1.3520e-04 - val_loss: 1.4637e-04

Epoch 00324: val_loss did not improve from 0.00012
Epoch 325/8000
 - 9s - loss: 1.6573e-04 - val_loss: 3.0510e-04

Epoch 00325: val_loss did not improve from 0.00012
Epoch 326/8000
 - 9s - loss: 1.3813e-04 - val_loss: 1.4987e-04

Epoch 00326: val_loss did not improve from 0.00012
Epoch 327/8000
 - 9s - loss: 1.5102e-04 - val_loss: 1.9917e-04

Epoch 00327: val_loss did not improve from 0.00012
Epoch 328/8000
 - 9s - loss: 1.6179e-04 - val_loss: 1.3356e-04

Epoch 00328: val_loss did not improve from 0.00012
Epoch 329/8000
 - 9s - loss: 1.3074e-04 - val_loss: 1.1417e-04

Epoch 00329: val_loss improved from 0.00012 to 0.00011, saving model to ../../model_weights/model_2020-04-27_15-19-48.h5
Epoch 330/8000
 - 9s - loss: 1.4212e-04 - val_loss: 1.2959e-04

Epoch 00330: val_loss did not improve from 0.00011
Epoch 331/8000
 - 9s - loss: 1.6292e-04 - val_loss: 1.3074e-04

Epoch 00331: val_loss did not improve from 0.00011
Epoch 332/8000
 - 9s - loss: 1.3449e-04 - val_loss: 1.2406e-04

Epoch 00332: val_loss did not improve from 0.00011
Epoch 333/8000
 - 9s - loss: 1.4038e-04 - val_loss: 1.3163e-04

Epoch 00333: val_loss did not improve from 0.00011
Epoch 334/8000
 - 9s - loss: 1.4114e-04 - val_loss: 1.2629e-04

Epoch 00334: val_loss did not improve from 0.00011
Epoch 335/8000
 - 9s - loss: 1.5475e-04 - val_loss: 2.6144e-04

Epoch 00335: val_loss did not improve from 0.00011
Epoch 336/8000
 - 9s - loss: 1.3167e-04 - val_loss: 1.2191e-04

Epoch 00336: val_loss did not improve from 0.00011
Epoch 337/8000
 - 9s - loss: 1.3795e-04 - val_loss: 1.6480e-04

Epoch 00337: val_loss did not improve from 0.00011
Epoch 338/8000
 - 9s - loss: 1.3530e-04 - val_loss: 1.4439e-04

Epoch 00338: val_loss did not improve from 0.00011
Epoch 339/8000
 - 9s - loss: 1.4164e-04 - val_loss: 1.4683e-04

Epoch 00339: val_loss did not improve from 0.00011
Epoch 340/8000
 - 9s - loss: 1.4285e-04 - val_loss: 1.3261e-04

Epoch 00340: val_loss did not improve from 0.00011
Epoch 341/8000
 - 9s - loss: 1.3216e-04 - val_loss: 1.3717e-04

Epoch 00341: val_loss did not improve from 0.00011
Epoch 342/8000
 - 9s - loss: 1.5217e-04 - val_loss: 1.2876e-04

Epoch 00342: val_loss did not improve from 0.00011
Epoch 343/8000
 - 9s - loss: 1.3205e-04 - val_loss: 1.2513e-04

Epoch 00343: val_loss did not improve from 0.00011
Epoch 344/8000
 - 9s - loss: 1.3523e-04 - val_loss: 1.5789e-04

Epoch 00344: val_loss did not improve from 0.00011
Epoch 345/8000
 - 9s - loss: 1.2828e-04 - val_loss: 1.1815e-04

Epoch 00345: val_loss did not improve from 0.00011
Epoch 346/8000
 - 9s - loss: 1.3364e-04 - val_loss: 1.1899e-04

Epoch 00346: val_loss did not improve from 0.00011
Epoch 347/8000
 - 9s - loss: 1.3519e-04 - val_loss: 1.2148e-04

Epoch 00347: val_loss did not improve from 0.00011
Epoch 348/8000
 - 9s - loss: 1.2928e-04 - val_loss: 1.3786e-04

Epoch 00348: val_loss did not improve from 0.00011
Epoch 349/8000
 - 9s - loss: 1.3487e-04 - val_loss: 1.2227e-04

Epoch 00349: val_loss did not improve from 0.00011
Epoch 350/8000
 - 9s - loss: 1.2359e-04 - val_loss: 1.3342e-04

Epoch 00350: val_loss did not improve from 0.00011
Epoch 351/8000
 - 9s - loss: 1.4833e-04 - val_loss: 1.3821e-04

Epoch 00351: val_loss did not improve from 0.00011
Epoch 352/8000
 - 9s - loss: 1.1670e-04 - val_loss: 1.3072e-04

Epoch 00352: val_loss did not improve from 0.00011
Epoch 353/8000
 - 9s - loss: 1.2748e-04 - val_loss: 1.3935e-04

Epoch 00353: val_loss did not improve from 0.00011
Epoch 354/8000
 - 9s - loss: 1.2892e-04 - val_loss: 1.1336e-04

Epoch 00354: val_loss improved from 0.00011 to 0.00011, saving model to ../../model_weights/model_2020-04-27_15-19-48.h5
Epoch 355/8000
 - 9s - loss: 1.2383e-04 - val_loss: 1.6236e-04

Epoch 00355: val_loss did not improve from 0.00011
Epoch 356/8000
 - 9s - loss: 1.3466e-04 - val_loss: 1.6091e-04

Epoch 00356: val_loss did not improve from 0.00011
Epoch 357/8000
 - 9s - loss: 1.1567e-04 - val_loss: 1.3534e-04

Epoch 00357: val_loss did not improve from 0.00011
Epoch 358/8000
 - 9s - loss: 1.2673e-04 - val_loss: 1.3905e-04

Epoch 00358: val_loss did not improve from 0.00011
Epoch 359/8000
 - 9s - loss: 1.2595e-04 - val_loss: 1.1148e-04

Epoch 00359: val_loss improved from 0.00011 to 0.00011, saving model to ../../model_weights/model_2020-04-27_15-19-48.h5
Epoch 360/8000
 - 9s - loss: 1.2540e-04 - val_loss: 1.2100e-04

Epoch 00360: val_loss did not improve from 0.00011
Epoch 361/8000
 - 9s - loss: 1.1952e-04 - val_loss: 1.2835e-04

Epoch 00361: val_loss did not improve from 0.00011
Epoch 362/8000
 - 9s - loss: 1.3417e-04 - val_loss: 1.1006e-04

Epoch 00362: val_loss improved from 0.00011 to 0.00011, saving model to ../../model_weights/model_2020-04-27_15-19-48.h5
Epoch 363/8000
 - 9s - loss: 1.1488e-04 - val_loss: 1.1382e-04

Epoch 00363: val_loss did not improve from 0.00011
Epoch 364/8000
 - 9s - loss: 1.1395e-04 - val_loss: 1.7993e-04

Epoch 00364: val_loss did not improve from 0.00011
Epoch 365/8000
 - 9s - loss: 1.2312e-04 - val_loss: 1.4516e-04

Epoch 00365: val_loss did not improve from 0.00011
Epoch 366/8000
 - 9s - loss: 1.2047e-04 - val_loss: 2.4015e-04

Epoch 00366: val_loss did not improve from 0.00011
Epoch 367/8000
 - 9s - loss: 1.1954e-04 - val_loss: 1.0991e-04

Epoch 00367: val_loss improved from 0.00011 to 0.00011, saving model to ../../model_weights/model_2020-04-27_15-19-48.h5
Epoch 368/8000
 - 9s - loss: 1.2194e-04 - val_loss: 1.0508e-04

Epoch 00368: val_loss improved from 0.00011 to 0.00011, saving model to ../../model_weights/model_2020-04-27_15-19-48.h5
Epoch 369/8000
 - 9s - loss: 1.1034e-04 - val_loss: 1.1092e-04

Epoch 00369: val_loss did not improve from 0.00011
Epoch 370/8000
 - 9s - loss: 1.1478e-04 - val_loss: 1.0974e-04

Epoch 00370: val_loss did not improve from 0.00011
Epoch 371/8000
 - 9s - loss: 1.1708e-04 - val_loss: 1.4724e-04

Epoch 00371: val_loss did not improve from 0.00011
Epoch 372/8000
 - 9s - loss: 1.1992e-04 - val_loss: 9.7068e-05

Epoch 00372: val_loss improved from 0.00011 to 0.00010, saving model to ../../model_weights/model_2020-04-27_15-19-48.h5
Epoch 373/8000
 - 9s - loss: 1.1289e-04 - val_loss: 1.3110e-04

Epoch 00373: val_loss did not improve from 0.00010
Epoch 374/8000
 - 9s - loss: 1.1381e-04 - val_loss: 9.9563e-05

Epoch 00374: val_loss did not improve from 0.00010
Epoch 375/8000
 - 9s - loss: 1.1690e-04 - val_loss: 1.3109e-04

Epoch 00375: val_loss did not improve from 0.00010
Epoch 376/8000
 - 9s - loss: 1.1364e-04 - val_loss: 1.0400e-04

Epoch 00376: val_loss did not improve from 0.00010
Epoch 377/8000
 - 9s - loss: 1.1240e-04 - val_loss: 1.0566e-04

Epoch 00377: val_loss did not improve from 0.00010
Epoch 378/8000
 - 9s - loss: 1.1278e-04 - val_loss: 1.2648e-04

Epoch 00378: val_loss did not improve from 0.00010
Epoch 379/8000
 - 9s - loss: 1.1680e-04 - val_loss: 1.4707e-04

Epoch 00379: val_loss did not improve from 0.00010
Epoch 380/8000
 - 9s - loss: 1.0435e-04 - val_loss: 1.1753e-04

Epoch 00380: val_loss did not improve from 0.00010
Epoch 381/8000
 - 9s - loss: 1.1533e-04 - val_loss: 1.6181e-04

Epoch 00381: val_loss did not improve from 0.00010
Epoch 382/8000
 - 9s - loss: 1.0972e-04 - val_loss: 1.1338e-04

Epoch 00382: val_loss did not improve from 0.00010
Epoch 383/8000
 - 9s - loss: 1.1232e-04 - val_loss: 9.6745e-05

Epoch 00383: val_loss improved from 0.00010 to 0.00010, saving model to ../../model_weights/model_2020-04-27_15-19-48.h5
Epoch 384/8000
 - 9s - loss: 1.0755e-04 - val_loss: 1.0003e-04

Epoch 00384: val_loss did not improve from 0.00010
Epoch 385/8000
 - 9s - loss: 1.0709e-04 - val_loss: 1.0468e-04

Epoch 00385: val_loss did not improve from 0.00010
Epoch 386/8000
 - 9s - loss: 1.1678e-04 - val_loss: 1.0317e-04

Epoch 00386: val_loss did not improve from 0.00010
Epoch 387/8000
 - 9s - loss: 1.0177e-04 - val_loss: 1.0459e-04

Epoch 00387: val_loss did not improve from 0.00010
Epoch 388/8000
 - 9s - loss: 1.0740e-04 - val_loss: 1.0211e-04

Epoch 00388: val_loss did not improve from 0.00010
Epoch 389/8000
 - 9s - loss: 1.0515e-04 - val_loss: 9.1997e-05

Epoch 00389: val_loss improved from 0.00010 to 0.00009, saving model to ../../model_weights/model_2020-04-27_15-19-48.h5
Epoch 390/8000
 - 9s - loss: 1.0669e-04 - val_loss: 9.2129e-05

Epoch 00390: val_loss did not improve from 0.00009
Epoch 391/8000
 - 9s - loss: 1.4004e-04 - val_loss: 9.2187e-05

Epoch 00391: val_loss did not improve from 0.00009
Epoch 392/8000
 - 9s - loss: 8.7968e-05 - val_loss: 1.0042e-04

Epoch 00392: val_loss did not improve from 0.00009
Epoch 393/8000
 - 9s - loss: 1.2556e-04 - val_loss: 9.1122e-05

Epoch 00393: val_loss improved from 0.00009 to 0.00009, saving model to ../../model_weights/model_2020-04-27_15-19-48.h5
Epoch 394/8000
 - 9s - loss: 9.2235e-05 - val_loss: 1.2386e-04

Epoch 00394: val_loss did not improve from 0.00009
Epoch 395/8000
 - 9s - loss: 1.0366e-04 - val_loss: 1.0213e-04

Epoch 00395: val_loss did not improve from 0.00009
Epoch 396/8000
 - 9s - loss: 1.0814e-04 - val_loss: 1.9141e-04

Epoch 00396: val_loss did not improve from 0.00009
Epoch 397/8000
 - 9s - loss: 9.7220e-05 - val_loss: 1.0550e-04

Epoch 00397: val_loss did not improve from 0.00009
Epoch 398/8000
 - 9s - loss: 1.0845e-04 - val_loss: 8.8480e-05

Epoch 00398: val_loss improved from 0.00009 to 0.00009, saving model to ../../model_weights/model_2020-04-27_15-19-48.h5
Epoch 399/8000
 - 9s - loss: 1.0064e-04 - val_loss: 8.6790e-05

Epoch 00399: val_loss improved from 0.00009 to 0.00009, saving model to ../../model_weights/model_2020-04-27_15-19-48.h5
Epoch 400/8000
 - 9s - loss: 1.0472e-04 - val_loss: 1.0531e-04

Epoch 00400: val_loss did not improve from 0.00009
Epoch 401/8000
 - 9s - loss: 1.2378e-04 - val_loss: 8.8932e-05

Epoch 00401: val_loss did not improve from 0.00009
Epoch 402/8000
 - 9s - loss: 8.4663e-05 - val_loss: 9.7212e-05

Epoch 00402: val_loss did not improve from 0.00009
Epoch 403/8000
 - 9s - loss: 9.9111e-05 - val_loss: 1.6366e-04

Epoch 00403: val_loss did not improve from 0.00009
Epoch 404/8000
 - 9s - loss: 9.5806e-05 - val_loss: 1.6923e-04

Epoch 00404: val_loss did not improve from 0.00009
Epoch 405/8000
 - 9s - loss: 1.0156e-04 - val_loss: 8.5067e-05

Epoch 00405: val_loss improved from 0.00009 to 0.00009, saving model to ../../model_weights/model_2020-04-27_15-19-48.h5
Epoch 406/8000
 - 9s - loss: 1.0238e-04 - val_loss: 1.2614e-04

Epoch 00406: val_loss did not improve from 0.00009
Epoch 407/8000
 - 9s - loss: 9.7151e-05 - val_loss: 1.0407e-04

Epoch 00407: val_loss did not improve from 0.00009
Epoch 408/8000
 - 9s - loss: 1.0896e-04 - val_loss: 1.2174e-04

Epoch 00408: val_loss did not improve from 0.00009
Epoch 409/8000
 - 9s - loss: 8.5716e-05 - val_loss: 1.0359e-04

Epoch 00409: val_loss did not improve from 0.00009
Epoch 410/8000
 - 9s - loss: 1.0674e-04 - val_loss: 1.0032e-04

Epoch 00410: val_loss did not improve from 0.00009
Epoch 411/8000
 - 9s - loss: 8.7681e-05 - val_loss: 8.5098e-05

Epoch 00411: val_loss did not improve from 0.00009
Epoch 412/8000
 - 9s - loss: 9.6309e-05 - val_loss: 1.0913e-04

Epoch 00412: val_loss did not improve from 0.00009
Epoch 413/8000
 - 9s - loss: 9.6154e-05 - val_loss: 1.1759e-04

Epoch 00413: val_loss did not improve from 0.00009
Epoch 414/8000
 - 9s - loss: 1.0099e-04 - val_loss: 8.9577e-05

Epoch 00414: val_loss did not improve from 0.00009
Epoch 415/8000
 - 9s - loss: 9.4037e-05 - val_loss: 1.0758e-04

Epoch 00415: val_loss did not improve from 0.00009
Epoch 416/8000
 - 9s - loss: 9.2980e-05 - val_loss: 9.6256e-05

Epoch 00416: val_loss did not improve from 0.00009
Epoch 417/8000
 - 9s - loss: 9.2868e-05 - val_loss: 8.8135e-05

Epoch 00417: val_loss did not improve from 0.00009
Epoch 418/8000
 - 9s - loss: 9.8405e-05 - val_loss: 1.3349e-04

Epoch 00418: val_loss did not improve from 0.00009
Epoch 419/8000
 - 9s - loss: 9.1857e-05 - val_loss: 1.0515e-04

Epoch 00419: val_loss did not improve from 0.00009
Epoch 420/8000
 - 9s - loss: 1.0087e-04 - val_loss: 8.9008e-05

Epoch 00420: val_loss did not improve from 0.00009
Epoch 421/8000
 - 9s - loss: 8.8472e-05 - val_loss: 8.8383e-05

Epoch 00421: val_loss did not improve from 0.00009
Epoch 422/8000
 - 9s - loss: 8.9643e-05 - val_loss: 1.1332e-04

Epoch 00422: val_loss did not improve from 0.00009
Epoch 423/8000
 - 9s - loss: 9.5950e-05 - val_loss: 9.9229e-05

Epoch 00423: val_loss did not improve from 0.00009
Epoch 00423: early stopping
