2020-08-30 17:16:33.899955: I tensorflow/core/platform/cpu_feature_guard.cc:141] Your CPU supports instructions that this TensorFlow binary was not compiled to use: SSE4.1 SSE4.2 AVX
2020-08-30 17:16:34.224089: I tensorflow/stream_executor/cuda/cuda_gpu_executor.cc:897] successful NUMA node read from SysFS had negative value (-1), but there must be at least one NUMA node, so returning NUMA node zero
2020-08-30 17:16:34.224620: I tensorflow/core/common_runtime/gpu/gpu_device.cc:1405] Found device 0 with properties: 
name: TITAN Xp major: 6 minor: 1 memoryClockRate(GHz): 1.582
pciBusID: 0000:01:00.0
totalMemory: 11.91GiB freeMemory: 11.75GiB
2020-08-30 17:16:34.224637: I tensorflow/core/common_runtime/gpu/gpu_device.cc:1484] Adding visible gpu devices: 0
2020-08-30 17:16:34.505008: I tensorflow/core/common_runtime/gpu/gpu_device.cc:965] Device interconnect StreamExecutor with strength 1 edge matrix:
2020-08-30 17:16:34.505053: I tensorflow/core/common_runtime/gpu/gpu_device.cc:971]      0 
2020-08-30 17:16:34.505062: I tensorflow/core/common_runtime/gpu/gpu_device.cc:984] 0:   N 
2020-08-30 17:16:34.505331: I tensorflow/core/common_runtime/gpu/gpu_device.cc:1097] Created TensorFlow device (/job:localhost/replica:0/task:0/device:GPU:0 with 11366 MB memory) -> physical GPU (device: 0, name: TITAN Xp, pci bus id: 0000:01:00.0, compute capability: 6.1)
2020-08-30 17:16:35.251133: I tensorflow/core/kernels/cuda_solvers.cc:159] Creating CudaSolver handles for stream 0x55eeb9470ee0
Epoch 1/8000

Epoch 00001: val_loss improved from inf to 508.52172, saving model to ../../model_weights/model_2020-08-30_17-16-33.h5
 - 338s - loss: 595.2293 - kl_loss: 0.9589 - val_loss: 508.5217 - val_kl_loss: 2.4003
Epoch 2/8000

Epoch 00002: val_loss improved from 508.52172 to 344.63571, saving model to ../../model_weights/model_2020-08-30_17-16-33.h5
 - 338s - loss: 466.6275 - kl_loss: 7.0340 - val_loss: 344.6357 - val_kl_loss: 9.1271
Epoch 3/8000

Epoch 00003: val_loss improved from 344.63571 to 296.21589, saving model to ../../model_weights/model_2020-08-30_17-16-33.h5
 - 338s - loss: 378.0366 - kl_loss: 9.1761 - val_loss: 296.2159 - val_kl_loss: 11.4290
Epoch 4/8000

Epoch 00004: val_loss improved from 296.21589 to 293.61200, saving model to ../../model_weights/model_2020-08-30_17-16-33.h5
 - 337s - loss: 340.0174 - kl_loss: 10.6316 - val_loss: 293.6120 - val_kl_loss: 10.4322
Epoch 5/8000

Epoch 00005: val_loss improved from 293.61200 to 253.58337, saving model to ../../model_weights/model_2020-08-30_17-16-33.h5
 - 337s - loss: 312.9729 - kl_loss: 11.2088 - val_loss: 253.5834 - val_kl_loss: 11.5447
Epoch 6/8000

Epoch 00006: val_loss improved from 253.58337 to 232.40089, saving model to ../../model_weights/model_2020-08-30_17-16-33.h5
 - 338s - loss: 293.5109 - kl_loss: 12.6560 - val_loss: 232.4009 - val_kl_loss: 14.8812
Epoch 7/8000

Epoch 00007: val_loss did not improve from 232.40089
 - 336s - loss: 281.6559 - kl_loss: 13.3430 - val_loss: 273.2786 - val_kl_loss: 13.1994
Epoch 8/8000

Epoch 00008: val_loss did not improve from 232.40089
 - 341s - loss: 276.8637 - kl_loss: 13.5507 - val_loss: 249.6337 - val_kl_loss: 15.7674
Epoch 9/8000

Epoch 00009: val_loss improved from 232.40089 to 202.68199, saving model to ../../model_weights/model_2020-08-30_17-16-33.h5
 - 339s - loss: 261.1942 - kl_loss: 14.1115 - val_loss: 202.6820 - val_kl_loss: 14.2279
Epoch 10/8000

Epoch 00010: val_loss improved from 202.68199 to 191.11559, saving model to ../../model_weights/model_2020-08-30_17-16-33.h5
 - 338s - loss: 259.1721 - kl_loss: 14.5352 - val_loss: 191.1156 - val_kl_loss: 14.3084
Epoch 11/8000

Epoch 00011: val_loss did not improve from 191.11559
 - 339s - loss: 252.2778 - kl_loss: 14.7100 - val_loss: 237.5562 - val_kl_loss: 13.9642
Epoch 12/8000

Epoch 00012: val_loss did not improve from 191.11559
 - 337s - loss: 252.9627 - kl_loss: 15.3411 - val_loss: 201.6397 - val_kl_loss: 15.7210
Epoch 13/8000

Epoch 00013: val_loss did not improve from 191.11559
 - 338s - loss: 261.7555 - kl_loss: 15.6320 - val_loss: 211.4160 - val_kl_loss: 14.9895
Epoch 14/8000

Epoch 00014: val_loss did not improve from 191.11559
 - 338s - loss: 264.9625 - kl_loss: 15.8513 - val_loss: 245.0115 - val_kl_loss: 12.7771
Epoch 15/8000

Epoch 00015: val_loss did not improve from 191.11559
 - 342s - loss: 236.3552 - kl_loss: 15.9758 - val_loss: 202.5066 - val_kl_loss: 17.1163
Epoch 16/8000

Epoch 00016: val_loss did not improve from 191.11559
 - 338s - loss: 238.6378 - kl_loss: 15.7696 - val_loss: 203.2722 - val_kl_loss: 14.0345
Epoch 17/8000

Epoch 00017: val_loss did not improve from 191.11559
 - 339s - loss: 242.3646 - kl_loss: 15.6114 - val_loss: 201.5879 - val_kl_loss: 20.0834
Epoch 18/8000

Epoch 00018: val_loss did not improve from 191.11559
 - 340s - loss: 242.4815 - kl_loss: 16.1675 - val_loss: 218.9680 - val_kl_loss: 14.0646
Epoch 19/8000

Epoch 00019: val_loss did not improve from 191.11559
 - 336s - loss: 241.2453 - kl_loss: 16.8742 - val_loss: 197.1480 - val_kl_loss: 20.3428
Epoch 20/8000

Epoch 00020: val_loss did not improve from 191.11559
 - 339s - loss: 242.7965 - kl_loss: 16.8572 - val_loss: 237.5233 - val_kl_loss: 22.7024
Epoch 21/8000

Epoch 00021: val_loss did not improve from 191.11559
 - 338s - loss: 246.4119 - kl_loss: 17.4096 - val_loss: 253.1925 - val_kl_loss: 12.3551
Epoch 22/8000

Epoch 00022: val_loss did not improve from 191.11559
 - 342s - loss: 245.6332 - kl_loss: 17.0163 - val_loss: 191.7045 - val_kl_loss: 17.1324
Epoch 23/8000

Epoch 00023: val_loss did not improve from 191.11559
 - 339s - loss: 247.0971 - kl_loss: 16.7716 - val_loss: 197.1867 - val_kl_loss: 16.5114
Epoch 24/8000

Epoch 00024: val_loss did not improve from 191.11559
 - 338s - loss: 247.9382 - kl_loss: 17.7880 - val_loss: 213.3107 - val_kl_loss: 15.6804
Epoch 25/8000

Epoch 00025: val_loss improved from 191.11559 to 180.26641, saving model to ../../model_weights/model_2020-08-30_17-16-33.h5
 - 341s - loss: 233.6196 - kl_loss: 18.0421 - val_loss: 180.2664 - val_kl_loss: 21.2425
Epoch 26/8000

Epoch 00026: val_loss did not improve from 180.26641
 - 337s - loss: 239.8941 - kl_loss: 18.4021 - val_loss: 181.2178 - val_kl_loss: 21.6369
Epoch 27/8000

Epoch 00027: val_loss did not improve from 180.26641
 - 338s - loss: 235.2752 - kl_loss: 17.7216 - val_loss: 189.0977 - val_kl_loss: 16.5253
Epoch 28/8000

Epoch 00028: val_loss did not improve from 180.26641
 - 338s - loss: 245.1306 - kl_loss: 17.4240 - val_loss: 189.7018 - val_kl_loss: 17.2281
Epoch 29/8000

Epoch 00029: val_loss improved from 180.26641 to 179.61328, saving model to ../../model_weights/model_2020-08-30_17-16-33.h5
 - 343s - loss: 245.2722 - kl_loss: 17.4147 - val_loss: 179.6133 - val_kl_loss: 19.7401
Epoch 30/8000

Epoch 00030: val_loss did not improve from 179.61328
 - 338s - loss: 229.6778 - kl_loss: 17.3562 - val_loss: 188.5494 - val_kl_loss: 19.2399
Epoch 31/8000

Epoch 00031: val_loss did not improve from 179.61328
 - 339s - loss: 219.9920 - kl_loss: 17.9502 - val_loss: 220.3790 - val_kl_loss: 16.1036
Epoch 32/8000

Epoch 00032: val_loss did not improve from 179.61328
 - 341s - loss: 222.9067 - kl_loss: 17.7638 - val_loss: 184.1491 - val_kl_loss: 18.2231
Epoch 33/8000

Epoch 00033: val_loss did not improve from 179.61328
 - 336s - loss: 218.1597 - kl_loss: 17.8488 - val_loss: 181.1760 - val_kl_loss: 15.9422
Epoch 34/8000

Epoch 00034: val_loss did not improve from 179.61328
 - 339s - loss: 217.2233 - kl_loss: 18.2194 - val_loss: 192.6166 - val_kl_loss: 16.6345
Epoch 35/8000

Epoch 00035: val_loss improved from 179.61328 to 175.40909, saving model to ../../model_weights/model_2020-08-30_17-16-33.h5
 - 339s - loss: 205.5496 - kl_loss: 18.0645 - val_loss: 175.4091 - val_kl_loss: 18.6426
Epoch 36/8000

Epoch 00036: val_loss did not improve from 175.40909
 - 342s - loss: 216.3694 - kl_loss: 18.3051 - val_loss: 210.8589 - val_kl_loss: 16.9458
Epoch 37/8000

Epoch 00037: val_loss did not improve from 175.40909
 - 339s - loss: 219.6566 - kl_loss: 18.3338 - val_loss: 181.7357 - val_kl_loss: 19.2800
Epoch 38/8000

Epoch 00038: val_loss improved from 175.40909 to 162.69101, saving model to ../../model_weights/model_2020-08-30_17-16-33.h5
 - 340s - loss: 205.0466 - kl_loss: 18.1191 - val_loss: 162.6910 - val_kl_loss: 16.0746
Epoch 39/8000

Epoch 00039: val_loss did not improve from 162.69101
 - 340s - loss: 205.2717 - kl_loss: 17.6529 - val_loss: 187.2540 - val_kl_loss: 16.0566
Epoch 40/8000

Epoch 00040: val_loss did not improve from 162.69101
 - 338s - loss: 197.2613 - kl_loss: 17.3798 - val_loss: 164.7112 - val_kl_loss: 18.1785
Epoch 41/8000

Epoch 00041: val_loss did not improve from 162.69101
 - 339s - loss: 180.6239 - kl_loss: 16.9577 - val_loss: 174.5296 - val_kl_loss: 16.1951
Epoch 42/8000

Epoch 00042: val_loss improved from 162.69101 to 159.77250, saving model to ../../model_weights/model_2020-08-30_17-16-33.h5
 - 338s - loss: 208.4031 - kl_loss: 16.8058 - val_loss: 159.7725 - val_kl_loss: 16.6129
Epoch 43/8000

Epoch 00043: val_loss improved from 159.77250 to 158.46580, saving model to ../../model_weights/model_2020-08-30_17-16-33.h5
 - 343s - loss: 201.1949 - kl_loss: 16.5952 - val_loss: 158.4658 - val_kl_loss: 16.2172
Epoch 44/8000

Epoch 00044: val_loss did not improve from 158.46580
 - 339s - loss: 201.2097 - kl_loss: 16.3731 - val_loss: 188.1927 - val_kl_loss: 18.0379
Epoch 45/8000

Epoch 00045: val_loss improved from 158.46580 to 149.74125, saving model to ../../model_weights/model_2020-08-30_17-16-33.h5
 - 339s - loss: 197.3997 - kl_loss: 16.7095 - val_loss: 149.7413 - val_kl_loss: 16.8385
Epoch 46/8000

Epoch 00046: val_loss did not improve from 149.74125
 - 341s - loss: 191.9137 - kl_loss: 16.5516 - val_loss: 158.4535 - val_kl_loss: 17.6513
Epoch 47/8000

Epoch 00047: val_loss did not improve from 149.74125
 - 336s - loss: 184.8616 - kl_loss: 16.2617 - val_loss: 158.9322 - val_kl_loss: 19.2215
Epoch 48/8000

Epoch 00048: val_loss did not improve from 149.74125
 - 338s - loss: 196.4408 - kl_loss: 16.0715 - val_loss: 150.6884 - val_kl_loss: 17.2840
Epoch 49/8000

Epoch 00049: val_loss did not improve from 149.74125
 - 339s - loss: 181.3265 - kl_loss: 16.0029 - val_loss: 150.0333 - val_kl_loss: 15.8785
Epoch 50/8000

Epoch 00050: val_loss improved from 149.74125 to 145.12026, saving model to ../../model_weights/model_2020-08-30_17-16-33.h5
 - 343s - loss: 179.2170 - kl_loss: 15.9274 - val_loss: 145.1203 - val_kl_loss: 15.0836
Epoch 51/8000

Epoch 00051: val_loss did not improve from 145.12026
 - 338s - loss: 187.1460 - kl_loss: 15.9394 - val_loss: 164.6650 - val_kl_loss: 14.5258
Epoch 52/8000

Epoch 00052: val_loss did not improve from 145.12026
 - 339s - loss: 179.1959 - kl_loss: 16.1761 - val_loss: 147.9072 - val_kl_loss: 13.6902
Epoch 53/8000

Epoch 00053: val_loss did not improve from 145.12026
 - 341s - loss: 176.9558 - kl_loss: 16.0992 - val_loss: 150.3280 - val_kl_loss: 17.4812
Epoch 54/8000

Epoch 00054: val_loss did not improve from 145.12026
 - 336s - loss: 183.4238 - kl_loss: 16.1349 - val_loss: 154.0145 - val_kl_loss: 15.2323
Epoch 55/8000

Epoch 00055: val_loss did not improve from 145.12026
 - 339s - loss: 183.3544 - kl_loss: 16.0361 - val_loss: 149.8877 - val_kl_loss: 16.7912
Epoch 56/8000

Epoch 00056: val_loss did not improve from 145.12026
 - 339s - loss: 179.7634 - kl_loss: 16.0692 - val_loss: 167.7311 - val_kl_loss: 13.8806
Epoch 57/8000

Epoch 00057: val_loss did not improve from 145.12026
 - 342s - loss: 187.1447 - kl_loss: 16.1297 - val_loss: 151.5268 - val_kl_loss: 16.4900
Epoch 58/8000

Epoch 00058: val_loss did not improve from 145.12026
 - 339s - loss: 186.5842 - kl_loss: 16.3272 - val_loss: 152.7009 - val_kl_loss: 16.9003
Epoch 59/8000

Epoch 00059: val_loss did not improve from 145.12026
 - 339s - loss: 185.9771 - kl_loss: 16.4143 - val_loss: 151.5977 - val_kl_loss: 16.4707
Epoch 60/8000

Epoch 00060: val_loss did not improve from 145.12026
 - 339s - loss: 181.5373 - kl_loss: 16.3407 - val_loss: 190.1811 - val_kl_loss: 17.7589
Epoch 61/8000

Epoch 00061: val_loss did not improve from 145.12026
 - 337s - loss: 178.3003 - kl_loss: 16.1280 - val_loss: 168.5504 - val_kl_loss: 16.4325
Epoch 62/8000

Epoch 00062: val_loss did not improve from 145.12026
 - 339s - loss: 174.5934 - kl_loss: 16.1466 - val_loss: 161.8880 - val_kl_loss: 17.4168
Epoch 63/8000

Epoch 00063: val_loss improved from 145.12026 to 143.93445, saving model to ../../model_weights/model_2020-08-30_17-16-33.h5
 - 338s - loss: 175.2568 - kl_loss: 16.0569 - val_loss: 143.9345 - val_kl_loss: 16.1714
Epoch 64/8000

Epoch 00064: val_loss improved from 143.93445 to 136.94552, saving model to ../../model_weights/model_2020-08-30_17-16-33.h5
 - 343s - loss: 161.6971 - kl_loss: 16.2049 - val_loss: 136.9455 - val_kl_loss: 15.6367
Epoch 65/8000

Epoch 00065: val_loss did not improve from 136.94552
 - 339s - loss: 166.5272 - kl_loss: 16.1058 - val_loss: 147.0613 - val_kl_loss: 14.8007
Epoch 66/8000

Epoch 00066: val_loss did not improve from 136.94552
 - 338s - loss: 160.1255 - kl_loss: 15.9175 - val_loss: 142.3035 - val_kl_loss: 15.8753
Epoch 67/8000

Epoch 00067: val_loss did not improve from 136.94552
 - 341s - loss: 167.1661 - kl_loss: 15.7854 - val_loss: 147.7237 - val_kl_loss: 15.2558
Epoch 68/8000

Epoch 00068: val_loss did not improve from 136.94552
 - 337s - loss: 163.8363 - kl_loss: 15.6867 - val_loss: 143.3491 - val_kl_loss: 16.1671
Epoch 69/8000

Epoch 00069: val_loss did not improve from 136.94552
 - 338s - loss: 174.1734 - kl_loss: 15.6807 - val_loss: 139.5395 - val_kl_loss: 14.4889
Epoch 70/8000

Epoch 00070: val_loss did not improve from 136.94552
 - 338s - loss: 164.4731 - kl_loss: 15.4526 - val_loss: 149.9786 - val_kl_loss: 17.3486
Epoch 71/8000

Epoch 00071: val_loss did not improve from 136.94552
 - 343s - loss: 159.4463 - kl_loss: 15.5074 - val_loss: 139.0830 - val_kl_loss: 16.3023
Epoch 72/8000

Epoch 00072: val_loss improved from 136.94552 to 133.44379, saving model to ../../model_weights/model_2020-08-30_17-16-33.h5
 - 339s - loss: 157.3028 - kl_loss: 15.4136 - val_loss: 133.4438 - val_kl_loss: 14.2641
Epoch 73/8000

Epoch 00073: val_loss did not improve from 133.44379
 - 339s - loss: 157.1312 - kl_loss: 15.4910 - val_loss: 141.2615 - val_kl_loss: 14.7194
Epoch 74/8000

Epoch 00074: val_loss did not improve from 133.44379
 - 341s - loss: 160.0349 - kl_loss: 15.4019 - val_loss: 142.9099 - val_kl_loss: 15.8837
Epoch 75/8000

Epoch 00075: val_loss did not improve from 133.44379
 - 337s - loss: 161.1358 - kl_loss: 15.6404 - val_loss: 135.8423 - val_kl_loss: 14.3527
Epoch 76/8000

Epoch 00076: val_loss did not improve from 133.44379
 - 338s - loss: 151.3227 - kl_loss: 15.4509 - val_loss: 137.0785 - val_kl_loss: 14.4814
Epoch 77/8000

Epoch 00077: val_loss improved from 133.44379 to 132.25566, saving model to ../../model_weights/model_2020-08-30_17-16-33.h5
 - 339s - loss: 149.2016 - kl_loss: 15.4490 - val_loss: 132.2557 - val_kl_loss: 15.3350
Epoch 78/8000

Epoch 00078: val_loss improved from 132.25566 to 131.12188, saving model to ../../model_weights/model_2020-08-30_17-16-33.h5
 - 342s - loss: 152.8125 - kl_loss: 15.4899 - val_loss: 131.1219 - val_kl_loss: 14.7926
Epoch 79/8000

Epoch 00079: val_loss did not improve from 131.12188
 - 339s - loss: 147.9407 - kl_loss: 15.4368 - val_loss: 131.4759 - val_kl_loss: 15.5393
Epoch 80/8000

Epoch 00080: val_loss improved from 131.12188 to 127.93524, saving model to ../../model_weights/model_2020-08-30_17-16-33.h5
 - 339s - loss: 146.4742 - kl_loss: 15.2662 - val_loss: 127.9352 - val_kl_loss: 16.0764
Epoch 81/8000

Epoch 00081: val_loss did not improve from 127.93524
 - 339s - loss: 154.1473 - kl_loss: 15.4212 - val_loss: 137.3611 - val_kl_loss: 15.6999
Epoch 82/8000

Epoch 00082: val_loss did not improve from 127.93524
 - 337s - loss: 150.4882 - kl_loss: 15.3273 - val_loss: 137.1770 - val_kl_loss: 15.4951
Epoch 83/8000

Epoch 00083: val_loss did not improve from 127.93524
 - 340s - loss: 150.5043 - kl_loss: 15.1844 - val_loss: 131.2514 - val_kl_loss: 15.1639
Epoch 84/8000

Epoch 00084: val_loss did not improve from 127.93524
 - 338s - loss: 149.1530 - kl_loss: 15.1200 - val_loss: 128.2422 - val_kl_loss: 14.3491
Epoch 85/8000

Epoch 00085: val_loss did not improve from 127.93524
 - 342s - loss: 148.4626 - kl_loss: 14.9570 - val_loss: 135.7255 - val_kl_loss: 16.2500
Epoch 86/8000

Epoch 00086: val_loss did not improve from 127.93524
 - 340s - loss: 147.7229 - kl_loss: 15.0927 - val_loss: 140.5358 - val_kl_loss: 15.6781
Epoch 87/8000

Epoch 00087: val_loss did not improve from 127.93524
 - 338s - loss: 143.1945 - kl_loss: 15.1542 - val_loss: 130.7845 - val_kl_loss: 14.9807
Epoch 88/8000

Epoch 00088: val_loss did not improve from 127.93524
 - 340s - loss: 143.9616 - kl_loss: 15.0638 - val_loss: 145.2068 - val_kl_loss: 15.3742
Epoch 89/8000

Epoch 00089: val_loss improved from 127.93524 to 126.07042, saving model to ../../model_weights/model_2020-08-30_17-16-33.h5
 - 338s - loss: 136.6022 - kl_loss: 15.1694 - val_loss: 126.0704 - val_kl_loss: 14.5390
Epoch 90/8000

Epoch 00090: val_loss improved from 126.07042 to 120.42956, saving model to ../../model_weights/model_2020-08-30_17-16-33.h5
 - 338s - loss: 138.2618 - kl_loss: 15.0375 - val_loss: 120.4296 - val_kl_loss: 15.0341
Epoch 91/8000

Epoch 00091: val_loss did not improve from 120.42956
 - 338s - loss: 138.5032 - kl_loss: 15.0575 - val_loss: 120.5300 - val_kl_loss: 14.9422
Epoch 92/8000

Epoch 00092: val_loss did not improve from 120.42956
 - 343s - loss: 140.0794 - kl_loss: 14.9797 - val_loss: 121.4019 - val_kl_loss: 14.1209
Epoch 93/8000

Epoch 00093: val_loss did not improve from 120.42956
 - 339s - loss: 139.4843 - kl_loss: 15.1017 - val_loss: 123.2385 - val_kl_loss: 14.3706
Epoch 94/8000

Epoch 00094: val_loss did not improve from 120.42956
 - 338s - loss: 139.8726 - kl_loss: 14.9877 - val_loss: 125.0709 - val_kl_loss: 13.7777
Epoch 95/8000

Epoch 00095: val_loss did not improve from 120.42956
 - 340s - loss: 137.1601 - kl_loss: 14.9753 - val_loss: 133.5844 - val_kl_loss: 13.7062
Epoch 96/8000

Epoch 00096: val_loss did not improve from 120.42956
 - 337s - loss: 138.1302 - kl_loss: 14.9599 - val_loss: 133.8997 - val_kl_loss: 13.6514
Epoch 97/8000

Epoch 00097: val_loss did not improve from 120.42956
 - 338s - loss: 135.8090 - kl_loss: 15.0870 - val_loss: 121.7232 - val_kl_loss: 14.0111
Epoch 98/8000

Epoch 00098: val_loss improved from 120.42956 to 119.26998, saving model to ../../model_weights/model_2020-08-30_17-16-33.h5
 - 339s - loss: 129.8922 - kl_loss: 15.0060 - val_loss: 119.2700 - val_kl_loss: 14.6901
Epoch 99/8000

Epoch 00099: val_loss did not improve from 119.26998
 - 342s - loss: 131.8902 - kl_loss: 14.9087 - val_loss: 126.9305 - val_kl_loss: 14.1275
Epoch 100/8000

Epoch 00100: val_loss did not improve from 119.26998
 - 338s - loss: 133.4247 - kl_loss: 14.9508 - val_loss: 121.6216 - val_kl_loss: 14.0929
Epoch 101/8000

Epoch 00101: val_loss did not improve from 119.26998
 - 339s - loss: 141.4850 - kl_loss: 14.9691 - val_loss: 124.0805 - val_kl_loss: 14.5979
Epoch 102/8000

Epoch 00102: val_loss did not improve from 119.26998
 - 340s - loss: 135.2298 - kl_loss: 15.1161 - val_loss: 120.8580 - val_kl_loss: 14.1332
Epoch 103/8000

Epoch 00103: val_loss did not improve from 119.26998
 - 336s - loss: 133.8365 - kl_loss: 15.1241 - val_loss: 126.4410 - val_kl_loss: 15.0402
Epoch 104/8000

Epoch 00104: val_loss did not improve from 119.26998
 - 339s - loss: 134.7769 - kl_loss: 15.1100 - val_loss: 125.1473 - val_kl_loss: 14.4425
Epoch 105/8000

Epoch 00105: val_loss did not improve from 119.26998
 - 338s - loss: 136.8164 - kl_loss: 15.1662 - val_loss: 122.0086 - val_kl_loss: 14.4395
Epoch 106/8000

Epoch 00106: val_loss did not improve from 119.26998
 - 342s - loss: 132.6808 - kl_loss: 15.0445 - val_loss: 128.0750 - val_kl_loss: 14.0273
Epoch 107/8000

Epoch 00107: val_loss improved from 119.26998 to 117.55220, saving model to ../../model_weights/model_2020-08-30_17-16-33.h5
 - 340s - loss: 135.3077 - kl_loss: 15.0807 - val_loss: 117.5522 - val_kl_loss: 13.9929
Epoch 108/8000

Epoch 00108: val_loss did not improve from 117.55220
 - 338s - loss: 128.9924 - kl_loss: 15.0633 - val_loss: 120.7108 - val_kl_loss: 13.6399
Epoch 109/8000

Epoch 00109: val_loss did not improve from 117.55220
 - 340s - loss: 127.3458 - kl_loss: 14.9199 - val_loss: 117.7276 - val_kl_loss: 14.7148
Epoch 110/8000

Epoch 00110: val_loss did not improve from 117.55220
 - 338s - loss: 128.3482 - kl_loss: 14.9666 - val_loss: 120.0628 - val_kl_loss: 14.1917
Epoch 111/8000

Epoch 00111: val_loss did not improve from 117.55220
 - 339s - loss: 131.4101 - kl_loss: 14.8474 - val_loss: 120.5625 - val_kl_loss: 14.0087
Epoch 112/8000

Epoch 00112: val_loss did not improve from 117.55220
 - 337s - loss: 126.4381 - kl_loss: 14.7972 - val_loss: 122.2016 - val_kl_loss: 15.2680
Epoch 113/8000

Epoch 00113: val_loss improved from 117.55220 to 115.76758, saving model to ../../model_weights/model_2020-08-30_17-16-33.h5
 - 342s - loss: 127.3839 - kl_loss: 14.9024 - val_loss: 115.7676 - val_kl_loss: 14.3313
Epoch 114/8000

Epoch 00114: val_loss did not improve from 115.76758
 - 339s - loss: 127.7068 - kl_loss: 14.8953 - val_loss: 125.1102 - val_kl_loss: 13.7886
Epoch 115/8000

Epoch 00115: val_loss did not improve from 115.76758
 - 338s - loss: 127.8290 - kl_loss: 14.8703 - val_loss: 122.2801 - val_kl_loss: 14.4187
Epoch 116/8000

Epoch 00116: val_loss did not improve from 115.76758
 - 340s - loss: 125.2617 - kl_loss: 14.8366 - val_loss: 122.4860 - val_kl_loss: 14.1071
Epoch 117/8000

Epoch 00117: val_loss did not improve from 115.76758
 - 338s - loss: 124.0979 - kl_loss: 14.8408 - val_loss: 116.9798 - val_kl_loss: 14.3605
Epoch 118/8000

Epoch 00118: val_loss improved from 115.76758 to 113.88847, saving model to ../../model_weights/model_2020-08-30_17-16-33.h5
 - 339s - loss: 133.2289 - kl_loss: 14.7192 - val_loss: 113.8885 - val_kl_loss: 14.1880
Epoch 119/8000

Epoch 00119: val_loss did not improve from 113.88847
 - 338s - loss: 126.9189 - kl_loss: 14.8164 - val_loss: 142.3657 - val_kl_loss: 14.7773
Epoch 120/8000

Epoch 00120: val_loss did not improve from 113.88847
 - 343s - loss: 123.2334 - kl_loss: 14.7030 - val_loss: 119.6591 - val_kl_loss: 13.8583
Epoch 121/8000

Epoch 00121: val_loss did not improve from 113.88847
 - 338s - loss: 125.3214 - kl_loss: 14.6853 - val_loss: 118.2030 - val_kl_loss: 13.5835
Epoch 122/8000

Epoch 00122: val_loss did not improve from 113.88847
 - 339s - loss: 122.1739 - kl_loss: 14.7279 - val_loss: 117.3187 - val_kl_loss: 13.8416
Epoch 123/8000

Epoch 00123: val_loss did not improve from 113.88847
 - 341s - loss: 123.2263 - kl_loss: 14.7701 - val_loss: 118.1630 - val_kl_loss: 15.1933
Epoch 124/8000

Epoch 00124: val_loss did not improve from 113.88847
 - 337s - loss: 126.1476 - kl_loss: 14.8277 - val_loss: 121.3681 - val_kl_loss: 14.0955
Epoch 125/8000

Epoch 00125: val_loss did not improve from 113.88847
 - 339s - loss: 121.4596 - kl_loss: 14.7767 - val_loss: 119.8328 - val_kl_loss: 13.5126
Epoch 126/8000

Epoch 00126: val_loss did not improve from 113.88847
 - 339s - loss: 118.1744 - kl_loss: 14.7229 - val_loss: 124.3632 - val_kl_loss: 14.3607
Epoch 127/8000

Epoch 00127: val_loss did not improve from 113.88847
 - 342s - loss: 123.9304 - kl_loss: 14.6217 - val_loss: 119.0362 - val_kl_loss: 14.2787
Epoch 128/8000

Epoch 00128: val_loss did not improve from 113.88847
 - 339s - loss: 122.1781 - kl_loss: 14.6705 - val_loss: 118.9925 - val_kl_loss: 14.3094
Epoch 129/8000

Epoch 00129: val_loss did not improve from 113.88847
 - 339s - loss: 121.3143 - kl_loss: 14.6693 - val_loss: 125.3325 - val_kl_loss: 14.1284
Epoch 130/8000

Epoch 00130: val_loss did not improve from 113.88847
 - 339s - loss: 121.1313 - kl_loss: 14.8110 - val_loss: 116.4165 - val_kl_loss: 14.4290
Epoch 131/8000

Epoch 00131: val_loss did not improve from 113.88847
 - 337s - loss: 122.7611 - kl_loss: 14.7051 - val_loss: 117.1335 - val_kl_loss: 13.8953
Epoch 132/8000

Epoch 00132: val_loss did not improve from 113.88847
 - 340s - loss: 119.1132 - kl_loss: 14.7664 - val_loss: 115.7489 - val_kl_loss: 13.6710
Epoch 133/8000

Epoch 00133: val_loss did not improve from 113.88847
 - 337s - loss: 119.7204 - kl_loss: 14.7782 - val_loss: 118.6511 - val_kl_loss: 13.8445
Epoch 134/8000

Epoch 00134: val_loss did not improve from 113.88847
 - 342s - loss: 116.7803 - kl_loss: 14.6870 - val_loss: 124.7821 - val_kl_loss: 14.3209
Epoch 135/8000

Epoch 00135: val_loss did not improve from 113.88847
 - 339s - loss: 118.4110 - kl_loss: 14.6990 - val_loss: 117.2313 - val_kl_loss: 14.3650
Epoch 136/8000

Epoch 00136: val_loss did not improve from 113.88847
 - 339s - loss: 117.4357 - kl_loss: 14.6986 - val_loss: 124.9956 - val_kl_loss: 13.8282
Epoch 137/8000

Epoch 00137: val_loss did not improve from 113.88847
 - 339s - loss: 116.2284 - kl_loss: 14.7008 - val_loss: 120.3088 - val_kl_loss: 13.3038
Epoch 138/8000

Epoch 00138: val_loss did not improve from 113.88847
 - 337s - loss: 117.9199 - kl_loss: 14.9331 - val_loss: 134.6567 - val_kl_loss: 14.6191
Epoch 139/8000

Epoch 00139: val_loss did not improve from 113.88847
 - 339s - loss: 117.9338 - kl_loss: 14.8922 - val_loss: 128.7859 - val_kl_loss: 14.8309
Epoch 140/8000

Epoch 00140: val_loss did not improve from 113.88847
 - 338s - loss: 118.7887 - kl_loss: 14.8809 - val_loss: 117.1482 - val_kl_loss: 14.6656
Epoch 141/8000

Epoch 00141: val_loss did not improve from 113.88847
 - 342s - loss: 120.8682 - kl_loss: 14.9085 - val_loss: 115.8068 - val_kl_loss: 14.3410
Epoch 142/8000

Epoch 00142: val_loss did not improve from 113.88847
 - 339s - loss: 117.6629 - kl_loss: 14.7607 - val_loss: 121.6056 - val_kl_loss: 12.6871
Epoch 143/8000

Epoch 00143: val_loss did not improve from 113.88847
 - 338s - loss: 116.9948 - kl_loss: 14.7353 - val_loss: 117.2761 - val_kl_loss: 13.4466
Epoch 144/8000

Epoch 00144: val_loss did not improve from 113.88847
 - 340s - loss: 114.5520 - kl_loss: 14.6696 - val_loss: 115.1724 - val_kl_loss: 13.8174
Epoch 145/8000

Epoch 00145: val_loss did not improve from 113.88847
 - 338s - loss: 114.5127 - kl_loss: 14.8184 - val_loss: 117.2339 - val_kl_loss: 14.2555
Epoch 146/8000

Epoch 00146: val_loss did not improve from 113.88847
 - 338s - loss: 116.1956 - kl_loss: 14.7739 - val_loss: 123.3443 - val_kl_loss: 14.4649
Epoch 147/8000

Epoch 00147: val_loss did not improve from 113.88847
 - 338s - loss: 115.7855 - kl_loss: 14.6733 - val_loss: 116.1302 - val_kl_loss: 13.6712
Epoch 148/8000

Epoch 00148: val_loss did not improve from 113.88847
 - 343s - loss: 113.3805 - kl_loss: 14.6497 - val_loss: 115.1847 - val_kl_loss: 14.4707
Epoch 149/8000

Epoch 00149: val_loss did not improve from 113.88847
 - 338s - loss: 111.5627 - kl_loss: 14.6662 - val_loss: 132.8176 - val_kl_loss: 13.5068
Epoch 150/8000

Epoch 00150: val_loss did not improve from 113.88847
 - 339s - loss: 110.3189 - kl_loss: 14.6629 - val_loss: 118.0067 - val_kl_loss: 13.4022
Epoch 151/8000

Epoch 00151: val_loss did not improve from 113.88847
 - 341s - loss: 110.9049 - kl_loss: 14.5965 - val_loss: 114.0045 - val_kl_loss: 13.3383
Epoch 152/8000

Epoch 00152: val_loss did not improve from 113.88847
 - 336s - loss: 112.4274 - kl_loss: 14.7030 - val_loss: 117.3075 - val_kl_loss: 13.7537
Epoch 153/8000

Epoch 00153: val_loss improved from 113.88847 to 113.61784, saving model to ../../model_weights/model_2020-08-30_17-16-33.h5
 - 339s - loss: 110.6167 - kl_loss: 14.6354 - val_loss: 113.6178 - val_kl_loss: 13.8232
Epoch 154/8000

Epoch 00154: val_loss improved from 113.61784 to 112.28017, saving model to ../../model_weights/model_2020-08-30_17-16-33.h5
 - 339s - loss: 111.1729 - kl_loss: 14.6478 - val_loss: 112.2802 - val_kl_loss: 13.7055
Epoch 155/8000

Epoch 00155: val_loss did not improve from 112.28017
 - 341s - loss: 109.9696 - kl_loss: 14.6034 - val_loss: 115.2078 - val_kl_loss: 13.6779
Epoch 156/8000

Epoch 00156: val_loss did not improve from 112.28017
 - 338s - loss: 108.1496 - kl_loss: 14.5614 - val_loss: 112.8152 - val_kl_loss: 13.0241
Epoch 157/8000

Epoch 00157: val_loss did not improve from 112.28017
 - 339s - loss: 110.1468 - kl_loss: 14.6328 - val_loss: 119.3909 - val_kl_loss: 13.5545
Epoch 158/8000

Epoch 00158: val_loss did not improve from 112.28017
 - 340s - loss: 111.8597 - kl_loss: 14.5747 - val_loss: 115.8100 - val_kl_loss: 13.4764
Epoch 159/8000

Epoch 00159: val_loss did not improve from 112.28017
 - 336s - loss: 115.3640 - kl_loss: 14.5399 - val_loss: 116.5464 - val_kl_loss: 14.5579
Epoch 160/8000

Epoch 00160: val_loss did not improve from 112.28017
 - 339s - loss: 113.6159 - kl_loss: 14.6872 - val_loss: 116.8468 - val_kl_loss: 13.4131
Epoch 161/8000

Epoch 00161: val_loss did not improve from 112.28017
 - 339s - loss: 115.3314 - kl_loss: 14.6383 - val_loss: 117.4248 - val_kl_loss: 13.3962
Epoch 162/8000

Epoch 00162: val_loss did not improve from 112.28017
 - 342s - loss: 109.9487 - kl_loss: 14.6291 - val_loss: 116.7434 - val_kl_loss: 13.0960
Epoch 163/8000

Epoch 00163: val_loss did not improve from 112.28017
 - 339s - loss: 108.4152 - kl_loss: 14.6643 - val_loss: 117.2727 - val_kl_loss: 14.3292
Epoch 164/8000

Epoch 00164: val_loss did not improve from 112.28017
 - 339s - loss: 109.1427 - kl_loss: 14.7130 - val_loss: 122.5042 - val_kl_loss: 13.9680
Epoch 165/8000

Epoch 00165: val_loss did not improve from 112.28017
 - 339s - loss: 113.0464 - kl_loss: 14.7118 - val_loss: 116.6613 - val_kl_loss: 13.7621
Epoch 166/8000

Epoch 00166: val_loss did not improve from 112.28017
 - 337s - loss: 115.2323 - kl_loss: 14.6463 - val_loss: 119.2394 - val_kl_loss: 14.4051
Epoch 167/8000

Epoch 00167: val_loss did not improve from 112.28017
 - 339s - loss: 107.1235 - kl_loss: 14.6956 - val_loss: 117.2542 - val_kl_loss: 13.4156
Epoch 168/8000

Epoch 00168: val_loss did not improve from 112.28017
 - 338s - loss: 111.1732 - kl_loss: 14.6038 - val_loss: 113.7810 - val_kl_loss: 13.5113
Epoch 169/8000

Epoch 00169: val_loss did not improve from 112.28017
 - 343s - loss: 105.8689 - kl_loss: 14.6209 - val_loss: 123.6451 - val_kl_loss: 14.3486
Epoch 170/8000

Epoch 00170: val_loss did not improve from 112.28017
 - 339s - loss: 108.4373 - kl_loss: 14.6564 - val_loss: 119.7797 - val_kl_loss: 13.1365
Epoch 171/8000

Epoch 00171: val_loss did not improve from 112.28017
 - 338s - loss: 109.7579 - kl_loss: 14.5983 - val_loss: 114.7798 - val_kl_loss: 14.0075
Epoch 172/8000

Epoch 00172: val_loss did not improve from 112.28017
 - 340s - loss: 107.5958 - kl_loss: 14.5517 - val_loss: 117.1596 - val_kl_loss: 13.9246
Epoch 173/8000

Epoch 00173: val_loss did not improve from 112.28017
 - 337s - loss: 111.3461 - kl_loss: 14.6558 - val_loss: 117.4536 - val_kl_loss: 14.6681
Epoch 174/8000

Epoch 00174: val_loss did not improve from 112.28017
 - 338s - loss: 107.2847 - kl_loss: 14.7180 - val_loss: 117.5416 - val_kl_loss: 13.6433
Epoch 175/8000

Epoch 00175: val_loss did not improve from 112.28017
 - 339s - loss: 105.9425 - kl_loss: 14.6842 - val_loss: 119.7371 - val_kl_loss: 12.8614
Epoch 176/8000

Epoch 00176: val_loss did not improve from 112.28017
 - 342s - loss: 106.8020 - kl_loss: 14.6482 - val_loss: 115.1254 - val_kl_loss: 14.1135
Epoch 177/8000

Epoch 00177: val_loss did not improve from 112.28017
 - 338s - loss: 105.6587 - kl_loss: 14.7278 - val_loss: 117.4527 - val_kl_loss: 13.6896
Epoch 178/8000

Epoch 00178: val_loss did not improve from 112.28017
 - 339s - loss: 105.8938 - kl_loss: 14.6364 - val_loss: 116.8635 - val_kl_loss: 13.7965
Epoch 179/8000

Epoch 00179: val_loss did not improve from 112.28017
 - 341s - loss: 105.4636 - kl_loss: 14.6390 - val_loss: 114.9070 - val_kl_loss: 13.5658
Epoch 180/8000

Epoch 00180: val_loss did not improve from 112.28017
 - 337s - loss: 102.0646 - kl_loss: 14.6383 - val_loss: 121.3263 - val_kl_loss: 12.6510
