2020-12-26 13:05:41.152499: I tensorflow/core/platform/cpu_feature_guard.cc:141] Your CPU supports instructions that this TensorFlow binary was not compiled to use: SSE4.1 SSE4.2 AVX
2020-12-26 13:05:41.460730: I tensorflow/stream_executor/cuda/cuda_gpu_executor.cc:897] successful NUMA node read from SysFS had negative value (-1), but there must be at least one NUMA node, so returning NUMA node zero
2020-12-26 13:05:41.461304: I tensorflow/core/common_runtime/gpu/gpu_device.cc:1405] Found device 0 with properties: 
name: TITAN Xp major: 6 minor: 1 memoryClockRate(GHz): 1.582
pciBusID: 0000:01:00.0
totalMemory: 11.91GiB freeMemory: 11.75GiB
2020-12-26 13:05:41.461322: I tensorflow/core/common_runtime/gpu/gpu_device.cc:1484] Adding visible gpu devices: 0
2020-12-26 13:05:41.755744: I tensorflow/core/common_runtime/gpu/gpu_device.cc:965] Device interconnect StreamExecutor with strength 1 edge matrix:
2020-12-26 13:05:41.755791: I tensorflow/core/common_runtime/gpu/gpu_device.cc:971]      0 
2020-12-26 13:05:41.755800: I tensorflow/core/common_runtime/gpu/gpu_device.cc:984] 0:   N 
2020-12-26 13:05:41.756029: I tensorflow/core/common_runtime/gpu/gpu_device.cc:1097] Created TensorFlow device (/job:localhost/replica:0/task:0/device:GPU:0 with 11364 MB memory) -> physical GPU (device: 0, name: TITAN Xp, pci bus id: 0000:01:00.0, compute capability: 6.1)
2020-12-26 13:05:41.958279: I tensorflow/core/kernels/cuda_solvers.cc:159] Creating CudaSolver handles for stream 0x564aac9ff330
Epoch 1/8000

Epoch 00001: val_loss improved from inf to 155.12600, saving model to ../../model_weights/model_2020-12-26_13-05-42.h5
 - 263s - loss: 133.0890 - kl_loss: 5.5725 - val_loss: 155.1260 - val_kl_loss: 5.6352
Epoch 2/8000

Epoch 00002: val_loss did not improve from 155.12600
 - 264s - loss: 130.0216 - kl_loss: 5.5449 - val_loss: 157.8360 - val_kl_loss: 5.6986
Epoch 3/8000

Epoch 00003: val_loss did not improve from 155.12600
 - 265s - loss: 129.9587 - kl_loss: 5.5055 - val_loss: 157.2883 - val_kl_loss: 5.5949
Epoch 4/8000

Epoch 00004: val_loss did not improve from 155.12600
 - 265s - loss: 127.7080 - kl_loss: 5.4570 - val_loss: 159.7040 - val_kl_loss: 5.6089
Epoch 5/8000

Epoch 00005: val_loss improved from 155.12600 to 151.13573, saving model to ../../model_weights/model_2020-12-26_13-05-42.h5
 - 263s - loss: 128.6391 - kl_loss: 5.4321 - val_loss: 151.1357 - val_kl_loss: 5.5057
Epoch 6/8000

Epoch 00006: val_loss did not improve from 151.13573
 - 265s - loss: 126.5572 - kl_loss: 5.3954 - val_loss: 155.0275 - val_kl_loss: 5.6022
Epoch 7/8000

Epoch 00007: val_loss did not improve from 151.13573
 - 266s - loss: 127.1552 - kl_loss: 5.3848 - val_loss: 152.9937 - val_kl_loss: 5.5895
Epoch 8/8000

Epoch 00008: val_loss improved from 151.13573 to 150.86961, saving model to ../../model_weights/model_2020-12-26_13-05-42.h5
 - 268s - loss: 128.7050 - kl_loss: 5.3931 - val_loss: 150.8696 - val_kl_loss: 5.5370
Epoch 9/8000

Epoch 00009: val_loss did not improve from 150.86961
 - 264s - loss: 125.6894 - kl_loss: 5.3641 - val_loss: 153.8505 - val_kl_loss: 5.5061
Epoch 10/8000

Epoch 00010: val_loss did not improve from 150.86961
 - 266s - loss: 125.4514 - kl_loss: 5.3517 - val_loss: 153.1646 - val_kl_loss: 5.4633
Epoch 11/8000

Epoch 00011: val_loss improved from 150.86961 to 150.14271, saving model to ../../model_weights/model_2020-12-26_13-05-42.h5
 - 265s - loss: 125.0031 - kl_loss: 5.3814 - val_loss: 150.1427 - val_kl_loss: 5.6273
Epoch 12/8000

Epoch 00012: val_loss did not improve from 150.14271
 - 265s - loss: 125.0484 - kl_loss: 5.3466 - val_loss: 150.7504 - val_kl_loss: 5.4802
Epoch 13/8000

Epoch 00013: val_loss improved from 150.14271 to 149.63526, saving model to ../../model_weights/model_2020-12-26_13-05-42.h5
 - 265s - loss: 124.1178 - kl_loss: 5.3594 - val_loss: 149.6353 - val_kl_loss: 5.4286
Epoch 14/8000

Epoch 00014: val_loss did not improve from 149.63526
 - 265s - loss: 124.4079 - kl_loss: 5.3018 - val_loss: 154.6361 - val_kl_loss: 5.4939
Epoch 15/8000

Epoch 00015: val_loss did not improve from 149.63526
 - 267s - loss: 126.4295 - kl_loss: 5.3392 - val_loss: 152.9886 - val_kl_loss: 5.4884
Epoch 16/8000

Epoch 00016: val_loss did not improve from 149.63526
 - 264s - loss: 135.6679 - kl_loss: 5.3930 - val_loss: 155.9326 - val_kl_loss: 5.6377
Epoch 17/8000

Epoch 00017: val_loss did not improve from 149.63526
 - 266s - loss: 134.9748 - kl_loss: 5.4122 - val_loss: 157.9506 - val_kl_loss: 5.6324
Epoch 18/8000

Epoch 00018: val_loss did not improve from 149.63526
 - 266s - loss: 134.0760 - kl_loss: 5.4517 - val_loss: 154.9233 - val_kl_loss: 5.6255
Epoch 19/8000

Epoch 00019: val_loss did not improve from 149.63526
 - 264s - loss: 131.0664 - kl_loss: 5.4255 - val_loss: 160.5505 - val_kl_loss: 5.6370
Epoch 20/8000

Epoch 00020: val_loss did not improve from 149.63526
 - 265s - loss: 131.1707 - kl_loss: 5.4083 - val_loss: 153.0889 - val_kl_loss: 5.5225
Epoch 21/8000

Epoch 00021: val_loss did not improve from 149.63526
 - 266s - loss: 129.5545 - kl_loss: 5.4040 - val_loss: 150.2393 - val_kl_loss: 5.5716
Epoch 22/8000

Epoch 00022: val_loss improved from 149.63526 to 142.26712, saving model to ../../model_weights/model_2020-12-26_13-05-42.h5
 - 268s - loss: 128.2894 - kl_loss: 5.3809 - val_loss: 142.2671 - val_kl_loss: 5.5511
Epoch 23/8000

Epoch 00023: val_loss did not improve from 142.26712
 - 265s - loss: 128.7853 - kl_loss: 5.4000 - val_loss: 153.1873 - val_kl_loss: 5.6106
Epoch 24/8000

Epoch 00024: val_loss did not improve from 142.26712
 - 265s - loss: 126.8212 - kl_loss: 5.3932 - val_loss: 156.5104 - val_kl_loss: 5.5308
Epoch 25/8000

Epoch 00025: val_loss did not improve from 142.26712
 - 266s - loss: 127.8392 - kl_loss: 5.3805 - val_loss: 151.4100 - val_kl_loss: 5.4714
Epoch 26/8000

Epoch 00026: val_loss did not improve from 142.26712
 - 265s - loss: 126.6102 - kl_loss: 5.3390 - val_loss: 157.4664 - val_kl_loss: 5.5116
Epoch 27/8000

Epoch 00027: val_loss did not improve from 142.26712
 - 266s - loss: 127.9051 - kl_loss: 5.3582 - val_loss: 155.1746 - val_kl_loss: 5.5325
Epoch 28/8000

Epoch 00028: val_loss did not improve from 142.26712
 - 265s - loss: 128.7409 - kl_loss: 5.4115 - val_loss: 152.5598 - val_kl_loss: 5.5507
Epoch 29/8000

Epoch 00029: val_loss did not improve from 142.26712
 - 268s - loss: 127.7684 - kl_loss: 5.4106 - val_loss: 151.6495 - val_kl_loss: 5.5908
Epoch 30/8000

Epoch 00030: val_loss did not improve from 142.26712
 - 265s - loss: 126.5090 - kl_loss: 5.3785 - val_loss: 153.6356 - val_kl_loss: 5.4807
Epoch 31/8000

Epoch 00031: val_loss did not improve from 142.26712
 - 266s - loss: 124.9757 - kl_loss: 5.3067 - val_loss: 148.9201 - val_kl_loss: 5.4875
Epoch 32/8000

Epoch 00032: val_loss did not improve from 142.26712
 - 265s - loss: 124.5296 - kl_loss: 5.2774 - val_loss: 148.0148 - val_kl_loss: 5.6211
Epoch 33/8000

Epoch 00033: val_loss did not improve from 142.26712
 - 264s - loss: 124.5029 - kl_loss: 5.3143 - val_loss: 145.4335 - val_kl_loss: 5.3501
Epoch 34/8000

Epoch 00034: val_loss did not improve from 142.26712
 - 266s - loss: 124.0884 - kl_loss: 5.2740 - val_loss: 149.3066 - val_kl_loss: 5.3789
Epoch 35/8000

Epoch 00035: val_loss did not improve from 142.26712
 - 267s - loss: 124.3539 - kl_loss: 5.2506 - val_loss: 158.5061 - val_kl_loss: 5.3907
Epoch 36/8000

Epoch 00036: val_loss did not improve from 142.26712
 - 267s - loss: 123.8869 - kl_loss: 5.2799 - val_loss: 151.4124 - val_kl_loss: 5.5275
Epoch 37/8000

Epoch 00037: val_loss did not improve from 142.26712
 - 264s - loss: 123.2467 - kl_loss: 5.2852 - val_loss: 151.0350 - val_kl_loss: 5.4431
Epoch 38/8000

Epoch 00038: val_loss did not improve from 142.26712
 - 267s - loss: 124.3066 - kl_loss: 5.3061 - val_loss: 149.3120 - val_kl_loss: 5.4608
Epoch 39/8000

Epoch 00039: val_loss did not improve from 142.26712
 - 266s - loss: 123.8569 - kl_loss: 5.2809 - val_loss: 149.2851 - val_kl_loss: 5.4520
Epoch 40/8000

Epoch 00040: val_loss did not improve from 142.26712
 - 263s - loss: 123.1646 - kl_loss: 5.2833 - val_loss: 148.1063 - val_kl_loss: 5.3666
Epoch 41/8000

Epoch 00041: val_loss did not improve from 142.26712
 - 265s - loss: 125.4940 - kl_loss: 5.3254 - val_loss: 150.5500 - val_kl_loss: 5.5211
Epoch 42/8000

Epoch 00042: val_loss did not improve from 142.26712
 - 266s - loss: 125.7361 - kl_loss: 5.3122 - val_loss: 147.3941 - val_kl_loss: 5.5686
Epoch 43/8000

Epoch 00043: val_loss did not improve from 142.26712
 - 269s - loss: 123.0196 - kl_loss: 5.2899 - val_loss: 148.5477 - val_kl_loss: 5.4010
Epoch 44/8000

Epoch 00044: val_loss did not improve from 142.26712
 - 264s - loss: 122.6050 - kl_loss: 5.2475 - val_loss: 151.6918 - val_kl_loss: 5.3829
Epoch 45/8000

Epoch 00045: val_loss did not improve from 142.26712
 - 265s - loss: 122.7093 - kl_loss: 5.2702 - val_loss: 145.2072 - val_kl_loss: 5.5242
Epoch 46/8000

Epoch 00046: val_loss did not improve from 142.26712
 - 265s - loss: 122.5676 - kl_loss: 5.2844 - val_loss: 144.2985 - val_kl_loss: 5.3871
Epoch 47/8000

Epoch 00047: val_loss improved from 142.26712 to 141.70088, saving model to ../../model_weights/model_2020-12-26_13-05-42.h5
 - 265s - loss: 122.8408 - kl_loss: 5.2241 - val_loss: 141.7009 - val_kl_loss: 5.4459
Epoch 48/8000

Epoch 00048: val_loss did not improve from 141.70088
 - 266s - loss: 121.4363 - kl_loss: 5.2065 - val_loss: 145.0196 - val_kl_loss: 5.3187
Epoch 49/8000

Epoch 00049: val_loss improved from 141.70088 to 140.07733, saving model to ../../model_weights/model_2020-12-26_13-05-42.h5
 - 267s - loss: 121.7894 - kl_loss: 5.1939 - val_loss: 140.0773 - val_kl_loss: 5.2046
Epoch 50/8000

Epoch 00050: val_loss did not improve from 140.07733
 - 268s - loss: 121.9562 - kl_loss: 5.1863 - val_loss: 148.1566 - val_kl_loss: 5.3022
Epoch 51/8000

Epoch 00051: val_loss did not improve from 140.07733
 - 264s - loss: 120.1047 - kl_loss: 5.1468 - val_loss: 144.3502 - val_kl_loss: 5.3361
Epoch 52/8000

Epoch 00052: val_loss did not improve from 140.07733
 - 266s - loss: 120.3779 - kl_loss: 5.1555 - val_loss: 143.5694 - val_kl_loss: 5.3115
Epoch 53/8000

Epoch 00053: val_loss did not improve from 140.07733
 - 267s - loss: 120.7453 - kl_loss: 5.1955 - val_loss: 145.6232 - val_kl_loss: 5.2993
Epoch 54/8000

Epoch 00054: val_loss did not improve from 140.07733
 - 264s - loss: 120.6895 - kl_loss: 5.1207 - val_loss: 143.5436 - val_kl_loss: 5.3313
Epoch 55/8000

Epoch 00055: val_loss did not improve from 140.07733
 - 265s - loss: 120.4233 - kl_loss: 5.1643 - val_loss: 142.0554 - val_kl_loss: 5.2486
Epoch 56/8000

Epoch 00056: val_loss did not improve from 140.07733
 - 266s - loss: 120.2662 - kl_loss: 5.1539 - val_loss: 140.6708 - val_kl_loss: 5.2794
Epoch 57/8000

Epoch 00057: val_loss improved from 140.07733 to 139.46210, saving model to ../../model_weights/model_2020-12-26_13-05-42.h5
 - 269s - loss: 119.2691 - kl_loss: 5.1470 - val_loss: 139.4621 - val_kl_loss: 5.3271
Epoch 58/8000

Epoch 00058: val_loss did not improve from 139.46210
 - 265s - loss: 118.3689 - kl_loss: 5.0893 - val_loss: 142.7683 - val_kl_loss: 5.2351
Epoch 59/8000

Epoch 00059: val_loss did not improve from 139.46210
 - 265s - loss: 119.2822 - kl_loss: 5.1113 - val_loss: 149.7456 - val_kl_loss: 5.2066
Epoch 60/8000

Epoch 00060: val_loss did not improve from 139.46210
 - 266s - loss: 120.5400 - kl_loss: 5.0344 - val_loss: 144.3062 - val_kl_loss: 5.1960
Epoch 61/8000

Epoch 00061: val_loss did not improve from 139.46210
 - 266s - loss: 120.2674 - kl_loss: 5.0480 - val_loss: 150.0924 - val_kl_loss: 5.2908
Epoch 62/8000

Epoch 00062: val_loss did not improve from 139.46210
 - 266s - loss: 120.3146 - kl_loss: 5.0581 - val_loss: 142.1718 - val_kl_loss: 5.1148
Epoch 63/8000

Epoch 00063: val_loss did not improve from 139.46210
 - 266s - loss: 118.8195 - kl_loss: 4.9881 - val_loss: 144.2891 - val_kl_loss: 5.0309
Epoch 64/8000

Epoch 00064: val_loss did not improve from 139.46210
 - 268s - loss: 120.2712 - kl_loss: 5.0096 - val_loss: 141.1684 - val_kl_loss: 5.1517
Epoch 65/8000

Epoch 00065: val_loss did not improve from 139.46210
 - 266s - loss: 118.2975 - kl_loss: 5.0050 - val_loss: 141.0491 - val_kl_loss: 5.2134
Epoch 66/8000

Epoch 00066: val_loss improved from 139.46210 to 138.86502, saving model to ../../model_weights/model_2020-12-26_13-05-42.h5
 - 267s - loss: 118.0795 - kl_loss: 5.0109 - val_loss: 138.8650 - val_kl_loss: 5.1958
Epoch 67/8000

Epoch 00067: val_loss improved from 138.86502 to 138.39508, saving model to ../../model_weights/model_2020-12-26_13-05-42.h5
 - 265s - loss: 117.6828 - kl_loss: 4.9911 - val_loss: 138.3951 - val_kl_loss: 5.1447
Epoch 68/8000

Epoch 00068: val_loss did not improve from 138.39508
 - 264s - loss: 117.3105 - kl_loss: 4.9707 - val_loss: 143.4578 - val_kl_loss: 5.0124
Epoch 69/8000

Epoch 00069: val_loss did not improve from 138.39508
 - 267s - loss: 117.9112 - kl_loss: 4.9470 - val_loss: 143.9174 - val_kl_loss: 5.1240
Epoch 70/8000

Epoch 00070: val_loss did not improve from 138.39508
 - 267s - loss: 116.6939 - kl_loss: 4.9496 - val_loss: 141.8448 - val_kl_loss: 5.1066
Epoch 71/8000

Epoch 00071: val_loss did not improve from 138.39508
 - 267s - loss: 117.0466 - kl_loss: 5.0064 - val_loss: 141.0856 - val_kl_loss: 5.1628
Epoch 72/8000

Epoch 00072: val_loss did not improve from 138.39508
 - 265s - loss: 116.3662 - kl_loss: 4.9801 - val_loss: 145.4224 - val_kl_loss: 5.1202
Epoch 73/8000

Epoch 00073: val_loss did not improve from 138.39508
 - 267s - loss: 119.6298 - kl_loss: 4.9740 - val_loss: 145.5372 - val_kl_loss: 5.0890
Epoch 74/8000

Epoch 00074: val_loss did not improve from 138.39508
 - 266s - loss: 119.6069 - kl_loss: 4.9040 - val_loss: 139.5434 - val_kl_loss: 5.0564
Epoch 75/8000

Epoch 00075: val_loss improved from 138.39508 to 137.98758, saving model to ../../model_weights/model_2020-12-26_13-05-42.h5
 - 263s - loss: 116.7649 - kl_loss: 4.9479 - val_loss: 137.9876 - val_kl_loss: 5.0188
Epoch 76/8000

Epoch 00076: val_loss did not improve from 137.98758
 - 265s - loss: 118.4488 - kl_loss: 4.9083 - val_loss: 141.3538 - val_kl_loss: 4.9564
Epoch 77/8000

Epoch 00077: val_loss did not improve from 137.98758
 - 266s - loss: 118.1379 - kl_loss: 4.8371 - val_loss: 142.3106 - val_kl_loss: 4.9467
Epoch 78/8000

Epoch 00078: val_loss did not improve from 137.98758
 - 268s - loss: 118.7395 - kl_loss: 4.8382 - val_loss: 140.2403 - val_kl_loss: 4.9656
Epoch 79/8000

Epoch 00079: val_loss did not improve from 137.98758
 - 266s - loss: 118.8644 - kl_loss: 4.8493 - val_loss: 144.1093 - val_kl_loss: 4.9244
Epoch 80/8000

Epoch 00080: val_loss did not improve from 137.98758
 - 267s - loss: 119.2496 - kl_loss: 4.8760 - val_loss: 149.4647 - val_kl_loss: 5.1087
Epoch 81/8000

Epoch 00081: val_loss did not improve from 137.98758
 - 265s - loss: 119.5857 - kl_loss: 4.8638 - val_loss: 143.3262 - val_kl_loss: 4.9372
Epoch 82/8000

Epoch 00082: val_loss did not improve from 137.98758
 - 264s - loss: 117.7330 - kl_loss: 4.8491 - val_loss: 139.7211 - val_kl_loss: 5.0598
Epoch 83/8000

Epoch 00083: val_loss did not improve from 137.98758
 - 266s - loss: 116.6933 - kl_loss: 4.8564 - val_loss: 145.6103 - val_kl_loss: 4.9858
Epoch 84/8000

Epoch 00084: val_loss did not improve from 137.98758
 - 268s - loss: 115.8903 - kl_loss: 4.8470 - val_loss: 141.9560 - val_kl_loss: 4.9874
Epoch 85/8000

Epoch 00085: val_loss improved from 137.98758 to 137.35563, saving model to ../../model_weights/model_2020-12-26_13-05-42.h5
 - 268s - loss: 115.2337 - kl_loss: 4.8307 - val_loss: 137.3556 - val_kl_loss: 4.9925
Epoch 86/8000

Epoch 00086: val_loss improved from 137.35563 to 133.32079, saving model to ../../model_weights/model_2020-12-26_13-05-42.h5
 - 264s - loss: 115.0314 - kl_loss: 4.8092 - val_loss: 133.3208 - val_kl_loss: 5.0160
Epoch 87/8000

Epoch 00087: val_loss did not improve from 133.32079
 - 267s - loss: 115.6242 - kl_loss: 4.8681 - val_loss: 137.3671 - val_kl_loss: 5.0660
Epoch 88/8000

Epoch 00088: val_loss did not improve from 133.32079
 - 267s - loss: 115.2496 - kl_loss: 4.8377 - val_loss: 136.9244 - val_kl_loss: 5.0511
Epoch 89/8000

Epoch 00089: val_loss did not improve from 133.32079
 - 264s - loss: 117.4031 - kl_loss: 4.8581 - val_loss: 138.7706 - val_kl_loss: 5.0667
Epoch 90/8000

Epoch 00090: val_loss did not improve from 133.32079
 - 265s - loss: 119.4074 - kl_loss: 4.8652 - val_loss: 141.1893 - val_kl_loss: 5.0511
Epoch 91/8000

Epoch 00091: val_loss did not improve from 133.32079
 - 267s - loss: 123.1407 - kl_loss: 4.8649 - val_loss: 142.8738 - val_kl_loss: 5.0215
Epoch 92/8000

Epoch 00092: val_loss did not improve from 133.32079
 - 269s - loss: 120.7359 - kl_loss: 4.8033 - val_loss: 145.2063 - val_kl_loss: 4.8909
Epoch 93/8000

Epoch 00093: val_loss did not improve from 133.32079
 - 265s - loss: 119.6375 - kl_loss: 4.8051 - val_loss: 137.9890 - val_kl_loss: 4.9809
Epoch 94/8000

Epoch 00094: val_loss did not improve from 133.32079
 - 266s - loss: 118.4634 - kl_loss: 4.7853 - val_loss: 143.8514 - val_kl_loss: 4.9785
Epoch 95/8000

Epoch 00095: val_loss did not improve from 133.32079
 - 266s - loss: 118.1318 - kl_loss: 4.7991 - val_loss: 133.8917 - val_kl_loss: 5.0360
Epoch 96/8000

Epoch 00096: val_loss did not improve from 133.32079
 - 266s - loss: 116.5143 - kl_loss: 4.7825 - val_loss: 139.2328 - val_kl_loss: 4.9688
Epoch 97/8000

Epoch 00097: val_loss did not improve from 133.32079
 - 266s - loss: 115.2877 - kl_loss: 4.7785 - val_loss: 136.2989 - val_kl_loss: 4.9270
Epoch 98/8000

Epoch 00098: val_loss did not improve from 133.32079
 - 266s - loss: 115.2500 - kl_loss: 4.8282 - val_loss: 141.9023 - val_kl_loss: 4.9628
Epoch 99/8000

Epoch 00099: val_loss did not improve from 133.32079
 - 268s - loss: 115.4599 - kl_loss: 4.8101 - val_loss: 134.8552 - val_kl_loss: 4.9418
Epoch 100/8000

Epoch 00100: val_loss did not improve from 133.32079
 - 266s - loss: 116.4480 - kl_loss: 4.7784 - val_loss: 139.4780 - val_kl_loss: 5.0588
Epoch 101/8000

Epoch 00101: val_loss did not improve from 133.32079
 - 267s - loss: 116.5779 - kl_loss: 4.8036 - val_loss: 134.9738 - val_kl_loss: 4.9316
Epoch 102/8000

Epoch 00102: val_loss did not improve from 133.32079
 - 265s - loss: 116.4897 - kl_loss: 4.8019 - val_loss: 137.5882 - val_kl_loss: 5.1597
Epoch 103/8000

Epoch 00103: val_loss did not improve from 133.32079
 - 265s - loss: 117.2032 - kl_loss: 4.8231 - val_loss: 143.9671 - val_kl_loss: 4.9529
Epoch 104/8000

Epoch 00104: val_loss did not improve from 133.32079
 - 267s - loss: 115.8579 - kl_loss: 4.7859 - val_loss: 138.0057 - val_kl_loss: 4.9389
Epoch 105/8000

Epoch 00105: val_loss did not improve from 133.32079
 - 268s - loss: 115.7376 - kl_loss: 4.8052 - val_loss: 146.2948 - val_kl_loss: 5.0257
Epoch 106/8000

Epoch 00106: val_loss did not improve from 133.32079
 - 267s - loss: 115.4674 - kl_loss: 4.8031 - val_loss: 140.6087 - val_kl_loss: 5.0144
Epoch 107/8000

Epoch 00107: val_loss did not improve from 133.32079
 - 264s - loss: 116.3334 - kl_loss: 4.8421 - val_loss: 150.5950 - val_kl_loss: 5.0228
Epoch 108/8000

Epoch 00108: val_loss did not improve from 133.32079
 - 266s - loss: 117.7049 - kl_loss: 4.7893 - val_loss: 135.5120 - val_kl_loss: 4.8047
Epoch 109/8000

Epoch 00109: val_loss did not improve from 133.32079
 - 267s - loss: 116.6791 - kl_loss: 4.7843 - val_loss: 145.9964 - val_kl_loss: 4.9287
Epoch 110/8000

Epoch 00110: val_loss did not improve from 133.32079
 - 266s - loss: 118.4996 - kl_loss: 4.7846 - val_loss: 139.7441 - val_kl_loss: 5.0452
Epoch 111/8000

Epoch 00111: val_loss did not improve from 133.32079
 - 267s - loss: 117.7279 - kl_loss: 4.8041 - val_loss: 142.9376 - val_kl_loss: 4.8743
Epoch 112/8000

Epoch 00112: val_loss did not improve from 133.32079
 - 266s - loss: 118.3331 - kl_loss: 4.7499 - val_loss: 146.4485 - val_kl_loss: 4.8379
Epoch 113/8000

Epoch 00113: val_loss did not improve from 133.32079
 - 268s - loss: 118.0610 - kl_loss: 4.7246 - val_loss: 138.3483 - val_kl_loss: 5.0075
Epoch 114/8000

Epoch 00114: val_loss did not improve from 133.32079
 - 266s - loss: 116.9290 - kl_loss: 4.7032 - val_loss: 141.7004 - val_kl_loss: 4.9166
Epoch 115/8000

Epoch 00115: val_loss did not improve from 133.32079
 - 268s - loss: 115.7795 - kl_loss: 4.7386 - val_loss: 141.0270 - val_kl_loss: 5.0234
Epoch 116/8000

Epoch 00116: val_loss did not improve from 133.32079
 - 265s - loss: 119.0160 - kl_loss: 4.7013 - val_loss: 142.1141 - val_kl_loss: 4.8664
Epoch 117/8000

Epoch 00117: val_loss did not improve from 133.32079
 - 264s - loss: 116.9392 - kl_loss: 4.7352 - val_loss: 135.0650 - val_kl_loss: 4.9017
Epoch 118/8000

Epoch 00118: val_loss did not improve from 133.32079
 - 267s - loss: 115.0254 - kl_loss: 4.7251 - val_loss: 138.9037 - val_kl_loss: 4.9393
Epoch 119/8000

Epoch 00119: val_loss did not improve from 133.32079
 - 268s - loss: 115.6384 - kl_loss: 4.7277 - val_loss: 138.5045 - val_kl_loss: 4.9939
Epoch 120/8000

Epoch 00120: val_loss did not improve from 133.32079
 - 268s - loss: 114.2935 - kl_loss: 4.7630 - val_loss: 138.1358 - val_kl_loss: 4.9384
Epoch 121/8000

Epoch 00121: val_loss did not improve from 133.32079
 - 265s - loss: 117.1558 - kl_loss: 4.7852 - val_loss: 135.4400 - val_kl_loss: 4.8595
Epoch 122/8000

Epoch 00122: val_loss did not improve from 133.32079
 - 267s - loss: 115.4689 - kl_loss: 4.7145 - val_loss: 138.4430 - val_kl_loss: 4.8815
Epoch 123/8000

Epoch 00123: val_loss did not improve from 133.32079
 - 268s - loss: 115.2434 - kl_loss: 4.7261 - val_loss: 140.4269 - val_kl_loss: 5.0087
Epoch 124/8000

Epoch 00124: val_loss did not improve from 133.32079
 - 265s - loss: 116.0199 - kl_loss: 4.7753 - val_loss: 133.4284 - val_kl_loss: 4.8728
Epoch 125/8000

Epoch 00125: val_loss did not improve from 133.32079
 - 265s - loss: 116.7263 - kl_loss: 4.8015 - val_loss: 136.3160 - val_kl_loss: 4.9913
Epoch 126/8000

Epoch 00126: val_loss did not improve from 133.32079
 - 267s - loss: 116.1668 - kl_loss: 4.8180 - val_loss: 142.5760 - val_kl_loss: 4.9741
Epoch 127/8000

Epoch 00127: val_loss did not improve from 133.32079
 - 270s - loss: 114.7249 - kl_loss: 4.7627 - val_loss: 136.2832 - val_kl_loss: 4.9393
Epoch 128/8000

Epoch 00128: val_loss did not improve from 133.32079
 - 266s - loss: 115.0084 - kl_loss: 4.7586 - val_loss: 133.8705 - val_kl_loss: 5.0455
Epoch 129/8000

Epoch 00129: val_loss did not improve from 133.32079
 - 266s - loss: 116.2367 - kl_loss: 4.8182 - val_loss: 135.0140 - val_kl_loss: 5.1023
Epoch 130/8000

Epoch 00130: val_loss did not improve from 133.32079
 - 266s - loss: 118.2273 - kl_loss: 4.7911 - val_loss: 144.4255 - val_kl_loss: 4.7776
Epoch 131/8000

Epoch 00131: val_loss did not improve from 133.32079
 - 266s - loss: 116.6302 - kl_loss: 4.7549 - val_loss: 144.0081 - val_kl_loss: 4.9720
Epoch 132/8000

Epoch 00132: val_loss did not improve from 133.32079
 - 268s - loss: 117.9740 - kl_loss: 4.7406 - val_loss: 135.3237 - val_kl_loss: 4.9698
Epoch 133/8000

Epoch 00133: val_loss did not improve from 133.32079
 - 266s - loss: 116.4620 - kl_loss: 4.7305 - val_loss: 142.5480 - val_kl_loss: 4.8890
Epoch 134/8000

Epoch 00134: val_loss did not improve from 133.32079
 - 268s - loss: 115.2812 - kl_loss: 4.7619 - val_loss: 139.2442 - val_kl_loss: 4.9101
Epoch 135/8000

Epoch 00135: val_loss did not improve from 133.32079
 - 266s - loss: 116.1529 - kl_loss: 4.7341 - val_loss: 140.4890 - val_kl_loss: 4.9398
Epoch 136/8000

Epoch 00136: val_loss did not improve from 133.32079
 - 268s - loss: 115.7085 - kl_loss: 4.7585 - val_loss: 139.3609 - val_kl_loss: 4.9564
Epoch 00136: early stopping
