2020-04-27 17:05:04.132684: I tensorflow/core/platform/cpu_feature_guard.cc:141] Your CPU supports instructions that this TensorFlow binary was not compiled to use: SSE4.1 SSE4.2 AVX
2020-04-27 17:05:04.455863: I tensorflow/stream_executor/cuda/cuda_gpu_executor.cc:897] successful NUMA node read from SysFS had negative value (-1), but there must be at least one NUMA node, so returning NUMA node zero
2020-04-27 17:05:04.456397: I tensorflow/core/common_runtime/gpu/gpu_device.cc:1405] Found device 0 with properties: 
name: TITAN Xp major: 6 minor: 1 memoryClockRate(GHz): 1.582
pciBusID: 0000:01:00.0
totalMemory: 11.91GiB freeMemory: 11.75GiB
2020-04-27 17:05:04.456414: I tensorflow/core/common_runtime/gpu/gpu_device.cc:1484] Adding visible gpu devices: 0
2020-04-27 17:05:04.724773: I tensorflow/core/common_runtime/gpu/gpu_device.cc:965] Device interconnect StreamExecutor with strength 1 edge matrix:
2020-04-27 17:05:04.724817: I tensorflow/core/common_runtime/gpu/gpu_device.cc:971]      0 
2020-04-27 17:05:04.724825: I tensorflow/core/common_runtime/gpu/gpu_device.cc:984] 0:   N 
2020-04-27 17:05:04.725074: I tensorflow/core/common_runtime/gpu/gpu_device.cc:1097] Created TensorFlow device (/job:localhost/replica:0/task:0/device:GPU:0 with 11366 MB memory) -> physical GPU (device: 0, name: TITAN Xp, pci bus id: 0000:01:00.0, compute capability: 6.1)
2020-04-27 17:05:05.018886: I tensorflow/core/kernels/cuda_solvers.cc:159] Creating CudaSolver handles for stream 0x55ca1d43c3c0
Train on 444791 samples, validate on 23411 samples
Epoch 1/8000
 - 11s - loss: 0.4470 - val_loss: 0.7875

Epoch 00001: val_loss improved from inf to 0.78751, saving model to ../../model_weights/model_2020-04-27_17-05-03.h5
Epoch 2/8000
 - 8s - loss: 0.2517 - val_loss: 0.0951

Epoch 00002: val_loss improved from 0.78751 to 0.09514, saving model to ../../model_weights/model_2020-04-27_17-05-03.h5
Epoch 3/8000
 - 8s - loss: 0.0423 - val_loss: 0.0303

Epoch 00003: val_loss improved from 0.09514 to 0.03030, saving model to ../../model_weights/model_2020-04-27_17-05-03.h5
Epoch 4/8000
 - 8s - loss: 0.0249 - val_loss: 0.0209

Epoch 00004: val_loss improved from 0.03030 to 0.02087, saving model to ../../model_weights/model_2020-04-27_17-05-03.h5
Epoch 5/8000
 - 8s - loss: 0.0210 - val_loss: 0.0181

Epoch 00005: val_loss improved from 0.02087 to 0.01812, saving model to ../../model_weights/model_2020-04-27_17-05-03.h5
Epoch 6/8000
 - 8s - loss: 0.0193 - val_loss: 0.0166

Epoch 00006: val_loss improved from 0.01812 to 0.01658, saving model to ../../model_weights/model_2020-04-27_17-05-03.h5
Epoch 7/8000
 - 8s - loss: 0.0179 - val_loss: 0.0182

Epoch 00007: val_loss did not improve from 0.01658
Epoch 8/8000
 - 9s - loss: 0.0168 - val_loss: 0.0155

Epoch 00008: val_loss improved from 0.01658 to 0.01546, saving model to ../../model_weights/model_2020-04-27_17-05-03.h5
Epoch 9/8000
 - 9s - loss: 0.0856 - val_loss: 0.0196

Epoch 00009: val_loss did not improve from 0.01546
Epoch 10/8000
 - 9s - loss: 0.0185 - val_loss: 0.0186

Epoch 00010: val_loss did not improve from 0.01546
Epoch 11/8000
 - 9s - loss: 0.0166 - val_loss: 0.0152

Epoch 00011: val_loss improved from 0.01546 to 0.01523, saving model to ../../model_weights/model_2020-04-27_17-05-03.h5
Epoch 12/8000
 - 9s - loss: 0.0160 - val_loss: 0.0143

Epoch 00012: val_loss improved from 0.01523 to 0.01431, saving model to ../../model_weights/model_2020-04-27_17-05-03.h5
Epoch 13/8000
 - 9s - loss: 0.0154 - val_loss: 0.0142

Epoch 00013: val_loss improved from 0.01431 to 0.01422, saving model to ../../model_weights/model_2020-04-27_17-05-03.h5
Epoch 14/8000
 - 9s - loss: 0.0149 - val_loss: 0.0145

Epoch 00014: val_loss did not improve from 0.01422
Epoch 15/8000
 - 9s - loss: 0.0142 - val_loss: 0.0129

Epoch 00015: val_loss improved from 0.01422 to 0.01294, saving model to ../../model_weights/model_2020-04-27_17-05-03.h5
Epoch 16/8000
 - 9s - loss: 0.0143 - val_loss: 0.0124

Epoch 00016: val_loss improved from 0.01294 to 0.01243, saving model to ../../model_weights/model_2020-04-27_17-05-03.h5
Epoch 17/8000
 - 9s - loss: 0.0134 - val_loss: 0.0121

Epoch 00017: val_loss improved from 0.01243 to 0.01205, saving model to ../../model_weights/model_2020-04-27_17-05-03.h5
Epoch 18/8000
 - 9s - loss: 0.0129 - val_loss: 0.0122

Epoch 00018: val_loss did not improve from 0.01205
Epoch 19/8000
 - 9s - loss: 0.0123 - val_loss: 0.0120

Epoch 00019: val_loss improved from 0.01205 to 0.01202, saving model to ../../model_weights/model_2020-04-27_17-05-03.h5
Epoch 20/8000
 - 9s - loss: 0.0113 - val_loss: 0.0112

Epoch 00020: val_loss improved from 0.01202 to 0.01122, saving model to ../../model_weights/model_2020-04-27_17-05-03.h5
Epoch 21/8000
 - 9s - loss: 0.0090 - val_loss: 0.0082

Epoch 00021: val_loss improved from 0.01122 to 0.00823, saving model to ../../model_weights/model_2020-04-27_17-05-03.h5
Epoch 22/8000
 - 9s - loss: 0.0092 - val_loss: 0.0068

Epoch 00022: val_loss improved from 0.00823 to 0.00676, saving model to ../../model_weights/model_2020-04-27_17-05-03.h5
Epoch 23/8000
 - 9s - loss: 0.0070 - val_loss: 0.0069

Epoch 00023: val_loss did not improve from 0.00676
Epoch 24/8000
 - 9s - loss: 0.0069 - val_loss: 0.0062

Epoch 00024: val_loss improved from 0.00676 to 0.00623, saving model to ../../model_weights/model_2020-04-27_17-05-03.h5
Epoch 25/8000
 - 9s - loss: 0.0065 - val_loss: 0.0068

Epoch 00025: val_loss did not improve from 0.00623
Epoch 26/8000
 - 9s - loss: 0.0064 - val_loss: 0.0072

Epoch 00026: val_loss did not improve from 0.00623
Epoch 27/8000
 - 9s - loss: 0.0059 - val_loss: 0.0051

Epoch 00027: val_loss improved from 0.00623 to 0.00507, saving model to ../../model_weights/model_2020-04-27_17-05-03.h5
Epoch 28/8000
 - 9s - loss: 0.0054 - val_loss: 0.0042

Epoch 00028: val_loss improved from 0.00507 to 0.00421, saving model to ../../model_weights/model_2020-04-27_17-05-03.h5
Epoch 29/8000
 - 9s - loss: 0.0049 - val_loss: 0.0042

Epoch 00029: val_loss improved from 0.00421 to 0.00418, saving model to ../../model_weights/model_2020-04-27_17-05-03.h5
Epoch 30/8000
 - 9s - loss: 0.0046 - val_loss: 0.0041

Epoch 00030: val_loss improved from 0.00418 to 0.00405, saving model to ../../model_weights/model_2020-04-27_17-05-03.h5
Epoch 31/8000
 - 9s - loss: 0.0046 - val_loss: 0.0053

Epoch 00031: val_loss did not improve from 0.00405
Epoch 32/8000
 - 9s - loss: 0.0039 - val_loss: 0.0041

Epoch 00032: val_loss did not improve from 0.00405
Epoch 33/8000
 - 9s - loss: 0.0040 - val_loss: 0.0039

Epoch 00033: val_loss improved from 0.00405 to 0.00392, saving model to ../../model_weights/model_2020-04-27_17-05-03.h5
Epoch 34/8000
 - 9s - loss: 0.0037 - val_loss: 0.0032

Epoch 00034: val_loss improved from 0.00392 to 0.00320, saving model to ../../model_weights/model_2020-04-27_17-05-03.h5
Epoch 35/8000
 - 9s - loss: 0.0037 - val_loss: 0.0034

Epoch 00035: val_loss did not improve from 0.00320
Epoch 36/8000
 - 9s - loss: 0.0035 - val_loss: 0.0034

Epoch 00036: val_loss did not improve from 0.00320
Epoch 37/8000
 - 9s - loss: 0.0034 - val_loss: 0.0032

Epoch 00037: val_loss did not improve from 0.00320
Epoch 38/8000
 - 9s - loss: 0.0034 - val_loss: 0.0042

Epoch 00038: val_loss did not improve from 0.00320
Epoch 39/8000
 - 9s - loss: 0.0034 - val_loss: 0.0032

Epoch 00039: val_loss improved from 0.00320 to 0.00318, saving model to ../../model_weights/model_2020-04-27_17-05-03.h5
Epoch 40/8000
 - 9s - loss: 0.0032 - val_loss: 0.0029

Epoch 00040: val_loss improved from 0.00318 to 0.00290, saving model to ../../model_weights/model_2020-04-27_17-05-03.h5
Epoch 41/8000
 - 9s - loss: 0.0031 - val_loss: 0.0028

Epoch 00041: val_loss improved from 0.00290 to 0.00276, saving model to ../../model_weights/model_2020-04-27_17-05-03.h5
Epoch 42/8000
 - 9s - loss: 0.0031 - val_loss: 0.0033

Epoch 00042: val_loss did not improve from 0.00276
Epoch 43/8000
 - 9s - loss: 0.0031 - val_loss: 0.0027

Epoch 00043: val_loss improved from 0.00276 to 0.00266, saving model to ../../model_weights/model_2020-04-27_17-05-03.h5
Epoch 44/8000
 - 9s - loss: 0.0029 - val_loss: 0.0028

Epoch 00044: val_loss did not improve from 0.00266
Epoch 45/8000
 - 9s - loss: 0.0030 - val_loss: 0.0026

Epoch 00045: val_loss improved from 0.00266 to 0.00264, saving model to ../../model_weights/model_2020-04-27_17-05-03.h5
Epoch 46/8000
 - 9s - loss: 0.1005 - val_loss: 0.1900

Epoch 00046: val_loss did not improve from 0.00264
Epoch 47/8000
 - 9s - loss: 0.0932 - val_loss: 0.0243

Epoch 00047: val_loss did not improve from 0.00264
Epoch 48/8000
 - 9s - loss: 0.0203 - val_loss: 0.0167

Epoch 00048: val_loss did not improve from 0.00264
Epoch 49/8000
 - 9s - loss: 0.0153 - val_loss: 0.0131

Epoch 00049: val_loss did not improve from 0.00264
Epoch 50/8000
 - 9s - loss: 0.0127 - val_loss: 0.0120

Epoch 00050: val_loss did not improve from 0.00264
Epoch 51/8000
 - 9s - loss: 0.0129 - val_loss: 0.0122

Epoch 00051: val_loss did not improve from 0.00264
Epoch 52/8000
 - 9s - loss: 0.0114 - val_loss: 0.0115

Epoch 00052: val_loss did not improve from 0.00264
Epoch 53/8000
 - 9s - loss: 0.0113 - val_loss: 0.0098

Epoch 00053: val_loss did not improve from 0.00264
Epoch 54/8000
 - 9s - loss: 0.0115 - val_loss: 0.0102

Epoch 00054: val_loss did not improve from 0.00264
Epoch 55/8000
 - 9s - loss: 0.0133 - val_loss: 0.0121

Epoch 00055: val_loss did not improve from 0.00264
Epoch 56/8000
 - 9s - loss: 0.0106 - val_loss: 0.0135

Epoch 00056: val_loss did not improve from 0.00264
Epoch 57/8000
 - 9s - loss: 0.0115 - val_loss: 0.0085

Epoch 00057: val_loss did not improve from 0.00264
Epoch 58/8000
 - 9s - loss: 0.0088 - val_loss: 0.0080

Epoch 00058: val_loss did not improve from 0.00264
Epoch 59/8000
 - 9s - loss: 0.0082 - val_loss: 0.0080

Epoch 00059: val_loss did not improve from 0.00264
Epoch 60/8000
 - 9s - loss: 0.0078 - val_loss: 0.0077

Epoch 00060: val_loss did not improve from 0.00264
Epoch 61/8000
 - 9s - loss: 0.0072 - val_loss: 0.0087

Epoch 00061: val_loss did not improve from 0.00264
Epoch 62/8000
 - 9s - loss: 0.0445 - val_loss: 0.0082

Epoch 00062: val_loss did not improve from 0.00264
Epoch 63/8000
 - 9s - loss: 0.0076 - val_loss: 0.0064

Epoch 00063: val_loss did not improve from 0.00264
Epoch 64/8000
 - 9s - loss: 0.0065 - val_loss: 0.0057

Epoch 00064: val_loss did not improve from 0.00264
Epoch 65/8000
 - 9s - loss: 0.0060 - val_loss: 0.0057

Epoch 00065: val_loss did not improve from 0.00264
Epoch 66/8000
 - 9s - loss: 0.0056 - val_loss: 0.0052

Epoch 00066: val_loss did not improve from 0.00264
Epoch 67/8000
 - 9s - loss: 0.0052 - val_loss: 0.0048

Epoch 00067: val_loss did not improve from 0.00264
Epoch 68/8000
 - 9s - loss: 0.0048 - val_loss: 0.0043

Epoch 00068: val_loss did not improve from 0.00264
Epoch 69/8000
 - 9s - loss: 0.0046 - val_loss: 0.0039

Epoch 00069: val_loss did not improve from 0.00264
Epoch 70/8000
 - 9s - loss: 0.0040 - val_loss: 0.0036

Epoch 00070: val_loss did not improve from 0.00264
Epoch 71/8000
 - 9s - loss: 0.0037 - val_loss: 0.0037

Epoch 00071: val_loss did not improve from 0.00264
Epoch 72/8000
 - 9s - loss: 0.0035 - val_loss: 0.0030

Epoch 00072: val_loss did not improve from 0.00264
Epoch 73/8000
 - 9s - loss: 0.0032 - val_loss: 0.0029

Epoch 00073: val_loss did not improve from 0.00264
Epoch 74/8000
 - 9s - loss: 0.0034 - val_loss: 0.0034

Epoch 00074: val_loss did not improve from 0.00264
Epoch 75/8000
 - 9s - loss: 0.0031 - val_loss: 0.0027

Epoch 00075: val_loss did not improve from 0.00264
Epoch 76/8000
 - 9s - loss: 0.0030 - val_loss: 0.0027

Epoch 00076: val_loss did not improve from 0.00264
Epoch 77/8000
 - 9s - loss: 0.0029 - val_loss: 0.0028

Epoch 00077: val_loss did not improve from 0.00264
Epoch 78/8000
 - 9s - loss: 0.0030 - val_loss: 0.0026

Epoch 00078: val_loss improved from 0.00264 to 0.00260, saving model to ../../model_weights/model_2020-04-27_17-05-03.h5
Epoch 79/8000
 - 9s - loss: 0.0032 - val_loss: 0.0026

Epoch 00079: val_loss improved from 0.00260 to 0.00259, saving model to ../../model_weights/model_2020-04-27_17-05-03.h5
Epoch 80/8000
 - 9s - loss: 0.0026 - val_loss: 0.0027

Epoch 00080: val_loss did not improve from 0.00259
Epoch 81/8000
 - 9s - loss: 0.0028 - val_loss: 0.0025

Epoch 00081: val_loss improved from 0.00259 to 0.00252, saving model to ../../model_weights/model_2020-04-27_17-05-03.h5
Epoch 82/8000
 - 9s - loss: 0.0029 - val_loss: 0.0035

Epoch 00082: val_loss did not improve from 0.00252
Epoch 83/8000
 - 9s - loss: 0.0027 - val_loss: 0.0024

Epoch 00083: val_loss improved from 0.00252 to 0.00244, saving model to ../../model_weights/model_2020-04-27_17-05-03.h5
Epoch 84/8000
 - 9s - loss: 0.0027 - val_loss: 0.0024

Epoch 00084: val_loss improved from 0.00244 to 0.00241, saving model to ../../model_weights/model_2020-04-27_17-05-03.h5
Epoch 85/8000
 - 9s - loss: 0.0027 - val_loss: 0.0027

Epoch 00085: val_loss did not improve from 0.00241
Epoch 86/8000
 - 9s - loss: 0.0026 - val_loss: 0.0030

Epoch 00086: val_loss did not improve from 0.00241
Epoch 87/8000
 - 9s - loss: 0.0030 - val_loss: 0.0023

Epoch 00087: val_loss improved from 0.00241 to 0.00234, saving model to ../../model_weights/model_2020-04-27_17-05-03.h5
Epoch 88/8000
 - 9s - loss: 0.0023 - val_loss: 0.0024

Epoch 00088: val_loss did not improve from 0.00234
Epoch 89/8000
 - 9s - loss: 0.0026 - val_loss: 0.0023

Epoch 00089: val_loss improved from 0.00234 to 0.00225, saving model to ../../model_weights/model_2020-04-27_17-05-03.h5
Epoch 90/8000
 - 9s - loss: 0.0024 - val_loss: 0.0022

Epoch 00090: val_loss improved from 0.00225 to 0.00219, saving model to ../../model_weights/model_2020-04-27_17-05-03.h5
Epoch 91/8000
 - 9s - loss: 0.0025 - val_loss: 0.0028

Epoch 00091: val_loss did not improve from 0.00219
Epoch 92/8000
 - 9s - loss: 0.0023 - val_loss: 0.0023

Epoch 00092: val_loss did not improve from 0.00219
Epoch 93/8000
 - 9s - loss: 0.0025 - val_loss: 0.0022

Epoch 00093: val_loss improved from 0.00219 to 0.00217, saving model to ../../model_weights/model_2020-04-27_17-05-03.h5
Epoch 94/8000
 - 9s - loss: 0.0022 - val_loss: 0.0021

Epoch 00094: val_loss improved from 0.00217 to 0.00206, saving model to ../../model_weights/model_2020-04-27_17-05-03.h5
Epoch 95/8000
 - 9s - loss: 0.0024 - val_loss: 0.0022

Epoch 00095: val_loss did not improve from 0.00206
Epoch 96/8000
 - 9s - loss: 0.0023 - val_loss: 0.0027

Epoch 00096: val_loss did not improve from 0.00206
Epoch 97/8000
 - 9s - loss: 0.0022 - val_loss: 0.0025

Epoch 00097: val_loss did not improve from 0.00206
Epoch 98/8000
 - 9s - loss: 0.0023 - val_loss: 0.0021

Epoch 00098: val_loss improved from 0.00206 to 0.00205, saving model to ../../model_weights/model_2020-04-27_17-05-03.h5
Epoch 99/8000
 - 9s - loss: 0.0022 - val_loss: 0.0021

Epoch 00099: val_loss did not improve from 0.00205
Epoch 100/8000
 - 9s - loss: 0.0024 - val_loss: 0.0022

Epoch 00100: val_loss did not improve from 0.00205
Epoch 101/8000
 - 9s - loss: 0.0021 - val_loss: 0.0020

Epoch 00101: val_loss improved from 0.00205 to 0.00197, saving model to ../../model_weights/model_2020-04-27_17-05-03.h5
Epoch 102/8000
 - 9s - loss: 0.0021 - val_loss: 0.0020

Epoch 00102: val_loss did not improve from 0.00197
Epoch 103/8000
 - 9s - loss: 0.0022 - val_loss: 0.0020

Epoch 00103: val_loss did not improve from 0.00197
Epoch 104/8000
 - 9s - loss: 0.0021 - val_loss: 0.0021

Epoch 00104: val_loss did not improve from 0.00197
Epoch 105/8000
 - 9s - loss: 0.0021 - val_loss: 0.0020

Epoch 00105: val_loss did not improve from 0.00197
Epoch 106/8000
 - 9s - loss: 0.0021 - val_loss: 0.0022

Epoch 00106: val_loss did not improve from 0.00197
Epoch 107/8000
 - 9s - loss: 0.0020 - val_loss: 0.0018

Epoch 00107: val_loss improved from 0.00197 to 0.00185, saving model to ../../model_weights/model_2020-04-27_17-05-03.h5
Epoch 108/8000
 - 9s - loss: 0.0020 - val_loss: 0.0019

Epoch 00108: val_loss did not improve from 0.00185
Epoch 109/8000
 - 9s - loss: 0.0020 - val_loss: 0.0021

Epoch 00109: val_loss did not improve from 0.00185
Epoch 110/8000
 - 9s - loss: 0.0020 - val_loss: 0.0024

Epoch 00110: val_loss did not improve from 0.00185
Epoch 111/8000
 - 9s - loss: 0.0020 - val_loss: 0.0019

Epoch 00111: val_loss did not improve from 0.00185
Epoch 112/8000
 - 9s - loss: 0.0019 - val_loss: 0.0023

Epoch 00112: val_loss did not improve from 0.00185
Epoch 113/8000
 - 9s - loss: 0.0021 - val_loss: 0.0024

Epoch 00113: val_loss did not improve from 0.00185
Epoch 114/8000
 - 9s - loss: 0.0018 - val_loss: 0.0018

Epoch 00114: val_loss improved from 0.00185 to 0.00176, saving model to ../../model_weights/model_2020-04-27_17-05-03.h5
Epoch 115/8000
 - 9s - loss: 0.0020 - val_loss: 0.0018

Epoch 00115: val_loss did not improve from 0.00176
Epoch 116/8000
 - 9s - loss: 0.0019 - val_loss: 0.0022

Epoch 00116: val_loss did not improve from 0.00176
Epoch 117/8000
 - 9s - loss: 0.0019 - val_loss: 0.0027

Epoch 00117: val_loss did not improve from 0.00176
Epoch 118/8000
 - 9s - loss: 0.0019 - val_loss: 0.0018

Epoch 00118: val_loss improved from 0.00176 to 0.00175, saving model to ../../model_weights/model_2020-04-27_17-05-03.h5
Epoch 119/8000
 - 9s - loss: 0.0019 - val_loss: 0.0018

Epoch 00119: val_loss did not improve from 0.00175
Epoch 120/8000
 - 9s - loss: 0.0018 - val_loss: 0.0019

Epoch 00120: val_loss did not improve from 0.00175
Epoch 121/8000
 - 9s - loss: 0.0018 - val_loss: 0.0017

Epoch 00121: val_loss improved from 0.00175 to 0.00170, saving model to ../../model_weights/model_2020-04-27_17-05-03.h5
Epoch 122/8000
 - 9s - loss: 0.0018 - val_loss: 0.0017

Epoch 00122: val_loss improved from 0.00170 to 0.00168, saving model to ../../model_weights/model_2020-04-27_17-05-03.h5
Epoch 123/8000
 - 9s - loss: 0.0018 - val_loss: 0.0020

Epoch 00123: val_loss did not improve from 0.00168
Epoch 124/8000
 - 9s - loss: 0.0019 - val_loss: 0.0018

Epoch 00124: val_loss did not improve from 0.00168
Epoch 125/8000
 - 9s - loss: 0.0018 - val_loss: 0.0017

Epoch 00125: val_loss did not improve from 0.00168
Epoch 126/8000
 - 9s - loss: 0.0017 - val_loss: 0.0017

Epoch 00126: val_loss improved from 0.00168 to 0.00167, saving model to ../../model_weights/model_2020-04-27_17-05-03.h5
Epoch 127/8000
 - 9s - loss: 0.0018 - val_loss: 0.0017

Epoch 00127: val_loss did not improve from 0.00167
Epoch 128/8000
 - 9s - loss: 0.0017 - val_loss: 0.0019

Epoch 00128: val_loss did not improve from 0.00167
Epoch 129/8000
 - 9s - loss: 0.0017 - val_loss: 0.0018

Epoch 00129: val_loss did not improve from 0.00167
Epoch 130/8000
 - 9s - loss: 0.0017 - val_loss: 0.0019

Epoch 00130: val_loss did not improve from 0.00167
Epoch 131/8000
 - 9s - loss: 0.0017 - val_loss: 0.0018

Epoch 00131: val_loss did not improve from 0.00167
Epoch 132/8000
 - 9s - loss: 0.0017 - val_loss: 0.0020

Epoch 00132: val_loss did not improve from 0.00167
Epoch 133/8000
 - 9s - loss: 0.0017 - val_loss: 0.0016

Epoch 00133: val_loss improved from 0.00167 to 0.00164, saving model to ../../model_weights/model_2020-04-27_17-05-03.h5
Epoch 134/8000
 - 9s - loss: 0.0016 - val_loss: 0.0017

Epoch 00134: val_loss did not improve from 0.00164
Epoch 135/8000
 - 9s - loss: 0.0017 - val_loss: 0.0016

Epoch 00135: val_loss improved from 0.00164 to 0.00158, saving model to ../../model_weights/model_2020-04-27_17-05-03.h5
Epoch 136/8000
 - 9s - loss: 0.0016 - val_loss: 0.0017

Epoch 00136: val_loss did not improve from 0.00158
Epoch 137/8000
 - 9s - loss: 0.0017 - val_loss: 0.0018

Epoch 00137: val_loss did not improve from 0.00158
Epoch 138/8000
 - 9s - loss: 0.0016 - val_loss: 0.0015

Epoch 00138: val_loss improved from 0.00158 to 0.00154, saving model to ../../model_weights/model_2020-04-27_17-05-03.h5
Epoch 139/8000
 - 9s - loss: 0.0016 - val_loss: 0.0016
