2020-04-27 14:46:27.859679: I tensorflow/core/platform/cpu_feature_guard.cc:141] Your CPU supports instructions that this TensorFlow binary was not compiled to use: SSE4.1 SSE4.2 AVX
2020-04-27 14:46:28.167986: I tensorflow/stream_executor/cuda/cuda_gpu_executor.cc:897] successful NUMA node read from SysFS had negative value (-1), but there must be at least one NUMA node, so returning NUMA node zero
2020-04-27 14:46:28.168515: I tensorflow/core/common_runtime/gpu/gpu_device.cc:1405] Found device 0 with properties: 
name: TITAN Xp major: 6 minor: 1 memoryClockRate(GHz): 1.582
pciBusID: 0000:01:00.0
totalMemory: 11.91GiB freeMemory: 11.75GiB
2020-04-27 14:46:28.168531: I tensorflow/core/common_runtime/gpu/gpu_device.cc:1484] Adding visible gpu devices: 0
2020-04-27 14:46:28.440799: I tensorflow/core/common_runtime/gpu/gpu_device.cc:965] Device interconnect StreamExecutor with strength 1 edge matrix:
2020-04-27 14:46:28.440840: I tensorflow/core/common_runtime/gpu/gpu_device.cc:971]      0 
2020-04-27 14:46:28.440849: I tensorflow/core/common_runtime/gpu/gpu_device.cc:984] 0:   N 
2020-04-27 14:46:28.441075: I tensorflow/core/common_runtime/gpu/gpu_device.cc:1097] Created TensorFlow device (/job:localhost/replica:0/task:0/device:GPU:0 with 11364 MB memory) -> physical GPU (device: 0, name: TITAN Xp, pci bus id: 0000:01:00.0, compute capability: 6.1)
2020-04-27 14:46:28.761123: I tensorflow/core/kernels/cuda_solvers.cc:159] Creating CudaSolver handles for stream 0x555b26b14d60
Train on 444791 samples, validate on 23411 samples
Epoch 1/8000
 - 5s - loss: 0.8649 - val_loss: 0.7974

Epoch 00001: val_loss improved from inf to 0.79736, saving model to ../../model_weights/model_2020-04-27_14-46-27.h5
Epoch 2/8000
 - 3s - loss: 0.6744 - val_loss: 0.5569

Epoch 00002: val_loss improved from 0.79736 to 0.55688, saving model to ../../model_weights/model_2020-04-27_14-46-27.h5
Epoch 3/8000
 - 3s - loss: 0.4888 - val_loss: 0.4533

Epoch 00003: val_loss improved from 0.55688 to 0.45325, saving model to ../../model_weights/model_2020-04-27_14-46-27.h5
Epoch 4/8000
 - 3s - loss: 0.4462 - val_loss: 0.4411

Epoch 00004: val_loss improved from 0.45325 to 0.44113, saving model to ../../model_weights/model_2020-04-27_14-46-27.h5
Epoch 5/8000
 - 3s - loss: 0.4301 - val_loss: 0.4260

Epoch 00005: val_loss improved from 0.44113 to 0.42604, saving model to ../../model_weights/model_2020-04-27_14-46-27.h5
Epoch 6/8000
 - 3s - loss: 0.4210 - val_loss: 0.4190

Epoch 00006: val_loss improved from 0.42604 to 0.41898, saving model to ../../model_weights/model_2020-04-27_14-46-27.h5
Epoch 7/8000
 - 3s - loss: 0.4182 - val_loss: 0.4139

Epoch 00007: val_loss improved from 0.41898 to 0.41388, saving model to ../../model_weights/model_2020-04-27_14-46-27.h5
Epoch 8/8000
 - 3s - loss: 0.4126 - val_loss: 0.4094

Epoch 00008: val_loss improved from 0.41388 to 0.40937, saving model to ../../model_weights/model_2020-04-27_14-46-27.h5
Epoch 9/8000
 - 3s - loss: 0.4099 - val_loss: 0.4057

Epoch 00009: val_loss improved from 0.40937 to 0.40572, saving model to ../../model_weights/model_2020-04-27_14-46-27.h5
Epoch 10/8000
 - 3s - loss: 0.4082 - val_loss: 0.4080

Epoch 00010: val_loss did not improve from 0.40572
Epoch 11/8000
 - 3s - loss: 0.4057 - val_loss: 0.4051

Epoch 00011: val_loss improved from 0.40572 to 0.40513, saving model to ../../model_weights/model_2020-04-27_14-46-27.h5
Epoch 12/8000
 - 3s - loss: 0.4048 - val_loss: 0.4067

Epoch 00012: val_loss did not improve from 0.40513
Epoch 13/8000
 - 3s - loss: 0.4029 - val_loss: 0.4025

Epoch 00013: val_loss improved from 0.40513 to 0.40247, saving model to ../../model_weights/model_2020-04-27_14-46-27.h5
Epoch 14/8000
 - 3s - loss: 0.4039 - val_loss: 0.4048

Epoch 00014: val_loss did not improve from 0.40247
Epoch 15/8000
 - 3s - loss: 0.4021 - val_loss: 0.4050

Epoch 00015: val_loss did not improve from 0.40247
Epoch 16/8000
 - 3s - loss: 0.4000 - val_loss: 0.3998

Epoch 00016: val_loss improved from 0.40247 to 0.39977, saving model to ../../model_weights/model_2020-04-27_14-46-27.h5
Epoch 17/8000
 - 3s - loss: 0.4000 - val_loss: 0.3978

Epoch 00017: val_loss improved from 0.39977 to 0.39784, saving model to ../../model_weights/model_2020-04-27_14-46-27.h5
Epoch 18/8000
 - 3s - loss: 0.3997 - val_loss: 0.3981

Epoch 00018: val_loss did not improve from 0.39784
Epoch 19/8000
 - 3s - loss: 0.3987 - val_loss: 0.3991

Epoch 00019: val_loss did not improve from 0.39784
Epoch 20/8000
 - 3s - loss: 0.3972 - val_loss: 0.3976

Epoch 00020: val_loss improved from 0.39784 to 0.39765, saving model to ../../model_weights/model_2020-04-27_14-46-27.h5
Epoch 21/8000
 - 3s - loss: 0.3978 - val_loss: 0.3977

Epoch 00021: val_loss did not improve from 0.39765
Epoch 22/8000
 - 3s - loss: 0.3977 - val_loss: 0.3960

Epoch 00022: val_loss improved from 0.39765 to 0.39597, saving model to ../../model_weights/model_2020-04-27_14-46-27.h5
Epoch 23/8000
 - 3s - loss: 0.3965 - val_loss: 0.3932

Epoch 00023: val_loss improved from 0.39597 to 0.39323, saving model to ../../model_weights/model_2020-04-27_14-46-27.h5
Epoch 24/8000
 - 3s - loss: 0.3961 - val_loss: 0.3942

Epoch 00024: val_loss did not improve from 0.39323
Epoch 25/8000
 - 3s - loss: 0.3957 - val_loss: 0.3949

Epoch 00025: val_loss did not improve from 0.39323
Epoch 26/8000
 - 3s - loss: 0.3957 - val_loss: 0.3965

Epoch 00026: val_loss did not improve from 0.39323
Epoch 27/8000
 - 3s - loss: 0.3954 - val_loss: 0.3965

Epoch 00027: val_loss did not improve from 0.39323
Epoch 28/8000
 - 3s - loss: 0.3963 - val_loss: 0.3950

Epoch 00028: val_loss did not improve from 0.39323
Epoch 29/8000
 - 3s - loss: 0.3950 - val_loss: 0.3945

Epoch 00029: val_loss did not improve from 0.39323
Epoch 30/8000
 - 3s - loss: 0.3943 - val_loss: 0.3957

Epoch 00030: val_loss did not improve from 0.39323
Epoch 31/8000
 - 3s - loss: 0.3947 - val_loss: 0.3946

Epoch 00031: val_loss did not improve from 0.39323
Epoch 32/8000
 - 3s - loss: 0.3949 - val_loss: 0.3947

Epoch 00032: val_loss did not improve from 0.39323
Epoch 33/8000
 - 3s - loss: 0.3939 - val_loss: 0.3931

Epoch 00033: val_loss improved from 0.39323 to 0.39306, saving model to ../../model_weights/model_2020-04-27_14-46-27.h5
Epoch 34/8000
 - 3s - loss: 0.3946 - val_loss: 0.3932

Epoch 00034: val_loss did not improve from 0.39306
Epoch 35/8000
 - 3s - loss: 0.3935 - val_loss: 0.3937

Epoch 00035: val_loss did not improve from 0.39306
Epoch 36/8000
 - 3s - loss: 0.3934 - val_loss: 0.3935

Epoch 00036: val_loss did not improve from 0.39306
Epoch 37/8000
 - 3s - loss: 0.3936 - val_loss: 0.3925

Epoch 00037: val_loss improved from 0.39306 to 0.39247, saving model to ../../model_weights/model_2020-04-27_14-46-27.h5
Epoch 38/8000
 - 3s - loss: 0.3937 - val_loss: 0.3913

Epoch 00038: val_loss improved from 0.39247 to 0.39126, saving model to ../../model_weights/model_2020-04-27_14-46-27.h5
Epoch 39/8000
 - 3s - loss: 0.3938 - val_loss: 0.3954

Epoch 00039: val_loss did not improve from 0.39126
Epoch 40/8000
 - 3s - loss: 0.3931 - val_loss: 0.3907

Epoch 00040: val_loss improved from 0.39126 to 0.39066, saving model to ../../model_weights/model_2020-04-27_14-46-27.h5
Epoch 41/8000
 - 3s - loss: 0.3939 - val_loss: 0.3938

Epoch 00041: val_loss did not improve from 0.39066
Epoch 42/8000
 - 3s - loss: 0.3933 - val_loss: 0.3933

Epoch 00042: val_loss did not improve from 0.39066
Epoch 43/8000
 - 3s - loss: 0.3924 - val_loss: 0.3935

Epoch 00043: val_loss did not improve from 0.39066
Epoch 44/8000
 - 3s - loss: 0.3926 - val_loss: 0.3953

Epoch 00044: val_loss did not improve from 0.39066
Epoch 45/8000
 - 3s - loss: 0.3942 - val_loss: 0.3910

Epoch 00045: val_loss did not improve from 0.39066
Epoch 46/8000
 - 3s - loss: 0.3926 - val_loss: 0.3917

Epoch 00046: val_loss did not improve from 0.39066
Epoch 47/8000
 - 3s - loss: 0.3931 - val_loss: 0.3915

Epoch 00047: val_loss did not improve from 0.39066
Epoch 48/8000
 - 3s - loss: 0.3922 - val_loss: 0.3946

Epoch 00048: val_loss did not improve from 0.39066
Epoch 49/8000
 - 3s - loss: 0.6047 - val_loss: 0.4638

Epoch 00049: val_loss did not improve from 0.39066
Epoch 50/8000
 - 3s - loss: 0.4336 - val_loss: 0.4206

Epoch 00050: val_loss did not improve from 0.39066
Epoch 51/8000
 - 3s - loss: 0.4179 - val_loss: 0.4148

Epoch 00051: val_loss did not improve from 0.39066
Epoch 52/8000
 - 3s - loss: 0.4149 - val_loss: 0.4125

Epoch 00052: val_loss did not improve from 0.39066
Epoch 53/8000
 - 3s - loss: 0.4084 - val_loss: 0.4070

Epoch 00053: val_loss did not improve from 0.39066
Epoch 54/8000
 - 3s - loss: 0.4043 - val_loss: 0.4002

Epoch 00054: val_loss did not improve from 0.39066
Epoch 55/8000
 - 3s - loss: 0.3988 - val_loss: 0.3977

Epoch 00055: val_loss did not improve from 0.39066
Epoch 56/8000
 - 3s - loss: 0.3969 - val_loss: 0.4054

Epoch 00056: val_loss did not improve from 0.39066
Epoch 57/8000
 - 3s - loss: 0.3953 - val_loss: 0.3951

Epoch 00057: val_loss did not improve from 0.39066
Epoch 58/8000
 - 3s - loss: 0.3932 - val_loss: 0.3933

Epoch 00058: val_loss did not improve from 0.39066
Epoch 59/8000
 - 3s - loss: 0.3926 - val_loss: 0.3914

Epoch 00059: val_loss did not improve from 0.39066
Epoch 60/8000
 - 3s - loss: 0.3924 - val_loss: 0.3922

Epoch 00060: val_loss did not improve from 0.39066
Epoch 61/8000
 - 3s - loss: 0.3922 - val_loss: 0.3918

Epoch 00061: val_loss did not improve from 0.39066
Epoch 62/8000
 - 3s - loss: 0.3914 - val_loss: 0.3906

Epoch 00062: val_loss improved from 0.39066 to 0.39058, saving model to ../../model_weights/model_2020-04-27_14-46-27.h5
Epoch 63/8000
 - 3s - loss: 0.3910 - val_loss: 0.3913

Epoch 00063: val_loss did not improve from 0.39058
Epoch 64/8000
 - 3s - loss: 0.3905 - val_loss: 0.3904

Epoch 00064: val_loss improved from 0.39058 to 0.39041, saving model to ../../model_weights/model_2020-04-27_14-46-27.h5
Epoch 65/8000
 - 3s - loss: 0.3907 - val_loss: 0.3909

Epoch 00065: val_loss did not improve from 0.39041
Epoch 66/8000
 - 3s - loss: 0.3908 - val_loss: 0.3914

Epoch 00066: val_loss did not improve from 0.39041
Epoch 67/8000
 - 3s - loss: 0.3905 - val_loss: 0.3887

Epoch 00067: val_loss improved from 0.39041 to 0.38871, saving model to ../../model_weights/model_2020-04-27_14-46-27.h5
Epoch 68/8000
 - 3s - loss: 0.3899 - val_loss: 0.3901

Epoch 00068: val_loss did not improve from 0.38871
Epoch 69/8000
 - 3s - loss: 0.3902 - val_loss: 0.3888

Epoch 00069: val_loss did not improve from 0.38871
Epoch 70/8000
 - 3s - loss: 0.3890 - val_loss: 0.3876

Epoch 00070: val_loss improved from 0.38871 to 0.38762, saving model to ../../model_weights/model_2020-04-27_14-46-27.h5
Epoch 71/8000
 - 3s - loss: 0.3892 - val_loss: 0.3880

Epoch 00071: val_loss did not improve from 0.38762
Epoch 72/8000
 - 3s - loss: 0.3889 - val_loss: 0.3891

Epoch 00072: val_loss did not improve from 0.38762
Epoch 73/8000
 - 3s - loss: 0.3896 - val_loss: 0.3877

Epoch 00073: val_loss did not improve from 0.38762
Epoch 74/8000
 - 3s - loss: 0.3924 - val_loss: 0.3973

Epoch 00074: val_loss did not improve from 0.38762
Epoch 75/8000
 - 3s - loss: 0.3916 - val_loss: 0.3929

Epoch 00075: val_loss did not improve from 0.38762
Epoch 76/8000
 - 3s - loss: 0.3885 - val_loss: 0.3881

Epoch 00076: val_loss did not improve from 0.38762
Epoch 77/8000
 - 3s - loss: 0.3902 - val_loss: 0.3913

Epoch 00077: val_loss did not improve from 0.38762
Epoch 78/8000
 - 3s - loss: 0.3877 - val_loss: 0.3887

Epoch 00078: val_loss did not improve from 0.38762
Epoch 79/8000
 - 3s - loss: 0.3880 - val_loss: 0.3891

Epoch 00079: val_loss did not improve from 0.38762
Epoch 80/8000
 - 3s - loss: 0.3876 - val_loss: 0.3871

Epoch 00080: val_loss improved from 0.38762 to 0.38706, saving model to ../../model_weights/model_2020-04-27_14-46-27.h5
Epoch 81/8000
 - 3s - loss: 0.3887 - val_loss: 0.3906

Epoch 00081: val_loss did not improve from 0.38706
Epoch 82/8000
 - 3s - loss: 0.3873 - val_loss: 0.3867

Epoch 00082: val_loss improved from 0.38706 to 0.38668, saving model to ../../model_weights/model_2020-04-27_14-46-27.h5
Epoch 83/8000
 - 3s - loss: 0.3868 - val_loss: 0.3858

Epoch 00083: val_loss improved from 0.38668 to 0.38578, saving model to ../../model_weights/model_2020-04-27_14-46-27.h5
Epoch 84/8000
 - 3s - loss: 0.3866 - val_loss: 0.3843

Epoch 00084: val_loss improved from 0.38578 to 0.38429, saving model to ../../model_weights/model_2020-04-27_14-46-27.h5
Epoch 85/8000
 - 3s - loss: 0.3877 - val_loss: 0.3889

Epoch 00085: val_loss did not improve from 0.38429
Epoch 86/8000
 - 3s - loss: 0.3879 - val_loss: 0.3874

Epoch 00086: val_loss did not improve from 0.38429
Epoch 87/8000
 - 3s - loss: 0.3866 - val_loss: 0.3849

Epoch 00087: val_loss did not improve from 0.38429
Epoch 88/8000
 - 3s - loss: 0.3865 - val_loss: 0.3886

Epoch 00088: val_loss did not improve from 0.38429
Epoch 89/8000
 - 3s - loss: 0.3871 - val_loss: 0.3886

Epoch 00089: val_loss did not improve from 0.38429
Epoch 90/8000
 - 3s - loss: 0.3879 - val_loss: 0.3848

Epoch 00090: val_loss did not improve from 0.38429
Epoch 91/8000
 - 3s - loss: 0.3864 - val_loss: 0.3849

Epoch 00091: val_loss did not improve from 0.38429
Epoch 92/8000
 - 3s - loss: 0.3879 - val_loss: 0.3875

Epoch 00092: val_loss did not improve from 0.38429
Epoch 93/8000
 - 3s - loss: 0.3873 - val_loss: 0.3881

Epoch 00093: val_loss did not improve from 0.38429
Epoch 94/8000
 - 3s - loss: 0.3880 - val_loss: 0.3921

Epoch 00094: val_loss did not improve from 0.38429
Epoch 95/8000
 - 3s - loss: 0.3870 - val_loss: 0.3854

Epoch 00095: val_loss did not improve from 0.38429
Epoch 96/8000
 - 3s - loss: 0.3863 - val_loss: 0.3863

Epoch 00096: val_loss did not improve from 0.38429
Epoch 97/8000
 - 3s - loss: 0.3862 - val_loss: 0.3863

Epoch 00097: val_loss did not improve from 0.38429
Epoch 98/8000
 - 3s - loss: 0.3871 - val_loss: 0.3884

Epoch 00098: val_loss did not improve from 0.38429
Epoch 99/8000
 - 3s - loss: 0.3868 - val_loss: 0.3858

Epoch 00099: val_loss did not improve from 0.38429
Epoch 100/8000
 - 3s - loss: 0.3866 - val_loss: 0.3868

Epoch 00100: val_loss did not improve from 0.38429
Epoch 101/8000
 - 3s - loss: 0.3878 - val_loss: 0.3870

Epoch 00101: val_loss did not improve from 0.38429
Epoch 102/8000
 - 3s - loss: 0.3870 - val_loss: 0.3859

Epoch 00102: val_loss did not improve from 0.38429
Epoch 103/8000
 - 3s - loss: 0.3866 - val_loss: 0.3927

Epoch 00103: val_loss did not improve from 0.38429
Epoch 104/8000
 - 3s - loss: 0.3864 - val_loss: 0.3874

Epoch 00104: val_loss did not improve from 0.38429
Epoch 105/8000
 - 3s - loss: 0.3863 - val_loss: 0.3889

Epoch 00105: val_loss did not improve from 0.38429
Epoch 106/8000
 - 3s - loss: 0.3865 - val_loss: 0.3865

Epoch 00106: val_loss did not improve from 0.38429
Epoch 107/8000
 - 3s - loss: 0.3861 - val_loss: 0.3866

Epoch 00107: val_loss did not improve from 0.38429
Epoch 108/8000
 - 3s - loss: 0.3868 - val_loss: 0.3872

Epoch 00108: val_loss did not improve from 0.38429
Epoch 109/8000
 - 3s - loss: 0.3857 - val_loss: 0.3831

Epoch 00109: val_loss improved from 0.38429 to 0.38313, saving model to ../../model_weights/model_2020-04-27_14-46-27.h5
Epoch 110/8000
 - 3s - loss: 0.3864 - val_loss: 0.3872

Epoch 00110: val_loss did not improve from 0.38313
Epoch 111/8000
 - 3s - loss: 0.3859 - val_loss: 0.3860

Epoch 00111: val_loss did not improve from 0.38313
Epoch 112/8000
 - 3s - loss: 0.3895 - val_loss: 0.3881

Epoch 00112: val_loss did not improve from 0.38313
Epoch 113/8000
 - 3s - loss: 0.3868 - val_loss: 0.3875

Epoch 00113: val_loss did not improve from 0.38313
Epoch 114/8000
 - 3s - loss: 0.3861 - val_loss: 0.3873

Epoch 00114: val_loss did not improve from 0.38313
Epoch 115/8000
 - 3s - loss: 0.3858 - val_loss: 0.3855

Epoch 00115: val_loss did not improve from 0.38313
Epoch 116/8000
 - 3s - loss: 0.3858 - val_loss: 0.3835

Epoch 00116: val_loss did not improve from 0.38313
Epoch 117/8000
 - 3s - loss: 0.3855 - val_loss: 0.3911

Epoch 00117: val_loss did not improve from 0.38313
Epoch 118/8000
 - 3s - loss: 0.3874 - val_loss: 0.3860

Epoch 00118: val_loss did not improve from 0.38313
Epoch 119/8000
 - 3s - loss: 0.3859 - val_loss: 0.3862

Epoch 00119: val_loss did not improve from 0.38313
Epoch 120/8000
 - 3s - loss: 0.3859 - val_loss: 0.3850

Epoch 00120: val_loss did not improve from 0.38313
Epoch 121/8000
 - 3s - loss: 0.3855 - val_loss: 0.3832

Epoch 00121: val_loss did not improve from 0.38313
Epoch 122/8000
 - 3s - loss: 0.3855 - val_loss: 0.3872

Epoch 00122: val_loss did not improve from 0.38313
Epoch 123/8000
 - 3s - loss: 0.3864 - val_loss: 0.3845

Epoch 00123: val_loss did not improve from 0.38313
Epoch 124/8000
 - 3s - loss: 0.3852 - val_loss: 0.3873

Epoch 00124: val_loss did not improve from 0.38313
Epoch 125/8000
 - 3s - loss: 0.3899 - val_loss: 0.3883

Epoch 00125: val_loss did not improve from 0.38313
Epoch 126/8000
 - 3s - loss: 0.3869 - val_loss: 0.3880

Epoch 00126: val_loss did not improve from 0.38313
Epoch 127/8000
 - 3s - loss: 0.3855 - val_loss: 0.3839

Epoch 00127: val_loss did not improve from 0.38313
Epoch 128/8000
 - 3s - loss: 0.3861 - val_loss: 0.3877

Epoch 00128: val_loss did not improve from 0.38313
Epoch 129/8000
 - 3s - loss: 0.3860 - val_loss: 0.3850

Epoch 00129: val_loss did not improve from 0.38313
Epoch 130/8000
 - 3s - loss: 0.3855 - val_loss: 0.3874

Epoch 00130: val_loss did not improve from 0.38313
Epoch 131/8000
 - 3s - loss: 0.3855 - val_loss: 0.3889

Epoch 00131: val_loss did not improve from 0.38313
Epoch 132/8000
 - 3s - loss: 0.3860 - val_loss: 0.3848

Epoch 00132: val_loss did not improve from 0.38313
Epoch 133/8000
 - 3s - loss: 0.3850 - val_loss: 0.3867

Epoch 00133: val_loss did not improve from 0.38313
Epoch 134/8000
 - 3s - loss: 0.3855 - val_loss: 0.3879

Epoch 00134: val_loss did not improve from 0.38313
Epoch 135/8000
 - 3s - loss: 0.3858 - val_loss: 0.3841

Epoch 00135: val_loss did not improve from 0.38313
Epoch 136/8000
 - 3s - loss: 0.3845 - val_loss: 0.3890

Epoch 00136: val_loss did not improve from 0.38313
Epoch 137/8000
 - 3s - loss: 0.3856 - val_loss: 0.3828

Epoch 00137: val_loss improved from 0.38313 to 0.38275, saving model to ../../model_weights/model_2020-04-27_14-46-27.h5
Epoch 138/8000
 - 3s - loss: 0.3859 - val_loss: 0.3868

Epoch 00138: val_loss did not improve from 0.38275
Epoch 139/8000
 - 3s - loss: 0.3859 - val_loss: 0.3842

Epoch 00139: val_loss did not improve from 0.38275
Epoch 140/8000
 - 3s - loss: 0.3846 - val_loss: 0.3887

Epoch 00140: val_loss did not improve from 0.38275
Epoch 141/8000
 - 3s - loss: 0.3861 - val_loss: 0.3859

Epoch 00141: val_loss did not improve from 0.38275
Epoch 142/8000
 - 3s - loss: 0.3863 - val_loss: 0.3836

Epoch 00142: val_loss did not improve from 0.38275
Epoch 143/8000
 - 3s - loss: 0.3863 - val_loss: 0.3840

Epoch 00143: val_loss did not improve from 0.38275
Epoch 144/8000
 - 3s - loss: 0.3853 - val_loss: 0.3877

Epoch 00144: val_loss did not improve from 0.38275
Epoch 145/8000
 - 3s - loss: 0.3962 - val_loss: 0.3986

Epoch 00145: val_loss did not improve from 0.38275
Epoch 146/8000
 - 3s - loss: 0.3931 - val_loss: 0.3903

Epoch 00146: val_loss did not improve from 0.38275
Epoch 147/8000
 - 3s - loss: 0.3880 - val_loss: 0.3893

Epoch 00147: val_loss did not improve from 0.38275
Epoch 148/8000
 - 3s - loss: 0.3865 - val_loss: 0.3905

Epoch 00148: val_loss did not improve from 0.38275
Epoch 149/8000
 - 3s - loss: 0.3857 - val_loss: 0.3864

Epoch 00149: val_loss did not improve from 0.38275
Epoch 150/8000
 - 3s - loss: 0.3855 - val_loss: 0.3852

Epoch 00150: val_loss did not improve from 0.38275
Epoch 151/8000
 - 3s - loss: 0.3855 - val_loss: 0.3837

Epoch 00151: val_loss did not improve from 0.38275
Epoch 152/8000
 - 3s - loss: 0.3850 - val_loss: 0.3840

Epoch 00152: val_loss did not improve from 0.38275
Epoch 153/8000
 - 3s - loss: 0.3854 - val_loss: 0.3854

Epoch 00153: val_loss did not improve from 0.38275
Epoch 154/8000
 - 3s - loss: 0.3858 - val_loss: 0.3872

Epoch 00154: val_loss did not improve from 0.38275
Epoch 155/8000
 - 3s - loss: 0.3851 - val_loss: 0.3867

Epoch 00155: val_loss did not improve from 0.38275
Epoch 156/8000
 - 3s - loss: 0.3851 - val_loss: 0.3850

Epoch 00156: val_loss did not improve from 0.38275
Epoch 157/8000
 - 3s - loss: 0.3884 - val_loss: 0.3847

Epoch 00157: val_loss did not improve from 0.38275
Epoch 158/8000
 - 3s - loss: 0.3855 - val_loss: 0.3883

Epoch 00158: val_loss did not improve from 0.38275
Epoch 159/8000
 - 3s - loss: 0.3862 - val_loss: 0.3842

Epoch 00159: val_loss did not improve from 0.38275
Epoch 160/8000
 - 3s - loss: 0.3864 - val_loss: 0.3879

Epoch 00160: val_loss did not improve from 0.38275
Epoch 161/8000
 - 3s - loss: 0.3848 - val_loss: 0.3826

Epoch 00161: val_loss improved from 0.38275 to 0.38256, saving model to ../../model_weights/model_2020-04-27_14-46-27.h5
Epoch 162/8000
 - 3s - loss: 0.3851 - val_loss: 0.3836

Epoch 00162: val_loss did not improve from 0.38256
Epoch 163/8000
 - 3s - loss: 0.3850 - val_loss: 0.3850

Epoch 00163: val_loss did not improve from 0.38256
Epoch 164/8000
 - 3s - loss: 0.3860 - val_loss: 0.3859

Epoch 00164: val_loss did not improve from 0.38256
Epoch 165/8000
 - 3s - loss: 0.3897 - val_loss: 0.3939

Epoch 00165: val_loss did not improve from 0.38256
Epoch 166/8000
 - 3s - loss: 0.3902 - val_loss: 0.3925

Epoch 00166: val_loss did not improve from 0.38256
Epoch 167/8000
 - 3s - loss: 0.4051 - val_loss: 0.3959

Epoch 00167: val_loss did not improve from 0.38256
Epoch 168/8000
 - 3s - loss: 0.3935 - val_loss: 0.3903

Epoch 00168: val_loss did not improve from 0.38256
Epoch 169/8000
 - 3s - loss: 0.3919 - val_loss: 0.3918

Epoch 00169: val_loss did not improve from 0.38256
Epoch 170/8000
 - 3s - loss: 0.3908 - val_loss: 0.3892

Epoch 00170: val_loss did not improve from 0.38256
Epoch 171/8000
 - 3s - loss: 0.3903 - val_loss: 0.3898

Epoch 00171: val_loss did not improve from 0.38256
Epoch 172/8000
 - 3s - loss: 0.3902 - val_loss: 0.3911

Epoch 00172: val_loss did not improve from 0.38256
Epoch 173/8000
 - 3s - loss: 0.3902 - val_loss: 0.3887

Epoch 00173: val_loss did not improve from 0.38256
Epoch 174/8000
 - 3s - loss: 0.3902 - val_loss: 0.3927

Epoch 00174: val_loss did not improve from 0.38256
Epoch 175/8000
 - 3s - loss: 0.3902 - val_loss: 0.3905

Epoch 00175: val_loss did not improve from 0.38256
Epoch 176/8000
 - 3s - loss: 0.3898 - val_loss: 0.3899

Epoch 00176: val_loss did not improve from 0.38256
Epoch 177/8000
 - 3s - loss: 0.3896 - val_loss: 0.3900

Epoch 00177: val_loss did not improve from 0.38256
Epoch 178/8000
 - 3s - loss: 0.3895 - val_loss: 0.3905

Epoch 00178: val_loss did not improve from 0.38256
Epoch 179/8000
 - 3s - loss: 0.3889 - val_loss: 0.3878

Epoch 00179: val_loss did not improve from 0.38256
Epoch 180/8000
 - 3s - loss: 0.3892 - val_loss: 0.3907

Epoch 00180: val_loss did not improve from 0.38256
Epoch 181/8000
 - 3s - loss: 0.3885 - val_loss: 0.3875

Epoch 00181: val_loss did not improve from 0.38256
Epoch 182/8000
 - 3s - loss: 0.3919 - val_loss: 0.3930

Epoch 00182: val_loss did not improve from 0.38256
Epoch 183/8000
 - 3s - loss: 0.3936 - val_loss: 0.3931

Epoch 00183: val_loss did not improve from 0.38256
Epoch 184/8000
 - 3s - loss: 0.3932 - val_loss: 0.3920

Epoch 00184: val_loss did not improve from 0.38256
Epoch 185/8000
 - 3s - loss: 0.3927 - val_loss: 0.3926

Epoch 00185: val_loss did not improve from 0.38256
Epoch 186/8000
 - 3s - loss: 0.3927 - val_loss: 0.3920

Epoch 00186: val_loss did not improve from 0.38256
Epoch 187/8000
 - 3s - loss: 0.3923 - val_loss: 0.3924

Epoch 00187: val_loss did not improve from 0.38256
Epoch 188/8000
 - 3s - loss: 0.3932 - val_loss: 0.3937

Epoch 00188: val_loss did not improve from 0.38256
Epoch 189/8000
 - 3s - loss: 0.3926 - val_loss: 0.3924

Epoch 00189: val_loss did not improve from 0.38256
Epoch 190/8000
 - 3s - loss: 0.3927 - val_loss: 0.3917

Epoch 00190: val_loss did not improve from 0.38256
Epoch 191/8000
 - 3s - loss: 0.3925 - val_loss: 0.3922

Epoch 00191: val_loss did not improve from 0.38256
Epoch 192/8000
 - 3s - loss: 0.3926 - val_loss: 0.3898

Epoch 00192: val_loss did not improve from 0.38256
Epoch 193/8000
 - 3s - loss: 0.3924 - val_loss: 0.3940

Epoch 00193: val_loss did not improve from 0.38256
Epoch 194/8000
 - 3s - loss: 0.3924 - val_loss: 0.3922

Epoch 00194: val_loss did not improve from 0.38256
Epoch 195/8000
 - 3s - loss: 0.3924 - val_loss: 0.3925

Epoch 00195: val_loss did not improve from 0.38256
Epoch 196/8000
 - 3s - loss: 0.3925 - val_loss: 0.3931

Epoch 00196: val_loss did not improve from 0.38256
Epoch 197/8000
 - 3s - loss: 0.3916 - val_loss: 0.3940

Epoch 00197: val_loss did not improve from 0.38256
Epoch 198/8000
 - 3s - loss: 0.3921 - val_loss: 0.3920

Epoch 00198: val_loss did not improve from 0.38256
Epoch 199/8000
 - 3s - loss: 0.3919 - val_loss: 0.3942

Epoch 00199: val_loss did not improve from 0.38256
Epoch 200/8000
 - 3s - loss: 0.3925 - val_loss: 0.3913

Epoch 00200: val_loss did not improve from 0.38256
Epoch 201/8000
 - 3s - loss: 0.3922 - val_loss: 0.3913

Epoch 00201: val_loss did not improve from 0.38256
Epoch 202/8000
 - 3s - loss: 0.3921 - val_loss: 0.3928

Epoch 00202: val_loss did not improve from 0.38256
Epoch 203/8000
 - 3s - loss: 0.3923 - val_loss: 0.3936

Epoch 00203: val_loss did not improve from 0.38256
Epoch 204/8000
 - 3s - loss: 0.3924 - val_loss: 0.3926

Epoch 00204: val_loss did not improve from 0.38256
Epoch 205/8000
 - 3s - loss: 0.3920 - val_loss: 0.3908

Epoch 00205: val_loss did not improve from 0.38256
Epoch 206/8000
 - 3s - loss: 0.3922 - val_loss: 0.3915

Epoch 00206: val_loss did not improve from 0.38256
Epoch 207/8000
 - 3s - loss: 0.3924 - val_loss: 0.3938

Epoch 00207: val_loss did not improve from 0.38256
Epoch 208/8000
 - 3s - loss: 0.3920 - val_loss: 0.3920

Epoch 00208: val_loss did not improve from 0.38256
Epoch 209/8000
 - 3s - loss: 0.3918 - val_loss: 0.3922

Epoch 00209: val_loss did not improve from 0.38256
Epoch 210/8000
 - 3s - loss: 0.3914 - val_loss: 0.3929

Epoch 00210: val_loss did not improve from 0.38256
Epoch 211/8000
 - 3s - loss: 0.3922 - val_loss: 0.3939

Epoch 00211: val_loss did not improve from 0.38256
Epoch 212/8000
 - 3s - loss: 0.3917 - val_loss: 0.3899

Epoch 00212: val_loss did not improve from 0.38256
Epoch 213/8000
 - 3s - loss: 0.3923 - val_loss: 0.3935

Epoch 00213: val_loss did not improve from 0.38256
Epoch 214/8000
 - 3s - loss: 0.3915 - val_loss: 0.3923

Epoch 00214: val_loss did not improve from 0.38256
Epoch 215/8000
 - 3s - loss: 0.3919 - val_loss: 0.3934

Epoch 00215: val_loss did not improve from 0.38256
Epoch 216/8000
 - 3s - loss: 0.3918 - val_loss: 0.3910

Epoch 00216: val_loss did not improve from 0.38256
Epoch 217/8000
 - 3s - loss: 0.3923 - val_loss: 0.3924

Epoch 00217: val_loss did not improve from 0.38256
Epoch 218/8000
 - 3s - loss: 0.3926 - val_loss: 0.3915

Epoch 00218: val_loss did not improve from 0.38256
Epoch 219/8000
 - 3s - loss: 0.3922 - val_loss: 0.3932

Epoch 00219: val_loss did not improve from 0.38256
Epoch 220/8000
 - 3s - loss: 0.3918 - val_loss: 0.3919

Epoch 00220: val_loss did not improve from 0.38256
Epoch 221/8000
 - 3s - loss: 0.3921 - val_loss: 0.3906

Epoch 00221: val_loss did not improve from 0.38256
Epoch 222/8000
 - 3s - loss: 0.3921 - val_loss: 0.3901

Epoch 00222: val_loss did not improve from 0.38256
Epoch 223/8000
 - 3s - loss: 0.3919 - val_loss: 0.3945

Epoch 00223: val_loss did not improve from 0.38256
Epoch 224/8000
 - 3s - loss: 0.3918 - val_loss: 0.3912

Epoch 00224: val_loss did not improve from 0.38256
Epoch 225/8000
 - 3s - loss: 0.3913 - val_loss: 0.3916

Epoch 00225: val_loss did not improve from 0.38256
Epoch 226/8000
 - 3s - loss: 0.3919 - val_loss: 0.3935

Epoch 00226: val_loss did not improve from 0.38256
Epoch 227/8000
 - 3s - loss: 0.3923 - val_loss: 0.3908

Epoch 00227: val_loss did not improve from 0.38256
Epoch 228/8000
 - 3s - loss: 0.3919 - val_loss: 0.3925

Epoch 00228: val_loss did not improve from 0.38256
Epoch 229/8000
 - 3s - loss: 0.3913 - val_loss: 0.3933

Epoch 00229: val_loss did not improve from 0.38256
Epoch 230/8000
 - 3s - loss: 0.3919 - val_loss: 0.3916

Epoch 00230: val_loss did not improve from 0.38256
Epoch 231/8000
 - 3s - loss: 0.3916 - val_loss: 0.3915

Epoch 00231: val_loss did not improve from 0.38256
Epoch 232/8000
 - 3s - loss: 0.3917 - val_loss: 0.3919

Epoch 00232: val_loss did not improve from 0.38256
Epoch 233/8000
 - 3s - loss: 0.3914 - val_loss: 0.3927

Epoch 00233: val_loss did not improve from 0.38256
Epoch 234/8000
 - 3s - loss: 0.3916 - val_loss: 0.3911

Epoch 00234: val_loss did not improve from 0.38256
Epoch 235/8000
 - 3s - loss: 0.3920 - val_loss: 0.3925

Epoch 00235: val_loss did not improve from 0.38256
Epoch 236/8000
 - 3s - loss: 0.3913 - val_loss: 0.3907

Epoch 00236: val_loss did not improve from 0.38256
Epoch 237/8000
 - 3s - loss: 0.3918 - val_loss: 0.3915

Epoch 00237: val_loss did not improve from 0.38256
Epoch 238/8000
 - 3s - loss: 0.3919 - val_loss: 0.3912

Epoch 00238: val_loss did not improve from 0.38256
Epoch 239/8000
 - 3s - loss: 0.3914 - val_loss: 0.3937

Epoch 00239: val_loss did not improve from 0.38256
Epoch 240/8000
 - 3s - loss: 0.3919 - val_loss: 0.3916

Epoch 00240: val_loss did not improve from 0.38256
Epoch 241/8000
 - 3s - loss: 0.3923 - val_loss: 0.3925

Epoch 00241: val_loss did not improve from 0.38256
Epoch 242/8000
 - 3s - loss: 0.3921 - val_loss: 0.3914

Epoch 00242: val_loss did not improve from 0.38256
Epoch 243/8000
 - 3s - loss: 0.3918 - val_loss: 0.3917

Epoch 00243: val_loss did not improve from 0.38256
Epoch 244/8000
 - 3s - loss: 0.3914 - val_loss: 0.3921

Epoch 00244: val_loss did not improve from 0.38256
Epoch 245/8000
 - 3s - loss: 0.3919 - val_loss: 0.3898

Epoch 00245: val_loss did not improve from 0.38256
Epoch 246/8000
 - 3s - loss: 0.3916 - val_loss: 0.3925

Epoch 00246: val_loss did not improve from 0.38256
Epoch 247/8000
 - 3s - loss: 0.3920 - val_loss: 0.3917

Epoch 00247: val_loss did not improve from 0.38256
Epoch 248/8000
 - 3s - loss: 0.3920 - val_loss: 0.3926

Epoch 00248: val_loss did not improve from 0.38256
Epoch 249/8000
 - 3s - loss: 0.3917 - val_loss: 0.3912

Epoch 00249: val_loss did not improve from 0.38256
Epoch 250/8000
 - 3s - loss: 0.3916 - val_loss: 0.3902

Epoch 00250: val_loss did not improve from 0.38256
Epoch 251/8000
 - 3s - loss: 0.3910 - val_loss: 0.3929

Epoch 00251: val_loss did not improve from 0.38256
Epoch 252/8000
 - 3s - loss: 0.3912 - val_loss: 0.3921

Epoch 00252: val_loss did not improve from 0.38256
Epoch 253/8000
 - 3s - loss: 0.3920 - val_loss: 0.3915

Epoch 00253: val_loss did not improve from 0.38256
Epoch 254/8000
 - 3s - loss: 0.3915 - val_loss: 0.3927

Epoch 00254: val_loss did not improve from 0.38256
Epoch 255/8000
 - 3s - loss: 0.3919 - val_loss: 0.3932

Epoch 00255: val_loss did not improve from 0.38256
Epoch 256/8000
 - 3s - loss: 0.3913 - val_loss: 0.3924

Epoch 00256: val_loss did not improve from 0.38256
Epoch 257/8000
 - 3s - loss: 0.3918 - val_loss: 0.3906

Epoch 00257: val_loss did not improve from 0.38256
Epoch 258/8000
 - 3s - loss: 0.3914 - val_loss: 0.3913

Epoch 00258: val_loss did not improve from 0.38256
Epoch 259/8000
 - 3s - loss: 0.3913 - val_loss: 0.3905

Epoch 00259: val_loss did not improve from 0.38256
Epoch 260/8000
 - 3s - loss: 0.3911 - val_loss: 0.3920

Epoch 00260: val_loss did not improve from 0.38256
Epoch 261/8000
 - 3s - loss: 0.3914 - val_loss: 0.3922

Epoch 00261: val_loss did not improve from 0.38256
Epoch 262/8000
 - 3s - loss: 0.3921 - val_loss: 0.3918

Epoch 00262: val_loss did not improve from 0.38256
Epoch 263/8000
 - 3s - loss: 0.3918 - val_loss: 0.3920

Epoch 00263: val_loss did not improve from 0.38256
Epoch 264/8000
 - 3s - loss: 0.3916 - val_loss: 0.3920

Epoch 00264: val_loss did not improve from 0.38256
Epoch 265/8000
 - 3s - loss: 0.3919 - val_loss: 0.3922

Epoch 00265: val_loss did not improve from 0.38256
Epoch 266/8000
 - 3s - loss: 0.3915 - val_loss: 0.3917

Epoch 00266: val_loss did not improve from 0.38256
Epoch 267/8000
 - 3s - loss: 0.3917 - val_loss: 0.3914

Epoch 00267: val_loss did not improve from 0.38256
Epoch 268/8000
 - 3s - loss: 0.3917 - val_loss: 0.3917

Epoch 00268: val_loss did not improve from 0.38256
Epoch 269/8000
 - 3s - loss: 0.3915 - val_loss: 0.3926

Epoch 00269: val_loss did not improve from 0.38256
Epoch 270/8000
 - 3s - loss: 0.3918 - val_loss: 0.3929

Epoch 00270: val_loss did not improve from 0.38256
Epoch 271/8000
 - 3s - loss: 0.3914 - val_loss: 0.3923

Epoch 00271: val_loss did not improve from 0.38256
Epoch 272/8000
 - 3s - loss: 0.3913 - val_loss: 0.3884

Epoch 00272: val_loss did not improve from 0.38256
Epoch 273/8000
 - 3s - loss: 0.3916 - val_loss: 0.3910

Epoch 00273: val_loss did not improve from 0.38256
Epoch 274/8000
 - 3s - loss: 0.3916 - val_loss: 0.3914

Epoch 00274: val_loss did not improve from 0.38256
Epoch 275/8000
 - 3s - loss: 0.3912 - val_loss: 0.3917

Epoch 00275: val_loss did not improve from 0.38256
Epoch 276/8000
 - 3s - loss: 0.3915 - val_loss: 0.3915

Epoch 00276: val_loss did not improve from 0.38256
Epoch 277/8000
 - 3s - loss: 0.3916 - val_loss: 0.3903

Epoch 00277: val_loss did not improve from 0.38256
Epoch 278/8000
 - 3s - loss: 0.3911 - val_loss: 0.3932

Epoch 00278: val_loss did not improve from 0.38256
Epoch 279/8000
 - 3s - loss: 0.3915 - val_loss: 0.3925

Epoch 00279: val_loss did not improve from 0.38256
Epoch 280/8000
 - 3s - loss: 0.3913 - val_loss: 0.3919

Epoch 00280: val_loss did not improve from 0.38256
Epoch 281/8000
 - 3s - loss: 0.3913 - val_loss: 0.3904

Epoch 00281: val_loss did not improve from 0.38256
Epoch 282/8000
 - 3s - loss: 0.3917 - val_loss: 0.3914

Epoch 00282: val_loss did not improve from 0.38256
Epoch 283/8000
 - 3s - loss: 0.3916 - val_loss: 0.3915

Epoch 00283: val_loss did not improve from 0.38256
Epoch 284/8000
 - 3s - loss: 0.3913 - val_loss: 0.3925

Epoch 00284: val_loss did not improve from 0.38256
Epoch 285/8000
 - 3s - loss: 0.3919 - val_loss: 0.3919

Epoch 00285: val_loss did not improve from 0.38256
Epoch 286/8000
 - 3s - loss: 0.3915 - val_loss: 0.3915

Epoch 00286: val_loss did not improve from 0.38256
Epoch 287/8000
 - 3s - loss: 0.3915 - val_loss: 0.3924

Epoch 00287: val_loss did not improve from 0.38256
Epoch 288/8000
 - 3s - loss: 0.3916 - val_loss: 0.3930

Epoch 00288: val_loss did not improve from 0.38256
Epoch 289/8000
 - 3s - loss: 0.3915 - val_loss: 0.3894

Epoch 00289: val_loss did not improve from 0.38256
Epoch 290/8000
 - 3s - loss: 0.3912 - val_loss: 0.3916

Epoch 00290: val_loss did not improve from 0.38256
Epoch 291/8000
 - 3s - loss: 0.3916 - val_loss: 0.3930

Epoch 00291: val_loss did not improve from 0.38256
Epoch 292/8000
 - 3s - loss: 0.3919 - val_loss: 0.3927

Epoch 00292: val_loss did not improve from 0.38256
Epoch 293/8000
 - 3s - loss: 0.3915 - val_loss: 0.3931

Epoch 00293: val_loss did not improve from 0.38256
Epoch 294/8000
 - 3s - loss: 0.3914 - val_loss: 0.3891

Epoch 00294: val_loss did not improve from 0.38256
Epoch 295/8000
 - 3s - loss: 0.3918 - val_loss: 0.3915

Epoch 00295: val_loss did not improve from 0.38256
Epoch 296/8000
 - 3s - loss: 0.3914 - val_loss: 0.3911

Epoch 00296: val_loss did not improve from 0.38256
Epoch 297/8000
 - 3s - loss: 0.3917 - val_loss: 0.3908

Epoch 00297: val_loss did not improve from 0.38256
Epoch 298/8000
 - 3s - loss: 0.3912 - val_loss: 0.3925

Epoch 00298: val_loss did not improve from 0.38256
Epoch 299/8000
 - 3s - loss: 0.3913 - val_loss: 0.3925

Epoch 00299: val_loss did not improve from 0.38256
Epoch 300/8000
 - 3s - loss: 0.3915 - val_loss: 0.3911

Epoch 00300: val_loss did not improve from 0.38256
Epoch 301/8000
 - 3s - loss: 0.3913 - val_loss: 0.3909

Epoch 00301: val_loss did not improve from 0.38256
Epoch 302/8000
 - 3s - loss: 0.3911 - val_loss: 0.3896

Epoch 00302: val_loss did not improve from 0.38256
Epoch 303/8000
 - 3s - loss: 0.3915 - val_loss: 0.3922

Epoch 00303: val_loss did not improve from 0.38256
Epoch 304/8000
 - 3s - loss: 0.3915 - val_loss: 0.3912

Epoch 00304: val_loss did not improve from 0.38256
Epoch 305/8000
 - 3s - loss: 0.3914 - val_loss: 0.3911

Epoch 00305: val_loss did not improve from 0.38256
Epoch 306/8000
 - 3s - loss: 0.3912 - val_loss: 0.3893

Epoch 00306: val_loss did not improve from 0.38256
Epoch 307/8000
 - 3s - loss: 0.3912 - val_loss: 0.3926

Epoch 00307: val_loss did not improve from 0.38256
Epoch 308/8000
 - 3s - loss: 0.3916 - val_loss: 0.3954

Epoch 00308: val_loss did not improve from 0.38256
Epoch 309/8000
 - 3s - loss: 0.3916 - val_loss: 0.3921

Epoch 00309: val_loss did not improve from 0.38256
Epoch 310/8000
 - 3s - loss: 0.3913 - val_loss: 0.3921

Epoch 00310: val_loss did not improve from 0.38256
Epoch 311/8000
 - 3s - loss: 0.3915 - val_loss: 0.3898

Epoch 00311: val_loss did not improve from 0.38256
Epoch 312/8000
 - 3s - loss: 0.3908 - val_loss: 0.3906

Epoch 00312: val_loss did not improve from 0.38256
Epoch 313/8000
 - 3s - loss: 0.3915 - val_loss: 0.3900

Epoch 00313: val_loss did not improve from 0.38256
Epoch 314/8000
 - 3s - loss: 0.3913 - val_loss: 0.3913

Epoch 00314: val_loss did not improve from 0.38256
Epoch 315/8000
 - 3s - loss: 0.3915 - val_loss: 0.3921

Epoch 00315: val_loss did not improve from 0.38256
Epoch 316/8000
 - 3s - loss: 0.3910 - val_loss: 0.3913

Epoch 00316: val_loss did not improve from 0.38256
Epoch 317/8000
 - 3s - loss: 0.3911 - val_loss: 0.3906

Epoch 00317: val_loss did not improve from 0.38256
Epoch 318/8000
 - 3s - loss: 0.3909 - val_loss: 0.3912

Epoch 00318: val_loss did not improve from 0.38256
Epoch 319/8000
 - 3s - loss: 0.3912 - val_loss: 0.3924

Epoch 00319: val_loss did not improve from 0.38256
Epoch 320/8000
 - 3s - loss: 0.3914 - val_loss: 0.3914

Epoch 00320: val_loss did not improve from 0.38256
Epoch 321/8000
 - 3s - loss: 0.3914 - val_loss: 0.3916
