2020-04-27 15:04:21.990443: I tensorflow/core/platform/cpu_feature_guard.cc:141] Your CPU supports instructions that this TensorFlow binary was not compiled to use: SSE4.1 SSE4.2 AVX
2020-04-27 15:04:22.289098: I tensorflow/stream_executor/cuda/cuda_gpu_executor.cc:897] successful NUMA node read from SysFS had negative value (-1), but there must be at least one NUMA node, so returning NUMA node zero
2020-04-27 15:04:22.289645: I tensorflow/core/common_runtime/gpu/gpu_device.cc:1405] Found device 0 with properties: 
name: TITAN Xp major: 6 minor: 1 memoryClockRate(GHz): 1.582
pciBusID: 0000:01:00.0
totalMemory: 11.91GiB freeMemory: 11.75GiB
2020-04-27 15:04:22.289662: I tensorflow/core/common_runtime/gpu/gpu_device.cc:1484] Adding visible gpu devices: 0
2020-04-27 15:04:22.536040: I tensorflow/core/common_runtime/gpu/gpu_device.cc:965] Device interconnect StreamExecutor with strength 1 edge matrix:
2020-04-27 15:04:22.536083: I tensorflow/core/common_runtime/gpu/gpu_device.cc:971]      0 
2020-04-27 15:04:22.536092: I tensorflow/core/common_runtime/gpu/gpu_device.cc:984] 0:   N 
2020-04-27 15:04:22.536340: I tensorflow/core/common_runtime/gpu/gpu_device.cc:1097] Created TensorFlow device (/job:localhost/replica:0/task:0/device:GPU:0 with 11366 MB memory) -> physical GPU (device: 0, name: TITAN Xp, pci bus id: 0000:01:00.0, compute capability: 6.1)
2020-04-27 15:04:22.861486: I tensorflow/core/kernels/cuda_solvers.cc:159] Creating CudaSolver handles for stream 0x561c74ba2220
Train on 444791 samples, validate on 23411 samples
Epoch 1/8000
 - 4s - loss: 0.8941 - val_loss: 0.8423

Epoch 00001: val_loss improved from inf to 0.84229, saving model to ../../model_weights/model_2020-04-27_15-04-21.h5
Epoch 2/8000
 - 2s - loss: 0.7638 - val_loss: 0.6298

Epoch 00002: val_loss improved from 0.84229 to 0.62985, saving model to ../../model_weights/model_2020-04-27_15-04-21.h5
Epoch 3/8000
 - 2s - loss: 0.5067 - val_loss: 0.4288

Epoch 00003: val_loss improved from 0.62985 to 0.42878, saving model to ../../model_weights/model_2020-04-27_15-04-21.h5
Epoch 4/8000
 - 2s - loss: 0.4054 - val_loss: 0.3929

Epoch 00004: val_loss improved from 0.42878 to 0.39287, saving model to ../../model_weights/model_2020-04-27_15-04-21.h5
Epoch 5/8000
 - 2s - loss: 0.3805 - val_loss: 0.3710

Epoch 00005: val_loss improved from 0.39287 to 0.37104, saving model to ../../model_weights/model_2020-04-27_15-04-21.h5
Epoch 6/8000
 - 2s - loss: 0.3713 - val_loss: 0.3669

Epoch 00006: val_loss improved from 0.37104 to 0.36685, saving model to ../../model_weights/model_2020-04-27_15-04-21.h5
Epoch 7/8000
 - 2s - loss: 0.3657 - val_loss: 0.3624

Epoch 00007: val_loss improved from 0.36685 to 0.36241, saving model to ../../model_weights/model_2020-04-27_15-04-21.h5
Epoch 8/8000
 - 2s - loss: 0.3616 - val_loss: 0.3602

Epoch 00008: val_loss improved from 0.36241 to 0.36019, saving model to ../../model_weights/model_2020-04-27_15-04-21.h5
Epoch 9/8000
 - 2s - loss: 0.3591 - val_loss: 0.3557

Epoch 00009: val_loss improved from 0.36019 to 0.35568, saving model to ../../model_weights/model_2020-04-27_15-04-21.h5
Epoch 10/8000
 - 2s - loss: 0.3566 - val_loss: 0.3545

Epoch 00010: val_loss improved from 0.35568 to 0.35455, saving model to ../../model_weights/model_2020-04-27_15-04-21.h5
Epoch 11/8000
 - 2s - loss: 0.3559 - val_loss: 0.3531

Epoch 00011: val_loss improved from 0.35455 to 0.35307, saving model to ../../model_weights/model_2020-04-27_15-04-21.h5
Epoch 12/8000
 - 2s - loss: 0.3533 - val_loss: 0.3518

Epoch 00012: val_loss improved from 0.35307 to 0.35178, saving model to ../../model_weights/model_2020-04-27_15-04-21.h5
Epoch 13/8000
 - 2s - loss: 0.3517 - val_loss: 0.3519

Epoch 00013: val_loss did not improve from 0.35178
Epoch 14/8000
 - 2s - loss: 0.3500 - val_loss: 0.3493

Epoch 00014: val_loss improved from 0.35178 to 0.34928, saving model to ../../model_weights/model_2020-04-27_15-04-21.h5
Epoch 15/8000
 - 2s - loss: 0.3507 - val_loss: 0.3522

Epoch 00015: val_loss did not improve from 0.34928
Epoch 16/8000
 - 2s - loss: 0.3486 - val_loss: 0.3494

Epoch 00016: val_loss did not improve from 0.34928
Epoch 17/8000
 - 2s - loss: 0.3475 - val_loss: 0.3467

Epoch 00017: val_loss improved from 0.34928 to 0.34667, saving model to ../../model_weights/model_2020-04-27_15-04-21.h5
Epoch 18/8000
 - 2s - loss: 0.3465 - val_loss: 0.3458

Epoch 00018: val_loss improved from 0.34667 to 0.34582, saving model to ../../model_weights/model_2020-04-27_15-04-21.h5
Epoch 19/8000
 - 2s - loss: 0.3469 - val_loss: 0.3446

Epoch 00019: val_loss improved from 0.34582 to 0.34460, saving model to ../../model_weights/model_2020-04-27_15-04-21.h5
Epoch 20/8000
 - 2s - loss: 0.3454 - val_loss: 0.3494

Epoch 00020: val_loss did not improve from 0.34460
Epoch 21/8000
 - 2s - loss: 0.3453 - val_loss: 0.3455

Epoch 00021: val_loss did not improve from 0.34460
Epoch 22/8000
 - 2s - loss: 0.3447 - val_loss: 0.3461

Epoch 00022: val_loss did not improve from 0.34460
Epoch 23/8000
 - 2s - loss: 0.3435 - val_loss: 0.3420

Epoch 00023: val_loss improved from 0.34460 to 0.34203, saving model to ../../model_weights/model_2020-04-27_15-04-21.h5
Epoch 24/8000
 - 2s - loss: 0.3439 - val_loss: 0.3434

Epoch 00024: val_loss did not improve from 0.34203
Epoch 25/8000
 - 2s - loss: 0.3428 - val_loss: 0.3425

Epoch 00025: val_loss did not improve from 0.34203
Epoch 26/8000
 - 2s - loss: 0.3423 - val_loss: 0.3412

Epoch 00026: val_loss improved from 0.34203 to 0.34116, saving model to ../../model_weights/model_2020-04-27_15-04-21.h5
Epoch 27/8000
 - 2s - loss: 0.3418 - val_loss: 0.3411

Epoch 00027: val_loss improved from 0.34116 to 0.34105, saving model to ../../model_weights/model_2020-04-27_15-04-21.h5
Epoch 28/8000
 - 2s - loss: 0.3421 - val_loss: 0.3441

Epoch 00028: val_loss did not improve from 0.34105
Epoch 29/8000
 - 2s - loss: 0.3413 - val_loss: 0.3419

Epoch 00029: val_loss did not improve from 0.34105
Epoch 30/8000
 - 2s - loss: 0.3407 - val_loss: 0.3399

Epoch 00030: val_loss improved from 0.34105 to 0.33988, saving model to ../../model_weights/model_2020-04-27_15-04-21.h5
Epoch 31/8000
 - 2s - loss: 0.3408 - val_loss: 0.3420

Epoch 00031: val_loss did not improve from 0.33988
Epoch 32/8000
 - 2s - loss: 0.3403 - val_loss: 0.3390

Epoch 00032: val_loss improved from 0.33988 to 0.33904, saving model to ../../model_weights/model_2020-04-27_15-04-21.h5
Epoch 33/8000
 - 2s - loss: 0.3402 - val_loss: 0.3425

Epoch 00033: val_loss did not improve from 0.33904
Epoch 34/8000
 - 2s - loss: 0.3390 - val_loss: 0.3398

Epoch 00034: val_loss did not improve from 0.33904
Epoch 35/8000
 - 2s - loss: 0.3396 - val_loss: 0.3405

Epoch 00035: val_loss did not improve from 0.33904
Epoch 36/8000
 - 2s - loss: 0.3395 - val_loss: 0.3382

Epoch 00036: val_loss improved from 0.33904 to 0.33823, saving model to ../../model_weights/model_2020-04-27_15-04-21.h5
Epoch 37/8000
 - 2s - loss: 0.3393 - val_loss: 0.3433

Epoch 00037: val_loss did not improve from 0.33823
Epoch 38/8000
 - 2s - loss: 0.3388 - val_loss: 0.3383

Epoch 00038: val_loss did not improve from 0.33823
Epoch 39/8000
 - 2s - loss: 0.3390 - val_loss: 0.3360

Epoch 00039: val_loss improved from 0.33823 to 0.33600, saving model to ../../model_weights/model_2020-04-27_15-04-21.h5
Epoch 40/8000
 - 2s - loss: 0.3381 - val_loss: 0.3377

Epoch 00040: val_loss did not improve from 0.33600
Epoch 41/8000
 - 2s - loss: 0.3384 - val_loss: 0.3384

Epoch 00041: val_loss did not improve from 0.33600
Epoch 42/8000
 - 2s - loss: 0.3384 - val_loss: 0.3367

Epoch 00042: val_loss did not improve from 0.33600
Epoch 43/8000
 - 2s - loss: 0.3370 - val_loss: 0.3352

Epoch 00043: val_loss improved from 0.33600 to 0.33516, saving model to ../../model_weights/model_2020-04-27_15-04-21.h5
Epoch 44/8000
 - 2s - loss: 0.3363 - val_loss: 0.3364

Epoch 00044: val_loss did not improve from 0.33516
Epoch 45/8000
 - 2s - loss: 0.3371 - val_loss: 0.3369

Epoch 00045: val_loss did not improve from 0.33516
Epoch 46/8000
 - 2s - loss: 0.3356 - val_loss: 0.3342

Epoch 00046: val_loss improved from 0.33516 to 0.33419, saving model to ../../model_weights/model_2020-04-27_15-04-21.h5
Epoch 47/8000
 - 2s - loss: 0.3353 - val_loss: 0.3353

Epoch 00047: val_loss did not improve from 0.33419
Epoch 48/8000
 - 2s - loss: 0.3353 - val_loss: 0.3355

Epoch 00048: val_loss did not improve from 0.33419
Epoch 49/8000
 - 2s - loss: 0.3354 - val_loss: 0.3337

Epoch 00049: val_loss improved from 0.33419 to 0.33372, saving model to ../../model_weights/model_2020-04-27_15-04-21.h5
Epoch 50/8000
 - 2s - loss: 0.3352 - val_loss: 0.3378

Epoch 00050: val_loss did not improve from 0.33372
Epoch 51/8000
 - 2s - loss: 0.3348 - val_loss: 0.3331

Epoch 00051: val_loss improved from 0.33372 to 0.33309, saving model to ../../model_weights/model_2020-04-27_15-04-21.h5
Epoch 52/8000
 - 2s - loss: 0.3340 - val_loss: 0.3347

Epoch 00052: val_loss did not improve from 0.33309
Epoch 53/8000
 - 2s - loss: 0.3345 - val_loss: 0.3335

Epoch 00053: val_loss did not improve from 0.33309
Epoch 54/8000
 - 2s - loss: 0.3339 - val_loss: 0.3340

Epoch 00054: val_loss did not improve from 0.33309
Epoch 55/8000
 - 2s - loss: 0.3335 - val_loss: 0.3335

Epoch 00055: val_loss did not improve from 0.33309
Epoch 56/8000
 - 2s - loss: 0.3340 - val_loss: 0.3354

Epoch 00056: val_loss did not improve from 0.33309
Epoch 57/8000
 - 2s - loss: 0.3339 - val_loss: 0.3329

Epoch 00057: val_loss improved from 0.33309 to 0.33294, saving model to ../../model_weights/model_2020-04-27_15-04-21.h5
Epoch 58/8000
 - 2s - loss: 0.3338 - val_loss: 0.3331

Epoch 00058: val_loss did not improve from 0.33294
Epoch 59/8000
 - 2s - loss: 0.3333 - val_loss: 0.3327

Epoch 00059: val_loss improved from 0.33294 to 0.33267, saving model to ../../model_weights/model_2020-04-27_15-04-21.h5
Epoch 60/8000
 - 2s - loss: 0.3328 - val_loss: 0.3322

Epoch 00060: val_loss improved from 0.33267 to 0.33224, saving model to ../../model_weights/model_2020-04-27_15-04-21.h5
Epoch 61/8000
 - 2s - loss: 0.3331 - val_loss: 0.3361

Epoch 00061: val_loss did not improve from 0.33224
Epoch 62/8000
 - 2s - loss: 0.3335 - val_loss: 0.3324

Epoch 00062: val_loss did not improve from 0.33224
Epoch 63/8000
 - 2s - loss: 0.3331 - val_loss: 0.3310

Epoch 00063: val_loss improved from 0.33224 to 0.33096, saving model to ../../model_weights/model_2020-04-27_15-04-21.h5
Epoch 64/8000
 - 2s - loss: 0.3325 - val_loss: 0.3340

Epoch 00064: val_loss did not improve from 0.33096
Epoch 65/8000
 - 2s - loss: 0.3326 - val_loss: 0.3355

Epoch 00065: val_loss did not improve from 0.33096
Epoch 66/8000
 - 2s - loss: 0.3326 - val_loss: 0.3312

Epoch 00066: val_loss did not improve from 0.33096
Epoch 67/8000
 - 2s - loss: 0.3322 - val_loss: 0.3330

Epoch 00067: val_loss did not improve from 0.33096
Epoch 68/8000
 - 2s - loss: 0.3320 - val_loss: 0.3342

Epoch 00068: val_loss did not improve from 0.33096
Epoch 69/8000
 - 2s - loss: 0.3325 - val_loss: 0.3337

Epoch 00069: val_loss did not improve from 0.33096
Epoch 70/8000
 - 2s - loss: 0.3324 - val_loss: 0.3321

Epoch 00070: val_loss did not improve from 0.33096
Epoch 71/8000
 - 2s - loss: 0.3330 - val_loss: 0.3335

Epoch 00071: val_loss did not improve from 0.33096
Epoch 72/8000
 - 2s - loss: 0.3320 - val_loss: 0.3313

Epoch 00072: val_loss did not improve from 0.33096
Epoch 73/8000
 - 2s - loss: 0.3315 - val_loss: 0.3321

Epoch 00073: val_loss did not improve from 0.33096
Epoch 74/8000
 - 2s - loss: 0.3320 - val_loss: 0.3321

Epoch 00074: val_loss did not improve from 0.33096
Epoch 75/8000
 - 2s - loss: 0.3321 - val_loss: 0.3300

Epoch 00075: val_loss improved from 0.33096 to 0.33002, saving model to ../../model_weights/model_2020-04-27_15-04-21.h5
Epoch 76/8000
 - 2s - loss: 0.3312 - val_loss: 0.3330

Epoch 00076: val_loss did not improve from 0.33002
Epoch 77/8000
 - 2s - loss: 0.3322 - val_loss: 0.3306

Epoch 00077: val_loss did not improve from 0.33002
Epoch 78/8000
 - 2s - loss: 0.3314 - val_loss: 0.3320

Epoch 00078: val_loss did not improve from 0.33002
Epoch 79/8000
 - 2s - loss: 0.3317 - val_loss: 0.3306

Epoch 00079: val_loss did not improve from 0.33002
Epoch 80/8000
 - 2s - loss: 0.3309 - val_loss: 0.3333

Epoch 00080: val_loss did not improve from 0.33002
Epoch 81/8000
 - 2s - loss: 0.3319 - val_loss: 0.3358

Epoch 00081: val_loss did not improve from 0.33002
Epoch 82/8000
 - 2s - loss: 0.3315 - val_loss: 0.3333

Epoch 00082: val_loss did not improve from 0.33002
Epoch 83/8000
 - 2s - loss: 0.3315 - val_loss: 0.3314

Epoch 00083: val_loss did not improve from 0.33002
Epoch 84/8000
 - 2s - loss: 0.3319 - val_loss: 0.3307

Epoch 00084: val_loss did not improve from 0.33002
Epoch 85/8000
 - 2s - loss: 0.3316 - val_loss: 0.3314

Epoch 00085: val_loss did not improve from 0.33002
Epoch 86/8000
 - 2s - loss: 0.3316 - val_loss: 0.3319

Epoch 00086: val_loss did not improve from 0.33002
Epoch 87/8000
 - 2s - loss: 0.3312 - val_loss: 0.3313

Epoch 00087: val_loss did not improve from 0.33002
Epoch 88/8000
 - 2s - loss: 0.3318 - val_loss: 0.3324

Epoch 00088: val_loss did not improve from 0.33002
Epoch 89/8000
 - 2s - loss: 0.3319 - val_loss: 0.3338

Epoch 00089: val_loss did not improve from 0.33002
Epoch 90/8000
 - 2s - loss: 0.3327 - val_loss: 0.3329

Epoch 00090: val_loss did not improve from 0.33002
Epoch 91/8000
 - 2s - loss: 0.3330 - val_loss: 0.3355

Epoch 00091: val_loss did not improve from 0.33002
Epoch 92/8000
 - 2s - loss: 0.3328 - val_loss: 0.3318

Epoch 00092: val_loss did not improve from 0.33002
Epoch 93/8000
 - 2s - loss: 0.3319 - val_loss: 0.3327

Epoch 00093: val_loss did not improve from 0.33002
Epoch 94/8000
 - 2s - loss: 0.3325 - val_loss: 0.3327

Epoch 00094: val_loss did not improve from 0.33002
Epoch 95/8000
 - 2s - loss: 0.3323 - val_loss: 0.3330

Epoch 00095: val_loss did not improve from 0.33002
Epoch 96/8000
 - 2s - loss: 0.3316 - val_loss: 0.3354

Epoch 00096: val_loss did not improve from 0.33002
Epoch 97/8000
 - 2s - loss: 0.3316 - val_loss: 0.3351

Epoch 00097: val_loss did not improve from 0.33002
Epoch 98/8000
 - 2s - loss: 0.3321 - val_loss: 0.3320

Epoch 00098: val_loss did not improve from 0.33002
Epoch 99/8000
 - 2s - loss: 0.3310 - val_loss: 0.3311

Epoch 00099: val_loss did not improve from 0.33002
Epoch 100/8000
 - 2s - loss: 0.3323 - val_loss: 0.3307

Epoch 00100: val_loss did not improve from 0.33002
Epoch 101/8000
 - 2s - loss: 0.3317 - val_loss: 0.3297

Epoch 00101: val_loss improved from 0.33002 to 0.32975, saving model to ../../model_weights/model_2020-04-27_15-04-21.h5
Epoch 102/8000
 - 2s - loss: 0.3311 - val_loss: 0.3295

Epoch 00102: val_loss improved from 0.32975 to 0.32950, saving model to ../../model_weights/model_2020-04-27_15-04-21.h5
Epoch 103/8000
 - 2s - loss: 0.3306 - val_loss: 0.3314

Epoch 00103: val_loss did not improve from 0.32950
Epoch 104/8000
 - 2s - loss: 0.3300 - val_loss: 0.3326

Epoch 00104: val_loss did not improve from 0.32950
Epoch 105/8000
 - 2s - loss: 0.3314 - val_loss: 0.3296

Epoch 00105: val_loss did not improve from 0.32950
Epoch 106/8000
 - 2s - loss: 0.3303 - val_loss: 0.3294

Epoch 00106: val_loss improved from 0.32950 to 0.32938, saving model to ../../model_weights/model_2020-04-27_15-04-21.h5
Epoch 107/8000
 - 2s - loss: 0.3301 - val_loss: 0.3313

Epoch 00107: val_loss did not improve from 0.32938
Epoch 108/8000
 - 2s - loss: 0.3302 - val_loss: 0.3298

Epoch 00108: val_loss did not improve from 0.32938
Epoch 109/8000
 - 2s - loss: 0.3300 - val_loss: 0.3308

Epoch 00109: val_loss did not improve from 0.32938
Epoch 110/8000
 - 2s - loss: 0.3309 - val_loss: 0.3304

Epoch 00110: val_loss did not improve from 0.32938
Epoch 111/8000
 - 2s - loss: 0.3337 - val_loss: 0.3324

Epoch 00111: val_loss did not improve from 0.32938
Epoch 112/8000
 - 2s - loss: 0.3321 - val_loss: 0.3316

Epoch 00112: val_loss did not improve from 0.32938
Epoch 113/8000
 - 2s - loss: 0.3314 - val_loss: 0.3314

Epoch 00113: val_loss did not improve from 0.32938
Epoch 114/8000
 - 2s - loss: 0.3309 - val_loss: 0.3300

Epoch 00114: val_loss did not improve from 0.32938
Epoch 115/8000
 - 2s - loss: 0.3310 - val_loss: 0.3310

Epoch 00115: val_loss did not improve from 0.32938
Epoch 116/8000
 - 2s - loss: 0.3313 - val_loss: 0.3307

Epoch 00116: val_loss did not improve from 0.32938
Epoch 117/8000
 - 2s - loss: 0.3306 - val_loss: 0.3296

Epoch 00117: val_loss did not improve from 0.32938
Epoch 118/8000
 - 2s - loss: 0.3305 - val_loss: 0.3341

Epoch 00118: val_loss did not improve from 0.32938
Epoch 119/8000
 - 2s - loss: 0.3309 - val_loss: 0.3326

Epoch 00119: val_loss did not improve from 0.32938
Epoch 120/8000
 - 2s - loss: 0.3313 - val_loss: 0.3297

Epoch 00120: val_loss did not improve from 0.32938
Epoch 121/8000
 - 2s - loss: 0.3307 - val_loss: 0.3297

Epoch 00121: val_loss did not improve from 0.32938
Epoch 122/8000
 - 2s - loss: 0.3314 - val_loss: 0.3322

Epoch 00122: val_loss did not improve from 0.32938
Epoch 123/8000
 - 2s - loss: 0.3317 - val_loss: 0.3310

Epoch 00123: val_loss did not improve from 0.32938
Epoch 124/8000
 - 2s - loss: 0.3318 - val_loss: 0.3338

Epoch 00124: val_loss did not improve from 0.32938
Epoch 125/8000
 - 2s - loss: 0.3326 - val_loss: 0.3333

Epoch 00125: val_loss did not improve from 0.32938
Epoch 126/8000
 - 2s - loss: 0.3320 - val_loss: 0.3307

Epoch 00126: val_loss did not improve from 0.32938
Epoch 127/8000
 - 2s - loss: 0.3315 - val_loss: 0.3322

Epoch 00127: val_loss did not improve from 0.32938
Epoch 128/8000
 - 2s - loss: 0.3321 - val_loss: 0.3342

Epoch 00128: val_loss did not improve from 0.32938
Epoch 129/8000
 - 2s - loss: 0.3315 - val_loss: 0.3304

Epoch 00129: val_loss did not improve from 0.32938
Epoch 130/8000
 - 2s - loss: 0.3312 - val_loss: 0.3300

Epoch 00130: val_loss did not improve from 0.32938
Epoch 131/8000
 - 2s - loss: 0.3318 - val_loss: 0.3304

Epoch 00131: val_loss did not improve from 0.32938
Epoch 132/8000
 - 2s - loss: 0.3317 - val_loss: 0.3325

Epoch 00132: val_loss did not improve from 0.32938
Epoch 133/8000
 - 2s - loss: 0.3311 - val_loss: 0.3300

Epoch 00133: val_loss did not improve from 0.32938
Epoch 134/8000
 - 2s - loss: 0.3310 - val_loss: 0.3304

Epoch 00134: val_loss did not improve from 0.32938
Epoch 135/8000
 - 2s - loss: 0.3313 - val_loss: 0.3317

Epoch 00135: val_loss did not improve from 0.32938
Epoch 136/8000
 - 2s - loss: 0.3326 - val_loss: 0.3378

Epoch 00136: val_loss did not improve from 0.32938
Epoch 137/8000
 - 2s - loss: 0.3314 - val_loss: 0.3302

Epoch 00137: val_loss did not improve from 0.32938
Epoch 138/8000
 - 2s - loss: 0.3311 - val_loss: 0.3331

Epoch 00138: val_loss did not improve from 0.32938
Epoch 139/8000
 - 2s - loss: 0.3308 - val_loss: 0.3323

Epoch 00139: val_loss did not improve from 0.32938
Epoch 140/8000
 - 2s - loss: 0.3306 - val_loss: 0.3308

Epoch 00140: val_loss did not improve from 0.32938
Epoch 141/8000
 - 2s - loss: 0.3330 - val_loss: 0.3320

Epoch 00141: val_loss did not improve from 0.32938
Epoch 142/8000
 - 2s - loss: 0.3305 - val_loss: 0.3309

Epoch 00142: val_loss did not improve from 0.32938
Epoch 143/8000
 - 2s - loss: 0.3303 - val_loss: 0.3312

Epoch 00143: val_loss did not improve from 0.32938
Epoch 144/8000
 - 2s - loss: 0.3299 - val_loss: 0.3306

Epoch 00144: val_loss did not improve from 0.32938
Epoch 145/8000
 - 2s - loss: 0.3301 - val_loss: 0.3311

Epoch 00145: val_loss did not improve from 0.32938
Epoch 146/8000
 - 2s - loss: 0.3304 - val_loss: 0.3283

Epoch 00146: val_loss improved from 0.32938 to 0.32833, saving model to ../../model_weights/model_2020-04-27_15-04-21.h5
Epoch 147/8000
 - 2s - loss: 0.3300 - val_loss: 0.3311

Epoch 00147: val_loss did not improve from 0.32833
Epoch 148/8000
 - 2s - loss: 0.3315 - val_loss: 0.3301

Epoch 00148: val_loss did not improve from 0.32833
Epoch 149/8000
 - 2s - loss: 0.3311 - val_loss: 0.3305

Epoch 00149: val_loss did not improve from 0.32833
Epoch 150/8000
 - 2s - loss: 0.3312 - val_loss: 0.3317

Epoch 00150: val_loss did not improve from 0.32833
Epoch 151/8000
 - 2s - loss: 0.3314 - val_loss: 0.3296

Epoch 00151: val_loss did not improve from 0.32833
Epoch 152/8000
 - 2s - loss: 0.3306 - val_loss: 0.3324

Epoch 00152: val_loss did not improve from 0.32833
Epoch 153/8000
 - 2s - loss: 0.3308 - val_loss: 0.3309

Epoch 00153: val_loss did not improve from 0.32833
Epoch 154/8000
 - 2s - loss: 0.3311 - val_loss: 0.3325

Epoch 00154: val_loss did not improve from 0.32833
Epoch 155/8000
 - 2s - loss: 0.3306 - val_loss: 0.3311

Epoch 00155: val_loss did not improve from 0.32833
Epoch 156/8000
 - 2s - loss: 0.3307 - val_loss: 0.3336

Epoch 00156: val_loss did not improve from 0.32833
Epoch 157/8000
 - 2s - loss: 0.3308 - val_loss: 0.3315

Epoch 00157: val_loss did not improve from 0.32833
Epoch 158/8000
 - 2s - loss: 0.3306 - val_loss: 0.3300

Epoch 00158: val_loss did not improve from 0.32833
Epoch 159/8000
 - 2s - loss: 0.3320 - val_loss: 0.3323

Epoch 00159: val_loss did not improve from 0.32833
Epoch 160/8000
 - 2s - loss: 0.3316 - val_loss: 0.3307

Epoch 00160: val_loss did not improve from 0.32833
Epoch 161/8000
 - 2s - loss: 0.3293 - val_loss: 0.3315

Epoch 00161: val_loss did not improve from 0.32833
Epoch 162/8000
 - 2s - loss: 0.3308 - val_loss: 0.3327

Epoch 00162: val_loss did not improve from 0.32833
Epoch 163/8000
 - 2s - loss: 0.3300 - val_loss: 0.3315

Epoch 00163: val_loss did not improve from 0.32833
Epoch 164/8000
 - 2s - loss: 0.3300 - val_loss: 0.3305

Epoch 00164: val_loss did not improve from 0.32833
Epoch 165/8000
 - 2s - loss: 0.3301 - val_loss: 0.3297

Epoch 00165: val_loss did not improve from 0.32833
Epoch 166/8000
 - 2s - loss: 0.3630 - val_loss: 0.3418

Epoch 00166: val_loss did not improve from 0.32833
Epoch 167/8000
 - 2s - loss: 0.3412 - val_loss: 0.3389

Epoch 00167: val_loss did not improve from 0.32833
Epoch 168/8000
 - 2s - loss: 0.3383 - val_loss: 0.3361

Epoch 00168: val_loss did not improve from 0.32833
Epoch 169/8000
 - 2s - loss: 0.3372 - val_loss: 0.3366

Epoch 00169: val_loss did not improve from 0.32833
Epoch 170/8000
 - 2s - loss: 0.3357 - val_loss: 0.3352

Epoch 00170: val_loss did not improve from 0.32833
Epoch 171/8000
 - 2s - loss: 0.3360 - val_loss: 0.3348

Epoch 00171: val_loss did not improve from 0.32833
Epoch 172/8000
 - 2s - loss: 0.3389 - val_loss: 0.3349

Epoch 00172: val_loss did not improve from 0.32833
Epoch 173/8000
 - 2s - loss: 0.3356 - val_loss: 0.3354

Epoch 00173: val_loss did not improve from 0.32833
Epoch 174/8000
 - 2s - loss: 0.3356 - val_loss: 0.3346

Epoch 00174: val_loss did not improve from 0.32833
Epoch 175/8000
 - 2s - loss: 0.3355 - val_loss: 0.3351

Epoch 00175: val_loss did not improve from 0.32833
Epoch 176/8000
 - 2s - loss: 0.3348 - val_loss: 0.3348

Epoch 00176: val_loss did not improve from 0.32833
Epoch 177/8000
 - 2s - loss: 0.3349 - val_loss: 0.3354

Epoch 00177: val_loss did not improve from 0.32833
Epoch 178/8000
 - 2s - loss: 0.3355 - val_loss: 0.3385

Epoch 00178: val_loss did not improve from 0.32833
Epoch 179/8000
 - 2s - loss: 0.3359 - val_loss: 0.3358

Epoch 00179: val_loss did not improve from 0.32833
Epoch 180/8000
 - 2s - loss: 0.3362 - val_loss: 0.3359

Epoch 00180: val_loss did not improve from 0.32833
Epoch 181/8000
 - 2s - loss: 0.3358 - val_loss: 0.3353

Epoch 00181: val_loss did not improve from 0.32833
Epoch 182/8000
 - 2s - loss: 0.3353 - val_loss: 0.3338

Epoch 00182: val_loss did not improve from 0.32833
Epoch 183/8000
 - 2s - loss: 0.3353 - val_loss: 0.3357

Epoch 00183: val_loss did not improve from 0.32833
Epoch 184/8000
 - 2s - loss: 0.3357 - val_loss: 0.3368

Epoch 00184: val_loss did not improve from 0.32833
Epoch 185/8000
 - 2s - loss: 0.3350 - val_loss: 0.3358

Epoch 00185: val_loss did not improve from 0.32833
Epoch 186/8000
 - 2s - loss: 0.3351 - val_loss: 0.3350

Epoch 00186: val_loss did not improve from 0.32833
Epoch 187/8000
 - 2s - loss: 0.3349 - val_loss: 0.3319

Epoch 00187: val_loss did not improve from 0.32833
Epoch 188/8000
 - 2s - loss: 0.3359 - val_loss: 0.3347

Epoch 00188: val_loss did not improve from 0.32833
Epoch 189/8000
 - 2s - loss: 0.3368 - val_loss: 0.3371

Epoch 00189: val_loss did not improve from 0.32833
Epoch 190/8000
 - 2s - loss: 0.3365 - val_loss: 0.3360

Epoch 00190: val_loss did not improve from 0.32833
Epoch 191/8000
 - 2s - loss: 0.3362 - val_loss: 0.3367

Epoch 00191: val_loss did not improve from 0.32833
Epoch 192/8000
 - 2s - loss: 0.3365 - val_loss: 0.3345

Epoch 00192: val_loss did not improve from 0.32833
Epoch 193/8000
 - 2s - loss: 0.3352 - val_loss: 0.3343

Epoch 00193: val_loss did not improve from 0.32833
Epoch 194/8000
 - 2s - loss: 0.3345 - val_loss: 0.3338

Epoch 00194: val_loss did not improve from 0.32833
Epoch 195/8000
 - 2s - loss: 0.3347 - val_loss: 0.3337

Epoch 00195: val_loss did not improve from 0.32833
Epoch 196/8000
 - 2s - loss: 0.3344 - val_loss: 0.3344

Epoch 00196: val_loss did not improve from 0.32833
Epoch 197/8000
 - 2s - loss: 0.3345 - val_loss: 0.3326

Epoch 00197: val_loss did not improve from 0.32833
Epoch 198/8000
 - 2s - loss: 0.3331 - val_loss: 0.3322

Epoch 00198: val_loss did not improve from 0.32833
Epoch 199/8000
 - 2s - loss: 0.3315 - val_loss: 0.3312

Epoch 00199: val_loss did not improve from 0.32833
Epoch 200/8000
 - 2s - loss: 0.3305 - val_loss: 0.3392

Epoch 00200: val_loss did not improve from 0.32833
Epoch 201/8000
 - 2s - loss: 0.3347 - val_loss: 0.3327

Epoch 00201: val_loss did not improve from 0.32833
Epoch 202/8000
 - 2s - loss: 0.3315 - val_loss: 0.3319

Epoch 00202: val_loss did not improve from 0.32833
Epoch 203/8000
 - 2s - loss: 0.3313 - val_loss: 0.3333

Epoch 00203: val_loss did not improve from 0.32833
Epoch 204/8000
 - 2s - loss: 0.3310 - val_loss: 0.3329

Epoch 00204: val_loss did not improve from 0.32833
Epoch 205/8000
 - 2s - loss: 0.3309 - val_loss: 0.3311

Epoch 00205: val_loss did not improve from 0.32833
Epoch 206/8000
 - 2s - loss: 0.3313 - val_loss: 0.3309

Epoch 00206: val_loss did not improve from 0.32833
Epoch 207/8000
 - 2s - loss: 0.3318 - val_loss: 0.3323

Epoch 00207: val_loss did not improve from 0.32833
Epoch 208/8000
 - 2s - loss: 0.3304 - val_loss: 0.3306

Epoch 00208: val_loss did not improve from 0.32833
Epoch 209/8000
 - 2s - loss: 0.3305 - val_loss: 0.3313

Epoch 00209: val_loss did not improve from 0.32833
Epoch 210/8000
 - 2s - loss: 0.3301 - val_loss: 0.3308

Epoch 00210: val_loss did not improve from 0.32833
Epoch 211/8000
 - 2s - loss: 0.3303 - val_loss: 0.3321

Epoch 00211: val_loss did not improve from 0.32833
Epoch 212/8000
 - 2s - loss: 0.3308 - val_loss: 0.3304

Epoch 00212: val_loss did not improve from 0.32833
Epoch 213/8000
 - 2s - loss: 0.3312 - val_loss: 0.3299

Epoch 00213: val_loss did not improve from 0.32833
Epoch 214/8000
 - 2s - loss: 0.3302 - val_loss: 0.3299

Epoch 00214: val_loss did not improve from 0.32833
Epoch 215/8000
 - 2s - loss: 0.3297 - val_loss: 0.3302

Epoch 00215: val_loss did not improve from 0.32833
Epoch 216/8000
 - 2s - loss: 0.3301 - val_loss: 0.3301

Epoch 00216: val_loss did not improve from 0.32833
Epoch 217/8000
 - 2s - loss: 0.3316 - val_loss: 0.3310

Epoch 00217: val_loss did not improve from 0.32833
Epoch 218/8000
 - 2s - loss: 0.3303 - val_loss: 0.3296

Epoch 00218: val_loss did not improve from 0.32833
Epoch 219/8000
 - 2s - loss: 0.3296 - val_loss: 0.3292

Epoch 00219: val_loss did not improve from 0.32833
Epoch 220/8000
 - 2s - loss: 0.3294 - val_loss: 0.3299

Epoch 00220: val_loss did not improve from 0.32833
Epoch 221/8000
 - 2s - loss: 0.3295 - val_loss: 0.3295

Epoch 00221: val_loss did not improve from 0.32833
Epoch 222/8000
 - 2s - loss: 0.3299 - val_loss: 0.3289

Epoch 00222: val_loss did not improve from 0.32833
Epoch 223/8000
 - 2s - loss: 0.3297 - val_loss: 0.3286

Epoch 00223: val_loss did not improve from 0.32833
Epoch 224/8000
 - 2s - loss: 0.3298 - val_loss: 0.3303

Epoch 00224: val_loss did not improve from 0.32833
Epoch 225/8000
 - 2s - loss: 0.3301 - val_loss: 0.3278

Epoch 00225: val_loss improved from 0.32833 to 0.32783, saving model to ../../model_weights/model_2020-04-27_15-04-21.h5
Epoch 226/8000
 - 2s - loss: 0.3296 - val_loss: 0.3299

Epoch 00226: val_loss did not improve from 0.32783
Epoch 227/8000
 - 2s - loss: 0.3298 - val_loss: 0.3298

Epoch 00227: val_loss did not improve from 0.32783
Epoch 228/8000
 - 2s - loss: 0.3287 - val_loss: 0.3297

Epoch 00228: val_loss did not improve from 0.32783
Epoch 229/8000
 - 2s - loss: 0.3291 - val_loss: 0.3282

Epoch 00229: val_loss did not improve from 0.32783
Epoch 230/8000
 - 2s - loss: 0.3292 - val_loss: 0.3310

Epoch 00230: val_loss did not improve from 0.32783
Epoch 231/8000
 - 2s - loss: 0.3329 - val_loss: 0.3355

Epoch 00231: val_loss did not improve from 0.32783
Epoch 232/8000
 - 2s - loss: 0.3314 - val_loss: 0.3307

Epoch 00232: val_loss did not improve from 0.32783
Epoch 233/8000
 - 2s - loss: 0.3304 - val_loss: 0.3314

Epoch 00233: val_loss did not improve from 0.32783
Epoch 234/8000
 - 2s - loss: 0.3306 - val_loss: 0.3309

Epoch 00234: val_loss did not improve from 0.32783
Epoch 235/8000
 - 2s - loss: 0.3304 - val_loss: 0.3306

Epoch 00235: val_loss did not improve from 0.32783
Epoch 236/8000
 - 2s - loss: 0.3309 - val_loss: 0.3301

Epoch 00236: val_loss did not improve from 0.32783
Epoch 237/8000
 - 2s - loss: 0.3293 - val_loss: 0.3291

Epoch 00237: val_loss did not improve from 0.32783
Epoch 238/8000
 - 2s - loss: 0.3295 - val_loss: 0.3302

Epoch 00238: val_loss did not improve from 0.32783
Epoch 239/8000
 - 2s - loss: 0.3296 - val_loss: 0.3296

Epoch 00239: val_loss did not improve from 0.32783
Epoch 240/8000
 - 2s - loss: 0.3295 - val_loss: 0.3306

Epoch 00240: val_loss did not improve from 0.32783
Epoch 241/8000
 - 2s - loss: 0.3305 - val_loss: 0.3289

Epoch 00241: val_loss did not improve from 0.32783
Epoch 242/8000
 - 2s - loss: 0.3291 - val_loss: 0.3301

Epoch 00242: val_loss did not improve from 0.32783
Epoch 243/8000
 - 2s - loss: 0.3296 - val_loss: 0.3298

Epoch 00243: val_loss did not improve from 0.32783
Epoch 244/8000
 - 2s - loss: 0.3293 - val_loss: 0.3292

Epoch 00244: val_loss did not improve from 0.32783
Epoch 245/8000
 - 2s - loss: 0.3297 - val_loss: 0.3299

Epoch 00245: val_loss did not improve from 0.32783
Epoch 246/8000
 - 2s - loss: 0.3306 - val_loss: 0.3316

Epoch 00246: val_loss did not improve from 0.32783
Epoch 247/8000
 - 2s - loss: 0.3301 - val_loss: 0.3302

Epoch 00247: val_loss did not improve from 0.32783
Epoch 248/8000
 - 2s - loss: 0.3293 - val_loss: 0.3286

Epoch 00248: val_loss did not improve from 0.32783
Epoch 249/8000
 - 2s - loss: 0.3328 - val_loss: 0.3291

Epoch 00249: val_loss did not improve from 0.32783
Epoch 250/8000
 - 2s - loss: 0.3294 - val_loss: 0.3305

Epoch 00250: val_loss did not improve from 0.32783
Epoch 251/8000
 - 2s - loss: 0.3290 - val_loss: 0.3288

Epoch 00251: val_loss did not improve from 0.32783
Epoch 252/8000
 - 2s - loss: 0.3291 - val_loss: 0.3277

Epoch 00252: val_loss improved from 0.32783 to 0.32769, saving model to ../../model_weights/model_2020-04-27_15-04-21.h5
Epoch 253/8000
 - 2s - loss: 0.3292 - val_loss: 0.3304

Epoch 00253: val_loss did not improve from 0.32769
Epoch 254/8000
 - 2s - loss: 0.3301 - val_loss: 0.3308

Epoch 00254: val_loss did not improve from 0.32769
Epoch 255/8000
 - 2s - loss: 0.3300 - val_loss: 0.3311

Epoch 00255: val_loss did not improve from 0.32769
Epoch 256/8000
 - 2s - loss: 0.3300 - val_loss: 0.3310

Epoch 00256: val_loss did not improve from 0.32769
Epoch 257/8000
 - 2s - loss: 0.3307 - val_loss: 0.3314

Epoch 00257: val_loss did not improve from 0.32769
Epoch 258/8000
 - 2s - loss: 0.3297 - val_loss: 0.3291

Epoch 00258: val_loss did not improve from 0.32769
Epoch 259/8000
 - 2s - loss: 0.3300 - val_loss: 0.3301

Epoch 00259: val_loss did not improve from 0.32769
Epoch 260/8000
 - 2s - loss: 0.3293 - val_loss: 0.3306

Epoch 00260: val_loss did not improve from 0.32769
Epoch 261/8000
 - 2s - loss: 0.3291 - val_loss: 0.3286

Epoch 00261: val_loss did not improve from 0.32769
Epoch 262/8000
 - 2s - loss: 0.3291 - val_loss: 0.3272

Epoch 00262: val_loss improved from 0.32769 to 0.32717, saving model to ../../model_weights/model_2020-04-27_15-04-21.h5
Epoch 263/8000
 - 2s - loss: 0.3302 - val_loss: 0.3309

Epoch 00263: val_loss did not improve from 0.32717
Epoch 264/8000
 - 2s - loss: 0.3290 - val_loss: 0.3278

Epoch 00264: val_loss did not improve from 0.32717
Epoch 265/8000
 - 2s - loss: 0.3285 - val_loss: 0.3290

Epoch 00265: val_loss did not improve from 0.32717
Epoch 266/8000
 - 2s - loss: 0.3292 - val_loss: 0.3307

Epoch 00266: val_loss did not improve from 0.32717
Epoch 267/8000
 - 2s - loss: 0.3286 - val_loss: 0.3279

Epoch 00267: val_loss did not improve from 0.32717
Epoch 268/8000
 - 2s - loss: 0.3297 - val_loss: 0.3297

Epoch 00268: val_loss did not improve from 0.32717
Epoch 269/8000
 - 2s - loss: 0.3290 - val_loss: 0.3290

Epoch 00269: val_loss did not improve from 0.32717
Epoch 270/8000
 - 2s - loss: 0.3305 - val_loss: 0.3300

Epoch 00270: val_loss did not improve from 0.32717
Epoch 271/8000
 - 2s - loss: 0.3296 - val_loss: 0.3294

Epoch 00271: val_loss did not improve from 0.32717
Epoch 272/8000
 - 2s - loss: 0.3302 - val_loss: 0.3308

Epoch 00272: val_loss did not improve from 0.32717
Epoch 273/8000
 - 2s - loss: 0.3295 - val_loss: 0.3280

Epoch 00273: val_loss did not improve from 0.32717
Epoch 274/8000
 - 2s - loss: 0.3294 - val_loss: 0.3363

Epoch 00274: val_loss did not improve from 0.32717
Epoch 275/8000
 - 2s - loss: 0.3302 - val_loss: 0.3278

Epoch 00275: val_loss did not improve from 0.32717
Epoch 276/8000
 - 2s - loss: 0.3288 - val_loss: 0.3281

Epoch 00276: val_loss did not improve from 0.32717
Epoch 277/8000
 - 2s - loss: 0.3286 - val_loss: 0.3286

Epoch 00277: val_loss did not improve from 0.32717
Epoch 278/8000
 - 2s - loss: 0.3297 - val_loss: 0.3307

Epoch 00278: val_loss did not improve from 0.32717
Epoch 279/8000
 - 2s - loss: 0.3293 - val_loss: 0.3288

Epoch 00279: val_loss did not improve from 0.32717
Epoch 280/8000
 - 2s - loss: 0.3284 - val_loss: 0.3306

Epoch 00280: val_loss did not improve from 0.32717
Epoch 281/8000
 - 2s - loss: 0.3287 - val_loss: 0.3279

Epoch 00281: val_loss did not improve from 0.32717
Epoch 282/8000
 - 2s - loss: 0.3293 - val_loss: 0.3284

Epoch 00282: val_loss did not improve from 0.32717
Epoch 283/8000
 - 2s - loss: 0.3311 - val_loss: 0.3325

Epoch 00283: val_loss did not improve from 0.32717
Epoch 284/8000
 - 2s - loss: 0.3298 - val_loss: 0.3295

Epoch 00284: val_loss did not improve from 0.32717
Epoch 285/8000
 - 2s - loss: 0.3291 - val_loss: 0.3305

Epoch 00285: val_loss did not improve from 0.32717
Epoch 286/8000
 - 2s - loss: 0.3289 - val_loss: 0.3316

Epoch 00286: val_loss did not improve from 0.32717
Epoch 287/8000
 - 2s - loss: 0.3299 - val_loss: 0.3297

Epoch 00287: val_loss did not improve from 0.32717
Epoch 288/8000
 - 2s - loss: 0.3284 - val_loss: 0.3283

Epoch 00288: val_loss did not improve from 0.32717
Epoch 289/8000
 - 2s - loss: 0.3284 - val_loss: 0.3290

Epoch 00289: val_loss did not improve from 0.32717
Epoch 290/8000
 - 2s - loss: 0.3288 - val_loss: 0.3279

Epoch 00290: val_loss did not improve from 0.32717
Epoch 291/8000
 - 2s - loss: 0.3317 - val_loss: 0.3303

Epoch 00291: val_loss did not improve from 0.32717
Epoch 292/8000
 - 2s - loss: 0.3293 - val_loss: 0.3294

Epoch 00292: val_loss did not improve from 0.32717
Epoch 293/8000
 - 2s - loss: 0.3291 - val_loss: 0.3346

Epoch 00293: val_loss did not improve from 0.32717
Epoch 294/8000
 - 2s - loss: 0.3314 - val_loss: 0.3304

Epoch 00294: val_loss did not improve from 0.32717
Epoch 295/8000
 - 2s - loss: 0.3315 - val_loss: 0.3288

Epoch 00295: val_loss did not improve from 0.32717
Epoch 296/8000
 - 2s - loss: 0.3293 - val_loss: 0.3288

Epoch 00296: val_loss did not improve from 0.32717
Epoch 297/8000
 - 2s - loss: 0.3285 - val_loss: 0.3291

Epoch 00297: val_loss did not improve from 0.32717
Epoch 298/8000
 - 2s - loss: 0.3284 - val_loss: 0.3278

Epoch 00298: val_loss did not improve from 0.32717
Epoch 299/8000
 - 2s - loss: 0.3287 - val_loss: 0.3278

Epoch 00299: val_loss did not improve from 0.32717
Epoch 300/8000
 - 2s - loss: 0.3308 - val_loss: 0.3320

Epoch 00300: val_loss did not improve from 0.32717
Epoch 301/8000
 - 2s - loss: 0.3302 - val_loss: 0.3292

Epoch 00301: val_loss did not improve from 0.32717
Epoch 302/8000
 - 2s - loss: 0.3293 - val_loss: 0.3287

Epoch 00302: val_loss did not improve from 0.32717
Epoch 303/8000
 - 2s - loss: 0.3285 - val_loss: 0.3286

Epoch 00303: val_loss did not improve from 0.32717
Epoch 304/8000
 - 2s - loss: 0.3287 - val_loss: 0.3313

Epoch 00304: val_loss did not improve from 0.32717
Epoch 305/8000
 - 2s - loss: 0.3285 - val_loss: 0.3297

Epoch 00305: val_loss did not improve from 0.32717
Epoch 306/8000
 - 2s - loss: 0.3287 - val_loss: 0.3310

Epoch 00306: val_loss did not improve from 0.32717
Epoch 307/8000
 - 2s - loss: 0.3287 - val_loss: 0.3284

Epoch 00307: val_loss did not improve from 0.32717
Epoch 308/8000
 - 2s - loss: 0.3284 - val_loss: 0.3309

Epoch 00308: val_loss did not improve from 0.32717
Epoch 309/8000
 - 2s - loss: 0.3293 - val_loss: 0.3284

Epoch 00309: val_loss did not improve from 0.32717
Epoch 310/8000
 - 2s - loss: 0.3299 - val_loss: 0.3306

Epoch 00310: val_loss did not improve from 0.32717
Epoch 311/8000
 - 2s - loss: 0.3295 - val_loss: 0.3291

Epoch 00311: val_loss did not improve from 0.32717
Epoch 312/8000
 - 2s - loss: 0.3284 - val_loss: 0.3297

Epoch 00312: val_loss did not improve from 0.32717
Epoch 313/8000
 - 2s - loss: 0.3286 - val_loss: 0.3279

Epoch 00313: val_loss did not improve from 0.32717
Epoch 314/8000
 - 2s - loss: 0.3281 - val_loss: 0.3298

Epoch 00314: val_loss did not improve from 0.32717
Epoch 315/8000
 - 2s - loss: 0.3286 - val_loss: 0.3304

Epoch 00315: val_loss did not improve from 0.32717
Epoch 316/8000
 - 2s - loss: 0.3300 - val_loss: 0.3309

Epoch 00316: val_loss did not improve from 0.32717
Epoch 317/8000
 - 2s - loss: 0.3299 - val_loss: 0.3303

Epoch 00317: val_loss did not improve from 0.32717
Epoch 318/8000
 - 2s - loss: 0.3295 - val_loss: 0.3306

Epoch 00318: val_loss did not improve from 0.32717
Epoch 319/8000
 - 2s - loss: 0.3298 - val_loss: 0.3269

Epoch 00319: val_loss improved from 0.32717 to 0.32694, saving model to ../../model_weights/model_2020-04-27_15-04-21.h5
Epoch 320/8000
 - 2s - loss: 0.3288 - val_loss: 0.3291

Epoch 00320: val_loss did not improve from 0.32694
Epoch 321/8000
 - 2s - loss: 0.3296 - val_loss: 0.3331

Epoch 00321: val_loss did not improve from 0.32694
Epoch 322/8000
 - 2s - loss: 0.3320 - val_loss: 0.3302

Epoch 00322: val_loss did not improve from 0.32694
Epoch 323/8000
 - 2s - loss: 0.3295 - val_loss: 0.3301

Epoch 00323: val_loss did not improve from 0.32694
Epoch 324/8000
 - 2s - loss: 0.3294 - val_loss: 0.3295

Epoch 00324: val_loss did not improve from 0.32694
Epoch 325/8000
 - 2s - loss: 0.3315 - val_loss: 0.3433

Epoch 00325: val_loss did not improve from 0.32694
Epoch 326/8000
 - 2s - loss: 0.3531 - val_loss: 0.3468

Epoch 00326: val_loss did not improve from 0.32694
Epoch 327/8000
 - 2s - loss: 0.3409 - val_loss: 0.3389

Epoch 00327: val_loss did not improve from 0.32694
Epoch 328/8000
 - 2s - loss: 0.3368 - val_loss: 0.3358

Epoch 00328: val_loss did not improve from 0.32694
Epoch 329/8000
 - 2s - loss: 0.3358 - val_loss: 0.3361

Epoch 00329: val_loss did not improve from 0.32694
Epoch 330/8000
 - 2s - loss: 0.3349 - val_loss: 0.3350

Epoch 00330: val_loss did not improve from 0.32694
Epoch 331/8000
 - 2s - loss: 0.3345 - val_loss: 0.3332

Epoch 00331: val_loss did not improve from 0.32694
Epoch 332/8000
 - 2s - loss: 0.3345 - val_loss: 0.3356

Epoch 00332: val_loss did not improve from 0.32694
Epoch 333/8000
 - 2s - loss: 0.3341 - val_loss: 0.3328

Epoch 00333: val_loss did not improve from 0.32694
Epoch 334/8000
 - 2s - loss: 0.3337 - val_loss: 0.3346

Epoch 00334: val_loss did not improve from 0.32694
Epoch 335/8000
 - 2s - loss: 0.3338 - val_loss: 0.3331

Epoch 00335: val_loss did not improve from 0.32694
Epoch 336/8000
 - 2s - loss: 0.3335 - val_loss: 0.3345

Epoch 00336: val_loss did not improve from 0.32694
Epoch 337/8000
 - 2s - loss: 0.3337 - val_loss: 0.3333

Epoch 00337: val_loss did not improve from 0.32694
Epoch 338/8000
 - 2s - loss: 0.3335 - val_loss: 0.3341

Epoch 00338: val_loss did not improve from 0.32694
Epoch 339/8000
 - 2s - loss: 0.3330 - val_loss: 0.3324

Epoch 00339: val_loss did not improve from 0.32694
Epoch 340/8000
 - 2s - loss: 0.3333 - val_loss: 0.3345

Epoch 00340: val_loss did not improve from 0.32694
Epoch 341/8000
 - 2s - loss: 0.3328 - val_loss: 0.3339

Epoch 00341: val_loss did not improve from 0.32694
Epoch 342/8000
 - 2s - loss: 0.3326 - val_loss: 0.3320

Epoch 00342: val_loss did not improve from 0.32694
Epoch 343/8000
 - 2s - loss: 0.3330 - val_loss: 0.3326

Epoch 00343: val_loss did not improve from 0.32694
Epoch 344/8000
 - 2s - loss: 0.3326 - val_loss: 0.3346

Epoch 00344: val_loss did not improve from 0.32694
Epoch 345/8000
 - 2s - loss: 0.3328 - val_loss: 0.3341

Epoch 00345: val_loss did not improve from 0.32694
Epoch 346/8000
 - 2s - loss: 0.3330 - val_loss: 0.3322

Epoch 00346: val_loss did not improve from 0.32694
Epoch 347/8000
 - 2s - loss: 0.3324 - val_loss: 0.3320

Epoch 00347: val_loss did not improve from 0.32694
Epoch 348/8000
 - 2s - loss: 0.3328 - val_loss: 0.3325

Epoch 00348: val_loss did not improve from 0.32694
Epoch 349/8000
 - 2s - loss: 0.3322 - val_loss: 0.3328

Epoch 00349: val_loss did not improve from 0.32694
Epoch 350/8000
 - 2s - loss: 0.3327 - val_loss: 0.3311

Epoch 00350: val_loss did not improve from 0.32694
Epoch 351/8000
 - 2s - loss: 0.3328 - val_loss: 0.3316

Epoch 00351: val_loss did not improve from 0.32694
Epoch 352/8000
 - 2s - loss: 0.3327 - val_loss: 0.3341

Epoch 00352: val_loss did not improve from 0.32694
Epoch 353/8000
 - 2s - loss: 0.3325 - val_loss: 0.3320

Epoch 00353: val_loss did not improve from 0.32694
Epoch 354/8000
 - 2s - loss: 0.3332 - val_loss: 0.3322

Epoch 00354: val_loss did not improve from 0.32694
Epoch 355/8000
 - 2s - loss: 0.3321 - val_loss: 0.3334

Epoch 00355: val_loss did not improve from 0.32694
Epoch 356/8000
 - 2s - loss: 0.3327 - val_loss: 0.3350

Epoch 00356: val_loss did not improve from 0.32694
Epoch 357/8000
 - 2s - loss: 0.3327 - val_loss: 0.3319

Epoch 00357: val_loss did not improve from 0.32694
Epoch 358/8000
 - 2s - loss: 0.3322 - val_loss: 0.3324

Epoch 00358: val_loss did not improve from 0.32694
Epoch 359/8000
 - 2s - loss: 0.3322 - val_loss: 0.3323

Epoch 00359: val_loss did not improve from 0.32694
Epoch 360/8000
 - 2s - loss: 0.3324 - val_loss: 0.3325

Epoch 00360: val_loss did not improve from 0.32694
Epoch 361/8000
 - 2s - loss: 0.3323 - val_loss: 0.3331

Epoch 00361: val_loss did not improve from 0.32694
Epoch 362/8000
 - 2s - loss: 0.3323 - val_loss: 0.3330

Epoch 00362: val_loss did not improve from 0.32694
Epoch 363/8000
 - 2s - loss: 0.3321 - val_loss: 0.3310

Epoch 00363: val_loss did not improve from 0.32694
Epoch 364/8000
 - 2s - loss: 0.3329 - val_loss: 0.3355

Epoch 00364: val_loss did not improve from 0.32694
Epoch 365/8000
 - 2s - loss: 0.3321 - val_loss: 0.3324

Epoch 00365: val_loss did not improve from 0.32694
Epoch 366/8000
 - 2s - loss: 0.3322 - val_loss: 0.3338

Epoch 00366: val_loss did not improve from 0.32694
Epoch 367/8000
 - 2s - loss: 0.3321 - val_loss: 0.3322

Epoch 00367: val_loss did not improve from 0.32694
Epoch 368/8000
 - 2s - loss: 0.3323 - val_loss: 0.3333

Epoch 00368: val_loss did not improve from 0.32694
Epoch 369/8000
 - 2s - loss: 0.3320 - val_loss: 0.3339

Epoch 00369: val_loss did not improve from 0.32694
Epoch 370/8000
 - 2s - loss: 0.3325 - val_loss: 0.3329

Epoch 00370: val_loss did not improve from 0.32694
Epoch 371/8000
 - 2s - loss: 0.3324 - val_loss: 0.3315

Epoch 00371: val_loss did not improve from 0.32694
Epoch 372/8000
 - 2s - loss: 0.3320 - val_loss: 0.3339

Epoch 00372: val_loss did not improve from 0.32694
Epoch 373/8000
 - 2s - loss: 0.3320 - val_loss: 0.3331

Epoch 00373: val_loss did not improve from 0.32694
Epoch 374/8000
 - 2s - loss: 0.3323 - val_loss: 0.3322

Epoch 00374: val_loss did not improve from 0.32694
Epoch 375/8000
 - 2s - loss: 0.3319 - val_loss: 0.3334

Epoch 00375: val_loss did not improve from 0.32694
Epoch 376/8000
 - 2s - loss: 0.3318 - val_loss: 0.3308

Epoch 00376: val_loss did not improve from 0.32694
Epoch 377/8000
 - 2s - loss: 0.3320 - val_loss: 0.3323

Epoch 00377: val_loss did not improve from 0.32694
Epoch 378/8000
 - 2s - loss: 0.3322 - val_loss: 0.3334

Epoch 00378: val_loss did not improve from 0.32694
Epoch 379/8000
 - 2s - loss: 0.3320 - val_loss: 0.3314

Epoch 00379: val_loss did not improve from 0.32694
Epoch 380/8000
 - 2s - loss: 0.3321 - val_loss: 0.3317

Epoch 00380: val_loss did not improve from 0.32694
Epoch 381/8000
 - 2s - loss: 0.3323 - val_loss: 0.3342

Epoch 00381: val_loss did not improve from 0.32694
Epoch 382/8000
 - 2s - loss: 0.3320 - val_loss: 0.3327

Epoch 00382: val_loss did not improve from 0.32694
Epoch 383/8000
 - 2s - loss: 0.3319 - val_loss: 0.3317

Epoch 00383: val_loss did not improve from 0.32694
Epoch 384/8000
 - 2s - loss: 0.3318 - val_loss: 0.3311

Epoch 00384: val_loss did not improve from 0.32694
Epoch 385/8000
 - 2s - loss: 0.3318 - val_loss: 0.3324

Epoch 00385: val_loss did not improve from 0.32694
Epoch 386/8000
 - 2s - loss: 0.3317 - val_loss: 0.3341

Epoch 00386: val_loss did not improve from 0.32694
Epoch 387/8000
 - 2s - loss: 0.3318 - val_loss: 0.3320

Epoch 00387: val_loss did not improve from 0.32694
Epoch 388/8000
 - 2s - loss: 0.3320 - val_loss: 0.3309

Epoch 00388: val_loss did not improve from 0.32694
Epoch 389/8000
 - 2s - loss: 0.3317 - val_loss: 0.3310

Epoch 00389: val_loss did not improve from 0.32694
Epoch 390/8000
 - 2s - loss: 0.3318 - val_loss: 0.3311

Epoch 00390: val_loss did not improve from 0.32694
Epoch 391/8000
 - 2s - loss: 0.3319 - val_loss: 0.3319

Epoch 00391: val_loss did not improve from 0.32694
Epoch 392/8000
 - 2s - loss: 0.3316 - val_loss: 0.3326

Epoch 00392: val_loss did not improve from 0.32694
Epoch 393/8000
 - 2s - loss: 0.3317 - val_loss: 0.3324

Epoch 00393: val_loss did not improve from 0.32694
Epoch 394/8000
 - 2s - loss: 0.3319 - val_loss: 0.3312

Epoch 00394: val_loss did not improve from 0.32694
Epoch 395/8000
 - 2s - loss: 0.3321 - val_loss: 0.3328

Epoch 00395: val_loss did not improve from 0.32694
Epoch 396/8000
 - 2s - loss: 0.3320 - val_loss: 0.3320

Epoch 00396: val_loss did not improve from 0.32694
Epoch 397/8000
 - 2s - loss: 0.3319 - val_loss: 0.3326

Epoch 00397: val_loss did not improve from 0.32694
Epoch 398/8000
 - 2s - loss: 0.3320 - val_loss: 0.3322

Epoch 00398: val_loss did not improve from 0.32694
Epoch 399/8000
 - 2s - loss: 0.3317 - val_loss: 0.3337

Epoch 00399: val_loss did not improve from 0.32694
Epoch 400/8000
 - 2s - loss: 0.3317 - val_loss: 0.3320
