2020-11-22 14:48:39.075371: I tensorflow/core/platform/cpu_feature_guard.cc:141] Your CPU supports instructions that this TensorFlow binary was not compiled to use: SSE4.1 SSE4.2 AVX
2020-11-22 14:48:39.383562: I tensorflow/stream_executor/cuda/cuda_gpu_executor.cc:897] successful NUMA node read from SysFS had negative value (-1), but there must be at least one NUMA node, so returning NUMA node zero
2020-11-22 14:48:39.384090: I tensorflow/core/common_runtime/gpu/gpu_device.cc:1405] Found device 0 with properties: 
name: TITAN Xp major: 6 minor: 1 memoryClockRate(GHz): 1.582
pciBusID: 0000:01:00.0
totalMemory: 11.91GiB freeMemory: 11.75GiB
2020-11-22 14:48:39.384107: I tensorflow/core/common_runtime/gpu/gpu_device.cc:1484] Adding visible gpu devices: 0
2020-11-22 14:48:39.658892: I tensorflow/core/common_runtime/gpu/gpu_device.cc:965] Device interconnect StreamExecutor with strength 1 edge matrix:
2020-11-22 14:48:39.658938: I tensorflow/core/common_runtime/gpu/gpu_device.cc:971]      0 
2020-11-22 14:48:39.658947: I tensorflow/core/common_runtime/gpu/gpu_device.cc:984] 0:   N 
2020-11-22 14:48:39.659194: I tensorflow/core/common_runtime/gpu/gpu_device.cc:1097] Created TensorFlow device (/job:localhost/replica:0/task:0/device:GPU:0 with 11366 MB memory) -> physical GPU (device: 0, name: TITAN Xp, pci bus id: 0000:01:00.0, compute capability: 6.1)
2020-11-22 14:48:40.398549: I tensorflow/core/kernels/cuda_solvers.cc:159] Creating CudaSolver handles for stream 0x5624b2d23bb0
Epoch 1/8000

Epoch 00001: val_loss improved from inf to 110.50207, saving model to ../../model_weights/model_2020-11-22_14-48-38.h5
 - 383s - loss: 117.4628 - kl_loss: 0.0295 - val_loss: 110.5021 - val_kl_loss: 0.0397
Epoch 2/8000

Epoch 00002: val_loss did not improve from 110.50207
 - 380s - loss: 119.0500 - kl_loss: 0.6515 - val_loss: 110.8893 - val_kl_loss: 0.4445
Epoch 3/8000

Epoch 00003: val_loss improved from 110.50207 to 110.35591, saving model to ../../model_weights/model_2020-11-22_14-48-38.h5
 - 381s - loss: 117.0623 - kl_loss: 0.0311 - val_loss: 110.3559 - val_kl_loss: 0.0028
Epoch 4/8000

Epoch 00004: val_loss improved from 110.35591 to 110.33188, saving model to ../../model_weights/model_2020-11-22_14-48-38.h5
 - 382s - loss: 117.0204 - kl_loss: 0.0041 - val_loss: 110.3319 - val_kl_loss: 0.0028
Epoch 5/8000

Epoch 00005: val_loss did not improve from 110.33188
 - 380s - loss: 118.4042 - kl_loss: 0.2255 - val_loss: 128.3620 - val_kl_loss: 0.4210
Epoch 6/8000

Epoch 00006: val_loss improved from 110.33188 to 88.82327, saving model to ../../model_weights/model_2020-11-22_14-48-38.h5
 - 382s - loss: 106.8009 - kl_loss: 0.9715 - val_loss: 88.8233 - val_kl_loss: 0.8597
Epoch 7/8000

Epoch 00007: val_loss improved from 88.82327 to 71.95413, saving model to ../../model_weights/model_2020-11-22_14-48-38.h5
 - 380s - loss: 88.2704 - kl_loss: 1.2044 - val_loss: 71.9541 - val_kl_loss: 1.3563
Epoch 8/8000

Epoch 00008: val_loss improved from 71.95413 to 61.63931, saving model to ../../model_weights/model_2020-11-22_14-48-38.h5
 - 385s - loss: 74.2256 - kl_loss: 2.0366 - val_loss: 61.6393 - val_kl_loss: 2.0255
Epoch 9/8000

Epoch 00009: val_loss improved from 61.63931 to 43.18988, saving model to ../../model_weights/model_2020-11-22_14-48-38.h5
 - 384s - loss: 59.0760 - kl_loss: 2.2001 - val_loss: 43.1899 - val_kl_loss: 2.1129
Epoch 10/8000

Epoch 00010: val_loss improved from 43.18988 to 41.60906, saving model to ../../model_weights/model_2020-11-22_14-48-38.h5
 - 382s - loss: 43.2327 - kl_loss: 1.9961 - val_loss: 41.6091 - val_kl_loss: 1.9656
Epoch 11/8000

Epoch 00011: val_loss improved from 41.60906 to 34.57345, saving model to ../../model_weights/model_2020-11-22_14-48-38.h5
 - 382s - loss: 37.0082 - kl_loss: 1.9743 - val_loss: 34.5734 - val_kl_loss: 2.1156
Epoch 12/8000

Epoch 00012: val_loss improved from 34.57345 to 29.39581, saving model to ../../model_weights/model_2020-11-22_14-48-38.h5
 - 384s - loss: 33.0916 - kl_loss: 1.9281 - val_loss: 29.3958 - val_kl_loss: 1.9611
Epoch 13/8000

Epoch 00013: val_loss improved from 29.39581 to 28.87016, saving model to ../../model_weights/model_2020-11-22_14-48-38.h5
 - 382s - loss: 32.1989 - kl_loss: 1.9351 - val_loss: 28.8702 - val_kl_loss: 1.9465
Epoch 14/8000

Epoch 00014: val_loss improved from 28.87016 to 27.16674, saving model to ../../model_weights/model_2020-11-22_14-48-38.h5
 - 381s - loss: 30.1835 - kl_loss: 2.0245 - val_loss: 27.1667 - val_kl_loss: 1.9711
Epoch 15/8000

Epoch 00015: val_loss improved from 27.16674 to 23.77930, saving model to ../../model_weights/model_2020-11-22_14-48-38.h5
 - 387s - loss: 27.2450 - kl_loss: 2.0005 - val_loss: 23.7793 - val_kl_loss: 1.7676
Epoch 16/8000

Epoch 00016: val_loss did not improve from 23.77930
 - 383s - loss: 26.0942 - kl_loss: 1.9030 - val_loss: 25.0147 - val_kl_loss: 1.7720
Epoch 17/8000

Epoch 00017: val_loss improved from 23.77930 to 21.62349, saving model to ../../model_weights/model_2020-11-22_14-48-38.h5
 - 383s - loss: 25.0825 - kl_loss: 1.9863 - val_loss: 21.6235 - val_kl_loss: 1.8413
Epoch 18/8000

Epoch 00018: val_loss did not improve from 21.62349
 - 383s - loss: 23.5507 - kl_loss: 1.9226 - val_loss: 21.7472 - val_kl_loss: 1.9382
Epoch 19/8000

Epoch 00019: val_loss did not improve from 21.62349
 - 381s - loss: 23.1458 - kl_loss: 1.9530 - val_loss: 21.6952 - val_kl_loss: 1.8901
Epoch 20/8000

Epoch 00020: val_loss did not improve from 21.62349
 - 383s - loss: 24.5994 - kl_loss: 1.9100 - val_loss: 23.9492 - val_kl_loss: 1.9585
Epoch 21/8000

Epoch 00021: val_loss did not improve from 21.62349
 - 382s - loss: 22.2904 - kl_loss: 1.8765 - val_loss: 25.4793 - val_kl_loss: 1.8255
Epoch 22/8000

Epoch 00022: val_loss did not improve from 21.62349
 - 386s - loss: 21.7294 - kl_loss: 1.8817 - val_loss: 33.0426 - val_kl_loss: 2.3593
Epoch 23/8000

Epoch 00023: val_loss improved from 21.62349 to 20.07661, saving model to ../../model_weights/model_2020-11-22_14-48-38.h5
 - 384s - loss: 21.5432 - kl_loss: 1.8773 - val_loss: 20.0766 - val_kl_loss: 1.7809
Epoch 24/8000

Epoch 00024: val_loss improved from 20.07661 to 19.31493, saving model to ../../model_weights/model_2020-11-22_14-48-38.h5
 - 383s - loss: 20.6192 - kl_loss: 1.8759 - val_loss: 19.3149 - val_kl_loss: 1.8101
Epoch 25/8000

Epoch 00025: val_loss did not improve from 19.31493
 - 382s - loss: 20.4513 - kl_loss: 1.8706 - val_loss: 20.0901 - val_kl_loss: 1.8531
Epoch 26/8000

Epoch 00026: val_loss did not improve from 19.31493
 - 383s - loss: 20.2838 - kl_loss: 1.8774 - val_loss: 19.8558 - val_kl_loss: 1.7377
Epoch 27/8000

Epoch 00027: val_loss improved from 19.31493 to 18.35706, saving model to ../../model_weights/model_2020-11-22_14-48-38.h5
 - 384s - loss: 20.4264 - kl_loss: 1.8711 - val_loss: 18.3571 - val_kl_loss: 1.7352
Epoch 28/8000

Epoch 00028: val_loss did not improve from 18.35706
 - 380s - loss: 19.4721 - kl_loss: 1.8648 - val_loss: 19.0008 - val_kl_loss: 1.8098
Epoch 29/8000

Epoch 00029: val_loss did not improve from 18.35706
 - 387s - loss: 19.4390 - kl_loss: 1.8657 - val_loss: 20.1913 - val_kl_loss: 1.8434
Epoch 30/8000

Epoch 00030: val_loss did not improve from 18.35706
 - 384s - loss: 19.8392 - kl_loss: 1.8673 - val_loss: 19.7573 - val_kl_loss: 1.8992
Epoch 31/8000

Epoch 00031: val_loss did not improve from 18.35706
 - 382s - loss: 19.4817 - kl_loss: 1.8624 - val_loss: 18.8011 - val_kl_loss: 1.8046
Epoch 32/8000

Epoch 00032: val_loss improved from 18.35706 to 18.07304, saving model to ../../model_weights/model_2020-11-22_14-48-38.h5
 - 384s - loss: 18.7202 - kl_loss: 1.8616 - val_loss: 18.0730 - val_kl_loss: 1.7912
Epoch 33/8000

Epoch 00033: val_loss did not improve from 18.07304
 - 383s - loss: 18.6438 - kl_loss: 1.8652 - val_loss: 18.3921 - val_kl_loss: 1.6956
Epoch 34/8000

Epoch 00034: val_loss did not improve from 18.07304
 - 383s - loss: 18.9065 - kl_loss: 1.8498 - val_loss: 18.5531 - val_kl_loss: 1.7587
Epoch 35/8000

Epoch 00035: val_loss did not improve from 18.07304
 - 382s - loss: 19.0364 - kl_loss: 1.8604 - val_loss: 19.3610 - val_kl_loss: 1.8058
Epoch 36/8000

Epoch 00036: val_loss improved from 18.07304 to 18.05120, saving model to ../../model_weights/model_2020-11-22_14-48-38.h5
 - 386s - loss: 21.0386 - kl_loss: 1.8226 - val_loss: 18.0512 - val_kl_loss: 1.7477
Epoch 37/8000

Epoch 00037: val_loss improved from 18.05120 to 17.22836, saving model to ../../model_weights/model_2020-11-22_14-48-38.h5
 - 385s - loss: 18.3587 - kl_loss: 1.8541 - val_loss: 17.2284 - val_kl_loss: 1.7553
Epoch 38/8000

Epoch 00038: val_loss did not improve from 17.22836
 - 383s - loss: 18.1362 - kl_loss: 1.8640 - val_loss: 18.8142 - val_kl_loss: 1.7893
Epoch 39/8000

Epoch 00039: val_loss did not improve from 17.22836
 - 382s - loss: 18.6389 - kl_loss: 1.8708 - val_loss: 17.3853 - val_kl_loss: 1.7773
Epoch 40/8000

Epoch 00040: val_loss did not improve from 17.22836
 - 383s - loss: 18.0379 - kl_loss: 1.8712 - val_loss: 17.3706 - val_kl_loss: 1.8102
Epoch 41/8000

Epoch 00041: val_loss did not improve from 17.22836
 - 384s - loss: 18.3993 - kl_loss: 1.8765 - val_loss: 17.7235 - val_kl_loss: 1.8753
Epoch 42/8000

Epoch 00042: val_loss improved from 17.22836 to 16.82474, saving model to ../../model_weights/model_2020-11-22_14-48-38.h5
 - 382s - loss: 18.2552 - kl_loss: 1.8563 - val_loss: 16.8247 - val_kl_loss: 1.7564
Epoch 43/8000

Epoch 00043: val_loss did not improve from 16.82474
 - 387s - loss: 18.0085 - kl_loss: 1.8644 - val_loss: 17.0177 - val_kl_loss: 1.8227
Epoch 44/8000

Epoch 00044: val_loss did not improve from 16.82474
 - 385s - loss: 17.8686 - kl_loss: 1.8635 - val_loss: 18.5570 - val_kl_loss: 1.7550
Epoch 45/8000

Epoch 00045: val_loss did not improve from 16.82474
 - 382s - loss: 18.3454 - kl_loss: 1.8625 - val_loss: 17.0676 - val_kl_loss: 1.8180
Epoch 46/8000

Epoch 00046: val_loss improved from 16.82474 to 16.77753, saving model to ../../model_weights/model_2020-11-22_14-48-38.h5
 - 383s - loss: 18.0814 - kl_loss: 1.8624 - val_loss: 16.7775 - val_kl_loss: 1.8220
Epoch 47/8000

Epoch 00047: val_loss improved from 16.77753 to 16.59341, saving model to ../../model_weights/model_2020-11-22_14-48-38.h5
 - 384s - loss: 17.0551 - kl_loss: 1.8739 - val_loss: 16.5934 - val_kl_loss: 1.8697
Epoch 48/8000

Epoch 00048: val_loss did not improve from 16.59341
 - 383s - loss: 17.5919 - kl_loss: 1.8907 - val_loss: 17.0586 - val_kl_loss: 1.8049
Epoch 49/8000

Epoch 00049: val_loss improved from 16.59341 to 16.39555, saving model to ../../model_weights/model_2020-11-22_14-48-38.h5
 - 382s - loss: 17.5686 - kl_loss: 1.8716 - val_loss: 16.3955 - val_kl_loss: 1.7641
Epoch 50/8000

Epoch 00050: val_loss did not improve from 16.39555
 - 387s - loss: 17.4705 - kl_loss: 1.8813 - val_loss: 18.6221 - val_kl_loss: 1.8418
Epoch 51/8000

Epoch 00051: val_loss did not improve from 16.39555
 - 384s - loss: 18.6838 - kl_loss: 1.8827 - val_loss: 21.9315 - val_kl_loss: 1.8717
Epoch 52/8000

Epoch 00052: val_loss did not improve from 16.39555
 - 384s - loss: 19.4857 - kl_loss: 1.8659 - val_loss: 18.0170 - val_kl_loss: 1.7907
Epoch 53/8000

Epoch 00053: val_loss did not improve from 16.39555
 - 383s - loss: 18.2165 - kl_loss: 1.8817 - val_loss: 18.4007 - val_kl_loss: 1.7679
Epoch 54/8000

Epoch 00054: val_loss did not improve from 16.39555
 - 383s - loss: 17.6166 - kl_loss: 1.8829 - val_loss: 18.5663 - val_kl_loss: 1.8939
Epoch 55/8000

Epoch 00055: val_loss improved from 16.39555 to 16.25508, saving model to ../../model_weights/model_2020-11-22_14-48-38.h5
 - 384s - loss: 17.5101 - kl_loss: 1.8738 - val_loss: 16.2551 - val_kl_loss: 1.8247
Epoch 56/8000

Epoch 00056: val_loss did not improve from 16.25508
 - 381s - loss: 17.2407 - kl_loss: 1.8914 - val_loss: 17.8346 - val_kl_loss: 1.8726
Epoch 57/8000

Epoch 00057: val_loss did not improve from 16.25508
 - 387s - loss: 17.5923 - kl_loss: 1.8939 - val_loss: 17.1215 - val_kl_loss: 1.9811
Epoch 58/8000

Epoch 00058: val_loss did not improve from 16.25508
 - 385s - loss: 18.2702 - kl_loss: 1.8607 - val_loss: 16.3117 - val_kl_loss: 1.7545
Epoch 59/8000

Epoch 00059: val_loss did not improve from 16.25508
 - 382s - loss: 17.5760 - kl_loss: 1.8824 - val_loss: 17.0593 - val_kl_loss: 1.8259
Epoch 60/8000

Epoch 00060: val_loss did not improve from 16.25508
 - 383s - loss: 17.2711 - kl_loss: 1.8906 - val_loss: 17.9899 - val_kl_loss: 1.8291
Epoch 61/8000

Epoch 00061: val_loss did not improve from 16.25508
 - 384s - loss: 17.6580 - kl_loss: 1.8785 - val_loss: 17.4048 - val_kl_loss: 1.8031
Epoch 62/8000

Epoch 00062: val_loss did not improve from 16.25508
 - 384s - loss: 17.6343 - kl_loss: 1.8664 - val_loss: 16.7284 - val_kl_loss: 1.8026
Epoch 63/8000

Epoch 00063: val_loss did not improve from 16.25508
 - 381s - loss: 18.1592 - kl_loss: 1.8635 - val_loss: 16.5942 - val_kl_loss: 1.7970
Epoch 64/8000

Epoch 00064: val_loss did not improve from 16.25508
 - 388s - loss: 16.9543 - kl_loss: 1.8709 - val_loss: 16.5876 - val_kl_loss: 1.7696
Epoch 65/8000

Epoch 00065: val_loss improved from 16.25508 to 16.12195, saving model to ../../model_weights/model_2020-11-22_14-48-38.h5
 - 385s - loss: 16.7349 - kl_loss: 1.8746 - val_loss: 16.1220 - val_kl_loss: 1.8464
Epoch 66/8000

Epoch 00066: val_loss did not improve from 16.12195
 - 383s - loss: 17.7525 - kl_loss: 1.8536 - val_loss: 19.7429 - val_kl_loss: 1.9031
Epoch 67/8000

Epoch 00067: val_loss did not improve from 16.12195
 - 384s - loss: 17.7207 - kl_loss: 1.8553 - val_loss: 16.8594 - val_kl_loss: 1.7907
Epoch 68/8000

Epoch 00068: val_loss did not improve from 16.12195
 - 383s - loss: 17.2738 - kl_loss: 1.8538 - val_loss: 16.8842 - val_kl_loss: 1.7818
Epoch 69/8000

Epoch 00069: val_loss did not improve from 16.12195
 - 384s - loss: 16.3280 - kl_loss: 1.8665 - val_loss: 18.3929 - val_kl_loss: 1.7963
Epoch 70/8000

Epoch 00070: val_loss did not improve from 16.12195
 - 383s - loss: 16.8696 - kl_loss: 1.8635 - val_loss: 17.3476 - val_kl_loss: 1.7872
Epoch 71/8000

Epoch 00071: val_loss did not improve from 16.12195
 - 386s - loss: 16.6138 - kl_loss: 1.8785 - val_loss: 16.2113 - val_kl_loss: 1.8270
Epoch 72/8000

Epoch 00072: val_loss did not improve from 16.12195
 - 385s - loss: 16.9944 - kl_loss: 1.8736 - val_loss: 18.9530 - val_kl_loss: 1.7714
Epoch 73/8000

Epoch 00073: val_loss did not improve from 16.12195
 - 383s - loss: 16.7211 - kl_loss: 1.8744 - val_loss: 19.3369 - val_kl_loss: 1.7053
Epoch 74/8000

Epoch 00074: val_loss did not improve from 16.12195
 - 383s - loss: 17.0011 - kl_loss: 1.8632 - val_loss: 17.8460 - val_kl_loss: 1.7836
Epoch 75/8000

Epoch 00075: val_loss did not improve from 16.12195
 - 384s - loss: 16.9139 - kl_loss: 1.8738 - val_loss: 17.5525 - val_kl_loss: 1.8765
Epoch 76/8000

Epoch 00076: val_loss did not improve from 16.12195
 - 383s - loss: 17.1727 - kl_loss: 1.8849 - val_loss: 16.5716 - val_kl_loss: 1.7938
Epoch 77/8000

Epoch 00077: val_loss did not improve from 16.12195
 - 382s - loss: 16.5514 - kl_loss: 1.8788 - val_loss: 16.2795 - val_kl_loss: 1.8307
Epoch 78/8000

Epoch 00078: val_loss improved from 16.12195 to 15.98632, saving model to ../../model_weights/model_2020-11-22_14-48-38.h5
 - 388s - loss: 16.3867 - kl_loss: 1.8948 - val_loss: 15.9863 - val_kl_loss: 1.7830
Epoch 79/8000

Epoch 00079: val_loss did not improve from 15.98632
 - 384s - loss: 17.2489 - kl_loss: 1.8754 - val_loss: 17.2316 - val_kl_loss: 1.8013
Epoch 80/8000

Epoch 00080: val_loss did not improve from 15.98632
 - 382s - loss: 17.1990 - kl_loss: 1.8826 - val_loss: 17.2105 - val_kl_loss: 1.8328
Epoch 81/8000

Epoch 00081: val_loss improved from 15.98632 to 15.94136, saving model to ../../model_weights/model_2020-11-22_14-48-38.h5
 - 384s - loss: 16.4101 - kl_loss: 1.9063 - val_loss: 15.9414 - val_kl_loss: 1.8057
Epoch 82/8000

Epoch 00082: val_loss did not improve from 15.94136
 - 384s - loss: 16.7038 - kl_loss: 1.8981 - val_loss: 17.0048 - val_kl_loss: 1.7737
Epoch 83/8000

Epoch 00083: val_loss did not improve from 15.94136
 - 383s - loss: 16.3237 - kl_loss: 1.8870 - val_loss: 16.6089 - val_kl_loss: 1.8050
Epoch 84/8000

Epoch 00084: val_loss did not improve from 15.94136
 - 382s - loss: 16.9898 - kl_loss: 1.8852 - val_loss: 16.3082 - val_kl_loss: 1.8334
Epoch 85/8000

Epoch 00085: val_loss improved from 15.94136 to 15.93343, saving model to ../../model_weights/model_2020-11-22_14-48-38.h5
 - 388s - loss: 16.2155 - kl_loss: 1.8899 - val_loss: 15.9334 - val_kl_loss: 1.7889
Epoch 86/8000

Epoch 00086: val_loss did not improve from 15.93343
 - 384s - loss: 16.5899 - kl_loss: 1.9081 - val_loss: 19.8723 - val_kl_loss: 1.7280
Epoch 87/8000

Epoch 00087: val_loss did not improve from 15.93343
 - 384s - loss: 16.3366 - kl_loss: 1.8693 - val_loss: 16.2048 - val_kl_loss: 1.8229
Epoch 88/8000

Epoch 00088: val_loss did not improve from 15.93343
 - 383s - loss: 16.6913 - kl_loss: 1.8822 - val_loss: 18.1611 - val_kl_loss: 1.7919
Epoch 89/8000

Epoch 00089: val_loss did not improve from 15.93343
 - 384s - loss: 16.4094 - kl_loss: 1.8812 - val_loss: 16.0704 - val_kl_loss: 1.7722
Epoch 90/8000

Epoch 00090: val_loss did not improve from 15.93343
 - 384s - loss: 16.2710 - kl_loss: 1.8794 - val_loss: 16.6862 - val_kl_loss: 1.8014
Epoch 91/8000

Epoch 00091: val_loss improved from 15.93343 to 15.72156, saving model to ../../model_weights/model_2020-11-22_14-48-38.h5
 - 381s - loss: 16.1555 - kl_loss: 1.8848 - val_loss: 15.7216 - val_kl_loss: 1.7136
Epoch 92/8000

Epoch 00092: val_loss did not improve from 15.72156
 - 388s - loss: 16.4134 - kl_loss: 1.8902 - val_loss: 15.8605 - val_kl_loss: 1.8126
Epoch 93/8000

Epoch 00093: val_loss did not improve from 15.72156
 - 385s - loss: 15.7517 - kl_loss: 1.9019 - val_loss: 15.9879 - val_kl_loss: 1.7743
Epoch 94/8000

Epoch 00094: val_loss did not improve from 15.72156
 - 383s - loss: 15.7688 - kl_loss: 1.8966 - val_loss: 16.0553 - val_kl_loss: 1.8041
Epoch 95/8000

Epoch 00095: val_loss did not improve from 15.72156
 - 384s - loss: 16.6460 - kl_loss: 1.8792 - val_loss: 16.9321 - val_kl_loss: 1.8167
Epoch 96/8000

Epoch 00096: val_loss did not improve from 15.72156
 - 384s - loss: 16.6352 - kl_loss: 1.8816 - val_loss: 16.5565 - val_kl_loss: 1.7919
Epoch 97/8000

Epoch 00097: val_loss did not improve from 15.72156
 - 384s - loss: 16.5232 - kl_loss: 1.8819 - val_loss: 16.3121 - val_kl_loss: 1.8370
Epoch 98/8000

Epoch 00098: val_loss did not improve from 15.72156
 - 383s - loss: 16.3570 - kl_loss: 1.9062 - val_loss: 16.2857 - val_kl_loss: 1.8034
Epoch 99/8000

Epoch 00099: val_loss did not improve from 15.72156
 - 387s - loss: 16.1527 - kl_loss: 1.8965 - val_loss: 15.7495 - val_kl_loss: 1.8158
Epoch 100/8000

Epoch 00100: val_loss did not improve from 15.72156
 - 384s - loss: 16.0886 - kl_loss: 1.8843 - val_loss: 18.0685 - val_kl_loss: 1.7522
Epoch 101/8000

Epoch 00101: val_loss did not improve from 15.72156
 - 384s - loss: 16.1444 - kl_loss: 1.8864 - val_loss: 16.0239 - val_kl_loss: 1.8016
Epoch 102/8000

Epoch 00102: val_loss did not improve from 15.72156
 - 384s - loss: 15.7400 - kl_loss: 1.8969 - val_loss: 16.2247 - val_kl_loss: 1.8308
Epoch 103/8000

Epoch 00103: val_loss did not improve from 15.72156
 - 383s - loss: 16.4223 - kl_loss: 1.8865 - val_loss: 16.0062 - val_kl_loss: 1.7823
Epoch 104/8000

Epoch 00104: val_loss did not improve from 15.72156
 - 384s - loss: 15.9531 - kl_loss: 1.8931 - val_loss: 16.6096 - val_kl_loss: 1.8889
Epoch 105/8000

Epoch 00105: val_loss did not improve from 15.72156
 - 383s - loss: 16.2942 - kl_loss: 1.8943 - val_loss: 16.1146 - val_kl_loss: 1.8239
Epoch 106/8000

Epoch 00106: val_loss did not improve from 15.72156
 - 386s - loss: 15.9854 - kl_loss: 1.9056 - val_loss: 17.0098 - val_kl_loss: 1.8398
Epoch 107/8000

Epoch 00107: val_loss did not improve from 15.72156
 - 386s - loss: 16.8817 - kl_loss: 1.8901 - val_loss: 15.9924 - val_kl_loss: 1.8234
Epoch 108/8000

Epoch 00108: val_loss did not improve from 15.72156
 - 383s - loss: 15.5917 - kl_loss: 1.8980 - val_loss: 15.7557 - val_kl_loss: 1.8088
Epoch 109/8000

Epoch 00109: val_loss did not improve from 15.72156
 - 383s - loss: 15.6969 - kl_loss: 1.9006 - val_loss: 15.7362 - val_kl_loss: 1.7888
Epoch 110/8000

Epoch 00110: val_loss did not improve from 15.72156
 - 385s - loss: 16.4287 - kl_loss: 1.9034 - val_loss: 16.5496 - val_kl_loss: 1.8819
Epoch 111/8000

Epoch 00111: val_loss did not improve from 15.72156
 - 383s - loss: 15.9517 - kl_loss: 1.9169 - val_loss: 15.7248 - val_kl_loss: 1.8048
Epoch 112/8000

Epoch 00112: val_loss did not improve from 15.72156
 - 382s - loss: 15.9338 - kl_loss: 1.9078 - val_loss: 16.3102 - val_kl_loss: 1.8114
Epoch 113/8000

Epoch 00113: val_loss did not improve from 15.72156
 - 388s - loss: 16.2353 - kl_loss: 1.9192 - val_loss: 18.8389 - val_kl_loss: 1.8259
Epoch 114/8000

Epoch 00114: val_loss improved from 15.72156 to 15.69781, saving model to ../../model_weights/model_2020-11-22_14-48-38.h5
 - 384s - loss: 15.8505 - kl_loss: 1.9131 - val_loss: 15.6978 - val_kl_loss: 1.8295
Epoch 115/8000

Epoch 00115: val_loss improved from 15.69781 to 15.69171, saving model to ../../model_weights/model_2020-11-22_14-48-38.h5
 - 384s - loss: 15.5638 - kl_loss: 1.9204 - val_loss: 15.6917 - val_kl_loss: 1.7909
Epoch 116/8000

Epoch 00116: val_loss did not improve from 15.69171
 - 384s - loss: 17.1794 - kl_loss: 1.9233 - val_loss: 16.5662 - val_kl_loss: 1.8442
Epoch 117/8000

Epoch 00117: val_loss did not improve from 15.69171
 - 383s - loss: 16.3623 - kl_loss: 1.8895 - val_loss: 15.8882 - val_kl_loss: 1.8040
Epoch 118/8000

Epoch 00118: val_loss did not improve from 15.69171
 - 384s - loss: 15.7108 - kl_loss: 1.8938 - val_loss: 15.7572 - val_kl_loss: 1.7966
Epoch 119/8000

Epoch 00119: val_loss did not improve from 15.69171
 - 382s - loss: 15.4670 - kl_loss: 1.9200 - val_loss: 15.7894 - val_kl_loss: 1.8350
Epoch 120/8000

Epoch 00120: val_loss did not improve from 15.69171
 - 386s - loss: 16.2469 - kl_loss: 1.8971 - val_loss: 16.1561 - val_kl_loss: 1.8438
Epoch 121/8000

Epoch 00121: val_loss did not improve from 15.69171
 - 385s - loss: 15.9861 - kl_loss: 1.8960 - val_loss: 16.1060 - val_kl_loss: 1.7854
Epoch 122/8000

Epoch 00122: val_loss did not improve from 15.69171
 - 384s - loss: 15.9927 - kl_loss: 1.8953 - val_loss: 15.7516 - val_kl_loss: 1.8061
Epoch 123/8000

Epoch 00123: val_loss did not improve from 15.69171
 - 383s - loss: 15.9212 - kl_loss: 1.9056 - val_loss: 16.8888 - val_kl_loss: 1.8467
Epoch 124/8000

Epoch 00124: val_loss did not improve from 15.69171
 - 384s - loss: 16.2119 - kl_loss: 1.9018 - val_loss: 16.4126 - val_kl_loss: 1.7771
Epoch 125/8000

Epoch 00125: val_loss did not improve from 15.69171
 - 385s - loss: 16.9254 - kl_loss: 1.8979 - val_loss: 15.8791 - val_kl_loss: 1.8306
Epoch 126/8000

Epoch 00126: val_loss did not improve from 15.69171
 - 381s - loss: 15.8773 - kl_loss: 1.9066 - val_loss: 16.7142 - val_kl_loss: 1.8252
Epoch 127/8000

Epoch 00127: val_loss did not improve from 15.69171
 - 388s - loss: 15.6165 - kl_loss: 1.9032 - val_loss: 15.8030 - val_kl_loss: 1.8386
Epoch 128/8000

Epoch 00128: val_loss did not improve from 15.69171
 - 386s - loss: 15.2846 - kl_loss: 1.9148 - val_loss: 18.1262 - val_kl_loss: 1.9992
Epoch 129/8000

Epoch 00129: val_loss did not improve from 15.69171
 - 382s - loss: 15.5500 - kl_loss: 1.9156 - val_loss: 16.9970 - val_kl_loss: 1.8139
Epoch 130/8000

Epoch 00130: val_loss improved from 15.69171 to 15.52855, saving model to ../../model_weights/model_2020-11-22_14-48-38.h5
 - 384s - loss: 15.5056 - kl_loss: 1.9139 - val_loss: 15.5286 - val_kl_loss: 1.8666
Epoch 131/8000

Epoch 00131: val_loss did not improve from 15.52855
 - 384s - loss: 15.8911 - kl_loss: 1.9368 - val_loss: 16.1025 - val_kl_loss: 1.8218
Epoch 132/8000

Epoch 00132: val_loss did not improve from 15.52855
 - 383s - loss: 15.4420 - kl_loss: 1.9269 - val_loss: 16.0199 - val_kl_loss: 1.8563
Epoch 133/8000

Epoch 00133: val_loss did not improve from 15.52855
 - 383s - loss: 15.6148 - kl_loss: 1.9264 - val_loss: 15.7102 - val_kl_loss: 1.8488
Epoch 134/8000

Epoch 00134: val_loss did not improve from 15.52855
 - 387s - loss: 15.7853 - kl_loss: 1.9638 - val_loss: 15.8769 - val_kl_loss: 1.8226
Epoch 135/8000

Epoch 00135: val_loss did not improve from 15.52855
 - 385s - loss: 15.9519 - kl_loss: 1.9261 - val_loss: 16.3501 - val_kl_loss: 1.8076
Epoch 136/8000

Epoch 00136: val_loss did not improve from 15.52855
 - 384s - loss: 15.5722 - kl_loss: 1.9198 - val_loss: 16.3126 - val_kl_loss: 1.7709
Epoch 137/8000

Epoch 00137: val_loss did not improve from 15.52855
 - 383s - loss: 15.5071 - kl_loss: 1.9193 - val_loss: 15.8616 - val_kl_loss: 1.8304
Epoch 138/8000

Epoch 00138: val_loss did not improve from 15.52855
 - 384s - loss: 15.6343 - kl_loss: 1.9468 - val_loss: 17.2341 - val_kl_loss: 1.8422
Epoch 139/8000

Epoch 00139: val_loss did not improve from 15.52855
 - 384s - loss: 15.9572 - kl_loss: 1.9130 - val_loss: 15.8979 - val_kl_loss: 1.7683
Epoch 140/8000

Epoch 00140: val_loss did not improve from 15.52855
 - 380s - loss: 15.2131 - kl_loss: 1.9316 - val_loss: 15.6024 - val_kl_loss: 1.8494
Epoch 141/8000

Epoch 00141: val_loss did not improve from 15.52855
 - 387s - loss: 15.8441 - kl_loss: 1.9207 - val_loss: 16.0964 - val_kl_loss: 1.8548
Epoch 142/8000

Epoch 00142: val_loss did not improve from 15.52855
 - 386s - loss: 15.5079 - kl_loss: 1.9546 - val_loss: 15.7419 - val_kl_loss: 1.8235
Epoch 143/8000

Epoch 00143: val_loss did not improve from 15.52855
 - 384s - loss: 15.7728 - kl_loss: 1.9374 - val_loss: 16.3264 - val_kl_loss: 1.8118
Epoch 144/8000

Epoch 00144: val_loss did not improve from 15.52855
 - 383s - loss: 15.9683 - kl_loss: 1.9371 - val_loss: 15.8403 - val_kl_loss: 1.8709
Epoch 145/8000

Epoch 00145: val_loss did not improve from 15.52855
 - 384s - loss: 15.2621 - kl_loss: 1.9338 - val_loss: 15.9347 - val_kl_loss: 1.8758
Epoch 146/8000

Epoch 00146: val_loss did not improve from 15.52855
 - 384s - loss: 14.9580 - kl_loss: 1.9370 - val_loss: 16.2501 - val_kl_loss: 1.9267
Epoch 147/8000

Epoch 00147: val_loss did not improve from 15.52855
 - 381s - loss: 15.3163 - kl_loss: 1.9431 - val_loss: 16.0152 - val_kl_loss: 1.8646
Epoch 148/8000

Epoch 00148: val_loss did not improve from 15.52855
 - 388s - loss: 15.5153 - kl_loss: 1.9488 - val_loss: 16.0258 - val_kl_loss: 1.8789
Epoch 149/8000

Epoch 00149: val_loss did not improve from 15.52855
 - 385s - loss: 16.3932 - kl_loss: 1.9287 - val_loss: 19.0690 - val_kl_loss: 1.7572
Epoch 150/8000

Epoch 00150: val_loss did not improve from 15.52855
 - 383s - loss: 15.9142 - kl_loss: 1.8961 - val_loss: 15.9812 - val_kl_loss: 1.8170
Epoch 151/8000

Epoch 00151: val_loss did not improve from 15.52855
 - 385s - loss: 15.4258 - kl_loss: 1.9132 - val_loss: 16.3780 - val_kl_loss: 1.8094
Epoch 152/8000

Epoch 00152: val_loss did not improve from 15.52855
 - 383s - loss: 15.2263 - kl_loss: 1.9089 - val_loss: 15.5656 - val_kl_loss: 1.8620
Epoch 153/8000

Epoch 00153: val_loss did not improve from 15.52855
 - 384s - loss: 15.2418 - kl_loss: 1.9262 - val_loss: 16.7152 - val_kl_loss: 1.8244
Epoch 154/8000

Epoch 00154: val_loss did not improve from 15.52855
 - 383s - loss: 14.9556 - kl_loss: 1.9213 - val_loss: 15.7963 - val_kl_loss: 1.8935
Epoch 155/8000

Epoch 00155: val_loss did not improve from 15.52855
 - 386s - loss: 14.9948 - kl_loss: 1.9296 - val_loss: 15.5427 - val_kl_loss: 1.8344
Epoch 156/8000

Epoch 00156: val_loss did not improve from 15.52855
 - 386s - loss: 16.4949 - kl_loss: 1.9112 - val_loss: 18.5027 - val_kl_loss: 1.7925
Epoch 157/8000

Epoch 00157: val_loss did not improve from 15.52855
 - 384s - loss: 15.5376 - kl_loss: 1.9161 - val_loss: 15.7617 - val_kl_loss: 1.8818
Epoch 158/8000

Epoch 00158: val_loss did not improve from 15.52855
 - 383s - loss: 15.8248 - kl_loss: 1.9349 - val_loss: 16.2206 - val_kl_loss: 1.8287
Epoch 159/8000

Epoch 00159: val_loss did not improve from 15.52855
 - 384s - loss: 14.9025 - kl_loss: 1.9144 - val_loss: 15.7574 - val_kl_loss: 1.8267
Epoch 160/8000

Epoch 00160: val_loss did not improve from 15.52855
 - 384s - loss: 16.1056 - kl_loss: 1.9283 - val_loss: 16.2579 - val_kl_loss: 1.7779
Epoch 161/8000

Epoch 00161: val_loss did not improve from 15.52855
 - 380s - loss: 15.4672 - kl_loss: 1.9007 - val_loss: 16.0875 - val_kl_loss: 1.8571
Epoch 162/8000

Epoch 00162: val_loss did not improve from 15.52855
 - 387s - loss: 15.6009 - kl_loss: 1.9411 - val_loss: 16.2817 - val_kl_loss: 1.8969
Epoch 163/8000

Epoch 00163: val_loss did not improve from 15.52855
 - 386s - loss: 15.7279 - kl_loss: 1.9237 - val_loss: 16.4467 - val_kl_loss: 1.9128
Epoch 164/8000

Epoch 00164: val_loss did not improve from 15.52855
 - 383s - loss: 15.5015 - kl_loss: 1.9314 - val_loss: 16.0137 - val_kl_loss: 1.8886
Epoch 165/8000

Epoch 00165: val_loss did not improve from 15.52855
 - 383s - loss: 14.7823 - kl_loss: 1.9406 - val_loss: 15.7344 - val_kl_loss: 1.8041
Epoch 166/8000

Epoch 00166: val_loss did not improve from 15.52855
 - 385s - loss: 14.8520 - kl_loss: 1.9362 - val_loss: 15.8322 - val_kl_loss: 1.8689
Epoch 167/8000

Epoch 00167: val_loss did not improve from 15.52855
 - 383s - loss: 15.6210 - kl_loss: 1.9265 - val_loss: 15.9300 - val_kl_loss: 1.8111
Epoch 168/8000

Epoch 00168: val_loss did not improve from 15.52855
 - 382s - loss: 14.8007 - kl_loss: 1.9410 - val_loss: 15.7169 - val_kl_loss: 1.9025
Epoch 169/8000

Epoch 00169: val_loss did not improve from 15.52855
 - 388s - loss: 15.0230 - kl_loss: 1.9411 - val_loss: 15.6429 - val_kl_loss: 1.8992
Epoch 170/8000

Epoch 00170: val_loss did not improve from 15.52855
 - 384s - loss: 15.1759 - kl_loss: 1.9200 - val_loss: 16.0828 - val_kl_loss: 1.8590
Epoch 171/8000

Epoch 00171: val_loss did not improve from 15.52855
 - 383s - loss: 15.6546 - kl_loss: 1.9153 - val_loss: 16.6695 - val_kl_loss: 1.8394
Epoch 172/8000

Epoch 00172: val_loss did not improve from 15.52855
 - 384s - loss: 14.8320 - kl_loss: 1.9271 - val_loss: 15.6947 - val_kl_loss: 1.7858
Epoch 173/8000

Epoch 00173: val_loss did not improve from 15.52855
 - 383s - loss: 14.7745 - kl_loss: 1.9469 - val_loss: 16.2612 - val_kl_loss: 1.8955
Epoch 174/8000

Epoch 00174: val_loss improved from 15.52855 to 15.52255, saving model to ../../model_weights/model_2020-11-22_14-48-38.h5
 - 385s - loss: 14.9645 - kl_loss: 1.9381 - val_loss: 15.5226 - val_kl_loss: 1.8370
Epoch 175/8000

Epoch 00175: val_loss did not improve from 15.52255
 - 381s - loss: 14.6594 - kl_loss: 1.9297 - val_loss: 15.7677 - val_kl_loss: 1.8120
Epoch 176/8000

Epoch 00176: val_loss did not improve from 15.52255
 - 387s - loss: 14.9134 - kl_loss: 1.9208 - val_loss: 15.7853 - val_kl_loss: 1.8802
Epoch 177/8000

Epoch 00177: val_loss did not improve from 15.52255
 - 386s - loss: 14.7741 - kl_loss: 1.9249 - val_loss: 15.6606 - val_kl_loss: 1.8524
Epoch 178/8000

Epoch 00178: val_loss improved from 15.52255 to 15.40488, saving model to ../../model_weights/model_2020-11-22_14-48-38.h5
 - 382s - loss: 14.7634 - kl_loss: 1.9402 - val_loss: 15.4049 - val_kl_loss: 1.8937
Epoch 179/8000

Epoch 00179: val_loss did not improve from 15.40488
 - 384s - loss: 14.4621 - kl_loss: 1.9432 - val_loss: 15.5576 - val_kl_loss: 1.7677
Epoch 180/8000

Epoch 00180: val_loss did not improve from 15.40488
 - 384s - loss: 15.9528 - kl_loss: 1.9239 - val_loss: 15.9598 - val_kl_loss: 1.8763
Epoch 181/8000

Epoch 00181: val_loss did not improve from 15.40488
 - 382s - loss: 15.0680 - kl_loss: 1.9389 - val_loss: 15.6843 - val_kl_loss: 1.8774
Epoch 182/8000

Epoch 00182: val_loss did not improve from 15.40488
 - 382s - loss: 14.8874 - kl_loss: 1.9264 - val_loss: 16.3773 - val_kl_loss: 1.8808
Epoch 183/8000

Epoch 00183: val_loss did not improve from 15.40488
 - 388s - loss: 14.9911 - kl_loss: 1.9551 - val_loss: 15.4812 - val_kl_loss: 1.8496
Epoch 184/8000

Epoch 00184: val_loss did not improve from 15.40488
 - 385s - loss: 14.9559 - kl_loss: 1.9107 - val_loss: 15.7937 - val_kl_loss: 1.8421
Epoch 185/8000

Epoch 00185: val_loss did not improve from 15.40488
 - 383s - loss: 14.9607 - kl_loss: 1.9269 - val_loss: 15.7259 - val_kl_loss: 1.8838
Epoch 186/8000

Epoch 00186: val_loss did not improve from 15.40488
 - 384s - loss: 15.4211 - kl_loss: 1.9401 - val_loss: 16.0768 - val_kl_loss: 1.8864
Epoch 187/8000

Epoch 00187: val_loss did not improve from 15.40488
 - 383s - loss: 15.3215 - kl_loss: 1.9328 - val_loss: 15.9006 - val_kl_loss: 2.0242
Epoch 188/8000

Epoch 00188: val_loss did not improve from 15.40488
 - 384s - loss: 15.2171 - kl_loss: 1.9302 - val_loss: 15.8389 - val_kl_loss: 1.8566
Epoch 189/8000

Epoch 00189: val_loss did not improve from 15.40488
 - 382s - loss: 14.7439 - kl_loss: 1.9296 - val_loss: 15.8523 - val_kl_loss: 1.8328
Epoch 190/8000

Epoch 00190: val_loss did not improve from 15.40488
 - 386s - loss: 14.6000 - kl_loss: 1.9407 - val_loss: 15.5885 - val_kl_loss: 1.8800
Epoch 191/8000

Epoch 00191: val_loss did not improve from 15.40488
 - 385s - loss: 14.5034 - kl_loss: 1.9386 - val_loss: 16.9109 - val_kl_loss: 1.8568
Epoch 192/8000

Epoch 00192: val_loss did not improve from 15.40488
 - 383s - loss: 14.6071 - kl_loss: 1.9478 - val_loss: 15.5132 - val_kl_loss: 1.8748
Epoch 193/8000

Epoch 00193: val_loss did not improve from 15.40488
 - 383s - loss: 14.7193 - kl_loss: 1.9463 - val_loss: 15.8980 - val_kl_loss: 1.8443
Epoch 194/8000

Epoch 00194: val_loss did not improve from 15.40488
 - 384s - loss: 14.9961 - kl_loss: 1.8911 - val_loss: 15.6685 - val_kl_loss: 1.8118
Epoch 195/8000

Epoch 00195: val_loss did not improve from 15.40488
 - 384s - loss: 15.2022 - kl_loss: 1.8945 - val_loss: 16.5601 - val_kl_loss: 1.7662
Epoch 196/8000

Epoch 00196: val_loss did not improve from 15.40488
 - 382s - loss: 15.0532 - kl_loss: 1.9066 - val_loss: 16.3347 - val_kl_loss: 1.8321
Epoch 197/8000

Epoch 00197: val_loss did not improve from 15.40488
 - 388s - loss: 14.5503 - kl_loss: 1.9074 - val_loss: 15.7468 - val_kl_loss: 1.8186
Epoch 198/8000

Epoch 00198: val_loss did not improve from 15.40488
 - 384s - loss: 15.3267 - kl_loss: 1.9256 - val_loss: 19.5812 - val_kl_loss: 1.8036
Epoch 199/8000

Epoch 00199: val_loss did not improve from 15.40488
 - 383s - loss: 15.3934 - kl_loss: 1.9124 - val_loss: 15.8265 - val_kl_loss: 1.8588
Epoch 200/8000

Epoch 00200: val_loss did not improve from 15.40488
 - 384s - loss: 15.6759 - kl_loss: 1.9232 - val_loss: 17.9499 - val_kl_loss: 1.8661
Epoch 201/8000

Epoch 00201: val_loss did not improve from 15.40488
 - 382s - loss: 15.0657 - kl_loss: 1.9158 - val_loss: 15.8785 - val_kl_loss: 1.7825
Epoch 202/8000

Epoch 00202: val_loss did not improve from 15.40488
 - 383s - loss: 14.7114 - kl_loss: 1.9127 - val_loss: 15.7133 - val_kl_loss: 1.8459
Epoch 203/8000

Epoch 00203: val_loss did not improve from 15.40488
 - 382s - loss: 14.3754 - kl_loss: 1.9364 - val_loss: 15.6457 - val_kl_loss: 1.8793
Epoch 204/8000

Epoch 00204: val_loss did not improve from 15.40488
 - 387s - loss: 14.7780 - kl_loss: 1.9365 - val_loss: 15.8214 - val_kl_loss: 1.8544
Epoch 205/8000

Epoch 00205: val_loss did not improve from 15.40488
 - 384s - loss: 14.8796 - kl_loss: 1.9415 - val_loss: 17.9591 - val_kl_loss: 1.8339
Epoch 206/8000

Epoch 00206: val_loss did not improve from 15.40488
 - 384s - loss: 14.7743 - kl_loss: 1.9309 - val_loss: 16.0339 - val_kl_loss: 1.9157
Epoch 207/8000

Epoch 00207: val_loss did not improve from 15.40488
 - 383s - loss: 14.7182 - kl_loss: 1.9318 - val_loss: 21.1638 - val_kl_loss: 1.9557
Epoch 208/8000

Epoch 00208: val_loss did not improve from 15.40488
 - 384s - loss: 15.2317 - kl_loss: 1.8994 - val_loss: 16.1848 - val_kl_loss: 1.8154
Epoch 209/8000

Epoch 00209: val_loss did not improve from 15.40488
 - 384s - loss: 14.5312 - kl_loss: 1.9160 - val_loss: 15.7998 - val_kl_loss: 1.8455
Epoch 210/8000

Epoch 00210: val_loss did not improve from 15.40488
 - 381s - loss: 14.6239 - kl_loss: 1.9324 - val_loss: 16.1697 - val_kl_loss: 1.8740
Epoch 211/8000

Epoch 00211: val_loss did not improve from 15.40488
 - 388s - loss: 15.3294 - kl_loss: 1.8870 - val_loss: 16.5554 - val_kl_loss: 1.7609
Epoch 212/8000

Epoch 00212: val_loss did not improve from 15.40488
 - 385s - loss: 14.6316 - kl_loss: 1.9062 - val_loss: 15.6864 - val_kl_loss: 1.8426
Epoch 213/8000

Epoch 00213: val_loss did not improve from 15.40488
 - 383s - loss: 14.5379 - kl_loss: 1.9378 - val_loss: 15.7232 - val_kl_loss: 1.8826
Epoch 214/8000

Epoch 00214: val_loss did not improve from 15.40488
 - 384s - loss: 14.2799 - kl_loss: 1.9379 - val_loss: 16.3221 - val_kl_loss: 1.8530
Epoch 215/8000

Epoch 00215: val_loss did not improve from 15.40488
 - 383s - loss: 14.4533 - kl_loss: 1.9340 - val_loss: 15.8926 - val_kl_loss: 1.8655
Epoch 216/8000

Epoch 00216: val_loss did not improve from 15.40488
 - 383s - loss: 14.3941 - kl_loss: 1.9294 - val_loss: 15.9098 - val_kl_loss: 1.8720
Epoch 217/8000

Epoch 00217: val_loss did not improve from 15.40488
 - 383s - loss: 14.7823 - kl_loss: 1.9207 - val_loss: 16.3285 - val_kl_loss: 1.8364
Epoch 218/8000

Epoch 00218: val_loss did not improve from 15.40488
 - 386s - loss: 14.8884 - kl_loss: 1.9336 - val_loss: 15.6520 - val_kl_loss: 1.8970
Epoch 219/8000

Epoch 00219: val_loss did not improve from 15.40488
 - 385s - loss: 14.6029 - kl_loss: 1.9310 - val_loss: 16.1288 - val_kl_loss: 1.8262
Epoch 220/8000

Epoch 00220: val_loss did not improve from 15.40488
 - 383s - loss: 14.6496 - kl_loss: 1.9162 - val_loss: 15.9350 - val_kl_loss: 1.8310
Epoch 221/8000

Epoch 00221: val_loss did not improve from 15.40488
 - 382s - loss: 15.5141 - kl_loss: 1.9143 - val_loss: 16.1676 - val_kl_loss: 1.8359
Epoch 222/8000

Epoch 00222: val_loss did not improve from 15.40488
 - 383s - loss: 14.5483 - kl_loss: 1.9234 - val_loss: 16.8680 - val_kl_loss: 1.7786
Epoch 223/8000

Epoch 00223: val_loss did not improve from 15.40488
 - 384s - loss: 14.5293 - kl_loss: 1.9282 - val_loss: 15.6696 - val_kl_loss: 1.8846
Epoch 224/8000

Epoch 00224: val_loss did not improve from 15.40488
 - 382s - loss: 14.2043 - kl_loss: 1.9461 - val_loss: 15.6197 - val_kl_loss: 1.8594
Epoch 225/8000

Epoch 00225: val_loss did not improve from 15.40488
 - 387s - loss: 14.1354 - kl_loss: 1.9512 - val_loss: 15.6850 - val_kl_loss: 1.8663
Epoch 226/8000

Epoch 00226: val_loss did not improve from 15.40488
 - 386s - loss: 14.5184 - kl_loss: 1.9353 - val_loss: 16.5776 - val_kl_loss: 1.9343
Epoch 227/8000

Epoch 00227: val_loss did not improve from 15.40488
 - 382s - loss: 15.6286 - kl_loss: 1.9071 - val_loss: 16.6370 - val_kl_loss: 1.8137
Epoch 228/8000

Epoch 00228: val_loss did not improve from 15.40488
 - 383s - loss: 14.8151 - kl_loss: 1.9180 - val_loss: 15.7026 - val_kl_loss: 1.8819
Epoch 00228: early stopping
