2020-04-20 07:50:43.278237: I tensorflow/core/platform/cpu_feature_guard.cc:141] Your CPU supports instructions that this TensorFlow binary was not compiled to use: SSE4.1 SSE4.2 AVX
2020-04-20 07:50:43.597240: I tensorflow/stream_executor/cuda/cuda_gpu_executor.cc:897] successful NUMA node read from SysFS had negative value (-1), but there must be at least one NUMA node, so returning NUMA node zero
2020-04-20 07:50:43.597770: I tensorflow/core/common_runtime/gpu/gpu_device.cc:1405] Found device 0 with properties: 
name: TITAN Xp major: 6 minor: 1 memoryClockRate(GHz): 1.582
pciBusID: 0000:01:00.0
totalMemory: 11.91GiB freeMemory: 11.75GiB
2020-04-20 07:50:43.597787: I tensorflow/core/common_runtime/gpu/gpu_device.cc:1484] Adding visible gpu devices: 0
2020-04-20 07:50:43.864877: I tensorflow/core/common_runtime/gpu/gpu_device.cc:965] Device interconnect StreamExecutor with strength 1 edge matrix:
2020-04-20 07:50:43.864919: I tensorflow/core/common_runtime/gpu/gpu_device.cc:971]      0 
2020-04-20 07:50:43.864928: I tensorflow/core/common_runtime/gpu/gpu_device.cc:984] 0:   N 
2020-04-20 07:50:43.865199: I tensorflow/core/common_runtime/gpu/gpu_device.cc:1097] Created TensorFlow device (/job:localhost/replica:0/task:0/device:GPU:0 with 11366 MB memory) -> physical GPU (device: 0, name: TITAN Xp, pci bus id: 0000:01:00.0, compute capability: 6.1)
2020-04-20 07:50:44.065999: I tensorflow/core/kernels/cuda_solvers.cc:159] Creating CudaSolver handles for stream 0x55ae86482e30
Epoch 1/8000

Epoch 00001: val_loss improved from inf to 240.81344, saving model to ../../model_weights/model_2020-04-20_07-50-44.h5
 - 66s - loss: 250.9897 - val_loss: 240.8134
Epoch 2/8000

Epoch 00002: val_loss improved from 240.81344 to 235.08469, saving model to ../../model_weights/model_2020-04-20_07-50-44.h5
 - 64s - loss: 226.0264 - val_loss: 235.0847
Epoch 3/8000

Epoch 00003: val_loss improved from 235.08469 to 227.34027, saving model to ../../model_weights/model_2020-04-20_07-50-44.h5
 - 64s - loss: 229.6314 - val_loss: 227.3403
Epoch 4/8000

Epoch 00004: val_loss did not improve from 227.34027
 - 64s - loss: 235.1955 - val_loss: 234.3038
Epoch 5/8000

Epoch 00005: val_loss did not improve from 227.34027
 - 64s - loss: 233.5987 - val_loss: 237.7629
Epoch 6/8000

Epoch 00006: val_loss did not improve from 227.34027
 - 64s - loss: 236.5676 - val_loss: 242.0090
Epoch 7/8000

Epoch 00007: val_loss did not improve from 227.34027
 - 64s - loss: 241.6099 - val_loss: 250.9225
Epoch 8/8000

Epoch 00008: val_loss did not improve from 227.34027
 - 64s - loss: 254.4903 - val_loss: 281.9187
Epoch 9/8000

Epoch 00009: val_loss did not improve from 227.34027
 - 64s - loss: 238.2679 - val_loss: 249.3861
Epoch 10/8000

Epoch 00010: val_loss did not improve from 227.34027
 - 64s - loss: 248.3061 - val_loss: 262.9190
Epoch 11/8000

Epoch 00011: val_loss did not improve from 227.34027
 - 64s - loss: 248.9177 - val_loss: 245.5458
Epoch 12/8000

Epoch 00012: val_loss did not improve from 227.34027
 - 63s - loss: 233.2576 - val_loss: 265.7570
Epoch 13/8000

Epoch 00013: val_loss did not improve from 227.34027
 - 63s - loss: 252.7214 - val_loss: 254.5201
Epoch 14/8000

Epoch 00014: val_loss did not improve from 227.34027
 - 63s - loss: 249.3469 - val_loss: 239.5306
Epoch 15/8000

Epoch 00015: val_loss did not improve from 227.34027
 - 64s - loss: 266.8415 - val_loss: 248.6455
Epoch 16/8000

Epoch 00016: val_loss did not improve from 227.34027
 - 64s - loss: 252.1538 - val_loss: 264.7639
Epoch 17/8000

Epoch 00017: val_loss did not improve from 227.34027
 - 64s - loss: 256.3911 - val_loss: 252.1389
Epoch 18/8000

Epoch 00018: val_loss did not improve from 227.34027
 - 64s - loss: 259.7772 - val_loss: 258.3383
Epoch 19/8000

Epoch 00019: val_loss did not improve from 227.34027
 - 64s - loss: 243.5215 - val_loss: 237.2268
Epoch 20/8000

Epoch 00020: val_loss did not improve from 227.34027
 - 64s - loss: 247.0403 - val_loss: 248.8242
Epoch 21/8000

Epoch 00021: val_loss did not improve from 227.34027
 - 63s - loss: 250.9972 - val_loss: 277.9603
Epoch 22/8000

Epoch 00022: val_loss did not improve from 227.34027
 - 64s - loss: 253.0726 - val_loss: 272.2972
Epoch 23/8000

Epoch 00023: val_loss did not improve from 227.34027
 - 64s - loss: 259.6625 - val_loss: 254.6303
Epoch 24/8000

Epoch 00024: val_loss did not improve from 227.34027
 - 64s - loss: 268.3817 - val_loss: 280.4075
Epoch 25/8000

Epoch 00025: val_loss did not improve from 227.34027
 - 64s - loss: 266.7319 - val_loss: 252.8567
Epoch 26/8000

Epoch 00026: val_loss did not improve from 227.34027
 - 63s - loss: 259.4808 - val_loss: 255.3929
Epoch 27/8000

Epoch 00027: val_loss did not improve from 227.34027
 - 63s - loss: 260.9641 - val_loss: 263.4270
Epoch 28/8000

Epoch 00028: val_loss did not improve from 227.34027
 - 63s - loss: 259.9061 - val_loss: 263.3108
Epoch 29/8000

Epoch 00029: val_loss did not improve from 227.34027
 - 64s - loss: 271.5510 - val_loss: 259.2347
Epoch 30/8000

Epoch 00030: val_loss did not improve from 227.34027
 - 63s - loss: 255.6053 - val_loss: 264.1003
Epoch 31/8000

Epoch 00031: val_loss did not improve from 227.34027
 - 64s - loss: 249.7178 - val_loss: 262.6386
Epoch 32/8000

Epoch 00032: val_loss did not improve from 227.34027
 - 64s - loss: 272.7771 - val_loss: 273.8093
Epoch 33/8000

Epoch 00033: val_loss did not improve from 227.34027
 - 64s - loss: 245.8010 - val_loss: 252.7427
Epoch 34/8000

Epoch 00034: val_loss did not improve from 227.34027
 - 64s - loss: 245.0567 - val_loss: 231.5218
Epoch 35/8000

Epoch 00035: val_loss did not improve from 227.34027
 - 63s - loss: 233.3290 - val_loss: 239.7706
Epoch 36/8000

Epoch 00036: val_loss did not improve from 227.34027
 - 64s - loss: 231.4131 - val_loss: 252.9345
Epoch 37/8000

Epoch 00037: val_loss did not improve from 227.34027
 - 64s - loss: 243.8375 - val_loss: 240.7061
Epoch 38/8000

Epoch 00038: val_loss did not improve from 227.34027
 - 64s - loss: 239.5417 - val_loss: 239.0949
Epoch 39/8000

Epoch 00039: val_loss improved from 227.34027 to 226.90510, saving model to ../../model_weights/model_2020-04-20_07-50-44.h5
 - 65s - loss: 232.8476 - val_loss: 226.9051
Epoch 40/8000

Epoch 00040: val_loss improved from 226.90510 to 225.59701, saving model to ../../model_weights/model_2020-04-20_07-50-44.h5
 - 64s - loss: 229.4766 - val_loss: 225.5970
Epoch 41/8000

Epoch 00041: val_loss did not improve from 225.59701
 - 64s - loss: 216.7419 - val_loss: 229.4358
Epoch 42/8000

Epoch 00042: val_loss did not improve from 225.59701
 - 63s - loss: 223.1857 - val_loss: 246.6272
Epoch 43/8000

Epoch 00043: val_loss did not improve from 225.59701
 - 64s - loss: 229.5036 - val_loss: 247.7384
Epoch 44/8000

Epoch 00044: val_loss did not improve from 225.59701
 - 63s - loss: 222.3811 - val_loss: 234.4010
Epoch 45/8000

Epoch 00045: val_loss did not improve from 225.59701
 - 64s - loss: 215.7045 - val_loss: 233.7682
Epoch 46/8000

Epoch 00046: val_loss did not improve from 225.59701
 - 64s - loss: 217.1180 - val_loss: 254.3624
Epoch 47/8000

Epoch 00047: val_loss did not improve from 225.59701
 - 64s - loss: 238.5422 - val_loss: 238.8383
Epoch 48/8000

Epoch 00048: val_loss did not improve from 225.59701
 - 64s - loss: 238.0112 - val_loss: 249.2146
Epoch 49/8000

Epoch 00049: val_loss did not improve from 225.59701
 - 63s - loss: 231.3525 - val_loss: 245.2162
Epoch 50/8000

Epoch 00050: val_loss did not improve from 225.59701
 - 64s - loss: 232.2462 - val_loss: 247.3340
Epoch 51/8000

Epoch 00051: val_loss did not improve from 225.59701
 - 64s - loss: 222.6897 - val_loss: 247.8874
Epoch 52/8000

Epoch 00052: val_loss did not improve from 225.59701
 - 64s - loss: 230.8628 - val_loss: 237.3371
Epoch 53/8000

Epoch 00053: val_loss did not improve from 225.59701
 - 64s - loss: 231.0004 - val_loss: 261.3306
Epoch 54/8000

Epoch 00054: val_loss did not improve from 225.59701
 - 64s - loss: 233.6203 - val_loss: 247.0226
Epoch 55/8000

Epoch 00055: val_loss did not improve from 225.59701
 - 64s - loss: 231.9388 - val_loss: 251.6971
Epoch 56/8000

Epoch 00056: val_loss did not improve from 225.59701
 - 63s - loss: 233.7410 - val_loss: 249.3998
Epoch 57/8000

Epoch 00057: val_loss did not improve from 225.59701
 - 64s - loss: 234.0341 - val_loss: 246.5999
Epoch 58/8000

Epoch 00058: val_loss did not improve from 225.59701
 - 64s - loss: 235.5125 - val_loss: 277.1577
Epoch 59/8000

Epoch 00059: val_loss did not improve from 225.59701
 - 64s - loss: 249.3092 - val_loss: 248.6621
Epoch 60/8000

Epoch 00060: val_loss did not improve from 225.59701
 - 64s - loss: 242.1836 - val_loss: 239.9825
Epoch 61/8000

Epoch 00061: val_loss did not improve from 225.59701
 - 63s - loss: 238.5526 - val_loss: 249.6543
Epoch 62/8000

Epoch 00062: val_loss did not improve from 225.59701
 - 63s - loss: 231.7065 - val_loss: 241.2727
Epoch 63/8000

Epoch 00063: val_loss did not improve from 225.59701
 - 63s - loss: 228.7403 - val_loss: 231.0386
Epoch 64/8000

Epoch 00064: val_loss did not improve from 225.59701
 - 64s - loss: 228.2154 - val_loss: 247.6163
Epoch 65/8000

Epoch 00065: val_loss did not improve from 225.59701
 - 63s - loss: 218.8524 - val_loss: 234.3446
Epoch 66/8000

Epoch 00066: val_loss did not improve from 225.59701
 - 64s - loss: 222.7678 - val_loss: 238.7947
Epoch 67/8000

Epoch 00067: val_loss did not improve from 225.59701
 - 64s - loss: 216.2265 - val_loss: 239.8655
Epoch 68/8000

Epoch 00068: val_loss did not improve from 225.59701
 - 63s - loss: 218.6832 - val_loss: 242.9789
Epoch 69/8000

Epoch 00069: val_loss did not improve from 225.59701
 - 64s - loss: 210.9421 - val_loss: 233.1943
Epoch 70/8000

Epoch 00070: val_loss did not improve from 225.59701
 - 63s - loss: 212.4517 - val_loss: 242.8240
Epoch 71/8000

Epoch 00071: val_loss did not improve from 225.59701
 - 64s - loss: 222.7099 - val_loss: 243.4664
Epoch 72/8000

Epoch 00072: val_loss did not improve from 225.59701
 - 64s - loss: 221.5051 - val_loss: 249.3856
Epoch 73/8000

Epoch 00073: val_loss did not improve from 225.59701
 - 64s - loss: 250.2613 - val_loss: 275.1934
Epoch 74/8000

Epoch 00074: val_loss did not improve from 225.59701
 - 64s - loss: 227.3573 - val_loss: 256.6139
Epoch 75/8000

Epoch 00075: val_loss did not improve from 225.59701
 - 64s - loss: 224.0616 - val_loss: 242.3629
Epoch 76/8000

Epoch 00076: val_loss did not improve from 225.59701
 - 64s - loss: 212.8178 - val_loss: 231.2178
Epoch 77/8000

Epoch 00077: val_loss did not improve from 225.59701
 - 63s - loss: 208.1478 - val_loss: 235.8632
Epoch 78/8000

Epoch 00078: val_loss improved from 225.59701 to 222.84103, saving model to ../../model_weights/model_2020-04-20_07-50-44.h5
 - 65s - loss: 203.2997 - val_loss: 222.8410
Epoch 79/8000

Epoch 00079: val_loss did not improve from 222.84103
 - 64s - loss: 203.1061 - val_loss: 245.3512
Epoch 80/8000

Epoch 00080: val_loss improved from 222.84103 to 217.39565, saving model to ../../model_weights/model_2020-04-20_07-50-44.h5
 - 64s - loss: 200.9323 - val_loss: 217.3956
Epoch 81/8000

Epoch 00081: val_loss did not improve from 217.39565
 - 64s - loss: 198.7818 - val_loss: 234.7611
Epoch 82/8000

Epoch 00082: val_loss did not improve from 217.39565
 - 63s - loss: 198.6526 - val_loss: 223.3315
Epoch 83/8000

Epoch 00083: val_loss did not improve from 217.39565
 - 63s - loss: 198.3082 - val_loss: 220.6040
Epoch 84/8000

Epoch 00084: val_loss did not improve from 217.39565
 - 63s - loss: 204.6417 - val_loss: 260.6706
Epoch 85/8000

Epoch 00085: val_loss did not improve from 217.39565
 - 64s - loss: 200.3492 - val_loss: 231.1348
Epoch 86/8000

Epoch 00086: val_loss did not improve from 217.39565
 - 64s - loss: 208.3249 - val_loss: 223.4475
Epoch 87/8000

Epoch 00087: val_loss did not improve from 217.39565
 - 64s - loss: 203.6230 - val_loss: 221.8326
Epoch 88/8000

Epoch 00088: val_loss did not improve from 217.39565
 - 64s - loss: 203.7612 - val_loss: 230.3049
Epoch 89/8000

Epoch 00089: val_loss did not improve from 217.39565
 - 64s - loss: 206.0346 - val_loss: 222.8959
Epoch 90/8000

Epoch 00090: val_loss did not improve from 217.39565
 - 64s - loss: 203.3319 - val_loss: 246.5329
Epoch 91/8000

Epoch 00091: val_loss did not improve from 217.39565
 - 63s - loss: 223.3449 - val_loss: 241.8011
Epoch 92/8000

Epoch 00092: val_loss did not improve from 217.39565
 - 64s - loss: 207.7400 - val_loss: 239.5385
Epoch 93/8000

Epoch 00093: val_loss did not improve from 217.39565
 - 64s - loss: 197.5277 - val_loss: 228.2555
Epoch 94/8000

Epoch 00094: val_loss did not improve from 217.39565
 - 64s - loss: 195.9134 - val_loss: 232.1101
Epoch 95/8000

Epoch 00095: val_loss did not improve from 217.39565
 - 64s - loss: 204.2249 - val_loss: 227.9073
Epoch 96/8000

Epoch 00096: val_loss did not improve from 217.39565
 - 63s - loss: 196.1016 - val_loss: 218.8920
Epoch 97/8000

Epoch 00097: val_loss did not improve from 217.39565
 - 64s - loss: 215.3120 - val_loss: 246.9456
Epoch 98/8000

Epoch 00098: val_loss did not improve from 217.39565
 - 63s - loss: 194.4907 - val_loss: 226.1274
Epoch 99/8000

Epoch 00099: val_loss did not improve from 217.39565
 - 64s - loss: 190.7573 - val_loss: 229.8678
Epoch 100/8000

Epoch 00100: val_loss did not improve from 217.39565
 - 64s - loss: 192.6782 - val_loss: 230.9743
Epoch 101/8000

Epoch 00101: val_loss did not improve from 217.39565
 - 64s - loss: 200.3061 - val_loss: 230.0836
Epoch 102/8000

Epoch 00102: val_loss did not improve from 217.39565
 - 64s - loss: 210.9205 - val_loss: 256.7939
Epoch 103/8000

Epoch 00103: val_loss did not improve from 217.39565
 - 63s - loss: 235.2330 - val_loss: 242.9900
Epoch 104/8000

Epoch 00104: val_loss did not improve from 217.39565
 - 64s - loss: 235.5217 - val_loss: 248.2135
Epoch 105/8000

Epoch 00105: val_loss did not improve from 217.39565
 - 63s - loss: 223.6212 - val_loss: 244.4811
Epoch 106/8000

Epoch 00106: val_loss did not improve from 217.39565
 - 64s - loss: 226.5969 - val_loss: 235.8004
Epoch 107/8000

Epoch 00107: val_loss did not improve from 217.39565
 - 64s - loss: 221.5620 - val_loss: 254.2288
Epoch 108/8000

Epoch 00108: val_loss did not improve from 217.39565
 - 64s - loss: 230.2342 - val_loss: 280.0842
Epoch 109/8000

Epoch 00109: val_loss did not improve from 217.39565
 - 64s - loss: 245.9201 - val_loss: 258.9875
Epoch 110/8000

Epoch 00110: val_loss did not improve from 217.39565
 - 64s - loss: 232.7688 - val_loss: 250.3212
Epoch 111/8000

Epoch 00111: val_loss did not improve from 217.39565
 - 64s - loss: 227.9353 - val_loss: 245.1136
Epoch 112/8000

Epoch 00112: val_loss did not improve from 217.39565
 - 64s - loss: 221.7302 - val_loss: 239.1829
Epoch 113/8000

Epoch 00113: val_loss did not improve from 217.39565
 - 64s - loss: 212.6563 - val_loss: 245.6415
Epoch 114/8000

Epoch 00114: val_loss did not improve from 217.39565
 - 64s - loss: 216.0040 - val_loss: 248.3616
Epoch 115/8000

Epoch 00115: val_loss did not improve from 217.39565
 - 64s - loss: 228.0998 - val_loss: 253.9678
Epoch 116/8000

Epoch 00116: val_loss did not improve from 217.39565
 - 64s - loss: 220.3231 - val_loss: 241.8246
Epoch 117/8000

Epoch 00117: val_loss did not improve from 217.39565
 - 63s - loss: 219.7779 - val_loss: 244.7176
Epoch 118/8000

Epoch 00118: val_loss did not improve from 217.39565
 - 64s - loss: 215.6318 - val_loss: 249.0971
Epoch 119/8000

Epoch 00119: val_loss did not improve from 217.39565
 - 63s - loss: 209.9137 - val_loss: 264.6654
Epoch 120/8000

Epoch 00120: val_loss did not improve from 217.39565
 - 64s - loss: 206.0432 - val_loss: 278.1905
Epoch 121/8000

Epoch 00121: val_loss did not improve from 217.39565
 - 64s - loss: 202.2784 - val_loss: 241.9468
Epoch 122/8000

Epoch 00122: val_loss did not improve from 217.39565
 - 64s - loss: 200.5466 - val_loss: 240.2662
Epoch 123/8000

Epoch 00123: val_loss did not improve from 217.39565
 - 64s - loss: 213.1583 - val_loss: 241.0101
Epoch 124/8000

Epoch 00124: val_loss did not improve from 217.39565
 - 64s - loss: 206.6936 - val_loss: 273.5447
Epoch 125/8000

Epoch 00125: val_loss did not improve from 217.39565
 - 64s - loss: 222.7992 - val_loss: 266.4077
Epoch 126/8000

Epoch 00126: val_loss did not improve from 217.39565
 - 64s - loss: 237.3585 - val_loss: 270.4949
Epoch 127/8000

Epoch 00127: val_loss did not improve from 217.39565
 - 64s - loss: 233.7572 - val_loss: 259.6707
Epoch 128/8000

Epoch 00128: val_loss did not improve from 217.39565
 - 64s - loss: 227.4721 - val_loss: 256.7916
Epoch 129/8000

Epoch 00129: val_loss did not improve from 217.39565
 - 64s - loss: 235.0158 - val_loss: 244.1797
Epoch 130/8000

Epoch 00130: val_loss did not improve from 217.39565
 - 64s - loss: 233.9110 - val_loss: 251.0483
Epoch 131/8000

Epoch 00131: val_loss did not improve from 217.39565
 - 63s - loss: 230.9692 - val_loss: 242.6817
Epoch 132/8000

Epoch 00132: val_loss did not improve from 217.39565
 - 63s - loss: 236.5074 - val_loss: 275.9354
Epoch 133/8000

Epoch 00133: val_loss did not improve from 217.39565
 - 63s - loss: 218.1384 - val_loss: 265.8596
Epoch 134/8000

Epoch 00134: val_loss did not improve from 217.39565
 - 64s - loss: 219.2691 - val_loss: 258.1714
Epoch 135/8000

Epoch 00135: val_loss did not improve from 217.39565
 - 64s - loss: 207.0708 - val_loss: 261.2038
Epoch 136/8000

Epoch 00136: val_loss did not improve from 217.39565
 - 64s - loss: 202.1536 - val_loss: 238.1779
Epoch 137/8000

Epoch 00137: val_loss did not improve from 217.39565
 - 64s - loss: 191.7538 - val_loss: 225.1177
Epoch 138/8000

Epoch 00138: val_loss did not improve from 217.39565
 - 64s - loss: 207.8589 - val_loss: 252.4271
Epoch 139/8000

Epoch 00139: val_loss did not improve from 217.39565
 - 64s - loss: 230.7125 - val_loss: 265.3934
Epoch 140/8000

Epoch 00140: val_loss did not improve from 217.39565
 - 64s - loss: 231.1508 - val_loss: 260.3854
Epoch 141/8000

Epoch 00141: val_loss did not improve from 217.39565
 - 64s - loss: 227.0501 - val_loss: 234.3869
Epoch 142/8000

Epoch 00142: val_loss did not improve from 217.39565
 - 64s - loss: 216.1466 - val_loss: 235.5969
Epoch 143/8000

Epoch 00143: val_loss did not improve from 217.39565
 - 64s - loss: 224.5471 - val_loss: 256.6048
Epoch 144/8000

Epoch 00144: val_loss did not improve from 217.39565
 - 64s - loss: 249.5443 - val_loss: 256.8788
Epoch 145/8000

Epoch 00145: val_loss did not improve from 217.39565
 - 64s - loss: 226.4756 - val_loss: 277.0941
Epoch 146/8000

Epoch 00146: val_loss did not improve from 217.39565
 - 64s - loss: 238.0932 - val_loss: 252.7977
Epoch 147/8000

Epoch 00147: val_loss did not improve from 217.39565
 - 63s - loss: 223.4151 - val_loss: 253.5320
Epoch 148/8000

Epoch 00148: val_loss did not improve from 217.39565
 - 64s - loss: 233.9487 - val_loss: 267.6915
Epoch 149/8000

Epoch 00149: val_loss did not improve from 217.39565
 - 64s - loss: 230.2041 - val_loss: 256.3361
Epoch 150/8000

Epoch 00150: val_loss did not improve from 217.39565
 - 64s - loss: 229.1312 - val_loss: 252.8250
Epoch 151/8000

Epoch 00151: val_loss did not improve from 217.39565
 - 64s - loss: 207.7408 - val_loss: 248.6157
Epoch 152/8000

Epoch 00152: val_loss did not improve from 217.39565
 - 64s - loss: 203.1317 - val_loss: 249.3832
Epoch 153/8000

Epoch 00153: val_loss did not improve from 217.39565
 - 64s - loss: 204.9483 - val_loss: 241.7617
Epoch 154/8000

Epoch 00154: val_loss did not improve from 217.39565
 - 64s - loss: 217.5516 - val_loss: 245.8437
Epoch 155/8000

Epoch 00155: val_loss did not improve from 217.39565
 - 64s - loss: 218.2372 - val_loss: 272.9646
Epoch 156/8000

Epoch 00156: val_loss did not improve from 217.39565
 - 64s - loss: 217.2857 - val_loss: 256.4166
Epoch 157/8000

Epoch 00157: val_loss did not improve from 217.39565
 - 64s - loss: 219.0049 - val_loss: 277.7770
Epoch 158/8000

Epoch 00158: val_loss did not improve from 217.39565
 - 64s - loss: 222.0541 - val_loss: 261.6298
Epoch 159/8000

Epoch 00159: val_loss did not improve from 217.39565
 - 64s - loss: 217.4052 - val_loss: 272.4654
Epoch 160/8000

Epoch 00160: val_loss did not improve from 217.39565
 - 64s - loss: 224.4489 - val_loss: 266.6023
Epoch 161/8000

Epoch 00161: val_loss did not improve from 217.39565
 - 64s - loss: 213.3906 - val_loss: 245.3224
Epoch 162/8000

Epoch 00162: val_loss did not improve from 217.39565
 - 64s - loss: 205.0166 - val_loss: 243.6765
Epoch 163/8000

Epoch 00163: val_loss did not improve from 217.39565
 - 64s - loss: 199.1287 - val_loss: 237.5219
Epoch 164/8000

Epoch 00164: val_loss did not improve from 217.39565
 - 64s - loss: 197.1391 - val_loss: 246.7219
Epoch 165/8000

Epoch 00165: val_loss did not improve from 217.39565
 - 64s - loss: 189.6518 - val_loss: 258.9100
Epoch 166/8000

Epoch 00166: val_loss did not improve from 217.39565
 - 64s - loss: 184.9585 - val_loss: 224.7839
Epoch 167/8000

Epoch 00167: val_loss did not improve from 217.39565
 - 64s - loss: 204.3823 - val_loss: 252.7464
Epoch 168/8000

Epoch 00168: val_loss did not improve from 217.39565
 - 64s - loss: 215.7951 - val_loss: 279.0476
Epoch 169/8000

Epoch 00169: val_loss did not improve from 217.39565
 - 64s - loss: 219.3911 - val_loss: 261.7678
Epoch 170/8000

Epoch 00170: val_loss did not improve from 217.39565
 - 64s - loss: 219.7484 - val_loss: 259.5534
Epoch 171/8000

Epoch 00171: val_loss did not improve from 217.39565
 - 64s - loss: 206.8060 - val_loss: 262.7330
Epoch 172/8000

Epoch 00172: val_loss did not improve from 217.39565
 - 64s - loss: 210.8044 - val_loss: 252.8273
Epoch 173/8000

Epoch 00173: val_loss did not improve from 217.39565
 - 64s - loss: 204.5968 - val_loss: 241.5087
Epoch 174/8000

Epoch 00174: val_loss did not improve from 217.39565
 - 64s - loss: 200.6117 - val_loss: 269.9475
Epoch 175/8000

Epoch 00175: val_loss did not improve from 217.39565
 - 64s - loss: 210.3252 - val_loss: 231.7962
Epoch 176/8000

Epoch 00176: val_loss did not improve from 217.39565
 - 64s - loss: 200.9651 - val_loss: 238.9290
Epoch 177/8000

Epoch 00177: val_loss did not improve from 217.39565
 - 64s - loss: 191.5813 - val_loss: 248.1788
Epoch 178/8000

Epoch 00178: val_loss did not improve from 217.39565
 - 64s - loss: 191.4808 - val_loss: 246.5969
Epoch 179/8000

Epoch 00179: val_loss did not improve from 217.39565
 - 64s - loss: 213.2026 - val_loss: 256.6905
Epoch 180/8000

Epoch 00180: val_loss did not improve from 217.39565
 - 64s - loss: 184.8627 - val_loss: 243.4890
Epoch 181/8000

Epoch 00181: val_loss did not improve from 217.39565
 - 63s - loss: 197.4651 - val_loss: 248.5332
Epoch 182/8000

Epoch 00182: val_loss did not improve from 217.39565
 - 63s - loss: 188.8448 - val_loss: 258.6761
Epoch 183/8000

Epoch 00183: val_loss did not improve from 217.39565
 - 64s - loss: 193.5077 - val_loss: 269.3919
Epoch 184/8000

Epoch 00184: val_loss did not improve from 217.39565
 - 64s - loss: 189.8300 - val_loss: 233.9304
Epoch 185/8000

Epoch 00185: val_loss did not improve from 217.39565
 - 64s - loss: 191.5794 - val_loss: 239.9951
Epoch 186/8000

Epoch 00186: val_loss did not improve from 217.39565
 - 64s - loss: 183.1302 - val_loss: 251.8535
Epoch 187/8000

Epoch 00187: val_loss did not improve from 217.39565
 - 64s - loss: 189.2137 - val_loss: 237.3801
Epoch 188/8000

Epoch 00188: val_loss did not improve from 217.39565
 - 64s - loss: 187.1860 - val_loss: 246.9061
Epoch 189/8000

Epoch 00189: val_loss did not improve from 217.39565
 - 64s - loss: 191.2031 - val_loss: 246.8904
Epoch 190/8000

Epoch 00190: val_loss did not improve from 217.39565
 - 64s - loss: 179.2777 - val_loss: 246.4525
Epoch 191/8000

Epoch 00191: val_loss did not improve from 217.39565
 - 64s - loss: 175.1355 - val_loss: 245.2115
Epoch 192/8000

Epoch 00192: val_loss did not improve from 217.39565
 - 64s - loss: 200.7073 - val_loss: 240.7172
Epoch 193/8000

Epoch 00193: val_loss did not improve from 217.39565
 - 64s - loss: 191.3865 - val_loss: 261.2601
Epoch 194/8000

Epoch 00194: val_loss did not improve from 217.39565
 - 64s - loss: 199.7677 - val_loss: 252.8189
Epoch 195/8000

Epoch 00195: val_loss did not improve from 217.39565
 - 64s - loss: 190.4903 - val_loss: 230.1257
Epoch 196/8000

Epoch 00196: val_loss did not improve from 217.39565
 - 64s - loss: 190.0180 - val_loss: 231.4456
Epoch 197/8000

Epoch 00197: val_loss did not improve from 217.39565
 - 64s - loss: 190.2447 - val_loss: 259.2893
Epoch 198/8000

Epoch 00198: val_loss did not improve from 217.39565
 - 64s - loss: 188.6880 - val_loss: 273.0900
Epoch 199/8000

Epoch 00199: val_loss did not improve from 217.39565
 - 64s - loss: 178.1097 - val_loss: 248.8463
Epoch 200/8000

Epoch 00200: val_loss did not improve from 217.39565
 - 64s - loss: 179.1877 - val_loss: 257.2006
Epoch 201/8000

Epoch 00201: val_loss did not improve from 217.39565
 - 64s - loss: 187.5438 - val_loss: 274.6774
Epoch 202/8000

Epoch 00202: val_loss did not improve from 217.39565
 - 64s - loss: 184.9339 - val_loss: 232.2227
Epoch 203/8000

Epoch 00203: val_loss did not improve from 217.39565
 - 63s - loss: 171.0721 - val_loss: 237.8888
Epoch 204/8000

Epoch 00204: val_loss did not improve from 217.39565
 - 64s - loss: 165.2469 - val_loss: 247.0295
Epoch 205/8000

Epoch 00205: val_loss did not improve from 217.39565
 - 64s - loss: 160.2975 - val_loss: 234.4994
Epoch 206/8000

Epoch 00206: val_loss did not improve from 217.39565
 - 64s - loss: 165.4752 - val_loss: 247.9470
Epoch 207/8000

Epoch 00207: val_loss did not improve from 217.39565
 - 64s - loss: 166.1668 - val_loss: 264.3117
Epoch 208/8000

Epoch 00208: val_loss did not improve from 217.39565
 - 64s - loss: 174.3725 - val_loss: 253.0194
Epoch 209/8000

Epoch 00209: val_loss did not improve from 217.39565
 - 64s - loss: 170.3065 - val_loss: 236.3989
Epoch 210/8000

Epoch 00210: val_loss did not improve from 217.39565
 - 64s - loss: 162.1844 - val_loss: 226.8927
Epoch 211/8000

Epoch 00211: val_loss did not improve from 217.39565
 - 64s - loss: 182.3241 - val_loss: 277.4796
Epoch 212/8000

Epoch 00212: val_loss did not improve from 217.39565
 - 64s - loss: 207.1814 - val_loss: 257.7000
Epoch 213/8000

Epoch 00213: val_loss did not improve from 217.39565
 - 64s - loss: 192.2542 - val_loss: 257.1243
Epoch 214/8000

Epoch 00214: val_loss did not improve from 217.39565
 - 64s - loss: 207.0013 - val_loss: 264.2494
Epoch 215/8000

Epoch 00215: val_loss did not improve from 217.39565
 - 64s - loss: 226.8345 - val_loss: 268.8394
Epoch 216/8000

Epoch 00216: val_loss did not improve from 217.39565
 - 64s - loss: 211.1503 - val_loss: 253.4770
Epoch 217/8000

Epoch 00217: val_loss did not improve from 217.39565
 - 63s - loss: 208.7833 - val_loss: 271.5136
Epoch 218/8000

Epoch 00218: val_loss did not improve from 217.39565
 - 64s - loss: 198.2266 - val_loss: 245.6792
Epoch 219/8000

Epoch 00219: val_loss did not improve from 217.39565
 - 64s - loss: 210.4525 - val_loss: 268.0837
Epoch 220/8000

Epoch 00220: val_loss did not improve from 217.39565
 - 64s - loss: 217.2689 - val_loss: 271.9795
Epoch 221/8000

Epoch 00221: val_loss did not improve from 217.39565
 - 64s - loss: 192.4203 - val_loss: 264.1321
Epoch 222/8000

Epoch 00222: val_loss did not improve from 217.39565
 - 64s - loss: 189.1368 - val_loss: 260.0381
Epoch 223/8000

Epoch 00223: val_loss did not improve from 217.39565
 - 64s - loss: 185.3072 - val_loss: 268.8580
Epoch 224/8000

Epoch 00224: val_loss did not improve from 217.39565
 - 64s - loss: 186.2711 - val_loss: 251.4973
Epoch 225/8000

Epoch 00225: val_loss did not improve from 217.39565
 - 64s - loss: 198.0645 - val_loss: 295.4996
Epoch 226/8000

Epoch 00226: val_loss did not improve from 217.39565
 - 64s - loss: 181.9085 - val_loss: 277.1898
Epoch 227/8000

Epoch 00227: val_loss did not improve from 217.39565
 - 64s - loss: 189.9604 - val_loss: 274.3957
Epoch 228/8000

Epoch 00228: val_loss did not improve from 217.39565
 - 64s - loss: 175.3672 - val_loss: 274.1467
Epoch 229/8000

Epoch 00229: val_loss did not improve from 217.39565
 - 64s - loss: 169.3613 - val_loss: 242.4697
Epoch 230/8000

Epoch 00230: val_loss did not improve from 217.39565
 - 64s - loss: 162.0984 - val_loss: 244.7327
Epoch 231/8000

Epoch 00231: val_loss did not improve from 217.39565
 - 64s - loss: 167.3086 - val_loss: 249.8963
Epoch 232/8000

Epoch 00232: val_loss did not improve from 217.39565
 - 64s - loss: 155.0729 - val_loss: 238.8291
Epoch 233/8000

Epoch 00233: val_loss did not improve from 217.39565
 - 64s - loss: 163.4456 - val_loss: 237.2290
Epoch 234/8000

Epoch 00234: val_loss did not improve from 217.39565
 - 64s - loss: 173.6623 - val_loss: 255.6422
Epoch 235/8000

Epoch 00235: val_loss did not improve from 217.39565
 - 64s - loss: 162.9200 - val_loss: 248.8505
Epoch 236/8000

Epoch 00236: val_loss did not improve from 217.39565
 - 64s - loss: 166.5563 - val_loss: 253.4551
Epoch 237/8000

Epoch 00237: val_loss did not improve from 217.39565
 - 64s - loss: 162.3487 - val_loss: 251.9401
Epoch 238/8000

Epoch 00238: val_loss did not improve from 217.39565
 - 63s - loss: 169.1640 - val_loss: 260.1142
Epoch 239/8000

Epoch 00239: val_loss did not improve from 217.39565
 - 64s - loss: 162.0476 - val_loss: 231.3766
Epoch 240/8000

Epoch 00240: val_loss did not improve from 217.39565
 - 64s - loss: 159.1856 - val_loss: 237.5128
Epoch 241/8000

Epoch 00241: val_loss did not improve from 217.39565
 - 64s - loss: 173.5939 - val_loss: 263.4936
Epoch 242/8000

Epoch 00242: val_loss did not improve from 217.39565
 - 64s - loss: 168.2602 - val_loss: 247.9668
Epoch 243/8000

Epoch 00243: val_loss did not improve from 217.39565
 - 64s - loss: 166.5577 - val_loss: 261.2325
Epoch 244/8000

Epoch 00244: val_loss did not improve from 217.39565
 - 64s - loss: 199.4035 - val_loss: 266.2675
Epoch 245/8000

Epoch 00245: val_loss did not improve from 217.39565
 - 64s - loss: 192.3500 - val_loss: 251.9153
Epoch 246/8000

Epoch 00246: val_loss did not improve from 217.39565
 - 64s - loss: 181.5038 - val_loss: 263.2459
Epoch 247/8000

Epoch 00247: val_loss did not improve from 217.39565
 - 64s - loss: 177.8590 - val_loss: 271.8706
Epoch 248/8000

Epoch 00248: val_loss did not improve from 217.39565
 - 64s - loss: 166.0925 - val_loss: 264.2052
Epoch 249/8000

Epoch 00249: val_loss did not improve from 217.39565
 - 64s - loss: 169.0579 - val_loss: 270.4583
Epoch 250/8000

Epoch 00250: val_loss did not improve from 217.39565
 - 64s - loss: 181.4648 - val_loss: 295.4675
Epoch 251/8000

Epoch 00251: val_loss did not improve from 217.39565
 - 64s - loss: 167.3362 - val_loss: 257.5312
Epoch 252/8000

Epoch 00252: val_loss did not improve from 217.39565
 - 63s - loss: 166.3998 - val_loss: 258.0418
Epoch 253/8000

Epoch 00253: val_loss did not improve from 217.39565
 - 64s - loss: 166.1958 - val_loss: 272.7454
Epoch 254/8000

Epoch 00254: val_loss did not improve from 217.39565
 - 64s - loss: 171.1398 - val_loss: 280.3868
Epoch 255/8000

Epoch 00255: val_loss did not improve from 217.39565
 - 64s - loss: 169.9496 - val_loss: 256.5204
Epoch 256/8000

Epoch 00256: val_loss did not improve from 217.39565
 - 64s - loss: 160.4271 - val_loss: 269.0692
Epoch 257/8000

Epoch 00257: val_loss did not improve from 217.39565
 - 64s - loss: 167.3099 - val_loss: 263.5937
Epoch 258/8000

Epoch 00258: val_loss did not improve from 217.39565
 - 64s - loss: 164.5119 - val_loss: 269.8363
Epoch 259/8000

Epoch 00259: val_loss did not improve from 217.39565
 - 64s - loss: 157.2588 - val_loss: 240.7778
Epoch 260/8000

Epoch 00260: val_loss did not improve from 217.39565
 - 64s - loss: 157.4735 - val_loss: 277.5818
Epoch 261/8000

Epoch 00261: val_loss did not improve from 217.39565
 - 64s - loss: 169.4720 - val_loss: 266.2391
Epoch 262/8000

Epoch 00262: val_loss did not improve from 217.39565
 - 64s - loss: 165.9579 - val_loss: 274.7423
Epoch 263/8000

Epoch 00263: val_loss did not improve from 217.39565
 - 64s - loss: 161.1165 - val_loss: 260.4454
Epoch 264/8000

Epoch 00264: val_loss did not improve from 217.39565
 - 64s - loss: 169.4669 - val_loss: 268.7953
Epoch 265/8000

Epoch 00265: val_loss did not improve from 217.39565
 - 64s - loss: 162.3536 - val_loss: 255.6878
Epoch 266/8000

Epoch 00266: val_loss did not improve from 217.39565
 - 63s - loss: 156.1256 - val_loss: 269.5789
Epoch 267/8000

Epoch 00267: val_loss did not improve from 217.39565
 - 64s - loss: 148.0848 - val_loss: 266.8069
Epoch 268/8000

Epoch 00268: val_loss did not improve from 217.39565
 - 64s - loss: 153.0178 - val_loss: 257.4011
Epoch 269/8000

Epoch 00269: val_loss did not improve from 217.39565
 - 64s - loss: 164.2953 - val_loss: 272.1399
Epoch 270/8000

Epoch 00270: val_loss did not improve from 217.39565
 - 64s - loss: 150.9194 - val_loss: 254.0238
Epoch 271/8000

Epoch 00271: val_loss did not improve from 217.39565
 - 64s - loss: 148.9726 - val_loss: 263.3014
Epoch 272/8000

Epoch 00272: val_loss did not improve from 217.39565
 - 64s - loss: 147.0292 - val_loss: 269.7564
Epoch 273/8000

Epoch 00273: val_loss did not improve from 217.39565
 - 64s - loss: 144.9169 - val_loss: 274.1208
Epoch 274/8000

Epoch 00274: val_loss did not improve from 217.39565
 - 64s - loss: 148.9275 - val_loss: 264.9369
Epoch 275/8000

Epoch 00275: val_loss did not improve from 217.39565
 - 64s - loss: 146.7579 - val_loss: 252.6759
Epoch 276/8000

Epoch 00276: val_loss did not improve from 217.39565
 - 64s - loss: 144.0994 - val_loss: 259.7378
Epoch 277/8000

Epoch 00277: val_loss did not improve from 217.39565
 - 64s - loss: 144.7983 - val_loss: 267.4945
Epoch 278/8000

Epoch 00278: val_loss did not improve from 217.39565
 - 64s - loss: 138.0154 - val_loss: 260.3501
Epoch 279/8000

Epoch 00279: val_loss did not improve from 217.39565
 - 64s - loss: 153.3467 - val_loss: 274.1917
Epoch 280/8000

Epoch 00280: val_loss did not improve from 217.39565
 - 64s - loss: 156.3438 - val_loss: 269.9458
Epoch 281/8000

Epoch 00281: val_loss did not improve from 217.39565
 - 64s - loss: 153.4075 - val_loss: 262.6789
Epoch 282/8000

Epoch 00282: val_loss did not improve from 217.39565
 - 64s - loss: 147.4227 - val_loss: 282.0807
Epoch 283/8000

Epoch 00283: val_loss did not improve from 217.39565
 - 64s - loss: 136.5903 - val_loss: 256.5919
Epoch 284/8000

Epoch 00284: val_loss did not improve from 217.39565
 - 64s - loss: 135.6999 - val_loss: 270.1321
Epoch 285/8000

Epoch 00285: val_loss did not improve from 217.39565
 - 64s - loss: 136.9570 - val_loss: 265.6137
Epoch 286/8000

Epoch 00286: val_loss did not improve from 217.39565
 - 64s - loss: 131.6423 - val_loss: 268.7332
Epoch 287/8000

Epoch 00287: val_loss did not improve from 217.39565
 - 64s - loss: 135.6940 - val_loss: 258.2691
Epoch 288/8000

Epoch 00288: val_loss did not improve from 217.39565
 - 64s - loss: 135.1412 - val_loss: 262.6377
Epoch 289/8000

Epoch 00289: val_loss did not improve from 217.39565
 - 64s - loss: 139.0135 - val_loss: 268.7993
Epoch 290/8000

Epoch 00290: val_loss did not improve from 217.39565
 - 64s - loss: 141.1756 - val_loss: 270.5185
Epoch 291/8000

Epoch 00291: val_loss did not improve from 217.39565
 - 64s - loss: 141.6836 - val_loss: 279.5759
Epoch 292/8000

Epoch 00292: val_loss did not improve from 217.39565
 - 64s - loss: 137.5170 - val_loss: 269.7660
Epoch 293/8000

Epoch 00293: val_loss did not improve from 217.39565
 - 64s - loss: 131.3662 - val_loss: 259.0759
Epoch 294/8000

Epoch 00294: val_loss did not improve from 217.39565
 - 64s - loss: 140.6298 - val_loss: 263.6199
Epoch 295/8000

Epoch 00295: val_loss did not improve from 217.39565
 - 64s - loss: 131.5528 - val_loss: 280.2921
Epoch 296/8000

Epoch 00296: val_loss did not improve from 217.39565
 - 64s - loss: 133.6238 - val_loss: 247.3131
Epoch 297/8000

Epoch 00297: val_loss did not improve from 217.39565
 - 64s - loss: 157.4073 - val_loss: 288.2150
Epoch 298/8000

Epoch 00298: val_loss did not improve from 217.39565
 - 64s - loss: 145.2667 - val_loss: 260.5053
Epoch 299/8000

Epoch 00299: val_loss did not improve from 217.39565
 - 64s - loss: 146.2294 - val_loss: 292.4928
Epoch 300/8000

Epoch 00300: val_loss did not improve from 217.39565
 - 64s - loss: 137.6175 - val_loss: 268.3354
Epoch 301/8000

Epoch 00301: val_loss did not improve from 217.39565
 - 63s - loss: 151.7978 - val_loss: 279.2059
Epoch 302/8000

Epoch 00302: val_loss did not improve from 217.39565
 - 64s - loss: 164.1639 - val_loss: 276.5457
Epoch 303/8000

Epoch 00303: val_loss did not improve from 217.39565
 - 64s - loss: 172.0704 - val_loss: 267.9565
Epoch 304/8000

Epoch 00304: val_loss did not improve from 217.39565
 - 64s - loss: 168.7239 - val_loss: 260.5928
Epoch 305/8000

Epoch 00305: val_loss did not improve from 217.39565
 - 64s - loss: 158.5443 - val_loss: 274.9971
Epoch 306/8000

Epoch 00306: val_loss did not improve from 217.39565
 - 64s - loss: 151.7839 - val_loss: 257.1302
Epoch 307/8000

Epoch 00307: val_loss did not improve from 217.39565
 - 64s - loss: 172.4393 - val_loss: 287.0847
Epoch 308/8000

Epoch 00308: val_loss did not improve from 217.39565
 - 64s - loss: 176.9645 - val_loss: 301.0579
Epoch 309/8000

Epoch 00309: val_loss did not improve from 217.39565
 - 64s - loss: 161.6936 - val_loss: 273.6609
Epoch 310/8000

Epoch 00310: val_loss did not improve from 217.39565
 - 64s - loss: 157.7826 - val_loss: 263.8620
Epoch 311/8000

Epoch 00311: val_loss did not improve from 217.39565
 - 64s - loss: 147.0821 - val_loss: 254.0589
Epoch 312/8000

Epoch 00312: val_loss did not improve from 217.39565
 - 64s - loss: 147.0671 - val_loss: 277.4638
Epoch 313/8000

Epoch 00313: val_loss did not improve from 217.39565
 - 64s - loss: 158.5080 - val_loss: 277.7330
Epoch 314/8000

Epoch 00314: val_loss did not improve from 217.39565
 - 64s - loss: 162.6736 - val_loss: 271.3091
Epoch 315/8000

Epoch 00315: val_loss did not improve from 217.39565
 - 64s - loss: 153.3930 - val_loss: 290.9846
Epoch 316/8000

Epoch 00316: val_loss did not improve from 217.39565
 - 64s - loss: 162.2214 - val_loss: 267.3142
Epoch 317/8000

Epoch 00317: val_loss did not improve from 217.39565
 - 64s - loss: 148.2249 - val_loss: 297.2988
Epoch 318/8000

Epoch 00318: val_loss did not improve from 217.39565
 - 64s - loss: 147.5288 - val_loss: 273.3655
Epoch 319/8000

Epoch 00319: val_loss did not improve from 217.39565
 - 64s - loss: 143.8802 - val_loss: 272.5702
Epoch 320/8000

Epoch 00320: val_loss did not improve from 217.39565
 - 64s - loss: 134.6474 - val_loss: 259.3049
Epoch 321/8000

Epoch 00321: val_loss did not improve from 217.39565
 - 64s - loss: 130.5160 - val_loss: 267.6416
Epoch 322/8000

Epoch 00322: val_loss did not improve from 217.39565
 - 63s - loss: 129.4401 - val_loss: 283.8760
Epoch 323/8000

Epoch 00323: val_loss did not improve from 217.39565
 - 64s - loss: 127.0060 - val_loss: 275.7653
Epoch 324/8000

Epoch 00324: val_loss did not improve from 217.39565
 - 64s - loss: 142.9455 - val_loss: 294.6254
Epoch 325/8000

Epoch 00325: val_loss did not improve from 217.39565
 - 64s - loss: 164.3515 - val_loss: 270.4554
Epoch 326/8000

Epoch 00326: val_loss did not improve from 217.39565
 - 64s - loss: 143.1492 - val_loss: 282.7864
Epoch 327/8000

Epoch 00327: val_loss did not improve from 217.39565
 - 64s - loss: 140.8878 - val_loss: 268.9325
Epoch 328/8000

Epoch 00328: val_loss did not improve from 217.39565
 - 64s - loss: 150.4733 - val_loss: 281.5989
Epoch 329/8000

Epoch 00329: val_loss did not improve from 217.39565
 - 64s - loss: 143.7479 - val_loss: 266.6934
Epoch 330/8000

Epoch 00330: val_loss did not improve from 217.39565
 - 64s - loss: 133.3752 - val_loss: 267.3951
Epoch 331/8000

Epoch 00331: val_loss did not improve from 217.39565
 - 64s - loss: 130.0889 - val_loss: 268.0184
Epoch 332/8000

Epoch 00332: val_loss did not improve from 217.39565
 - 64s - loss: 125.4653 - val_loss: 261.8405
Epoch 333/8000

Epoch 00333: val_loss did not improve from 217.39565
 - 64s - loss: 121.4718 - val_loss: 239.5039
Epoch 334/8000

Epoch 00334: val_loss did not improve from 217.39565
 - 64s - loss: 117.3616 - val_loss: 266.0452
Epoch 335/8000

Epoch 00335: val_loss did not improve from 217.39565
 - 64s - loss: 123.6646 - val_loss: 268.5280
Epoch 336/8000

Epoch 00336: val_loss did not improve from 217.39565
 - 63s - loss: 123.5701 - val_loss: 258.8908
Epoch 337/8000

Epoch 00337: val_loss did not improve from 217.39565
 - 64s - loss: 159.1928 - val_loss: 293.2490
Epoch 338/8000

Epoch 00338: val_loss did not improve from 217.39565
 - 64s - loss: 150.5831 - val_loss: 296.1255
Epoch 339/8000

Epoch 00339: val_loss did not improve from 217.39565
 - 64s - loss: 141.9761 - val_loss: 271.6977
Epoch 340/8000

Epoch 00340: val_loss did not improve from 217.39565
 - 64s - loss: 135.1113 - val_loss: 288.1906
Epoch 341/8000

Epoch 00341: val_loss did not improve from 217.39565
 - 64s - loss: 140.6587 - val_loss: 264.5500
Epoch 342/8000

Epoch 00342: val_loss did not improve from 217.39565
 - 64s - loss: 126.6868 - val_loss: 288.0155
Epoch 343/8000

Epoch 00343: val_loss did not improve from 217.39565
 - 64s - loss: 136.0718 - val_loss: 292.2201
Epoch 344/8000

Epoch 00344: val_loss did not improve from 217.39565
 - 64s - loss: 133.9147 - val_loss: 282.7660
Epoch 345/8000

Epoch 00345: val_loss did not improve from 217.39565
 - 64s - loss: 132.7647 - val_loss: 273.1168
Epoch 346/8000

Epoch 00346: val_loss did not improve from 217.39565
 - 64s - loss: 140.9391 - val_loss: 290.2614
Epoch 347/8000

Epoch 00347: val_loss did not improve from 217.39565
 - 64s - loss: 138.7333 - val_loss: 276.3560
Epoch 348/8000

Epoch 00348: val_loss did not improve from 217.39565
 - 64s - loss: 133.1143 - val_loss: 280.9445
Epoch 349/8000

Epoch 00349: val_loss did not improve from 217.39565
 - 64s - loss: 139.4777 - val_loss: 279.1074
Epoch 350/8000

Epoch 00350: val_loss did not improve from 217.39565
 - 64s - loss: 133.2267 - val_loss: 295.8343
Epoch 351/8000

Epoch 00351: val_loss did not improve from 217.39565
 - 64s - loss: 125.8977 - val_loss: 296.8346
Epoch 352/8000

Epoch 00352: val_loss did not improve from 217.39565
 - 64s - loss: 125.2813 - val_loss: 267.1114
Epoch 353/8000

Epoch 00353: val_loss did not improve from 217.39565
 - 64s - loss: 119.8099 - val_loss: 270.1729
Epoch 354/8000

Epoch 00354: val_loss did not improve from 217.39565
 - 64s - loss: 121.8614 - val_loss: 292.3536
Epoch 355/8000

Epoch 00355: val_loss did not improve from 217.39565
 - 64s - loss: 134.0948 - val_loss: 290.8257
Epoch 356/8000

Epoch 00356: val_loss did not improve from 217.39565
 - 64s - loss: 125.3041 - val_loss: 277.7024
Epoch 357/8000

Epoch 00357: val_loss did not improve from 217.39565
 - 64s - loss: 115.6785 - val_loss: 272.0660
Epoch 358/8000

Epoch 00358: val_loss did not improve from 217.39565
 - 64s - loss: 114.0317 - val_loss: 286.5723
Epoch 359/8000

Epoch 00359: val_loss did not improve from 217.39565
 - 64s - loss: 116.7164 - val_loss: 304.0456
Epoch 360/8000

Epoch 00360: val_loss did not improve from 217.39565
 - 64s - loss: 116.5783 - val_loss: 282.3688
Epoch 361/8000

Epoch 00361: val_loss did not improve from 217.39565
 - 64s - loss: 114.6870 - val_loss: 308.7527
Epoch 362/8000

Epoch 00362: val_loss did not improve from 217.39565
 - 64s - loss: 112.6277 - val_loss: 295.8713
Epoch 363/8000

Epoch 00363: val_loss did not improve from 217.39565
 - 64s - loss: 115.0411 - val_loss: 292.5089
Epoch 364/8000

Epoch 00364: val_loss did not improve from 217.39565
 - 64s - loss: 115.2396 - val_loss: 276.6752
Epoch 365/8000

Epoch 00365: val_loss did not improve from 217.39565
 - 64s - loss: 113.1597 - val_loss: 290.0201
Epoch 366/8000

Epoch 00366: val_loss did not improve from 217.39565
 - 64s - loss: 116.4481 - val_loss: 275.0032
Epoch 367/8000

Epoch 00367: val_loss did not improve from 217.39565
 - 64s - loss: 120.8727 - val_loss: 295.9072
Epoch 368/8000

Epoch 00368: val_loss did not improve from 217.39565
 - 64s - loss: 119.0469 - val_loss: 286.6085
