2019-12-19 22:30:59.072410: I tensorflow/core/platform/cpu_feature_guard.cc:141] Your CPU supports instructions that this TensorFlow binary was not compiled to use: SSE4.1 SSE4.2 AVX
2019-12-19 22:30:59.193487: I tensorflow/stream_executor/cuda/cuda_gpu_executor.cc:897] successful NUMA node read from SysFS had negative value (-1), but there must be at least one NUMA node, so returning NUMA node zero
2019-12-19 22:30:59.194040: I tensorflow/core/common_runtime/gpu/gpu_device.cc:1405] Found device 0 with properties: 
name: TITAN Xp major: 6 minor: 1 memoryClockRate(GHz): 1.582
pciBusID: 0000:01:00.0
totalMemory: 11.91GiB freeMemory: 11.73GiB
2019-12-19 22:30:59.194056: I tensorflow/core/common_runtime/gpu/gpu_device.cc:1484] Adding visible gpu devices: 0
2019-12-19 22:30:59.428246: I tensorflow/core/common_runtime/gpu/gpu_device.cc:965] Device interconnect StreamExecutor with strength 1 edge matrix:
2019-12-19 22:30:59.428292: I tensorflow/core/common_runtime/gpu/gpu_device.cc:971]      0 
2019-12-19 22:30:59.428301: I tensorflow/core/common_runtime/gpu/gpu_device.cc:984] 0:   N 
2019-12-19 22:30:59.428579: I tensorflow/core/common_runtime/gpu/gpu_device.cc:1097] Created TensorFlow device (/job:localhost/replica:0/task:0/device:GPU:0 with 11348 MB memory) -> physical GPU (device: 0, name: TITAN Xp, pci bus id: 0000:01:00.0, compute capability: 6.1)
2019-12-19 22:30:59.728884: I tensorflow/core/kernels/cuda_solvers.cc:159] Creating CudaSolver handles for stream 0x55df51a33c50
Train on 32962 samples, validate on 1735 samples
Epoch 1/250
 - 256s - loss: 0.1833 - val_loss: 0.1636

Epoch 00001: val_loss improved from inf to 0.16364, saving model to lstm_autoencoder_2019-12-19_22-31-00.h5
Epoch 2/250
 - 261s - loss: 0.1742 - val_loss: 0.1777

Epoch 00002: val_loss did not improve from 0.16364
Epoch 3/250
 - 261s - loss: 0.1716 - val_loss: 0.1690

Epoch 00003: val_loss did not improve from 0.16364
Epoch 4/250
 - 262s - loss: 0.1670 - val_loss: 0.1597

Epoch 00004: val_loss improved from 0.16364 to 0.15971, saving model to lstm_autoencoder_2019-12-19_22-31-00.h5
Epoch 5/250
 - 262s - loss: 0.1654 - val_loss: 0.1785

Epoch 00005: val_loss did not improve from 0.15971
Epoch 6/250
 - 263s - loss: 0.1635 - val_loss: 0.1710

Epoch 00006: val_loss did not improve from 0.15971
Epoch 7/250
 - 263s - loss: 0.1625 - val_loss: 0.1900

Epoch 00007: val_loss did not improve from 0.15971
Epoch 8/250
 - 262s - loss: 0.1608 - val_loss: 0.1659

Epoch 00008: val_loss did not improve from 0.15971
Epoch 9/250
 - 262s - loss: 0.1600 - val_loss: 0.1623

Epoch 00009: val_loss did not improve from 0.15971
Epoch 10/250
 - 262s - loss: 0.1588 - val_loss: 0.1731

Epoch 00010: val_loss did not improve from 0.15971
Epoch 11/250
 - 261s - loss: 0.1582 - val_loss: 0.1930

Epoch 00011: val_loss did not improve from 0.15971
Epoch 12/250
 - 263s - loss: 0.1560 - val_loss: 0.1658

Epoch 00012: val_loss did not improve from 0.15971
Epoch 13/250
 - 262s - loss: 0.1543 - val_loss: 0.1645

Epoch 00013: val_loss did not improve from 0.15971
Epoch 14/250
 - 262s - loss: 0.1535 - val_loss: 0.1560

Epoch 00014: val_loss improved from 0.15971 to 0.15603, saving model to lstm_autoencoder_2019-12-19_22-31-00.h5
Epoch 15/250
 - 260s - loss: 0.1524 - val_loss: 0.1577

Epoch 00015: val_loss did not improve from 0.15603
Epoch 16/250
 - 262s - loss: 0.1512 - val_loss: 0.1644

Epoch 00016: val_loss did not improve from 0.15603
Epoch 17/250
 - 261s - loss: 0.1491 - val_loss: 0.1575

Epoch 00017: val_loss did not improve from 0.15603
Epoch 18/250
 - 262s - loss: 0.1488 - val_loss: 0.1491

Epoch 00018: val_loss improved from 0.15603 to 0.14908, saving model to lstm_autoencoder_2019-12-19_22-31-00.h5
Epoch 19/250
 - 261s - loss: 0.1469 - val_loss: 0.1483

Epoch 00019: val_loss improved from 0.14908 to 0.14827, saving model to lstm_autoencoder_2019-12-19_22-31-00.h5
Epoch 20/250
 - 262s - loss: 0.1452 - val_loss: 0.1515

Epoch 00020: val_loss did not improve from 0.14827
Epoch 21/250
 - 261s - loss: 0.1466 - val_loss: 0.1395

Epoch 00021: val_loss improved from 0.14827 to 0.13953, saving model to lstm_autoencoder_2019-12-19_22-31-00.h5
Epoch 22/250
 - 261s - loss: 0.1455 - val_loss: 0.1735

Epoch 00022: val_loss did not improve from 0.13953
Epoch 23/250
 - 261s - loss: 0.1445 - val_loss: 0.1608

Epoch 00023: val_loss did not improve from 0.13953
Epoch 24/250
 - 261s - loss: nan - val_loss: nan

Epoch 00024: val_loss did not improve from 0.13953
Epoch 25/250
 - 260s - loss: nan - val_loss: nan

Epoch 00025: val_loss did not improve from 0.13953
Epoch 26/250
 - 260s - loss: nan - val_loss: nan

Epoch 00026: val_loss did not improve from 0.13953
Epoch 27/250
 - 260s - loss: nan - val_loss: nan

Epoch 00027: val_loss did not improve from 0.13953
Epoch 28/250
 - 261s - loss: nan - val_loss: nan

Epoch 00028: val_loss did not improve from 0.13953
Epoch 29/250
 - 262s - loss: nan - val_loss: nan

Epoch 00029: val_loss did not improve from 0.13953
Epoch 30/250
 - 261s - loss: nan - val_loss: nan

Epoch 00030: val_loss did not improve from 0.13953
Epoch 31/250
 - 262s - loss: nan - val_loss: nan

Epoch 00031: val_loss did not improve from 0.13953
Epoch 32/250
 - 260s - loss: nan - val_loss: nan

Epoch 00032: val_loss did not improve from 0.13953
Epoch 33/250
 - 261s - loss: nan - val_loss: nan

Epoch 00033: val_loss did not improve from 0.13953
Epoch 34/250
 - 263s - loss: nan - val_loss: nan

Epoch 00034: val_loss did not improve from 0.13953
Epoch 35/250
 - 261s - loss: nan - val_loss: nan

Epoch 00035: val_loss did not improve from 0.13953
Epoch 36/250
 - 262s - loss: nan - val_loss: nan

Epoch 00036: val_loss did not improve from 0.13953
Epoch 37/250
 - 260s - loss: nan - val_loss: nan

Epoch 00037: val_loss did not improve from 0.13953
Epoch 38/250
 - 260s - loss: nan - val_loss: nan

Epoch 00038: val_loss did not improve from 0.13953
Epoch 39/250
 - 260s - loss: nan - val_loss: nan

Epoch 00039: val_loss did not improve from 0.13953
Epoch 40/250
 - 262s - loss: nan - val_loss: nan

Epoch 00040: val_loss did not improve from 0.13953
Epoch 41/250
 - 260s - loss: nan - val_loss: nan

Epoch 00041: val_loss did not improve from 0.13953
Epoch 42/250
 - 261s - loss: nan - val_loss: nan

Epoch 00042: val_loss did not improve from 0.13953
Epoch 43/250
 - 262s - loss: nan - val_loss: nan

Epoch 00043: val_loss did not improve from 0.13953
Epoch 44/250
 - 260s - loss: nan - val_loss: nan

Epoch 00044: val_loss did not improve from 0.13953
Epoch 45/250
 - 261s - loss: nan - val_loss: nan

Epoch 00045: val_loss did not improve from 0.13953
Epoch 46/250
 - 262s - loss: nan - val_loss: nan

Epoch 00046: val_loss did not improve from 0.13953
Epoch 47/250
 - 262s - loss: nan - val_loss: nan

Epoch 00047: val_loss did not improve from 0.13953
Epoch 48/250
 - 261s - loss: nan - val_loss: nan

Epoch 00048: val_loss did not improve from 0.13953
Epoch 49/250
 - 261s - loss: nan - val_loss: nan

Epoch 00049: val_loss did not improve from 0.13953
Epoch 50/250
 - 261s - loss: nan - val_loss: nan

Epoch 00050: val_loss did not improve from 0.13953
Epoch 51/250
 - 260s - loss: nan - val_loss: nan

Epoch 00051: val_loss did not improve from 0.13953
Epoch 00051: early stopping
