2019-12-18 17:22:54.742364: I tensorflow/core/platform/cpu_feature_guard.cc:141] Your CPU supports instructions that this TensorFlow binary was not compiled to use: SSE4.1 SSE4.2 AVX
2019-12-18 17:22:54.860976: I tensorflow/stream_executor/cuda/cuda_gpu_executor.cc:897] successful NUMA node read from SysFS had negative value (-1), but there must be at least one NUMA node, so returning NUMA node zero
2019-12-18 17:22:54.861527: I tensorflow/core/common_runtime/gpu/gpu_device.cc:1405] Found device 0 with properties: 
name: TITAN Xp major: 6 minor: 1 memoryClockRate(GHz): 1.582
pciBusID: 0000:01:00.0
totalMemory: 11.91GiB freeMemory: 11.73GiB
2019-12-18 17:22:54.861543: I tensorflow/core/common_runtime/gpu/gpu_device.cc:1484] Adding visible gpu devices: 0
2019-12-18 17:22:55.094247: I tensorflow/core/common_runtime/gpu/gpu_device.cc:965] Device interconnect StreamExecutor with strength 1 edge matrix:
2019-12-18 17:22:55.094292: I tensorflow/core/common_runtime/gpu/gpu_device.cc:971]      0 
2019-12-18 17:22:55.094301: I tensorflow/core/common_runtime/gpu/gpu_device.cc:984] 0:   N 
2019-12-18 17:22:55.094568: I tensorflow/core/common_runtime/gpu/gpu_device.cc:1097] Created TensorFlow device (/job:localhost/replica:0/task:0/device:GPU:0 with 11348 MB memory) -> physical GPU (device: 0, name: TITAN Xp, pci bus id: 0000:01:00.0, compute capability: 6.1)
2019-12-18 17:22:55.402719: I tensorflow/core/kernels/cuda_solvers.cc:159] Creating CudaSolver handles for stream 0x562b3119d7f0
Train on 32962 samples, validate on 1735 samples
Epoch 1/250
 - 53s - loss: 0.1249 - val_loss: 0.0951

Epoch 00001: val_loss improved from inf to 0.09506, saving model to lstm_autoencoder_2019-12-18_17-22-55.h5
Epoch 2/250
 - 52s - loss: 0.0788 - val_loss: 0.0913

Epoch 00002: val_loss improved from 0.09506 to 0.09134, saving model to lstm_autoencoder_2019-12-18_17-22-55.h5
Epoch 3/250
 - 52s - loss: 0.0749 - val_loss: 0.0888

Epoch 00003: val_loss improved from 0.09134 to 0.08880, saving model to lstm_autoencoder_2019-12-18_17-22-55.h5
Epoch 4/250
 - 52s - loss: 0.0722 - val_loss: 0.0867

Epoch 00004: val_loss improved from 0.08880 to 0.08670, saving model to lstm_autoencoder_2019-12-18_17-22-55.h5
Epoch 5/250
 - 52s - loss: 0.0708 - val_loss: 0.0865

Epoch 00005: val_loss improved from 0.08670 to 0.08651, saving model to lstm_autoencoder_2019-12-18_17-22-55.h5
Epoch 6/250
 - 52s - loss: 0.0720 - val_loss: 0.0874

Epoch 00006: val_loss did not improve from 0.08651
Epoch 7/250
 - 52s - loss: 0.0706 - val_loss: 0.0866

Epoch 00007: val_loss did not improve from 0.08651
Epoch 8/250
 - 52s - loss: 0.0705 - val_loss: 0.0868

Epoch 00008: val_loss did not improve from 0.08651
Epoch 9/250
 - 52s - loss: 0.0704 - val_loss: 0.0876

Epoch 00009: val_loss did not improve from 0.08651
Epoch 10/250
 - 52s - loss: 0.0703 - val_loss: 0.0866

Epoch 00010: val_loss did not improve from 0.08651
Epoch 11/250
 - 52s - loss: 0.0704 - val_loss: 0.0864

Epoch 00011: val_loss improved from 0.08651 to 0.08644, saving model to lstm_autoencoder_2019-12-18_17-22-55.h5
Epoch 12/250
 - 52s - loss: 0.0702 - val_loss: 0.0865

Epoch 00012: val_loss did not improve from 0.08644
Epoch 13/250
 - 52s - loss: 0.0701 - val_loss: 0.0870

Epoch 00013: val_loss did not improve from 0.08644
Epoch 14/250
 - 52s - loss: 0.0702 - val_loss: 0.0865

Epoch 00014: val_loss did not improve from 0.08644
Epoch 15/250
 - 52s - loss: 0.0702 - val_loss: 0.0870

Epoch 00015: val_loss did not improve from 0.08644
Epoch 16/250
 - 52s - loss: 0.0700 - val_loss: 0.0867

Epoch 00016: val_loss did not improve from 0.08644
Epoch 17/250
 - 52s - loss: 0.0701 - val_loss: 0.0873

Epoch 00017: val_loss did not improve from 0.08644
Epoch 18/250
 - 52s - loss: 0.0701 - val_loss: 0.0867

Epoch 00018: val_loss did not improve from 0.08644
Epoch 19/250
 - 52s - loss: 0.0700 - val_loss: 0.0868

Epoch 00019: val_loss did not improve from 0.08644
Epoch 20/250
 - 52s - loss: 0.0700 - val_loss: 0.0866

Epoch 00020: val_loss did not improve from 0.08644
Epoch 21/250
 - 52s - loss: 0.0700 - val_loss: 0.0867

Epoch 00021: val_loss did not improve from 0.08644
Epoch 22/250
 - 52s - loss: 0.0700 - val_loss: 0.0865

Epoch 00022: val_loss did not improve from 0.08644
Epoch 23/250
 - 52s - loss: 0.0699 - val_loss: 0.0865

Epoch 00023: val_loss did not improve from 0.08644
Epoch 24/250
 - 52s - loss: 0.0699 - val_loss: 0.0865

Epoch 00024: val_loss did not improve from 0.08644
Epoch 25/250
 - 52s - loss: 0.0699 - val_loss: 0.0866

Epoch 00025: val_loss did not improve from 0.08644
Epoch 26/250
 - 52s - loss: 0.0699 - val_loss: 0.0865

Epoch 00026: val_loss did not improve from 0.08644
Epoch 27/250
 - 52s - loss: 0.0698 - val_loss: 0.0865

Epoch 00027: val_loss did not improve from 0.08644
Epoch 28/250
 - 52s - loss: 0.0698 - val_loss: 0.0865

Epoch 00028: val_loss did not improve from 0.08644
Epoch 29/250
 - 52s - loss: 0.0698 - val_loss: 0.0867

Epoch 00029: val_loss did not improve from 0.08644
Epoch 30/250
 - 52s - loss: 0.0699 - val_loss: 0.0866

Epoch 00030: val_loss did not improve from 0.08644
Epoch 31/250
 - 52s - loss: 0.0698 - val_loss: 0.0866

Epoch 00031: val_loss did not improve from 0.08644
Epoch 32/250
 - 52s - loss: 0.0698 - val_loss: 0.0866

Epoch 00032: val_loss did not improve from 0.08644
Epoch 33/250
 - 52s - loss: 0.0699 - val_loss: 0.0867

Epoch 00033: val_loss did not improve from 0.08644
Epoch 34/250
 - 52s - loss: 0.0699 - val_loss: 0.0866

Epoch 00034: val_loss did not improve from 0.08644
Epoch 35/250
 - 52s - loss: 0.0698 - val_loss: 0.0865

Epoch 00035: val_loss did not improve from 0.08644
Epoch 36/250
 - 52s - loss: 0.0699 - val_loss: 0.0866

Epoch 00036: val_loss did not improve from 0.08644
Epoch 37/250
 - 52s - loss: 0.0698 - val_loss: 0.0866

Epoch 00037: val_loss did not improve from 0.08644
Epoch 38/250
 - 52s - loss: 0.0698 - val_loss: 0.0866

Epoch 00038: val_loss did not improve from 0.08644
Epoch 39/250
 - 52s - loss: 0.0698 - val_loss: 0.0866

Epoch 00039: val_loss did not improve from 0.08644
Epoch 40/250
 - 52s - loss: 0.0698 - val_loss: 0.0867

Epoch 00040: val_loss did not improve from 0.08644
Epoch 41/250
 - 52s - loss: 0.0698 - val_loss: 0.0867

Epoch 00041: val_loss did not improve from 0.08644
Epoch 00041: early stopping
