2019-12-20 14:38:45.792550: I tensorflow/core/platform/cpu_feature_guard.cc:141] Your CPU supports instructions that this TensorFlow binary was not compiled to use: SSE4.1 SSE4.2 AVX
2019-12-20 14:38:45.921461: I tensorflow/stream_executor/cuda/cuda_gpu_executor.cc:897] successful NUMA node read from SysFS had negative value (-1), but there must be at least one NUMA node, so returning NUMA node zero
2019-12-20 14:38:45.922015: I tensorflow/core/common_runtime/gpu/gpu_device.cc:1405] Found device 0 with properties: 
name: TITAN Xp major: 6 minor: 1 memoryClockRate(GHz): 1.582
pciBusID: 0000:01:00.0
totalMemory: 11.91GiB freeMemory: 11.73GiB
2019-12-20 14:38:45.922032: I tensorflow/core/common_runtime/gpu/gpu_device.cc:1484] Adding visible gpu devices: 0
2019-12-20 14:38:46.154110: I tensorflow/core/common_runtime/gpu/gpu_device.cc:965] Device interconnect StreamExecutor with strength 1 edge matrix:
2019-12-20 14:38:46.154154: I tensorflow/core/common_runtime/gpu/gpu_device.cc:971]      0 
2019-12-20 14:38:46.154163: I tensorflow/core/common_runtime/gpu/gpu_device.cc:984] 0:   N 
2019-12-20 14:38:46.154431: I tensorflow/core/common_runtime/gpu/gpu_device.cc:1097] Created TensorFlow device (/job:localhost/replica:0/task:0/device:GPU:0 with 11348 MB memory) -> physical GPU (device: 0, name: TITAN Xp, pci bus id: 0000:01:00.0, compute capability: 6.1)
2019-12-20 14:38:46.345925: I tensorflow/core/kernels/cuda_solvers.cc:159] Creating CudaSolver handles for stream 0x561f713938f0
Train on 32962 samples, validate on 1735 samples
Epoch 1/250
 - 245s - loss: 0.1674 - val_loss: 0.1590

Epoch 00001: val_loss improved from inf to 0.15900, saving model to lstm_autoencoder_2019-12-20_14-38-46.h5
Epoch 2/250
 - 244s - loss: 0.1648 - val_loss: 0.1684

Epoch 00002: val_loss did not improve from 0.15900
Epoch 3/250
 - 244s - loss: 0.1598 - val_loss: 0.1599

Epoch 00003: val_loss did not improve from 0.15900
Epoch 4/250
 - 244s - loss: 0.1612 - val_loss: 0.1854

Epoch 00004: val_loss did not improve from 0.15900
Epoch 5/250
 - 244s - loss: 0.1625 - val_loss: 0.1642

Epoch 00005: val_loss did not improve from 0.15900
Epoch 6/250
 - 244s - loss: 0.1608 - val_loss: 0.1666

Epoch 00006: val_loss did not improve from 0.15900
Epoch 7/250
 - 244s - loss: 0.1560 - val_loss: 0.1515

Epoch 00007: val_loss improved from 0.15900 to 0.15148, saving model to lstm_autoencoder_2019-12-20_14-38-46.h5
Epoch 8/250
 - 244s - loss: 0.1545 - val_loss: 0.1565

Epoch 00008: val_loss did not improve from 0.15148
Epoch 9/250
 - 244s - loss: 0.1559 - val_loss: 0.1539

Epoch 00009: val_loss did not improve from 0.15148
Epoch 10/250
 - 244s - loss: 0.1551 - val_loss: 0.1483

Epoch 00010: val_loss improved from 0.15148 to 0.14830, saving model to lstm_autoencoder_2019-12-20_14-38-46.h5
Epoch 11/250
 - 244s - loss: 0.1584 - val_loss: 0.2072

Epoch 00011: val_loss did not improve from 0.14830
Epoch 12/250
 - 244s - loss: 0.1566 - val_loss: 0.1565

Epoch 00012: val_loss did not improve from 0.14830
Epoch 13/250
 - 244s - loss: 0.1582 - val_loss: 0.1458

Epoch 00013: val_loss improved from 0.14830 to 0.14577, saving model to lstm_autoencoder_2019-12-20_14-38-46.h5
Epoch 14/250
 - 244s - loss: 0.1529 - val_loss: 0.1565

Epoch 00014: val_loss did not improve from 0.14577
Epoch 15/250
 - 244s - loss: 0.1545 - val_loss: 0.1519

Epoch 00015: val_loss did not improve from 0.14577
Epoch 16/250
 - 244s - loss: 0.1564 - val_loss: 0.1597

Epoch 00016: val_loss did not improve from 0.14577
Epoch 17/250
 - 244s - loss: 0.1584 - val_loss: 0.1649

Epoch 00017: val_loss did not improve from 0.14577
Epoch 18/250
 - 244s - loss: 0.1584 - val_loss: 0.1489

Epoch 00018: val_loss did not improve from 0.14577
Epoch 19/250
 - 244s - loss: 0.1643 - val_loss: 0.1565

Epoch 00019: val_loss did not improve from 0.14577
Epoch 20/250
 - 244s - loss: 0.1506 - val_loss: 0.1603

Epoch 00020: val_loss did not improve from 0.14577
Epoch 21/250
 - 244s - loss: 0.1479 - val_loss: 0.1502

Epoch 00021: val_loss did not improve from 0.14577
Epoch 22/250
 - 244s - loss: 0.1496 - val_loss: 0.1430

Epoch 00022: val_loss improved from 0.14577 to 0.14304, saving model to lstm_autoencoder_2019-12-20_14-38-46.h5
Epoch 23/250
 - 243s - loss: nan - val_loss: nan

Epoch 00023: val_loss did not improve from 0.14304
Epoch 24/250
 - 244s - loss: nan - val_loss: nan

Epoch 00024: val_loss did not improve from 0.14304
Epoch 25/250
 - 243s - loss: nan - val_loss: nan
