2019-12-20 13:16:43.517911: I tensorflow/core/platform/cpu_feature_guard.cc:141] Your CPU supports instructions that this TensorFlow binary was not compiled to use: SSE4.1 SSE4.2 AVX
2019-12-20 13:16:43.650758: I tensorflow/stream_executor/cuda/cuda_gpu_executor.cc:897] successful NUMA node read from SysFS had negative value (-1), but there must be at least one NUMA node, so returning NUMA node zero
2019-12-20 13:16:43.651886: I tensorflow/core/common_runtime/gpu/gpu_device.cc:1405] Found device 0 with properties: 
name: TITAN Xp major: 6 minor: 1 memoryClockRate(GHz): 1.582
pciBusID: 0000:01:00.0
totalMemory: 11.91GiB freeMemory: 11.73GiB
2019-12-20 13:16:43.651902: I tensorflow/core/common_runtime/gpu/gpu_device.cc:1484] Adding visible gpu devices: 0
2019-12-20 13:16:43.884123: I tensorflow/core/common_runtime/gpu/gpu_device.cc:965] Device interconnect StreamExecutor with strength 1 edge matrix:
2019-12-20 13:16:43.884168: I tensorflow/core/common_runtime/gpu/gpu_device.cc:971]      0 
2019-12-20 13:16:43.884177: I tensorflow/core/common_runtime/gpu/gpu_device.cc:984] 0:   N 
2019-12-20 13:16:43.884452: I tensorflow/core/common_runtime/gpu/gpu_device.cc:1097] Created TensorFlow device (/job:localhost/replica:0/task:0/device:GPU:0 with 11348 MB memory) -> physical GPU (device: 0, name: TITAN Xp, pci bus id: 0000:01:00.0, compute capability: 6.1)
2019-12-20 13:16:44.067877: I tensorflow/core/kernels/cuda_solvers.cc:159] Creating CudaSolver handles for stream 0x56372889c370
Train on 32962 samples, validate on 1735 samples
Epoch 1/250
 - 12s - loss: 0.1253 - val_loss: 0.1112

Epoch 00001: val_loss improved from inf to 0.11118, saving model to lstm_autoencoder_2019-12-20_13-16-44.h5
Epoch 2/250
 - 11s - loss: 0.1095 - val_loss: 0.1132

Epoch 00002: val_loss did not improve from 0.11118
Epoch 3/250
 - 11s - loss: 0.1100 - val_loss: 0.1131

Epoch 00003: val_loss did not improve from 0.11118
Epoch 4/250
 - 11s - loss: 0.1103 - val_loss: 0.1124

Epoch 00004: val_loss did not improve from 0.11118
Epoch 5/250
 - 11s - loss: 0.1122 - val_loss: 0.1160

Epoch 00005: val_loss did not improve from 0.11118
Epoch 6/250
 - 11s - loss: 0.1098 - val_loss: 0.1158

Epoch 00006: val_loss did not improve from 0.11118
Epoch 7/250
 - 11s - loss: 0.1113 - val_loss: 0.1137

Epoch 00007: val_loss did not improve from 0.11118
Epoch 8/250
 - 11s - loss: 0.1107 - val_loss: 0.1143

Epoch 00008: val_loss did not improve from 0.11118
Epoch 9/250
 - 11s - loss: 0.1071 - val_loss: 0.1125

Epoch 00009: val_loss did not improve from 0.11118
Epoch 10/250
 - 11s - loss: 0.1083 - val_loss: 0.1089

Epoch 00010: val_loss improved from 0.11118 to 0.10888, saving model to lstm_autoencoder_2019-12-20_13-16-44.h5
Epoch 11/250
 - 11s - loss: 0.1054 - val_loss: 0.1111

Epoch 00011: val_loss did not improve from 0.10888
Epoch 12/250
 - 11s - loss: 0.1082 - val_loss: 0.1093

Epoch 00012: val_loss did not improve from 0.10888
Epoch 13/250
 - 11s - loss: 0.1104 - val_loss: 0.1136

Epoch 00013: val_loss did not improve from 0.10888
Epoch 14/250
 - 11s - loss: 0.1136 - val_loss: 0.1153

Epoch 00014: val_loss did not improve from 0.10888
Epoch 15/250
 - 11s - loss: 0.1083 - val_loss: 0.1108

Epoch 00015: val_loss did not improve from 0.10888
Epoch 16/250
 - 11s - loss: 0.1072 - val_loss: 0.1109

Epoch 00016: val_loss did not improve from 0.10888
Epoch 17/250
 - 11s - loss: 0.1097 - val_loss: 0.1115

Epoch 00017: val_loss did not improve from 0.10888
Epoch 18/250
 - 11s - loss: 0.1068 - val_loss: 0.1197

Epoch 00018: val_loss did not improve from 0.10888
Epoch 19/250
 - 11s - loss: 0.1067 - val_loss: 0.1099

Epoch 00019: val_loss did not improve from 0.10888
Epoch 20/250
 - 11s - loss: 0.1054 - val_loss: 0.1102

Epoch 00020: val_loss did not improve from 0.10888
Epoch 21/250
 - 11s - loss: 0.1108 - val_loss: 0.1171

Epoch 00021: val_loss did not improve from 0.10888
Epoch 22/250
 - 11s - loss: 0.1089 - val_loss: 0.1080

Epoch 00022: val_loss improved from 0.10888 to 0.10796, saving model to lstm_autoencoder_2019-12-20_13-16-44.h5
Epoch 23/250
 - 11s - loss: 0.1101 - val_loss: 0.1144

Epoch 00023: val_loss did not improve from 0.10796
Epoch 24/250
 - 11s - loss: 0.1110 - val_loss: 0.1184

Epoch 00024: val_loss did not improve from 0.10796
Epoch 25/250
 - 11s - loss: 0.1161 - val_loss: 0.1151

Epoch 00025: val_loss did not improve from 0.10796
Epoch 26/250
 - 11s - loss: 0.1113 - val_loss: 0.1111

Epoch 00026: val_loss did not improve from 0.10796
Epoch 27/250
 - 11s - loss: 0.1083 - val_loss: 0.1114

Epoch 00027: val_loss did not improve from 0.10796
Epoch 28/250
 - 11s - loss: 0.1098 - val_loss: 0.1135

Epoch 00028: val_loss did not improve from 0.10796
Epoch 29/250
 - 11s - loss: 0.1095 - val_loss: 0.1134

Epoch 00029: val_loss did not improve from 0.10796
Epoch 30/250
 - 11s - loss: 0.1067 - val_loss: 0.1125

Epoch 00030: val_loss did not improve from 0.10796
Epoch 31/250
 - 11s - loss: 0.1073 - val_loss: 0.1089

Epoch 00031: val_loss did not improve from 0.10796
Epoch 32/250
 - 11s - loss: 0.1062 - val_loss: 0.1090

Epoch 00032: val_loss did not improve from 0.10796
Epoch 33/250
 - 11s - loss: 0.1077 - val_loss: 0.1128

Epoch 00033: val_loss did not improve from 0.10796
Epoch 34/250
 - 11s - loss: 0.1110 - val_loss: 0.1159

Epoch 00034: val_loss did not improve from 0.10796
Epoch 35/250
 - 11s - loss: 0.1102 - val_loss: 0.1127

Epoch 00035: val_loss did not improve from 0.10796
Epoch 36/250
 - 11s - loss: 0.1048 - val_loss: 0.1085

Epoch 00036: val_loss did not improve from 0.10796
Epoch 37/250
 - 11s - loss: 0.1083 - val_loss: 0.1124

Epoch 00037: val_loss did not improve from 0.10796
Epoch 38/250
 - 11s - loss: 0.1068 - val_loss: 0.1134

Epoch 00038: val_loss did not improve from 0.10796
Epoch 39/250
 - 11s - loss: 0.1086 - val_loss: 0.1170

Epoch 00039: val_loss did not improve from 0.10796
Epoch 40/250
 - 11s - loss: 0.1086 - val_loss: 0.1092

Epoch 00040: val_loss did not improve from 0.10796
Epoch 41/250
 - 11s - loss: 0.1048 - val_loss: 0.1093

Epoch 00041: val_loss did not improve from 0.10796
Epoch 42/250
 - 11s - loss: 0.1061 - val_loss: 0.1097

Epoch 00042: val_loss did not improve from 0.10796
Epoch 43/250
 - 11s - loss: 0.1051 - val_loss: 0.1125

Epoch 00043: val_loss did not improve from 0.10796
Epoch 44/250
 - 11s - loss: 0.1123 - val_loss: 0.1193

Epoch 00044: val_loss did not improve from 0.10796
Epoch 45/250
 - 11s - loss: 0.1126 - val_loss: 0.1148

Epoch 00045: val_loss did not improve from 0.10796
Epoch 46/250
 - 11s - loss: 0.1088 - val_loss: 0.1301

Epoch 00046: val_loss did not improve from 0.10796
Epoch 47/250
 - 11s - loss: 0.1074 - val_loss: 0.1261

Epoch 00047: val_loss did not improve from 0.10796
Epoch 48/250
 - 11s - loss: 0.1136 - val_loss: 0.1156

Epoch 00048: val_loss did not improve from 0.10796
Epoch 49/250
 - 11s - loss: 0.1076 - val_loss: 0.1100

Epoch 00049: val_loss did not improve from 0.10796
Epoch 50/250
 - 11s - loss: 0.1052 - val_loss: 0.1063

Epoch 00050: val_loss improved from 0.10796 to 0.10634, saving model to lstm_autoencoder_2019-12-20_13-16-44.h5
Epoch 51/250
 - 11s - loss: 0.1047 - val_loss: 0.1143

Epoch 00051: val_loss did not improve from 0.10634
Epoch 52/250
 - 11s - loss: 0.1072 - val_loss: 0.1198

Epoch 00052: val_loss did not improve from 0.10634
Epoch 53/250
 - 11s - loss: 0.1053 - val_loss: 0.1141

Epoch 00053: val_loss did not improve from 0.10634
Epoch 54/250
 - 11s - loss: 0.1098 - val_loss: 0.1147

Epoch 00054: val_loss did not improve from 0.10634
Epoch 55/250
 - 11s - loss: 0.1097 - val_loss: 0.1078

Epoch 00055: val_loss did not improve from 0.10634
Epoch 56/250
 - 11s - loss: 0.1111 - val_loss: 0.1084

Epoch 00056: val_loss did not improve from 0.10634
Epoch 57/250
 - 11s - loss: 0.1070 - val_loss: 0.1097

Epoch 00057: val_loss did not improve from 0.10634
Epoch 58/250
 - 11s - loss: 0.1072 - val_loss: 0.1103

Epoch 00058: val_loss did not improve from 0.10634
Epoch 59/250
 - 11s - loss: 0.1105 - val_loss: 0.1131

Epoch 00059: val_loss did not improve from 0.10634
Epoch 60/250
 - 11s - loss: 0.1084 - val_loss: 0.1073

Epoch 00060: val_loss did not improve from 0.10634
Epoch 61/250
 - 11s - loss: 0.1044 - val_loss: 0.1113

Epoch 00061: val_loss did not improve from 0.10634
Epoch 62/250
 - 11s - loss: 0.1138 - val_loss: 0.1197

Epoch 00062: val_loss did not improve from 0.10634
Epoch 63/250
 - 11s - loss: 0.1155 - val_loss: 0.1167

Epoch 00063: val_loss did not improve from 0.10634
Epoch 64/250
 - 11s - loss: 0.1203 - val_loss: 0.1132

Epoch 00064: val_loss did not improve from 0.10634
Epoch 65/250
 - 11s - loss: 0.1087 - val_loss: 0.1221

Epoch 00065: val_loss did not improve from 0.10634
Epoch 66/250
 - 11s - loss: 0.1071 - val_loss: 0.1236

Epoch 00066: val_loss did not improve from 0.10634
Epoch 67/250
 - 11s - loss: 0.1109 - val_loss: 0.1146

Epoch 00067: val_loss did not improve from 0.10634
Epoch 68/250
 - 11s - loss: 0.1065 - val_loss: 0.1109

Epoch 00068: val_loss did not improve from 0.10634
Epoch 69/250
 - 11s - loss: 0.1049 - val_loss: 0.1141

Epoch 00069: val_loss did not improve from 0.10634
Epoch 70/250
 - 11s - loss: 0.1050 - val_loss: 0.1078

Epoch 00070: val_loss did not improve from 0.10634
Epoch 71/250
 - 11s - loss: 0.1055 - val_loss: 0.1066

Epoch 00071: val_loss did not improve from 0.10634
Epoch 72/250
 - 11s - loss: 0.1096 - val_loss: 0.1182

Epoch 00072: val_loss did not improve from 0.10634
Epoch 73/250
 - 11s - loss: 0.1047 - val_loss: 0.1132

Epoch 00073: val_loss did not improve from 0.10634
Epoch 74/250
 - 11s - loss: 0.1041 - val_loss: 0.1086

Epoch 00074: val_loss did not improve from 0.10634
Epoch 75/250
 - 11s - loss: 0.1039 - val_loss: 0.1065

Epoch 00075: val_loss did not improve from 0.10634
Epoch 76/250
 - 11s - loss: 0.1071 - val_loss: 0.1112

Epoch 00076: val_loss did not improve from 0.10634
Epoch 77/250
 - 11s - loss: 0.1054 - val_loss: 0.1165

Epoch 00077: val_loss did not improve from 0.10634
Epoch 78/250
 - 11s - loss: 0.1035 - val_loss: 0.1142

Epoch 00078: val_loss did not improve from 0.10634
Epoch 79/250
 - 11s - loss: 0.1043 - val_loss: 0.1159

Epoch 00079: val_loss did not improve from 0.10634
Epoch 80/250
 - 11s - loss: 0.1040 - val_loss: 0.1078

Epoch 00080: val_loss did not improve from 0.10634
Epoch 00080: early stopping
