2019-12-20 13:37:31.261614: I tensorflow/core/platform/cpu_feature_guard.cc:141] Your CPU supports instructions that this TensorFlow binary was not compiled to use: SSE4.1 SSE4.2 AVX
2019-12-20 13:37:31.402473: I tensorflow/stream_executor/cuda/cuda_gpu_executor.cc:897] successful NUMA node read from SysFS had negative value (-1), but there must be at least one NUMA node, so returning NUMA node zero
2019-12-20 13:37:31.403649: I tensorflow/core/common_runtime/gpu/gpu_device.cc:1405] Found device 0 with properties: 
name: TITAN Xp major: 6 minor: 1 memoryClockRate(GHz): 1.582
pciBusID: 0000:01:00.0
totalMemory: 11.91GiB freeMemory: 11.73GiB
2019-12-20 13:37:31.403666: I tensorflow/core/common_runtime/gpu/gpu_device.cc:1484] Adding visible gpu devices: 0
2019-12-20 13:37:31.636542: I tensorflow/core/common_runtime/gpu/gpu_device.cc:965] Device interconnect StreamExecutor with strength 1 edge matrix:
2019-12-20 13:37:31.636585: I tensorflow/core/common_runtime/gpu/gpu_device.cc:971]      0 
2019-12-20 13:37:31.636594: I tensorflow/core/common_runtime/gpu/gpu_device.cc:984] 0:   N 
2019-12-20 13:37:31.636862: I tensorflow/core/common_runtime/gpu/gpu_device.cc:1097] Created TensorFlow device (/job:localhost/replica:0/task:0/device:GPU:0 with 11348 MB memory) -> physical GPU (device: 0, name: TITAN Xp, pci bus id: 0000:01:00.0, compute capability: 6.1)
2019-12-20 13:37:31.821677: I tensorflow/core/kernels/cuda_solvers.cc:159] Creating CudaSolver handles for stream 0x560268dfe740
Train on 32962 samples, validate on 1735 samples
Epoch 1/250
 - 11s - loss: 0.1185 - val_loss: 0.1129

Epoch 00001: val_loss improved from inf to 0.11288, saving model to lstm_autoencoder_2019-12-20_13-37-32.h5
Epoch 2/250
 - 10s - loss: 0.1066 - val_loss: 0.1085

Epoch 00002: val_loss improved from 0.11288 to 0.10854, saving model to lstm_autoencoder_2019-12-20_13-37-32.h5
Epoch 3/250
 - 10s - loss: 0.1084 - val_loss: 0.1100

Epoch 00003: val_loss did not improve from 0.10854
Epoch 4/250
 - 10s - loss: 0.1061 - val_loss: 0.1240

Epoch 00004: val_loss did not improve from 0.10854
Epoch 5/250
 - 10s - loss: 0.1078 - val_loss: 0.1139

Epoch 00005: val_loss did not improve from 0.10854
Epoch 6/250
 - 10s - loss: 0.1045 - val_loss: 0.1066

Epoch 00006: val_loss improved from 0.10854 to 0.10658, saving model to lstm_autoencoder_2019-12-20_13-37-32.h5
Epoch 7/250
 - 10s - loss: 0.1054 - val_loss: 0.1118

Epoch 00007: val_loss did not improve from 0.10658
Epoch 8/250
 - 10s - loss: 0.1028 - val_loss: 0.1107

Epoch 00008: val_loss did not improve from 0.10658
Epoch 9/250
 - 10s - loss: 0.1131 - val_loss: 0.1144

Epoch 00009: val_loss did not improve from 0.10658
Epoch 10/250
 - 10s - loss: 0.1061 - val_loss: 0.1080

Epoch 00010: val_loss did not improve from 0.10658
Epoch 11/250
 - 10s - loss: 0.1068 - val_loss: 0.1091

Epoch 00011: val_loss did not improve from 0.10658
Epoch 12/250
 - 10s - loss: 0.1058 - val_loss: 0.1078

Epoch 00012: val_loss did not improve from 0.10658
Epoch 13/250
 - 10s - loss: 0.1026 - val_loss: 0.1084

Epoch 00013: val_loss did not improve from 0.10658
Epoch 14/250
 - 10s - loss: 0.1047 - val_loss: 0.1128

Epoch 00014: val_loss did not improve from 0.10658
Epoch 15/250
 - 10s - loss: 0.1025 - val_loss: 0.1191

Epoch 00015: val_loss did not improve from 0.10658
Epoch 16/250
 - 10s - loss: 0.1044 - val_loss: 0.1155

Epoch 00016: val_loss did not improve from 0.10658
Epoch 17/250
 - 10s - loss: 0.1079 - val_loss: 0.1078

Epoch 00017: val_loss did not improve from 0.10658
Epoch 18/250
 - 10s - loss: 0.1047 - val_loss: 0.1130

Epoch 00018: val_loss did not improve from 0.10658
Epoch 19/250
 - 10s - loss: 0.1077 - val_loss: 0.1179

Epoch 00019: val_loss did not improve from 0.10658
Epoch 20/250
 - 10s - loss: 0.1119 - val_loss: 0.1327

Epoch 00020: val_loss did not improve from 0.10658
Epoch 21/250
 - 10s - loss: 0.1197 - val_loss: 0.1152

Epoch 00021: val_loss did not improve from 0.10658
Epoch 22/250
 - 10s - loss: 0.1115 - val_loss: 0.1128

Epoch 00022: val_loss did not improve from 0.10658
Epoch 23/250
 - 10s - loss: 0.1120 - val_loss: 0.1121

Epoch 00023: val_loss did not improve from 0.10658
Epoch 24/250
 - 10s - loss: 0.1104 - val_loss: 0.1088

Epoch 00024: val_loss did not improve from 0.10658
Epoch 25/250
 - 10s - loss: 0.1064 - val_loss: 0.1082

Epoch 00025: val_loss did not improve from 0.10658
Epoch 26/250
 - 10s - loss: 0.1058 - val_loss: 0.1128

Epoch 00026: val_loss did not improve from 0.10658
Epoch 27/250
 - 10s - loss: 0.1062 - val_loss: 0.1104

Epoch 00027: val_loss did not improve from 0.10658
Epoch 28/250
 - 10s - loss: 0.1066 - val_loss: 0.1100

Epoch 00028: val_loss did not improve from 0.10658
Epoch 29/250
 - 10s - loss: 0.1060 - val_loss: 0.1157

Epoch 00029: val_loss did not improve from 0.10658
Epoch 30/250
 - 10s - loss: 0.1115 - val_loss: 0.1208

Epoch 00030: val_loss did not improve from 0.10658
Epoch 31/250
 - 10s - loss: 0.1060 - val_loss: 0.1075

Epoch 00031: val_loss did not improve from 0.10658
Epoch 32/250
 - 10s - loss: 0.1021 - val_loss: 0.1154

Epoch 00032: val_loss did not improve from 0.10658
Epoch 33/250
 - 10s - loss: 0.1061 - val_loss: 0.1302

Epoch 00033: val_loss did not improve from 0.10658
Epoch 34/250
 - 10s - loss: 0.1074 - val_loss: 0.1119

Epoch 00034: val_loss did not improve from 0.10658
Epoch 35/250
 - 10s - loss: 0.1032 - val_loss: 0.1084

Epoch 00035: val_loss did not improve from 0.10658
Epoch 36/250
 - 10s - loss: 0.1074 - val_loss: 0.1157

Epoch 00036: val_loss did not improve from 0.10658
Epoch 00036: early stopping
