2019-12-20 12:48:52.732707: I tensorflow/core/platform/cpu_feature_guard.cc:141] Your CPU supports instructions that this TensorFlow binary was not compiled to use: SSE4.1 SSE4.2 AVX
2019-12-20 12:48:52.867234: I tensorflow/stream_executor/cuda/cuda_gpu_executor.cc:897] successful NUMA node read from SysFS had negative value (-1), but there must be at least one NUMA node, so returning NUMA node zero
2019-12-20 12:48:52.868386: I tensorflow/core/common_runtime/gpu/gpu_device.cc:1405] Found device 0 with properties: 
name: TITAN Xp major: 6 minor: 1 memoryClockRate(GHz): 1.582
pciBusID: 0000:01:00.0
totalMemory: 11.91GiB freeMemory: 11.73GiB
2019-12-20 12:48:52.868403: I tensorflow/core/common_runtime/gpu/gpu_device.cc:1484] Adding visible gpu devices: 0
2019-12-20 12:48:53.101936: I tensorflow/core/common_runtime/gpu/gpu_device.cc:965] Device interconnect StreamExecutor with strength 1 edge matrix:
2019-12-20 12:48:53.101980: I tensorflow/core/common_runtime/gpu/gpu_device.cc:971]      0 
2019-12-20 12:48:53.101989: I tensorflow/core/common_runtime/gpu/gpu_device.cc:984] 0:   N 
2019-12-20 12:48:53.102254: I tensorflow/core/common_runtime/gpu/gpu_device.cc:1097] Created TensorFlow device (/job:localhost/replica:0/task:0/device:GPU:0 with 11348 MB memory) -> physical GPU (device: 0, name: TITAN Xp, pci bus id: 0000:01:00.0, compute capability: 6.1)
2019-12-20 12:48:53.287358: I tensorflow/core/kernels/cuda_solvers.cc:159] Creating CudaSolver handles for stream 0x56245506c230
Train on 32962 samples, validate on 1735 samples
Epoch 1/250
 - 21s - loss: 0.1201 - val_loss: 0.1206

Epoch 00001: val_loss improved from inf to 0.12058, saving model to lstm_autoencoder_2019-12-20_12-48-53.h5
Epoch 2/250
 - 20s - loss: 0.1149 - val_loss: 0.1194

Epoch 00002: val_loss improved from 0.12058 to 0.11935, saving model to lstm_autoencoder_2019-12-20_12-48-53.h5
Epoch 3/250
 - 20s - loss: 0.1138 - val_loss: 0.1137

Epoch 00003: val_loss improved from 0.11935 to 0.11373, saving model to lstm_autoencoder_2019-12-20_12-48-53.h5
Epoch 4/250
 - 20s - loss: 0.1143 - val_loss: 0.1182

Epoch 00004: val_loss did not improve from 0.11373
Epoch 5/250
 - 20s - loss: 0.1143 - val_loss: 0.1154

Epoch 00005: val_loss did not improve from 0.11373
Epoch 6/250
 - 20s - loss: 0.1140 - val_loss: 0.1145

Epoch 00006: val_loss did not improve from 0.11373
Epoch 7/250
 - 20s - loss: 0.1144 - val_loss: 0.1178

Epoch 00007: val_loss did not improve from 0.11373
Epoch 8/250
 - 20s - loss: 0.1144 - val_loss: 0.1254

Epoch 00008: val_loss did not improve from 0.11373
Epoch 9/250
 - 20s - loss: 0.1130 - val_loss: 0.1169

Epoch 00009: val_loss did not improve from 0.11373
Epoch 10/250
 - 20s - loss: 0.1158 - val_loss: 0.1177

Epoch 00010: val_loss did not improve from 0.11373
Epoch 11/250
 - 20s - loss: 0.1142 - val_loss: 0.1194

Epoch 00011: val_loss did not improve from 0.11373
Epoch 12/250
 - 20s - loss: 0.1152 - val_loss: 0.1162

Epoch 00012: val_loss did not improve from 0.11373
Epoch 13/250
 - 20s - loss: 0.1160 - val_loss: 0.1134

Epoch 00013: val_loss improved from 0.11373 to 0.11344, saving model to lstm_autoencoder_2019-12-20_12-48-53.h5
Epoch 14/250
 - 20s - loss: 0.1147 - val_loss: 0.1168

Epoch 00014: val_loss did not improve from 0.11344
Epoch 15/250
 - 20s - loss: 0.1140 - val_loss: 0.1284

Epoch 00015: val_loss did not improve from 0.11344
Epoch 16/250
 - 20s - loss: 0.1134 - val_loss: 0.1179

Epoch 00016: val_loss did not improve from 0.11344
Epoch 17/250
 - 20s - loss: 0.1154 - val_loss: 0.1154

Epoch 00017: val_loss did not improve from 0.11344
Epoch 18/250
 - 20s - loss: 0.1124 - val_loss: 0.1132

Epoch 00018: val_loss improved from 0.11344 to 0.11322, saving model to lstm_autoencoder_2019-12-20_12-48-53.h5
Epoch 19/250
 - 20s - loss: 0.1114 - val_loss: 0.1157

Epoch 00019: val_loss did not improve from 0.11322
Epoch 20/250
 - 20s - loss: 0.1201 - val_loss: 0.1230

Epoch 00020: val_loss did not improve from 0.11322
Epoch 21/250
 - 20s - loss: 0.1149 - val_loss: 0.1225

Epoch 00021: val_loss did not improve from 0.11322
Epoch 22/250
 - 20s - loss: 0.1191 - val_loss: 0.1190

Epoch 00022: val_loss did not improve from 0.11322
Epoch 23/250
 - 20s - loss: 0.1133 - val_loss: 0.1228

Epoch 00023: val_loss did not improve from 0.11322
Epoch 24/250
 - 20s - loss: 0.1126 - val_loss: 0.1113

Epoch 00024: val_loss improved from 0.11322 to 0.11131, saving model to lstm_autoencoder_2019-12-20_12-48-53.h5
Epoch 25/250
 - 20s - loss: 0.1142 - val_loss: 0.1176

Epoch 00025: val_loss did not improve from 0.11131
Epoch 26/250
 - 20s - loss: 0.1127 - val_loss: 0.1152

Epoch 00026: val_loss did not improve from 0.11131
Epoch 27/250
 - 20s - loss: 0.1123 - val_loss: 0.1133

Epoch 00027: val_loss did not improve from 0.11131
Epoch 28/250
 - 20s - loss: 0.1123 - val_loss: 0.1267

Epoch 00028: val_loss did not improve from 0.11131
Epoch 29/250
 - 20s - loss: 0.1136 - val_loss: 0.1134

Epoch 00029: val_loss did not improve from 0.11131
Epoch 30/250
 - 20s - loss: 0.1122 - val_loss: 0.1268

Epoch 00030: val_loss did not improve from 0.11131
Epoch 31/250
 - 20s - loss: 0.1130 - val_loss: 0.1155

Epoch 00031: val_loss did not improve from 0.11131
Epoch 32/250
 - 20s - loss: 0.1135 - val_loss: 0.1218

Epoch 00032: val_loss did not improve from 0.11131
Epoch 33/250
 - 20s - loss: 0.1182 - val_loss: 0.1203

Epoch 00033: val_loss did not improve from 0.11131
Epoch 34/250
 - 20s - loss: 0.1155 - val_loss: 0.1309

Epoch 00034: val_loss did not improve from 0.11131
Epoch 35/250
 - 20s - loss: 0.1161 - val_loss: 0.1147

Epoch 00035: val_loss did not improve from 0.11131
Epoch 36/250
 - 20s - loss: 0.1118 - val_loss: 0.1133

Epoch 00036: val_loss did not improve from 0.11131
Epoch 37/250
 - 20s - loss: 0.1121 - val_loss: 0.1188

Epoch 00037: val_loss did not improve from 0.11131
Epoch 38/250
 - 20s - loss: 0.1147 - val_loss: 0.1137

Epoch 00038: val_loss did not improve from 0.11131
Epoch 39/250
 - 20s - loss: 0.1116 - val_loss: 0.1138

Epoch 00039: val_loss did not improve from 0.11131
Epoch 40/250
 - 20s - loss: 0.1115 - val_loss: 0.1159

Epoch 00040: val_loss did not improve from 0.11131
Epoch 41/250
 - 20s - loss: 0.1120 - val_loss: 0.1143

Epoch 00041: val_loss did not improve from 0.11131
Epoch 42/250
 - 20s - loss: 0.1115 - val_loss: 0.1119

Epoch 00042: val_loss did not improve from 0.11131
Epoch 43/250
 - 20s - loss: 0.1111 - val_loss: 0.1243

Epoch 00043: val_loss did not improve from 0.11131
Epoch 44/250
 - 20s - loss: 0.1137 - val_loss: 0.1145

Epoch 00044: val_loss did not improve from 0.11131
Epoch 45/250
 - 20s - loss: 0.1185 - val_loss: 0.1237

Epoch 00045: val_loss did not improve from 0.11131
Epoch 46/250
 - 20s - loss: 0.1275 - val_loss: 0.1197

Epoch 00046: val_loss did not improve from 0.11131
Epoch 47/250
 - 20s - loss: 0.1208 - val_loss: 0.1189

Epoch 00047: val_loss did not improve from 0.11131
Epoch 48/250
 - 20s - loss: 0.1182 - val_loss: 0.1221

Epoch 00048: val_loss did not improve from 0.11131
Epoch 49/250
 - 20s - loss: 0.1134 - val_loss: 0.1169

Epoch 00049: val_loss did not improve from 0.11131
Epoch 50/250
 - 20s - loss: 0.1158 - val_loss: 0.1258

Epoch 00050: val_loss did not improve from 0.11131
Epoch 51/250
 - 20s - loss: 0.1139 - val_loss: 0.1139

Epoch 00051: val_loss did not improve from 0.11131
Epoch 52/250
 - 20s - loss: 0.1139 - val_loss: 0.1153

Epoch 00052: val_loss did not improve from 0.11131
Epoch 53/250
 - 20s - loss: 0.1188 - val_loss: 0.1172

Epoch 00053: val_loss did not improve from 0.11131
Epoch 54/250
 - 20s - loss: 0.1147 - val_loss: 0.1287

Epoch 00054: val_loss did not improve from 0.11131
Epoch 00054: early stopping
