2019-12-16 11:56:03.507951: I tensorflow/core/platform/cpu_feature_guard.cc:141] Your CPU supports instructions that this TensorFlow binary was not compiled to use: SSE4.1 SSE4.2 AVX
2019-12-16 11:56:03.624182: I tensorflow/stream_executor/cuda/cuda_gpu_executor.cc:897] successful NUMA node read from SysFS had negative value (-1), but there must be at least one NUMA node, so returning NUMA node zero
2019-12-16 11:56:03.624753: I tensorflow/core/common_runtime/gpu/gpu_device.cc:1405] Found device 0 with properties: 
name: TITAN Xp major: 6 minor: 1 memoryClockRate(GHz): 1.582
pciBusID: 0000:01:00.0
totalMemory: 11.91GiB freeMemory: 11.73GiB
2019-12-16 11:56:03.624771: I tensorflow/core/common_runtime/gpu/gpu_device.cc:1484] Adding visible gpu devices: 0
2019-12-16 11:56:03.858511: I tensorflow/core/common_runtime/gpu/gpu_device.cc:965] Device interconnect StreamExecutor with strength 1 edge matrix:
2019-12-16 11:56:03.858554: I tensorflow/core/common_runtime/gpu/gpu_device.cc:971]      0 
2019-12-16 11:56:03.858563: I tensorflow/core/common_runtime/gpu/gpu_device.cc:984] 0:   N 
2019-12-16 11:56:03.858829: I tensorflow/core/common_runtime/gpu/gpu_device.cc:1097] Created TensorFlow device (/job:localhost/replica:0/task:0/device:GPU:0 with 11348 MB memory) -> physical GPU (device: 0, name: TITAN Xp, pci bus id: 0000:01:00.0, compute capability: 6.1)
Train on 32962 samples, validate on 1735 samples
Epoch 1/250
 - 269s - loss: 0.3577 - val_loss: 0.2876

Epoch 00001: val_loss improved from inf to 0.28758, saving model to lstm_autoencoder_2019-12-16_11-56-02.h5
Epoch 2/250
 - 267s - loss: 0.2714 - val_loss: 0.2615

Epoch 00002: val_loss improved from 0.28758 to 0.26145, saving model to lstm_autoencoder_2019-12-16_11-56-02.h5
Epoch 3/250
 - 267s - loss: 0.2529 - val_loss: 0.2372

Epoch 00003: val_loss improved from 0.26145 to 0.23718, saving model to lstm_autoencoder_2019-12-16_11-56-02.h5
Epoch 4/250
 - 267s - loss: 0.2387 - val_loss: 0.2230

Epoch 00004: val_loss improved from 0.23718 to 0.22305, saving model to lstm_autoencoder_2019-12-16_11-56-02.h5
Epoch 5/250
 - 267s - loss: 0.2287 - val_loss: 0.2209

Epoch 00005: val_loss improved from 0.22305 to 0.22095, saving model to lstm_autoencoder_2019-12-16_11-56-02.h5
Epoch 6/250
 - 267s - loss: 0.2241 - val_loss: 0.2524

Epoch 00006: val_loss did not improve from 0.22095
Epoch 7/250
 - 267s - loss: 0.2212 - val_loss: 0.2117

Epoch 00007: val_loss improved from 0.22095 to 0.21173, saving model to lstm_autoencoder_2019-12-16_11-56-02.h5
Epoch 8/250
 - 268s - loss: 0.2121 - val_loss: 0.2082

Epoch 00008: val_loss improved from 0.21173 to 0.20824, saving model to lstm_autoencoder_2019-12-16_11-56-02.h5
Epoch 9/250
 - 268s - loss: 0.2096 - val_loss: 0.2009

Epoch 00009: val_loss improved from 0.20824 to 0.20095, saving model to lstm_autoencoder_2019-12-16_11-56-02.h5
Epoch 10/250
 - 268s - loss: 0.2047 - val_loss: 0.1996

Epoch 00010: val_loss improved from 0.20095 to 0.19964, saving model to lstm_autoencoder_2019-12-16_11-56-02.h5
Epoch 11/250
 - 268s - loss: 0.2022 - val_loss: 0.1957

Epoch 00011: val_loss improved from 0.19964 to 0.19573, saving model to lstm_autoencoder_2019-12-16_11-56-02.h5
Epoch 12/250
 - 268s - loss: 0.1993 - val_loss: 0.1923

Epoch 00012: val_loss improved from 0.19573 to 0.19227, saving model to lstm_autoencoder_2019-12-16_11-56-02.h5
Epoch 13/250
 - 268s - loss: 0.1972 - val_loss: 0.1894

Epoch 00013: val_loss improved from 0.19227 to 0.18942, saving model to lstm_autoencoder_2019-12-16_11-56-02.h5
Epoch 14/250
 - 268s - loss: 0.1951 - val_loss: 0.1871

Epoch 00014: val_loss improved from 0.18942 to 0.18708, saving model to lstm_autoencoder_2019-12-16_11-56-02.h5
Epoch 15/250
 - 268s - loss: 0.1928 - val_loss: 0.1977

Epoch 00015: val_loss did not improve from 0.18708
Epoch 16/250
 - 268s - loss: 0.1924 - val_loss: 0.1860

Epoch 00016: val_loss improved from 0.18708 to 0.18601, saving model to lstm_autoencoder_2019-12-16_11-56-02.h5
Epoch 17/250
 - 268s - loss: 0.1879 - val_loss: 0.1818

Epoch 00017: val_loss improved from 0.18601 to 0.18181, saving model to lstm_autoencoder_2019-12-16_11-56-02.h5
Epoch 18/250
 - 268s - loss: 0.1872 - val_loss: 0.1903

Epoch 00018: val_loss did not improve from 0.18181
Epoch 19/250
 - 268s - loss: 0.1845 - val_loss: 0.1875

Epoch 00019: val_loss did not improve from 0.18181
Epoch 20/250
 - 268s - loss: 0.1846 - val_loss: 0.1793

Epoch 00020: val_loss improved from 0.18181 to 0.17928, saving model to lstm_autoencoder_2019-12-16_11-56-02.h5
Epoch 21/250
 - 268s - loss: 0.1820 - val_loss: 0.1803

Epoch 00021: val_loss did not improve from 0.17928
Epoch 22/250
 - 268s - loss: 0.1802 - val_loss: 0.1726

Epoch 00022: val_loss improved from 0.17928 to 0.17265, saving model to lstm_autoencoder_2019-12-16_11-56-02.h5
Epoch 23/250
 - 268s - loss: 0.1812 - val_loss: 0.1876

Epoch 00023: val_loss did not improve from 0.17265
Epoch 24/250
 - 268s - loss: 0.1792 - val_loss: 0.1772

Epoch 00024: val_loss did not improve from 0.17265
Epoch 25/250
 - 268s - loss: 0.1786 - val_loss: 0.1724

Epoch 00025: val_loss improved from 0.17265 to 0.17244, saving model to lstm_autoencoder_2019-12-16_11-56-02.h5
Epoch 26/250
 - 268s - loss: 0.1768 - val_loss: 0.1743

Epoch 00026: val_loss did not improve from 0.17244
Epoch 27/250
 - 268s - loss: 0.1757 - val_loss: 0.1700

Epoch 00027: val_loss improved from 0.17244 to 0.17001, saving model to lstm_autoencoder_2019-12-16_11-56-02.h5
Epoch 28/250
 - 268s - loss: 0.1754 - val_loss: 0.1710

Epoch 00028: val_loss did not improve from 0.17001
Epoch 29/250
 - 268s - loss: 0.1736 - val_loss: 0.1806

Epoch 00029: val_loss did not improve from 0.17001
Epoch 30/250
 - 268s - loss: 0.1739 - val_loss: 0.1697

Epoch 00030: val_loss improved from 0.17001 to 0.16975, saving model to lstm_autoencoder_2019-12-16_11-56-02.h5
Epoch 31/250
 - 268s - loss: 0.1728 - val_loss: 0.1684

Epoch 00031: val_loss improved from 0.16975 to 0.16838, saving model to lstm_autoencoder_2019-12-16_11-56-02.h5
Epoch 32/250
 - 268s - loss: 0.1713 - val_loss: 0.1703

Epoch 00032: val_loss did not improve from 0.16838
Epoch 33/250
 - 268s - loss: 0.1710 - val_loss: 0.1722

Epoch 00033: val_loss did not improve from 0.16838
Epoch 34/250
 - 268s - loss: 0.1699 - val_loss: 0.1665

Epoch 00034: val_loss improved from 0.16838 to 0.16654, saving model to lstm_autoencoder_2019-12-16_11-56-02.h5
Epoch 35/250
 - 268s - loss: 0.1703 - val_loss: 0.1727

Epoch 00035: val_loss did not improve from 0.16654
Epoch 36/250
 - 268s - loss: 0.1681 - val_loss: 0.1755

Epoch 00036: val_loss did not improve from 0.16654
Epoch 37/250
 - 267s - loss: 0.1691 - val_loss: 0.1684

Epoch 00037: val_loss did not improve from 0.16654
Epoch 38/250
 - 268s - loss: 0.1680 - val_loss: 0.1730

Epoch 00038: val_loss did not improve from 0.16654
Epoch 39/250
 - 268s - loss: 0.1677 - val_loss: 0.1708
Using TensorFlow backend.

Epoch 00039: val_loss did not improve from 0.16654
Epoch 00039: early stopping
