2020-01-14 14:46:23.892963: I tensorflow/core/platform/cpu_feature_guard.cc:141] Your CPU supports instructions that this TensorFlow binary was not compiled to use: SSE4.1 SSE4.2 AVX
2020-01-14 14:46:24.014102: I tensorflow/stream_executor/cuda/cuda_gpu_executor.cc:897] successful NUMA node read from SysFS had negative value (-1), but there must be at least one NUMA node, so returning NUMA node zero
2020-01-14 14:46:24.014660: I tensorflow/core/common_runtime/gpu/gpu_device.cc:1405] Found device 0 with properties: 
name: TITAN Xp major: 6 minor: 1 memoryClockRate(GHz): 1.582
pciBusID: 0000:01:00.0
totalMemory: 11.91GiB freeMemory: 11.73GiB
2020-01-14 14:46:24.014685: I tensorflow/core/common_runtime/gpu/gpu_device.cc:1484] Adding visible gpu devices: 0
2020-01-14 14:46:24.248514: I tensorflow/core/common_runtime/gpu/gpu_device.cc:965] Device interconnect StreamExecutor with strength 1 edge matrix:
2020-01-14 14:46:24.248559: I tensorflow/core/common_runtime/gpu/gpu_device.cc:971]      0 
2020-01-14 14:46:24.248568: I tensorflow/core/common_runtime/gpu/gpu_device.cc:984] 0:   N 
2020-01-14 14:46:24.248839: I tensorflow/core/common_runtime/gpu/gpu_device.cc:1097] Created TensorFlow device (/job:localhost/replica:0/task:0/device:GPU:0 with 11348 MB memory) -> physical GPU (device: 0, name: TITAN Xp, pci bus id: 0000:01:00.0, compute capability: 6.1)
2020-01-14 14:46:24.524268: I tensorflow/core/kernels/cuda_solvers.cc:159] Creating CudaSolver handles for stream 0x559abeee1150
Train on 32962 samples, validate on 1735 samples
Epoch 1/8000
 - 10s - loss: 0.4585 - val_loss: 0.2958

Epoch 00001: val_loss improved from inf to 0.29576, saving model to model_weights/lstm_autoencoder_2020-01-14_14-46-23.h5
Epoch 2/8000
 - 8s - loss: 0.3033 - val_loss: 0.2894

Epoch 00002: val_loss improved from 0.29576 to 0.28940, saving model to model_weights/lstm_autoencoder_2020-01-14_14-46-23.h5
Epoch 3/8000
 - 8s - loss: 0.3012 - val_loss: 0.2882

Epoch 00003: val_loss improved from 0.28940 to 0.28818, saving model to model_weights/lstm_autoencoder_2020-01-14_14-46-23.h5
Epoch 4/8000
 - 8s - loss: 0.2994 - val_loss: 0.2743

Epoch 00004: val_loss improved from 0.28818 to 0.27430, saving model to model_weights/lstm_autoencoder_2020-01-14_14-46-23.h5
Epoch 5/8000
 - 8s - loss: 0.2765 - val_loss: 0.2734

Epoch 00005: val_loss improved from 0.27430 to 0.27345, saving model to model_weights/lstm_autoencoder_2020-01-14_14-46-23.h5
Epoch 6/8000
 - 9s - loss: 0.2666 - val_loss: 0.2553

Epoch 00006: val_loss improved from 0.27345 to 0.25527, saving model to model_weights/lstm_autoencoder_2020-01-14_14-46-23.h5
Epoch 7/8000
 - 9s - loss: 0.2536 - val_loss: 0.2524

Epoch 00007: val_loss improved from 0.25527 to 0.25239, saving model to model_weights/lstm_autoencoder_2020-01-14_14-46-23.h5
Epoch 8/8000
 - 9s - loss: 0.2445 - val_loss: 0.2274

Epoch 00008: val_loss improved from 0.25239 to 0.22739, saving model to model_weights/lstm_autoencoder_2020-01-14_14-46-23.h5
Epoch 9/8000
 - 9s - loss: 0.2346 - val_loss: 0.2526

Epoch 00009: val_loss did not improve from 0.22739
Epoch 10/8000
 - 9s - loss: 0.2306 - val_loss: 0.2161

Epoch 00010: val_loss improved from 0.22739 to 0.21607, saving model to model_weights/lstm_autoencoder_2020-01-14_14-46-23.h5
Epoch 11/8000
 - 9s - loss: 0.2299 - val_loss: 0.2217

Epoch 00011: val_loss did not improve from 0.21607
Epoch 12/8000
 - 9s - loss: 0.2255 - val_loss: 0.2259

Epoch 00012: val_loss did not improve from 0.21607
Epoch 13/8000
 - 9s - loss: 0.2204 - val_loss: 0.2079

Epoch 00013: val_loss improved from 0.21607 to 0.20789, saving model to model_weights/lstm_autoencoder_2020-01-14_14-46-23.h5
Epoch 14/8000
 - 9s - loss: 0.2176 - val_loss: 0.2215

Epoch 00014: val_loss did not improve from 0.20789
Epoch 15/8000
 - 9s - loss: 0.2124 - val_loss: 0.2084

Epoch 00015: val_loss did not improve from 0.20789
Epoch 16/8000
 - 9s - loss: 0.2126 - val_loss: 0.2265

Epoch 00016: val_loss did not improve from 0.20789
Epoch 17/8000
 - 9s - loss: 0.2073 - val_loss: 0.2007

Epoch 00017: val_loss improved from 0.20789 to 0.20066, saving model to model_weights/lstm_autoencoder_2020-01-14_14-46-23.h5
Epoch 18/8000
 - 9s - loss: 0.2131 - val_loss: 0.2129

Epoch 00018: val_loss did not improve from 0.20066
Epoch 19/8000
 - 9s - loss: 0.2035 - val_loss: 0.2126

Epoch 00019: val_loss did not improve from 0.20066
Epoch 20/8000
 - 9s - loss: 0.2006 - val_loss: 0.1920

Epoch 00020: val_loss improved from 0.20066 to 0.19201, saving model to model_weights/lstm_autoencoder_2020-01-14_14-46-23.h5
Epoch 21/8000
 - 9s - loss: 0.2004 - val_loss: 0.2169

Epoch 00021: val_loss did not improve from 0.19201
Epoch 22/8000
 - 9s - loss: 0.1988 - val_loss: 0.2084

Epoch 00022: val_loss did not improve from 0.19201
Epoch 23/8000
 - 9s - loss: 0.2021 - val_loss: 0.2011

Epoch 00023: val_loss did not improve from 0.19201
Epoch 24/8000
 - 9s - loss: 0.1953 - val_loss: 0.2058

Epoch 00024: val_loss did not improve from 0.19201
Epoch 25/8000
 - 9s - loss: 0.1942 - val_loss: 0.2016

Epoch 00025: val_loss did not improve from 0.19201
Epoch 26/8000
 - 9s - loss: 0.1929 - val_loss: 0.1912

Epoch 00026: val_loss improved from 0.19201 to 0.19124, saving model to model_weights/lstm_autoencoder_2020-01-14_14-46-23.h5
Epoch 27/8000
 - 9s - loss: 0.1881 - val_loss: 0.1966

Epoch 00027: val_loss did not improve from 0.19124
Epoch 28/8000
 - 9s - loss: 0.1878 - val_loss: 0.1999

Epoch 00028: val_loss did not improve from 0.19124
Epoch 29/8000
 - 9s - loss: 0.1911 - val_loss: 0.1848

Epoch 00029: val_loss improved from 0.19124 to 0.18479, saving model to model_weights/lstm_autoencoder_2020-01-14_14-46-23.h5
Epoch 30/8000
 - 9s - loss: 0.1913 - val_loss: 0.1880

Epoch 00030: val_loss did not improve from 0.18479
Epoch 31/8000
 - 9s - loss: 0.1863 - val_loss: 0.1807

Epoch 00031: val_loss improved from 0.18479 to 0.18067, saving model to model_weights/lstm_autoencoder_2020-01-14_14-46-23.h5
Epoch 32/8000
 - 9s - loss: 0.1915 - val_loss: 0.1878

Epoch 00032: val_loss did not improve from 0.18067
Epoch 33/8000
 - 9s - loss: 0.1823 - val_loss: 0.1798

Epoch 00033: val_loss improved from 0.18067 to 0.17980, saving model to model_weights/lstm_autoencoder_2020-01-14_14-46-23.h5
Epoch 34/8000
 - 9s - loss: 0.1791 - val_loss: 0.1759

Epoch 00034: val_loss improved from 0.17980 to 0.17593, saving model to model_weights/lstm_autoencoder_2020-01-14_14-46-23.h5
Epoch 35/8000
 - 9s - loss: 0.1846 - val_loss: 0.1844

Epoch 00035: val_loss did not improve from 0.17593
Epoch 36/8000
 - 9s - loss: 0.1844 - val_loss: 0.1742

Epoch 00036: val_loss improved from 0.17593 to 0.17425, saving model to model_weights/lstm_autoencoder_2020-01-14_14-46-23.h5
Epoch 37/8000
 - 9s - loss: 0.1794 - val_loss: 0.1723

Epoch 00037: val_loss improved from 0.17425 to 0.17233, saving model to model_weights/lstm_autoencoder_2020-01-14_14-46-23.h5
Epoch 38/8000
 - 9s - loss: 0.1793 - val_loss: 0.1900

Epoch 00038: val_loss did not improve from 0.17233
Epoch 39/8000
 - 9s - loss: 0.1802 - val_loss: 0.1756

Epoch 00039: val_loss did not improve from 0.17233
Epoch 40/8000
 - 9s - loss: 0.1824 - val_loss: 0.1746

Epoch 00040: val_loss did not improve from 0.17233
Epoch 41/8000
 - 9s - loss: 0.1799 - val_loss: 0.1774

Epoch 00041: val_loss did not improve from 0.17233
Epoch 42/8000
 - 9s - loss: 0.1802 - val_loss: 0.1777

Epoch 00042: val_loss did not improve from 0.17233
Epoch 43/8000
 - 9s - loss: 0.1772 - val_loss: 0.1710

Epoch 00043: val_loss improved from 0.17233 to 0.17101, saving model to model_weights/lstm_autoencoder_2020-01-14_14-46-23.h5
Epoch 44/8000
 - 9s - loss: 0.1761 - val_loss: 0.1702

Epoch 00044: val_loss improved from 0.17101 to 0.17019, saving model to model_weights/lstm_autoencoder_2020-01-14_14-46-23.h5
Epoch 45/8000
 - 9s - loss: 0.1747 - val_loss: 0.1757

Epoch 00045: val_loss did not improve from 0.17019
Epoch 46/8000
 - 9s - loss: 0.1755 - val_loss: 0.1678

Epoch 00046: val_loss improved from 0.17019 to 0.16783, saving model to model_weights/lstm_autoencoder_2020-01-14_14-46-23.h5
Epoch 47/8000
 - 9s - loss: 0.1729 - val_loss: 0.1658

Epoch 00047: val_loss improved from 0.16783 to 0.16581, saving model to model_weights/lstm_autoencoder_2020-01-14_14-46-23.h5
Epoch 48/8000
 - 9s - loss: 0.1725 - val_loss: 0.1672

Epoch 00048: val_loss did not improve from 0.16581
Epoch 49/8000
 - 9s - loss: 0.1729 - val_loss: 0.1718

Epoch 00049: val_loss did not improve from 0.16581
Epoch 50/8000
 - 9s - loss: 0.1712 - val_loss: 0.1658

Epoch 00050: val_loss did not improve from 0.16581
Epoch 51/8000
 - 9s - loss: 0.1713 - val_loss: 0.1720

Epoch 00051: val_loss did not improve from 0.16581
Epoch 52/8000
 - 9s - loss: 0.1779 - val_loss: 0.1707

Epoch 00052: val_loss did not improve from 0.16581
Epoch 53/8000
 - 9s - loss: 0.1718 - val_loss: 0.1691

Epoch 00053: val_loss did not improve from 0.16581
Epoch 54/8000
 - 9s - loss: 0.1724 - val_loss: 0.1792

Epoch 00054: val_loss did not improve from 0.16581
Epoch 55/8000
 - 9s - loss: 0.1736 - val_loss: 0.1730

Epoch 00055: val_loss did not improve from 0.16581
Epoch 56/8000
 - 9s - loss: 0.1684 - val_loss: 0.1695

Epoch 00056: val_loss did not improve from 0.16581
Epoch 57/8000
 - 9s - loss: 0.1660 - val_loss: 0.1657

Epoch 00057: val_loss improved from 0.16581 to 0.16572, saving model to model_weights/lstm_autoencoder_2020-01-14_14-46-23.h5
Epoch 58/8000
 - 9s - loss: 0.1660 - val_loss: 0.1573

Epoch 00058: val_loss improved from 0.16572 to 0.15734, saving model to model_weights/lstm_autoencoder_2020-01-14_14-46-23.h5
Epoch 59/8000
 - 9s - loss: 0.1655 - val_loss: 0.1617

Epoch 00059: val_loss did not improve from 0.15734
Epoch 60/8000
 - 9s - loss: 0.1694 - val_loss: 0.1760

Epoch 00060: val_loss did not improve from 0.15734
Epoch 61/8000
 - 9s - loss: 0.1707 - val_loss: 0.1670

Epoch 00061: val_loss did not improve from 0.15734
Epoch 62/8000
 - 9s - loss: 0.1649 - val_loss: 0.1648

Epoch 00062: val_loss did not improve from 0.15734
Epoch 63/8000
 - 9s - loss: 0.1675 - val_loss: 0.1629

Epoch 00063: val_loss did not improve from 0.15734
Epoch 64/8000
 - 9s - loss: 0.1670 - val_loss: 0.1644

Epoch 00064: val_loss did not improve from 0.15734
Epoch 65/8000
 - 9s - loss: 0.1683 - val_loss: 0.1590

Epoch 00065: val_loss did not improve from 0.15734
Epoch 66/8000
 - 9s - loss: 0.1610 - val_loss: 0.1614

Epoch 00066: val_loss did not improve from 0.15734
Epoch 67/8000
 - 9s - loss: 0.1622 - val_loss: 0.1583

Epoch 00067: val_loss did not improve from 0.15734
Epoch 68/8000
 - 9s - loss: 0.1596 - val_loss: 0.1611

Epoch 00068: val_loss did not improve from 0.15734
Epoch 69/8000
 - 9s - loss: 0.1694 - val_loss: 0.1657

Epoch 00069: val_loss did not improve from 0.15734
Epoch 70/8000
 - 9s - loss: 0.1633 - val_loss: 0.1766

Epoch 00070: val_loss did not improve from 0.15734
Epoch 71/8000
 - 9s - loss: 0.1615 - val_loss: 0.1570

Epoch 00071: val_loss improved from 0.15734 to 0.15699, saving model to model_weights/lstm_autoencoder_2020-01-14_14-46-23.h5
Epoch 72/8000
 - 9s - loss: 0.1619 - val_loss: 0.1591

Epoch 00072: val_loss did not improve from 0.15699
Epoch 73/8000
 - 9s - loss: 0.1625 - val_loss: 0.1863

Epoch 00073: val_loss did not improve from 0.15699
Epoch 74/8000
 - 9s - loss: 0.1619 - val_loss: 0.1570

Epoch 00074: val_loss did not improve from 0.15699
Epoch 75/8000
 - 9s - loss: 0.1654 - val_loss: 0.1675

Epoch 00075: val_loss did not improve from 0.15699
Epoch 76/8000
 - 9s - loss: 0.1677 - val_loss: 0.1778

Epoch 00076: val_loss did not improve from 0.15699
Epoch 77/8000
 - 9s - loss: 0.1630 - val_loss: 0.1619

Epoch 00077: val_loss did not improve from 0.15699
Epoch 78/8000
 - 9s - loss: 0.1575 - val_loss: 0.1574

Epoch 00078: val_loss did not improve from 0.15699
Epoch 79/8000
 - 9s - loss: 0.1573 - val_loss: 0.1641

Epoch 00079: val_loss did not improve from 0.15699
Epoch 80/8000
 - 9s - loss: 0.1594 - val_loss: 0.1591

Epoch 00080: val_loss did not improve from 0.15699
Epoch 81/8000
 - 9s - loss: 0.1639 - val_loss: 0.1643

Epoch 00081: val_loss did not improve from 0.15699
Epoch 82/8000
 - 9s - loss: 0.1659 - val_loss: 0.1745

Epoch 00082: val_loss did not improve from 0.15699
Epoch 83/8000
 - 9s - loss: 0.1629 - val_loss: 0.1691

Epoch 00083: val_loss did not improve from 0.15699
Epoch 84/8000
 - 9s - loss: 0.1577 - val_loss: 0.1591

Epoch 00084: val_loss did not improve from 0.15699
Epoch 85/8000
 - 9s - loss: 0.1565 - val_loss: 0.1632

Epoch 00085: val_loss did not improve from 0.15699
Epoch 86/8000
 - 9s - loss: 0.1605 - val_loss: 0.1710

Epoch 00086: val_loss did not improve from 0.15699
Epoch 87/8000
 - 9s - loss: 0.1559 - val_loss: 0.1617

Epoch 00087: val_loss did not improve from 0.15699
Epoch 88/8000
 - 9s - loss: 0.1540 - val_loss: 0.1605

Epoch 00088: val_loss did not improve from 0.15699
Epoch 89/8000
 - 9s - loss: 0.1541 - val_loss: 0.1525

Epoch 00089: val_loss improved from 0.15699 to 0.15254, saving model to model_weights/lstm_autoencoder_2020-01-14_14-46-23.h5
Epoch 90/8000
 - 9s - loss: 0.1549 - val_loss: 0.1531

Epoch 00090: val_loss did not improve from 0.15254
Epoch 91/8000
 - 9s - loss: 0.1610 - val_loss: 0.1502

Epoch 00091: val_loss improved from 0.15254 to 0.15020, saving model to model_weights/lstm_autoencoder_2020-01-14_14-46-23.h5
Epoch 92/8000
 - 9s - loss: 0.1564 - val_loss: 0.1561

Epoch 00092: val_loss did not improve from 0.15020
Epoch 93/8000
 - 9s - loss: 0.1601 - val_loss: 0.1597

Epoch 00093: val_loss did not improve from 0.15020
Epoch 94/8000
 - 9s - loss: 0.1624 - val_loss: 0.1790

Epoch 00094: val_loss did not improve from 0.15020
Epoch 95/8000
 - 9s - loss: 0.1537 - val_loss: 0.1546

Epoch 00095: val_loss did not improve from 0.15020
Epoch 96/8000
 - 9s - loss: 0.1521 - val_loss: 0.1548

Epoch 00096: val_loss did not improve from 0.15020
Epoch 97/8000
 - 9s - loss: 0.1590 - val_loss: 0.1738

Epoch 00097: val_loss did not improve from 0.15020
Epoch 98/8000
 - 9s - loss: 0.1545 - val_loss: 0.1520

Epoch 00098: val_loss did not improve from 0.15020
Epoch 99/8000
 - 9s - loss: 0.1563 - val_loss: 0.1594

Epoch 00099: val_loss did not improve from 0.15020
Epoch 100/8000
 - 9s - loss: 0.1643 - val_loss: 0.1588

Epoch 00100: val_loss did not improve from 0.15020
Epoch 101/8000
 - 9s - loss: 0.1531 - val_loss: 0.1492

Epoch 00101: val_loss improved from 0.15020 to 0.14919, saving model to model_weights/lstm_autoencoder_2020-01-14_14-46-23.h5
Epoch 102/8000
 - 9s - loss: 0.1571 - val_loss: 0.1658

Epoch 00102: val_loss did not improve from 0.14919
Epoch 103/8000
 - 9s - loss: 0.1542 - val_loss: 0.1868

Epoch 00103: val_loss did not improve from 0.14919
Epoch 104/8000
 - 9s - loss: 0.1553 - val_loss: 0.1506

Epoch 00104: val_loss did not improve from 0.14919
Epoch 105/8000
 - 9s - loss: 0.1546 - val_loss: 0.1541

Epoch 00105: val_loss did not improve from 0.14919
Epoch 106/8000
 - 9s - loss: 0.1560 - val_loss: 0.1493

Epoch 00106: val_loss did not improve from 0.14919
Epoch 107/8000
 - 9s - loss: 0.1513 - val_loss: 0.1616

Epoch 00107: val_loss did not improve from 0.14919
Epoch 108/8000
 - 9s - loss: 0.1614 - val_loss: 0.1605

Epoch 00108: val_loss did not improve from 0.14919
Epoch 109/8000
 - 9s - loss: 0.1513 - val_loss: 0.1496

Epoch 00109: val_loss did not improve from 0.14919
Epoch 110/8000
 - 9s - loss: 0.1519 - val_loss: 0.1536

Epoch 00110: val_loss did not improve from 0.14919
Epoch 111/8000
 - 9s - loss: 0.1526 - val_loss: 0.1517

Epoch 00111: val_loss did not improve from 0.14919
Epoch 112/8000
 - 9s - loss: 0.1553 - val_loss: 0.1552

Epoch 00112: val_loss did not improve from 0.14919
Epoch 113/8000
 - 9s - loss: 0.1574 - val_loss: 0.1521

Epoch 00113: val_loss did not improve from 0.14919
Epoch 114/8000
 - 9s - loss: 0.1538 - val_loss: 0.1582

Epoch 00114: val_loss did not improve from 0.14919
Epoch 115/8000
 - 9s - loss: 0.1614 - val_loss: 0.1530

Epoch 00115: val_loss did not improve from 0.14919
Epoch 116/8000
 - 9s - loss: 0.1518 - val_loss: 0.1497

Epoch 00116: val_loss did not improve from 0.14919
Epoch 117/8000
 - 9s - loss: 0.1552 - val_loss: 0.1531

Epoch 00117: val_loss did not improve from 0.14919
Epoch 118/8000
 - 9s - loss: 0.1533 - val_loss: 0.1481

Epoch 00118: val_loss improved from 0.14919 to 0.14810, saving model to model_weights/lstm_autoencoder_2020-01-14_14-46-23.h5
Epoch 119/8000
 - 9s - loss: 0.1527 - val_loss: 0.1763

Epoch 00119: val_loss did not improve from 0.14810
Epoch 120/8000
 - 9s - loss: 0.1525 - val_loss: 0.1475

Epoch 00120: val_loss improved from 0.14810 to 0.14751, saving model to model_weights/lstm_autoencoder_2020-01-14_14-46-23.h5
Epoch 121/8000
 - 9s - loss: 0.1498 - val_loss: 0.1461

Epoch 00121: val_loss improved from 0.14751 to 0.14614, saving model to model_weights/lstm_autoencoder_2020-01-14_14-46-23.h5
Epoch 122/8000
 - 9s - loss: 0.1504 - val_loss: 0.1457

Epoch 00122: val_loss improved from 0.14614 to 0.14569, saving model to model_weights/lstm_autoencoder_2020-01-14_14-46-23.h5
Epoch 123/8000
 - 9s - loss: 0.1538 - val_loss: 0.1463

Epoch 00123: val_loss did not improve from 0.14569
Epoch 124/8000
 - 9s - loss: 0.1594 - val_loss: 0.1547

Epoch 00124: val_loss did not improve from 0.14569
Epoch 125/8000
 - 9s - loss: 0.1497 - val_loss: 0.1639

Epoch 00125: val_loss did not improve from 0.14569
Epoch 126/8000
 - 9s - loss: 0.1496 - val_loss: 0.1595

Epoch 00126: val_loss did not improve from 0.14569
Epoch 127/8000
 - 9s - loss: 0.1547 - val_loss: 0.1601

Epoch 00127: val_loss did not improve from 0.14569
Epoch 128/8000
 - 9s - loss: 0.1515 - val_loss: 0.1495

Epoch 00128: val_loss did not improve from 0.14569
Epoch 129/8000
 - 9s - loss: 0.1486 - val_loss: 0.1499

Epoch 00129: val_loss did not improve from 0.14569
Epoch 130/8000
 - 9s - loss: 0.1554 - val_loss: 0.1460

Epoch 00130: val_loss did not improve from 0.14569
Epoch 131/8000
 - 9s - loss: 0.1481 - val_loss: 0.1528

Epoch 00131: val_loss did not improve from 0.14569
Epoch 132/8000
 - 9s - loss: 0.1519 - val_loss: 0.1578

Epoch 00132: val_loss did not improve from 0.14569
Epoch 133/8000
 - 9s - loss: 0.1529 - val_loss: 0.1537

Epoch 00133: val_loss did not improve from 0.14569
Epoch 134/8000
 - 9s - loss: 0.1529 - val_loss: 0.1493

Epoch 00134: val_loss did not improve from 0.14569
Epoch 135/8000
 - 9s - loss: 0.1538 - val_loss: 0.1534

Epoch 00135: val_loss did not improve from 0.14569
Epoch 136/8000
 - 9s - loss: 0.1488 - val_loss: 0.1473

Epoch 00136: val_loss did not improve from 0.14569
Epoch 137/8000
 - 9s - loss: 0.1472 - val_loss: 0.1468

Epoch 00137: val_loss did not improve from 0.14569
Epoch 138/8000
 - 9s - loss: 0.1547 - val_loss: 0.1589

Epoch 00138: val_loss did not improve from 0.14569
Epoch 139/8000
 - 9s - loss: 0.1516 - val_loss: 0.1581

Epoch 00139: val_loss did not improve from 0.14569
Epoch 140/8000
 - 9s - loss: 0.1492 - val_loss: 0.1465

Epoch 00140: val_loss did not improve from 0.14569
Epoch 141/8000
 - 9s - loss: 0.1529 - val_loss: 0.1534

Epoch 00141: val_loss did not improve from 0.14569
Epoch 142/8000
 - 9s - loss: 0.1560 - val_loss: 0.1525

Epoch 00142: val_loss did not improve from 0.14569
Epoch 143/8000
 - 9s - loss: 0.1481 - val_loss: 0.1470

Epoch 00143: val_loss did not improve from 0.14569
Epoch 144/8000
 - 9s - loss: 0.1516 - val_loss: 0.1513

Epoch 00144: val_loss did not improve from 0.14569
Epoch 145/8000
 - 9s - loss: 0.1505 - val_loss: 0.1463

Epoch 00145: val_loss did not improve from 0.14569
Epoch 146/8000
 - 9s - loss: 0.1499 - val_loss: 0.1573

Epoch 00146: val_loss did not improve from 0.14569
Epoch 147/8000
 - 9s - loss: 0.1586 - val_loss: 0.1477

Epoch 00147: val_loss did not improve from 0.14569
Epoch 148/8000
 - 9s - loss: 0.1496 - val_loss: 0.1497

Epoch 00148: val_loss did not improve from 0.14569
Epoch 149/8000
 - 9s - loss: 0.1552 - val_loss: 0.1542

Epoch 00149: val_loss did not improve from 0.14569
Epoch 150/8000
 - 9s - loss: 0.1537 - val_loss: 0.1456

Epoch 00150: val_loss improved from 0.14569 to 0.14558, saving model to model_weights/lstm_autoencoder_2020-01-14_14-46-23.h5
Epoch 151/8000
 - 9s - loss: 0.1462 - val_loss: 0.1479

Epoch 00151: val_loss did not improve from 0.14558
Epoch 152/8000
 - 9s - loss: 0.1520 - val_loss: 0.1439

Epoch 00152: val_loss improved from 0.14558 to 0.14392, saving model to model_weights/lstm_autoencoder_2020-01-14_14-46-23.h5
Epoch 153/8000
 - 9s - loss: 0.1569 - val_loss: 0.1505

Epoch 00153: val_loss did not improve from 0.14392
Epoch 154/8000
 - 9s - loss: 0.1574 - val_loss: 0.1506

Epoch 00154: val_loss did not improve from 0.14392
Epoch 155/8000
 - 9s - loss: 0.1492 - val_loss: 0.1501

Epoch 00155: val_loss did not improve from 0.14392
Epoch 156/8000
 - 9s - loss: 0.1505 - val_loss: 0.1577

Epoch 00156: val_loss did not improve from 0.14392
Epoch 157/8000
 - 9s - loss: 0.1545 - val_loss: 0.1523

Epoch 00157: val_loss did not improve from 0.14392
Epoch 158/8000
 - 9s - loss: 0.1552 - val_loss: 0.1499

Epoch 00158: val_loss did not improve from 0.14392
Epoch 159/8000
 - 9s - loss: 0.1564 - val_loss: 0.1499

Epoch 00159: val_loss did not improve from 0.14392
Epoch 160/8000
 - 9s - loss: 0.1498 - val_loss: 0.1449

Epoch 00160: val_loss did not improve from 0.14392
Epoch 161/8000
 - 9s - loss: 0.1545 - val_loss: 0.1757

Epoch 00161: val_loss did not improve from 0.14392
Epoch 162/8000
 - 9s - loss: 0.1503 - val_loss: 0.1609

Epoch 00162: val_loss did not improve from 0.14392
Epoch 163/8000
 - 9s - loss: 0.1640 - val_loss: 0.2307

Epoch 00163: val_loss did not improve from 0.14392
Epoch 164/8000
 - 9s - loss: 0.1808 - val_loss: 0.1678

Epoch 00164: val_loss did not improve from 0.14392
Epoch 165/8000
 - 9s - loss: 0.1615 - val_loss: 0.1621

Epoch 00165: val_loss did not improve from 0.14392
Epoch 166/8000
 - 9s - loss: 0.1523 - val_loss: 0.1620

Epoch 00166: val_loss did not improve from 0.14392
Epoch 167/8000
 - 9s - loss: 0.1562 - val_loss: 0.1598

Epoch 00167: val_loss did not improve from 0.14392
Epoch 168/8000
 - 9s - loss: 0.1500 - val_loss: 0.1441

Epoch 00168: val_loss did not improve from 0.14392
Epoch 169/8000
 - 9s - loss: 0.1921 - val_loss: 0.2118

Epoch 00169: val_loss did not improve from 0.14392
Epoch 170/8000
 - 9s - loss: 0.1824 - val_loss: 0.1651

Epoch 00170: val_loss did not improve from 0.14392
Epoch 171/8000
 - 9s - loss: 0.1663 - val_loss: 0.1547

Epoch 00171: val_loss did not improve from 0.14392
Epoch 172/8000
 - 9s - loss: 0.1543 - val_loss: 0.1579

Epoch 00172: val_loss did not improve from 0.14392
Epoch 173/8000
 - 9s - loss: 0.1575 - val_loss: 0.1544

Epoch 00173: val_loss did not improve from 0.14392
Epoch 174/8000
 - 9s - loss: 0.1509 - val_loss: 0.1473

Epoch 00174: val_loss did not improve from 0.14392
Epoch 175/8000
 - 9s - loss: 0.1487 - val_loss: 0.1461

Epoch 00175: val_loss did not improve from 0.14392
Epoch 176/8000
 - 9s - loss: 0.1534 - val_loss: 0.1513

Epoch 00176: val_loss did not improve from 0.14392
Epoch 177/8000
 - 9s - loss: 0.1523 - val_loss: 0.1689

Epoch 00177: val_loss did not improve from 0.14392
Epoch 178/8000
 - 9s - loss: 0.1589 - val_loss: 0.1481

Epoch 00178: val_loss did not improve from 0.14392
Epoch 179/8000
 - 9s - loss: 0.1497 - val_loss: 0.1557

Epoch 00179: val_loss did not improve from 0.14392
Epoch 180/8000
 - 9s - loss: 0.1547 - val_loss: 0.1662

Epoch 00180: val_loss did not improve from 0.14392
Epoch 181/8000
 - 9s - loss: 0.1478 - val_loss: 0.1444

Epoch 00181: val_loss did not improve from 0.14392
Epoch 182/8000
 - 9s - loss: 0.1530 - val_loss: 0.1442

Epoch 00182: val_loss did not improve from 0.14392
Epoch 183/8000
 - 9s - loss: 0.1505 - val_loss: 0.1456

Epoch 00183: val_loss did not improve from 0.14392
Epoch 184/8000
 - 9s - loss: 0.1461 - val_loss: 0.1469

Epoch 00184: val_loss did not improve from 0.14392
Epoch 185/8000
 - 9s - loss: 0.1461 - val_loss: 0.1445

Epoch 00185: val_loss did not improve from 0.14392
Epoch 186/8000
 - 9s - loss: 0.1484 - val_loss: 0.1523

Epoch 00186: val_loss did not improve from 0.14392
Epoch 187/8000
 - 9s - loss: 0.1442 - val_loss: 0.1537

Epoch 00187: val_loss did not improve from 0.14392
Epoch 188/8000
 - 9s - loss: 0.1458 - val_loss: 0.1439

Epoch 00188: val_loss improved from 0.14392 to 0.14389, saving model to model_weights/lstm_autoencoder_2020-01-14_14-46-23.h5
Epoch 189/8000
 - 9s - loss: 0.1473 - val_loss: 0.1451

Epoch 00189: val_loss did not improve from 0.14389
Epoch 190/8000
 - 9s - loss: 0.1522 - val_loss: 0.1488

Epoch 00190: val_loss did not improve from 0.14389
Epoch 191/8000
 - 9s - loss: 0.1607 - val_loss: 0.1685

Epoch 00191: val_loss did not improve from 0.14389
Epoch 192/8000
 - 9s - loss: 0.1523 - val_loss: 0.1475

Epoch 00192: val_loss did not improve from 0.14389
Epoch 193/8000
 - 9s - loss: 0.1457 - val_loss: 0.1430

Epoch 00193: val_loss improved from 0.14389 to 0.14301, saving model to model_weights/lstm_autoencoder_2020-01-14_14-46-23.h5
Epoch 194/8000
 - 9s - loss: 0.1497 - val_loss: 0.1484

Epoch 00194: val_loss did not improve from 0.14301
Epoch 195/8000
 - 9s - loss: 0.1523 - val_loss: 0.1463

Epoch 00195: val_loss did not improve from 0.14301
Epoch 196/8000
 - 9s - loss: 0.1493 - val_loss: 0.1458

Epoch 00196: val_loss did not improve from 0.14301
Epoch 197/8000
 - 9s - loss: 0.1448 - val_loss: 0.1511

Epoch 00197: val_loss did not improve from 0.14301
Epoch 198/8000
 - 9s - loss: 0.1545 - val_loss: 0.1461

Epoch 00198: val_loss did not improve from 0.14301
Epoch 199/8000
 - 9s - loss: 0.1487 - val_loss: 0.1439

Epoch 00199: val_loss did not improve from 0.14301
Epoch 200/8000
 - 9s - loss: 0.1510 - val_loss: 0.1576

Epoch 00200: val_loss did not improve from 0.14301
Epoch 201/8000
 - 9s - loss: 0.1529 - val_loss: 0.1451

Epoch 00201: val_loss did not improve from 0.14301
Epoch 202/8000
 - 9s - loss: 0.1414 - val_loss: 0.1400

Epoch 00202: val_loss improved from 0.14301 to 0.14000, saving model to model_weights/lstm_autoencoder_2020-01-14_14-46-23.h5
Epoch 203/8000
 - 9s - loss: 0.1428 - val_loss: 0.1502

Epoch 00203: val_loss did not improve from 0.14000
Epoch 204/8000
 - 9s - loss: 0.1469 - val_loss: 0.1419

Epoch 00204: val_loss did not improve from 0.14000
Epoch 205/8000
 - 9s - loss: 0.1470 - val_loss: 0.1551

Epoch 00205: val_loss did not improve from 0.14000
Epoch 206/8000
 - 9s - loss: 0.1470 - val_loss: 0.1428

Epoch 00206: val_loss did not improve from 0.14000
Epoch 207/8000
 - 9s - loss: 0.1504 - val_loss: 0.1477

Epoch 00207: val_loss did not improve from 0.14000
Epoch 208/8000
 - 9s - loss: 0.1449 - val_loss: 0.1428

Epoch 00208: val_loss did not improve from 0.14000
Epoch 209/8000
 - 9s - loss: 0.1524 - val_loss: 0.1427

Epoch 00209: val_loss did not improve from 0.14000
Epoch 210/8000
 - 9s - loss: 0.1480 - val_loss: 0.1462

Epoch 00210: val_loss did not improve from 0.14000
Epoch 211/8000
 - 9s - loss: 0.1480 - val_loss: 0.1705

Epoch 00211: val_loss did not improve from 0.14000
Epoch 212/8000
 - 9s - loss: 0.1560 - val_loss: 0.2245

Epoch 00212: val_loss did not improve from 0.14000
Epoch 213/8000
 - 9s - loss: 0.1850 - val_loss: 0.1642

Epoch 00213: val_loss did not improve from 0.14000
Epoch 214/8000
 - 9s - loss: 0.1526 - val_loss: 0.1510

Epoch 00214: val_loss did not improve from 0.14000
Epoch 215/8000
 - 9s - loss: 0.1519 - val_loss: 0.1493

Epoch 00215: val_loss did not improve from 0.14000
Epoch 216/8000
 - 9s - loss: 0.1473 - val_loss: 0.1464

Epoch 00216: val_loss did not improve from 0.14000
Epoch 217/8000
 - 9s - loss: 0.1530 - val_loss: 0.1477

Epoch 00217: val_loss did not improve from 0.14000
Epoch 218/8000
 - 9s - loss: 0.1541 - val_loss: 0.1447

Epoch 00218: val_loss did not improve from 0.14000
Epoch 219/8000
 - 9s - loss: 0.1485 - val_loss: 0.1465

Epoch 00219: val_loss did not improve from 0.14000
Epoch 220/8000
 - 9s - loss: 0.1555 - val_loss: 0.1507

Epoch 00220: val_loss did not improve from 0.14000
Epoch 221/8000
 - 9s - loss: 0.1512 - val_loss: 0.1456

Epoch 00221: val_loss did not improve from 0.14000
Epoch 222/8000
 - 9s - loss: 0.1518 - val_loss: 0.1425

Epoch 00222: val_loss did not improve from 0.14000
Epoch 223/8000
 - 9s - loss: 0.1521 - val_loss: 0.1435

Epoch 00223: val_loss did not improve from 0.14000
Epoch 224/8000
 - 9s - loss: 0.1447 - val_loss: 0.1485

Epoch 00224: val_loss did not improve from 0.14000
Epoch 225/8000
 - 9s - loss: 0.1528 - val_loss: 0.1525

Epoch 00225: val_loss did not improve from 0.14000
Epoch 226/8000
 - 9s - loss: 0.1532 - val_loss: 0.1445

Epoch 00226: val_loss did not improve from 0.14000
Epoch 227/8000
 - 9s - loss: 0.1583 - val_loss: 0.1587

Epoch 00227: val_loss did not improve from 0.14000
Epoch 228/8000
 - 9s - loss: 0.1502 - val_loss: 0.1443

Epoch 00228: val_loss did not improve from 0.14000
Epoch 229/8000
 - 9s - loss: 0.1536 - val_loss: 0.1486

Epoch 00229: val_loss did not improve from 0.14000
Epoch 230/8000
 - 9s - loss: 0.1507 - val_loss: 0.1419

Epoch 00230: val_loss did not improve from 0.14000
Epoch 231/8000
 - 9s - loss: 0.1523 - val_loss: 0.1562

Epoch 00231: val_loss did not improve from 0.14000
Epoch 232/8000
 - 9s - loss: 0.1504 - val_loss: 0.1896

Epoch 00232: val_loss did not improve from 0.14000
Epoch 233/8000
 - 9s - loss: 0.1548 - val_loss: 0.1567

Epoch 00233: val_loss did not improve from 0.14000
Epoch 234/8000
 - 9s - loss: 0.1467 - val_loss: 0.1441

Epoch 00234: val_loss did not improve from 0.14000
Epoch 235/8000
 - 9s - loss: 0.1451 - val_loss: 0.1679

Epoch 00235: val_loss did not improve from 0.14000
Epoch 236/8000
 - 9s - loss: 0.1550 - val_loss: 0.1450

Epoch 00236: val_loss did not improve from 0.14000
Epoch 237/8000
 - 9s - loss: 0.1481 - val_loss: 0.1442

Epoch 00237: val_loss did not improve from 0.14000
Epoch 238/8000
 - 9s - loss: 0.1413 - val_loss: 0.1452

Epoch 00238: val_loss did not improve from 0.14000
Epoch 239/8000
 - 9s - loss: 0.1436 - val_loss: 0.1439

Epoch 00239: val_loss did not improve from 0.14000
Epoch 240/8000
 - 9s - loss: 0.1447 - val_loss: 0.1428

Epoch 00240: val_loss did not improve from 0.14000
Epoch 241/8000
 - 9s - loss: 0.1532 - val_loss: 0.1493

Epoch 00241: val_loss did not improve from 0.14000
Epoch 242/8000
 - 9s - loss: 0.1515 - val_loss: 0.1689

Epoch 00242: val_loss did not improve from 0.14000
Epoch 243/8000
 - 9s - loss: 0.1497 - val_loss: 0.1516

Epoch 00243: val_loss did not improve from 0.14000
Epoch 244/8000
 - 9s - loss: 0.1511 - val_loss: 0.1476

Epoch 00244: val_loss did not improve from 0.14000
Epoch 245/8000
 - 9s - loss: 0.1477 - val_loss: 0.1494

Epoch 00245: val_loss did not improve from 0.14000
Epoch 246/8000
 - 9s - loss: 0.1481 - val_loss: 0.1480

Epoch 00246: val_loss did not improve from 0.14000
Epoch 247/8000
 - 9s - loss: 0.1604 - val_loss: 0.1568

Epoch 00247: val_loss did not improve from 0.14000
Epoch 248/8000
 - 9s - loss: 0.1511 - val_loss: 0.1402

Epoch 00248: val_loss did not improve from 0.14000
Epoch 249/8000
 - 9s - loss: 0.1439 - val_loss: 0.1417

Epoch 00249: val_loss did not improve from 0.14000
Epoch 250/8000
 - 9s - loss: 0.1511 - val_loss: 0.1740

Epoch 00250: val_loss did not improve from 0.14000
Epoch 251/8000
 - 9s - loss: 0.1433 - val_loss: 0.1420

Epoch 00251: val_loss did not improve from 0.14000
Epoch 252/8000
 - 9s - loss: 0.1516 - val_loss: 0.1674

Epoch 00252: val_loss did not improve from 0.14000
Epoch 253/8000
 - 9s - loss: 0.1522 - val_loss: 0.1447

Epoch 00253: val_loss did not improve from 0.14000
Epoch 254/8000
 - 9s - loss: 0.1457 - val_loss: 0.1564

Epoch 00254: val_loss did not improve from 0.14000
Epoch 255/8000
 - 9s - loss: 0.1418 - val_loss: 0.1400

Epoch 00255: val_loss did not improve from 0.14000
Epoch 256/8000
 - 9s - loss: 0.1482 - val_loss: 0.1405

Epoch 00256: val_loss did not improve from 0.14000
Epoch 257/8000
 - 9s - loss: 0.1555 - val_loss: 0.1581

Epoch 00257: val_loss did not improve from 0.14000
Epoch 258/8000
 - 9s - loss: 0.1530 - val_loss: 0.1460

Epoch 00258: val_loss did not improve from 0.14000
Epoch 259/8000
 - 9s - loss: 0.1575 - val_loss: 0.1561

Epoch 00259: val_loss did not improve from 0.14000
Epoch 260/8000
 - 9s - loss: 0.1525 - val_loss: 0.1409

Epoch 00260: val_loss did not improve from 0.14000
Epoch 261/8000
 - 9s - loss: 0.1606 - val_loss: 0.1539

Epoch 00261: val_loss did not improve from 0.14000
Epoch 262/8000
 - 9s - loss: 0.1523 - val_loss: 0.1509

Epoch 00262: val_loss did not improve from 0.14000
Epoch 263/8000
 - 9s - loss: 0.1466 - val_loss: 0.1399

Epoch 00263: val_loss improved from 0.14000 to 0.13990, saving model to model_weights/lstm_autoencoder_2020-01-14_14-46-23.h5
Epoch 264/8000
 - 9s - loss: 0.1783 - val_loss: 0.1632

Epoch 00264: val_loss did not improve from 0.13990
Epoch 265/8000
 - 9s - loss: 0.1652 - val_loss: 0.1569

Epoch 00265: val_loss did not improve from 0.13990
Epoch 266/8000
 - 9s - loss: 0.3636 - val_loss: 0.3525

Epoch 00266: val_loss did not improve from 0.13990
Epoch 267/8000
 - 9s - loss: 0.3040 - val_loss: 0.2678

Epoch 00267: val_loss did not improve from 0.13990
Epoch 268/8000
 - 9s - loss: 0.2692 - val_loss: 0.2526

Epoch 00268: val_loss did not improve from 0.13990
Epoch 269/8000
 - 9s - loss: 0.2601 - val_loss: 0.2427

Epoch 00269: val_loss did not improve from 0.13990
Epoch 270/8000
 - 9s - loss: 0.2491 - val_loss: 0.2360

Epoch 00270: val_loss did not improve from 0.13990
Epoch 271/8000
 - 9s - loss: 0.2417 - val_loss: 0.2292

Epoch 00271: val_loss did not improve from 0.13990
Epoch 272/8000
 - 9s - loss: 0.2348 - val_loss: 0.2218

Epoch 00272: val_loss did not improve from 0.13990
Epoch 273/8000
 - 9s - loss: 0.2272 - val_loss: 0.2169

Epoch 00273: val_loss did not improve from 0.13990
Epoch 274/8000
 - 9s - loss: 0.2257 - val_loss: 0.2181

Epoch 00274: val_loss did not improve from 0.13990
Epoch 275/8000
 - 9s - loss: 0.2242 - val_loss: 0.2114

Epoch 00275: val_loss did not improve from 0.13990
Epoch 276/8000
 - 9s - loss: 0.2178 - val_loss: 0.2093

Epoch 00276: val_loss did not improve from 0.13990
Epoch 277/8000
 - 9s - loss: 0.2159 - val_loss: 0.2065

Epoch 00277: val_loss did not improve from 0.13990
Epoch 278/8000
 - 9s - loss: 0.2142 - val_loss: 0.2039

Epoch 00278: val_loss did not improve from 0.13990
Epoch 279/8000
 - 9s - loss: 0.2113 - val_loss: 0.2042

Epoch 00279: val_loss did not improve from 0.13990
Epoch 280/8000
 - 9s - loss: 0.2078 - val_loss: 0.1998

Epoch 00280: val_loss did not improve from 0.13990
Epoch 281/8000
 - 9s - loss: 0.2071 - val_loss: 0.2087

Epoch 00281: val_loss did not improve from 0.13990
Epoch 282/8000
 - 9s - loss: 0.2068 - val_loss: 0.1991

Epoch 00282: val_loss did not improve from 0.13990
Epoch 283/8000
 - 9s - loss: 0.2025 - val_loss: 0.1975

Epoch 00283: val_loss did not improve from 0.13990
Epoch 284/8000
 - 9s - loss: 0.2075 - val_loss: 0.1988

Epoch 00284: val_loss did not improve from 0.13990
Epoch 285/8000
 - 9s - loss: 0.2003 - val_loss: 0.1964

Epoch 00285: val_loss did not improve from 0.13990
Epoch 286/8000
 - 9s - loss: 0.2031 - val_loss: 0.1983

Epoch 00286: val_loss did not improve from 0.13990
Epoch 287/8000
 - 9s - loss: 0.1971 - val_loss: 0.1895

Epoch 00287: val_loss did not improve from 0.13990
Epoch 288/8000
 - 9s - loss: 0.1968 - val_loss: 0.1955

Epoch 00288: val_loss did not improve from 0.13990
Epoch 289/8000
 - 9s - loss: 0.1964 - val_loss: 0.2031

Epoch 00289: val_loss did not improve from 0.13990
Epoch 290/8000
 - 9s - loss: 0.1940 - val_loss: 0.1928

Epoch 00290: val_loss did not improve from 0.13990
Epoch 291/8000
 - 9s - loss: 0.1930 - val_loss: 0.1900

Epoch 00291: val_loss did not improve from 0.13990
Epoch 292/8000
 - 9s - loss: 0.1925 - val_loss: 0.2013

Epoch 00292: val_loss did not improve from 0.13990
Epoch 293/8000
 - 9s - loss: 0.1933 - val_loss: 0.2168

Epoch 00293: val_loss did not improve from 0.13990
Epoch 294/8000
 - 9s - loss: 0.1916 - val_loss: 0.1811

Epoch 00294: val_loss did not improve from 0.13990
Epoch 295/8000
 - 9s - loss: 0.1883 - val_loss: 0.1857

Epoch 00295: val_loss did not improve from 0.13990
Epoch 296/8000
 - 9s - loss: 0.1866 - val_loss: 0.1824

Epoch 00296: val_loss did not improve from 0.13990
Epoch 297/8000
 - 9s - loss: 0.1886 - val_loss: 0.1850

Epoch 00297: val_loss did not improve from 0.13990
Epoch 298/8000
 - 9s - loss: 0.1914 - val_loss: 0.1874

Epoch 00298: val_loss did not improve from 0.13990
Epoch 299/8000
 - 9s - loss: 0.1841 - val_loss: 0.1826

Epoch 00299: val_loss did not improve from 0.13990
Epoch 300/8000
 - 9s - loss: 0.1853 - val_loss: 0.1825

Epoch 00300: val_loss did not improve from 0.13990
Epoch 301/8000
 - 9s - loss: 0.1860 - val_loss: 0.1779

Epoch 00301: val_loss did not improve from 0.13990
Epoch 302/8000
 - 9s - loss: 0.1818 - val_loss: 0.1812

Epoch 00302: val_loss did not improve from 0.13990
Epoch 303/8000
 - 9s - loss: 0.1839 - val_loss: 0.1782

Epoch 00303: val_loss did not improve from 0.13990
Epoch 304/8000
 - 9s - loss: 0.1814 - val_loss: 0.1754

Epoch 00304: val_loss did not improve from 0.13990
Epoch 305/8000
 - 9s - loss: 0.1841 - val_loss: 0.1738

Epoch 00305: val_loss did not improve from 0.13990
Epoch 306/8000
 - 9s - loss: 0.1796 - val_loss: 0.1735

Epoch 00306: val_loss did not improve from 0.13990
Epoch 307/8000
 - 9s - loss: 0.1800 - val_loss: 0.1998

Epoch 00307: val_loss did not improve from 0.13990
Epoch 308/8000
 - 9s - loss: 0.1804 - val_loss: 0.1765

Epoch 00308: val_loss did not improve from 0.13990
Epoch 309/8000
 - 9s - loss: 0.1813 - val_loss: 0.1785

Epoch 00309: val_loss did not improve from 0.13990
Epoch 310/8000
 - 9s - loss: 0.1767 - val_loss: 0.1705

Epoch 00310: val_loss did not improve from 0.13990
Epoch 311/8000
 - 9s - loss: 0.1756 - val_loss: 0.1743

Epoch 00311: val_loss did not improve from 0.13990
Epoch 312/8000
 - 9s - loss: 0.1753 - val_loss: 0.1694

Epoch 00312: val_loss did not improve from 0.13990
Epoch 313/8000
 - 9s - loss: 0.1731 - val_loss: 0.1741

Epoch 00313: val_loss did not improve from 0.13990
Epoch 314/8000
 - 9s - loss: 0.1756 - val_loss: 0.1765

Epoch 00314: val_loss did not improve from 0.13990
Epoch 315/8000
 - 9s - loss: 0.1733 - val_loss: 0.1723

Epoch 00315: val_loss did not improve from 0.13990
Epoch 316/8000
 - 9s - loss: 0.1704 - val_loss: 0.1665

Epoch 00316: val_loss did not improve from 0.13990
Epoch 317/8000
 - 9s - loss: 0.1743 - val_loss: 0.1720

Epoch 00317: val_loss did not improve from 0.13990
Epoch 318/8000
 - 9s - loss: 0.1711 - val_loss: 0.1783

Epoch 00318: val_loss did not improve from 0.13990
Epoch 319/8000
 - 9s - loss: 0.1709 - val_loss: 0.1671

Epoch 00319: val_loss did not improve from 0.13990
Epoch 320/8000
 - 9s - loss: 0.1733 - val_loss: 0.1684

Epoch 00320: val_loss did not improve from 0.13990
Epoch 321/8000
 - 9s - loss: 0.1720 - val_loss: 0.1714

Epoch 00321: val_loss did not improve from 0.13990
Epoch 322/8000
 - 9s - loss: 0.1725 - val_loss: 0.1910

Epoch 00322: val_loss did not improve from 0.13990
Epoch 323/8000
 - 9s - loss: 0.1702 - val_loss: 0.1644

Epoch 00323: val_loss did not improve from 0.13990
Epoch 324/8000
 - 9s - loss: 0.1674 - val_loss: 0.1678

Epoch 00324: val_loss did not improve from 0.13990
Epoch 325/8000
 - 9s - loss: 0.1704 - val_loss: 0.1709

Epoch 00325: val_loss did not improve from 0.13990
Epoch 326/8000
 - 9s - loss: 0.1653 - val_loss: 0.1630

Epoch 00326: val_loss did not improve from 0.13990
Epoch 327/8000
 - 9s - loss: 0.1652 - val_loss: 0.1615

Epoch 00327: val_loss did not improve from 0.13990
Epoch 328/8000
 - 9s - loss: 0.1661 - val_loss: 0.1629

Epoch 00328: val_loss did not improve from 0.13990
Epoch 329/8000
 - 9s - loss: 0.1663 - val_loss: 0.1641

Epoch 00329: val_loss did not improve from 0.13990
Epoch 330/8000
 - 9s - loss: 0.1650 - val_loss: 0.1616

Epoch 00330: val_loss did not improve from 0.13990
Epoch 331/8000
 - 9s - loss: 0.1666 - val_loss: 0.1618

Epoch 00331: val_loss did not improve from 0.13990
Epoch 332/8000
 - 9s - loss: 0.1643 - val_loss: 0.1642

Epoch 00332: val_loss did not improve from 0.13990
Epoch 333/8000
 - 9s - loss: 0.1662 - val_loss: 0.1699

Epoch 00333: val_loss did not improve from 0.13990
Epoch 334/8000
 - 9s - loss: 0.1714 - val_loss: 0.1631

Epoch 00334: val_loss did not improve from 0.13990
Epoch 335/8000
 - 9s - loss: 0.1646 - val_loss: 0.1617

Epoch 00335: val_loss did not improve from 0.13990
Epoch 336/8000
 - 9s - loss: 0.1634 - val_loss: 0.1597

Epoch 00336: val_loss did not improve from 0.13990
Epoch 337/8000
 - 9s - loss: 0.1641 - val_loss: 0.1649

Epoch 00337: val_loss did not improve from 0.13990
Epoch 338/8000
 - 9s - loss: 0.1648 - val_loss: 0.1649

Epoch 00338: val_loss did not improve from 0.13990
Epoch 339/8000
 - 9s - loss: 0.1635 - val_loss: 0.1655

Epoch 00339: val_loss did not improve from 0.13990
Epoch 340/8000
 - 9s - loss: 0.1645 - val_loss: 0.1626

Epoch 00340: val_loss did not improve from 0.13990
Epoch 341/8000
 - 9s - loss: 0.1638 - val_loss: 0.1611

Epoch 00341: val_loss did not improve from 0.13990
Epoch 342/8000
 - 9s - loss: 0.1623 - val_loss: 0.1648

Epoch 00342: val_loss did not improve from 0.13990
Epoch 343/8000
 - 9s - loss: 0.1643 - val_loss: 0.1612

Epoch 00343: val_loss did not improve from 0.13990
Epoch 344/8000
 - 9s - loss: 0.1638 - val_loss: 0.1659

Epoch 00344: val_loss did not improve from 0.13990
Epoch 345/8000
 - 9s - loss: 0.1646 - val_loss: 0.1622

Epoch 00345: val_loss did not improve from 0.13990
Epoch 346/8000
 - 9s - loss: 0.1670 - val_loss: 0.1650

Epoch 00346: val_loss did not improve from 0.13990
Epoch 347/8000
 - 9s - loss: 0.1617 - val_loss: 0.1621

Epoch 00347: val_loss did not improve from 0.13990
Epoch 348/8000
 - 9s - loss: 0.1625 - val_loss: 0.1603

Epoch 00348: val_loss did not improve from 0.13990
Epoch 349/8000
 - 9s - loss: 0.1602 - val_loss: 0.1613

Epoch 00349: val_loss did not improve from 0.13990
Epoch 350/8000
 - 9s - loss: 0.1603 - val_loss: 0.1772

Epoch 00350: val_loss did not improve from 0.13990
Epoch 351/8000
 - 9s - loss: 0.1677 - val_loss: 0.1664

Epoch 00351: val_loss did not improve from 0.13990
Epoch 352/8000
 - 9s - loss: 0.1637 - val_loss: 0.1722

Epoch 00352: val_loss did not improve from 0.13990
Epoch 353/8000
 - 9s - loss: 0.1610 - val_loss: 0.1577

Epoch 00353: val_loss did not improve from 0.13990
Epoch 354/8000
 - 9s - loss: 0.1605 - val_loss: 0.1621

Epoch 00354: val_loss did not improve from 0.13990
Epoch 355/8000
 - 9s - loss: 0.1615 - val_loss: 0.1583

Epoch 00355: val_loss did not improve from 0.13990
Epoch 356/8000
 - 9s - loss: 0.1663 - val_loss: 0.1615

Epoch 00356: val_loss did not improve from 0.13990
Epoch 357/8000
 - 9s - loss: 0.1601 - val_loss: 0.1641

Epoch 00357: val_loss did not improve from 0.13990
Epoch 358/8000
 - 9s - loss: 0.1638 - val_loss: 0.1617

Epoch 00358: val_loss did not improve from 0.13990
Epoch 359/8000
 - 9s - loss: 0.1586 - val_loss: 0.1605

Epoch 00359: val_loss did not improve from 0.13990
Epoch 360/8000
 - 9s - loss: 0.1590 - val_loss: 0.1557

Epoch 00360: val_loss did not improve from 0.13990
Epoch 361/8000
 - 9s - loss: 0.1588 - val_loss: 0.1546

Epoch 00361: val_loss did not improve from 0.13990
Epoch 362/8000
 - 9s - loss: 0.1602 - val_loss: 0.1606

Epoch 00362: val_loss did not improve from 0.13990
Epoch 363/8000
 - 9s - loss: 0.1575 - val_loss: 0.1560

Epoch 00363: val_loss did not improve from 0.13990
Epoch 00363: early stopping
