2020-01-14 11:28:01.661949: I tensorflow/core/platform/cpu_feature_guard.cc:141] Your CPU supports instructions that this TensorFlow binary was not compiled to use: SSE4.1 SSE4.2 AVX
2020-01-14 11:28:01.790445: I tensorflow/stream_executor/cuda/cuda_gpu_executor.cc:897] successful NUMA node read from SysFS had negative value (-1), but there must be at least one NUMA node, so returning NUMA node zero
2020-01-14 11:28:01.790997: I tensorflow/core/common_runtime/gpu/gpu_device.cc:1405] Found device 0 with properties: 
name: TITAN Xp major: 6 minor: 1 memoryClockRate(GHz): 1.582
pciBusID: 0000:01:00.0
totalMemory: 11.91GiB freeMemory: 11.73GiB
2020-01-14 11:28:01.791014: I tensorflow/core/common_runtime/gpu/gpu_device.cc:1484] Adding visible gpu devices: 0
2020-01-14 11:28:02.023643: I tensorflow/core/common_runtime/gpu/gpu_device.cc:965] Device interconnect StreamExecutor with strength 1 edge matrix:
2020-01-14 11:28:02.023688: I tensorflow/core/common_runtime/gpu/gpu_device.cc:971]      0 
2020-01-14 11:28:02.023696: I tensorflow/core/common_runtime/gpu/gpu_device.cc:984] 0:   N 
2020-01-14 11:28:02.023966: I tensorflow/core/common_runtime/gpu/gpu_device.cc:1097] Created TensorFlow device (/job:localhost/replica:0/task:0/device:GPU:0 with 11348 MB memory) -> physical GPU (device: 0, name: TITAN Xp, pci bus id: 0000:01:00.0, compute capability: 6.1)
2020-01-14 11:28:02.292683: I tensorflow/core/kernels/cuda_solvers.cc:159] Creating CudaSolver handles for stream 0x555d7b2b7b90
Train on 32962 samples, validate on 1735 samples
Epoch 1/8000
 - 12s - loss: 0.4829 - val_loss: 0.3003

Epoch 00001: val_loss improved from inf to 0.30031, saving model to model_weights/lstm_autoencoder_2020-01-14_11-28-01.h5
Epoch 2/8000
 - 10s - loss: 0.3030 - val_loss: 0.2890

Epoch 00002: val_loss improved from 0.30031 to 0.28904, saving model to model_weights/lstm_autoencoder_2020-01-14_11-28-01.h5
Epoch 3/8000
 - 10s - loss: 0.2998 - val_loss: 0.2805

Epoch 00003: val_loss improved from 0.28904 to 0.28054, saving model to model_weights/lstm_autoencoder_2020-01-14_11-28-01.h5
Epoch 4/8000
 - 10s - loss: 0.2974 - val_loss: 0.2618

Epoch 00004: val_loss improved from 0.28054 to 0.26179, saving model to model_weights/lstm_autoencoder_2020-01-14_11-28-01.h5
Epoch 5/8000
 - 10s - loss: 0.2675 - val_loss: 0.2499

Epoch 00005: val_loss improved from 0.26179 to 0.24994, saving model to model_weights/lstm_autoencoder_2020-01-14_11-28-01.h5
Epoch 6/8000
 - 10s - loss: 0.2571 - val_loss: 0.2354

Epoch 00006: val_loss improved from 0.24994 to 0.23540, saving model to model_weights/lstm_autoencoder_2020-01-14_11-28-01.h5
Epoch 7/8000
 - 10s - loss: 0.2417 - val_loss: 0.2377

Epoch 00007: val_loss did not improve from 0.23540
Epoch 8/8000
 - 10s - loss: 0.2419 - val_loss: 0.2251

Epoch 00008: val_loss improved from 0.23540 to 0.22511, saving model to model_weights/lstm_autoencoder_2020-01-14_11-28-01.h5
Epoch 9/8000
 - 10s - loss: 0.2342 - val_loss: 0.2183

Epoch 00009: val_loss improved from 0.22511 to 0.21831, saving model to model_weights/lstm_autoencoder_2020-01-14_11-28-01.h5
Epoch 10/8000
 - 10s - loss: 0.2290 - val_loss: 0.2157

Epoch 00010: val_loss improved from 0.21831 to 0.21565, saving model to model_weights/lstm_autoencoder_2020-01-14_11-28-01.h5
Epoch 11/8000
 - 10s - loss: 0.2255 - val_loss: 0.2097

Epoch 00011: val_loss improved from 0.21565 to 0.20970, saving model to model_weights/lstm_autoencoder_2020-01-14_11-28-01.h5
Epoch 12/8000
 - 10s - loss: 0.2256 - val_loss: 0.2157

Epoch 00012: val_loss did not improve from 0.20970
Epoch 13/8000
 - 10s - loss: 0.2170 - val_loss: 0.2125

Epoch 00013: val_loss did not improve from 0.20970
Epoch 14/8000
 - 10s - loss: 0.2157 - val_loss: 0.2099

Epoch 00014: val_loss did not improve from 0.20970
Epoch 15/8000
 - 10s - loss: 0.2148 - val_loss: 0.2006

Epoch 00015: val_loss improved from 0.20970 to 0.20056, saving model to model_weights/lstm_autoencoder_2020-01-14_11-28-01.h5
Epoch 16/8000
 - 10s - loss: 0.2190 - val_loss: 0.2260

Epoch 00016: val_loss did not improve from 0.20056
Epoch 17/8000
 - 10s - loss: 0.2146 - val_loss: 0.2114

Epoch 00017: val_loss did not improve from 0.20056
Epoch 18/8000
 - 10s - loss: 0.2072 - val_loss: 0.2003

Epoch 00018: val_loss improved from 0.20056 to 0.20026, saving model to model_weights/lstm_autoencoder_2020-01-14_11-28-01.h5
Epoch 19/8000
 - 10s - loss: 0.2107 - val_loss: 0.2224

Epoch 00019: val_loss did not improve from 0.20026
Epoch 20/8000
 - 10s - loss: 0.2070 - val_loss: 0.1969

Epoch 00020: val_loss improved from 0.20026 to 0.19695, saving model to model_weights/lstm_autoencoder_2020-01-14_11-28-01.h5
Epoch 21/8000
 - 10s - loss: 0.2066 - val_loss: 0.2034

Epoch 00021: val_loss did not improve from 0.19695
Epoch 22/8000
 - 10s - loss: 0.2079 - val_loss: 0.2047

Epoch 00022: val_loss did not improve from 0.19695
Epoch 23/8000
 - 10s - loss: 0.1961 - val_loss: 0.1924

Epoch 00023: val_loss improved from 0.19695 to 0.19245, saving model to model_weights/lstm_autoencoder_2020-01-14_11-28-01.h5
Epoch 24/8000
 - 10s - loss: 0.1950 - val_loss: 0.2083

Epoch 00024: val_loss did not improve from 0.19245
Epoch 25/8000
 - 10s - loss: 0.1967 - val_loss: 0.1883

Epoch 00025: val_loss improved from 0.19245 to 0.18831, saving model to model_weights/lstm_autoencoder_2020-01-14_11-28-01.h5
Epoch 26/8000
 - 10s - loss: 0.1974 - val_loss: 0.1888

Epoch 00026: val_loss did not improve from 0.18831
Epoch 27/8000
 - 10s - loss: 0.1960 - val_loss: 0.2104

Epoch 00027: val_loss did not improve from 0.18831
Epoch 28/8000
 - 10s - loss: 0.1909 - val_loss: 0.2035

Epoch 00028: val_loss did not improve from 0.18831
Epoch 29/8000
 - 10s - loss: 0.1918 - val_loss: 0.1980

Epoch 00029: val_loss did not improve from 0.18831
Epoch 30/8000
 - 10s - loss: 0.1933 - val_loss: 0.1985

Epoch 00030: val_loss did not improve from 0.18831
Epoch 31/8000
 - 10s - loss: 0.1901 - val_loss: 0.1772

Epoch 00031: val_loss improved from 0.18831 to 0.17722, saving model to model_weights/lstm_autoencoder_2020-01-14_11-28-01.h5
Epoch 32/8000
 - 10s - loss: 0.1917 - val_loss: 0.1781

Epoch 00032: val_loss did not improve from 0.17722
Epoch 33/8000
 - 10s - loss: 0.1864 - val_loss: 0.1833

Epoch 00033: val_loss did not improve from 0.17722
Epoch 34/8000
 - 10s - loss: 0.1818 - val_loss: 0.1756

Epoch 00034: val_loss improved from 0.17722 to 0.17561, saving model to model_weights/lstm_autoencoder_2020-01-14_11-28-01.h5
Epoch 35/8000
 - 10s - loss: 0.1808 - val_loss: 0.1802

Epoch 00035: val_loss did not improve from 0.17561
Epoch 36/8000
 - 10s - loss: 0.1850 - val_loss: 0.1720

Epoch 00036: val_loss improved from 0.17561 to 0.17196, saving model to model_weights/lstm_autoencoder_2020-01-14_11-28-01.h5
Epoch 37/8000
 - 10s - loss: 0.1845 - val_loss: 0.1739

Epoch 00037: val_loss did not improve from 0.17196
Epoch 38/8000
 - 10s - loss: 0.1833 - val_loss: 0.1744

Epoch 00038: val_loss did not improve from 0.17196
Epoch 39/8000
 - 10s - loss: 0.1847 - val_loss: 0.1762

Epoch 00039: val_loss did not improve from 0.17196
Epoch 40/8000
 - 10s - loss: 0.1828 - val_loss: 0.1825

Epoch 00040: val_loss did not improve from 0.17196
Epoch 41/8000
 - 10s - loss: 0.1806 - val_loss: 0.1761

Epoch 00041: val_loss did not improve from 0.17196
Epoch 42/8000
 - 10s - loss: 0.1768 - val_loss: 0.1710

Epoch 00042: val_loss improved from 0.17196 to 0.17104, saving model to model_weights/lstm_autoencoder_2020-01-14_11-28-01.h5
Epoch 43/8000
 - 10s - loss: 0.1800 - val_loss: 0.1730

Epoch 00043: val_loss did not improve from 0.17104
Epoch 44/8000
 - 10s - loss: 0.1794 - val_loss: 0.1710

Epoch 00044: val_loss improved from 0.17104 to 0.17099, saving model to model_weights/lstm_autoencoder_2020-01-14_11-28-01.h5
Epoch 45/8000
 - 10s - loss: 0.1736 - val_loss: 0.1750

Epoch 00045: val_loss did not improve from 0.17099
Epoch 46/8000
 - 10s - loss: 0.1740 - val_loss: 0.1782

Epoch 00046: val_loss did not improve from 0.17099
Epoch 47/8000
 - 10s - loss: 0.1725 - val_loss: 0.1862

Epoch 00047: val_loss did not improve from 0.17099
Epoch 48/8000
 - 10s - loss: 0.1793 - val_loss: 0.1706

Epoch 00048: val_loss improved from 0.17099 to 0.17056, saving model to model_weights/lstm_autoencoder_2020-01-14_11-28-01.h5
Epoch 49/8000
 - 10s - loss: 0.1717 - val_loss: 0.1767

Epoch 00049: val_loss did not improve from 0.17056
Epoch 50/8000
 - 10s - loss: 0.1690 - val_loss: 0.1704

Epoch 00050: val_loss improved from 0.17056 to 0.17043, saving model to model_weights/lstm_autoencoder_2020-01-14_11-28-01.h5
Epoch 51/8000
 - 10s - loss: 0.1694 - val_loss: 0.1717

Epoch 00051: val_loss did not improve from 0.17043
Epoch 52/8000
 - 10s - loss: 0.1723 - val_loss: 0.1646

Epoch 00052: val_loss improved from 0.17043 to 0.16461, saving model to model_weights/lstm_autoencoder_2020-01-14_11-28-01.h5
Epoch 53/8000
 - 10s - loss: 0.1767 - val_loss: 0.1697

Epoch 00053: val_loss did not improve from 0.16461
Epoch 54/8000
 - 10s - loss: 0.1681 - val_loss: 0.1717

Epoch 00054: val_loss did not improve from 0.16461
Epoch 55/8000
 - 10s - loss: 0.1764 - val_loss: 0.1746

Epoch 00055: val_loss did not improve from 0.16461
Epoch 56/8000
 - 10s - loss: 0.1725 - val_loss: 0.1841

Epoch 00056: val_loss did not improve from 0.16461
Epoch 57/8000
 - 10s - loss: 0.1757 - val_loss: 0.1865

Epoch 00057: val_loss did not improve from 0.16461
Epoch 58/8000
 - 10s - loss: 0.1718 - val_loss: 0.1684

Epoch 00058: val_loss did not improve from 0.16461
Epoch 59/8000
 - 10s - loss: 0.1678 - val_loss: 0.1903

Epoch 00059: val_loss did not improve from 0.16461
Epoch 60/8000
 - 10s - loss: 0.1694 - val_loss: 0.1712

Epoch 00060: val_loss did not improve from 0.16461
Epoch 61/8000
 - 10s - loss: 0.1735 - val_loss: 0.1800

Epoch 00061: val_loss did not improve from 0.16461
Epoch 62/8000
 - 10s - loss: 0.1718 - val_loss: 0.1630

Epoch 00062: val_loss improved from 0.16461 to 0.16295, saving model to model_weights/lstm_autoencoder_2020-01-14_11-28-01.h5
Epoch 63/8000
 - 10s - loss: 0.1690 - val_loss: 0.1796

Epoch 00063: val_loss did not improve from 0.16295
Epoch 64/8000
 - 10s - loss: 0.1634 - val_loss: 0.1674

Epoch 00064: val_loss did not improve from 0.16295
Epoch 65/8000
 - 10s - loss: 0.1706 - val_loss: 0.1702

Epoch 00065: val_loss did not improve from 0.16295
Epoch 66/8000
 - 10s - loss: 0.1758 - val_loss: 0.1785

Epoch 00066: val_loss did not improve from 0.16295
Epoch 67/8000
 - 10s - loss: 0.1715 - val_loss: 0.1626

Epoch 00067: val_loss improved from 0.16295 to 0.16257, saving model to model_weights/lstm_autoencoder_2020-01-14_11-28-01.h5
Epoch 68/8000
 - 10s - loss: 0.1739 - val_loss: 0.1627

Epoch 00068: val_loss did not improve from 0.16257
Epoch 69/8000
 - 10s - loss: 0.1639 - val_loss: 0.1590

Epoch 00069: val_loss improved from 0.16257 to 0.15904, saving model to model_weights/lstm_autoencoder_2020-01-14_11-28-01.h5
Epoch 70/8000
 - 10s - loss: 0.1627 - val_loss: 0.1577

Epoch 00070: val_loss improved from 0.15904 to 0.15771, saving model to model_weights/lstm_autoencoder_2020-01-14_11-28-01.h5
Epoch 71/8000
 - 10s - loss: 0.1647 - val_loss: 0.1612

Epoch 00071: val_loss did not improve from 0.15771
Epoch 72/8000
 - 10s - loss: 0.1683 - val_loss: 0.1602

Epoch 00072: val_loss did not improve from 0.15771
Epoch 73/8000
 - 10s - loss: 0.1644 - val_loss: 0.1641

Epoch 00073: val_loss did not improve from 0.15771
Epoch 74/8000
 - 10s - loss: 0.1631 - val_loss: 0.1655

Epoch 00074: val_loss did not improve from 0.15771
Epoch 75/8000
 - 10s - loss: 0.1693 - val_loss: 0.1760

Epoch 00075: val_loss did not improve from 0.15771
Epoch 76/8000
 - 10s - loss: 0.1653 - val_loss: 0.1613

Epoch 00076: val_loss did not improve from 0.15771
Epoch 77/8000
 - 10s - loss: 0.1674 - val_loss: 0.1638

Epoch 00077: val_loss did not improve from 0.15771
Epoch 78/8000
 - 10s - loss: 0.1599 - val_loss: 0.1543

Epoch 00078: val_loss improved from 0.15771 to 0.15425, saving model to model_weights/lstm_autoencoder_2020-01-14_11-28-01.h5
Epoch 79/8000
 - 10s - loss: 0.1647 - val_loss: 0.1610

Epoch 00079: val_loss did not improve from 0.15425
Epoch 80/8000
 - 10s - loss: 0.1623 - val_loss: 0.1634

Epoch 00080: val_loss did not improve from 0.15425
Epoch 81/8000
 - 10s - loss: 0.1618 - val_loss: 0.1623

Epoch 00081: val_loss did not improve from 0.15425
Epoch 82/8000
 - 10s - loss: 0.1657 - val_loss: 0.1634

Epoch 00082: val_loss did not improve from 0.15425
Epoch 83/8000
 - 10s - loss: 0.1683 - val_loss: 0.1642

Epoch 00083: val_loss did not improve from 0.15425
Epoch 84/8000
 - 10s - loss: 0.1582 - val_loss: 0.1614

Epoch 00084: val_loss did not improve from 0.15425
Epoch 85/8000
 - 10s - loss: 0.1616 - val_loss: 0.1547

Epoch 00085: val_loss did not improve from 0.15425
Epoch 86/8000
 - 10s - loss: 0.1625 - val_loss: 0.1585

Epoch 00086: val_loss did not improve from 0.15425
Epoch 87/8000
 - 10s - loss: 0.1574 - val_loss: 0.1794

Epoch 00087: val_loss did not improve from 0.15425
Epoch 88/8000
 - 10s - loss: 0.1608 - val_loss: 0.1784

Epoch 00088: val_loss did not improve from 0.15425
Epoch 89/8000
 - 10s - loss: 0.1619 - val_loss: 0.1540

Epoch 00089: val_loss improved from 0.15425 to 0.15402, saving model to model_weights/lstm_autoencoder_2020-01-14_11-28-01.h5
Epoch 90/8000
 - 10s - loss: 0.1571 - val_loss: 0.1643

Epoch 00090: val_loss did not improve from 0.15402
Epoch 91/8000
 - 10s - loss: 0.1672 - val_loss: 0.1588

Epoch 00091: val_loss did not improve from 0.15402
Epoch 92/8000
 - 10s - loss: 0.1569 - val_loss: 0.1673

Epoch 00092: val_loss did not improve from 0.15402
Epoch 93/8000
 - 10s - loss: 0.1623 - val_loss: 0.1780

Epoch 00093: val_loss did not improve from 0.15402
Epoch 94/8000
 - 10s - loss: 0.1675 - val_loss: 0.1767

Epoch 00094: val_loss did not improve from 0.15402
Epoch 95/8000
 - 10s - loss: 0.1662 - val_loss: 0.1575

Epoch 00095: val_loss did not improve from 0.15402
Epoch 96/8000
 - 10s - loss: 0.1561 - val_loss: 0.1564

Epoch 00096: val_loss did not improve from 0.15402
Epoch 97/8000
 - 10s - loss: 0.1588 - val_loss: 0.1585

Epoch 00097: val_loss did not improve from 0.15402
Epoch 98/8000
 - 10s - loss: 0.1591 - val_loss: 0.1671

Epoch 00098: val_loss did not improve from 0.15402
Epoch 99/8000
 - 10s - loss: 0.1621 - val_loss: 0.1544

Epoch 00099: val_loss did not improve from 0.15402
Epoch 100/8000
 - 10s - loss: 0.1624 - val_loss: 0.1596

Epoch 00100: val_loss did not improve from 0.15402
Epoch 101/8000
 - 10s - loss: 0.1570 - val_loss: 0.1543

Epoch 00101: val_loss did not improve from 0.15402
Epoch 102/8000
 - 10s - loss: 0.1723 - val_loss: 0.1696

Epoch 00102: val_loss did not improve from 0.15402
Epoch 103/8000
 - 10s - loss: 0.1602 - val_loss: 0.1724

Epoch 00103: val_loss did not improve from 0.15402
Epoch 104/8000
 - 10s - loss: 0.1603 - val_loss: 0.1537

Epoch 00104: val_loss improved from 0.15402 to 0.15374, saving model to model_weights/lstm_autoencoder_2020-01-14_11-28-01.h5
Epoch 105/8000
 - 10s - loss: 0.1640 - val_loss: 0.1613

Epoch 00105: val_loss did not improve from 0.15374
Epoch 106/8000
 - 10s - loss: 0.1610 - val_loss: 0.1839

Epoch 00106: val_loss did not improve from 0.15374
Epoch 107/8000
 - 10s - loss: 0.1571 - val_loss: 0.1569

Epoch 00107: val_loss did not improve from 0.15374
Epoch 108/8000
 - 10s - loss: 0.1607 - val_loss: 0.1501

Epoch 00108: val_loss improved from 0.15374 to 0.15006, saving model to model_weights/lstm_autoencoder_2020-01-14_11-28-01.h5
Epoch 109/8000
 - 10s - loss: 0.1540 - val_loss: 0.1532

Epoch 00109: val_loss did not improve from 0.15006
Epoch 110/8000
 - 10s - loss: 0.1539 - val_loss: 0.1549

Epoch 00110: val_loss did not improve from 0.15006
Epoch 111/8000
 - 10s - loss: 0.1560 - val_loss: 0.1599

Epoch 00111: val_loss did not improve from 0.15006
Epoch 112/8000
 - 10s - loss: 0.1573 - val_loss: 0.1584

Epoch 00112: val_loss did not improve from 0.15006
Epoch 113/8000
 - 10s - loss: 0.1556 - val_loss: 0.1582

Epoch 00113: val_loss did not improve from 0.15006
Epoch 114/8000
 - 10s - loss: 0.1618 - val_loss: 0.1676

Epoch 00114: val_loss did not improve from 0.15006
Epoch 115/8000
 - 10s - loss: 0.1537 - val_loss: 0.1534

Epoch 00115: val_loss did not improve from 0.15006
Epoch 116/8000
 - 10s - loss: 0.1610 - val_loss: 0.1531

Epoch 00116: val_loss did not improve from 0.15006
Epoch 117/8000
 - 10s - loss: 0.1572 - val_loss: 0.1575

Epoch 00117: val_loss did not improve from 0.15006
Epoch 118/8000
 - 10s - loss: 0.1626 - val_loss: 0.1669

Epoch 00118: val_loss did not improve from 0.15006
Epoch 119/8000
 - 10s - loss: 0.1609 - val_loss: 0.1603

Epoch 00119: val_loss did not improve from 0.15006
Epoch 120/8000
 - 10s - loss: 0.1571 - val_loss: 0.1511

Epoch 00120: val_loss did not improve from 0.15006
Epoch 121/8000
 - 10s - loss: 0.1623 - val_loss: 0.1557

Epoch 00121: val_loss did not improve from 0.15006
Epoch 122/8000
 - 10s - loss: 0.1523 - val_loss: 0.1521

Epoch 00122: val_loss did not improve from 0.15006
Epoch 123/8000
 - 10s - loss: 0.1600 - val_loss: 0.1626

Epoch 00123: val_loss did not improve from 0.15006
Epoch 124/8000
 - 10s - loss: 0.1684 - val_loss: 0.1735

Epoch 00124: val_loss did not improve from 0.15006
Epoch 125/8000
 - 10s - loss: 0.1527 - val_loss: 0.1594

Epoch 00125: val_loss did not improve from 0.15006
Epoch 126/8000
 - 10s - loss: 0.1548 - val_loss: 0.1559

Epoch 00126: val_loss did not improve from 0.15006
Epoch 127/8000
 - 10s - loss: 0.1642 - val_loss: 0.1566

Epoch 00127: val_loss did not improve from 0.15006
Epoch 128/8000
 - 10s - loss: 0.1567 - val_loss: 0.1544

Epoch 00128: val_loss did not improve from 0.15006
Epoch 129/8000
 - 10s - loss: 0.1565 - val_loss: 0.1517

Epoch 00129: val_loss did not improve from 0.15006
Epoch 130/8000
 - 10s - loss: 0.1533 - val_loss: 0.1583

Epoch 00130: val_loss did not improve from 0.15006
Epoch 131/8000
 - 10s - loss: 0.1652 - val_loss: 0.1628

Epoch 00131: val_loss did not improve from 0.15006
Epoch 132/8000
 - 10s - loss: 0.1556 - val_loss: 0.1490

Epoch 00132: val_loss improved from 0.15006 to 0.14903, saving model to model_weights/lstm_autoencoder_2020-01-14_11-28-01.h5
Epoch 133/8000
 - 10s - loss: 0.1561 - val_loss: 0.1548

Epoch 00133: val_loss did not improve from 0.14903
Epoch 134/8000
 - 10s - loss: 0.1539 - val_loss: 0.1503

Epoch 00134: val_loss did not improve from 0.14903
Epoch 135/8000
 - 10s - loss: 0.1578 - val_loss: 0.1527

Epoch 00135: val_loss did not improve from 0.14903
Epoch 136/8000
 - 10s - loss: 0.1580 - val_loss: 0.1474

Epoch 00136: val_loss improved from 0.14903 to 0.14744, saving model to model_weights/lstm_autoencoder_2020-01-14_11-28-01.h5
Epoch 137/8000
 - 10s - loss: 0.1529 - val_loss: 0.1518

Epoch 00137: val_loss did not improve from 0.14744
Epoch 138/8000
 - 10s - loss: 0.1623 - val_loss: 0.1600

Epoch 00138: val_loss did not improve from 0.14744
Epoch 139/8000
 - 10s - loss: 0.1509 - val_loss: 0.1547

Epoch 00139: val_loss did not improve from 0.14744
Epoch 140/8000
 - 10s - loss: 0.1521 - val_loss: 0.1519

Epoch 00140: val_loss did not improve from 0.14744
Epoch 141/8000
 - 10s - loss: 0.1613 - val_loss: 0.1578

Epoch 00141: val_loss did not improve from 0.14744
Epoch 142/8000
 - 10s - loss: 0.1534 - val_loss: 0.1540

Epoch 00142: val_loss did not improve from 0.14744
Epoch 143/8000
 - 10s - loss: 0.1617 - val_loss: 0.1634

Epoch 00143: val_loss did not improve from 0.14744
Epoch 144/8000
 - 10s - loss: 0.1595 - val_loss: 0.1562

Epoch 00144: val_loss did not improve from 0.14744
Epoch 145/8000
 - 10s - loss: 0.1548 - val_loss: 0.1609

Epoch 00145: val_loss did not improve from 0.14744
Epoch 146/8000
 - 10s - loss: 0.1531 - val_loss: 0.1574

Epoch 00146: val_loss did not improve from 0.14744
Epoch 147/8000
 - 10s - loss: 0.1600 - val_loss: 0.1578

Epoch 00147: val_loss did not improve from 0.14744
Epoch 148/8000
 - 10s - loss: 0.1543 - val_loss: 0.1466

Epoch 00148: val_loss improved from 0.14744 to 0.14663, saving model to model_weights/lstm_autoencoder_2020-01-14_11-28-01.h5
Epoch 149/8000
 - 10s - loss: 0.1540 - val_loss: 0.1554

Epoch 00149: val_loss did not improve from 0.14663
Epoch 150/8000
 - 10s - loss: 0.1788 - val_loss: 0.1665

Epoch 00150: val_loss did not improve from 0.14663
Epoch 151/8000
 - 10s - loss: 0.1621 - val_loss: 0.1533

Epoch 00151: val_loss did not improve from 0.14663
Epoch 152/8000
 - 10s - loss: 0.1536 - val_loss: 0.1554

Epoch 00152: val_loss did not improve from 0.14663
Epoch 153/8000
 - 10s - loss: 0.1565 - val_loss: 0.1471

Epoch 00153: val_loss did not improve from 0.14663
Epoch 154/8000
 - 10s - loss: 0.1509 - val_loss: 0.1572

Epoch 00154: val_loss did not improve from 0.14663
Epoch 155/8000
 - 10s - loss: 0.1566 - val_loss: 0.1525

Epoch 00155: val_loss did not improve from 0.14663
Epoch 156/8000
 - 10s - loss: 0.1530 - val_loss: 0.1565

Epoch 00156: val_loss did not improve from 0.14663
Epoch 157/8000
 - 10s - loss: 0.1600 - val_loss: 0.1565

Epoch 00157: val_loss did not improve from 0.14663
Epoch 158/8000
 - 10s - loss: 0.1515 - val_loss: 0.1482

Epoch 00158: val_loss did not improve from 0.14663
Epoch 159/8000
 - 10s - loss: 0.1543 - val_loss: 0.1594

Epoch 00159: val_loss did not improve from 0.14663
Epoch 160/8000
 - 10s - loss: 0.1499 - val_loss: 0.1611

Epoch 00160: val_loss did not improve from 0.14663
Epoch 161/8000
 - 10s - loss: 0.1497 - val_loss: 0.1472

Epoch 00161: val_loss did not improve from 0.14663
Epoch 162/8000
 - 10s - loss: 0.1498 - val_loss: 0.1629

Epoch 00162: val_loss did not improve from 0.14663
Epoch 163/8000
 - 10s - loss: 0.1515 - val_loss: 0.1535

Epoch 00163: val_loss did not improve from 0.14663
Epoch 164/8000
 - 10s - loss: 0.1556 - val_loss: 0.1839

Epoch 00164: val_loss did not improve from 0.14663
Epoch 165/8000
 - 10s - loss: 0.1666 - val_loss: 0.1625

Epoch 00165: val_loss did not improve from 0.14663
Epoch 166/8000
 - 10s - loss: 0.1589 - val_loss: 0.1501

Epoch 00166: val_loss did not improve from 0.14663
Epoch 167/8000
 - 10s - loss: 0.1528 - val_loss: 0.1640

Epoch 00167: val_loss did not improve from 0.14663
Epoch 168/8000
 - 10s - loss: 0.1578 - val_loss: 0.1491

Epoch 00168: val_loss did not improve from 0.14663
Epoch 169/8000
 - 10s - loss: 0.1575 - val_loss: 0.1507

Epoch 00169: val_loss did not improve from 0.14663
Epoch 170/8000
 - 10s - loss: nan - val_loss: nan

Epoch 00170: val_loss did not improve from 0.14663
Epoch 171/8000
 - 10s - loss: nan - val_loss: nan

Epoch 00171: val_loss did not improve from 0.14663
Epoch 172/8000
 - 10s - loss: nan - val_loss: nan

Epoch 00172: val_loss did not improve from 0.14663
Epoch 173/8000
 - 10s - loss: nan - val_loss: nan

Epoch 00173: val_loss did not improve from 0.14663
Epoch 174/8000
 - 10s - loss: nan - val_loss: nan

Epoch 00174: val_loss did not improve from 0.14663
Epoch 175/8000
 - 10s - loss: nan - val_loss: nan

Epoch 00175: val_loss did not improve from 0.14663
Epoch 176/8000
 - 10s - loss: nan - val_loss: nan

Epoch 00176: val_loss did not improve from 0.14663
Epoch 177/8000
 - 10s - loss: nan - val_loss: nan

Epoch 00177: val_loss did not improve from 0.14663
Epoch 178/8000
 - 10s - loss: nan - val_loss: nan

Epoch 00178: val_loss did not improve from 0.14663
Epoch 179/8000
 - 10s - loss: nan - val_loss: nan

Epoch 00179: val_loss did not improve from 0.14663
Epoch 180/8000
 - 10s - loss: nan - val_loss: nan

Epoch 00180: val_loss did not improve from 0.14663
Epoch 181/8000
 - 10s - loss: nan - val_loss: nan

Epoch 00181: val_loss did not improve from 0.14663
Epoch 182/8000
 - 10s - loss: nan - val_loss: nan

Epoch 00182: val_loss did not improve from 0.14663
Epoch 183/8000
 - 10s - loss: nan - val_loss: nan

Epoch 00183: val_loss did not improve from 0.14663
Epoch 184/8000
 - 10s - loss: nan - val_loss: nan

Epoch 00184: val_loss did not improve from 0.14663
Epoch 185/8000
 - 10s - loss: nan - val_loss: nan

Epoch 00185: val_loss did not improve from 0.14663
Epoch 186/8000
 - 10s - loss: nan - val_loss: nan

Epoch 00186: val_loss did not improve from 0.14663
Epoch 187/8000
 - 10s - loss: nan - val_loss: nan

Epoch 00187: val_loss did not improve from 0.14663
Epoch 188/8000
 - 10s - loss: nan - val_loss: nan

Epoch 00188: val_loss did not improve from 0.14663
Epoch 189/8000
 - 10s - loss: nan - val_loss: nan

Epoch 00189: val_loss did not improve from 0.14663
Epoch 190/8000
 - 10s - loss: nan - val_loss: nan

Epoch 00190: val_loss did not improve from 0.14663
Epoch 191/8000
 - 10s - loss: nan - val_loss: nan

Epoch 00191: val_loss did not improve from 0.14663
Epoch 192/8000
 - 10s - loss: nan - val_loss: nan

Epoch 00192: val_loss did not improve from 0.14663
Epoch 193/8000
 - 10s - loss: nan - val_loss: nan

Epoch 00193: val_loss did not improve from 0.14663
Epoch 194/8000
 - 10s - loss: nan - val_loss: nan

Epoch 00194: val_loss did not improve from 0.14663
Epoch 195/8000
 - 10s - loss: nan - val_loss: nan

Epoch 00195: val_loss did not improve from 0.14663
Epoch 196/8000
 - 10s - loss: nan - val_loss: nan

Epoch 00196: val_loss did not improve from 0.14663
Epoch 197/8000
 - 10s - loss: nan - val_loss: nan

Epoch 00197: val_loss did not improve from 0.14663
Epoch 198/8000
 - 10s - loss: nan - val_loss: nan

Epoch 00198: val_loss did not improve from 0.14663
Epoch 199/8000
 - 10s - loss: nan - val_loss: nan

Epoch 00199: val_loss did not improve from 0.14663
Epoch 200/8000
 - 10s - loss: nan - val_loss: nan

Epoch 00200: val_loss did not improve from 0.14663
Epoch 201/8000
 - 10s - loss: nan - val_loss: nan

Epoch 00201: val_loss did not improve from 0.14663
Epoch 202/8000
 - 10s - loss: nan - val_loss: nan

Epoch 00202: val_loss did not improve from 0.14663
Epoch 203/8000
 - 10s - loss: nan - val_loss: nan

Epoch 00203: val_loss did not improve from 0.14663
Epoch 204/8000
 - 10s - loss: nan - val_loss: nan

Epoch 00204: val_loss did not improve from 0.14663
Epoch 205/8000
 - 10s - loss: nan - val_loss: nan

Epoch 00205: val_loss did not improve from 0.14663
Epoch 206/8000
 - 10s - loss: nan - val_loss: nan

Epoch 00206: val_loss did not improve from 0.14663
Epoch 207/8000
 - 10s - loss: nan - val_loss: nan

Epoch 00207: val_loss did not improve from 0.14663
Epoch 208/8000
 - 10s - loss: nan - val_loss: nan

Epoch 00208: val_loss did not improve from 0.14663
Epoch 209/8000
 - 10s - loss: nan - val_loss: nan

Epoch 00209: val_loss did not improve from 0.14663
Epoch 210/8000
 - 10s - loss: nan - val_loss: nan

Epoch 00210: val_loss did not improve from 0.14663
Epoch 211/8000
 - 10s - loss: nan - val_loss: nan

Epoch 00211: val_loss did not improve from 0.14663
Epoch 212/8000
 - 10s - loss: nan - val_loss: nan

Epoch 00212: val_loss did not improve from 0.14663
Epoch 213/8000
 - 10s - loss: nan - val_loss: nan

Epoch 00213: val_loss did not improve from 0.14663
Epoch 214/8000
 - 10s - loss: nan - val_loss: nan

Epoch 00214: val_loss did not improve from 0.14663
Epoch 215/8000
 - 10s - loss: nan - val_loss: nan

Epoch 00215: val_loss did not improve from 0.14663
Epoch 216/8000
 - 10s - loss: nan - val_loss: nan

Epoch 00216: val_loss did not improve from 0.14663
Epoch 217/8000
 - 10s - loss: nan - val_loss: nan

Epoch 00217: val_loss did not improve from 0.14663
Epoch 218/8000
 - 10s - loss: nan - val_loss: nan

Epoch 00218: val_loss did not improve from 0.14663
Epoch 219/8000
 - 10s - loss: nan - val_loss: nan

Epoch 00219: val_loss did not improve from 0.14663
Epoch 220/8000
 - 10s - loss: nan - val_loss: nan

Epoch 00220: val_loss did not improve from 0.14663
Epoch 221/8000
 - 10s - loss: nan - val_loss: nan

Epoch 00221: val_loss did not improve from 0.14663
Epoch 222/8000
 - 10s - loss: nan - val_loss: nan

Epoch 00222: val_loss did not improve from 0.14663
Epoch 223/8000
 - 10s - loss: nan - val_loss: nan

Epoch 00223: val_loss did not improve from 0.14663
Epoch 224/8000
 - 10s - loss: nan - val_loss: nan

Epoch 00224: val_loss did not improve from 0.14663
Epoch 225/8000
 - 10s - loss: nan - val_loss: nan

Epoch 00225: val_loss did not improve from 0.14663
Epoch 226/8000
 - 10s - loss: nan - val_loss: nan

Epoch 00226: val_loss did not improve from 0.14663
Epoch 227/8000
 - 10s - loss: nan - val_loss: nan

Epoch 00227: val_loss did not improve from 0.14663
Epoch 228/8000
 - 10s - loss: nan - val_loss: nan

Epoch 00228: val_loss did not improve from 0.14663
Epoch 229/8000
 - 10s - loss: nan - val_loss: nan

Epoch 00229: val_loss did not improve from 0.14663
Epoch 230/8000
 - 10s - loss: nan - val_loss: nan

Epoch 00230: val_loss did not improve from 0.14663
Epoch 231/8000
 - 10s - loss: nan - val_loss: nan

Epoch 00231: val_loss did not improve from 0.14663
Epoch 232/8000
 - 10s - loss: nan - val_loss: nan

Epoch 00232: val_loss did not improve from 0.14663
Epoch 233/8000
 - 10s - loss: nan - val_loss: nan

Epoch 00233: val_loss did not improve from 0.14663
Epoch 234/8000
 - 10s - loss: nan - val_loss: nan

Epoch 00234: val_loss did not improve from 0.14663
Epoch 235/8000
 - 10s - loss: nan - val_loss: nan

Epoch 00235: val_loss did not improve from 0.14663
Epoch 236/8000
 - 10s - loss: nan - val_loss: nan

Epoch 00236: val_loss did not improve from 0.14663
Epoch 237/8000
 - 10s - loss: nan - val_loss: nan

Epoch 00237: val_loss did not improve from 0.14663
Epoch 238/8000
 - 10s - loss: nan - val_loss: nan

Epoch 00238: val_loss did not improve from 0.14663
Epoch 239/8000
 - 10s - loss: nan - val_loss: nan

Epoch 00239: val_loss did not improve from 0.14663
Epoch 240/8000
 - 10s - loss: nan - val_loss: nan

Epoch 00240: val_loss did not improve from 0.14663
Epoch 241/8000
 - 10s - loss: nan - val_loss: nan

Epoch 00241: val_loss did not improve from 0.14663
Epoch 242/8000
 - 10s - loss: nan - val_loss: nan

Epoch 00242: val_loss did not improve from 0.14663
Epoch 243/8000
 - 10s - loss: nan - val_loss: nan

Epoch 00243: val_loss did not improve from 0.14663
Epoch 244/8000
 - 10s - loss: nan - val_loss: nan

Epoch 00244: val_loss did not improve from 0.14663
Epoch 245/8000
 - 10s - loss: nan - val_loss: nan

Epoch 00245: val_loss did not improve from 0.14663
Epoch 246/8000
 - 10s - loss: nan - val_loss: nan

Epoch 00246: val_loss did not improve from 0.14663
Epoch 247/8000
 - 10s - loss: nan - val_loss: nan

Epoch 00247: val_loss did not improve from 0.14663
Epoch 248/8000
 - 10s - loss: nan - val_loss: nan

Epoch 00248: val_loss did not improve from 0.14663
Epoch 00248: early stopping
