2020-01-09 19:26:03.550463: I tensorflow/core/platform/cpu_feature_guard.cc:141] Your CPU supports instructions that this TensorFlow binary was not compiled to use: SSE4.1 SSE4.2 AVX
2020-01-09 19:26:03.676775: I tensorflow/stream_executor/cuda/cuda_gpu_executor.cc:897] successful NUMA node read from SysFS had negative value (-1), but there must be at least one NUMA node, so returning NUMA node zero
2020-01-09 19:26:03.678029: I tensorflow/core/common_runtime/gpu/gpu_device.cc:1405] Found device 0 with properties: 
name: TITAN Xp major: 6 minor: 1 memoryClockRate(GHz): 1.582
pciBusID: 0000:01:00.0
totalMemory: 11.91GiB freeMemory: 11.73GiB
2020-01-09 19:26:03.678047: I tensorflow/core/common_runtime/gpu/gpu_device.cc:1484] Adding visible gpu devices: 0
2020-01-09 19:26:03.911502: I tensorflow/core/common_runtime/gpu/gpu_device.cc:965] Device interconnect StreamExecutor with strength 1 edge matrix:
2020-01-09 19:26:03.911545: I tensorflow/core/common_runtime/gpu/gpu_device.cc:971]      0 
2020-01-09 19:26:03.911554: I tensorflow/core/common_runtime/gpu/gpu_device.cc:984] 0:   N 
2020-01-09 19:26:03.911804: I tensorflow/core/common_runtime/gpu/gpu_device.cc:1097] Created TensorFlow device (/job:localhost/replica:0/task:0/device:GPU:0 with 11346 MB memory) -> physical GPU (device: 0, name: TITAN Xp, pci bus id: 0000:01:00.0, compute capability: 6.1)
2020-01-09 19:26:04.124350: I tensorflow/core/kernels/cuda_solvers.cc:159] Creating CudaSolver handles for stream 0x55ae1d58d8d0
Train on 32962 samples, validate on 1735 samples
Epoch 1/8000
 - 57s - loss: 0.3013 - val_loss: 0.2892

Epoch 00001: val_loss improved from inf to 0.28917, saving model to model_weights/lstm_autoencoder_2020-01-09_19-26-04.h5
Epoch 2/8000
 - 56s - loss: 0.3014 - val_loss: 0.2890

Epoch 00002: val_loss improved from 0.28917 to 0.28905, saving model to model_weights/lstm_autoencoder_2020-01-09_19-26-04.h5
Epoch 3/8000
 - 57s - loss: 0.3013 - val_loss: 0.2891

Epoch 00003: val_loss did not improve from 0.28905
Epoch 4/8000
 - 56s - loss: 0.3014 - val_loss: 0.2890

Epoch 00004: val_loss improved from 0.28905 to 0.28904, saving model to model_weights/lstm_autoencoder_2020-01-09_19-26-04.h5
Epoch 5/8000
 - 57s - loss: 0.3014 - val_loss: 0.2892

Epoch 00005: val_loss did not improve from 0.28904
Epoch 6/8000
 - 57s - loss: 0.3014 - val_loss: 0.2892

Epoch 00006: val_loss did not improve from 0.28904
Epoch 7/8000
 - 57s - loss: 0.3014 - val_loss: 0.2890

Epoch 00007: val_loss improved from 0.28904 to 0.28899, saving model to model_weights/lstm_autoencoder_2020-01-09_19-26-04.h5
Epoch 8/8000
 - 57s - loss: 0.3013 - val_loss: 0.2890

Epoch 00008: val_loss improved from 0.28899 to 0.28898, saving model to model_weights/lstm_autoencoder_2020-01-09_19-26-04.h5
Epoch 9/8000
 - 57s - loss: 0.3012 - val_loss: 0.2890

Epoch 00009: val_loss did not improve from 0.28898
Epoch 10/8000
 - 57s - loss: 0.3013 - val_loss: 0.2898

Epoch 00010: val_loss did not improve from 0.28898
Epoch 11/8000
 - 57s - loss: 0.3013 - val_loss: 0.2890

Epoch 00011: val_loss did not improve from 0.28898
Epoch 12/8000
 - 57s - loss: 0.3013 - val_loss: 0.2898

Epoch 00012: val_loss did not improve from 0.28898
Epoch 13/8000
 - 57s - loss: 0.3012 - val_loss: 0.2890

Epoch 00013: val_loss did not improve from 0.28898
Epoch 14/8000
 - 57s - loss: 0.3013 - val_loss: 0.2902

Epoch 00014: val_loss did not improve from 0.28898
Epoch 15/8000
 - 57s - loss: 0.3012 - val_loss: 0.2890

Epoch 00015: val_loss improved from 0.28898 to 0.28896, saving model to model_weights/lstm_autoencoder_2020-01-09_19-26-04.h5
Epoch 16/8000
 - 57s - loss: 0.3013 - val_loss: 0.2891

Epoch 00016: val_loss did not improve from 0.28896
Epoch 17/8000
 - 57s - loss: 0.3012 - val_loss: 0.2890

Epoch 00017: val_loss did not improve from 0.28896
Epoch 18/8000
 - 57s - loss: 0.3012 - val_loss: 0.2912

Epoch 00018: val_loss did not improve from 0.28896
Epoch 19/8000
 - 57s - loss: 0.3013 - val_loss: 0.2890

Epoch 00019: val_loss did not improve from 0.28896
Epoch 20/8000
 - 57s - loss: 0.3012 - val_loss: 0.2890

Epoch 00020: val_loss did not improve from 0.28896
Epoch 21/8000
 - 57s - loss: 0.3014 - val_loss: 0.2891

Epoch 00021: val_loss did not improve from 0.28896
Epoch 22/8000
 - 57s - loss: 0.3012 - val_loss: 0.2890

Epoch 00022: val_loss did not improve from 0.28896
Epoch 23/8000
 - 57s - loss: 0.3012 - val_loss: 0.2890

Epoch 00023: val_loss did not improve from 0.28896
Epoch 24/8000
 - 57s - loss: 0.3012 - val_loss: 0.2890

Epoch 00024: val_loss did not improve from 0.28896
Epoch 25/8000
 - 57s - loss: 0.3012 - val_loss: 0.2894

Epoch 00025: val_loss did not improve from 0.28896
Epoch 26/8000
 - 57s - loss: 0.3013 - val_loss: 0.2894

Epoch 00026: val_loss did not improve from 0.28896
Epoch 27/8000
 - 57s - loss: 0.3012 - val_loss: 0.2891

Epoch 00027: val_loss did not improve from 0.28896
Epoch 28/8000
 - 57s - loss: 0.3012 - val_loss: 0.2892

Epoch 00028: val_loss did not improve from 0.28896
Epoch 29/8000
 - 57s - loss: 0.3012 - val_loss: 0.2891

Epoch 00029: val_loss did not improve from 0.28896
Epoch 30/8000
 - 57s - loss: 0.3013 - val_loss: 0.2890

Epoch 00030: val_loss improved from 0.28896 to 0.28895, saving model to model_weights/lstm_autoencoder_2020-01-09_19-26-04.h5
Epoch 31/8000
 - 57s - loss: 0.3012 - val_loss: 0.2894

Epoch 00031: val_loss did not improve from 0.28895
Epoch 32/8000
 - 57s - loss: 0.3012 - val_loss: 0.2896

Epoch 00032: val_loss did not improve from 0.28895
Epoch 33/8000
 - 57s - loss: 0.3012 - val_loss: 0.2890

Epoch 00033: val_loss did not improve from 0.28895
Epoch 34/8000
 - 57s - loss: 0.3012 - val_loss: 0.2889

Epoch 00034: val_loss improved from 0.28895 to 0.28894, saving model to model_weights/lstm_autoencoder_2020-01-09_19-26-04.h5
Epoch 35/8000
 - 57s - loss: 0.3012 - val_loss: 0.2890

Epoch 00035: val_loss did not improve from 0.28894
Epoch 36/8000
 - 57s - loss: 0.3011 - val_loss: 0.2889

Epoch 00036: val_loss did not improve from 0.28894
Epoch 37/8000
 - 57s - loss: 0.3014 - val_loss: 0.2901

Epoch 00037: val_loss did not improve from 0.28894
Epoch 38/8000
 - 57s - loss: 0.3012 - val_loss: 0.2892

Epoch 00038: val_loss did not improve from 0.28894
Epoch 39/8000
 - 57s - loss: 0.3012 - val_loss: 0.2889

Epoch 00039: val_loss improved from 0.28894 to 0.28893, saving model to model_weights/lstm_autoencoder_2020-01-09_19-26-04.h5
Epoch 40/8000
 - 57s - loss: 0.3012 - val_loss: 0.2889

Epoch 00040: val_loss did not improve from 0.28893
Epoch 41/8000
 - 57s - loss: 0.3012 - val_loss: 0.2889

Epoch 00041: val_loss improved from 0.28893 to 0.28892, saving model to model_weights/lstm_autoencoder_2020-01-09_19-26-04.h5
Epoch 42/8000
 - 57s - loss: 0.3011 - val_loss: 0.2889

Epoch 00042: val_loss did not improve from 0.28892
Epoch 43/8000
 - 57s - loss: 0.3012 - val_loss: 0.2890

Epoch 00043: val_loss did not improve from 0.28892
Epoch 44/8000
 - 57s - loss: 0.3012 - val_loss: 0.2889

Epoch 00044: val_loss did not improve from 0.28892
Epoch 45/8000
 - 57s - loss: 0.3012 - val_loss: 0.2889

Epoch 00045: val_loss did not improve from 0.28892
Epoch 46/8000
 - 57s - loss: 0.3011 - val_loss: 0.2891

Epoch 00046: val_loss did not improve from 0.28892
Epoch 47/8000
 - 57s - loss: 0.3011 - val_loss: 0.2889

Epoch 00047: val_loss did not improve from 0.28892
Epoch 48/8000
 - 57s - loss: 0.3011 - val_loss: 0.2894

Epoch 00048: val_loss did not improve from 0.28892
Epoch 49/8000
 - 57s - loss: 0.3012 - val_loss: 0.2889

Epoch 00049: val_loss did not improve from 0.28892
Epoch 50/8000
 - 57s - loss: 0.3011 - val_loss: 0.2889

Epoch 00050: val_loss did not improve from 0.28892
Epoch 51/8000
 - 57s - loss: 0.3013 - val_loss: 0.2891

Epoch 00051: val_loss did not improve from 0.28892
Epoch 52/8000
 - 57s - loss: 0.3011 - val_loss: 0.2890

Epoch 00052: val_loss did not improve from 0.28892
Epoch 53/8000
 - 57s - loss: 0.3011 - val_loss: 0.2889

Epoch 00053: val_loss improved from 0.28892 to 0.28890, saving model to model_weights/lstm_autoencoder_2020-01-09_19-26-04.h5
Epoch 54/8000
 - 57s - loss: 0.3011 - val_loss: 0.2890

Epoch 00054: val_loss did not improve from 0.28890
Epoch 55/8000
 - 57s - loss: 0.3011 - val_loss: 0.2889

Epoch 00055: val_loss did not improve from 0.28890
Epoch 56/8000
 - 57s - loss: 0.3012 - val_loss: 0.2898

Epoch 00056: val_loss did not improve from 0.28890
Epoch 57/8000
 - 57s - loss: 0.3011 - val_loss: 0.2889

Epoch 00057: val_loss did not improve from 0.28890
Epoch 58/8000
 - 57s - loss: 0.3011 - val_loss: 0.2889

Epoch 00058: val_loss did not improve from 0.28890
Epoch 59/8000
 - 57s - loss: 0.3011 - val_loss: 0.2901

Epoch 00059: val_loss did not improve from 0.28890
Epoch 60/8000
 - 57s - loss: 0.3013 - val_loss: 0.2890

Epoch 00060: val_loss did not improve from 0.28890
Epoch 61/8000
 - 57s - loss: 0.3011 - val_loss: 0.2889

Epoch 00061: val_loss did not improve from 0.28890
Epoch 62/8000
 - 57s - loss: 0.3011 - val_loss: 0.2890

Epoch 00062: val_loss did not improve from 0.28890
Epoch 63/8000
 - 57s - loss: 0.3011 - val_loss: 0.2889

Epoch 00063: val_loss did not improve from 0.28890
Epoch 64/8000
 - 57s - loss: 0.3011 - val_loss: 0.2890

Epoch 00064: val_loss did not improve from 0.28890
Epoch 65/8000
 - 57s - loss: 0.3012 - val_loss: 0.2889

Epoch 00065: val_loss did not improve from 0.28890
Epoch 66/8000
 - 57s - loss: 0.3012 - val_loss: 0.2889

Epoch 00066: val_loss improved from 0.28890 to 0.28889, saving model to model_weights/lstm_autoencoder_2020-01-09_19-26-04.h5
Epoch 67/8000
 - 57s - loss: 0.3012 - val_loss: 0.2889

Epoch 00067: val_loss did not improve from 0.28889
Epoch 68/8000
 - 57s - loss: 0.3011 - val_loss: 0.2890

Epoch 00068: val_loss did not improve from 0.28889
Epoch 69/8000
 - 57s - loss: 0.3010 - val_loss: 0.2889

Epoch 00069: val_loss improved from 0.28889 to 0.28889, saving model to model_weights/lstm_autoencoder_2020-01-09_19-26-04.h5
Epoch 70/8000
 - 57s - loss: 0.3011 - val_loss: 0.2889

Epoch 00070: val_loss improved from 0.28889 to 0.28888, saving model to model_weights/lstm_autoencoder_2020-01-09_19-26-04.h5
Epoch 71/8000
 - 57s - loss: 0.3011 - val_loss: 0.2889

Epoch 00071: val_loss did not improve from 0.28888
Epoch 72/8000
 - 57s - loss: 0.3011 - val_loss: 0.2891

Epoch 00072: val_loss did not improve from 0.28888
Epoch 73/8000
 - 57s - loss: 0.3011 - val_loss: 0.2890

Epoch 00073: val_loss did not improve from 0.28888
Epoch 74/8000
 - 57s - loss: 0.3011 - val_loss: 0.2889

Epoch 00074: val_loss did not improve from 0.28888
Epoch 75/8000
 - 57s - loss: 0.3010 - val_loss: 0.2889

Epoch 00075: val_loss improved from 0.28888 to 0.28887, saving model to model_weights/lstm_autoencoder_2020-01-09_19-26-04.h5
Epoch 76/8000
 - 57s - loss: 0.3011 - val_loss: 0.2889

Epoch 00076: val_loss did not improve from 0.28887
Epoch 77/8000
 - 57s - loss: 0.3011 - val_loss: 0.2890

Epoch 00077: val_loss did not improve from 0.28887
Epoch 78/8000
 - 57s - loss: 0.3010 - val_loss: 0.2889

Epoch 00078: val_loss did not improve from 0.28887
Epoch 79/8000
 - 57s - loss: 0.3011 - val_loss: 0.2891

Epoch 00079: val_loss did not improve from 0.28887
Epoch 80/8000
 - 57s - loss: 0.3011 - val_loss: 0.2889

Epoch 00080: val_loss did not improve from 0.28887
Epoch 81/8000
 - 57s - loss: 0.3011 - val_loss: 0.2889

Epoch 00081: val_loss did not improve from 0.28887
Epoch 82/8000
 - 57s - loss: 0.3011 - val_loss: 0.2890

Epoch 00082: val_loss did not improve from 0.28887
Epoch 83/8000
 - 57s - loss: 0.3011 - val_loss: 0.2890

Epoch 00083: val_loss did not improve from 0.28887
Epoch 84/8000
 - 57s - loss: 0.3010 - val_loss: 0.2891

Epoch 00084: val_loss did not improve from 0.28887
Epoch 00084: early stopping
