2019-12-16 16:02:26.316642: I tensorflow/core/platform/cpu_feature_guard.cc:141] Your CPU supports instructions that this TensorFlow binary was not compiled to use: SSE4.1 SSE4.2 AVX
2019-12-16 16:02:26.435707: I tensorflow/stream_executor/cuda/cuda_gpu_executor.cc:897] successful NUMA node read from SysFS had negative value (-1), but there must be at least one NUMA node, so returning NUMA node zero
2019-12-16 16:02:26.436258: I tensorflow/core/common_runtime/gpu/gpu_device.cc:1405] Found device 0 with properties: 
name: TITAN Xp major: 6 minor: 1 memoryClockRate(GHz): 1.582
pciBusID: 0000:01:00.0
totalMemory: 11.91GiB freeMemory: 11.73GiB
2019-12-16 16:02:26.436275: I tensorflow/core/common_runtime/gpu/gpu_device.cc:1484] Adding visible gpu devices: 0
2019-12-16 16:02:26.669353: I tensorflow/core/common_runtime/gpu/gpu_device.cc:965] Device interconnect StreamExecutor with strength 1 edge matrix:
2019-12-16 16:02:26.669401: I tensorflow/core/common_runtime/gpu/gpu_device.cc:971]      0 
2019-12-16 16:02:26.669410: I tensorflow/core/common_runtime/gpu/gpu_device.cc:984] 0:   N 
2019-12-16 16:02:26.669679: I tensorflow/core/common_runtime/gpu/gpu_device.cc:1097] Created TensorFlow device (/job:localhost/replica:0/task:0/device:GPU:0 with 11348 MB memory) -> physical GPU (device: 0, name: TITAN Xp, pci bus id: 0000:01:00.0, compute capability: 6.1)
Train on 32962 samples, validate on 1735 samples
Epoch 1/250
 - 244s - loss: 0.3382 - val_loss: 0.2950

Epoch 00001: val_loss improved from inf to 0.29502, saving model to lstm_autoencoder_2019-12-16_16-02-25.h5
Epoch 2/250
 - 244s - loss: 0.2630 - val_loss: 0.2476

Epoch 00002: val_loss improved from 0.29502 to 0.24759, saving model to lstm_autoencoder_2019-12-16_16-02-25.h5
Epoch 3/250
 - 244s - loss: 0.2402 - val_loss: 0.2154

Epoch 00003: val_loss improved from 0.24759 to 0.21539, saving model to lstm_autoencoder_2019-12-16_16-02-25.h5
Epoch 4/250
 - 244s - loss: 0.2311 - val_loss: 0.2228

Epoch 00004: val_loss did not improve from 0.21539
Epoch 5/250
 - 245s - loss: 0.2212 - val_loss: 0.2111

Epoch 00005: val_loss improved from 0.21539 to 0.21113, saving model to lstm_autoencoder_2019-12-16_16-02-25.h5
Epoch 6/250
 - 245s - loss: 0.2166 - val_loss: 0.1980

Epoch 00006: val_loss improved from 0.21113 to 0.19798, saving model to lstm_autoencoder_2019-12-16_16-02-25.h5
Epoch 7/250
 - 245s - loss: 0.2075 - val_loss: 0.2424

Epoch 00007: val_loss did not improve from 0.19798
Epoch 8/250
 - 245s - loss: 0.2039 - val_loss: 0.2109

Epoch 00008: val_loss did not improve from 0.19798
Epoch 9/250
 - 245s - loss: 0.1974 - val_loss: 0.2041

Epoch 00009: val_loss did not improve from 0.19798
Epoch 10/250
 - 245s - loss: 0.1945 - val_loss: 0.1922

Epoch 00010: val_loss improved from 0.19798 to 0.19216, saving model to lstm_autoencoder_2019-12-16_16-02-25.h5
Epoch 11/250
 - 245s - loss: 0.1916 - val_loss: 0.1859

Epoch 00011: val_loss improved from 0.19216 to 0.18587, saving model to lstm_autoencoder_2019-12-16_16-02-25.h5
Epoch 12/250
 - 245s - loss: 0.1897 - val_loss: 0.1831

Epoch 00012: val_loss improved from 0.18587 to 0.18306, saving model to lstm_autoencoder_2019-12-16_16-02-25.h5
Epoch 13/250
 - 245s - loss: 0.1854 - val_loss: 0.1875

Epoch 00013: val_loss did not improve from 0.18306
Epoch 14/250
 - 245s - loss: 0.1826 - val_loss: 0.1796

Epoch 00014: val_loss improved from 0.18306 to 0.17961, saving model to lstm_autoencoder_2019-12-16_16-02-25.h5
Epoch 15/250
 - 245s - loss: 0.1811 - val_loss: 0.1746

Epoch 00015: val_loss improved from 0.17961 to 0.17463, saving model to lstm_autoencoder_2019-12-16_16-02-25.h5
Epoch 16/250
 - 245s - loss: 0.1791 - val_loss: 0.1971

Epoch 00016: val_loss did not improve from 0.17463
Epoch 17/250
 - 245s - loss: 0.1771 - val_loss: 0.1664

Epoch 00017: val_loss improved from 0.17463 to 0.16644, saving model to lstm_autoencoder_2019-12-16_16-02-25.h5
Epoch 18/250
 - 245s - loss: 0.1744 - val_loss: 0.1725

Epoch 00018: val_loss did not improve from 0.16644
Epoch 19/250
 - 245s - loss: 0.1725 - val_loss: 0.1856

Epoch 00019: val_loss did not improve from 0.16644
Epoch 20/250
 - 245s - loss: 0.1717 - val_loss: 0.1666

Epoch 00020: val_loss did not improve from 0.16644
Epoch 21/250
 - 245s - loss: 0.1680 - val_loss: 0.1727

Epoch 00021: val_loss did not improve from 0.16644
Epoch 22/250
 - 245s - loss: 0.1684 - val_loss: 0.1660
Using TensorFlow backend.

Epoch 00022: val_loss improved from 0.16644 to 0.16599, saving model to lstm_autoencoder_2019-12-16_16-02-25.h5
Epoch 00022: early stopping
