2020-01-14 15:44:34.844270: I tensorflow/core/platform/cpu_feature_guard.cc:141] Your CPU supports instructions that this TensorFlow binary was not compiled to use: SSE4.1 SSE4.2 AVX
2020-01-14 15:44:34.976484: I tensorflow/stream_executor/cuda/cuda_gpu_executor.cc:897] successful NUMA node read from SysFS had negative value (-1), but there must be at least one NUMA node, so returning NUMA node zero
2020-01-14 15:44:34.977036: I tensorflow/core/common_runtime/gpu/gpu_device.cc:1405] Found device 0 with properties: 
name: TITAN Xp major: 6 minor: 1 memoryClockRate(GHz): 1.582
pciBusID: 0000:01:00.0
totalMemory: 11.91GiB freeMemory: 11.73GiB
2020-01-14 15:44:34.977053: I tensorflow/core/common_runtime/gpu/gpu_device.cc:1484] Adding visible gpu devices: 0
2020-01-14 15:44:35.210105: I tensorflow/core/common_runtime/gpu/gpu_device.cc:965] Device interconnect StreamExecutor with strength 1 edge matrix:
2020-01-14 15:44:35.210149: I tensorflow/core/common_runtime/gpu/gpu_device.cc:971]      0 
2020-01-14 15:44:35.210158: I tensorflow/core/common_runtime/gpu/gpu_device.cc:984] 0:   N 
2020-01-14 15:44:35.210424: I tensorflow/core/common_runtime/gpu/gpu_device.cc:1097] Created TensorFlow device (/job:localhost/replica:0/task:0/device:GPU:0 with 11348 MB memory) -> physical GPU (device: 0, name: TITAN Xp, pci bus id: 0000:01:00.0, compute capability: 6.1)
2020-01-14 15:44:35.481617: I tensorflow/core/kernels/cuda_solvers.cc:159] Creating CudaSolver handles for stream 0x55eb2910d340
Train on 40871 samples, validate on 2152 samples
Epoch 1/8000
 - 7s - loss: 0.3877 - val_loss: 0.2797

Epoch 00001: val_loss improved from inf to 0.27971, saving model to model_weights/lstm_autoencoder_2020-01-14_15-44-34.h5
Epoch 2/8000
 - 5s - loss: 0.2618 - val_loss: 0.2756

Epoch 00002: val_loss improved from 0.27971 to 0.27556, saving model to model_weights/lstm_autoencoder_2020-01-14_15-44-34.h5
Epoch 3/8000
 - 5s - loss: 0.2506 - val_loss: 0.2388

Epoch 00003: val_loss improved from 0.27556 to 0.23884, saving model to model_weights/lstm_autoencoder_2020-01-14_15-44-34.h5
Epoch 4/8000
 - 5s - loss: 0.2280 - val_loss: 0.2386

Epoch 00004: val_loss improved from 0.23884 to 0.23860, saving model to model_weights/lstm_autoencoder_2020-01-14_15-44-34.h5
Epoch 5/8000
 - 5s - loss: 0.2145 - val_loss: 0.2074

Epoch 00005: val_loss improved from 0.23860 to 0.20737, saving model to model_weights/lstm_autoencoder_2020-01-14_15-44-34.h5
Epoch 6/8000
 - 5s - loss: 0.2086 - val_loss: 0.2061

Epoch 00006: val_loss improved from 0.20737 to 0.20605, saving model to model_weights/lstm_autoencoder_2020-01-14_15-44-34.h5
Epoch 7/8000
 - 5s - loss: 0.1947 - val_loss: 0.1919

Epoch 00007: val_loss improved from 0.20605 to 0.19186, saving model to model_weights/lstm_autoencoder_2020-01-14_15-44-34.h5
Epoch 8/8000
 - 5s - loss: 0.1922 - val_loss: 0.2027

Epoch 00008: val_loss did not improve from 0.19186
Epoch 9/8000
 - 6s - loss: 0.1887 - val_loss: 0.1864

Epoch 00009: val_loss improved from 0.19186 to 0.18642, saving model to model_weights/lstm_autoencoder_2020-01-14_15-44-34.h5
Epoch 10/8000
 - 5s - loss: 0.1803 - val_loss: 0.1900

Epoch 00010: val_loss did not improve from 0.18642
Epoch 11/8000
 - 5s - loss: 0.1799 - val_loss: 0.1696

Epoch 00011: val_loss improved from 0.18642 to 0.16957, saving model to model_weights/lstm_autoencoder_2020-01-14_15-44-34.h5
Epoch 12/8000
 - 6s - loss: 0.1721 - val_loss: 0.1714

Epoch 00012: val_loss did not improve from 0.16957
Epoch 13/8000
 - 6s - loss: 0.1705 - val_loss: 0.1673

Epoch 00013: val_loss improved from 0.16957 to 0.16727, saving model to model_weights/lstm_autoencoder_2020-01-14_15-44-34.h5
Epoch 14/8000
 - 6s - loss: 0.1660 - val_loss: 0.1756

Epoch 00014: val_loss did not improve from 0.16727
Epoch 15/8000
 - 6s - loss: 0.1626 - val_loss: 0.1581

Epoch 00015: val_loss improved from 0.16727 to 0.15812, saving model to model_weights/lstm_autoencoder_2020-01-14_15-44-34.h5
Epoch 16/8000
 - 6s - loss: 0.1595 - val_loss: 0.1557

Epoch 00016: val_loss improved from 0.15812 to 0.15567, saving model to model_weights/lstm_autoencoder_2020-01-14_15-44-34.h5
Epoch 17/8000
 - 6s - loss: 0.1609 - val_loss: 0.1614

Epoch 00017: val_loss did not improve from 0.15567
Epoch 18/8000
 - 6s - loss: 0.1589 - val_loss: 0.1576

Epoch 00018: val_loss did not improve from 0.15567
Epoch 19/8000
 - 6s - loss: 0.1546 - val_loss: 0.1536

Epoch 00019: val_loss improved from 0.15567 to 0.15355, saving model to model_weights/lstm_autoencoder_2020-01-14_15-44-34.h5
Epoch 20/8000
 - 6s - loss: 0.1544 - val_loss: 0.1434

Epoch 00020: val_loss improved from 0.15355 to 0.14338, saving model to model_weights/lstm_autoencoder_2020-01-14_15-44-34.h5
Epoch 21/8000
 - 6s - loss: 0.1514 - val_loss: 0.1613

Epoch 00021: val_loss did not improve from 0.14338
Epoch 22/8000
 - 6s - loss: 0.1528 - val_loss: 0.1395

Epoch 00022: val_loss improved from 0.14338 to 0.13952, saving model to model_weights/lstm_autoencoder_2020-01-14_15-44-34.h5
Epoch 23/8000
 - 6s - loss: 0.1496 - val_loss: 0.1459

Epoch 00023: val_loss did not improve from 0.13952
Epoch 24/8000
 - 6s - loss: 0.1484 - val_loss: 0.1568

Epoch 00024: val_loss did not improve from 0.13952
Epoch 25/8000
 - 6s - loss: 0.1502 - val_loss: 0.1403

Epoch 00025: val_loss did not improve from 0.13952
Epoch 26/8000
 - 6s - loss: 0.1447 - val_loss: 0.1432

Epoch 00026: val_loss did not improve from 0.13952
Epoch 27/8000
 - 6s - loss: 0.1440 - val_loss: 0.1396

Epoch 00027: val_loss did not improve from 0.13952
Epoch 28/8000
 - 6s - loss: 0.1418 - val_loss: 0.1639

Epoch 00028: val_loss did not improve from 0.13952
Epoch 29/8000
 - 6s - loss: 0.1436 - val_loss: 0.1363

Epoch 00029: val_loss improved from 0.13952 to 0.13632, saving model to model_weights/lstm_autoencoder_2020-01-14_15-44-34.h5
Epoch 30/8000
 - 6s - loss: 0.1405 - val_loss: 0.1389

Epoch 00030: val_loss did not improve from 0.13632
Epoch 31/8000
 - 6s - loss: 0.1452 - val_loss: 0.1469

Epoch 00031: val_loss did not improve from 0.13632
Epoch 32/8000
 - 6s - loss: 0.1390 - val_loss: 0.1355

Epoch 00032: val_loss improved from 0.13632 to 0.13547, saving model to model_weights/lstm_autoencoder_2020-01-14_15-44-34.h5
Epoch 33/8000
 - 6s - loss: 0.1420 - val_loss: 0.1561

Epoch 00033: val_loss did not improve from 0.13547
Epoch 34/8000
 - 6s - loss: 0.1442 - val_loss: 0.1584

Epoch 00034: val_loss did not improve from 0.13547
Epoch 35/8000
 - 6s - loss: 0.1349 - val_loss: 0.1597

Epoch 00035: val_loss did not improve from 0.13547
Epoch 36/8000
 - 6s - loss: 0.1383 - val_loss: 0.1373

Epoch 00036: val_loss did not improve from 0.13547
Epoch 37/8000
 - 6s - loss: 0.1346 - val_loss: 0.1543

Epoch 00037: val_loss did not improve from 0.13547
Epoch 38/8000
 - 6s - loss: 0.1362 - val_loss: 0.1472

Epoch 00038: val_loss did not improve from 0.13547
Epoch 39/8000
 - 6s - loss: 0.1379 - val_loss: 0.1618

Epoch 00039: val_loss did not improve from 0.13547
Epoch 40/8000
 - 6s - loss: 0.1342 - val_loss: 0.1285

Epoch 00040: val_loss improved from 0.13547 to 0.12853, saving model to model_weights/lstm_autoencoder_2020-01-14_15-44-34.h5
Epoch 41/8000
 - 6s - loss: 0.1349 - val_loss: 0.1419

Epoch 00041: val_loss did not improve from 0.12853
Epoch 42/8000
 - 6s - loss: 0.1365 - val_loss: 0.1315

Epoch 00042: val_loss did not improve from 0.12853
Epoch 43/8000
 - 6s - loss: 0.1322 - val_loss: 0.1257

Epoch 00043: val_loss improved from 0.12853 to 0.12571, saving model to model_weights/lstm_autoencoder_2020-01-14_15-44-34.h5
Epoch 44/8000
 - 6s - loss: 0.1314 - val_loss: 0.1449

Epoch 00044: val_loss did not improve from 0.12571
Epoch 45/8000
 - 6s - loss: 0.1385 - val_loss: 0.1377

Epoch 00045: val_loss did not improve from 0.12571
Epoch 46/8000
 - 6s - loss: 0.1314 - val_loss: 0.1446

Epoch 00046: val_loss did not improve from 0.12571
Epoch 47/8000
 - 6s - loss: 0.1338 - val_loss: 0.1264

Epoch 00047: val_loss did not improve from 0.12571
Epoch 48/8000
 - 6s - loss: 0.1297 - val_loss: 0.1212

Epoch 00048: val_loss improved from 0.12571 to 0.12116, saving model to model_weights/lstm_autoencoder_2020-01-14_15-44-34.h5
Epoch 49/8000
 - 6s - loss: 0.1283 - val_loss: 0.1291

Epoch 00049: val_loss did not improve from 0.12116
Epoch 50/8000
 - 6s - loss: 0.1337 - val_loss: 0.1300

Epoch 00050: val_loss did not improve from 0.12116
Epoch 51/8000
 - 6s - loss: 0.1268 - val_loss: 0.1212

Epoch 00051: val_loss did not improve from 0.12116
Epoch 52/8000
 - 6s - loss: 0.1351 - val_loss: 0.1302

Epoch 00052: val_loss did not improve from 0.12116
Epoch 53/8000
 - 6s - loss: 0.1350 - val_loss: 0.1226

Epoch 00053: val_loss did not improve from 0.12116
Epoch 54/8000
 - 6s - loss: 0.1288 - val_loss: 0.1466

Epoch 00054: val_loss did not improve from 0.12116
Epoch 55/8000
 - 6s - loss: 0.1262 - val_loss: 0.1192

Epoch 00055: val_loss improved from 0.12116 to 0.11920, saving model to model_weights/lstm_autoencoder_2020-01-14_15-44-34.h5
Epoch 56/8000
 - 6s - loss: 0.1283 - val_loss: 0.1404

Epoch 00056: val_loss did not improve from 0.11920
Epoch 57/8000
 - 6s - loss: 0.1329 - val_loss: 0.1301

Epoch 00057: val_loss did not improve from 0.11920
Epoch 58/8000
 - 6s - loss: 0.1294 - val_loss: 0.1301

Epoch 00058: val_loss did not improve from 0.11920
Epoch 59/8000
 - 6s - loss: 0.1302 - val_loss: 0.1760

Epoch 00059: val_loss did not improve from 0.11920
Epoch 60/8000
 - 6s - loss: 0.1377 - val_loss: 0.1328

Epoch 00060: val_loss did not improve from 0.11920
Epoch 61/8000
 - 6s - loss: 0.1253 - val_loss: 0.1225

Epoch 00061: val_loss did not improve from 0.11920
Epoch 62/8000
 - 6s - loss: 0.1278 - val_loss: 0.1319

Epoch 00062: val_loss did not improve from 0.11920
Epoch 63/8000
 - 6s - loss: 0.1262 - val_loss: 0.1191

Epoch 00063: val_loss improved from 0.11920 to 0.11914, saving model to model_weights/lstm_autoencoder_2020-01-14_15-44-34.h5
Epoch 64/8000
 - 6s - loss: 0.1287 - val_loss: 0.1243

Epoch 00064: val_loss did not improve from 0.11914
Epoch 65/8000
 - 6s - loss: 0.1277 - val_loss: 0.1513

Epoch 00065: val_loss did not improve from 0.11914
Epoch 66/8000
 - 6s - loss: 0.1268 - val_loss: 0.1153

Epoch 00066: val_loss improved from 0.11914 to 0.11534, saving model to model_weights/lstm_autoencoder_2020-01-14_15-44-34.h5
Epoch 67/8000
 - 6s - loss: 0.1234 - val_loss: 0.1379

Epoch 00067: val_loss did not improve from 0.11534
Epoch 68/8000
 - 6s - loss: 0.1253 - val_loss: 0.1330

Epoch 00068: val_loss did not improve from 0.11534
Epoch 69/8000
 - 6s - loss: 0.1295 - val_loss: 0.1257

Epoch 00069: val_loss did not improve from 0.11534
Epoch 70/8000
 - 6s - loss: 0.1212 - val_loss: 0.1217

Epoch 00070: val_loss did not improve from 0.11534
Epoch 71/8000
 - 6s - loss: 0.1226 - val_loss: 0.1144

Epoch 00071: val_loss improved from 0.11534 to 0.11439, saving model to model_weights/lstm_autoencoder_2020-01-14_15-44-34.h5
Epoch 72/8000
 - 6s - loss: 0.1190 - val_loss: 0.1404

Epoch 00072: val_loss did not improve from 0.11439
Epoch 73/8000
 - 6s - loss: 0.1248 - val_loss: 0.1107

Epoch 00073: val_loss improved from 0.11439 to 0.11068, saving model to model_weights/lstm_autoencoder_2020-01-14_15-44-34.h5
Epoch 74/8000
 - 6s - loss: 0.1209 - val_loss: 0.1286

Epoch 00074: val_loss did not improve from 0.11068
Epoch 75/8000
 - 6s - loss: 0.1358 - val_loss: 0.1244

Epoch 00075: val_loss did not improve from 0.11068
Epoch 76/8000
 - 6s - loss: 0.1243 - val_loss: 0.1437

Epoch 00076: val_loss did not improve from 0.11068
Epoch 77/8000
 - 6s - loss: 0.1334 - val_loss: 0.1452

Epoch 00077: val_loss did not improve from 0.11068
Epoch 78/8000
 - 6s - loss: 0.1305 - val_loss: 0.1248

Epoch 00078: val_loss did not improve from 0.11068
Epoch 79/8000
 - 6s - loss: 0.1426 - val_loss: 0.1328

Epoch 00079: val_loss did not improve from 0.11068
Epoch 80/8000
 - 6s - loss: 0.1267 - val_loss: 0.1131

Epoch 00080: val_loss did not improve from 0.11068
Epoch 81/8000
 - 6s - loss: 0.1242 - val_loss: 0.1195

Epoch 00081: val_loss did not improve from 0.11068
Epoch 82/8000
 - 6s - loss: 0.1322 - val_loss: 0.1372

Epoch 00082: val_loss did not improve from 0.11068
Epoch 83/8000
 - 6s - loss: 0.1225 - val_loss: 0.1128

Epoch 00083: val_loss did not improve from 0.11068
Epoch 84/8000
 - 6s - loss: 0.1228 - val_loss: 0.1211

Epoch 00084: val_loss did not improve from 0.11068
Epoch 85/8000
 - 6s - loss: 0.1217 - val_loss: 0.1447

Epoch 00085: val_loss did not improve from 0.11068
Epoch 86/8000
 - 6s - loss: 0.1189 - val_loss: 0.1173

Epoch 00086: val_loss did not improve from 0.11068
Epoch 87/8000
 - 6s - loss: 0.1190 - val_loss: 0.1263

Epoch 00087: val_loss did not improve from 0.11068
Epoch 88/8000
 - 6s - loss: 0.1198 - val_loss: 0.1086

Epoch 00088: val_loss improved from 0.11068 to 0.10857, saving model to model_weights/lstm_autoencoder_2020-01-14_15-44-34.h5
Epoch 89/8000
 - 6s - loss: 0.1145 - val_loss: 0.1295

Epoch 00089: val_loss did not improve from 0.10857
Epoch 90/8000
 - 6s - loss: 0.1181 - val_loss: 0.1299

Epoch 00090: val_loss did not improve from 0.10857
Epoch 91/8000
 - 6s - loss: 0.1186 - val_loss: 0.1133

Epoch 00091: val_loss did not improve from 0.10857
Epoch 92/8000
 - 6s - loss: 0.1140 - val_loss: 0.1120

Epoch 00092: val_loss did not improve from 0.10857
Epoch 93/8000
 - 6s - loss: 0.1219 - val_loss: 0.1336

Epoch 00093: val_loss did not improve from 0.10857
Epoch 94/8000
 - 6s - loss: 0.1180 - val_loss: 0.1116

Epoch 00094: val_loss did not improve from 0.10857
Epoch 95/8000
 - 6s - loss: 0.1408 - val_loss: 0.1713

Epoch 00095: val_loss did not improve from 0.10857
Epoch 96/8000
 - 6s - loss: 0.1263 - val_loss: 0.1114

Epoch 00096: val_loss did not improve from 0.10857
Epoch 97/8000
 - 6s - loss: 0.1238 - val_loss: 0.1248

Epoch 00097: val_loss did not improve from 0.10857
Epoch 98/8000
 - 6s - loss: 0.1224 - val_loss: 0.1140

Epoch 00098: val_loss did not improve from 0.10857
Epoch 99/8000
 - 6s - loss: 0.1250 - val_loss: 0.1354

Epoch 00099: val_loss did not improve from 0.10857
Epoch 100/8000
 - 6s - loss: 0.1279 - val_loss: 0.1072

Epoch 00100: val_loss improved from 0.10857 to 0.10723, saving model to model_weights/lstm_autoencoder_2020-01-14_15-44-34.h5
Epoch 101/8000
 - 6s - loss: 0.1208 - val_loss: 0.1218

Epoch 00101: val_loss did not improve from 0.10723
Epoch 102/8000
 - 6s - loss: 0.1228 - val_loss: 0.1313

Epoch 00102: val_loss did not improve from 0.10723
Epoch 103/8000
 - 6s - loss: 0.1256 - val_loss: 0.1120

Epoch 00103: val_loss did not improve from 0.10723
Epoch 104/8000
 - 6s - loss: 0.1171 - val_loss: 0.1104

Epoch 00104: val_loss did not improve from 0.10723
Epoch 105/8000
 - 6s - loss: 0.1183 - val_loss: 0.1253

Epoch 00105: val_loss did not improve from 0.10723
Epoch 106/8000
 - 6s - loss: 0.1168 - val_loss: 0.1098

Epoch 00106: val_loss did not improve from 0.10723
Epoch 107/8000
 - 6s - loss: 0.1165 - val_loss: 0.1155

Epoch 00107: val_loss did not improve from 0.10723
Epoch 108/8000
 - 6s - loss: 0.1177 - val_loss: 0.1099

Epoch 00108: val_loss did not improve from 0.10723
Epoch 109/8000
 - 6s - loss: 0.1210 - val_loss: 0.1424

Epoch 00109: val_loss did not improve from 0.10723
Epoch 110/8000
 - 6s - loss: 0.1232 - val_loss: 0.1226

Epoch 00110: val_loss did not improve from 0.10723
Epoch 111/8000
 - 6s - loss: 0.1209 - val_loss: 0.1137

Epoch 00111: val_loss did not improve from 0.10723
Epoch 112/8000
 - 6s - loss: 0.1252 - val_loss: 0.1252

Epoch 00112: val_loss did not improve from 0.10723
Epoch 113/8000
 - 6s - loss: 0.1193 - val_loss: 0.1166

Epoch 00113: val_loss did not improve from 0.10723
Epoch 114/8000
 - 6s - loss: 0.1181 - val_loss: 0.1306

Epoch 00114: val_loss did not improve from 0.10723
Epoch 115/8000
 - 6s - loss: 0.1186 - val_loss: 0.1145

Epoch 00115: val_loss did not improve from 0.10723
Epoch 116/8000
 - 6s - loss: 0.1142 - val_loss: 0.1149

Epoch 00116: val_loss did not improve from 0.10723
Epoch 117/8000
 - 6s - loss: 0.1145 - val_loss: 0.1098

Epoch 00117: val_loss did not improve from 0.10723
Epoch 118/8000
 - 6s - loss: 0.1200 - val_loss: 0.1196

Epoch 00118: val_loss did not improve from 0.10723
Epoch 119/8000
 - 6s - loss: 0.1210 - val_loss: 0.1169

Epoch 00119: val_loss did not improve from 0.10723
Epoch 120/8000
 - 6s - loss: 0.1158 - val_loss: 0.1045

Epoch 00120: val_loss improved from 0.10723 to 0.10446, saving model to model_weights/lstm_autoencoder_2020-01-14_15-44-34.h5
Epoch 121/8000
 - 6s - loss: 0.1237 - val_loss: 0.1592

Epoch 00121: val_loss did not improve from 0.10446
Epoch 122/8000
 - 6s - loss: 0.1324 - val_loss: 0.1131

Epoch 00122: val_loss did not improve from 0.10446
Epoch 123/8000
 - 6s - loss: 0.1224 - val_loss: 0.1172

Epoch 00123: val_loss did not improve from 0.10446
Epoch 124/8000
 - 6s - loss: 0.1173 - val_loss: 0.1162

Epoch 00124: val_loss did not improve from 0.10446
Epoch 125/8000
 - 6s - loss: 0.1166 - val_loss: 0.1064

Epoch 00125: val_loss did not improve from 0.10446
Epoch 126/8000
 - 6s - loss: 0.1279 - val_loss: 0.1515

Epoch 00126: val_loss did not improve from 0.10446
Epoch 127/8000
 - 6s - loss: 0.1281 - val_loss: 0.1221

Epoch 00127: val_loss did not improve from 0.10446
Epoch 128/8000
 - 6s - loss: 0.1142 - val_loss: 0.1123

Epoch 00128: val_loss did not improve from 0.10446
Epoch 129/8000
 - 6s - loss: 0.1204 - val_loss: 0.1219

Epoch 00129: val_loss did not improve from 0.10446
Epoch 130/8000
 - 6s - loss: 0.1527 - val_loss: 0.8548

Epoch 00130: val_loss did not improve from 0.10446
Epoch 131/8000
 - 6s - loss: 0.3174 - val_loss: 0.2161

Epoch 00131: val_loss did not improve from 0.10446
Epoch 132/8000
 - 6s - loss: 0.2000 - val_loss: 0.1924

Epoch 00132: val_loss did not improve from 0.10446
Epoch 133/8000
 - 6s - loss: 0.1872 - val_loss: 0.1963

Epoch 00133: val_loss did not improve from 0.10446
Epoch 134/8000
 - 6s - loss: 0.1790 - val_loss: 0.1748

Epoch 00134: val_loss did not improve from 0.10446
Epoch 135/8000
 - 6s - loss: 0.1737 - val_loss: 0.1690

Epoch 00135: val_loss did not improve from 0.10446
Epoch 136/8000
 - 6s - loss: 0.1731 - val_loss: 0.1689

Epoch 00136: val_loss did not improve from 0.10446
Epoch 137/8000
 - 6s - loss: 0.1698 - val_loss: 0.1645

Epoch 00137: val_loss did not improve from 0.10446
Epoch 138/8000
 - 6s - loss: 0.1648 - val_loss: 0.1644

Epoch 00138: val_loss did not improve from 0.10446
Epoch 139/8000
 - 6s - loss: 0.1622 - val_loss: 0.1600

Epoch 00139: val_loss did not improve from 0.10446
Epoch 140/8000
 - 6s - loss: 0.1612 - val_loss: 0.1682

Epoch 00140: val_loss did not improve from 0.10446
Epoch 141/8000
 - 6s - loss: 0.1589 - val_loss: 0.1593

Epoch 00141: val_loss did not improve from 0.10446
Epoch 142/8000
 - 6s - loss: 0.1560 - val_loss: 0.1549

Epoch 00142: val_loss did not improve from 0.10446
Epoch 143/8000
 - 6s - loss: 0.1555 - val_loss: 0.1523

Epoch 00143: val_loss did not improve from 0.10446
Epoch 144/8000
 - 6s - loss: 0.1533 - val_loss: 0.1487

Epoch 00144: val_loss did not improve from 0.10446
Epoch 145/8000
 - 6s - loss: 0.1524 - val_loss: 0.1453

Epoch 00145: val_loss did not improve from 0.10446
Epoch 146/8000
 - 6s - loss: 0.1509 - val_loss: 0.1437

Epoch 00146: val_loss did not improve from 0.10446
Epoch 147/8000
 - 6s - loss: 0.1442 - val_loss: 0.1437

Epoch 00147: val_loss did not improve from 0.10446
Epoch 148/8000
 - 6s - loss: 0.1416 - val_loss: 0.1382

Epoch 00148: val_loss did not improve from 0.10446
Epoch 149/8000
 - 6s - loss: 0.1414 - val_loss: 0.1542

Epoch 00149: val_loss did not improve from 0.10446
Epoch 150/8000
 - 6s - loss: 0.1523 - val_loss: 0.1459

Epoch 00150: val_loss did not improve from 0.10446
Epoch 151/8000
 - 6s - loss: 0.1440 - val_loss: 0.1429

Epoch 00151: val_loss did not improve from 0.10446
Epoch 152/8000
 - 6s - loss: 0.1388 - val_loss: 0.1319

Epoch 00152: val_loss did not improve from 0.10446
Epoch 153/8000
 - 6s - loss: 0.1460 - val_loss: 0.1390

Epoch 00153: val_loss did not improve from 0.10446
Epoch 154/8000
 - 6s - loss: 0.1373 - val_loss: 0.1355

Epoch 00154: val_loss did not improve from 0.10446
Epoch 155/8000
 - 6s - loss: 0.1423 - val_loss: 0.1627

Epoch 00155: val_loss did not improve from 0.10446
Epoch 156/8000
 - 6s - loss: 0.1407 - val_loss: 0.1409

Epoch 00156: val_loss did not improve from 0.10446
Epoch 157/8000
 - 6s - loss: 0.1395 - val_loss: 0.1475

Epoch 00157: val_loss did not improve from 0.10446
Epoch 158/8000
 - 6s - loss: 0.1391 - val_loss: 0.1326

Epoch 00158: val_loss did not improve from 0.10446
Epoch 159/8000
 - 6s - loss: 0.1480 - val_loss: 0.1682

Epoch 00159: val_loss did not improve from 0.10446
Epoch 160/8000
 - 6s - loss: 0.1448 - val_loss: 0.1445

Epoch 00160: val_loss did not improve from 0.10446
Epoch 161/8000
 - 6s - loss: 0.1397 - val_loss: 0.1358

Epoch 00161: val_loss did not improve from 0.10446
Epoch 162/8000
 - 6s - loss: 0.1372 - val_loss: 0.1312

Epoch 00162: val_loss did not improve from 0.10446
Epoch 163/8000
 - 6s - loss: 0.1350 - val_loss: 0.1325

Epoch 00163: val_loss did not improve from 0.10446
Epoch 164/8000
 - 6s - loss: 0.1318 - val_loss: 0.1341

Epoch 00164: val_loss did not improve from 0.10446
Epoch 165/8000
 - 6s - loss: 0.1296 - val_loss: 0.1278

Epoch 00165: val_loss did not improve from 0.10446
Epoch 166/8000
 - 6s - loss: 0.1284 - val_loss: 0.1283

Epoch 00166: val_loss did not improve from 0.10446
Epoch 167/8000
 - 6s - loss: 0.1325 - val_loss: 0.1405

Epoch 00167: val_loss did not improve from 0.10446
Epoch 168/8000
 - 6s - loss: 0.1416 - val_loss: 0.1537

Epoch 00168: val_loss did not improve from 0.10446
Epoch 169/8000
 - 6s - loss: 0.1343 - val_loss: 0.1215

Epoch 00169: val_loss did not improve from 0.10446
Epoch 170/8000
 - 6s - loss: 0.1348 - val_loss: 0.1328

Epoch 00170: val_loss did not improve from 0.10446
Epoch 171/8000
 - 6s - loss: 0.1273 - val_loss: 0.1265

Epoch 00171: val_loss did not improve from 0.10446
Epoch 172/8000
 - 6s - loss: 0.1293 - val_loss: 0.1294

Epoch 00172: val_loss did not improve from 0.10446
Epoch 173/8000
 - 6s - loss: 0.1334 - val_loss: 0.1375

Epoch 00173: val_loss did not improve from 0.10446
Epoch 174/8000
 - 6s - loss: 0.1324 - val_loss: 0.1256

Epoch 00174: val_loss did not improve from 0.10446
Epoch 175/8000
 - 6s - loss: 0.1296 - val_loss: 0.1251

Epoch 00175: val_loss did not improve from 0.10446
Epoch 176/8000
 - 6s - loss: 0.1281 - val_loss: 0.1235

Epoch 00176: val_loss did not improve from 0.10446
Epoch 177/8000
 - 6s - loss: 0.1258 - val_loss: 0.1386

Epoch 00177: val_loss did not improve from 0.10446
Epoch 178/8000
 - 6s - loss: 0.1894 - val_loss: 0.1462

Epoch 00178: val_loss did not improve from 0.10446
Epoch 179/8000
 - 6s - loss: 0.1398 - val_loss: 0.1324

Epoch 00179: val_loss did not improve from 0.10446
Epoch 180/8000
 - 6s - loss: 0.1292 - val_loss: 0.1297

Epoch 00180: val_loss did not improve from 0.10446
Epoch 181/8000
 - 6s - loss: 0.1294 - val_loss: 0.1287

Epoch 00181: val_loss did not improve from 0.10446
Epoch 182/8000
 - 6s - loss: 0.1292 - val_loss: 0.1227

Epoch 00182: val_loss did not improve from 0.10446
Epoch 183/8000
 - 6s - loss: 0.1231 - val_loss: 0.1280

Epoch 00183: val_loss did not improve from 0.10446
Epoch 184/8000
 - 6s - loss: 0.1334 - val_loss: 0.1490

Epoch 00184: val_loss did not improve from 0.10446
Epoch 185/8000
 - 6s - loss: 0.1325 - val_loss: 0.1302

Epoch 00185: val_loss did not improve from 0.10446
Epoch 186/8000
 - 6s - loss: 0.1252 - val_loss: 0.1248

Epoch 00186: val_loss did not improve from 0.10446
Epoch 187/8000
 - 6s - loss: 0.1602 - val_loss: 0.1574

Epoch 00187: val_loss did not improve from 0.10446
Epoch 188/8000
 - 6s - loss: 0.1445 - val_loss: 0.1443

Epoch 00188: val_loss did not improve from 0.10446
Epoch 189/8000
 - 6s - loss: 0.1371 - val_loss: 0.1297

Epoch 00189: val_loss did not improve from 0.10446
Epoch 190/8000
 - 6s - loss: 0.1271 - val_loss: 0.1252

Epoch 00190: val_loss did not improve from 0.10446
Epoch 191/8000
 - 6s - loss: 0.1283 - val_loss: 0.1186

Epoch 00191: val_loss did not improve from 0.10446
Epoch 192/8000
 - 6s - loss: 0.1263 - val_loss: 0.1219

Epoch 00192: val_loss did not improve from 0.10446
Epoch 193/8000
 - 6s - loss: 0.1239 - val_loss: 0.1255

Epoch 00193: val_loss did not improve from 0.10446
Epoch 194/8000
 - 6s - loss: 0.1249 - val_loss: 0.1193

Epoch 00194: val_loss did not improve from 0.10446
Epoch 195/8000
 - 6s - loss: 0.1394 - val_loss: 0.1287

Epoch 00195: val_loss did not improve from 0.10446
Epoch 196/8000
 - 6s - loss: 0.1308 - val_loss: 0.1230

Epoch 00196: val_loss did not improve from 0.10446
Epoch 197/8000
 - 6s - loss: 0.1204 - val_loss: 0.1159

Epoch 00197: val_loss did not improve from 0.10446
Epoch 198/8000
 - 6s - loss: 0.1212 - val_loss: 0.1260

Epoch 00198: val_loss did not improve from 0.10446
Epoch 199/8000
 - 6s - loss: 0.1249 - val_loss: 0.1629

Epoch 00199: val_loss did not improve from 0.10446
Epoch 200/8000
 - 6s - loss: 0.1272 - val_loss: 0.1342

Epoch 00200: val_loss did not improve from 0.10446
Epoch 201/8000
 - 6s - loss: 0.1315 - val_loss: 0.1362

Epoch 00201: val_loss did not improve from 0.10446
Epoch 202/8000
 - 6s - loss: 0.1267 - val_loss: 0.1221

Epoch 00202: val_loss did not improve from 0.10446
Epoch 203/8000
 - 6s - loss: 0.1297 - val_loss: 0.1299

Epoch 00203: val_loss did not improve from 0.10446
Epoch 204/8000
 - 6s - loss: 0.1261 - val_loss: 0.1119

Epoch 00204: val_loss did not improve from 0.10446
Epoch 205/8000
 - 6s - loss: 0.1241 - val_loss: 0.1372

Epoch 00205: val_loss did not improve from 0.10446
Epoch 206/8000
 - 6s - loss: 0.1391 - val_loss: 0.1292

Epoch 00206: val_loss did not improve from 0.10446
Epoch 207/8000
 - 6s - loss: 0.1306 - val_loss: 0.1348

Epoch 00207: val_loss did not improve from 0.10446
Epoch 208/8000
 - 6s - loss: 0.1248 - val_loss: 0.1112

Epoch 00208: val_loss did not improve from 0.10446
Epoch 209/8000
 - 6s - loss: 0.1170 - val_loss: 0.1271

Epoch 00209: val_loss did not improve from 0.10446
Epoch 210/8000
 - 6s - loss: 0.1202 - val_loss: 0.1123

Epoch 00210: val_loss did not improve from 0.10446
Epoch 211/8000
 - 6s - loss: 0.1216 - val_loss: 0.1459

Epoch 00211: val_loss did not improve from 0.10446
Epoch 212/8000
 - 6s - loss: 0.1236 - val_loss: 0.1134

Epoch 00212: val_loss did not improve from 0.10446
Epoch 213/8000
 - 6s - loss: 0.1183 - val_loss: 0.1114

Epoch 00213: val_loss did not improve from 0.10446
Epoch 214/8000
 - 6s - loss: 0.1240 - val_loss: 0.1259

Epoch 00214: val_loss did not improve from 0.10446
Epoch 215/8000
 - 6s - loss: 0.1345 - val_loss: 0.1880

Epoch 00215: val_loss did not improve from 0.10446
Epoch 216/8000
 - 6s - loss: 0.1588 - val_loss: 0.1444

Epoch 00216: val_loss did not improve from 0.10446
Epoch 217/8000
 - 6s - loss: 0.1331 - val_loss: 0.1299

Epoch 00217: val_loss did not improve from 0.10446
Epoch 218/8000
 - 6s - loss: 0.1245 - val_loss: 0.1351

Epoch 00218: val_loss did not improve from 0.10446
Epoch 219/8000
 - 6s - loss: 0.1235 - val_loss: 0.1169

Epoch 00219: val_loss did not improve from 0.10446
Epoch 220/8000
 - 6s - loss: 0.1392 - val_loss: 0.1409

Epoch 00220: val_loss did not improve from 0.10446
Epoch 00220: early stopping
