2019-12-16 17:47:27.547550: I tensorflow/core/platform/cpu_feature_guard.cc:141] Your CPU supports instructions that this TensorFlow binary was not compiled to use: SSE4.1 SSE4.2 AVX
2019-12-16 17:47:27.678800: I tensorflow/stream_executor/cuda/cuda_gpu_executor.cc:897] successful NUMA node read from SysFS had negative value (-1), but there must be at least one NUMA node, so returning NUMA node zero
2019-12-16 17:47:27.679791: I tensorflow/core/common_runtime/gpu/gpu_device.cc:1405] Found device 0 with properties: 
name: TITAN Xp major: 6 minor: 1 memoryClockRate(GHz): 1.582
pciBusID: 0000:01:00.0
totalMemory: 11.91GiB freeMemory: 11.73GiB
2019-12-16 17:47:27.679809: I tensorflow/core/common_runtime/gpu/gpu_device.cc:1484] Adding visible gpu devices: 0
2019-12-16 17:47:27.913110: I tensorflow/core/common_runtime/gpu/gpu_device.cc:965] Device interconnect StreamExecutor with strength 1 edge matrix:
2019-12-16 17:47:27.913157: I tensorflow/core/common_runtime/gpu/gpu_device.cc:971]      0 
2019-12-16 17:47:27.913175: I tensorflow/core/common_runtime/gpu/gpu_device.cc:984] 0:   N 
2019-12-16 17:47:27.913479: I tensorflow/core/common_runtime/gpu/gpu_device.cc:1097] Created TensorFlow device (/job:localhost/replica:0/task:0/device:GPU:0 with 11348 MB memory) -> physical GPU (device: 0, name: TITAN Xp, pci bus id: 0000:01:00.0, compute capability: 6.1)
Train on 32962 samples, validate on 1735 samples
Epoch 1/250
 - 243s - loss: 0.1667 - val_loss: 0.1688

Epoch 00001: val_loss improved from inf to 0.16882, saving model to lstm_autoencoder_2019-12-16_17-47-27.h5
Epoch 2/250
 - 244s - loss: 0.1641 - val_loss: 0.1591

Epoch 00002: val_loss improved from 0.16882 to 0.15905, saving model to lstm_autoencoder_2019-12-16_17-47-27.h5
Epoch 3/250
 - 244s - loss: 0.1641 - val_loss: 0.1612

Epoch 00003: val_loss did not improve from 0.15905
Epoch 4/250
 - 244s - loss: 0.1630 - val_loss: 0.1641

Epoch 00004: val_loss did not improve from 0.15905
Epoch 5/250
 - 244s - loss: 0.1613 - val_loss: 0.1580

Epoch 00005: val_loss improved from 0.15905 to 0.15801, saving model to lstm_autoencoder_2019-12-16_17-47-27.h5
Epoch 6/250
 - 244s - loss: 0.1608 - val_loss: 0.1617

Epoch 00006: val_loss did not improve from 0.15801
Epoch 7/250
 - 244s - loss: 0.1591 - val_loss: 0.1839

Epoch 00007: val_loss did not improve from 0.15801
Epoch 8/250
 - 244s - loss: 0.1581 - val_loss: 0.1608

Epoch 00008: val_loss did not improve from 0.15801
Epoch 9/250
 - 244s - loss: 0.1559 - val_loss: 0.1582

Epoch 00009: val_loss did not improve from 0.15801
Epoch 10/250
 - 244s - loss: 0.1564 - val_loss: 0.1536

Epoch 00010: val_loss improved from 0.15801 to 0.15355, saving model to lstm_autoencoder_2019-12-16_17-47-27.h5
Epoch 11/250
 - 244s - loss: 0.1544 - val_loss: 0.1607

Epoch 00011: val_loss did not improve from 0.15355
Epoch 12/250
 - 244s - loss: 0.1537 - val_loss: 0.1620

Epoch 00012: val_loss did not improve from 0.15355
Epoch 13/250
 - 244s - loss: 0.1509 - val_loss: 0.1465

Epoch 00013: val_loss improved from 0.15355 to 0.14654, saving model to lstm_autoencoder_2019-12-16_17-47-27.h5
Epoch 14/250
 - 244s - loss: 0.1505 - val_loss: 0.1440

Epoch 00014: val_loss improved from 0.14654 to 0.14402, saving model to lstm_autoencoder_2019-12-16_17-47-27.h5
Epoch 15/250
 - 244s - loss: 0.1504 - val_loss: 0.1568

Epoch 00015: val_loss did not improve from 0.14402
Epoch 16/250
 - 244s - loss: 0.1488 - val_loss: 0.1476

Epoch 00016: val_loss did not improve from 0.14402
Epoch 17/250
 - 244s - loss: 0.1472 - val_loss: 0.1451

Epoch 00017: val_loss did not improve from 0.14402
Epoch 18/250
 - 244s - loss: 0.1455 - val_loss: 0.1461

Epoch 00018: val_loss did not improve from 0.14402
Epoch 19/250
 - 244s - loss: 0.1453 - val_loss: 0.1449

Epoch 00019: val_loss did not improve from 0.14402
Epoch 20/250
 - 244s - loss: 0.1460 - val_loss: 0.1406

Epoch 00020: val_loss improved from 0.14402 to 0.14058, saving model to lstm_autoencoder_2019-12-16_17-47-27.h5
Epoch 21/250
 - 244s - loss: 0.1429 - val_loss: 0.1582

Epoch 00021: val_loss did not improve from 0.14058
Epoch 22/250
 - 244s - loss: 0.1447 - val_loss: 0.1611

Epoch 00022: val_loss did not improve from 0.14058
Epoch 23/250
 - 244s - loss: 0.1429 - val_loss: 0.1833

Epoch 00023: val_loss did not improve from 0.14058
Epoch 24/250
 - 244s - loss: 0.1412 - val_loss: 0.1500

Epoch 00024: val_loss did not improve from 0.14058
Epoch 25/250
 - 244s - loss: 0.1419 - val_loss: 0.1482

Epoch 00025: val_loss did not improve from 0.14058
Epoch 26/250
 - 244s - loss: 0.1415 - val_loss: 0.1497

Epoch 00026: val_loss did not improve from 0.14058
Epoch 27/250
 - 244s - loss: 0.1405 - val_loss: 0.1385

Epoch 00027: val_loss improved from 0.14058 to 0.13848, saving model to lstm_autoencoder_2019-12-16_17-47-27.h5
Epoch 28/250
 - 244s - loss: 0.1386 - val_loss: 0.1493

Epoch 00028: val_loss did not improve from 0.13848
Epoch 29/250
 - 244s - loss: 0.1378 - val_loss: 0.1387

Epoch 00029: val_loss did not improve from 0.13848
Epoch 30/250
 - 244s - loss: 0.1370 - val_loss: 0.1754

Epoch 00030: val_loss did not improve from 0.13848
Epoch 31/250
 - 244s - loss: 0.1390 - val_loss: 0.1394

Epoch 00031: val_loss did not improve from 0.13848
Epoch 32/250
 - 244s - loss: 0.1360 - val_loss: 0.1389

Epoch 00032: val_loss did not improve from 0.13848
Epoch 33/250
 - 244s - loss: 0.1367 - val_loss: 0.1388

Epoch 00033: val_loss did not improve from 0.13848
Epoch 34/250
 - 244s - loss: 0.1338 - val_loss: 0.1430

Epoch 00034: val_loss did not improve from 0.13848
Epoch 35/250
 - 244s - loss: 0.1333 - val_loss: 0.1575

Epoch 00035: val_loss did not improve from 0.13848
Epoch 36/250
 - 244s - loss: 0.1367 - val_loss: 0.1327

Epoch 00036: val_loss improved from 0.13848 to 0.13266, saving model to lstm_autoencoder_2019-12-16_17-47-27.h5
Epoch 37/250
 - 244s - loss: 0.1338 - val_loss: 0.1327

Epoch 00037: val_loss did not improve from 0.13266
Epoch 38/250
 - 244s - loss: 0.1358 - val_loss: 0.1464

Epoch 00038: val_loss did not improve from 0.13266
Epoch 39/250
 - 244s - loss: 0.1329 - val_loss: 0.1307

Epoch 00039: val_loss improved from 0.13266 to 0.13072, saving model to lstm_autoencoder_2019-12-16_17-47-27.h5
Epoch 40/250
 - 244s - loss: 0.1314 - val_loss: 0.1383

Epoch 00040: val_loss did not improve from 0.13072
Epoch 41/250
 - 244s - loss: 0.1304 - val_loss: 0.1391

Epoch 00041: val_loss did not improve from 0.13072
Epoch 42/250
 - 244s - loss: 0.1301 - val_loss: 0.1339

Epoch 00042: val_loss did not improve from 0.13072
Epoch 43/250
 - 244s - loss: 0.1292 - val_loss: 0.1419

Epoch 00043: val_loss did not improve from 0.13072
Epoch 44/250
 - 244s - loss: 0.1301 - val_loss: 0.1328

Epoch 00044: val_loss did not improve from 0.13072
Epoch 45/250
 - 244s - loss: 0.1282 - val_loss: 0.1348

Epoch 00045: val_loss did not improve from 0.13072
Epoch 46/250
 - 244s - loss: 0.1295 - val_loss: 0.1490

Epoch 00046: val_loss did not improve from 0.13072
Epoch 47/250
 - 244s - loss: 0.1274 - val_loss: 0.1335

Epoch 00047: val_loss did not improve from 0.13072
Epoch 48/250
 - 244s - loss: 0.1272 - val_loss: 0.1288

Epoch 00048: val_loss improved from 0.13072 to 0.12879, saving model to lstm_autoencoder_2019-12-16_17-47-27.h5
Epoch 49/250
 - 244s - loss: 0.1283 - val_loss: 0.1362

Epoch 00049: val_loss did not improve from 0.12879
Epoch 50/250
 - 244s - loss: 0.1261 - val_loss: 0.1463

Epoch 00050: val_loss did not improve from 0.12879
Epoch 51/250
 - 244s - loss: 0.1257 - val_loss: 0.1378

Epoch 00051: val_loss did not improve from 0.12879
Epoch 52/250
 - 244s - loss: 0.1254 - val_loss: 0.1473

Epoch 00052: val_loss did not improve from 0.12879
Epoch 53/250
 - 244s - loss: 0.1253 - val_loss: 0.1263

Epoch 00053: val_loss improved from 0.12879 to 0.12631, saving model to lstm_autoencoder_2019-12-16_17-47-27.h5
Epoch 54/250
 - 244s - loss: 0.1272 - val_loss: 0.1376

Epoch 00054: val_loss did not improve from 0.12631
Epoch 55/250
 - 244s - loss: 0.1246 - val_loss: 0.1562

Epoch 00055: val_loss did not improve from 0.12631
Epoch 56/250
 - 244s - loss: 0.1248 - val_loss: 0.1375

Epoch 00056: val_loss did not improve from 0.12631
Epoch 57/250
 - 244s - loss: 0.1239 - val_loss: 0.1242

Epoch 00057: val_loss improved from 0.12631 to 0.12425, saving model to lstm_autoencoder_2019-12-16_17-47-27.h5
Epoch 58/250
 - 244s - loss: 0.1219 - val_loss: 0.1294

Epoch 00058: val_loss did not improve from 0.12425
Epoch 59/250
 - 244s - loss: 0.1225 - val_loss: 0.2184

Epoch 00059: val_loss did not improve from 0.12425
Epoch 60/250
 - 244s - loss: 0.1328 - val_loss: 0.1644

Epoch 00060: val_loss did not improve from 0.12425
Epoch 61/250
 - 244s - loss: 0.1228 - val_loss: 0.1285

Epoch 00061: val_loss did not improve from 0.12425
Epoch 62/250
 - 244s - loss: 0.1223 - val_loss: 0.1214

Epoch 00062: val_loss improved from 0.12425 to 0.12142, saving model to lstm_autoencoder_2019-12-16_17-47-27.h5
Epoch 63/250
 - 244s - loss: 0.1230 - val_loss: 0.1260

Epoch 00063: val_loss did not improve from 0.12142
Epoch 64/250
 - 244s - loss: 0.1205 - val_loss: 0.1419

Epoch 00064: val_loss did not improve from 0.12142
Epoch 65/250
 - 244s - loss: 0.1203 - val_loss: 0.1238

Epoch 00065: val_loss did not improve from 0.12142
Epoch 66/250
 - 244s - loss: 0.1201 - val_loss: 0.1208

Epoch 00066: val_loss improved from 0.12142 to 0.12080, saving model to lstm_autoencoder_2019-12-16_17-47-27.h5
Epoch 67/250
 - 244s - loss: 0.1198 - val_loss: 0.1285

Epoch 00067: val_loss did not improve from 0.12080
Epoch 68/250
 - 244s - loss: 0.1187 - val_loss: 0.1320

Epoch 00068: val_loss did not improve from 0.12080
Epoch 69/250
 - 244s - loss: 0.1195 - val_loss: 0.1216

Epoch 00069: val_loss did not improve from 0.12080
Epoch 70/250
 - 244s - loss: 0.1182 - val_loss: 0.1225

Epoch 00070: val_loss did not improve from 0.12080
Epoch 71/250
 - 244s - loss: 0.1191 - val_loss: 0.1159

Epoch 00071: val_loss improved from 0.12080 to 0.11592, saving model to lstm_autoencoder_2019-12-16_17-47-27.h5
Epoch 72/250
 - 244s - loss: 0.1169 - val_loss: 0.1172

Epoch 00072: val_loss did not improve from 0.11592
Epoch 73/250
 - 244s - loss: 0.1174 - val_loss: 0.1283

Epoch 00073: val_loss did not improve from 0.11592
Epoch 74/250
 - 244s - loss: 0.1165 - val_loss: 0.1181

Epoch 00074: val_loss did not improve from 0.11592
Epoch 75/250
 - 244s - loss: 0.1152 - val_loss: 0.1140

Epoch 00075: val_loss improved from 0.11592 to 0.11402, saving model to lstm_autoencoder_2019-12-16_17-47-27.h5
Epoch 76/250
 - 244s - loss: 0.1156 - val_loss: 0.1157

Epoch 00076: val_loss did not improve from 0.11402
Epoch 77/250
 - 244s - loss: 0.1156 - val_loss: 0.1209

Epoch 00077: val_loss did not improve from 0.11402
Epoch 78/250
 - 244s - loss: 0.1155 - val_loss: 0.1166

Epoch 00078: val_loss did not improve from 0.11402
Epoch 79/250
 - 244s - loss: 0.1148 - val_loss: 0.1198

Epoch 00079: val_loss did not improve from 0.11402
Epoch 80/250
 - 244s - loss: 0.1148 - val_loss: 0.1189

Epoch 00080: val_loss did not improve from 0.11402
Epoch 81/250
 - 244s - loss: 0.1153 - val_loss: 0.1210

Epoch 00081: val_loss did not improve from 0.11402
Epoch 82/250
 - 244s - loss: 0.1137 - val_loss: 0.1261

Epoch 00082: val_loss did not improve from 0.11402
Epoch 83/250
 - 244s - loss: 0.1140 - val_loss: 0.1144

Epoch 00083: val_loss did not improve from 0.11402
Epoch 84/250
 - 244s - loss: 0.1136 - val_loss: 0.1228

Epoch 00084: val_loss did not improve from 0.11402
Epoch 85/250
 - 244s - loss: 0.1144 - val_loss: 0.1408
Using TensorFlow backend.

Epoch 00085: val_loss did not improve from 0.11402
Epoch 00085: early stopping
