2020-01-15 14:09:08.590579: I tensorflow/core/platform/cpu_feature_guard.cc:141] Your CPU supports instructions that this TensorFlow binary was not compiled to use: SSE4.1 SSE4.2 AVX
2020-01-15 14:09:08.709072: I tensorflow/stream_executor/cuda/cuda_gpu_executor.cc:897] successful NUMA node read from SysFS had negative value (-1), but there must be at least one NUMA node, so returning NUMA node zero
2020-01-15 14:09:08.709625: I tensorflow/core/common_runtime/gpu/gpu_device.cc:1405] Found device 0 with properties: 
name: TITAN Xp major: 6 minor: 1 memoryClockRate(GHz): 1.582
pciBusID: 0000:01:00.0
totalMemory: 11.91GiB freeMemory: 11.73GiB
2020-01-15 14:09:08.709642: I tensorflow/core/common_runtime/gpu/gpu_device.cc:1484] Adding visible gpu devices: 0
2020-01-15 14:09:08.942516: I tensorflow/core/common_runtime/gpu/gpu_device.cc:965] Device interconnect StreamExecutor with strength 1 edge matrix:
2020-01-15 14:09:08.942562: I tensorflow/core/common_runtime/gpu/gpu_device.cc:971]      0 
2020-01-15 14:09:08.942571: I tensorflow/core/common_runtime/gpu/gpu_device.cc:984] 0:   N 
2020-01-15 14:09:08.942842: I tensorflow/core/common_runtime/gpu/gpu_device.cc:1097] Created TensorFlow device (/job:localhost/replica:0/task:0/device:GPU:0 with 11348 MB memory) -> physical GPU (device: 0, name: TITAN Xp, pci bus id: 0000:01:00.0, compute capability: 6.1)
2020-01-15 14:09:09.210823: I tensorflow/core/kernels/cuda_solvers.cc:159] Creating CudaSolver handles for stream 0x5617d7dd60a0
Train on 80918 samples, validate on 4259 samples
Epoch 1/8000
 - 10s - loss: 0.3522 - val_loss: 0.2537

Epoch 00001: val_loss improved from inf to 0.25372, saving model to model_weights/lstm_autoencoder_2020-01-15_14-09-07.h5
Epoch 2/8000
 - 8s - loss: 0.2593 - val_loss: 0.2372

Epoch 00002: val_loss improved from 0.25372 to 0.23716, saving model to model_weights/lstm_autoencoder_2020-01-15_14-09-07.h5
Epoch 3/8000
 - 8s - loss: 0.2360 - val_loss: 0.2209

Epoch 00003: val_loss improved from 0.23716 to 0.22094, saving model to model_weights/lstm_autoencoder_2020-01-15_14-09-07.h5
Epoch 4/8000
 - 8s - loss: 0.2248 - val_loss: 0.2120

Epoch 00004: val_loss improved from 0.22094 to 0.21202, saving model to model_weights/lstm_autoencoder_2020-01-15_14-09-07.h5
Epoch 5/8000
 - 8s - loss: 0.2155 - val_loss: 0.2294

Epoch 00005: val_loss did not improve from 0.21202
Epoch 6/8000
 - 8s - loss: 0.2098 - val_loss: 0.2011

Epoch 00006: val_loss improved from 0.21202 to 0.20114, saving model to model_weights/lstm_autoencoder_2020-01-15_14-09-07.h5
Epoch 7/8000
 - 8s - loss: 0.2047 - val_loss: 0.2059

Epoch 00007: val_loss did not improve from 0.20114
Epoch 8/8000
 - 8s - loss: 0.2051 - val_loss: 0.1950

Epoch 00008: val_loss improved from 0.20114 to 0.19502, saving model to model_weights/lstm_autoencoder_2020-01-15_14-09-07.h5
Epoch 9/8000
 - 8s - loss: 0.2010 - val_loss: 0.1959

Epoch 00009: val_loss did not improve from 0.19502
Epoch 10/8000
 - 8s - loss: 0.1979 - val_loss: 0.2049

Epoch 00010: val_loss did not improve from 0.19502
Epoch 11/8000
 - 8s - loss: 0.1928 - val_loss: 0.2004

Epoch 00011: val_loss did not improve from 0.19502
Epoch 12/8000
 - 8s - loss: 0.1894 - val_loss: 0.1806

Epoch 00012: val_loss improved from 0.19502 to 0.18063, saving model to model_weights/lstm_autoencoder_2020-01-15_14-09-07.h5
Epoch 13/8000
 - 8s - loss: 0.1870 - val_loss: 0.1914

Epoch 00013: val_loss did not improve from 0.18063
Epoch 14/8000
 - 8s - loss: 0.1833 - val_loss: 0.1816

Epoch 00014: val_loss did not improve from 0.18063
Epoch 15/8000
 - 8s - loss: 0.1820 - val_loss: 0.1773

Epoch 00015: val_loss improved from 0.18063 to 0.17731, saving model to model_weights/lstm_autoencoder_2020-01-15_14-09-07.h5
Epoch 16/8000
 - 8s - loss: 0.1788 - val_loss: 0.1709

Epoch 00016: val_loss improved from 0.17731 to 0.17085, saving model to model_weights/lstm_autoencoder_2020-01-15_14-09-07.h5
Epoch 17/8000
 - 8s - loss: 0.1774 - val_loss: 0.1679

Epoch 00017: val_loss improved from 0.17085 to 0.16791, saving model to model_weights/lstm_autoencoder_2020-01-15_14-09-07.h5
Epoch 18/8000
 - 8s - loss: 0.1759 - val_loss: 0.1697

Epoch 00018: val_loss did not improve from 0.16791
Epoch 19/8000
 - 8s - loss: 0.1738 - val_loss: 0.1682

Epoch 00019: val_loss did not improve from 0.16791
Epoch 20/8000
 - 8s - loss: 0.1718 - val_loss: 0.1678

Epoch 00020: val_loss improved from 0.16791 to 0.16783, saving model to model_weights/lstm_autoencoder_2020-01-15_14-09-07.h5
Epoch 21/8000
 - 8s - loss: 0.1721 - val_loss: 0.1645

Epoch 00021: val_loss improved from 0.16783 to 0.16447, saving model to model_weights/lstm_autoencoder_2020-01-15_14-09-07.h5
Epoch 22/8000
 - 8s - loss: 0.1698 - val_loss: 0.1631

Epoch 00022: val_loss improved from 0.16447 to 0.16311, saving model to model_weights/lstm_autoencoder_2020-01-15_14-09-07.h5
Epoch 23/8000
 - 8s - loss: 0.1696 - val_loss: 0.1661

Epoch 00023: val_loss did not improve from 0.16311
Epoch 24/8000
 - 8s - loss: 0.1670 - val_loss: 0.1637

Epoch 00024: val_loss did not improve from 0.16311
Epoch 25/8000
 - 8s - loss: 0.1683 - val_loss: 0.1648

Epoch 00025: val_loss did not improve from 0.16311
Epoch 26/8000
 - 8s - loss: 0.1661 - val_loss: 0.1576

Epoch 00026: val_loss improved from 0.16311 to 0.15763, saving model to model_weights/lstm_autoencoder_2020-01-15_14-09-07.h5
Epoch 27/8000
 - 8s - loss: 0.1653 - val_loss: 0.1636

Epoch 00027: val_loss did not improve from 0.15763
Epoch 28/8000
 - 8s - loss: 0.1660 - val_loss: 0.1761

Epoch 00028: val_loss did not improve from 0.15763
Epoch 29/8000
 - 8s - loss: 0.1651 - val_loss: 0.1649

Epoch 00029: val_loss did not improve from 0.15763
Epoch 30/8000
 - 8s - loss: 0.1653 - val_loss: 0.1725

Epoch 00030: val_loss did not improve from 0.15763
Epoch 31/8000
 - 8s - loss: 0.1645 - val_loss: 0.1568

Epoch 00031: val_loss improved from 0.15763 to 0.15676, saving model to model_weights/lstm_autoencoder_2020-01-15_14-09-07.h5
Epoch 32/8000
 - 8s - loss: 0.1627 - val_loss: 0.1652

Epoch 00032: val_loss did not improve from 0.15676
Epoch 33/8000
 - 8s - loss: 0.1635 - val_loss: 0.1589

Epoch 00033: val_loss did not improve from 0.15676
Epoch 34/8000
 - 8s - loss: 0.1619 - val_loss: 0.1606

Epoch 00034: val_loss did not improve from 0.15676
Epoch 35/8000
 - 8s - loss: 0.1617 - val_loss: 0.1541

Epoch 00035: val_loss improved from 0.15676 to 0.15412, saving model to model_weights/lstm_autoencoder_2020-01-15_14-09-07.h5
Epoch 36/8000
 - 8s - loss: 0.1627 - val_loss: 0.1547

Epoch 00036: val_loss did not improve from 0.15412
Epoch 37/8000
 - 8s - loss: 0.1607 - val_loss: 0.1600

Epoch 00037: val_loss did not improve from 0.15412
Epoch 38/8000
 - 8s - loss: 0.1615 - val_loss: 0.1538

Epoch 00038: val_loss improved from 0.15412 to 0.15382, saving model to model_weights/lstm_autoencoder_2020-01-15_14-09-07.h5
Epoch 39/8000
 - 8s - loss: 0.1596 - val_loss: 0.1502

Epoch 00039: val_loss improved from 0.15382 to 0.15020, saving model to model_weights/lstm_autoencoder_2020-01-15_14-09-07.h5
Epoch 40/8000
 - 8s - loss: 0.1574 - val_loss: 0.1719

Epoch 00040: val_loss did not improve from 0.15020
Epoch 41/8000
 - 8s - loss: 0.1602 - val_loss: 0.1527

Epoch 00041: val_loss did not improve from 0.15020
Epoch 42/8000
 - 8s - loss: 0.1565 - val_loss: 0.1486

Epoch 00042: val_loss improved from 0.15020 to 0.14861, saving model to model_weights/lstm_autoencoder_2020-01-15_14-09-07.h5
Epoch 43/8000
 - 8s - loss: 0.1568 - val_loss: 0.1499

Epoch 00043: val_loss did not improve from 0.14861
Epoch 44/8000
 - 8s - loss: 0.1548 - val_loss: 0.1492

Epoch 00044: val_loss did not improve from 0.14861
Epoch 45/8000
 - 8s - loss: 0.1556 - val_loss: 0.1603

Epoch 00045: val_loss did not improve from 0.14861
Epoch 46/8000
 - 8s - loss: 0.1545 - val_loss: 0.1497

Epoch 00046: val_loss did not improve from 0.14861
Epoch 47/8000
 - 8s - loss: 0.1557 - val_loss: 0.1567

Epoch 00047: val_loss did not improve from 0.14861
Epoch 48/8000
 - 8s - loss: 0.1551 - val_loss: 0.1607

Epoch 00048: val_loss did not improve from 0.14861
Epoch 49/8000
 - 8s - loss: 0.1552 - val_loss: 0.1484

Epoch 00049: val_loss improved from 0.14861 to 0.14844, saving model to model_weights/lstm_autoencoder_2020-01-15_14-09-07.h5
Epoch 50/8000
 - 8s - loss: 0.1528 - val_loss: 0.1467

Epoch 00050: val_loss improved from 0.14844 to 0.14674, saving model to model_weights/lstm_autoencoder_2020-01-15_14-09-07.h5
Epoch 51/8000
 - 8s - loss: 0.1533 - val_loss: 0.1500

Epoch 00051: val_loss did not improve from 0.14674
Epoch 52/8000
 - 8s - loss: 0.1540 - val_loss: 0.1711

Epoch 00052: val_loss did not improve from 0.14674
Epoch 53/8000
 - 8s - loss: 0.1537 - val_loss: 0.1494

Epoch 00053: val_loss did not improve from 0.14674
Epoch 54/8000
 - 8s - loss: 0.1518 - val_loss: 0.1481

Epoch 00054: val_loss did not improve from 0.14674
Epoch 55/8000
 - 8s - loss: 0.1507 - val_loss: 0.1462

Epoch 00055: val_loss improved from 0.14674 to 0.14620, saving model to model_weights/lstm_autoencoder_2020-01-15_14-09-07.h5
Epoch 56/8000
 - 8s - loss: 0.1516 - val_loss: 0.1508

Epoch 00056: val_loss did not improve from 0.14620
Epoch 57/8000
 - 8s - loss: 0.1502 - val_loss: 0.1463

Epoch 00057: val_loss did not improve from 0.14620
Epoch 58/8000
 - 8s - loss: 0.1484 - val_loss: 0.1483

Epoch 00058: val_loss did not improve from 0.14620
Epoch 59/8000
 - 8s - loss: 0.1474 - val_loss: 0.1437

Epoch 00059: val_loss improved from 0.14620 to 0.14366, saving model to model_weights/lstm_autoencoder_2020-01-15_14-09-07.h5
Epoch 60/8000
 - 8s - loss: 0.1459 - val_loss: 0.1417

Epoch 00060: val_loss improved from 0.14366 to 0.14167, saving model to model_weights/lstm_autoencoder_2020-01-15_14-09-07.h5
Epoch 61/8000
 - 8s - loss: 0.1442 - val_loss: 0.1453

Epoch 00061: val_loss did not improve from 0.14167
Epoch 62/8000
 - 8s - loss: 0.1434 - val_loss: 0.1478

Epoch 00062: val_loss did not improve from 0.14167
Epoch 63/8000
 - 8s - loss: 0.1420 - val_loss: 0.1407

Epoch 00063: val_loss improved from 0.14167 to 0.14072, saving model to model_weights/lstm_autoencoder_2020-01-15_14-09-07.h5
Epoch 64/8000
 - 8s - loss: 0.1425 - val_loss: 0.1420

Epoch 00064: val_loss did not improve from 0.14072
Epoch 65/8000
 - 8s - loss: 0.1418 - val_loss: 0.1494

Epoch 00065: val_loss did not improve from 0.14072
Epoch 66/8000
 - 8s - loss: 0.1431 - val_loss: 0.1337

Epoch 00066: val_loss improved from 0.14072 to 0.13375, saving model to model_weights/lstm_autoencoder_2020-01-15_14-09-07.h5
Epoch 67/8000
 - 8s - loss: 0.1423 - val_loss: 0.1606

Epoch 00067: val_loss did not improve from 0.13375
Epoch 68/8000
 - 8s - loss: 0.1423 - val_loss: 0.1549

Epoch 00068: val_loss did not improve from 0.13375
Epoch 69/8000
 - 8s - loss: 0.1405 - val_loss: 0.1362

Epoch 00069: val_loss did not improve from 0.13375
Epoch 70/8000
 - 8s - loss: 0.1394 - val_loss: 0.1382

Epoch 00070: val_loss did not improve from 0.13375
Epoch 71/8000
 - 8s - loss: 0.1392 - val_loss: 0.1630

Epoch 00071: val_loss did not improve from 0.13375
Epoch 72/8000
 - 8s - loss: 0.1408 - val_loss: 0.1400

Epoch 00072: val_loss did not improve from 0.13375
Epoch 73/8000
 - 8s - loss: 0.1379 - val_loss: 0.1414

Epoch 00073: val_loss did not improve from 0.13375
Epoch 74/8000
 - 8s - loss: 0.1402 - val_loss: 0.1469

Epoch 00074: val_loss did not improve from 0.13375
Epoch 75/8000
 - 8s - loss: 0.1381 - val_loss: 0.1428

Epoch 00075: val_loss did not improve from 0.13375
Epoch 76/8000
 - 8s - loss: 0.1373 - val_loss: 0.1314

Epoch 00076: val_loss improved from 0.13375 to 0.13136, saving model to model_weights/lstm_autoencoder_2020-01-15_14-09-07.h5
Epoch 77/8000
 - 8s - loss: 0.1367 - val_loss: 0.1317

Epoch 00077: val_loss did not improve from 0.13136
Epoch 78/8000
 - 8s - loss: 0.1362 - val_loss: 0.1328

Epoch 00078: val_loss did not improve from 0.13136
Epoch 79/8000
 - 8s - loss: 0.1355 - val_loss: 0.1470

Epoch 00079: val_loss did not improve from 0.13136
Epoch 80/8000
 - 8s - loss: 0.1386 - val_loss: 0.1296

Epoch 00080: val_loss improved from 0.13136 to 0.12959, saving model to model_weights/lstm_autoencoder_2020-01-15_14-09-07.h5
Epoch 81/8000
 - 8s - loss: 0.1353 - val_loss: 0.1353

Epoch 00081: val_loss did not improve from 0.12959
Epoch 82/8000
 - 8s - loss: 0.1355 - val_loss: 0.1407

Epoch 00082: val_loss did not improve from 0.12959
Epoch 83/8000
 - 8s - loss: 0.1355 - val_loss: 0.1308

Epoch 00083: val_loss did not improve from 0.12959
Epoch 84/8000
 - 8s - loss: 0.1372 - val_loss: 0.1345

Epoch 00084: val_loss did not improve from 0.12959
Epoch 85/8000
 - 8s - loss: 0.1346 - val_loss: 0.1279

Epoch 00085: val_loss improved from 0.12959 to 0.12795, saving model to model_weights/lstm_autoencoder_2020-01-15_14-09-07.h5
Epoch 86/8000
 - 8s - loss: 0.1334 - val_loss: 0.1517

Epoch 00086: val_loss did not improve from 0.12795
Epoch 87/8000
 - 8s - loss: 0.1345 - val_loss: 0.1358

Epoch 00087: val_loss did not improve from 0.12795
Epoch 88/8000
 - 8s - loss: 0.1333 - val_loss: 0.1269

Epoch 00088: val_loss improved from 0.12795 to 0.12693, saving model to model_weights/lstm_autoencoder_2020-01-15_14-09-07.h5
Epoch 89/8000
 - 8s - loss: 0.1336 - val_loss: 0.1364

Epoch 00089: val_loss did not improve from 0.12693
Epoch 90/8000
 - 8s - loss: 0.1340 - val_loss: 0.1293

Epoch 00090: val_loss did not improve from 0.12693
Epoch 91/8000
 - 8s - loss: 0.1343 - val_loss: 0.1394

Epoch 00091: val_loss did not improve from 0.12693
Epoch 92/8000
 - 8s - loss: 0.1321 - val_loss: 0.1438

Epoch 00092: val_loss did not improve from 0.12693
Epoch 93/8000
 - 8s - loss: 0.1333 - val_loss: 0.1422

Epoch 00093: val_loss did not improve from 0.12693
Epoch 94/8000
 - 8s - loss: 0.1346 - val_loss: 0.1426

Epoch 00094: val_loss did not improve from 0.12693
Epoch 95/8000
 - 8s - loss: 0.1318 - val_loss: 0.1291

Epoch 00095: val_loss did not improve from 0.12693
Epoch 96/8000
 - 8s - loss: 0.1315 - val_loss: 0.1351

Epoch 00096: val_loss did not improve from 0.12693
Epoch 97/8000
 - 8s - loss: 0.1335 - val_loss: 0.1319

Epoch 00097: val_loss did not improve from 0.12693
Epoch 98/8000
 - 8s - loss: 0.1308 - val_loss: 0.1263

Epoch 00098: val_loss improved from 0.12693 to 0.12632, saving model to model_weights/lstm_autoencoder_2020-01-15_14-09-07.h5
Epoch 99/8000
 - 8s - loss: 0.1307 - val_loss: 0.1293

Epoch 00099: val_loss did not improve from 0.12632
Epoch 100/8000
 - 8s - loss: 0.1316 - val_loss: 0.1338

Epoch 00100: val_loss did not improve from 0.12632
Epoch 101/8000
 - 8s - loss: 0.1321 - val_loss: 0.1352

Epoch 00101: val_loss did not improve from 0.12632
Epoch 102/8000
 - 8s - loss: 0.1301 - val_loss: 0.1260

Epoch 00102: val_loss improved from 0.12632 to 0.12595, saving model to model_weights/lstm_autoencoder_2020-01-15_14-09-07.h5
Epoch 103/8000
 - 8s - loss: 0.1294 - val_loss: 0.1263

Epoch 00103: val_loss did not improve from 0.12595
Epoch 104/8000
 - 8s - loss: 0.1324 - val_loss: 0.1296

Epoch 00104: val_loss did not improve from 0.12595
Epoch 105/8000
 - 8s - loss: 0.1321 - val_loss: 0.1324

Epoch 00105: val_loss did not improve from 0.12595
Epoch 106/8000
 - 8s - loss: 0.1301 - val_loss: 0.1260

Epoch 00106: val_loss did not improve from 0.12595
Epoch 107/8000
 - 8s - loss: 0.1307 - val_loss: 0.1359

Epoch 00107: val_loss did not improve from 0.12595
Epoch 108/8000
 - 8s - loss: 0.1304 - val_loss: 0.1220

Epoch 00108: val_loss improved from 0.12595 to 0.12203, saving model to model_weights/lstm_autoencoder_2020-01-15_14-09-07.h5
Epoch 109/8000
 - 8s - loss: 0.1322 - val_loss: 0.1355

Epoch 00109: val_loss did not improve from 0.12203
Epoch 110/8000
 - 8s - loss: 0.1291 - val_loss: 0.1316

Epoch 00110: val_loss did not improve from 0.12203
Epoch 111/8000
 - 8s - loss: 0.1302 - val_loss: 0.1363

Epoch 00111: val_loss did not improve from 0.12203
Epoch 112/8000
 - 8s - loss: 0.1290 - val_loss: 0.1298

Epoch 00112: val_loss did not improve from 0.12203
Epoch 113/8000
 - 8s - loss: 0.1267 - val_loss: 0.1441

Epoch 00113: val_loss did not improve from 0.12203
Epoch 114/8000
 - 8s - loss: 0.1283 - val_loss: 0.1304

Epoch 00114: val_loss did not improve from 0.12203
Epoch 115/8000
 - 8s - loss: 0.1287 - val_loss: 0.1222

Epoch 00115: val_loss did not improve from 0.12203
Epoch 116/8000
 - 8s - loss: 0.1276 - val_loss: 0.1264

Epoch 00116: val_loss did not improve from 0.12203
Epoch 117/8000
 - 8s - loss: 0.1274 - val_loss: 0.1214

Epoch 00117: val_loss improved from 0.12203 to 0.12136, saving model to model_weights/lstm_autoencoder_2020-01-15_14-09-07.h5
Epoch 118/8000
 - 8s - loss: 0.1266 - val_loss: 0.1203

Epoch 00118: val_loss improved from 0.12136 to 0.12034, saving model to model_weights/lstm_autoencoder_2020-01-15_14-09-07.h5
Epoch 119/8000
 - 8s - loss: 0.1284 - val_loss: 0.1318

Epoch 00119: val_loss did not improve from 0.12034
Epoch 120/8000
 - 8s - loss: 0.1274 - val_loss: 0.1364

Epoch 00120: val_loss did not improve from 0.12034
Epoch 121/8000
 - 8s - loss: 0.1286 - val_loss: 0.1268

Epoch 00121: val_loss did not improve from 0.12034
Epoch 122/8000
 - 8s - loss: 0.1295 - val_loss: 0.1459

Epoch 00122: val_loss did not improve from 0.12034
Epoch 123/8000
 - 8s - loss: 0.1291 - val_loss: 0.1209

Epoch 00123: val_loss did not improve from 0.12034
Epoch 124/8000
 - 8s - loss: 0.1270 - val_loss: 0.1330

Epoch 00124: val_loss did not improve from 0.12034
Epoch 125/8000
 - 8s - loss: 0.1268 - val_loss: 0.1232

Epoch 00125: val_loss did not improve from 0.12034
Epoch 126/8000
 - 8s - loss: 0.1261 - val_loss: 0.1267

Epoch 00126: val_loss did not improve from 0.12034
Epoch 127/8000
 - 8s - loss: 0.1270 - val_loss: 0.1224

Epoch 00127: val_loss did not improve from 0.12034
Epoch 128/8000
 - 8s - loss: 0.1253 - val_loss: 0.1327

Epoch 00128: val_loss did not improve from 0.12034
Epoch 129/8000
 - 8s - loss: 0.1254 - val_loss: 0.1390

Epoch 00129: val_loss did not improve from 0.12034
Epoch 130/8000
 - 8s - loss: 0.1273 - val_loss: 0.1347

Epoch 00130: val_loss did not improve from 0.12034
Epoch 131/8000
 - 8s - loss: 0.1264 - val_loss: 0.1589

Epoch 00131: val_loss did not improve from 0.12034
Epoch 132/8000
 - 8s - loss: 0.1261 - val_loss: 0.1277

Epoch 00132: val_loss did not improve from 0.12034
Epoch 133/8000
 - 8s - loss: 0.1258 - val_loss: 0.1255

Epoch 00133: val_loss did not improve from 0.12034
Epoch 134/8000
 - 8s - loss: 0.1257 - val_loss: 0.1250

Epoch 00134: val_loss did not improve from 0.12034
Epoch 135/8000
 - 8s - loss: 0.1273 - val_loss: 0.1230

Epoch 00135: val_loss did not improve from 0.12034
Epoch 136/8000
 - 8s - loss: 0.1248 - val_loss: 0.1540

Epoch 00136: val_loss did not improve from 0.12034
Epoch 137/8000
 - 8s - loss: 0.1323 - val_loss: 0.1288

Epoch 00137: val_loss did not improve from 0.12034
Epoch 138/8000
 - 8s - loss: 0.1255 - val_loss: 0.1340

Epoch 00138: val_loss did not improve from 0.12034
Epoch 139/8000
 - 8s - loss: 0.1284 - val_loss: 0.1218

Epoch 00139: val_loss did not improve from 0.12034
Epoch 140/8000
 - 8s - loss: 0.1253 - val_loss: 0.1203

Epoch 00140: val_loss did not improve from 0.12034
Epoch 141/8000
 - 8s - loss: 0.1240 - val_loss: 0.1400

Epoch 00141: val_loss did not improve from 0.12034
Epoch 142/8000
 - 8s - loss: 0.1249 - val_loss: 0.1187

Epoch 00142: val_loss improved from 0.12034 to 0.11871, saving model to model_weights/lstm_autoencoder_2020-01-15_14-09-07.h5
Epoch 143/8000
 - 8s - loss: 0.1252 - val_loss: 0.1204

Epoch 00143: val_loss did not improve from 0.11871
Epoch 144/8000
 - 8s - loss: 0.1237 - val_loss: 0.1238

Epoch 00144: val_loss did not improve from 0.11871
Epoch 145/8000
 - 8s - loss: 0.1241 - val_loss: 0.1208

Epoch 00145: val_loss did not improve from 0.11871
Epoch 146/8000
 - 8s - loss: 0.1249 - val_loss: 0.1195

Epoch 00146: val_loss did not improve from 0.11871
Epoch 147/8000
 - 8s - loss: 0.1243 - val_loss: 0.1245

Epoch 00147: val_loss did not improve from 0.11871
Epoch 148/8000
 - 8s - loss: 0.1236 - val_loss: 0.1535

Epoch 00148: val_loss did not improve from 0.11871
Epoch 149/8000
 - 8s - loss: 0.1267 - val_loss: 0.1191

Epoch 00149: val_loss did not improve from 0.11871
Epoch 150/8000
 - 8s - loss: 0.1226 - val_loss: 0.1321

Epoch 00150: val_loss did not improve from 0.11871
Epoch 151/8000
 - 8s - loss: 0.1239 - val_loss: 0.1250

Epoch 00151: val_loss did not improve from 0.11871
Epoch 152/8000
 - 8s - loss: 0.1254 - val_loss: 0.1213

Epoch 00152: val_loss did not improve from 0.11871
Epoch 153/8000
 - 8s - loss: 0.1261 - val_loss: 0.1227

Epoch 00153: val_loss did not improve from 0.11871
Epoch 154/8000
 - 8s - loss: 0.1254 - val_loss: 0.1208

Epoch 00154: val_loss did not improve from 0.11871
Epoch 155/8000
 - 8s - loss: 0.1230 - val_loss: 0.1188

Epoch 00155: val_loss did not improve from 0.11871
Epoch 156/8000
 - 8s - loss: 0.1219 - val_loss: 0.1273

Epoch 00156: val_loss did not improve from 0.11871
Epoch 157/8000
 - 8s - loss: 0.1243 - val_loss: 0.1203

Epoch 00157: val_loss did not improve from 0.11871
Epoch 158/8000
 - 8s - loss: 0.1239 - val_loss: 0.1233

Epoch 00158: val_loss did not improve from 0.11871
Epoch 159/8000
 - 8s - loss: 0.1234 - val_loss: 0.1190

Epoch 00159: val_loss did not improve from 0.11871
Epoch 160/8000
 - 8s - loss: 0.1238 - val_loss: 0.1291

Epoch 00160: val_loss did not improve from 0.11871
Epoch 161/8000
 - 8s - loss: 0.1242 - val_loss: 0.1662

Epoch 00161: val_loss did not improve from 0.11871
Epoch 162/8000
 - 8s - loss: 0.1250 - val_loss: 0.1225

Epoch 00162: val_loss did not improve from 0.11871
Epoch 163/8000
 - 8s - loss: 0.1229 - val_loss: 0.1248

Epoch 00163: val_loss did not improve from 0.11871
Epoch 164/8000
 - 8s - loss: 0.1211 - val_loss: 0.1183

Epoch 00164: val_loss improved from 0.11871 to 0.11833, saving model to model_weights/lstm_autoencoder_2020-01-15_14-09-07.h5
Epoch 165/8000
 - 8s - loss: 0.1204 - val_loss: 0.1203

Epoch 00165: val_loss did not improve from 0.11833
Epoch 166/8000
 - 8s - loss: 0.1233 - val_loss: 0.1376

Epoch 00166: val_loss did not improve from 0.11833
Epoch 167/8000
 - 8s - loss: 0.1258 - val_loss: 0.1266

Epoch 00167: val_loss did not improve from 0.11833
Epoch 168/8000
 - 8s - loss: 0.1229 - val_loss: 0.1323

Epoch 00168: val_loss did not improve from 0.11833
Epoch 169/8000
 - 8s - loss: 0.1256 - val_loss: 0.1229

Epoch 00169: val_loss did not improve from 0.11833
Epoch 170/8000
 - 8s - loss: 0.1216 - val_loss: 0.1228

Epoch 00170: val_loss did not improve from 0.11833
Epoch 171/8000
 - 8s - loss: 0.1228 - val_loss: 0.1222

Epoch 00171: val_loss did not improve from 0.11833
Epoch 172/8000
 - 8s - loss: 0.1207 - val_loss: 0.1217

Epoch 00172: val_loss did not improve from 0.11833
Epoch 173/8000
 - 8s - loss: 0.1217 - val_loss: 0.1185

Epoch 00173: val_loss did not improve from 0.11833
Epoch 174/8000
 - 8s - loss: 0.1230 - val_loss: 0.1233

Epoch 00174: val_loss did not improve from 0.11833
Epoch 175/8000
 - 8s - loss: 0.1217 - val_loss: 0.1164

Epoch 00175: val_loss improved from 0.11833 to 0.11639, saving model to model_weights/lstm_autoencoder_2020-01-15_14-09-07.h5
Epoch 176/8000
 - 8s - loss: 0.1208 - val_loss: 0.1193

Epoch 00176: val_loss did not improve from 0.11639
Epoch 177/8000
 - 8s - loss: 0.1213 - val_loss: 0.1217

Epoch 00177: val_loss did not improve from 0.11639
Epoch 178/8000
 - 8s - loss: 0.1220 - val_loss: 0.1203

Epoch 00178: val_loss did not improve from 0.11639
Epoch 179/8000
 - 8s - loss: 0.1225 - val_loss: 0.1212

Epoch 00179: val_loss did not improve from 0.11639
Epoch 180/8000
 - 8s - loss: 0.1202 - val_loss: 0.1239

Epoch 00180: val_loss did not improve from 0.11639
Epoch 181/8000
 - 8s - loss: 0.1241 - val_loss: 0.1294

Epoch 00181: val_loss did not improve from 0.11639
Epoch 182/8000
 - 8s - loss: 0.1243 - val_loss: 0.1254

Epoch 00182: val_loss did not improve from 0.11639
Epoch 183/8000
 - 8s - loss: 0.1216 - val_loss: 0.1289

Epoch 00183: val_loss did not improve from 0.11639
Epoch 184/8000
 - 8s - loss: 0.1210 - val_loss: 0.1221

Epoch 00184: val_loss did not improve from 0.11639
Epoch 185/8000
 - 8s - loss: 0.1209 - val_loss: 0.1179

Epoch 00185: val_loss did not improve from 0.11639
Epoch 186/8000
 - 8s - loss: 0.1217 - val_loss: 0.1254

Epoch 00186: val_loss did not improve from 0.11639
Epoch 187/8000
 - 8s - loss: 0.1221 - val_loss: 0.1192

Epoch 00187: val_loss did not improve from 0.11639
Epoch 188/8000
 - 8s - loss: 0.1220 - val_loss: 0.1214

Epoch 00188: val_loss did not improve from 0.11639
Epoch 189/8000
 - 8s - loss: 0.1211 - val_loss: 0.1187

Epoch 00189: val_loss did not improve from 0.11639
Epoch 190/8000
 - 8s - loss: 0.1218 - val_loss: 0.1182

Epoch 00190: val_loss did not improve from 0.11639
Epoch 191/8000
 - 8s - loss: 0.1194 - val_loss: 0.1258

Epoch 00191: val_loss did not improve from 0.11639
Epoch 192/8000
 - 8s - loss: 0.1207 - val_loss: 0.1155

Epoch 00192: val_loss improved from 0.11639 to 0.11554, saving model to model_weights/lstm_autoencoder_2020-01-15_14-09-07.h5
Epoch 193/8000
 - 8s - loss: 0.1244 - val_loss: 0.1222

Epoch 00193: val_loss did not improve from 0.11554
Epoch 194/8000
 - 8s - loss: 0.1220 - val_loss: 0.1189

Epoch 00194: val_loss did not improve from 0.11554
Epoch 195/8000
 - 8s - loss: 0.1221 - val_loss: 0.1255

Epoch 00195: val_loss did not improve from 0.11554
Epoch 196/8000
 - 8s - loss: 0.1229 - val_loss: 0.1204

Epoch 00196: val_loss did not improve from 0.11554
Epoch 197/8000
 - 8s - loss: 0.1231 - val_loss: 0.1156

Epoch 00197: val_loss did not improve from 0.11554
Epoch 198/8000
 - 8s - loss: 0.1217 - val_loss: 0.1270

Epoch 00198: val_loss did not improve from 0.11554
Epoch 199/8000
 - 8s - loss: 0.1238 - val_loss: 0.1202

Epoch 00199: val_loss did not improve from 0.11554
Epoch 200/8000
 - 8s - loss: 0.1206 - val_loss: 0.1301

Epoch 00200: val_loss did not improve from 0.11554
Epoch 201/8000
 - 8s - loss: 0.1196 - val_loss: 0.1166

Epoch 00201: val_loss did not improve from 0.11554
Epoch 202/8000
 - 8s - loss: 0.1219 - val_loss: 0.1158

Epoch 00202: val_loss did not improve from 0.11554
Epoch 203/8000
 - 8s - loss: 0.1181 - val_loss: 0.1144

Epoch 00203: val_loss improved from 0.11554 to 0.11438, saving model to model_weights/lstm_autoencoder_2020-01-15_14-09-07.h5
Epoch 204/8000
 - 8s - loss: 0.1192 - val_loss: 0.1357

Epoch 00204: val_loss did not improve from 0.11438
Epoch 205/8000
 - 8s - loss: 0.1201 - val_loss: 0.1235

Epoch 00205: val_loss did not improve from 0.11438
Epoch 206/8000
 - 8s - loss: 0.1215 - val_loss: 0.1387

Epoch 00206: val_loss did not improve from 0.11438
Epoch 207/8000
 - 8s - loss: 0.1215 - val_loss: 0.1172

Epoch 00207: val_loss did not improve from 0.11438
Epoch 208/8000
 - 8s - loss: 0.1209 - val_loss: 0.1288

Epoch 00208: val_loss did not improve from 0.11438
Epoch 209/8000
 - 8s - loss: 0.1203 - val_loss: 0.1142

Epoch 00209: val_loss improved from 0.11438 to 0.11420, saving model to model_weights/lstm_autoencoder_2020-01-15_14-09-07.h5
Epoch 210/8000
 - 8s - loss: 0.1197 - val_loss: 0.1172

Epoch 00210: val_loss did not improve from 0.11420
Epoch 211/8000
 - 8s - loss: 0.1209 - val_loss: 0.1243

Epoch 00211: val_loss did not improve from 0.11420
Epoch 212/8000
 - 8s - loss: 0.1228 - val_loss: 0.1215

Epoch 00212: val_loss did not improve from 0.11420
Epoch 213/8000
 - 8s - loss: 0.1215 - val_loss: 0.1238

Epoch 00213: val_loss did not improve from 0.11420
Epoch 214/8000
 - 8s - loss: 0.1200 - val_loss: 0.1135

Epoch 00214: val_loss improved from 0.11420 to 0.11347, saving model to model_weights/lstm_autoencoder_2020-01-15_14-09-07.h5
Epoch 215/8000
 - 8s - loss: 0.1193 - val_loss: 0.1285

Epoch 00215: val_loss did not improve from 0.11347
Epoch 216/8000
 - 8s - loss: 0.1209 - val_loss: 0.1145

Epoch 00216: val_loss did not improve from 0.11347
Epoch 217/8000
 - 8s - loss: 0.1182 - val_loss: 0.1221

Epoch 00217: val_loss did not improve from 0.11347
Epoch 218/8000
 - 8s - loss: 0.1196 - val_loss: 0.1197

Epoch 00218: val_loss did not improve from 0.11347
Epoch 219/8000
 - 8s - loss: 0.1199 - val_loss: 0.1171

Epoch 00219: val_loss did not improve from 0.11347
Epoch 220/8000
 - 8s - loss: 0.1168 - val_loss: 0.1214

Epoch 00220: val_loss did not improve from 0.11347
Epoch 221/8000
 - 8s - loss: 0.1172 - val_loss: 0.1367

Epoch 00221: val_loss did not improve from 0.11347
Epoch 222/8000
 - 8s - loss: 0.1216 - val_loss: 0.1178

Epoch 00222: val_loss did not improve from 0.11347
Epoch 223/8000
 - 8s - loss: 0.1209 - val_loss: 0.1181

Epoch 00223: val_loss did not improve from 0.11347
Epoch 224/8000
 - 8s - loss: 0.1188 - val_loss: 0.1125

Epoch 00224: val_loss improved from 0.11347 to 0.11251, saving model to model_weights/lstm_autoencoder_2020-01-15_14-09-07.h5
Epoch 225/8000
 - 8s - loss: 0.1178 - val_loss: 0.1190

Epoch 00225: val_loss did not improve from 0.11251
Epoch 226/8000
 - 8s - loss: 0.1215 - val_loss: 0.1310

Epoch 00226: val_loss did not improve from 0.11251
Epoch 227/8000
 - 8s - loss: 0.1208 - val_loss: 0.1307

Epoch 00227: val_loss did not improve from 0.11251
Epoch 228/8000
 - 8s - loss: 0.1179 - val_loss: 0.1147

Epoch 00228: val_loss did not improve from 0.11251
Epoch 229/8000
 - 8s - loss: 0.1199 - val_loss: 0.1191

Epoch 00229: val_loss did not improve from 0.11251
Epoch 230/8000
 - 8s - loss: 0.1187 - val_loss: 0.1488

Epoch 00230: val_loss did not improve from 0.11251
Epoch 231/8000
 - 8s - loss: 0.1201 - val_loss: 0.1177

Epoch 00231: val_loss did not improve from 0.11251
Epoch 232/8000
 - 8s - loss: 0.1164 - val_loss: 0.1145

Epoch 00232: val_loss did not improve from 0.11251
Epoch 233/8000
 - 8s - loss: 0.1186 - val_loss: 0.1343

Epoch 00233: val_loss did not improve from 0.11251
Epoch 234/8000
 - 8s - loss: 0.1199 - val_loss: 0.1209

Epoch 00234: val_loss did not improve from 0.11251
Epoch 235/8000
 - 8s - loss: 0.1181 - val_loss: 0.1327

Epoch 00235: val_loss did not improve from 0.11251
Epoch 236/8000
 - 8s - loss: 0.1205 - val_loss: 0.1173

Epoch 00236: val_loss did not improve from 0.11251
Epoch 237/8000
 - 8s - loss: 0.1170 - val_loss: 0.1440

Epoch 00237: val_loss did not improve from 0.11251
Epoch 238/8000
 - 8s - loss: 0.1209 - val_loss: 0.1220

Epoch 00238: val_loss did not improve from 0.11251
Epoch 239/8000
 - 8s - loss: 0.1177 - val_loss: 0.1328

Epoch 00239: val_loss did not improve from 0.11251
Epoch 240/8000
 - 8s - loss: 0.1182 - val_loss: 0.1265

Epoch 00240: val_loss did not improve from 0.11251
Epoch 241/8000
 - 8s - loss: 0.1179 - val_loss: 0.1148

Epoch 00241: val_loss did not improve from 0.11251
Epoch 242/8000
 - 8s - loss: 0.1172 - val_loss: 0.1261

Epoch 00242: val_loss did not improve from 0.11251
Epoch 243/8000
 - 8s - loss: 0.1197 - val_loss: 0.1114

Epoch 00243: val_loss improved from 0.11251 to 0.11137, saving model to model_weights/lstm_autoencoder_2020-01-15_14-09-07.h5
Epoch 244/8000
 - 8s - loss: 0.1161 - val_loss: 0.1164

Epoch 00244: val_loss did not improve from 0.11137
Epoch 245/8000
 - 8s - loss: 0.1178 - val_loss: 0.1268

Epoch 00245: val_loss did not improve from 0.11137
Epoch 246/8000
 - 8s - loss: 0.1169 - val_loss: 0.1184

Epoch 00246: val_loss did not improve from 0.11137
Epoch 247/8000
 - 8s - loss: 0.1206 - val_loss: 0.1226

Epoch 00247: val_loss did not improve from 0.11137
Epoch 248/8000
 - 8s - loss: 0.1208 - val_loss: 0.1177

Epoch 00248: val_loss did not improve from 0.11137
Epoch 249/8000
 - 8s - loss: 0.1196 - val_loss: 0.1632

Epoch 00249: val_loss did not improve from 0.11137
Epoch 250/8000
 - 8s - loss: 0.1226 - val_loss: 0.1331

Epoch 00250: val_loss did not improve from 0.11137
Epoch 251/8000
 - 8s - loss: 0.1195 - val_loss: 0.1115

Epoch 00251: val_loss did not improve from 0.11137
Epoch 252/8000
 - 8s - loss: 0.1158 - val_loss: 0.1328

Epoch 00252: val_loss did not improve from 0.11137
Epoch 253/8000
 - 8s - loss: 0.1162 - val_loss: 0.1189

Epoch 00253: val_loss did not improve from 0.11137
Epoch 254/8000
 - 8s - loss: 0.1156 - val_loss: 0.1449

Epoch 00254: val_loss did not improve from 0.11137
Epoch 255/8000
 - 8s - loss: 0.1162 - val_loss: 0.1186

Epoch 00255: val_loss did not improve from 0.11137
Epoch 256/8000
 - 8s - loss: 0.1168 - val_loss: 0.1110

Epoch 00256: val_loss improved from 0.11137 to 0.11098, saving model to model_weights/lstm_autoencoder_2020-01-15_14-09-07.h5
Epoch 257/8000
 - 8s - loss: 0.1196 - val_loss: 0.1140

Epoch 00257: val_loss did not improve from 0.11098
Epoch 258/8000
 - 8s - loss: 0.1145 - val_loss: 0.1164

Epoch 00258: val_loss did not improve from 0.11098
Epoch 259/8000
 - 8s - loss: 0.1159 - val_loss: 0.1185

Epoch 00259: val_loss did not improve from 0.11098
Epoch 260/8000
 - 8s - loss: 0.1147 - val_loss: 0.1382

Epoch 00260: val_loss did not improve from 0.11098
Epoch 261/8000
 - 8s - loss: 0.1188 - val_loss: 0.1164

Epoch 00261: val_loss did not improve from 0.11098
Epoch 262/8000
 - 8s - loss: 0.1146 - val_loss: 0.1212

Epoch 00262: val_loss did not improve from 0.11098
Epoch 263/8000
 - 8s - loss: 0.1209 - val_loss: 0.1228

Epoch 00263: val_loss did not improve from 0.11098
Epoch 264/8000
 - 8s - loss: 0.1224 - val_loss: 0.1126

Epoch 00264: val_loss did not improve from 0.11098
Epoch 265/8000
 - 8s - loss: 0.1202 - val_loss: 0.1123

Epoch 00265: val_loss did not improve from 0.11098
Epoch 266/8000
 - 8s - loss: 0.1180 - val_loss: 0.1186

Epoch 00266: val_loss did not improve from 0.11098
Epoch 267/8000
 - 8s - loss: 0.1205 - val_loss: 0.1241

Epoch 00267: val_loss did not improve from 0.11098
Epoch 268/8000
 - 8s - loss: 0.1166 - val_loss: 0.1144

Epoch 00268: val_loss did not improve from 0.11098
Epoch 269/8000
 - 8s - loss: 0.1144 - val_loss: 0.1213

Epoch 00269: val_loss did not improve from 0.11098
Epoch 270/8000
 - 8s - loss: 0.1142 - val_loss: 0.1150

Epoch 00270: val_loss did not improve from 0.11098
Epoch 271/8000
 - 8s - loss: 0.1196 - val_loss: 0.1205

Epoch 00271: val_loss did not improve from 0.11098
Epoch 272/8000
 - 8s - loss: 0.1168 - val_loss: 0.1162

Epoch 00272: val_loss did not improve from 0.11098
Epoch 273/8000
 - 8s - loss: 0.1150 - val_loss: 0.1149

Epoch 00273: val_loss did not improve from 0.11098
Epoch 274/8000
 - 8s - loss: 0.1190 - val_loss: 0.1244

Epoch 00274: val_loss did not improve from 0.11098
Epoch 275/8000
 - 8s - loss: 0.1167 - val_loss: 0.1324

Epoch 00275: val_loss did not improve from 0.11098
Epoch 276/8000
 - 8s - loss: 0.1155 - val_loss: 0.1488

Epoch 00276: val_loss did not improve from 0.11098
Epoch 277/8000
 - 8s - loss: 0.1182 - val_loss: 0.1104

Epoch 00277: val_loss improved from 0.11098 to 0.11040, saving model to model_weights/lstm_autoencoder_2020-01-15_14-09-07.h5
Epoch 278/8000
 - 8s - loss: 0.1155 - val_loss: 0.1114

Epoch 00278: val_loss did not improve from 0.11040
Epoch 279/8000
 - 8s - loss: 0.1145 - val_loss: 0.1124

Epoch 00279: val_loss did not improve from 0.11040
Epoch 280/8000
 - 8s - loss: 0.1208 - val_loss: 0.1217

Epoch 00280: val_loss did not improve from 0.11040
Epoch 281/8000
 - 8s - loss: 0.1161 - val_loss: 0.1115

Epoch 00281: val_loss did not improve from 0.11040
Epoch 282/8000
 - 8s - loss: 0.1148 - val_loss: 0.1117

Epoch 00282: val_loss did not improve from 0.11040
Epoch 283/8000
 - 8s - loss: 0.1141 - val_loss: 0.1177

Epoch 00283: val_loss did not improve from 0.11040
Epoch 284/8000
 - 8s - loss: 0.1166 - val_loss: 0.1109

Epoch 00284: val_loss did not improve from 0.11040
Epoch 285/8000
 - 8s - loss: 0.1267 - val_loss: 0.1258

Epoch 00285: val_loss did not improve from 0.11040
Epoch 286/8000
 - 8s - loss: 0.1247 - val_loss: 0.1194

Epoch 00286: val_loss did not improve from 0.11040
Epoch 287/8000
 - 8s - loss: 0.1226 - val_loss: 0.1190

Epoch 00287: val_loss did not improve from 0.11040
Epoch 288/8000
 - 8s - loss: 0.1221 - val_loss: 0.1244

Epoch 00288: val_loss did not improve from 0.11040
Epoch 289/8000
 - 8s - loss: 0.1208 - val_loss: 0.1193

Epoch 00289: val_loss did not improve from 0.11040
Epoch 290/8000
 - 8s - loss: 0.1202 - val_loss: 0.1503

Epoch 00290: val_loss did not improve from 0.11040
Epoch 291/8000
 - 8s - loss: 0.1225 - val_loss: 0.1161

Epoch 00291: val_loss did not improve from 0.11040
Epoch 292/8000
 - 8s - loss: 0.1227 - val_loss: 0.1207

Epoch 00292: val_loss did not improve from 0.11040
Epoch 293/8000
 - 8s - loss: 0.1188 - val_loss: 0.1166

Epoch 00293: val_loss did not improve from 0.11040
Epoch 294/8000
 - 8s - loss: 0.1166 - val_loss: 0.1342

Epoch 00294: val_loss did not improve from 0.11040
Epoch 295/8000
 - 8s - loss: 0.1161 - val_loss: 0.1155

Epoch 00295: val_loss did not improve from 0.11040
Epoch 296/8000
 - 8s - loss: 0.1154 - val_loss: 0.1126

Epoch 00296: val_loss did not improve from 0.11040
Epoch 297/8000
 - 8s - loss: 0.1161 - val_loss: 0.1152

Epoch 00297: val_loss did not improve from 0.11040
Epoch 298/8000
 - 8s - loss: 0.1148 - val_loss: 0.1076

Epoch 00298: val_loss improved from 0.11040 to 0.10759, saving model to model_weights/lstm_autoencoder_2020-01-15_14-09-07.h5
Epoch 299/8000
 - 8s - loss: 0.1130 - val_loss: 0.1089

Epoch 00299: val_loss did not improve from 0.10759
Epoch 300/8000
 - 8s - loss: 0.1148 - val_loss: 0.1316

Epoch 00300: val_loss did not improve from 0.10759
Epoch 301/8000
 - 8s - loss: 0.1181 - val_loss: 0.1200

Epoch 00301: val_loss did not improve from 0.10759
Epoch 302/8000
 - 8s - loss: 0.1201 - val_loss: 0.1119

Epoch 00302: val_loss did not improve from 0.10759
Epoch 303/8000
 - 8s - loss: 0.1150 - val_loss: 0.1146

Epoch 00303: val_loss did not improve from 0.10759
Epoch 304/8000
 - 8s - loss: 0.1157 - val_loss: 0.1242

Epoch 00304: val_loss did not improve from 0.10759
Epoch 305/8000
 - 8s - loss: 0.1184 - val_loss: 0.1255

Epoch 00305: val_loss did not improve from 0.10759
Epoch 306/8000
 - 8s - loss: 0.1143 - val_loss: 0.1079

Epoch 00306: val_loss did not improve from 0.10759
Epoch 307/8000
 - 8s - loss: 0.1150 - val_loss: 0.1195

Epoch 00307: val_loss did not improve from 0.10759
Epoch 308/8000
 - 8s - loss: 0.1160 - val_loss: 0.1190

Epoch 00308: val_loss did not improve from 0.10759
Epoch 309/8000
 - 8s - loss: 0.1150 - val_loss: 0.1100

Epoch 00309: val_loss did not improve from 0.10759
Epoch 310/8000
 - 8s - loss: 0.1127 - val_loss: 0.1090

Epoch 00310: val_loss did not improve from 0.10759
Epoch 311/8000
 - 8s - loss: 0.1162 - val_loss: 0.1104

Epoch 00311: val_loss did not improve from 0.10759
Epoch 312/8000
 - 8s - loss: 0.1249 - val_loss: 0.1294

Epoch 00312: val_loss did not improve from 0.10759
Epoch 313/8000
 - 8s - loss: 0.1173 - val_loss: 0.1297

Epoch 00313: val_loss did not improve from 0.10759
Epoch 314/8000
 - 8s - loss: 0.1145 - val_loss: 0.1154

Epoch 00314: val_loss did not improve from 0.10759
Epoch 315/8000
 - 8s - loss: 0.1171 - val_loss: 0.1531

Epoch 00315: val_loss did not improve from 0.10759
Epoch 316/8000
 - 8s - loss: 0.1175 - val_loss: 0.1087

Epoch 00316: val_loss did not improve from 0.10759
Epoch 317/8000
 - 8s - loss: 0.1160 - val_loss: 0.1114

Epoch 00317: val_loss did not improve from 0.10759
Epoch 318/8000
 - 8s - loss: 0.1132 - val_loss: 0.1204

Epoch 00318: val_loss did not improve from 0.10759
Epoch 319/8000
 - 8s - loss: 0.1158 - val_loss: 0.1138

Epoch 00319: val_loss did not improve from 0.10759
Epoch 320/8000
 - 8s - loss: 0.1162 - val_loss: 0.1089

Epoch 00320: val_loss did not improve from 0.10759
Epoch 321/8000
 - 8s - loss: 0.1139 - val_loss: 0.1182

Epoch 00321: val_loss did not improve from 0.10759
Epoch 322/8000
 - 8s - loss: 0.1147 - val_loss: 0.1399

Epoch 00322: val_loss did not improve from 0.10759
Epoch 323/8000
 - 8s - loss: 0.1203 - val_loss: 0.1218

Epoch 00323: val_loss did not improve from 0.10759
Epoch 324/8000
 - 8s - loss: 0.1163 - val_loss: 0.1137

Epoch 00324: val_loss did not improve from 0.10759
Epoch 325/8000
 - 8s - loss: 0.1139 - val_loss: 0.1176

Epoch 00325: val_loss did not improve from 0.10759
Epoch 326/8000
 - 8s - loss: 0.1161 - val_loss: 0.1172

Epoch 00326: val_loss did not improve from 0.10759
Epoch 327/8000
 - 8s - loss: 0.1157 - val_loss: 0.1167

Epoch 00327: val_loss did not improve from 0.10759
Epoch 328/8000
 - 8s - loss: 0.1147 - val_loss: 0.1166

Epoch 00328: val_loss did not improve from 0.10759
Epoch 329/8000
 - 8s - loss: 0.1132 - val_loss: 0.1173

Epoch 00329: val_loss did not improve from 0.10759
Epoch 330/8000
 - 8s - loss: 0.1141 - val_loss: 0.1187

Epoch 00330: val_loss did not improve from 0.10759
Epoch 331/8000
 - 8s - loss: 0.1141 - val_loss: 0.1162

Epoch 00331: val_loss did not improve from 0.10759
Epoch 332/8000
 - 8s - loss: 0.1168 - val_loss: 0.1154

Epoch 00332: val_loss did not improve from 0.10759
Epoch 333/8000
 - 8s - loss: 0.1214 - val_loss: 0.1249

Epoch 00333: val_loss did not improve from 0.10759
Epoch 334/8000
 - 8s - loss: 0.1258 - val_loss: 0.1263

Epoch 00334: val_loss did not improve from 0.10759
Epoch 335/8000
 - 8s - loss: 0.1182 - val_loss: 0.1149

Epoch 00335: val_loss did not improve from 0.10759
Epoch 336/8000
 - 8s - loss: 0.1202 - val_loss: 0.1245

Epoch 00336: val_loss did not improve from 0.10759
Epoch 337/8000
 - 8s - loss: 0.1183 - val_loss: 0.1230

Epoch 00337: val_loss did not improve from 0.10759
Epoch 338/8000
 - 8s - loss: 0.1206 - val_loss: 0.1184

Epoch 00338: val_loss did not improve from 0.10759
Epoch 339/8000
 - 8s - loss: 0.1168 - val_loss: 0.1154

Epoch 00339: val_loss did not improve from 0.10759
Epoch 340/8000
 - 8s - loss: 0.1154 - val_loss: 0.1133

Epoch 00340: val_loss did not improve from 0.10759
Epoch 341/8000
 - 8s - loss: 0.1121 - val_loss: 0.1163

Epoch 00341: val_loss did not improve from 0.10759
Epoch 342/8000
 - 8s - loss: 0.1151 - val_loss: 0.1195

Epoch 00342: val_loss did not improve from 0.10759
Epoch 343/8000
 - 8s - loss: 0.1267 - val_loss: 0.1416

Epoch 00343: val_loss did not improve from 0.10759
Epoch 344/8000
 - 8s - loss: 0.1181 - val_loss: 0.1298

Epoch 00344: val_loss did not improve from 0.10759
Epoch 345/8000
 - 8s - loss: 0.1185 - val_loss: 0.1082

Epoch 00345: val_loss did not improve from 0.10759
Epoch 346/8000
 - 8s - loss: 0.1127 - val_loss: 0.1117

Epoch 00346: val_loss did not improve from 0.10759
Epoch 347/8000
 - 8s - loss: 0.1137 - val_loss: 0.1148

Epoch 00347: val_loss did not improve from 0.10759
Epoch 348/8000
 - 8s - loss: 0.1120 - val_loss: 0.1161

Epoch 00348: val_loss did not improve from 0.10759
Epoch 349/8000
 - 8s - loss: 0.1138 - val_loss: 0.1245

Epoch 00349: val_loss did not improve from 0.10759
Epoch 350/8000
 - 8s - loss: 0.1150 - val_loss: 0.1230

Epoch 00350: val_loss did not improve from 0.10759
Epoch 351/8000
 - 8s - loss: 0.1154 - val_loss: 0.1143

Epoch 00351: val_loss did not improve from 0.10759
Epoch 352/8000
 - 8s - loss: 0.1173 - val_loss: 0.1168

Epoch 00352: val_loss did not improve from 0.10759
Epoch 353/8000
 - 8s - loss: 0.1150 - val_loss: 0.1183

Epoch 00353: val_loss did not improve from 0.10759
Epoch 354/8000
 - 8s - loss: 0.1123 - val_loss: 0.1066

Epoch 00354: val_loss improved from 0.10759 to 0.10658, saving model to model_weights/lstm_autoencoder_2020-01-15_14-09-07.h5
Epoch 355/8000
 - 8s - loss: 0.1126 - val_loss: 0.1119

Epoch 00355: val_loss did not improve from 0.10658
Epoch 356/8000
 - 8s - loss: 0.1109 - val_loss: 0.1071

Epoch 00356: val_loss did not improve from 0.10658
Epoch 357/8000
 - 8s - loss: 0.1138 - val_loss: 0.1090

Epoch 00357: val_loss did not improve from 0.10658
Epoch 358/8000
 - 8s - loss: 0.1108 - val_loss: 0.1141

Epoch 00358: val_loss did not improve from 0.10658
Epoch 359/8000
 - 8s - loss: 0.1137 - val_loss: 0.1250

Epoch 00359: val_loss did not improve from 0.10658
Epoch 360/8000
 - 8s - loss: 0.1119 - val_loss: 0.1118

Epoch 00360: val_loss did not improve from 0.10658
Epoch 361/8000
 - 8s - loss: 0.1138 - val_loss: 0.1168

Epoch 00361: val_loss did not improve from 0.10658
Epoch 362/8000
 - 8s - loss: 0.1148 - val_loss: 0.1372

Epoch 00362: val_loss did not improve from 0.10658
Epoch 363/8000
 - 8s - loss: 0.1207 - val_loss: 0.1267

Epoch 00363: val_loss did not improve from 0.10658
Epoch 364/8000
 - 8s - loss: 0.1208 - val_loss: 0.1214

Epoch 00364: val_loss did not improve from 0.10658
Epoch 365/8000
 - 8s - loss: 0.1192 - val_loss: 0.1139

Epoch 00365: val_loss did not improve from 0.10658
Epoch 366/8000
 - 8s - loss: 0.1172 - val_loss: 0.1275

Epoch 00366: val_loss did not improve from 0.10658
Epoch 367/8000
 - 8s - loss: 0.1160 - val_loss: 0.1199

Epoch 00367: val_loss did not improve from 0.10658
Epoch 368/8000
 - 8s - loss: 0.1182 - val_loss: 0.1124

Epoch 00368: val_loss did not improve from 0.10658
Epoch 369/8000
 - 8s - loss: 0.1143 - val_loss: 0.1215

Epoch 00369: val_loss did not improve from 0.10658
Epoch 370/8000
 - 8s - loss: 0.1108 - val_loss: 0.1107

Epoch 00370: val_loss did not improve from 0.10658
Epoch 371/8000
 - 8s - loss: 0.1244 - val_loss: 0.1118

Epoch 00371: val_loss did not improve from 0.10658
Epoch 372/8000
 - 8s - loss: 0.1120 - val_loss: 0.1059

Epoch 00372: val_loss improved from 0.10658 to 0.10586, saving model to model_weights/lstm_autoencoder_2020-01-15_14-09-07.h5
Epoch 373/8000
 - 8s - loss: 0.1116 - val_loss: 0.1225

Epoch 00373: val_loss did not improve from 0.10586
Epoch 374/8000
 - 8s - loss: 0.1266 - val_loss: 0.1242

Epoch 00374: val_loss did not improve from 0.10586
Epoch 375/8000
 - 8s - loss: 0.1190 - val_loss: 0.1160

Epoch 00375: val_loss did not improve from 0.10586
Epoch 376/8000
 - 8s - loss: 0.1092 - val_loss: 0.1112

Epoch 00376: val_loss did not improve from 0.10586
Epoch 377/8000
 - 8s - loss: 0.1114 - val_loss: 0.1353

Epoch 00377: val_loss did not improve from 0.10586
Epoch 378/8000
 - 8s - loss: 0.1141 - val_loss: 0.1191

Epoch 00378: val_loss did not improve from 0.10586
Epoch 379/8000
 - 8s - loss: 0.1129 - val_loss: 0.1129

Epoch 00379: val_loss did not improve from 0.10586
Epoch 380/8000
 - 8s - loss: 0.1097 - val_loss: 0.1088

Epoch 00380: val_loss did not improve from 0.10586
Epoch 381/8000
 - 8s - loss: 0.1133 - val_loss: 0.1287

Epoch 00381: val_loss did not improve from 0.10586
Epoch 382/8000
 - 8s - loss: 0.1119 - val_loss: 0.1193

Epoch 00382: val_loss did not improve from 0.10586
Epoch 383/8000
 - 8s - loss: 0.1210 - val_loss: 0.1170

Epoch 00383: val_loss did not improve from 0.10586
Epoch 384/8000
 - 8s - loss: 0.1148 - val_loss: 0.1356

Epoch 00384: val_loss did not improve from 0.10586
Epoch 385/8000
 - 8s - loss: 0.1152 - val_loss: 0.1155

Epoch 00385: val_loss did not improve from 0.10586
Epoch 386/8000
 - 8s - loss: 0.1118 - val_loss: 0.1206

Epoch 00386: val_loss did not improve from 0.10586
Epoch 387/8000
 - 8s - loss: 0.1129 - val_loss: 0.1126

Epoch 00387: val_loss did not improve from 0.10586
Epoch 388/8000
 - 8s - loss: 0.1131 - val_loss: 0.1165

Epoch 00388: val_loss did not improve from 0.10586
Epoch 389/8000
 - 8s - loss: 0.1108 - val_loss: 0.1145

Epoch 00389: val_loss did not improve from 0.10586
Epoch 390/8000
 - 8s - loss: 0.1108 - val_loss: 0.1260

Epoch 00390: val_loss did not improve from 0.10586
Epoch 391/8000
 - 8s - loss: 0.1105 - val_loss: 0.1072

Epoch 00391: val_loss did not improve from 0.10586
Epoch 392/8000
 - 8s - loss: 0.1116 - val_loss: 0.1064

Epoch 00392: val_loss did not improve from 0.10586
Epoch 393/8000
 - 8s - loss: 0.1095 - val_loss: 0.1050

Epoch 00393: val_loss improved from 0.10586 to 0.10500, saving model to model_weights/lstm_autoencoder_2020-01-15_14-09-07.h5
Epoch 394/8000
 - 8s - loss: 0.1158 - val_loss: 0.1188

Epoch 00394: val_loss did not improve from 0.10500
Epoch 395/8000
 - 8s - loss: 0.1116 - val_loss: 0.1076

Epoch 00395: val_loss did not improve from 0.10500
Epoch 396/8000
 - 8s - loss: 0.1125 - val_loss: 0.1087

Epoch 00396: val_loss did not improve from 0.10500
Epoch 397/8000
 - 8s - loss: 0.1169 - val_loss: 0.1169

Epoch 00397: val_loss did not improve from 0.10500
Epoch 398/8000
 - 8s - loss: 0.1132 - val_loss: 0.1113

Epoch 00398: val_loss did not improve from 0.10500
Epoch 399/8000
 - 8s - loss: 0.1103 - val_loss: 0.1146

Epoch 00399: val_loss did not improve from 0.10500
Epoch 400/8000
 - 8s - loss: 0.1123 - val_loss: 0.1077

Epoch 00400: val_loss did not improve from 0.10500
Epoch 401/8000
 - 8s - loss: 0.1127 - val_loss: 0.1151

Epoch 00401: val_loss did not improve from 0.10500
Epoch 402/8000
 - 8s - loss: 0.1102 - val_loss: 0.1268

Epoch 00402: val_loss did not improve from 0.10500
Epoch 403/8000
 - 8s - loss: 0.1137 - val_loss: 0.1131

Epoch 00403: val_loss did not improve from 0.10500
Epoch 404/8000
 - 8s - loss: 0.1100 - val_loss: 0.1051

Epoch 00404: val_loss did not improve from 0.10500
Epoch 405/8000
 - 8s - loss: 0.1123 - val_loss: 0.1042

Epoch 00405: val_loss improved from 0.10500 to 0.10421, saving model to model_weights/lstm_autoencoder_2020-01-15_14-09-07.h5
Epoch 406/8000
 - 8s - loss: 0.1135 - val_loss: 0.1230

Epoch 00406: val_loss did not improve from 0.10421
Epoch 407/8000
 - 8s - loss: 0.1130 - val_loss: 0.1146

Epoch 00407: val_loss did not improve from 0.10421
Epoch 408/8000
 - 8s - loss: 0.1134 - val_loss: 0.1072

Epoch 00408: val_loss did not improve from 0.10421
Epoch 409/8000
 - 8s - loss: 0.1100 - val_loss: 0.1192

Epoch 00409: val_loss did not improve from 0.10421
Epoch 410/8000
 - 8s - loss: 0.1112 - val_loss: 0.1123

Epoch 00410: val_loss did not improve from 0.10421
Epoch 411/8000
 - 8s - loss: 0.1103 - val_loss: 0.1193

Epoch 00411: val_loss did not improve from 0.10421
Epoch 412/8000
 - 8s - loss: 0.1106 - val_loss: 0.1093

Epoch 00412: val_loss did not improve from 0.10421
Epoch 413/8000
 - 8s - loss: 0.1127 - val_loss: 0.1146

Epoch 00413: val_loss did not improve from 0.10421
Epoch 414/8000
 - 8s - loss: 0.1126 - val_loss: 0.1073

Epoch 00414: val_loss did not improve from 0.10421
Epoch 415/8000
 - 8s - loss: 0.1100 - val_loss: 0.1105

Epoch 00415: val_loss did not improve from 0.10421
Epoch 416/8000
 - 8s - loss: 0.1111 - val_loss: 0.1071

Epoch 00416: val_loss did not improve from 0.10421
Epoch 417/8000
 - 8s - loss: 0.1083 - val_loss: 0.1216

Epoch 00417: val_loss did not improve from 0.10421
Epoch 418/8000
 - 8s - loss: 0.1134 - val_loss: 0.1185

Epoch 00418: val_loss did not improve from 0.10421
Epoch 419/8000
 - 8s - loss: 0.1113 - val_loss: 0.1076

Epoch 00419: val_loss did not improve from 0.10421
Epoch 420/8000
 - 8s - loss: 0.1078 - val_loss: 0.1035

Epoch 00420: val_loss improved from 0.10421 to 0.10348, saving model to model_weights/lstm_autoencoder_2020-01-15_14-09-07.h5
Epoch 421/8000
 - 8s - loss: 0.1104 - val_loss: 0.1277

Epoch 00421: val_loss did not improve from 0.10348
Epoch 422/8000
 - 8s - loss: 0.1086 - val_loss: 0.1026

Epoch 00422: val_loss improved from 0.10348 to 0.10256, saving model to model_weights/lstm_autoencoder_2020-01-15_14-09-07.h5
Epoch 423/8000
 - 8s - loss: 0.1114 - val_loss: 0.1095

Epoch 00423: val_loss did not improve from 0.10256
Epoch 424/8000
 - 8s - loss: 0.1083 - val_loss: 0.1180

Epoch 00424: val_loss did not improve from 0.10256
Epoch 425/8000
 - 8s - loss: 0.1084 - val_loss: 0.1064

Epoch 00425: val_loss did not improve from 0.10256
Epoch 426/8000
 - 8s - loss: 0.1094 - val_loss: 0.1050

Epoch 00426: val_loss did not improve from 0.10256
Epoch 427/8000
 - 8s - loss: 0.1084 - val_loss: 0.1335

Epoch 00427: val_loss did not improve from 0.10256
Epoch 428/8000
 - 8s - loss: 0.1114 - val_loss: 0.1133

Epoch 00428: val_loss did not improve from 0.10256
Epoch 429/8000
 - 8s - loss: 0.1217 - val_loss: 0.1180

Epoch 00429: val_loss did not improve from 0.10256
Epoch 430/8000
 - 8s - loss: 0.1113 - val_loss: 0.1146

Epoch 00430: val_loss did not improve from 0.10256
Epoch 431/8000
 - 8s - loss: 0.1096 - val_loss: 0.1110

Epoch 00431: val_loss did not improve from 0.10256
Epoch 432/8000
 - 8s - loss: 0.1076 - val_loss: 0.1368

Epoch 00432: val_loss did not improve from 0.10256
Epoch 433/8000
 - 8s - loss: 0.1130 - val_loss: 0.1061

Epoch 00433: val_loss did not improve from 0.10256
Epoch 434/8000
 - 8s - loss: 0.1083 - val_loss: 0.1064

Epoch 00434: val_loss did not improve from 0.10256
Epoch 435/8000
 - 8s - loss: 0.1084 - val_loss: 0.1119

Epoch 00435: val_loss did not improve from 0.10256
Epoch 436/8000
 - 8s - loss: 0.1078 - val_loss: 0.1105

Epoch 00436: val_loss did not improve from 0.10256
Epoch 437/8000
 - 8s - loss: 0.1107 - val_loss: 0.1048

Epoch 00437: val_loss did not improve from 0.10256
Epoch 438/8000
 - 8s - loss: 0.1063 - val_loss: 0.1072

Epoch 00438: val_loss did not improve from 0.10256
Epoch 439/8000
 - 8s - loss: 0.1086 - val_loss: 0.1022

Epoch 00439: val_loss improved from 0.10256 to 0.10220, saving model to model_weights/lstm_autoencoder_2020-01-15_14-09-07.h5
Epoch 440/8000
 - 8s - loss: 0.1099 - val_loss: 0.1215

Epoch 00440: val_loss did not improve from 0.10220
Epoch 441/8000
 - 8s - loss: 0.1105 - val_loss: 0.1118

Epoch 00441: val_loss did not improve from 0.10220
Epoch 442/8000
 - 8s - loss: 0.1086 - val_loss: 0.1209

Epoch 00442: val_loss did not improve from 0.10220
Epoch 443/8000
 - 8s - loss: 0.1095 - val_loss: 0.1144

Epoch 00443: val_loss did not improve from 0.10220
Epoch 444/8000
 - 8s - loss: 0.1074 - val_loss: 0.1116

Epoch 00444: val_loss did not improve from 0.10220
Epoch 445/8000
 - 8s - loss: 0.1140 - val_loss: 0.1072

Epoch 00445: val_loss did not improve from 0.10220
Epoch 446/8000
 - 8s - loss: 0.1094 - val_loss: 0.1208

Epoch 00446: val_loss did not improve from 0.10220
Epoch 447/8000
 - 8s - loss: 0.1065 - val_loss: 0.1179

Epoch 00447: val_loss did not improve from 0.10220
Epoch 448/8000
 - 8s - loss: 0.1077 - val_loss: 0.1167

Epoch 00448: val_loss did not improve from 0.10220
Epoch 449/8000
 - 8s - loss: 0.1071 - val_loss: 0.1030

Epoch 00449: val_loss did not improve from 0.10220
Epoch 450/8000
 - 8s - loss: 0.1067 - val_loss: 0.1320

Epoch 00450: val_loss did not improve from 0.10220
Epoch 451/8000
 - 8s - loss: 0.1104 - val_loss: 0.1118

Epoch 00451: val_loss did not improve from 0.10220
Epoch 452/8000
 - 8s - loss: 0.1075 - val_loss: 0.1048

Epoch 00452: val_loss did not improve from 0.10220
Epoch 453/8000
 - 8s - loss: 0.1090 - val_loss: 0.1056

Epoch 00453: val_loss did not improve from 0.10220
Epoch 454/8000
 - 8s - loss: 0.1066 - val_loss: 0.1038

Epoch 00454: val_loss did not improve from 0.10220
Epoch 455/8000
 - 8s - loss: 0.1109 - val_loss: 0.1103

Epoch 00455: val_loss did not improve from 0.10220
Epoch 456/8000
 - 8s - loss: 0.1079 - val_loss: 0.1324

Epoch 00456: val_loss did not improve from 0.10220
Epoch 457/8000
 - 8s - loss: 0.1080 - val_loss: 0.1096

Epoch 00457: val_loss did not improve from 0.10220
Epoch 458/8000
 - 8s - loss: 0.1059 - val_loss: 0.1153

Epoch 00458: val_loss did not improve from 0.10220
Epoch 459/8000
 - 8s - loss: 0.1096 - val_loss: 0.1154

Epoch 00459: val_loss did not improve from 0.10220
Epoch 460/8000
 - 8s - loss: 0.1081 - val_loss: 0.1090

Epoch 00460: val_loss did not improve from 0.10220
Epoch 461/8000
 - 8s - loss: 0.1097 - val_loss: 0.1288

Epoch 00461: val_loss did not improve from 0.10220
Epoch 462/8000
 - 8s - loss: 0.1073 - val_loss: 0.1048

Epoch 00462: val_loss did not improve from 0.10220
Epoch 463/8000
 - 8s - loss: 0.1127 - val_loss: 0.1254

Epoch 00463: val_loss did not improve from 0.10220
Epoch 464/8000
 - 8s - loss: 0.1083 - val_loss: 0.1305

Epoch 00464: val_loss did not improve from 0.10220
Epoch 465/8000
 - 8s - loss: 0.1172 - val_loss: 0.1156

Epoch 00465: val_loss did not improve from 0.10220
Epoch 466/8000
 - 8s - loss: 0.1109 - val_loss: 0.1279

Epoch 00466: val_loss did not improve from 0.10220
Epoch 467/8000
 - 8s - loss: 0.1103 - val_loss: 0.1006

Epoch 00467: val_loss improved from 0.10220 to 0.10058, saving model to model_weights/lstm_autoencoder_2020-01-15_14-09-07.h5
Epoch 468/8000
 - 8s - loss: 0.1068 - val_loss: 0.1304

Epoch 00468: val_loss did not improve from 0.10058
Epoch 469/8000
 - 8s - loss: 0.1089 - val_loss: 0.1053

Epoch 00469: val_loss did not improve from 0.10058
Epoch 470/8000
 - 8s - loss: 0.1061 - val_loss: 0.1116

Epoch 00470: val_loss did not improve from 0.10058
Epoch 471/8000
 - 8s - loss: 0.1069 - val_loss: 0.1021

Epoch 00471: val_loss did not improve from 0.10058
Epoch 472/8000
 - 8s - loss: 0.1083 - val_loss: 0.1083

Epoch 00472: val_loss did not improve from 0.10058
Epoch 473/8000
 - 8s - loss: 0.1142 - val_loss: 0.1076

Epoch 00473: val_loss did not improve from 0.10058
Epoch 474/8000
 - 8s - loss: 0.1077 - val_loss: 0.1063

Epoch 00474: val_loss did not improve from 0.10058
Epoch 475/8000
 - 8s - loss: 0.1078 - val_loss: 0.1133

Epoch 00475: val_loss did not improve from 0.10058
Epoch 476/8000
 - 8s - loss: 0.1091 - val_loss: 0.1169

Epoch 00476: val_loss did not improve from 0.10058
Epoch 477/8000
 - 8s - loss: 0.1100 - val_loss: 0.1088

Epoch 00477: val_loss did not improve from 0.10058
Epoch 478/8000
 - 8s - loss: 0.1108 - val_loss: 0.1329

Epoch 00478: val_loss did not improve from 0.10058
Epoch 479/8000
 - 8s - loss: 0.1100 - val_loss: 0.1159

Epoch 00479: val_loss did not improve from 0.10058
Epoch 480/8000
 - 8s - loss: 0.1104 - val_loss: 0.1070

Epoch 00480: val_loss did not improve from 0.10058
Epoch 481/8000
 - 8s - loss: 0.1076 - val_loss: 0.1027

Epoch 00481: val_loss did not improve from 0.10058
Epoch 482/8000
 - 8s - loss: 0.1092 - val_loss: 0.1020

Epoch 00482: val_loss did not improve from 0.10058
Epoch 483/8000
 - 8s - loss: 0.1090 - val_loss: 0.1306

Epoch 00483: val_loss did not improve from 0.10058
Epoch 484/8000
 - 8s - loss: 0.1106 - val_loss: 0.1163

Epoch 00484: val_loss did not improve from 0.10058
Epoch 485/8000
 - 8s - loss: 0.1082 - val_loss: 0.1161

Epoch 00485: val_loss did not improve from 0.10058
Epoch 486/8000
 - 8s - loss: 0.1076 - val_loss: 0.1311

Epoch 00486: val_loss did not improve from 0.10058
Epoch 487/8000
 - 8s - loss: 0.1093 - val_loss: 0.1143

Epoch 00487: val_loss did not improve from 0.10058
Epoch 488/8000
 - 8s - loss: 0.1047 - val_loss: 0.1188

Epoch 00488: val_loss did not improve from 0.10058
Epoch 489/8000
 - 8s - loss: 0.1053 - val_loss: 0.1076

Epoch 00489: val_loss did not improve from 0.10058
Epoch 490/8000
 - 8s - loss: 0.1067 - val_loss: 0.1221

Epoch 00490: val_loss did not improve from 0.10058
Epoch 491/8000
 - 8s - loss: 0.1069 - val_loss: 0.1014

Epoch 00491: val_loss did not improve from 0.10058
Epoch 492/8000
 - 8s - loss: 0.1079 - val_loss: 0.1093

Epoch 00492: val_loss did not improve from 0.10058
Epoch 493/8000
 - 8s - loss: 0.1068 - val_loss: 0.1221

Epoch 00493: val_loss did not improve from 0.10058
Epoch 494/8000
 - 8s - loss: 0.1069 - val_loss: 0.1017

Epoch 00494: val_loss did not improve from 0.10058
Epoch 495/8000
 - 8s - loss: 0.1101 - val_loss: 0.1108

Epoch 00495: val_loss did not improve from 0.10058
Epoch 496/8000
 - 8s - loss: 0.1117 - val_loss: 0.1119

Epoch 00496: val_loss did not improve from 0.10058
Epoch 497/8000
 - 8s - loss: 0.1090 - val_loss: 0.1022

Epoch 00497: val_loss did not improve from 0.10058
Epoch 498/8000
 - 8s - loss: 0.1079 - val_loss: 0.1088

Epoch 00498: val_loss did not improve from 0.10058
Epoch 499/8000
 - 8s - loss: 0.1073 - val_loss: 0.1056

Epoch 00499: val_loss did not improve from 0.10058
Epoch 500/8000
 - 8s - loss: 0.1079 - val_loss: 0.1031

Epoch 00500: val_loss did not improve from 0.10058
Epoch 501/8000
 - 8s - loss: 0.1055 - val_loss: 0.1143

Epoch 00501: val_loss did not improve from 0.10058
Epoch 502/8000
 - 8s - loss: 0.1067 - val_loss: 0.1110

Epoch 00502: val_loss did not improve from 0.10058
Epoch 503/8000
 - 8s - loss: 0.1072 - val_loss: 0.1116

Epoch 00503: val_loss did not improve from 0.10058
Epoch 504/8000
 - 8s - loss: 0.1064 - val_loss: 0.0990

Epoch 00504: val_loss improved from 0.10058 to 0.09902, saving model to model_weights/lstm_autoencoder_2020-01-15_14-09-07.h5
Epoch 505/8000
 - 8s - loss: 0.1068 - val_loss: 0.1045

Epoch 00505: val_loss did not improve from 0.09902
Epoch 506/8000
 - 8s - loss: 0.1066 - val_loss: 0.1051

Epoch 00506: val_loss did not improve from 0.09902
Epoch 507/8000
 - 8s - loss: 0.1096 - val_loss: 0.1355

Epoch 00507: val_loss did not improve from 0.09902
Epoch 508/8000
 - 8s - loss: 0.1118 - val_loss: 0.1149

Epoch 00508: val_loss did not improve from 0.09902
Epoch 509/8000
 - 8s - loss: 0.1095 - val_loss: 0.1250

Epoch 00509: val_loss did not improve from 0.09902
Epoch 510/8000
 - 8s - loss: 0.1103 - val_loss: 0.1086

Epoch 00510: val_loss did not improve from 0.09902
Epoch 511/8000
 - 8s - loss: 0.1066 - val_loss: 0.1100

Epoch 00511: val_loss did not improve from 0.09902
Epoch 512/8000
 - 8s - loss: 0.1044 - val_loss: 0.1340

Epoch 00512: val_loss did not improve from 0.09902
Epoch 513/8000
 - 8s - loss: 0.1072 - val_loss: 0.1083

Epoch 00513: val_loss did not improve from 0.09902
Epoch 514/8000
 - 8s - loss: 0.1090 - val_loss: 0.1053

Epoch 00514: val_loss did not improve from 0.09902
Epoch 515/8000
 - 8s - loss: 0.1095 - val_loss: 0.1198

Epoch 00515: val_loss did not improve from 0.09902
Epoch 516/8000
 - 8s - loss: 0.1057 - val_loss: 0.1115

Epoch 00516: val_loss did not improve from 0.09902
Epoch 517/8000
 - 8s - loss: 0.1090 - val_loss: 0.1052

Epoch 00517: val_loss did not improve from 0.09902
Epoch 518/8000
 - 8s - loss: 0.1067 - val_loss: 0.1119

Epoch 00518: val_loss did not improve from 0.09902
Epoch 519/8000
 - 8s - loss: 0.1057 - val_loss: 0.1048

Epoch 00519: val_loss did not improve from 0.09902
Epoch 520/8000
 - 8s - loss: 0.1065 - val_loss: 0.1029

Epoch 00520: val_loss did not improve from 0.09902
Epoch 521/8000
 - 8s - loss: 0.1041 - val_loss: 0.1203

Epoch 00521: val_loss did not improve from 0.09902
Epoch 522/8000
 - 8s - loss: 0.1053 - val_loss: 0.1148

Epoch 00522: val_loss did not improve from 0.09902
Epoch 523/8000
 - 8s - loss: 0.1085 - val_loss: 0.1022

Epoch 00523: val_loss did not improve from 0.09902
Epoch 524/8000
 - 8s - loss: 0.1077 - val_loss: 0.1179

Epoch 00524: val_loss did not improve from 0.09902
Epoch 525/8000
 - 8s - loss: 0.1074 - val_loss: 0.1133

Epoch 00525: val_loss did not improve from 0.09902
Epoch 526/8000
 - 8s - loss: 0.1040 - val_loss: 0.1132

Epoch 00526: val_loss did not improve from 0.09902
Epoch 527/8000
 - 8s - loss: 0.1068 - val_loss: 0.1022

Epoch 00527: val_loss did not improve from 0.09902
Epoch 528/8000
 - 8s - loss: 0.1067 - val_loss: 0.1159

Epoch 00528: val_loss did not improve from 0.09902
Epoch 529/8000
 - 8s - loss: 0.1058 - val_loss: 0.1416

Epoch 00529: val_loss did not improve from 0.09902
Epoch 530/8000
 - 8s - loss: 0.1162 - val_loss: 0.1131

Epoch 00530: val_loss did not improve from 0.09902
Epoch 531/8000
 - 8s - loss: 0.1052 - val_loss: 0.1063

Epoch 00531: val_loss did not improve from 0.09902
Epoch 532/8000
 - 8s - loss: 0.1061 - val_loss: 0.1046

Epoch 00532: val_loss did not improve from 0.09902
Epoch 533/8000
 - 8s - loss: 0.1039 - val_loss: 0.1035

Epoch 00533: val_loss did not improve from 0.09902
Epoch 534/8000
 - 8s - loss: 0.1080 - val_loss: 0.1037

Epoch 00534: val_loss did not improve from 0.09902
Epoch 535/8000
 - 8s - loss: 0.1060 - val_loss: 0.1017

Epoch 00535: val_loss did not improve from 0.09902
Epoch 536/8000
 - 8s - loss: 0.1081 - val_loss: 0.1004

Epoch 00536: val_loss did not improve from 0.09902
Epoch 537/8000
 - 8s - loss: 0.1063 - val_loss: 0.1079

Epoch 00537: val_loss did not improve from 0.09902
Epoch 538/8000
 - 8s - loss: 0.1025 - val_loss: 0.1037

Epoch 00538: val_loss did not improve from 0.09902
Epoch 539/8000
 - 8s - loss: 0.1054 - val_loss: 0.0990

Epoch 00539: val_loss improved from 0.09902 to 0.09898, saving model to model_weights/lstm_autoencoder_2020-01-15_14-09-07.h5
Epoch 540/8000
 - 8s - loss: 0.1049 - val_loss: 0.1012

Epoch 00540: val_loss did not improve from 0.09898
Epoch 541/8000
 - 8s - loss: 0.1069 - val_loss: 0.1201

Epoch 00541: val_loss did not improve from 0.09898
Epoch 542/8000
 - 8s - loss: 0.1072 - val_loss: 0.1134

Epoch 00542: val_loss did not improve from 0.09898
Epoch 543/8000
 - 8s - loss: 0.1031 - val_loss: 0.1029

Epoch 00543: val_loss did not improve from 0.09898
Epoch 544/8000
 - 8s - loss: 0.1043 - val_loss: 0.1052

Epoch 00544: val_loss did not improve from 0.09898
Epoch 545/8000
 - 8s - loss: 0.1065 - val_loss: 0.1066

Epoch 00545: val_loss did not improve from 0.09898
Epoch 546/8000
 - 8s - loss: 0.1047 - val_loss: 0.1357

Epoch 00546: val_loss did not improve from 0.09898
Epoch 547/8000
 - 8s - loss: 0.1066 - val_loss: 0.1023

Epoch 00547: val_loss did not improve from 0.09898
Epoch 548/8000
 - 8s - loss: 0.1039 - val_loss: 0.1050

Epoch 00548: val_loss did not improve from 0.09898
Epoch 549/8000
 - 8s - loss: 0.1082 - val_loss: 0.1308

Epoch 00549: val_loss did not improve from 0.09898
Epoch 550/8000
 - 8s - loss: 0.1123 - val_loss: 0.1262

Epoch 00550: val_loss did not improve from 0.09898
Epoch 551/8000
 - 8s - loss: 0.1127 - val_loss: 0.1270

Epoch 00551: val_loss did not improve from 0.09898
Epoch 552/8000
 - 8s - loss: 0.1153 - val_loss: 0.1136

Epoch 00552: val_loss did not improve from 0.09898
Epoch 553/8000
 - 8s - loss: 0.1144 - val_loss: 0.1143

Epoch 00553: val_loss did not improve from 0.09898
Epoch 554/8000
 - 8s - loss: 0.1110 - val_loss: 0.1055

Epoch 00554: val_loss did not improve from 0.09898
Epoch 555/8000
 - 8s - loss: 0.1104 - val_loss: 0.1243

Epoch 00555: val_loss did not improve from 0.09898
Epoch 556/8000
 - 8s - loss: 0.1116 - val_loss: 0.1130

Epoch 00556: val_loss did not improve from 0.09898
Epoch 557/8000
 - 8s - loss: 0.1068 - val_loss: 0.1047

Epoch 00557: val_loss did not improve from 0.09898
Epoch 558/8000
 - 8s - loss: 0.1062 - val_loss: 0.1076

Epoch 00558: val_loss did not improve from 0.09898
Epoch 559/8000
 - 8s - loss: 0.1088 - val_loss: 0.1046

Epoch 00559: val_loss did not improve from 0.09898
Epoch 560/8000
 - 8s - loss: 0.1042 - val_loss: 0.1035

Epoch 00560: val_loss did not improve from 0.09898
Epoch 561/8000
 - 8s - loss: 0.1108 - val_loss: 0.1118

Epoch 00561: val_loss did not improve from 0.09898
Epoch 562/8000
 - 8s - loss: 0.1119 - val_loss: 0.1085

Epoch 00562: val_loss did not improve from 0.09898
Epoch 563/8000
 - 8s - loss: 0.1067 - val_loss: 0.1007

Epoch 00563: val_loss did not improve from 0.09898
Epoch 564/8000
 - 8s - loss: 0.1057 - val_loss: 0.1057

Epoch 00564: val_loss did not improve from 0.09898
Epoch 565/8000
 - 8s - loss: 0.1074 - val_loss: 0.1031

Epoch 00565: val_loss did not improve from 0.09898
Epoch 566/8000
 - 8s - loss: 0.1098 - val_loss: 0.1114

Epoch 00566: val_loss did not improve from 0.09898
Epoch 567/8000
 - 8s - loss: 0.1091 - val_loss: 0.1204

Epoch 00567: val_loss did not improve from 0.09898
Epoch 568/8000
 - 8s - loss: 0.1097 - val_loss: 0.1284

Epoch 00568: val_loss did not improve from 0.09898
Epoch 569/8000
 - 8s - loss: 0.1119 - val_loss: 0.1126

Epoch 00569: val_loss did not improve from 0.09898
Epoch 570/8000
 - 8s - loss: 0.1097 - val_loss: 0.1042

Epoch 00570: val_loss did not improve from 0.09898
Epoch 571/8000
 - 8s - loss: 0.1098 - val_loss: 0.1120

Epoch 00571: val_loss did not improve from 0.09898
Epoch 572/8000
 - 8s - loss: 0.1071 - val_loss: 0.1026

Epoch 00572: val_loss did not improve from 0.09898
Epoch 573/8000
 - 8s - loss: 0.1159 - val_loss: 0.1114

Epoch 00573: val_loss did not improve from 0.09898
Epoch 574/8000
 - 8s - loss: 0.1059 - val_loss: 0.1053

Epoch 00574: val_loss did not improve from 0.09898
Epoch 575/8000
 - 8s - loss: 0.1040 - val_loss: 0.1011

Epoch 00575: val_loss did not improve from 0.09898
Epoch 576/8000
 - 8s - loss: 0.1072 - val_loss: 0.1025

Epoch 00576: val_loss did not improve from 0.09898
Epoch 577/8000
 - 8s - loss: 0.1038 - val_loss: 0.1046

Epoch 00577: val_loss did not improve from 0.09898
Epoch 578/8000
 - 8s - loss: 0.1060 - val_loss: 0.0977

Epoch 00578: val_loss improved from 0.09898 to 0.09770, saving model to model_weights/lstm_autoencoder_2020-01-15_14-09-07.h5
Epoch 579/8000
 - 8s - loss: 0.1044 - val_loss: 0.1096

Epoch 00579: val_loss did not improve from 0.09770
Epoch 580/8000
 - 8s - loss: 0.1033 - val_loss: 0.1243

Epoch 00580: val_loss did not improve from 0.09770
Epoch 581/8000
 - 8s - loss: 0.1057 - val_loss: 0.1184

Epoch 00581: val_loss did not improve from 0.09770
Epoch 582/8000
 - 8s - loss: 0.1046 - val_loss: 0.1072

Epoch 00582: val_loss did not improve from 0.09770
Epoch 583/8000
 - 8s - loss: 0.1062 - val_loss: 0.0998

Epoch 00583: val_loss did not improve from 0.09770
Epoch 584/8000
 - 8s - loss: 0.1037 - val_loss: 0.1206

Epoch 00584: val_loss did not improve from 0.09770
Epoch 585/8000
 - 8s - loss: 0.1082 - val_loss: 0.0997

Epoch 00585: val_loss did not improve from 0.09770
Epoch 586/8000
 - 8s - loss: 0.1076 - val_loss: 0.1172

Epoch 00586: val_loss did not improve from 0.09770
Epoch 587/8000
 - 8s - loss: 0.1079 - val_loss: 0.1138

Epoch 00587: val_loss did not improve from 0.09770
Epoch 588/8000
 - 8s - loss: 0.1112 - val_loss: 0.1139

Epoch 00588: val_loss did not improve from 0.09770
Epoch 589/8000
 - 8s - loss: 0.1073 - val_loss: 0.1059

Epoch 00589: val_loss did not improve from 0.09770
Epoch 590/8000
 - 8s - loss: 0.1105 - val_loss: 0.1192

Epoch 00590: val_loss did not improve from 0.09770
Epoch 591/8000
 - 8s - loss: 0.1090 - val_loss: 0.1055

Epoch 00591: val_loss did not improve from 0.09770
Epoch 592/8000
 - 8s - loss: 0.1042 - val_loss: 0.1201

Epoch 00592: val_loss did not improve from 0.09770
Epoch 593/8000
 - 8s - loss: 0.1037 - val_loss: 0.1028

Epoch 00593: val_loss did not improve from 0.09770
Epoch 594/8000
 - 8s - loss: 0.1006 - val_loss: 0.1393

Epoch 00594: val_loss did not improve from 0.09770
Epoch 595/8000
 - 8s - loss: 0.1043 - val_loss: 0.1127

Epoch 00595: val_loss did not improve from 0.09770
Epoch 596/8000
 - 8s - loss: 0.1040 - val_loss: 0.0982

Epoch 00596: val_loss did not improve from 0.09770
Epoch 597/8000
 - 8s - loss: 0.1032 - val_loss: 0.1124

Epoch 00597: val_loss did not improve from 0.09770
Epoch 598/8000
 - 8s - loss: 0.1038 - val_loss: 0.1046

Epoch 00598: val_loss did not improve from 0.09770
Epoch 599/8000
 - 8s - loss: 0.1049 - val_loss: 0.1161

Epoch 00599: val_loss did not improve from 0.09770
Epoch 600/8000
 - 8s - loss: 0.1075 - val_loss: 0.0989

Epoch 00600: val_loss did not improve from 0.09770
Epoch 601/8000
 - 8s - loss: 0.1066 - val_loss: 0.1064

Epoch 00601: val_loss did not improve from 0.09770
Epoch 602/8000
 - 8s - loss: 0.1036 - val_loss: 0.1039

Epoch 00602: val_loss did not improve from 0.09770
Epoch 603/8000
 - 8s - loss: 0.1078 - val_loss: 0.0976

Epoch 00603: val_loss improved from 0.09770 to 0.09756, saving model to model_weights/lstm_autoencoder_2020-01-15_14-09-07.h5
Epoch 604/8000
 - 8s - loss: 0.1040 - val_loss: 0.1254

Epoch 00604: val_loss did not improve from 0.09756
Epoch 605/8000
 - 8s - loss: 0.1089 - val_loss: 0.1078

Epoch 00605: val_loss did not improve from 0.09756
Epoch 606/8000
 - 8s - loss: 0.1053 - val_loss: 0.1314

Epoch 00606: val_loss did not improve from 0.09756
Epoch 607/8000
 - 8s - loss: 0.1071 - val_loss: 0.0980

Epoch 00607: val_loss did not improve from 0.09756
Epoch 608/8000
 - 8s - loss: 0.1067 - val_loss: 0.1067

Epoch 00608: val_loss did not improve from 0.09756
Epoch 609/8000
 - 8s - loss: 0.1088 - val_loss: 0.1215

Epoch 00609: val_loss did not improve from 0.09756
Epoch 610/8000
 - 8s - loss: 0.1102 - val_loss: 0.1169

Epoch 00610: val_loss did not improve from 0.09756
Epoch 611/8000
 - 8s - loss: 0.1037 - val_loss: 0.1104

Epoch 00611: val_loss did not improve from 0.09756
Epoch 612/8000
 - 8s - loss: 0.1076 - val_loss: 0.1063

Epoch 00612: val_loss did not improve from 0.09756
Epoch 613/8000
 - 8s - loss: 0.1045 - val_loss: 0.0965

Epoch 00613: val_loss improved from 0.09756 to 0.09647, saving model to model_weights/lstm_autoencoder_2020-01-15_14-09-07.h5
Epoch 614/8000
 - 8s - loss: 0.1030 - val_loss: 0.1064

Epoch 00614: val_loss did not improve from 0.09647
Epoch 615/8000
 - 8s - loss: 0.1056 - val_loss: 0.1133

Epoch 00615: val_loss did not improve from 0.09647
Epoch 616/8000
 - 8s - loss: 0.1093 - val_loss: 0.1053

Epoch 00616: val_loss did not improve from 0.09647
Epoch 617/8000
 - 8s - loss: 0.1036 - val_loss: 0.1011

Epoch 00617: val_loss did not improve from 0.09647
Epoch 618/8000
 - 8s - loss: 0.1069 - val_loss: 0.1099

Epoch 00618: val_loss did not improve from 0.09647
Epoch 619/8000
 - 8s - loss: 0.1027 - val_loss: 0.1021

Epoch 00619: val_loss did not improve from 0.09647
Epoch 620/8000
 - 8s - loss: 0.1075 - val_loss: 0.1022

Epoch 00620: val_loss did not improve from 0.09647
Epoch 621/8000
 - 8s - loss: 0.1045 - val_loss: 0.0998

Epoch 00621: val_loss did not improve from 0.09647
Epoch 622/8000
 - 8s - loss: 0.1038 - val_loss: 0.1259

Epoch 00622: val_loss did not improve from 0.09647
Epoch 623/8000
 - 8s - loss: 0.1080 - val_loss: 0.1041

Epoch 00623: val_loss did not improve from 0.09647
Epoch 624/8000
 - 8s - loss: 0.1014 - val_loss: 0.1115

Epoch 00624: val_loss did not improve from 0.09647
Epoch 625/8000
 - 8s - loss: 0.1006 - val_loss: 0.1085

Epoch 00625: val_loss did not improve from 0.09647
Epoch 626/8000
 - 8s - loss: 0.1031 - val_loss: 0.1278

Epoch 00626: val_loss did not improve from 0.09647
Epoch 627/8000
 - 8s - loss: 0.1124 - val_loss: 0.1146

Epoch 00627: val_loss did not improve from 0.09647
Epoch 628/8000
 - 8s - loss: 0.1064 - val_loss: 0.1049

Epoch 00628: val_loss did not improve from 0.09647
Epoch 629/8000
 - 8s - loss: 0.1061 - val_loss: 0.0985

Epoch 00629: val_loss did not improve from 0.09647
Epoch 630/8000
 - 8s - loss: 0.1041 - val_loss: 0.1228

Epoch 00630: val_loss did not improve from 0.09647
Epoch 631/8000
 - 8s - loss: 0.1063 - val_loss: 0.1023

Epoch 00631: val_loss did not improve from 0.09647
Epoch 632/8000
 - 8s - loss: 0.1048 - val_loss: 0.1047

Epoch 00632: val_loss did not improve from 0.09647
Epoch 633/8000
 - 8s - loss: 0.1023 - val_loss: 0.1098

Epoch 00633: val_loss did not improve from 0.09647
Epoch 634/8000
 - 8s - loss: 0.1036 - val_loss: 0.0968

Epoch 00634: val_loss did not improve from 0.09647
Epoch 635/8000
 - 8s - loss: 0.1115 - val_loss: 0.1102

Epoch 00635: val_loss did not improve from 0.09647
Epoch 636/8000
 - 8s - loss: 0.1051 - val_loss: 0.1084

Epoch 00636: val_loss did not improve from 0.09647
Epoch 637/8000
 - 8s - loss: 0.1037 - val_loss: 0.0969

Epoch 00637: val_loss did not improve from 0.09647
Epoch 638/8000
 - 8s - loss: 0.1017 - val_loss: 0.1069

Epoch 00638: val_loss did not improve from 0.09647
Epoch 639/8000
 - 8s - loss: 0.1095 - val_loss: 0.1176

Epoch 00639: val_loss did not improve from 0.09647
Epoch 640/8000
 - 8s - loss: 0.1032 - val_loss: 0.1040

Epoch 00640: val_loss did not improve from 0.09647
Epoch 641/8000
 - 8s - loss: 0.1019 - val_loss: 0.1153

Epoch 00641: val_loss did not improve from 0.09647
Epoch 642/8000
 - 8s - loss: 0.1071 - val_loss: 0.1030

Epoch 00642: val_loss did not improve from 0.09647
Epoch 643/8000
 - 8s - loss: 0.1038 - val_loss: 0.0975

Epoch 00643: val_loss did not improve from 0.09647
Epoch 644/8000
 - 8s - loss: 0.1022 - val_loss: 0.0979

Epoch 00644: val_loss did not improve from 0.09647
Epoch 645/8000
 - 8s - loss: 0.1038 - val_loss: 0.1034

Epoch 00645: val_loss did not improve from 0.09647
Epoch 646/8000
 - 8s - loss: 0.1077 - val_loss: 0.1254

Epoch 00646: val_loss did not improve from 0.09647
Epoch 647/8000
 - 8s - loss: 0.1037 - val_loss: 0.0984

Epoch 00647: val_loss did not improve from 0.09647
Epoch 648/8000
 - 8s - loss: 0.1020 - val_loss: 0.1074

Epoch 00648: val_loss did not improve from 0.09647
Epoch 649/8000
 - 8s - loss: 0.1035 - val_loss: 0.1018

Epoch 00649: val_loss did not improve from 0.09647
Epoch 650/8000
 - 8s - loss: 0.1014 - val_loss: 0.0991

Epoch 00650: val_loss did not improve from 0.09647
Epoch 651/8000
 - 8s - loss: 0.1054 - val_loss: 0.1081

Epoch 00651: val_loss did not improve from 0.09647
Epoch 652/8000
 - 8s - loss: 0.1034 - val_loss: 0.1217

Epoch 00652: val_loss did not improve from 0.09647
Epoch 653/8000
 - 8s - loss: 0.1053 - val_loss: 0.1007

Epoch 00653: val_loss did not improve from 0.09647
Epoch 654/8000
 - 8s - loss: 0.1007 - val_loss: 0.0950

Epoch 00654: val_loss improved from 0.09647 to 0.09497, saving model to model_weights/lstm_autoencoder_2020-01-15_14-09-07.h5
Epoch 655/8000
 - 8s - loss: 0.1025 - val_loss: 0.1169

Epoch 00655: val_loss did not improve from 0.09497
Epoch 656/8000
 - 8s - loss: 0.1038 - val_loss: 0.0989

Epoch 00656: val_loss did not improve from 0.09497
Epoch 657/8000
 - 8s - loss: 0.1032 - val_loss: 0.1007

Epoch 00657: val_loss did not improve from 0.09497
Epoch 658/8000
 - 8s - loss: 0.1012 - val_loss: 0.1055

Epoch 00658: val_loss did not improve from 0.09497
Epoch 659/8000
 - 8s - loss: 0.1056 - val_loss: 0.1017

Epoch 00659: val_loss did not improve from 0.09497
Epoch 660/8000
 - 8s - loss: 0.1045 - val_loss: 0.0998

Epoch 00660: val_loss did not improve from 0.09497
Epoch 661/8000
 - 8s - loss: 0.1028 - val_loss: 0.1022

Epoch 00661: val_loss did not improve from 0.09497
Epoch 662/8000
 - 8s - loss: 0.1047 - val_loss: 0.1047

Epoch 00662: val_loss did not improve from 0.09497
Epoch 663/8000
 - 8s - loss: 0.1039 - val_loss: 0.1035

Epoch 00663: val_loss did not improve from 0.09497
Epoch 664/8000
 - 8s - loss: 0.1020 - val_loss: 0.1012

Epoch 00664: val_loss did not improve from 0.09497
Epoch 665/8000
 - 8s - loss: 0.1020 - val_loss: 0.1120

Epoch 00665: val_loss did not improve from 0.09497
Epoch 666/8000
 - 8s - loss: 0.1028 - val_loss: 0.0972

Epoch 00666: val_loss did not improve from 0.09497
Epoch 667/8000
 - 8s - loss: 0.0999 - val_loss: 0.0999

Epoch 00667: val_loss did not improve from 0.09497
Epoch 668/8000
 - 8s - loss: 0.1046 - val_loss: 0.1009

Epoch 00668: val_loss did not improve from 0.09497
Epoch 669/8000
 - 8s - loss: 0.1053 - val_loss: 0.1046

Epoch 00669: val_loss did not improve from 0.09497
Epoch 670/8000
 - 8s - loss: 0.1016 - val_loss: 0.1142

Epoch 00670: val_loss did not improve from 0.09497
Epoch 671/8000
 - 8s - loss: 0.1071 - val_loss: 0.0977

Epoch 00671: val_loss did not improve from 0.09497
Epoch 672/8000
 - 8s - loss: 0.1023 - val_loss: 0.1185

Epoch 00672: val_loss did not improve from 0.09497
Epoch 673/8000
 - 8s - loss: 0.1037 - val_loss: 0.0985

Epoch 00673: val_loss did not improve from 0.09497
Epoch 674/8000
 - 8s - loss: 0.1031 - val_loss: 0.0954

Epoch 00674: val_loss did not improve from 0.09497
Epoch 675/8000
 - 8s - loss: 0.1035 - val_loss: 0.1186

Epoch 00675: val_loss did not improve from 0.09497
Epoch 676/8000
 - 8s - loss: 0.1024 - val_loss: 0.1031

Epoch 00676: val_loss did not improve from 0.09497
Epoch 677/8000
 - 8s - loss: 0.1038 - val_loss: 0.1120

Epoch 00677: val_loss did not improve from 0.09497
Epoch 678/8000
 - 8s - loss: 0.1042 - val_loss: 0.0975

Epoch 00678: val_loss did not improve from 0.09497
Epoch 679/8000
 - 8s - loss: 0.1011 - val_loss: 0.0974

Epoch 00679: val_loss did not improve from 0.09497
Epoch 680/8000
 - 8s - loss: 0.1040 - val_loss: 0.1257

Epoch 00680: val_loss did not improve from 0.09497
Epoch 681/8000
 - 8s - loss: 0.1074 - val_loss: 0.1246

Epoch 00681: val_loss did not improve from 0.09497
Epoch 682/8000
 - 8s - loss: 0.1059 - val_loss: 0.1373

Epoch 00682: val_loss did not improve from 0.09497
Epoch 683/8000
 - 8s - loss: 0.1057 - val_loss: 0.1205

Epoch 00683: val_loss did not improve from 0.09497
Epoch 684/8000
 - 8s - loss: 0.1053 - val_loss: 0.0966

Epoch 00684: val_loss did not improve from 0.09497
Epoch 685/8000
 - 8s - loss: 0.1008 - val_loss: 0.1041

Epoch 00685: val_loss did not improve from 0.09497
Epoch 686/8000
 - 8s - loss: 0.1032 - val_loss: 0.1303

Epoch 00686: val_loss did not improve from 0.09497
Epoch 687/8000
 - 8s - loss: 0.1008 - val_loss: 0.1015

Epoch 00687: val_loss did not improve from 0.09497
Epoch 688/8000
 - 8s - loss: 0.1005 - val_loss: 0.0990

Epoch 00688: val_loss did not improve from 0.09497
Epoch 689/8000
 - 8s - loss: 0.1039 - val_loss: 0.1122

Epoch 00689: val_loss did not improve from 0.09497
Epoch 690/8000
 - 8s - loss: 0.1052 - val_loss: 0.1147

Epoch 00690: val_loss did not improve from 0.09497
Epoch 691/8000
 - 8s - loss: 0.1042 - val_loss: 0.1125

Epoch 00691: val_loss did not improve from 0.09497
Epoch 692/8000
 - 8s - loss: 0.1058 - val_loss: 0.1019

Epoch 00692: val_loss did not improve from 0.09497
Epoch 693/8000
 - 8s - loss: 0.1029 - val_loss: 0.1165

Epoch 00693: val_loss did not improve from 0.09497
Epoch 694/8000
 - 8s - loss: 0.1040 - val_loss: 0.0960

Epoch 00694: val_loss did not improve from 0.09497
Epoch 695/8000
 - 8s - loss: 0.1137 - val_loss: 0.1100

Epoch 00695: val_loss did not improve from 0.09497
Epoch 696/8000
 - 8s - loss: 0.1088 - val_loss: 0.1029

Epoch 00696: val_loss did not improve from 0.09497
Epoch 697/8000
 - 8s - loss: 0.1010 - val_loss: 0.1030

Epoch 00697: val_loss did not improve from 0.09497
Epoch 698/8000
 - 8s - loss: 0.1051 - val_loss: 0.1151

Epoch 00698: val_loss did not improve from 0.09497
Epoch 699/8000
 - 8s - loss: 0.1036 - val_loss: 0.1064

Epoch 00699: val_loss did not improve from 0.09497
Epoch 700/8000
 - 8s - loss: 0.1003 - val_loss: 0.1018

Epoch 00700: val_loss did not improve from 0.09497
Epoch 701/8000
 - 8s - loss: 0.1017 - val_loss: 0.0948

Epoch 00701: val_loss improved from 0.09497 to 0.09480, saving model to model_weights/lstm_autoencoder_2020-01-15_14-09-07.h5
Epoch 702/8000
 - 8s - loss: 0.1053 - val_loss: 0.0988

Epoch 00702: val_loss did not improve from 0.09480
Epoch 703/8000
 - 8s - loss: 0.0990 - val_loss: 0.0918

Epoch 00703: val_loss improved from 0.09480 to 0.09177, saving model to model_weights/lstm_autoencoder_2020-01-15_14-09-07.h5
Epoch 704/8000
 - 8s - loss: 0.1026 - val_loss: 0.0964

Epoch 00704: val_loss did not improve from 0.09177
Epoch 705/8000
 - 8s - loss: 0.1058 - val_loss: 0.1048

Epoch 00705: val_loss did not improve from 0.09177
Epoch 706/8000
 - 8s - loss: 0.1029 - val_loss: 0.1126

Epoch 00706: val_loss did not improve from 0.09177
Epoch 707/8000
 - 8s - loss: 0.1038 - val_loss: 0.1035

Epoch 00707: val_loss did not improve from 0.09177
Epoch 708/8000
 - 8s - loss: 0.1016 - val_loss: 0.1011

Epoch 00708: val_loss did not improve from 0.09177
Epoch 709/8000
 - 8s - loss: 0.1056 - val_loss: 0.0998

Epoch 00709: val_loss did not improve from 0.09177
Epoch 710/8000
 - 8s - loss: 0.1033 - val_loss: 0.1245

Epoch 00710: val_loss did not improve from 0.09177
Epoch 711/8000
 - 8s - loss: 0.1049 - val_loss: 0.1054

Epoch 00711: val_loss did not improve from 0.09177
Epoch 712/8000
 - 8s - loss: 0.1013 - val_loss: 0.1071

Epoch 00712: val_loss did not improve from 0.09177
Epoch 713/8000
 - 8s - loss: 0.1035 - val_loss: 0.1229

Epoch 00713: val_loss did not improve from 0.09177
Epoch 714/8000
 - 8s - loss: 0.1025 - val_loss: 0.0998

Epoch 00714: val_loss did not improve from 0.09177
Epoch 715/8000
 - 8s - loss: 0.1028 - val_loss: 0.0974

Epoch 00715: val_loss did not improve from 0.09177
Epoch 716/8000
 - 8s - loss: 0.1005 - val_loss: 0.1143

Epoch 00716: val_loss did not improve from 0.09177
Epoch 717/8000
 - 8s - loss: 0.1017 - val_loss: 0.1115

Epoch 00717: val_loss did not improve from 0.09177
Epoch 718/8000
 - 8s - loss: 0.1042 - val_loss: 0.1079

Epoch 00718: val_loss did not improve from 0.09177
Epoch 719/8000
 - 8s - loss: 0.1044 - val_loss: 0.1049

Epoch 00719: val_loss did not improve from 0.09177
Epoch 720/8000
 - 8s - loss: 0.1038 - val_loss: 0.1055

Epoch 00720: val_loss did not improve from 0.09177
Epoch 721/8000
 - 8s - loss: 0.1006 - val_loss: 0.1167

Epoch 00721: val_loss did not improve from 0.09177
Epoch 722/8000
 - 8s - loss: 0.1047 - val_loss: 0.0971

Epoch 00722: val_loss did not improve from 0.09177
Epoch 723/8000
 - 8s - loss: 0.1036 - val_loss: 0.1190

Epoch 00723: val_loss did not improve from 0.09177
Epoch 724/8000
 - 8s - loss: 0.1044 - val_loss: 0.1042

Epoch 00724: val_loss did not improve from 0.09177
Epoch 725/8000
 - 8s - loss: 0.1017 - val_loss: 0.1004

Epoch 00725: val_loss did not improve from 0.09177
Epoch 726/8000
 - 8s - loss: 0.1031 - val_loss: 0.1125

Epoch 00726: val_loss did not improve from 0.09177
Epoch 727/8000
 - 8s - loss: 0.1041 - val_loss: 0.0944

Epoch 00727: val_loss did not improve from 0.09177
Epoch 728/8000
 - 8s - loss: 0.1082 - val_loss: 0.0995

Epoch 00728: val_loss did not improve from 0.09177
Epoch 729/8000
 - 8s - loss: 0.1029 - val_loss: 0.0986

Epoch 00729: val_loss did not improve from 0.09177
Epoch 730/8000
 - 8s - loss: 0.0993 - val_loss: 0.0986

Epoch 00730: val_loss did not improve from 0.09177
Epoch 731/8000
 - 8s - loss: 0.1105 - val_loss: 0.1368

Epoch 00731: val_loss did not improve from 0.09177
Epoch 732/8000
 - 8s - loss: 0.1107 - val_loss: 0.1223

Epoch 00732: val_loss did not improve from 0.09177
Epoch 733/8000
 - 8s - loss: 0.1079 - val_loss: 0.1017

Epoch 00733: val_loss did not improve from 0.09177
Epoch 734/8000
 - 8s - loss: 0.1038 - val_loss: 0.1049

Epoch 00734: val_loss did not improve from 0.09177
Epoch 735/8000
 - 8s - loss: 0.1008 - val_loss: 0.1108

Epoch 00735: val_loss did not improve from 0.09177
Epoch 736/8000
 - 8s - loss: 0.1041 - val_loss: 0.1097

Epoch 00736: val_loss did not improve from 0.09177
Epoch 737/8000
 - 8s - loss: 0.1068 - val_loss: 0.0968

Epoch 00737: val_loss did not improve from 0.09177
Epoch 738/8000
 - 8s - loss: 0.1020 - val_loss: 0.1027

Epoch 00738: val_loss did not improve from 0.09177
Epoch 739/8000
 - 8s - loss: 0.1013 - val_loss: 0.0980

Epoch 00739: val_loss did not improve from 0.09177
Epoch 740/8000
 - 8s - loss: 0.1000 - val_loss: 0.1103

Epoch 00740: val_loss did not improve from 0.09177
Epoch 741/8000
 - 8s - loss: 0.1008 - val_loss: 0.1077

Epoch 00741: val_loss did not improve from 0.09177
Epoch 742/8000
 - 8s - loss: 0.1024 - val_loss: 0.1050

Epoch 00742: val_loss did not improve from 0.09177
Epoch 743/8000
 - 8s - loss: 0.1001 - val_loss: 0.1064

Epoch 00743: val_loss did not improve from 0.09177
Epoch 744/8000
 - 8s - loss: 0.1004 - val_loss: 0.1066

Epoch 00744: val_loss did not improve from 0.09177
Epoch 745/8000
 - 8s - loss: 0.0997 - val_loss: 0.0940

Epoch 00745: val_loss did not improve from 0.09177
Epoch 746/8000
 - 8s - loss: 0.1006 - val_loss: 0.0937

Epoch 00746: val_loss did not improve from 0.09177
Epoch 747/8000
 - 8s - loss: 0.1019 - val_loss: 0.0996

Epoch 00747: val_loss did not improve from 0.09177
Epoch 748/8000
 - 8s - loss: 0.1000 - val_loss: 0.0987

Epoch 00748: val_loss did not improve from 0.09177
Epoch 749/8000
 - 8s - loss: 0.1015 - val_loss: 0.0966

Epoch 00749: val_loss did not improve from 0.09177
Epoch 750/8000
 - 8s - loss: 0.1027 - val_loss: 0.1132

Epoch 00750: val_loss did not improve from 0.09177
Epoch 751/8000
 - 8s - loss: 0.1020 - val_loss: 0.0978

Epoch 00751: val_loss did not improve from 0.09177
Epoch 752/8000
 - 8s - loss: 0.1007 - val_loss: 0.1064

Epoch 00752: val_loss did not improve from 0.09177
Epoch 753/8000
 - 8s - loss: 0.1014 - val_loss: 0.0989

Epoch 00753: val_loss did not improve from 0.09177
Epoch 754/8000
 - 8s - loss: 0.1045 - val_loss: 0.1000

Epoch 00754: val_loss did not improve from 0.09177
Epoch 755/8000
 - 8s - loss: 0.1039 - val_loss: 0.0962

Epoch 00755: val_loss did not improve from 0.09177
Epoch 756/8000
 - 8s - loss: 0.1024 - val_loss: 0.1109

Epoch 00756: val_loss did not improve from 0.09177
Epoch 757/8000
 - 8s - loss: 0.1006 - val_loss: 0.1109

Epoch 00757: val_loss did not improve from 0.09177
Epoch 758/8000
 - 8s - loss: 0.0998 - val_loss: 0.0983

Epoch 00758: val_loss did not improve from 0.09177
Epoch 759/8000
 - 8s - loss: 0.0996 - val_loss: 0.1043

Epoch 00759: val_loss did not improve from 0.09177
Epoch 760/8000
 - 8s - loss: 0.1011 - val_loss: 0.1075

Epoch 00760: val_loss did not improve from 0.09177
Epoch 761/8000
 - 8s - loss: 0.1070 - val_loss: 0.1333

Epoch 00761: val_loss did not improve from 0.09177
Epoch 762/8000
 - 8s - loss: 0.1054 - val_loss: 0.1017

Epoch 00762: val_loss did not improve from 0.09177
Epoch 763/8000
 - 8s - loss: 0.1015 - val_loss: 0.0984

Epoch 00763: val_loss did not improve from 0.09177
Epoch 764/8000
 - 8s - loss: 0.1012 - val_loss: 0.1028

Epoch 00764: val_loss did not improve from 0.09177
Epoch 765/8000
 - 8s - loss: 0.0992 - val_loss: 0.0931

Epoch 00765: val_loss did not improve from 0.09177
Epoch 766/8000
 - 8s - loss: 0.1016 - val_loss: 0.1153

Epoch 00766: val_loss did not improve from 0.09177
Epoch 767/8000
 - 8s - loss: 0.1056 - val_loss: 0.1161

Epoch 00767: val_loss did not improve from 0.09177
Epoch 768/8000
 - 8s - loss: 0.1022 - val_loss: 0.1002

Epoch 00768: val_loss did not improve from 0.09177
Epoch 769/8000
 - 8s - loss: 0.1028 - val_loss: 0.0994

Epoch 00769: val_loss did not improve from 0.09177
Epoch 770/8000
 - 8s - loss: 0.0989 - val_loss: 0.0935

Epoch 00770: val_loss did not improve from 0.09177
Epoch 771/8000
 - 8s - loss: 0.1027 - val_loss: 0.0975

Epoch 00771: val_loss did not improve from 0.09177
Epoch 772/8000
 - 8s - loss: 0.1000 - val_loss: 0.0992

Epoch 00772: val_loss did not improve from 0.09177
Epoch 773/8000
 - 8s - loss: 0.0992 - val_loss: 0.0991

Epoch 00773: val_loss did not improve from 0.09177
Epoch 774/8000
 - 8s - loss: 0.1009 - val_loss: 0.0939

Epoch 00774: val_loss did not improve from 0.09177
Epoch 775/8000
 - 8s - loss: 0.1019 - val_loss: 0.1119

Epoch 00775: val_loss did not improve from 0.09177
Epoch 776/8000
 - 8s - loss: 0.0997 - val_loss: 0.0932

Epoch 00776: val_loss did not improve from 0.09177
Epoch 777/8000
 - 8s - loss: 0.1008 - val_loss: 0.0978

Epoch 00777: val_loss did not improve from 0.09177
Epoch 778/8000
 - 8s - loss: 0.1133 - val_loss: 0.1348

Epoch 00778: val_loss did not improve from 0.09177
Epoch 779/8000
 - 8s - loss: 0.1149 - val_loss: 0.1062

Epoch 00779: val_loss did not improve from 0.09177
Epoch 780/8000
 - 8s - loss: 0.1066 - val_loss: 0.1129

Epoch 00780: val_loss did not improve from 0.09177
Epoch 781/8000
 - 8s - loss: 0.1022 - val_loss: 0.1188

Epoch 00781: val_loss did not improve from 0.09177
Epoch 782/8000
 - 8s - loss: 0.1017 - val_loss: 0.1036

Epoch 00782: val_loss did not improve from 0.09177
Epoch 783/8000
 - 8s - loss: 0.0995 - val_loss: 0.0973

Epoch 00783: val_loss did not improve from 0.09177
Epoch 784/8000
 - 8s - loss: 0.1017 - val_loss: 0.0951

Epoch 00784: val_loss did not improve from 0.09177
Epoch 785/8000
 - 8s - loss: 0.1018 - val_loss: 0.1096

Epoch 00785: val_loss did not improve from 0.09177
Epoch 786/8000
 - 8s - loss: 0.1004 - val_loss: 0.0973

Epoch 00786: val_loss did not improve from 0.09177
Epoch 787/8000
 - 8s - loss: 0.1055 - val_loss: 0.1019

Epoch 00787: val_loss did not improve from 0.09177
Epoch 788/8000
 - 8s - loss: 0.1043 - val_loss: 0.0987

Epoch 00788: val_loss did not improve from 0.09177
Epoch 789/8000
 - 8s - loss: 0.1019 - val_loss: 0.1179

Epoch 00789: val_loss did not improve from 0.09177
Epoch 790/8000
 - 8s - loss: 0.1057 - val_loss: 0.1145

Epoch 00790: val_loss did not improve from 0.09177
Epoch 791/8000
 - 8s - loss: 0.1053 - val_loss: 0.0986

Epoch 00791: val_loss did not improve from 0.09177
Epoch 792/8000
 - 8s - loss: 0.1015 - val_loss: 0.0946

Epoch 00792: val_loss did not improve from 0.09177
Epoch 793/8000
 - 8s - loss: 0.1012 - val_loss: 0.1010

Epoch 00793: val_loss did not improve from 0.09177
Epoch 794/8000
 - 8s - loss: 0.0987 - val_loss: 0.1100

Epoch 00794: val_loss did not improve from 0.09177
Epoch 795/8000
 - 8s - loss: 0.1013 - val_loss: 0.1127

Epoch 00795: val_loss did not improve from 0.09177
Epoch 796/8000
 - 8s - loss: 0.1033 - val_loss: 0.1247

Epoch 00796: val_loss did not improve from 0.09177
Epoch 797/8000
 - 8s - loss: 0.1030 - val_loss: 0.1017

Epoch 00797: val_loss did not improve from 0.09177
Epoch 798/8000
 - 8s - loss: 0.1022 - val_loss: 0.1054

Epoch 00798: val_loss did not improve from 0.09177
Epoch 799/8000
 - 8s - loss: 0.1033 - val_loss: 0.1104

Epoch 00799: val_loss did not improve from 0.09177
Epoch 800/8000
 - 8s - loss: 0.1017 - val_loss: 0.1112

Epoch 00800: val_loss did not improve from 0.09177
Epoch 801/8000
 - 8s - loss: 0.1017 - val_loss: 0.0993

Epoch 00801: val_loss did not improve from 0.09177
Epoch 802/8000
 - 8s - loss: 0.1014 - val_loss: 0.1001

Epoch 00802: val_loss did not improve from 0.09177
Epoch 803/8000
 - 8s - loss: 0.1066 - val_loss: 0.1026

Epoch 00803: val_loss did not improve from 0.09177
Epoch 00803: early stopping
