2020-01-17 10:50:37.159149: I tensorflow/core/platform/cpu_feature_guard.cc:141] Your CPU supports instructions that this TensorFlow binary was not compiled to use: SSE4.1 SSE4.2 AVX
2020-01-17 10:50:37.275449: I tensorflow/stream_executor/cuda/cuda_gpu_executor.cc:897] successful NUMA node read from SysFS had negative value (-1), but there must be at least one NUMA node, so returning NUMA node zero
2020-01-17 10:50:37.276006: I tensorflow/core/common_runtime/gpu/gpu_device.cc:1405] Found device 0 with properties: 
name: TITAN Xp major: 6 minor: 1 memoryClockRate(GHz): 1.582
pciBusID: 0000:01:00.0
totalMemory: 11.91GiB freeMemory: 11.73GiB
2020-01-17 10:50:37.276023: I tensorflow/core/common_runtime/gpu/gpu_device.cc:1484] Adding visible gpu devices: 0
2020-01-17 10:50:37.507090: I tensorflow/core/common_runtime/gpu/gpu_device.cc:965] Device interconnect StreamExecutor with strength 1 edge matrix:
2020-01-17 10:50:37.507134: I tensorflow/core/common_runtime/gpu/gpu_device.cc:971]      0 
2020-01-17 10:50:37.507143: I tensorflow/core/common_runtime/gpu/gpu_device.cc:984] 0:   N 
2020-01-17 10:50:37.507389: I tensorflow/core/common_runtime/gpu/gpu_device.cc:1097] Created TensorFlow device (/job:localhost/replica:0/task:0/device:GPU:0 with 11346 MB memory) -> physical GPU (device: 0, name: TITAN Xp, pci bus id: 0000:01:00.0, compute capability: 6.1)
2020-01-17 10:50:37.802550: I tensorflow/core/kernels/cuda_solvers.cc:159] Creating CudaSolver handles for stream 0x55a2b0b74b20
Train on 32962 samples, validate on 1735 samples
Epoch 1/8000
 - 13s - loss: 0.6750 - val_loss: 0.3718

Epoch 00001: val_loss improved from inf to 0.37180, saving model to model_weights/lstm_autoencoder_2020-01-17_10-50-36.h5
Epoch 2/8000
 - 11s - loss: 0.3399 - val_loss: 0.3154

Epoch 00002: val_loss improved from 0.37180 to 0.31538, saving model to model_weights/lstm_autoencoder_2020-01-17_10-50-36.h5
Epoch 3/8000
 - 11s - loss: 0.3149 - val_loss: 0.2988

Epoch 00003: val_loss improved from 0.31538 to 0.29879, saving model to model_weights/lstm_autoencoder_2020-01-17_10-50-36.h5
Epoch 4/8000
 - 11s - loss: 0.3132 - val_loss: 0.2975

Epoch 00004: val_loss improved from 0.29879 to 0.29745, saving model to model_weights/lstm_autoencoder_2020-01-17_10-50-36.h5
Epoch 5/8000
 - 11s - loss: 0.3099 - val_loss: 0.2943

Epoch 00005: val_loss improved from 0.29745 to 0.29435, saving model to model_weights/lstm_autoencoder_2020-01-17_10-50-36.h5
Epoch 6/8000
 - 11s - loss: 0.3083 - val_loss: 0.2986

Epoch 00006: val_loss did not improve from 0.29435
Epoch 7/8000
 - 11s - loss: 0.3065 - val_loss: 0.2944

Epoch 00007: val_loss did not improve from 0.29435
Epoch 8/8000
 - 11s - loss: 0.3050 - val_loss: 0.2937

Epoch 00008: val_loss improved from 0.29435 to 0.29373, saving model to model_weights/lstm_autoencoder_2020-01-17_10-50-36.h5
Epoch 9/8000
 - 11s - loss: 0.3068 - val_loss: 0.2944

Epoch 00009: val_loss did not improve from 0.29373
Epoch 10/8000
 - 11s - loss: 0.3066 - val_loss: 0.2951

Epoch 00010: val_loss did not improve from 0.29373
Epoch 11/8000
 - 11s - loss: 0.3064 - val_loss: 0.2962

Epoch 00011: val_loss did not improve from 0.29373
Epoch 12/8000
 - 11s - loss: 0.3050 - val_loss: 0.2913

Epoch 00012: val_loss improved from 0.29373 to 0.29129, saving model to model_weights/lstm_autoencoder_2020-01-17_10-50-36.h5
Epoch 13/8000
 - 11s - loss: 0.3036 - val_loss: 0.2907

Epoch 00013: val_loss improved from 0.29129 to 0.29065, saving model to model_weights/lstm_autoencoder_2020-01-17_10-50-36.h5
Epoch 14/8000
 - 11s - loss: 0.3014 - val_loss: 0.2877

Epoch 00014: val_loss improved from 0.29065 to 0.28768, saving model to model_weights/lstm_autoencoder_2020-01-17_10-50-36.h5
Epoch 15/8000
 - 11s - loss: 0.2994 - val_loss: 0.2808

Epoch 00015: val_loss improved from 0.28768 to 0.28080, saving model to model_weights/lstm_autoencoder_2020-01-17_10-50-36.h5
Epoch 16/8000
 - 11s - loss: 0.2941 - val_loss: 0.2773

Epoch 00016: val_loss improved from 0.28080 to 0.27727, saving model to model_weights/lstm_autoencoder_2020-01-17_10-50-36.h5
Epoch 17/8000
 - 11s - loss: 0.2836 - val_loss: 0.2740

Epoch 00017: val_loss improved from 0.27727 to 0.27400, saving model to model_weights/lstm_autoencoder_2020-01-17_10-50-36.h5
Epoch 18/8000
 - 11s - loss: 0.2803 - val_loss: 0.2631

Epoch 00018: val_loss improved from 0.27400 to 0.26311, saving model to model_weights/lstm_autoencoder_2020-01-17_10-50-36.h5
Epoch 19/8000
 - 11s - loss: 0.2720 - val_loss: 0.2527

Epoch 00019: val_loss improved from 0.26311 to 0.25266, saving model to model_weights/lstm_autoencoder_2020-01-17_10-50-36.h5
Epoch 20/8000
 - 11s - loss: 0.2648 - val_loss: 0.2510

Epoch 00020: val_loss improved from 0.25266 to 0.25096, saving model to model_weights/lstm_autoencoder_2020-01-17_10-50-36.h5
Epoch 21/8000
 - 11s - loss: 0.2726 - val_loss: 0.2498

Epoch 00021: val_loss improved from 0.25096 to 0.24979, saving model to model_weights/lstm_autoencoder_2020-01-17_10-50-36.h5
Epoch 22/8000
 - 11s - loss: 0.2646 - val_loss: 0.2607

Epoch 00022: val_loss did not improve from 0.24979
Epoch 23/8000
 - 11s - loss: 0.2539 - val_loss: 0.2568

Epoch 00023: val_loss did not improve from 0.24979
Epoch 24/8000
 - 11s - loss: 0.2550 - val_loss: 0.2421

Epoch 00024: val_loss improved from 0.24979 to 0.24209, saving model to model_weights/lstm_autoencoder_2020-01-17_10-50-36.h5
Epoch 25/8000
 - 11s - loss: 0.2497 - val_loss: 0.2347

Epoch 00025: val_loss improved from 0.24209 to 0.23469, saving model to model_weights/lstm_autoencoder_2020-01-17_10-50-36.h5
Epoch 26/8000
 - 11s - loss: 0.2419 - val_loss: 0.2363

Epoch 00026: val_loss did not improve from 0.23469
Epoch 27/8000
 - 11s - loss: 0.2455 - val_loss: 0.2367

Epoch 00027: val_loss did not improve from 0.23469
Epoch 28/8000
 - 11s - loss: 0.2628 - val_loss: 0.2446

Epoch 00028: val_loss did not improve from 0.23469
Epoch 29/8000
 - 11s - loss: 0.2428 - val_loss: 0.2271

Epoch 00029: val_loss improved from 0.23469 to 0.22709, saving model to model_weights/lstm_autoencoder_2020-01-17_10-50-36.h5
Epoch 30/8000
 - 11s - loss: 0.2380 - val_loss: 0.2321

Epoch 00030: val_loss did not improve from 0.22709
Epoch 31/8000
 - 11s - loss: 0.2469 - val_loss: 0.2636

Epoch 00031: val_loss did not improve from 0.22709
Epoch 32/8000
 - 11s - loss: 0.2446 - val_loss: 0.2428

Epoch 00032: val_loss did not improve from 0.22709
Epoch 33/8000
 - 11s - loss: 0.2405 - val_loss: 0.2232

Epoch 00033: val_loss improved from 0.22709 to 0.22321, saving model to model_weights/lstm_autoencoder_2020-01-17_10-50-36.h5
Epoch 34/8000
 - 11s - loss: 0.2371 - val_loss: 0.2472

Epoch 00034: val_loss did not improve from 0.22321
Epoch 35/8000
 - 11s - loss: 0.2326 - val_loss: 0.2241

Epoch 00035: val_loss did not improve from 0.22321
Epoch 36/8000
 - 11s - loss: 0.2314 - val_loss: 0.2246

Epoch 00036: val_loss did not improve from 0.22321
Epoch 37/8000
 - 11s - loss: 0.2304 - val_loss: 0.2271

Epoch 00037: val_loss did not improve from 0.22321
Epoch 38/8000
 - 11s - loss: 0.2330 - val_loss: 0.2522

Epoch 00038: val_loss did not improve from 0.22321
Epoch 39/8000
 - 11s - loss: 0.2288 - val_loss: 0.2183

Epoch 00039: val_loss improved from 0.22321 to 0.21828, saving model to model_weights/lstm_autoencoder_2020-01-17_10-50-36.h5
Epoch 40/8000
 - 11s - loss: 0.2245 - val_loss: 0.2252

Epoch 00040: val_loss did not improve from 0.21828
Epoch 41/8000
 - 11s - loss: 0.2247 - val_loss: 0.2159

Epoch 00041: val_loss improved from 0.21828 to 0.21592, saving model to model_weights/lstm_autoencoder_2020-01-17_10-50-36.h5
Epoch 42/8000
 - 11s - loss: 0.2264 - val_loss: 0.2250

Epoch 00042: val_loss did not improve from 0.21592
Epoch 43/8000
 - 11s - loss: 0.2320 - val_loss: 0.2348

Epoch 00043: val_loss did not improve from 0.21592
Epoch 44/8000
 - 11s - loss: 0.2257 - val_loss: 0.2181

Epoch 00044: val_loss did not improve from 0.21592
Epoch 45/8000
 - 11s - loss: 0.2266 - val_loss: 0.2161

Epoch 00045: val_loss did not improve from 0.21592
Epoch 46/8000
 - 11s - loss: 0.2227 - val_loss: 0.2239

Epoch 00046: val_loss did not improve from 0.21592
Epoch 47/8000
 - 11s - loss: 0.2249 - val_loss: 0.2245

Epoch 00047: val_loss did not improve from 0.21592
Epoch 48/8000
 - 11s - loss: 0.2264 - val_loss: 0.2096

Epoch 00048: val_loss improved from 0.21592 to 0.20958, saving model to model_weights/lstm_autoencoder_2020-01-17_10-50-36.h5
Epoch 49/8000
 - 11s - loss: 0.2301 - val_loss: 0.2417

Epoch 00049: val_loss did not improve from 0.20958
Epoch 50/8000
 - 11s - loss: 0.2254 - val_loss: 0.2204

Epoch 00050: val_loss did not improve from 0.20958
Epoch 51/8000
 - 11s - loss: 0.2124 - val_loss: 0.2046

Epoch 00051: val_loss improved from 0.20958 to 0.20464, saving model to model_weights/lstm_autoencoder_2020-01-17_10-50-36.h5
Epoch 52/8000
 - 11s - loss: 0.2156 - val_loss: 0.2063

Epoch 00052: val_loss did not improve from 0.20464
Epoch 53/8000
 - 11s - loss: 0.2166 - val_loss: 0.2229

Epoch 00053: val_loss did not improve from 0.20464
Epoch 54/8000
 - 11s - loss: 0.2271 - val_loss: 0.2192

Epoch 00054: val_loss did not improve from 0.20464
Epoch 55/8000
 - 11s - loss: 0.2099 - val_loss: 0.2165

Epoch 00055: val_loss did not improve from 0.20464
Epoch 56/8000
 - 11s - loss: 0.2279 - val_loss: 0.2104

Epoch 00056: val_loss did not improve from 0.20464
Epoch 57/8000
 - 11s - loss: 0.2111 - val_loss: 0.2023

Epoch 00057: val_loss improved from 0.20464 to 0.20232, saving model to model_weights/lstm_autoencoder_2020-01-17_10-50-36.h5
Epoch 58/8000
 - 11s - loss: 0.2317 - val_loss: 0.2073

Epoch 00058: val_loss did not improve from 0.20232
Epoch 59/8000
 - 11s - loss: 0.2111 - val_loss: 0.2173

Epoch 00059: val_loss did not improve from 0.20232
Epoch 60/8000
 - 11s - loss: 0.2108 - val_loss: 0.2057

Epoch 00060: val_loss did not improve from 0.20232
Epoch 61/8000
 - 11s - loss: 0.2223 - val_loss: 0.2253

Epoch 00061: val_loss did not improve from 0.20232
Epoch 62/8000
 - 11s - loss: 0.2165 - val_loss: 0.1964

Epoch 00062: val_loss improved from 0.20232 to 0.19635, saving model to model_weights/lstm_autoencoder_2020-01-17_10-50-36.h5
Epoch 63/8000
 - 11s - loss: 0.2129 - val_loss: 0.2065

Epoch 00063: val_loss did not improve from 0.19635
Epoch 64/8000
 - 11s - loss: 0.2070 - val_loss: 0.1995

Epoch 00064: val_loss did not improve from 0.19635
Epoch 65/8000
 - 11s - loss: 0.2067 - val_loss: 0.2344

Epoch 00065: val_loss did not improve from 0.19635
Epoch 66/8000
 - 11s - loss: 0.2069 - val_loss: 0.1967

Epoch 00066: val_loss did not improve from 0.19635
Epoch 67/8000
 - 11s - loss: 0.2227 - val_loss: 0.2121

Epoch 00067: val_loss did not improve from 0.19635
Epoch 68/8000
 - 11s - loss: 0.2042 - val_loss: 0.1931

Epoch 00068: val_loss improved from 0.19635 to 0.19312, saving model to model_weights/lstm_autoencoder_2020-01-17_10-50-36.h5
Epoch 69/8000
 - 11s - loss: 0.2007 - val_loss: 0.1931

Epoch 00069: val_loss did not improve from 0.19312
Epoch 70/8000
 - 11s - loss: 0.1986 - val_loss: 0.1971

Epoch 00070: val_loss did not improve from 0.19312
Epoch 71/8000
 - 11s - loss: 0.2049 - val_loss: 0.2217

Epoch 00071: val_loss did not improve from 0.19312
Epoch 72/8000
 - 11s - loss: 0.2073 - val_loss: 0.1941

Epoch 00072: val_loss did not improve from 0.19312
Epoch 73/8000
 - 11s - loss: 0.2020 - val_loss: 0.2391

Epoch 00073: val_loss did not improve from 0.19312
Epoch 74/8000
 - 11s - loss: 0.2084 - val_loss: 0.1996

Epoch 00074: val_loss did not improve from 0.19312
Epoch 75/8000
 - 11s - loss: 0.2082 - val_loss: 0.2142

Epoch 00075: val_loss did not improve from 0.19312
Epoch 76/8000
 - 11s - loss: 0.2058 - val_loss: 0.2364

Epoch 00076: val_loss did not improve from 0.19312
Epoch 77/8000
 - 11s - loss: 0.2188 - val_loss: 0.2298

Epoch 00077: val_loss did not improve from 0.19312
Epoch 78/8000
 - 11s - loss: 0.2243 - val_loss: 0.2454

Epoch 00078: val_loss did not improve from 0.19312
Epoch 79/8000
 - 11s - loss: 0.2276 - val_loss: 0.2166

Epoch 00079: val_loss did not improve from 0.19312
Epoch 80/8000
 - 11s - loss: 0.2206 - val_loss: 0.2127

Epoch 00080: val_loss did not improve from 0.19312
Epoch 81/8000
 - 11s - loss: 0.2151 - val_loss: 0.2115

Epoch 00081: val_loss did not improve from 0.19312
Epoch 82/8000
 - 11s - loss: 0.2133 - val_loss: 0.2092

Epoch 00082: val_loss did not improve from 0.19312
Epoch 83/8000
 - 11s - loss: 0.2220 - val_loss: 0.2113

Epoch 00083: val_loss did not improve from 0.19312
Epoch 84/8000
 - 11s - loss: 0.2267 - val_loss: 0.2056

Epoch 00084: val_loss did not improve from 0.19312
Epoch 85/8000
 - 11s - loss: 0.2119 - val_loss: 0.2152

Epoch 00085: val_loss did not improve from 0.19312
Epoch 86/8000
 - 11s - loss: 0.2289 - val_loss: 0.2077

Epoch 00086: val_loss did not improve from 0.19312
Epoch 87/8000
 - 11s - loss: 0.2144 - val_loss: 0.2206

Epoch 00087: val_loss did not improve from 0.19312
Epoch 88/8000
 - 11s - loss: 0.2220 - val_loss: 0.2241

Epoch 00088: val_loss did not improve from 0.19312
Epoch 89/8000
 - 11s - loss: 0.2191 - val_loss: 0.2305

Epoch 00089: val_loss did not improve from 0.19312
Epoch 90/8000
 - 11s - loss: 0.2270 - val_loss: 0.2065

Epoch 00090: val_loss did not improve from 0.19312
Epoch 91/8000
 - 11s - loss: 0.2268 - val_loss: 0.2192

Epoch 00091: val_loss did not improve from 0.19312
Epoch 92/8000
 - 11s - loss: 0.2283 - val_loss: 0.2092

Epoch 00092: val_loss did not improve from 0.19312
Epoch 93/8000
 - 11s - loss: 0.2230 - val_loss: 0.2140

Epoch 00093: val_loss did not improve from 0.19312
Epoch 94/8000
 - 11s - loss: 0.2345 - val_loss: 0.2409

Epoch 00094: val_loss did not improve from 0.19312
Epoch 95/8000
 - 11s - loss: 0.2398 - val_loss: 0.2483

Epoch 00095: val_loss did not improve from 0.19312
Epoch 96/8000
 - 11s - loss: 0.2287 - val_loss: 0.2180

Epoch 00096: val_loss did not improve from 0.19312
Epoch 97/8000
 - 11s - loss: 0.2257 - val_loss: 0.2417

Epoch 00097: val_loss did not improve from 0.19312
Epoch 98/8000
 - 11s - loss: 0.2381 - val_loss: 0.2345

Epoch 00098: val_loss did not improve from 0.19312
Epoch 99/8000
 - 11s - loss: 0.2256 - val_loss: 0.2257

Epoch 00099: val_loss did not improve from 0.19312
Epoch 100/8000
 - 11s - loss: 0.2249 - val_loss: 0.2027

Epoch 00100: val_loss did not improve from 0.19312
Epoch 101/8000
 - 11s - loss: 0.2151 - val_loss: 0.2417

Epoch 00101: val_loss did not improve from 0.19312
Epoch 102/8000
 - 11s - loss: 0.2295 - val_loss: 0.2002

Epoch 00102: val_loss did not improve from 0.19312
Epoch 103/8000
 - 11s - loss: 0.2184 - val_loss: 0.2140

Epoch 00103: val_loss did not improve from 0.19312
Epoch 104/8000
 - 11s - loss: 0.2245 - val_loss: 0.2119

Epoch 00104: val_loss did not improve from 0.19312
Epoch 105/8000
 - 11s - loss: 0.2287 - val_loss: 0.2120

Epoch 00105: val_loss did not improve from 0.19312
Epoch 106/8000
 - 11s - loss: 0.2261 - val_loss: 0.2076

Epoch 00106: val_loss did not improve from 0.19312
Epoch 107/8000
 - 11s - loss: 0.2201 - val_loss: 0.2033

Epoch 00107: val_loss did not improve from 0.19312
Epoch 108/8000
 - 11s - loss: 0.2234 - val_loss: 0.2134

Epoch 00108: val_loss did not improve from 0.19312
Epoch 109/8000
 - 11s - loss: 0.2280 - val_loss: 0.2403

Epoch 00109: val_loss did not improve from 0.19312
Epoch 110/8000
 - 11s - loss: 0.2464 - val_loss: 0.2158

Epoch 00110: val_loss did not improve from 0.19312
Epoch 111/8000
 - 11s - loss: 0.2218 - val_loss: 0.2184

Epoch 00111: val_loss did not improve from 0.19312
Epoch 112/8000
 - 11s - loss: 0.2380 - val_loss: 0.2154

Epoch 00112: val_loss did not improve from 0.19312
Epoch 113/8000
 - 11s - loss: 0.2273 - val_loss: 0.2176

Epoch 00113: val_loss did not improve from 0.19312
Epoch 114/8000
 - 11s - loss: 0.2242 - val_loss: 0.2066

Epoch 00114: val_loss did not improve from 0.19312
Epoch 115/8000
 - 11s - loss: 0.2291 - val_loss: 0.2161

Epoch 00115: val_loss did not improve from 0.19312
Epoch 116/8000
 - 11s - loss: 0.2335 - val_loss: 0.2442

Epoch 00116: val_loss did not improve from 0.19312
Epoch 117/8000
 - 11s - loss: 0.2298 - val_loss: 0.2340

Epoch 00117: val_loss did not improve from 0.19312
Epoch 118/8000
 - 11s - loss: 0.2319 - val_loss: 0.2140

Epoch 00118: val_loss did not improve from 0.19312
Epoch 119/8000
 - 11s - loss: 0.2461 - val_loss: 0.2450

Epoch 00119: val_loss did not improve from 0.19312
Epoch 120/8000
 - 11s - loss: 0.2318 - val_loss: 0.2557

Epoch 00120: val_loss did not improve from 0.19312
Epoch 121/8000
 - 11s - loss: 0.2413 - val_loss: 0.2151

Epoch 00121: val_loss did not improve from 0.19312
Epoch 122/8000
 - 11s - loss: 0.2400 - val_loss: 0.2446

Epoch 00122: val_loss did not improve from 0.19312
Epoch 123/8000
 - 11s - loss: 0.2422 - val_loss: 0.2225

Epoch 00123: val_loss did not improve from 0.19312
Epoch 124/8000
 - 11s - loss: 0.2346 - val_loss: 0.2587

Epoch 00124: val_loss did not improve from 0.19312
Epoch 125/8000
 - 11s - loss: 0.2442 - val_loss: 0.2500

Epoch 00125: val_loss did not improve from 0.19312
Epoch 126/8000
 - 11s - loss: 0.2334 - val_loss: 0.2339

Epoch 00126: val_loss did not improve from 0.19312
Epoch 127/8000
 - 11s - loss: 0.2462 - val_loss: 0.2351

Epoch 00127: val_loss did not improve from 0.19312
Epoch 128/8000
 - 11s - loss: 0.2369 - val_loss: 0.2564

Epoch 00128: val_loss did not improve from 0.19312
Epoch 129/8000
 - 11s - loss: 0.2371 - val_loss: 0.2385

Epoch 00129: val_loss did not improve from 0.19312
Epoch 130/8000
 - 11s - loss: 0.2475 - val_loss: 0.2521

Epoch 00130: val_loss did not improve from 0.19312
Epoch 131/8000
 - 11s - loss: 0.2348 - val_loss: 0.2178

Epoch 00131: val_loss did not improve from 0.19312
Epoch 132/8000
 - 11s - loss: 0.2290 - val_loss: 0.2211

Epoch 00132: val_loss did not improve from 0.19312
Epoch 133/8000
 - 11s - loss: 0.2386 - val_loss: 0.2640

Epoch 00133: val_loss did not improve from 0.19312
Epoch 134/8000
 - 11s - loss: 0.2480 - val_loss: 0.2821

Epoch 00134: val_loss did not improve from 0.19312
Epoch 135/8000
 - 11s - loss: 0.2421 - val_loss: 0.2414

Epoch 00135: val_loss did not improve from 0.19312
Epoch 136/8000
 - 11s - loss: 0.2635 - val_loss: 0.2578

Epoch 00136: val_loss did not improve from 0.19312
Epoch 137/8000
 - 11s - loss: 0.2525 - val_loss: 0.2356

Epoch 00137: val_loss did not improve from 0.19312
Epoch 138/8000
 - 11s - loss: 0.2452 - val_loss: 0.2251

Epoch 00138: val_loss did not improve from 0.19312
Epoch 139/8000
 - 11s - loss: 0.2482 - val_loss: 0.2637

Epoch 00139: val_loss did not improve from 0.19312
Epoch 140/8000
 - 11s - loss: 0.2464 - val_loss: 0.2317

Epoch 00140: val_loss did not improve from 0.19312
Epoch 141/8000
 - 11s - loss: 0.2385 - val_loss: 0.2286

Epoch 00141: val_loss did not improve from 0.19312
Epoch 142/8000
 - 11s - loss: 0.2411 - val_loss: 0.2264

Epoch 00142: val_loss did not improve from 0.19312
Epoch 143/8000
 - 11s - loss: 0.2412 - val_loss: 0.2427

Epoch 00143: val_loss did not improve from 0.19312
Epoch 144/8000
 - 11s - loss: 0.2475 - val_loss: 0.2381

Epoch 00144: val_loss did not improve from 0.19312
Epoch 145/8000
 - 11s - loss: 0.2582 - val_loss: 0.2502

Epoch 00145: val_loss did not improve from 0.19312
Epoch 146/8000
 - 11s - loss: nan - val_loss: nan

Epoch 00146: val_loss did not improve from 0.19312
Epoch 147/8000
 - 11s - loss: nan - val_loss: nan

Epoch 00147: val_loss did not improve from 0.19312
Epoch 148/8000
 - 11s - loss: nan - val_loss: nan

Epoch 00148: val_loss did not improve from 0.19312
Epoch 149/8000
 - 11s - loss: nan - val_loss: nan

Epoch 00149: val_loss did not improve from 0.19312
Epoch 150/8000
 - 11s - loss: nan - val_loss: nan

Epoch 00150: val_loss did not improve from 0.19312
Epoch 151/8000
 - 11s - loss: nan - val_loss: nan

Epoch 00151: val_loss did not improve from 0.19312
Epoch 152/8000
 - 11s - loss: nan - val_loss: nan

Epoch 00152: val_loss did not improve from 0.19312
Epoch 153/8000
 - 11s - loss: nan - val_loss: nan

Epoch 00153: val_loss did not improve from 0.19312
Epoch 154/8000
 - 11s - loss: nan - val_loss: nan

Epoch 00154: val_loss did not improve from 0.19312
Epoch 155/8000
 - 11s - loss: nan - val_loss: nan

Epoch 00155: val_loss did not improve from 0.19312
Epoch 156/8000
 - 11s - loss: nan - val_loss: nan

Epoch 00156: val_loss did not improve from 0.19312
Epoch 157/8000
 - 11s - loss: nan - val_loss: nan

Epoch 00157: val_loss did not improve from 0.19312
Epoch 158/8000
 - 11s - loss: nan - val_loss: nan

Epoch 00158: val_loss did not improve from 0.19312
Epoch 159/8000
 - 11s - loss: nan - val_loss: nan

Epoch 00159: val_loss did not improve from 0.19312
Epoch 160/8000
 - 11s - loss: nan - val_loss: nan

Epoch 00160: val_loss did not improve from 0.19312
Epoch 161/8000
 - 11s - loss: nan - val_loss: nan

Epoch 00161: val_loss did not improve from 0.19312
Epoch 162/8000
 - 11s - loss: nan - val_loss: nan

Epoch 00162: val_loss did not improve from 0.19312
Epoch 163/8000
 - 11s - loss: nan - val_loss: nan

Epoch 00163: val_loss did not improve from 0.19312
Epoch 164/8000
 - 11s - loss: nan - val_loss: nan

Epoch 00164: val_loss did not improve from 0.19312
Epoch 165/8000
 - 11s - loss: nan - val_loss: nan

Epoch 00165: val_loss did not improve from 0.19312
Epoch 166/8000
 - 11s - loss: nan - val_loss: nan

Epoch 00166: val_loss did not improve from 0.19312
Epoch 167/8000
 - 11s - loss: nan - val_loss: nan

Epoch 00167: val_loss did not improve from 0.19312
Epoch 168/8000
 - 11s - loss: nan - val_loss: nan

Epoch 00168: val_loss did not improve from 0.19312
Epoch 00168: early stopping
