2020-01-23 12:39:47.332198: I tensorflow/core/platform/cpu_feature_guard.cc:141] Your CPU supports instructions that this TensorFlow binary was not compiled to use: SSE4.1 SSE4.2 AVX
2020-01-23 12:39:47.458283: I tensorflow/stream_executor/cuda/cuda_gpu_executor.cc:897] successful NUMA node read from SysFS had negative value (-1), but there must be at least one NUMA node, so returning NUMA node zero
2020-01-23 12:39:47.458841: I tensorflow/core/common_runtime/gpu/gpu_device.cc:1405] Found device 0 with properties: 
name: TITAN Xp major: 6 minor: 1 memoryClockRate(GHz): 1.582
pciBusID: 0000:01:00.0
totalMemory: 11.91GiB freeMemory: 11.73GiB
2020-01-23 12:39:47.458859: I tensorflow/core/common_runtime/gpu/gpu_device.cc:1484] Adding visible gpu devices: 0
2020-01-23 12:39:47.696006: I tensorflow/core/common_runtime/gpu/gpu_device.cc:965] Device interconnect StreamExecutor with strength 1 edge matrix:
2020-01-23 12:39:47.696048: I tensorflow/core/common_runtime/gpu/gpu_device.cc:971]      0 
2020-01-23 12:39:47.696057: I tensorflow/core/common_runtime/gpu/gpu_device.cc:984] 0:   N 
2020-01-23 12:39:47.696332: I tensorflow/core/common_runtime/gpu/gpu_device.cc:1097] Created TensorFlow device (/job:localhost/replica:0/task:0/device:GPU:0 with 11348 MB memory) -> physical GPU (device: 0, name: TITAN Xp, pci bus id: 0000:01:00.0, compute capability: 6.1)
2020-01-23 12:39:48.006611: I tensorflow/core/kernels/cuda_solvers.cc:159] Creating CudaSolver handles for stream 0x5648763a1270
Train on 46179 samples, validate on 2431 samples
Epoch 1/8000
 - 19s - loss: 0.5179 - val_loss: 0.4749

Epoch 00001: val_loss improved from inf to 0.47491, saving model to model_weights/lstm_autoencoder_2020-01-23_12-39-46.h5
Epoch 2/8000
 - 16s - loss: 0.3561 - val_loss: 0.3442

Epoch 00002: val_loss improved from 0.47491 to 0.34417, saving model to model_weights/lstm_autoencoder_2020-01-23_12-39-46.h5
Epoch 3/8000
 - 16s - loss: 0.3113 - val_loss: 0.3266

Epoch 00003: val_loss improved from 0.34417 to 0.32660, saving model to model_weights/lstm_autoencoder_2020-01-23_12-39-46.h5
Epoch 4/8000
 - 16s - loss: 0.3092 - val_loss: 0.3262

Epoch 00004: val_loss improved from 0.32660 to 0.32619, saving model to model_weights/lstm_autoencoder_2020-01-23_12-39-46.h5
Epoch 5/8000
 - 16s - loss: 0.3089 - val_loss: 0.3254

Epoch 00005: val_loss improved from 0.32619 to 0.32537, saving model to model_weights/lstm_autoencoder_2020-01-23_12-39-46.h5
Epoch 6/8000
 - 17s - loss: 0.3036 - val_loss: 0.3110

Epoch 00006: val_loss improved from 0.32537 to 0.31096, saving model to model_weights/lstm_autoencoder_2020-01-23_12-39-46.h5
Epoch 7/8000
 - 16s - loss: 0.2905 - val_loss: 0.2957

Epoch 00007: val_loss improved from 0.31096 to 0.29565, saving model to model_weights/lstm_autoencoder_2020-01-23_12-39-46.h5
Epoch 8/8000
 - 17s - loss: 0.2766 - val_loss: 0.2857

Epoch 00008: val_loss improved from 0.29565 to 0.28573, saving model to model_weights/lstm_autoencoder_2020-01-23_12-39-46.h5
Epoch 9/8000
 - 17s - loss: 0.2695 - val_loss: 0.2826

Epoch 00009: val_loss improved from 0.28573 to 0.28257, saving model to model_weights/lstm_autoencoder_2020-01-23_12-39-46.h5
Epoch 10/8000
 - 17s - loss: 0.2630 - val_loss: 0.2711

Epoch 00010: val_loss improved from 0.28257 to 0.27112, saving model to model_weights/lstm_autoencoder_2020-01-23_12-39-46.h5
Epoch 11/8000
 - 17s - loss: 0.2618 - val_loss: 0.2735

Epoch 00011: val_loss did not improve from 0.27112
Epoch 12/8000
 - 17s - loss: 0.2524 - val_loss: 0.2604

Epoch 00012: val_loss improved from 0.27112 to 0.26036, saving model to model_weights/lstm_autoencoder_2020-01-23_12-39-46.h5
Epoch 13/8000
 - 17s - loss: 0.2484 - val_loss: 0.2547

Epoch 00013: val_loss improved from 0.26036 to 0.25466, saving model to model_weights/lstm_autoencoder_2020-01-23_12-39-46.h5
Epoch 14/8000
 - 17s - loss: 0.2459 - val_loss: 0.2524

Epoch 00014: val_loss improved from 0.25466 to 0.25240, saving model to model_weights/lstm_autoencoder_2020-01-23_12-39-46.h5
Epoch 15/8000
 - 17s - loss: 0.2439 - val_loss: 0.2498

Epoch 00015: val_loss improved from 0.25240 to 0.24983, saving model to model_weights/lstm_autoencoder_2020-01-23_12-39-46.h5
Epoch 16/8000
 - 17s - loss: 0.2443 - val_loss: 0.2712

Epoch 00016: val_loss did not improve from 0.24983
Epoch 17/8000
 - 17s - loss: 0.2421 - val_loss: 0.2435

Epoch 00017: val_loss improved from 0.24983 to 0.24348, saving model to model_weights/lstm_autoencoder_2020-01-23_12-39-46.h5
Epoch 18/8000
 - 17s - loss: 0.2393 - val_loss: 0.2570

Epoch 00018: val_loss did not improve from 0.24348
Epoch 19/8000
 - 17s - loss: 0.2384 - val_loss: 0.2399

Epoch 00019: val_loss improved from 0.24348 to 0.23993, saving model to model_weights/lstm_autoencoder_2020-01-23_12-39-46.h5
Epoch 20/8000
 - 17s - loss: 0.2348 - val_loss: 0.2369

Epoch 00020: val_loss improved from 0.23993 to 0.23687, saving model to model_weights/lstm_autoencoder_2020-01-23_12-39-46.h5
Epoch 21/8000
 - 17s - loss: 0.2314 - val_loss: 0.2360

Epoch 00021: val_loss improved from 0.23687 to 0.23605, saving model to model_weights/lstm_autoencoder_2020-01-23_12-39-46.h5
Epoch 22/8000
 - 17s - loss: 0.2309 - val_loss: 0.2342

Epoch 00022: val_loss improved from 0.23605 to 0.23417, saving model to model_weights/lstm_autoencoder_2020-01-23_12-39-46.h5
Epoch 23/8000
 - 17s - loss: 0.2290 - val_loss: 0.2302

Epoch 00023: val_loss improved from 0.23417 to 0.23024, saving model to model_weights/lstm_autoencoder_2020-01-23_12-39-46.h5
Epoch 24/8000
 - 17s - loss: 0.2270 - val_loss: 0.2319

Epoch 00024: val_loss did not improve from 0.23024
Epoch 25/8000
 - 17s - loss: 0.2261 - val_loss: 0.2368

Epoch 00025: val_loss did not improve from 0.23024
Epoch 26/8000
 - 17s - loss: 0.2285 - val_loss: 0.2301

Epoch 00026: val_loss improved from 0.23024 to 0.23015, saving model to model_weights/lstm_autoencoder_2020-01-23_12-39-46.h5
Epoch 27/8000
 - 17s - loss: 0.2249 - val_loss: 0.2291

Epoch 00027: val_loss improved from 0.23015 to 0.22913, saving model to model_weights/lstm_autoencoder_2020-01-23_12-39-46.h5
Epoch 28/8000
 - 17s - loss: 0.2258 - val_loss: 0.2299

Epoch 00028: val_loss did not improve from 0.22913
Epoch 29/8000
 - 17s - loss: 0.2237 - val_loss: 0.2316

Epoch 00029: val_loss did not improve from 0.22913
Epoch 30/8000
 - 17s - loss: 0.2232 - val_loss: 0.2256

Epoch 00030: val_loss improved from 0.22913 to 0.22559, saving model to model_weights/lstm_autoencoder_2020-01-23_12-39-46.h5
Epoch 31/8000
 - 17s - loss: 0.2207 - val_loss: 0.2298

Epoch 00031: val_loss did not improve from 0.22559
Epoch 32/8000
 - 17s - loss: 0.2201 - val_loss: 0.2212

Epoch 00032: val_loss improved from 0.22559 to 0.22125, saving model to model_weights/lstm_autoencoder_2020-01-23_12-39-46.h5
Epoch 33/8000
 - 17s - loss: 0.2221 - val_loss: 0.2231

Epoch 00033: val_loss did not improve from 0.22125
Epoch 34/8000
 - 17s - loss: 0.2166 - val_loss: 0.2239

Epoch 00034: val_loss did not improve from 0.22125
Epoch 35/8000
 - 17s - loss: 0.2161 - val_loss: 0.2197

Epoch 00035: val_loss improved from 0.22125 to 0.21966, saving model to model_weights/lstm_autoencoder_2020-01-23_12-39-46.h5
Epoch 36/8000
 - 17s - loss: 0.2147 - val_loss: 0.2209

Epoch 00036: val_loss did not improve from 0.21966
Epoch 37/8000
 - 17s - loss: 0.2135 - val_loss: 0.2279

Epoch 00037: val_loss did not improve from 0.21966
Epoch 38/8000
 - 17s - loss: 0.2152 - val_loss: 0.2180

Epoch 00038: val_loss improved from 0.21966 to 0.21800, saving model to model_weights/lstm_autoencoder_2020-01-23_12-39-46.h5
Epoch 39/8000
 - 17s - loss: 0.2144 - val_loss: 0.2196

Epoch 00039: val_loss did not improve from 0.21800
Epoch 40/8000
 - 17s - loss: 0.2129 - val_loss: 0.2197

Epoch 00040: val_loss did not improve from 0.21800
Epoch 41/8000
 - 17s - loss: 0.2126 - val_loss: 0.2134

Epoch 00041: val_loss improved from 0.21800 to 0.21344, saving model to model_weights/lstm_autoencoder_2020-01-23_12-39-46.h5
Epoch 42/8000
 - 17s - loss: 0.2108 - val_loss: 0.2165

Epoch 00042: val_loss did not improve from 0.21344
Epoch 43/8000
 - 17s - loss: 0.2105 - val_loss: 0.2113

Epoch 00043: val_loss improved from 0.21344 to 0.21130, saving model to model_weights/lstm_autoencoder_2020-01-23_12-39-46.h5
Epoch 44/8000
 - 17s - loss: 0.2089 - val_loss: 0.2185

Epoch 00044: val_loss did not improve from 0.21130
Epoch 45/8000
 - 17s - loss: 0.2083 - val_loss: 0.2194

Epoch 00045: val_loss did not improve from 0.21130
Epoch 46/8000
 - 17s - loss: 0.2066 - val_loss: 0.2081

Epoch 00046: val_loss improved from 0.21130 to 0.20815, saving model to model_weights/lstm_autoencoder_2020-01-23_12-39-46.h5
Epoch 47/8000
 - 17s - loss: 0.2062 - val_loss: 0.2073

Epoch 00047: val_loss improved from 0.20815 to 0.20733, saving model to model_weights/lstm_autoencoder_2020-01-23_12-39-46.h5
Epoch 48/8000
 - 17s - loss: 0.2045 - val_loss: 0.2215

Epoch 00048: val_loss did not improve from 0.20733
Epoch 49/8000
 - 17s - loss: 0.2044 - val_loss: 0.2113

Epoch 00049: val_loss did not improve from 0.20733
Epoch 50/8000
 - 17s - loss: 0.2044 - val_loss: 0.2090

Epoch 00050: val_loss did not improve from 0.20733
Epoch 51/8000
 - 17s - loss: 0.2018 - val_loss: 0.2042

Epoch 00051: val_loss improved from 0.20733 to 0.20424, saving model to model_weights/lstm_autoencoder_2020-01-23_12-39-46.h5
Epoch 52/8000
 - 17s - loss: 0.2041 - val_loss: 0.2039

Epoch 00052: val_loss improved from 0.20424 to 0.20386, saving model to model_weights/lstm_autoencoder_2020-01-23_12-39-46.h5
Epoch 53/8000
 - 17s - loss: 0.2009 - val_loss: 0.2064

Epoch 00053: val_loss did not improve from 0.20386
Epoch 54/8000
 - 17s - loss: 0.2009 - val_loss: 0.2065

Epoch 00054: val_loss did not improve from 0.20386
Epoch 55/8000
 - 17s - loss: 0.2028 - val_loss: 0.2052

Epoch 00055: val_loss did not improve from 0.20386
Epoch 56/8000
 - 17s - loss: 0.1979 - val_loss: 0.2034

Epoch 00056: val_loss improved from 0.20386 to 0.20344, saving model to model_weights/lstm_autoencoder_2020-01-23_12-39-46.h5
Epoch 57/8000
 - 17s - loss: 0.2018 - val_loss: 0.2009

Epoch 00057: val_loss improved from 0.20344 to 0.20087, saving model to model_weights/lstm_autoencoder_2020-01-23_12-39-46.h5
Epoch 58/8000
 - 17s - loss: 0.1990 - val_loss: 0.2000

Epoch 00058: val_loss improved from 0.20087 to 0.20000, saving model to model_weights/lstm_autoencoder_2020-01-23_12-39-46.h5
Epoch 59/8000
 - 17s - loss: 0.1990 - val_loss: 0.1997

Epoch 00059: val_loss improved from 0.20000 to 0.19972, saving model to model_weights/lstm_autoencoder_2020-01-23_12-39-46.h5
Epoch 60/8000
 - 17s - loss: 0.1963 - val_loss: 0.2077

Epoch 00060: val_loss did not improve from 0.19972
Epoch 61/8000
 - 17s - loss: 0.1982 - val_loss: 0.2016

Epoch 00061: val_loss did not improve from 0.19972
Epoch 62/8000
 - 17s - loss: 0.1960 - val_loss: 0.1970

Epoch 00062: val_loss improved from 0.19972 to 0.19696, saving model to model_weights/lstm_autoencoder_2020-01-23_12-39-46.h5
Epoch 63/8000
 - 17s - loss: 0.1955 - val_loss: 0.1930

Epoch 00063: val_loss improved from 0.19696 to 0.19300, saving model to model_weights/lstm_autoencoder_2020-01-23_12-39-46.h5
Epoch 64/8000
 - 17s - loss: 0.1935 - val_loss: 0.1945

Epoch 00064: val_loss did not improve from 0.19300
Epoch 65/8000
 - 17s - loss: 0.1944 - val_loss: 0.2007

Epoch 00065: val_loss did not improve from 0.19300
Epoch 66/8000
 - 17s - loss: 0.1938 - val_loss: 0.2020

Epoch 00066: val_loss did not improve from 0.19300
Epoch 67/8000
 - 17s - loss: 0.1934 - val_loss: 0.1932

Epoch 00067: val_loss did not improve from 0.19300
Epoch 68/8000
 - 17s - loss: 0.1929 - val_loss: 0.2016

Epoch 00068: val_loss did not improve from 0.19300
Epoch 69/8000
 - 17s - loss: 0.1933 - val_loss: 0.1960

Epoch 00069: val_loss did not improve from 0.19300
Epoch 70/8000
 - 17s - loss: 0.1922 - val_loss: 0.1903

Epoch 00070: val_loss improved from 0.19300 to 0.19026, saving model to model_weights/lstm_autoencoder_2020-01-23_12-39-46.h5
Epoch 71/8000
 - 17s - loss: 0.1910 - val_loss: 0.1937

Epoch 00071: val_loss did not improve from 0.19026
Epoch 72/8000
 - 17s - loss: 0.1893 - val_loss: 0.1899

Epoch 00072: val_loss improved from 0.19026 to 0.18986, saving model to model_weights/lstm_autoencoder_2020-01-23_12-39-46.h5
Epoch 73/8000
 - 17s - loss: 0.1917 - val_loss: 0.1901

Epoch 00073: val_loss did not improve from 0.18986
Epoch 74/8000
 - 17s - loss: 0.1894 - val_loss: 0.1935

Epoch 00074: val_loss did not improve from 0.18986
Epoch 75/8000
 - 17s - loss: 0.1908 - val_loss: 0.2085

Epoch 00075: val_loss did not improve from 0.18986
Epoch 76/8000
 - 17s - loss: 0.1904 - val_loss: 0.1920

Epoch 00076: val_loss did not improve from 0.18986
Epoch 77/8000
 - 17s - loss: 0.1893 - val_loss: 0.1971

Epoch 00077: val_loss did not improve from 0.18986
Epoch 78/8000
 - 17s - loss: 0.1879 - val_loss: 0.1897

Epoch 00078: val_loss improved from 0.18986 to 0.18973, saving model to model_weights/lstm_autoencoder_2020-01-23_12-39-46.h5
Epoch 79/8000
 - 17s - loss: 0.1892 - val_loss: 0.1897

Epoch 00079: val_loss improved from 0.18973 to 0.18968, saving model to model_weights/lstm_autoencoder_2020-01-23_12-39-46.h5
Epoch 80/8000
 - 17s - loss: 0.1874 - val_loss: 0.1875

Epoch 00080: val_loss improved from 0.18968 to 0.18747, saving model to model_weights/lstm_autoencoder_2020-01-23_12-39-46.h5
Epoch 81/8000
 - 17s - loss: 0.1871 - val_loss: 0.1903

Epoch 00081: val_loss did not improve from 0.18747
Epoch 82/8000
 - 17s - loss: 0.1899 - val_loss: 0.1922

Epoch 00082: val_loss did not improve from 0.18747
Epoch 83/8000
 - 17s - loss: 0.1873 - val_loss: 0.1856

Epoch 00083: val_loss improved from 0.18747 to 0.18557, saving model to model_weights/lstm_autoencoder_2020-01-23_12-39-46.h5
Epoch 84/8000
 - 17s - loss: 0.1864 - val_loss: 0.1897

Epoch 00084: val_loss did not improve from 0.18557
Epoch 85/8000
 - 17s - loss: 0.1872 - val_loss: 0.1886

Epoch 00085: val_loss did not improve from 0.18557
Epoch 86/8000
 - 17s - loss: 0.1884 - val_loss: 0.1875

Epoch 00086: val_loss did not improve from 0.18557
Epoch 87/8000
 - 17s - loss: 0.1853 - val_loss: 0.1875

Epoch 00087: val_loss did not improve from 0.18557
Epoch 88/8000
 - 17s - loss: 0.1858 - val_loss: 0.1906

Epoch 00088: val_loss did not improve from 0.18557
Epoch 89/8000
 - 17s - loss: 0.1874 - val_loss: 0.1893

Epoch 00089: val_loss did not improve from 0.18557
Epoch 90/8000
 - 17s - loss: 0.1867 - val_loss: 0.1921

Epoch 00090: val_loss did not improve from 0.18557
Epoch 91/8000
 - 17s - loss: 0.1877 - val_loss: 0.1956

Epoch 00091: val_loss did not improve from 0.18557
Epoch 92/8000
 - 17s - loss: 0.1863 - val_loss: 0.1917

Epoch 00092: val_loss did not improve from 0.18557
Epoch 93/8000
 - 17s - loss: 0.1850 - val_loss: 0.1858

Epoch 00093: val_loss did not improve from 0.18557
Epoch 94/8000
 - 17s - loss: 0.1846 - val_loss: 0.1868

Epoch 00094: val_loss did not improve from 0.18557
Epoch 95/8000
 - 17s - loss: 0.1841 - val_loss: 0.1907

Epoch 00095: val_loss did not improve from 0.18557
Epoch 96/8000
 - 17s - loss: 0.1839 - val_loss: 0.1882

Epoch 00096: val_loss did not improve from 0.18557
Epoch 97/8000
 - 17s - loss: 0.1850 - val_loss: 0.1836

Epoch 00097: val_loss improved from 0.18557 to 0.18355, saving model to model_weights/lstm_autoencoder_2020-01-23_12-39-46.h5
Epoch 98/8000
 - 17s - loss: 0.1837 - val_loss: 0.1852

Epoch 00098: val_loss did not improve from 0.18355
Epoch 99/8000
 - 17s - loss: 0.1842 - val_loss: 0.1904

Epoch 00099: val_loss did not improve from 0.18355
Epoch 100/8000
 - 17s - loss: 0.1839 - val_loss: 0.1857

Epoch 00100: val_loss did not improve from 0.18355
Epoch 101/8000
 - 17s - loss: 0.1830 - val_loss: 0.1863

Epoch 00101: val_loss did not improve from 0.18355
Epoch 102/8000
 - 17s - loss: 0.1813 - val_loss: 0.1825

Epoch 00102: val_loss improved from 0.18355 to 0.18249, saving model to model_weights/lstm_autoencoder_2020-01-23_12-39-46.h5
Epoch 103/8000
 - 17s - loss: 0.1840 - val_loss: 0.1826

Epoch 00103: val_loss did not improve from 0.18249
Epoch 104/8000
 - 17s - loss: 0.1818 - val_loss: 0.1990

Epoch 00104: val_loss did not improve from 0.18249
Epoch 105/8000
 - 17s - loss: 0.1824 - val_loss: 0.1880

Epoch 00105: val_loss did not improve from 0.18249
Epoch 106/8000
 - 17s - loss: 0.1823 - val_loss: 0.2223

Epoch 00106: val_loss did not improve from 0.18249
Epoch 107/8000
 - 17s - loss: 0.1830 - val_loss: 0.1835

Epoch 00107: val_loss did not improve from 0.18249
Epoch 108/8000
 - 17s - loss: 0.1807 - val_loss: 0.1845

Epoch 00108: val_loss did not improve from 0.18249
Epoch 109/8000
 - 17s - loss: 0.1820 - val_loss: 0.1804

Epoch 00109: val_loss improved from 0.18249 to 0.18041, saving model to model_weights/lstm_autoencoder_2020-01-23_12-39-46.h5
Epoch 110/8000
 - 17s - loss: 0.1817 - val_loss: 0.1840

Epoch 00110: val_loss did not improve from 0.18041
Epoch 111/8000
 - 17s - loss: 0.1804 - val_loss: 0.1846

Epoch 00111: val_loss did not improve from 0.18041
Epoch 112/8000
 - 17s - loss: 0.1805 - val_loss: 0.1802

Epoch 00112: val_loss improved from 0.18041 to 0.18017, saving model to model_weights/lstm_autoencoder_2020-01-23_12-39-46.h5
Epoch 113/8000
 - 17s - loss: 0.1789 - val_loss: 0.1837

Epoch 00113: val_loss did not improve from 0.18017
Epoch 114/8000
 - 17s - loss: 0.1810 - val_loss: 0.1803

Epoch 00114: val_loss did not improve from 0.18017
Epoch 115/8000
 - 17s - loss: 0.1807 - val_loss: 0.1813

Epoch 00115: val_loss did not improve from 0.18017
Epoch 116/8000
 - 17s - loss: 0.1792 - val_loss: 0.1850

Epoch 00116: val_loss did not improve from 0.18017
Epoch 117/8000
 - 17s - loss: 0.1785 - val_loss: 0.1804

Epoch 00117: val_loss did not improve from 0.18017
Epoch 118/8000
 - 17s - loss: 0.1783 - val_loss: 0.1804

Epoch 00118: val_loss did not improve from 0.18017
Epoch 119/8000
 - 17s - loss: 0.1804 - val_loss: 0.1806

Epoch 00119: val_loss did not improve from 0.18017
Epoch 120/8000
 - 17s - loss: 0.1798 - val_loss: 0.1843

Epoch 00120: val_loss did not improve from 0.18017
Epoch 121/8000
 - 17s - loss: 0.1814 - val_loss: 0.1797

Epoch 00121: val_loss improved from 0.18017 to 0.17972, saving model to model_weights/lstm_autoencoder_2020-01-23_12-39-46.h5
Epoch 122/8000
 - 17s - loss: 0.1777 - val_loss: 0.1871

Epoch 00122: val_loss did not improve from 0.17972
Epoch 123/8000
 - 17s - loss: 0.1779 - val_loss: 0.1833

Epoch 00123: val_loss did not improve from 0.17972
Epoch 124/8000
 - 17s - loss: 0.1779 - val_loss: 0.1797

Epoch 00124: val_loss improved from 0.17972 to 0.17969, saving model to model_weights/lstm_autoencoder_2020-01-23_12-39-46.h5
Epoch 125/8000
 - 17s - loss: 0.1763 - val_loss: 0.1830

Epoch 00125: val_loss did not improve from 0.17969
Epoch 126/8000
 - 17s - loss: 0.1765 - val_loss: 0.1779

Epoch 00126: val_loss improved from 0.17969 to 0.17794, saving model to model_weights/lstm_autoencoder_2020-01-23_12-39-46.h5
Epoch 127/8000
 - 17s - loss: 0.1775 - val_loss: 0.1914

Epoch 00127: val_loss did not improve from 0.17794
Epoch 128/8000
 - 17s - loss: 0.1775 - val_loss: 0.1787

Epoch 00128: val_loss did not improve from 0.17794
Epoch 129/8000
 - 17s - loss: 0.1751 - val_loss: 0.1814

Epoch 00129: val_loss did not improve from 0.17794
Epoch 130/8000
 - 17s - loss: 0.1763 - val_loss: 0.1835

Epoch 00130: val_loss did not improve from 0.17794
Epoch 131/8000
 - 17s - loss: 0.1765 - val_loss: 0.1811

Epoch 00131: val_loss did not improve from 0.17794
Epoch 132/8000
 - 17s - loss: 0.1759 - val_loss: 0.1791

Epoch 00132: val_loss did not improve from 0.17794
Epoch 133/8000
 - 17s - loss: 0.1766 - val_loss: 0.1955

Epoch 00133: val_loss did not improve from 0.17794
Epoch 134/8000
 - 17s - loss: 0.1755 - val_loss: 0.1743

Epoch 00134: val_loss improved from 0.17794 to 0.17428, saving model to model_weights/lstm_autoencoder_2020-01-23_12-39-46.h5
Epoch 135/8000
 - 17s - loss: 0.1745 - val_loss: 0.1761

Epoch 00135: val_loss did not improve from 0.17428
Epoch 136/8000
 - 17s - loss: 0.1767 - val_loss: 0.1870

Epoch 00136: val_loss did not improve from 0.17428
Epoch 137/8000
 - 17s - loss: 0.1746 - val_loss: 0.1752

Epoch 00137: val_loss did not improve from 0.17428
Epoch 138/8000
 - 17s - loss: 0.1766 - val_loss: 0.1786

Epoch 00138: val_loss did not improve from 0.17428
Epoch 139/8000
 - 17s - loss: 0.1755 - val_loss: 0.1766

Epoch 00139: val_loss did not improve from 0.17428
Epoch 140/8000
 - 17s - loss: 0.1736 - val_loss: 0.1775

Epoch 00140: val_loss did not improve from 0.17428
Epoch 141/8000
 - 17s - loss: 0.1741 - val_loss: 0.1759

Epoch 00141: val_loss did not improve from 0.17428
Epoch 142/8000
 - 17s - loss: 0.1731 - val_loss: 0.1756

Epoch 00142: val_loss did not improve from 0.17428
Epoch 143/8000
 - 17s - loss: 0.1736 - val_loss: 0.1774

Epoch 00143: val_loss did not improve from 0.17428
Epoch 144/8000
 - 17s - loss: 0.1734 - val_loss: 0.1742

Epoch 00144: val_loss improved from 0.17428 to 0.17418, saving model to model_weights/lstm_autoencoder_2020-01-23_12-39-46.h5
Epoch 145/8000
 - 17s - loss: 0.1739 - val_loss: 0.1745

Epoch 00145: val_loss did not improve from 0.17418
Epoch 146/8000
 - 17s - loss: 0.1748 - val_loss: 0.1747

Epoch 00146: val_loss did not improve from 0.17418
Epoch 147/8000
 - 17s - loss: 0.1724 - val_loss: 0.1733

Epoch 00147: val_loss improved from 0.17418 to 0.17327, saving model to model_weights/lstm_autoencoder_2020-01-23_12-39-46.h5
Epoch 148/8000
 - 17s - loss: 0.1740 - val_loss: 0.1731

Epoch 00148: val_loss improved from 0.17327 to 0.17307, saving model to model_weights/lstm_autoencoder_2020-01-23_12-39-46.h5
Epoch 149/8000
 - 17s - loss: 0.1729 - val_loss: 0.1743

Epoch 00149: val_loss did not improve from 0.17307
Epoch 150/8000
 - 17s - loss: 0.1725 - val_loss: 0.1735

Epoch 00150: val_loss did not improve from 0.17307
Epoch 151/8000
 - 17s - loss: 0.1733 - val_loss: 0.1754

Epoch 00151: val_loss did not improve from 0.17307
Epoch 152/8000
 - 17s - loss: 0.1714 - val_loss: 0.1741

Epoch 00152: val_loss did not improve from 0.17307
Epoch 153/8000
 - 17s - loss: 0.1731 - val_loss: 0.1755

Epoch 00153: val_loss did not improve from 0.17307
Epoch 154/8000
 - 17s - loss: 0.1730 - val_loss: 0.1767

Epoch 00154: val_loss did not improve from 0.17307
Epoch 155/8000
 - 17s - loss: 0.1717 - val_loss: 0.1731

Epoch 00155: val_loss did not improve from 0.17307
Epoch 156/8000
 - 17s - loss: 0.1712 - val_loss: 0.1778

Epoch 00156: val_loss did not improve from 0.17307
Epoch 157/8000
 - 17s - loss: 0.1732 - val_loss: 0.1756

Epoch 00157: val_loss did not improve from 0.17307
Epoch 158/8000
 - 17s - loss: 0.1701 - val_loss: 0.1708

Epoch 00158: val_loss improved from 0.17307 to 0.17081, saving model to model_weights/lstm_autoencoder_2020-01-23_12-39-46.h5
Epoch 159/8000
 - 17s - loss: 0.1707 - val_loss: 0.1721

Epoch 00159: val_loss did not improve from 0.17081
Epoch 160/8000
 - 17s - loss: 0.1709 - val_loss: 0.1713

Epoch 00160: val_loss did not improve from 0.17081
Epoch 161/8000
 - 17s - loss: 0.1723 - val_loss: 0.1703

Epoch 00161: val_loss improved from 0.17081 to 0.17028, saving model to model_weights/lstm_autoencoder_2020-01-23_12-39-46.h5
Epoch 162/8000
 - 17s - loss: 0.1702 - val_loss: 0.1711

Epoch 00162: val_loss did not improve from 0.17028
Epoch 163/8000
 - 17s - loss: 0.1699 - val_loss: 0.1710

Epoch 00163: val_loss did not improve from 0.17028
Epoch 164/8000
 - 17s - loss: 0.1700 - val_loss: 0.1695

Epoch 00164: val_loss improved from 0.17028 to 0.16953, saving model to model_weights/lstm_autoencoder_2020-01-23_12-39-46.h5
Epoch 165/8000
 - 17s - loss: 0.1697 - val_loss: 0.1745

Epoch 00165: val_loss did not improve from 0.16953
Epoch 166/8000
 - 17s - loss: 0.1691 - val_loss: 0.1760

Epoch 00166: val_loss did not improve from 0.16953
Epoch 167/8000
 - 17s - loss: 0.1696 - val_loss: 0.1752

Epoch 00167: val_loss did not improve from 0.16953
Epoch 168/8000
 - 17s - loss: 0.1681 - val_loss: 0.1691

Epoch 00168: val_loss improved from 0.16953 to 0.16907, saving model to model_weights/lstm_autoencoder_2020-01-23_12-39-46.h5
Epoch 169/8000
 - 17s - loss: 0.1689 - val_loss: 0.1704

Epoch 00169: val_loss did not improve from 0.16907
Epoch 170/8000
 - 17s - loss: 0.1697 - val_loss: 0.1697

Epoch 00170: val_loss did not improve from 0.16907
Epoch 171/8000
 - 17s - loss: 0.1675 - val_loss: 0.1699

Epoch 00171: val_loss did not improve from 0.16907
Epoch 172/8000
 - 17s - loss: 0.1683 - val_loss: 0.1688

Epoch 00172: val_loss improved from 0.16907 to 0.16879, saving model to model_weights/lstm_autoencoder_2020-01-23_12-39-46.h5
Epoch 173/8000
 - 17s - loss: 0.1687 - val_loss: 0.1702

Epoch 00173: val_loss did not improve from 0.16879
Epoch 174/8000
 - 17s - loss: 0.1687 - val_loss: 0.1735

Epoch 00174: val_loss did not improve from 0.16879
Epoch 175/8000
 - 17s - loss: 0.1694 - val_loss: 0.1712

Epoch 00175: val_loss did not improve from 0.16879
Epoch 176/8000
 - 17s - loss: 0.1670 - val_loss: 0.1673

Epoch 00176: val_loss improved from 0.16879 to 0.16732, saving model to model_weights/lstm_autoencoder_2020-01-23_12-39-46.h5
Epoch 177/8000
 - 17s - loss: 0.1676 - val_loss: 0.1684

Epoch 00177: val_loss did not improve from 0.16732
Epoch 178/8000
 - 17s - loss: 0.1680 - val_loss: 0.1711

Epoch 00178: val_loss did not improve from 0.16732
Epoch 179/8000
 - 17s - loss: 0.1668 - val_loss: 0.1669

Epoch 00179: val_loss improved from 0.16732 to 0.16690, saving model to model_weights/lstm_autoencoder_2020-01-23_12-39-46.h5
Epoch 180/8000
 - 17s - loss: 0.1671 - val_loss: 0.1759

Epoch 00180: val_loss did not improve from 0.16690
Epoch 181/8000
 - 17s - loss: 0.1685 - val_loss: 0.1701

Epoch 00181: val_loss did not improve from 0.16690
Epoch 182/8000
 - 17s - loss: 0.1654 - val_loss: 0.1707

Epoch 00182: val_loss did not improve from 0.16690
Epoch 183/8000
 - 17s - loss: 0.1679 - val_loss: 0.1692

Epoch 00183: val_loss did not improve from 0.16690
Epoch 184/8000
 - 17s - loss: 0.1666 - val_loss: 0.1668

Epoch 00184: val_loss improved from 0.16690 to 0.16682, saving model to model_weights/lstm_autoencoder_2020-01-23_12-39-46.h5
Epoch 185/8000
 - 17s - loss: 0.1669 - val_loss: 0.1719

Epoch 00185: val_loss did not improve from 0.16682
Epoch 186/8000
 - 17s - loss: 0.1678 - val_loss: 0.1695

Epoch 00186: val_loss did not improve from 0.16682
Epoch 187/8000
 - 17s - loss: 0.1676 - val_loss: 0.1675

Epoch 00187: val_loss did not improve from 0.16682
Epoch 188/8000
 - 17s - loss: 0.1658 - val_loss: 0.1663

Epoch 00188: val_loss improved from 0.16682 to 0.16627, saving model to model_weights/lstm_autoencoder_2020-01-23_12-39-46.h5
Epoch 189/8000
 - 17s - loss: 0.1663 - val_loss: 0.1690

Epoch 00189: val_loss did not improve from 0.16627
Epoch 190/8000
 - 17s - loss: 0.1669 - val_loss: 0.1690

Epoch 00190: val_loss did not improve from 0.16627
Epoch 191/8000
 - 17s - loss: 0.1643 - val_loss: 0.1700

Epoch 00191: val_loss did not improve from 0.16627
Epoch 192/8000
 - 17s - loss: 0.1657 - val_loss: 0.1671

Epoch 00192: val_loss did not improve from 0.16627
Epoch 193/8000
 - 17s - loss: 0.1664 - val_loss: 0.1675

Epoch 00193: val_loss did not improve from 0.16627
Epoch 194/8000
 - 17s - loss: 0.1665 - val_loss: 0.1707

Epoch 00194: val_loss did not improve from 0.16627
Epoch 195/8000
 - 17s - loss: 0.1655 - val_loss: 0.1756

Epoch 00195: val_loss did not improve from 0.16627
Epoch 196/8000
 - 17s - loss: 0.1653 - val_loss: 0.1659

Epoch 00196: val_loss improved from 0.16627 to 0.16588, saving model to model_weights/lstm_autoencoder_2020-01-23_12-39-46.h5
Epoch 197/8000
 - 17s - loss: 0.1639 - val_loss: 0.1677

Epoch 00197: val_loss did not improve from 0.16588
Epoch 198/8000
 - 17s - loss: 0.1642 - val_loss: 0.1658

Epoch 00198: val_loss improved from 0.16588 to 0.16581, saving model to model_weights/lstm_autoencoder_2020-01-23_12-39-46.h5
Epoch 199/8000
 - 17s - loss: 0.1644 - val_loss: 0.1656

Epoch 00199: val_loss improved from 0.16581 to 0.16556, saving model to model_weights/lstm_autoencoder_2020-01-23_12-39-46.h5
Epoch 200/8000
 - 17s - loss: 0.1656 - val_loss: 0.1660

Epoch 00200: val_loss did not improve from 0.16556
Epoch 201/8000
 - 17s - loss: 0.1648 - val_loss: 0.1716

Epoch 00201: val_loss did not improve from 0.16556
Epoch 202/8000
 - 17s - loss: 0.1653 - val_loss: 0.1659

Epoch 00202: val_loss did not improve from 0.16556
Epoch 203/8000
 - 17s - loss: 0.1636 - val_loss: 0.1729

Epoch 00203: val_loss did not improve from 0.16556
Epoch 204/8000
 - 17s - loss: 0.1643 - val_loss: 0.1644

Epoch 00204: val_loss improved from 0.16556 to 0.16443, saving model to model_weights/lstm_autoencoder_2020-01-23_12-39-46.h5
Epoch 205/8000
 - 17s - loss: 0.1643 - val_loss: 0.1671

Epoch 00205: val_loss did not improve from 0.16443
Epoch 206/8000
 - 17s - loss: 0.1625 - val_loss: 0.1699

Epoch 00206: val_loss did not improve from 0.16443
Epoch 207/8000
 - 17s - loss: 0.1640 - val_loss: 0.1658

Epoch 00207: val_loss did not improve from 0.16443
Epoch 208/8000
 - 17s - loss: 0.1630 - val_loss: 0.1640

Epoch 00208: val_loss improved from 0.16443 to 0.16401, saving model to model_weights/lstm_autoencoder_2020-01-23_12-39-46.h5
Epoch 209/8000
 - 17s - loss: 0.1624 - val_loss: 0.1640

Epoch 00209: val_loss improved from 0.16401 to 0.16399, saving model to model_weights/lstm_autoencoder_2020-01-23_12-39-46.h5
Epoch 210/8000
 - 17s - loss: 0.1621 - val_loss: 0.1658

Epoch 00210: val_loss did not improve from 0.16399
Epoch 211/8000
 - 17s - loss: 0.1624 - val_loss: 0.1701

Epoch 00211: val_loss did not improve from 0.16399
Epoch 212/8000
 - 17s - loss: 0.1624 - val_loss: 0.1681

Epoch 00212: val_loss did not improve from 0.16399
Epoch 213/8000
 - 17s - loss: 0.1625 - val_loss: 0.1652

Epoch 00213: val_loss did not improve from 0.16399
Epoch 214/8000
 - 17s - loss: 0.1617 - val_loss: 0.1652

Epoch 00214: val_loss did not improve from 0.16399
Epoch 215/8000
 - 17s - loss: 0.1614 - val_loss: 0.1685

Epoch 00215: val_loss did not improve from 0.16399
Epoch 216/8000
 - 17s - loss: 0.1635 - val_loss: 0.1659

Epoch 00216: val_loss did not improve from 0.16399
Epoch 217/8000
 - 17s - loss: 0.1616 - val_loss: 0.1628

Epoch 00217: val_loss improved from 0.16399 to 0.16279, saving model to model_weights/lstm_autoencoder_2020-01-23_12-39-46.h5
Epoch 218/8000
 - 17s - loss: 0.1616 - val_loss: 0.1634

Epoch 00218: val_loss did not improve from 0.16279
Epoch 219/8000
 - 17s - loss: 0.1621 - val_loss: 0.1641

Epoch 00219: val_loss did not improve from 0.16279
Epoch 220/8000
 - 17s - loss: 0.1618 - val_loss: 0.1625

Epoch 00220: val_loss improved from 0.16279 to 0.16251, saving model to model_weights/lstm_autoencoder_2020-01-23_12-39-46.h5
Epoch 221/8000
 - 17s - loss: 0.1605 - val_loss: 0.1635

Epoch 00221: val_loss did not improve from 0.16251
Epoch 222/8000
 - 17s - loss: 0.1603 - val_loss: 0.1728

Epoch 00222: val_loss did not improve from 0.16251
Epoch 223/8000
 - 17s - loss: 0.1622 - val_loss: 0.1644

Epoch 00223: val_loss did not improve from 0.16251
Epoch 224/8000
 - 17s - loss: 0.1621 - val_loss: 0.1675

Epoch 00224: val_loss did not improve from 0.16251
Epoch 225/8000
 - 17s - loss: 0.1601 - val_loss: 0.1633

Epoch 00225: val_loss did not improve from 0.16251
Epoch 226/8000
 - 17s - loss: 0.1618 - val_loss: 0.1633

Epoch 00226: val_loss did not improve from 0.16251
Epoch 227/8000
 - 17s - loss: 0.1588 - val_loss: 0.1642

Epoch 00227: val_loss did not improve from 0.16251
Epoch 228/8000
 - 17s - loss: 0.1594 - val_loss: 0.1606

Epoch 00228: val_loss improved from 0.16251 to 0.16061, saving model to model_weights/lstm_autoencoder_2020-01-23_12-39-46.h5
Epoch 229/8000
 - 17s - loss: 0.1594 - val_loss: 0.1627

Epoch 00229: val_loss did not improve from 0.16061
Epoch 230/8000
 - 17s - loss: 0.1595 - val_loss: 0.1644

Epoch 00230: val_loss did not improve from 0.16061
Epoch 231/8000
 - 17s - loss: 0.1594 - val_loss: 0.1625

Epoch 00231: val_loss did not improve from 0.16061
Epoch 232/8000
 - 17s - loss: 0.1598 - val_loss: 0.1595

Epoch 00232: val_loss improved from 0.16061 to 0.15950, saving model to model_weights/lstm_autoencoder_2020-01-23_12-39-46.h5
Epoch 233/8000
 - 17s - loss: 0.1613 - val_loss: 0.1595

Epoch 00233: val_loss did not improve from 0.15950
Epoch 234/8000
 - 17s - loss: 0.1601 - val_loss: 0.1682

Epoch 00234: val_loss did not improve from 0.15950
Epoch 235/8000
 - 17s - loss: 0.1611 - val_loss: 0.1602

Epoch 00235: val_loss did not improve from 0.15950
Epoch 236/8000
 - 17s - loss: 0.1594 - val_loss: 0.1612

Epoch 00236: val_loss did not improve from 0.15950
Epoch 237/8000
 - 17s - loss: 0.1585 - val_loss: 0.1588

Epoch 00237: val_loss improved from 0.15950 to 0.15879, saving model to model_weights/lstm_autoencoder_2020-01-23_12-39-46.h5
Epoch 238/8000
 - 17s - loss: 0.1584 - val_loss: 0.1603

Epoch 00238: val_loss did not improve from 0.15879
Epoch 239/8000
 - 17s - loss: 0.1589 - val_loss: 0.1587

Epoch 00239: val_loss improved from 0.15879 to 0.15872, saving model to model_weights/lstm_autoencoder_2020-01-23_12-39-46.h5
Epoch 240/8000
 - 17s - loss: 0.1576 - val_loss: 0.1657

Epoch 00240: val_loss did not improve from 0.15872
Epoch 241/8000
 - 17s - loss: 0.1587 - val_loss: 0.1638

Epoch 00241: val_loss did not improve from 0.15872
Epoch 242/8000
 - 17s - loss: 0.1597 - val_loss: 0.1593

Epoch 00242: val_loss did not improve from 0.15872
Epoch 243/8000
 - 17s - loss: 0.1590 - val_loss: 0.1595

Epoch 00243: val_loss did not improve from 0.15872
Epoch 244/8000
 - 17s - loss: 0.1576 - val_loss: 0.1596

Epoch 00244: val_loss did not improve from 0.15872
Epoch 245/8000
 - 17s - loss: 0.1566 - val_loss: 0.1583

Epoch 00245: val_loss improved from 0.15872 to 0.15831, saving model to model_weights/lstm_autoencoder_2020-01-23_12-39-46.h5
Epoch 246/8000
 - 17s - loss: 0.1590 - val_loss: 0.1588

Epoch 00246: val_loss did not improve from 0.15831
Epoch 247/8000
 - 17s - loss: 0.1578 - val_loss: 0.1612

Epoch 00247: val_loss did not improve from 0.15831
Epoch 248/8000
 - 17s - loss: 0.1570 - val_loss: 0.1603

Epoch 00248: val_loss did not improve from 0.15831
Epoch 249/8000
 - 17s - loss: 0.1564 - val_loss: 0.1595

Epoch 00249: val_loss did not improve from 0.15831
Epoch 250/8000
 - 17s - loss: 0.1576 - val_loss: 0.1576

Epoch 00250: val_loss improved from 0.15831 to 0.15758, saving model to model_weights/lstm_autoencoder_2020-01-23_12-39-46.h5
Epoch 251/8000
 - 17s - loss: 0.1601 - val_loss: 0.1605

Epoch 00251: val_loss did not improve from 0.15758
Epoch 252/8000
 - 17s - loss: 0.1573 - val_loss: 0.1600

Epoch 00252: val_loss did not improve from 0.15758
Epoch 253/8000
 - 17s - loss: 0.1557 - val_loss: 0.1581

Epoch 00253: val_loss did not improve from 0.15758
Epoch 254/8000
 - 17s - loss: 0.1569 - val_loss: 0.1592

Epoch 00254: val_loss did not improve from 0.15758
Epoch 255/8000
 - 17s - loss: 0.1555 - val_loss: 0.1634

Epoch 00255: val_loss did not improve from 0.15758
Epoch 256/8000
 - 17s - loss: 0.1569 - val_loss: 0.1609

Epoch 00256: val_loss did not improve from 0.15758
Epoch 257/8000
 - 17s - loss: 0.1560 - val_loss: 0.1551

Epoch 00257: val_loss improved from 0.15758 to 0.15512, saving model to model_weights/lstm_autoencoder_2020-01-23_12-39-46.h5
Epoch 258/8000
 - 17s - loss: 0.1564 - val_loss: 0.1623

Epoch 00258: val_loss did not improve from 0.15512
Epoch 259/8000
 - 17s - loss: 0.1581 - val_loss: 0.1573

Epoch 00259: val_loss did not improve from 0.15512
Epoch 260/8000
 - 17s - loss: 0.1549 - val_loss: 0.1546

Epoch 00260: val_loss improved from 0.15512 to 0.15458, saving model to model_weights/lstm_autoencoder_2020-01-23_12-39-46.h5
Epoch 261/8000
 - 17s - loss: 0.1560 - val_loss: 0.1613

Epoch 00261: val_loss did not improve from 0.15458
Epoch 262/8000
 - 17s - loss: 0.1571 - val_loss: 0.1580

Epoch 00262: val_loss did not improve from 0.15458
Epoch 263/8000
 - 17s - loss: 0.1543 - val_loss: 0.1595

Epoch 00263: val_loss did not improve from 0.15458
Epoch 264/8000
 - 17s - loss: 0.1546 - val_loss: 0.1591

Epoch 00264: val_loss did not improve from 0.15458
Epoch 265/8000
 - 17s - loss: 0.1560 - val_loss: 0.1580

Epoch 00265: val_loss did not improve from 0.15458
Epoch 266/8000
 - 17s - loss: 0.1539 - val_loss: 0.1564

Epoch 00266: val_loss did not improve from 0.15458
Epoch 267/8000
 - 17s - loss: 0.1539 - val_loss: 0.1575

Epoch 00267: val_loss did not improve from 0.15458
Epoch 268/8000
 - 17s - loss: 0.1534 - val_loss: 0.1556

Epoch 00268: val_loss did not improve from 0.15458
Epoch 269/8000
 - 17s - loss: 0.1537 - val_loss: 0.1574

Epoch 00269: val_loss did not improve from 0.15458
Epoch 270/8000
 - 17s - loss: 0.1530 - val_loss: 0.1558

Epoch 00270: val_loss did not improve from 0.15458
Epoch 271/8000
 - 17s - loss: 0.1539 - val_loss: 0.1549

Epoch 00271: val_loss did not improve from 0.15458
Epoch 272/8000
 - 17s - loss: 0.1531 - val_loss: 0.1651

Epoch 00272: val_loss did not improve from 0.15458
Epoch 273/8000
 - 17s - loss: 0.1541 - val_loss: 0.1573

Epoch 00273: val_loss did not improve from 0.15458
Epoch 274/8000
 - 17s - loss: 0.1537 - val_loss: 0.1613

Epoch 00274: val_loss did not improve from 0.15458
Epoch 275/8000
 - 17s - loss: 0.1540 - val_loss: 0.1705

Epoch 00275: val_loss did not improve from 0.15458
Epoch 276/8000
 - 17s - loss: 0.1537 - val_loss: 0.1551

Epoch 00276: val_loss did not improve from 0.15458
Epoch 277/8000
 - 17s - loss: 0.1525 - val_loss: 0.1530

Epoch 00277: val_loss improved from 0.15458 to 0.15304, saving model to model_weights/lstm_autoencoder_2020-01-23_12-39-46.h5
Epoch 278/8000
 - 17s - loss: 0.1518 - val_loss: 0.1546

Epoch 00278: val_loss did not improve from 0.15304
Epoch 279/8000
 - 17s - loss: 0.1513 - val_loss: 0.1573

Epoch 00279: val_loss did not improve from 0.15304
Epoch 280/8000
 - 17s - loss: 0.1511 - val_loss: 0.1603

Epoch 00280: val_loss did not improve from 0.15304
Epoch 281/8000
 - 17s - loss: 0.1541 - val_loss: 0.1549

Epoch 00281: val_loss did not improve from 0.15304
Epoch 282/8000
 - 17s - loss: 0.1523 - val_loss: 0.1557

Epoch 00282: val_loss did not improve from 0.15304
Epoch 283/8000
 - 17s - loss: 0.1514 - val_loss: 0.1582

Epoch 00283: val_loss did not improve from 0.15304
Epoch 284/8000
 - 17s - loss: 0.1497 - val_loss: 0.1586

Epoch 00284: val_loss did not improve from 0.15304
Epoch 285/8000
 - 17s - loss: 0.1508 - val_loss: 0.1549

Epoch 00285: val_loss did not improve from 0.15304
Epoch 286/8000
 - 17s - loss: 0.1502 - val_loss: 0.1600

Epoch 00286: val_loss did not improve from 0.15304
Epoch 287/8000
 - 17s - loss: 0.1498 - val_loss: 0.1513

Epoch 00287: val_loss improved from 0.15304 to 0.15131, saving model to model_weights/lstm_autoencoder_2020-01-23_12-39-46.h5
Epoch 288/8000
 - 17s - loss: 0.1488 - val_loss: 0.1642

Epoch 00288: val_loss did not improve from 0.15131
Epoch 289/8000
 - 17s - loss: 0.1516 - val_loss: 0.1596

Epoch 00289: val_loss did not improve from 0.15131
Epoch 290/8000
 - 17s - loss: 0.1496 - val_loss: 0.1524

Epoch 00290: val_loss did not improve from 0.15131
Epoch 291/8000
 - 17s - loss: 0.1486 - val_loss: 0.1592

Epoch 00291: val_loss did not improve from 0.15131
Epoch 292/8000
 - 17s - loss: 0.1509 - val_loss: 0.1521

Epoch 00292: val_loss did not improve from 0.15131
Epoch 293/8000
 - 17s - loss: 0.1494 - val_loss: 0.1525

Epoch 00293: val_loss did not improve from 0.15131
Epoch 294/8000
 - 17s - loss: 0.1504 - val_loss: 0.1546

Epoch 00294: val_loss did not improve from 0.15131
Epoch 295/8000
 - 17s - loss: 0.1480 - val_loss: 0.1507

Epoch 00295: val_loss improved from 0.15131 to 0.15066, saving model to model_weights/lstm_autoencoder_2020-01-23_12-39-46.h5
Epoch 296/8000
 - 17s - loss: 0.1486 - val_loss: 0.1546

Epoch 00296: val_loss did not improve from 0.15066
Epoch 297/8000
 - 17s - loss: 0.1497 - val_loss: 0.1512

Epoch 00297: val_loss did not improve from 0.15066
Epoch 298/8000
 - 17s - loss: 0.1497 - val_loss: 0.1514

Epoch 00298: val_loss did not improve from 0.15066
Epoch 299/8000
 - 17s - loss: 0.1469 - val_loss: 0.1515

Epoch 00299: val_loss did not improve from 0.15066
Epoch 300/8000
 - 17s - loss: 0.1480 - val_loss: 0.1593

Epoch 00300: val_loss did not improve from 0.15066
Epoch 301/8000
 - 17s - loss: 0.1485 - val_loss: 0.1516

Epoch 00301: val_loss did not improve from 0.15066
Epoch 302/8000
 - 17s - loss: 0.1464 - val_loss: 0.1522

Epoch 00302: val_loss did not improve from 0.15066
Epoch 303/8000
 - 17s - loss: 0.1472 - val_loss: 0.1515

Epoch 00303: val_loss did not improve from 0.15066
Epoch 304/8000
 - 17s - loss: 0.1472 - val_loss: 0.1516

Epoch 00304: val_loss did not improve from 0.15066
Epoch 305/8000
 - 17s - loss: 0.1489 - val_loss: 0.1482

Epoch 00305: val_loss improved from 0.15066 to 0.14815, saving model to model_weights/lstm_autoencoder_2020-01-23_12-39-46.h5
Epoch 306/8000
 - 17s - loss: 0.1462 - val_loss: 0.1490

Epoch 00306: val_loss did not improve from 0.14815
Epoch 307/8000
 - 17s - loss: 0.1462 - val_loss: 0.1471

Epoch 00307: val_loss improved from 0.14815 to 0.14715, saving model to model_weights/lstm_autoencoder_2020-01-23_12-39-46.h5
Epoch 308/8000
 - 17s - loss: 0.1476 - val_loss: 0.1592

Epoch 00308: val_loss did not improve from 0.14715
Epoch 309/8000
 - 17s - loss: 0.1481 - val_loss: 0.1483

Epoch 00309: val_loss did not improve from 0.14715
Epoch 310/8000
 - 17s - loss: 0.1450 - val_loss: 0.1501

Epoch 00310: val_loss did not improve from 0.14715
Epoch 311/8000
 - 17s - loss: 0.1460 - val_loss: 0.1492

Epoch 00311: val_loss did not improve from 0.14715
Epoch 312/8000
 - 17s - loss: 0.1458 - val_loss: 0.1547

Epoch 00312: val_loss did not improve from 0.14715
Epoch 313/8000
 - 17s - loss: 0.1471 - val_loss: 0.1484

Epoch 00313: val_loss did not improve from 0.14715
Epoch 314/8000
 - 17s - loss: 0.1452 - val_loss: 0.1464

Epoch 00314: val_loss improved from 0.14715 to 0.14640, saving model to model_weights/lstm_autoencoder_2020-01-23_12-39-46.h5
Epoch 315/8000
 - 17s - loss: 0.1465 - val_loss: 0.1501

Epoch 00315: val_loss did not improve from 0.14640
Epoch 316/8000
 - 17s - loss: 0.1459 - val_loss: 0.1481

Epoch 00316: val_loss did not improve from 0.14640
Epoch 317/8000
 - 17s - loss: 0.1445 - val_loss: 0.1466

Epoch 00317: val_loss did not improve from 0.14640
Epoch 318/8000
 - 17s - loss: 0.1464 - val_loss: 0.1491

Epoch 00318: val_loss did not improve from 0.14640
Epoch 319/8000
 - 17s - loss: 0.1454 - val_loss: 0.1521

Epoch 00319: val_loss did not improve from 0.14640
Epoch 320/8000
 - 17s - loss: 0.1447 - val_loss: 0.1460

Epoch 00320: val_loss improved from 0.14640 to 0.14605, saving model to model_weights/lstm_autoencoder_2020-01-23_12-39-46.h5
Epoch 321/8000
 - 17s - loss: 0.1452 - val_loss: 0.1496

Epoch 00321: val_loss did not improve from 0.14605
Epoch 322/8000
 - 17s - loss: 0.1472 - val_loss: 0.1547

Epoch 00322: val_loss did not improve from 0.14605
Epoch 323/8000
 - 17s - loss: 0.1444 - val_loss: 0.1459

Epoch 00323: val_loss improved from 0.14605 to 0.14594, saving model to model_weights/lstm_autoencoder_2020-01-23_12-39-46.h5
Epoch 324/8000
 - 17s - loss: 0.1438 - val_loss: 0.1494

Epoch 00324: val_loss did not improve from 0.14594
Epoch 325/8000
 - 17s - loss: 0.1444 - val_loss: 0.1454

Epoch 00325: val_loss improved from 0.14594 to 0.14539, saving model to model_weights/lstm_autoencoder_2020-01-23_12-39-46.h5
Epoch 326/8000
 - 17s - loss: 0.1452 - val_loss: 0.1518

Epoch 00326: val_loss did not improve from 0.14539
Epoch 327/8000
 - 17s - loss: 0.1446 - val_loss: 0.1485

Epoch 00327: val_loss did not improve from 0.14539
Epoch 328/8000
 - 17s - loss: 0.1436 - val_loss: 0.1448

Epoch 00328: val_loss improved from 0.14539 to 0.14479, saving model to model_weights/lstm_autoencoder_2020-01-23_12-39-46.h5
Epoch 329/8000
 - 17s - loss: 0.1443 - val_loss: 0.1613

Epoch 00329: val_loss did not improve from 0.14479
Epoch 330/8000
 - 17s - loss: 0.1460 - val_loss: 0.1465

Epoch 00330: val_loss did not improve from 0.14479
Epoch 331/8000
 - 17s - loss: 0.1453 - val_loss: 0.1475

Epoch 00331: val_loss did not improve from 0.14479
Epoch 332/8000
 - 17s - loss: 0.1430 - val_loss: 0.1453

Epoch 00332: val_loss did not improve from 0.14479
Epoch 333/8000
 - 17s - loss: 0.1438 - val_loss: 0.1509

Epoch 00333: val_loss did not improve from 0.14479
Epoch 334/8000
 - 17s - loss: 0.1442 - val_loss: 0.1474

Epoch 00334: val_loss did not improve from 0.14479
Epoch 335/8000
 - 17s - loss: 0.1457 - val_loss: 0.1467

Epoch 00335: val_loss did not improve from 0.14479
Epoch 336/8000
 - 17s - loss: 0.1456 - val_loss: 0.1634

Epoch 00336: val_loss did not improve from 0.14479
Epoch 337/8000
 - 17s - loss: 0.1438 - val_loss: 0.1455

Epoch 00337: val_loss did not improve from 0.14479
Epoch 338/8000
 - 17s - loss: 0.1449 - val_loss: 0.1446

Epoch 00338: val_loss improved from 0.14479 to 0.14462, saving model to model_weights/lstm_autoencoder_2020-01-23_12-39-46.h5
Epoch 339/8000
 - 17s - loss: 0.1429 - val_loss: 0.1451

Epoch 00339: val_loss did not improve from 0.14462
Epoch 340/8000
 - 17s - loss: 0.1438 - val_loss: 0.1473

Epoch 00340: val_loss did not improve from 0.14462
Epoch 341/8000
 - 17s - loss: 0.1429 - val_loss: 0.1442

Epoch 00341: val_loss improved from 0.14462 to 0.14419, saving model to model_weights/lstm_autoencoder_2020-01-23_12-39-46.h5
Epoch 342/8000
 - 17s - loss: 0.1443 - val_loss: 0.1475

Epoch 00342: val_loss did not improve from 0.14419
Epoch 343/8000
 - 17s - loss: 0.1437 - val_loss: 0.1425

Epoch 00343: val_loss improved from 0.14419 to 0.14249, saving model to model_weights/lstm_autoencoder_2020-01-23_12-39-46.h5
Epoch 344/8000
 - 17s - loss: 0.1430 - val_loss: 0.1521

Epoch 00344: val_loss did not improve from 0.14249
Epoch 345/8000
 - 17s - loss: 0.1451 - val_loss: 0.1515

Epoch 00345: val_loss did not improve from 0.14249
Epoch 346/8000
 - 17s - loss: 0.1437 - val_loss: 0.1588

Epoch 00346: val_loss did not improve from 0.14249
Epoch 347/8000
 - 17s - loss: 0.1439 - val_loss: 0.1515

Epoch 00347: val_loss did not improve from 0.14249
Epoch 348/8000
 - 17s - loss: 0.1419 - val_loss: 0.1464

Epoch 00348: val_loss did not improve from 0.14249
Epoch 349/8000
 - 17s - loss: 0.1412 - val_loss: 0.1448

Epoch 00349: val_loss did not improve from 0.14249
Epoch 350/8000
 - 17s - loss: 0.1427 - val_loss: 0.1462

Epoch 00350: val_loss did not improve from 0.14249
Epoch 351/8000
 - 17s - loss: 0.1434 - val_loss: 0.1458

Epoch 00351: val_loss did not improve from 0.14249
Epoch 352/8000
 - 17s - loss: 0.1425 - val_loss: 0.1442

Epoch 00352: val_loss did not improve from 0.14249
Epoch 353/8000
 - 17s - loss: 0.1425 - val_loss: 0.1447

Epoch 00353: val_loss did not improve from 0.14249
Epoch 354/8000
 - 17s - loss: 0.1424 - val_loss: 0.1600

Epoch 00354: val_loss did not improve from 0.14249
Epoch 355/8000
 - 17s - loss: 0.1431 - val_loss: 0.1488

Epoch 00355: val_loss did not improve from 0.14249
Epoch 356/8000
 - 17s - loss: 0.1432 - val_loss: 0.1440

Epoch 00356: val_loss did not improve from 0.14249
Epoch 357/8000
 - 17s - loss: 0.1438 - val_loss: 0.1453

Epoch 00357: val_loss did not improve from 0.14249
Epoch 358/8000
 - 17s - loss: 0.1425 - val_loss: 0.1421

Epoch 00358: val_loss improved from 0.14249 to 0.14207, saving model to model_weights/lstm_autoencoder_2020-01-23_12-39-46.h5
Epoch 359/8000
 - 17s - loss: 0.1428 - val_loss: 0.1445

Epoch 00359: val_loss did not improve from 0.14207
Epoch 360/8000
 - 17s - loss: 0.1415 - val_loss: 0.1429

Epoch 00360: val_loss did not improve from 0.14207
Epoch 361/8000
 - 17s - loss: 0.1423 - val_loss: 0.1507

Epoch 00361: val_loss did not improve from 0.14207
Epoch 362/8000
 - 17s - loss: 0.1419 - val_loss: 0.1404

Epoch 00362: val_loss improved from 0.14207 to 0.14042, saving model to model_weights/lstm_autoencoder_2020-01-23_12-39-46.h5
Epoch 363/8000
 - 17s - loss: 0.1430 - val_loss: 0.1676

Epoch 00363: val_loss did not improve from 0.14042
Epoch 364/8000
 - 17s - loss: 0.1422 - val_loss: 0.1424

Epoch 00364: val_loss did not improve from 0.14042
Epoch 365/8000
 - 17s - loss: 0.1418 - val_loss: 0.1421

Epoch 00365: val_loss did not improve from 0.14042
Epoch 366/8000
 - 17s - loss: 0.1453 - val_loss: 0.1491

Epoch 00366: val_loss did not improve from 0.14042
Epoch 367/8000
 - 17s - loss: 0.1444 - val_loss: 0.1510

Epoch 00367: val_loss did not improve from 0.14042
Epoch 368/8000
 - 17s - loss: 0.1433 - val_loss: 0.1473

Epoch 00368: val_loss did not improve from 0.14042
Epoch 369/8000
 - 17s - loss: 0.1437 - val_loss: 0.1419

Epoch 00369: val_loss did not improve from 0.14042
Epoch 370/8000
 - 17s - loss: 0.1441 - val_loss: 0.1425

Epoch 00370: val_loss did not improve from 0.14042
Epoch 371/8000
 - 17s - loss: 0.1434 - val_loss: 0.1448

Epoch 00371: val_loss did not improve from 0.14042
Epoch 372/8000
 - 17s - loss: 0.1415 - val_loss: 0.1423

Epoch 00372: val_loss did not improve from 0.14042
Epoch 373/8000
 - 17s - loss: 0.1434 - val_loss: 0.1475

Epoch 00373: val_loss did not improve from 0.14042
Epoch 374/8000
 - 17s - loss: 0.1398 - val_loss: 0.1497

Epoch 00374: val_loss did not improve from 0.14042
Epoch 375/8000
 - 17s - loss: 0.1408 - val_loss: 0.1412

Epoch 00375: val_loss did not improve from 0.14042
Epoch 376/8000
 - 17s - loss: 0.1412 - val_loss: 0.1433

Epoch 00376: val_loss did not improve from 0.14042
Epoch 377/8000
 - 17s - loss: 0.1412 - val_loss: 0.1449

Epoch 00377: val_loss did not improve from 0.14042
Epoch 378/8000
 - 17s - loss: 0.1416 - val_loss: 0.1424

Epoch 00378: val_loss did not improve from 0.14042
Epoch 379/8000
 - 17s - loss: 0.1419 - val_loss: 0.1500

Epoch 00379: val_loss did not improve from 0.14042
Epoch 380/8000
 - 17s - loss: 0.1453 - val_loss: 0.1444

Epoch 00380: val_loss did not improve from 0.14042
Epoch 381/8000
 - 17s - loss: 0.1473 - val_loss: 0.1467

Epoch 00381: val_loss did not improve from 0.14042
Epoch 382/8000
 - 17s - loss: 0.1440 - val_loss: 0.1452

Epoch 00382: val_loss did not improve from 0.14042
Epoch 383/8000
 - 17s - loss: 0.1409 - val_loss: 0.1536

Epoch 00383: val_loss did not improve from 0.14042
Epoch 384/8000
 - 17s - loss: 0.1411 - val_loss: 0.1429

Epoch 00384: val_loss did not improve from 0.14042
Epoch 385/8000
 - 17s - loss: 0.1428 - val_loss: 0.1451

Epoch 00385: val_loss did not improve from 0.14042
Epoch 386/8000
 - 17s - loss: 0.1413 - val_loss: 0.1466

Epoch 00386: val_loss did not improve from 0.14042
Epoch 387/8000
 - 17s - loss: 0.1425 - val_loss: 0.1462

Epoch 00387: val_loss did not improve from 0.14042
Epoch 388/8000
 - 17s - loss: 0.1455 - val_loss: 0.1432

Epoch 00388: val_loss did not improve from 0.14042
Epoch 389/8000
 - 17s - loss: 0.1437 - val_loss: 0.1465

Epoch 00389: val_loss did not improve from 0.14042
Epoch 390/8000
 - 17s - loss: 0.1396 - val_loss: 0.1457

Epoch 00390: val_loss did not improve from 0.14042
Epoch 391/8000
 - 17s - loss: 0.1421 - val_loss: 0.1445

Epoch 00391: val_loss did not improve from 0.14042
Epoch 392/8000
 - 17s - loss: 0.1415 - val_loss: 0.1402

Epoch 00392: val_loss improved from 0.14042 to 0.14024, saving model to model_weights/lstm_autoencoder_2020-01-23_12-39-46.h5
Epoch 393/8000
 - 17s - loss: 0.1402 - val_loss: 0.1415

Epoch 00393: val_loss did not improve from 0.14024
Epoch 394/8000
 - 17s - loss: 0.1403 - val_loss: 0.1437

Epoch 00394: val_loss did not improve from 0.14024
Epoch 395/8000
 - 17s - loss: 0.1399 - val_loss: 0.1407

Epoch 00395: val_loss did not improve from 0.14024
Epoch 396/8000
 - 17s - loss: 0.1399 - val_loss: 0.1424

Epoch 00396: val_loss did not improve from 0.14024
Epoch 397/8000
 - 17s - loss: 0.1412 - val_loss: 0.1495

Epoch 00397: val_loss did not improve from 0.14024
Epoch 398/8000
 - 17s - loss: 0.1498 - val_loss: 0.1501

Epoch 00398: val_loss did not improve from 0.14024
Epoch 399/8000
 - 17s - loss: 0.1420 - val_loss: 0.1510

Epoch 00399: val_loss did not improve from 0.14024
Epoch 400/8000
 - 17s - loss: 0.1448 - val_loss: 0.1434

Epoch 00400: val_loss did not improve from 0.14024
Epoch 401/8000
 - 17s - loss: 0.1412 - val_loss: 0.1425

Epoch 00401: val_loss did not improve from 0.14024
Epoch 402/8000
 - 17s - loss: 0.1418 - val_loss: 0.1456

Epoch 00402: val_loss did not improve from 0.14024
Epoch 403/8000
 - 17s - loss: 0.1410 - val_loss: 0.1371

Epoch 00403: val_loss improved from 0.14024 to 0.13712, saving model to model_weights/lstm_autoencoder_2020-01-23_12-39-46.h5
Epoch 404/8000
 - 17s - loss: 0.1430 - val_loss: 0.1418

Epoch 00404: val_loss did not improve from 0.13712
Epoch 405/8000
 - 17s - loss: 0.1407 - val_loss: 0.1433

Epoch 00405: val_loss did not improve from 0.13712
Epoch 406/8000
 - 17s - loss: 0.1409 - val_loss: 0.1604

Epoch 00406: val_loss did not improve from 0.13712
Epoch 407/8000
 - 17s - loss: 0.1442 - val_loss: 0.1433

Epoch 00407: val_loss did not improve from 0.13712
Epoch 408/8000
 - 17s - loss: 0.1531 - val_loss: 0.1437

Epoch 00408: val_loss did not improve from 0.13712
Epoch 409/8000
 - 17s - loss: 0.1432 - val_loss: 0.1471

Epoch 00409: val_loss did not improve from 0.13712
Epoch 410/8000
 - 17s - loss: 0.1399 - val_loss: 0.1405

Epoch 00410: val_loss did not improve from 0.13712
Epoch 411/8000
 - 17s - loss: 0.1413 - val_loss: 0.1403

Epoch 00411: val_loss did not improve from 0.13712
Epoch 412/8000
 - 17s - loss: 0.1433 - val_loss: 0.1425

Epoch 00412: val_loss did not improve from 0.13712
Epoch 413/8000
 - 17s - loss: 0.1417 - val_loss: 0.1412

Epoch 00413: val_loss did not improve from 0.13712
Epoch 414/8000
 - 17s - loss: 0.1404 - val_loss: 0.1427

Epoch 00414: val_loss did not improve from 0.13712
Epoch 415/8000
 - 17s - loss: 0.1422 - val_loss: 0.1388

Epoch 00415: val_loss did not improve from 0.13712
Epoch 416/8000
 - 17s - loss: 0.1402 - val_loss: 0.1404

Epoch 00416: val_loss did not improve from 0.13712
Epoch 417/8000
 - 17s - loss: 0.1420 - val_loss: 0.1463

Epoch 00417: val_loss did not improve from 0.13712
Epoch 418/8000
 - 17s - loss: 0.1445 - val_loss: 0.1569

Epoch 00418: val_loss did not improve from 0.13712
Epoch 419/8000
 - 17s - loss: 0.1476 - val_loss: 0.1432

Epoch 00419: val_loss did not improve from 0.13712
Epoch 420/8000
 - 17s - loss: 0.1420 - val_loss: 0.1432

Epoch 00420: val_loss did not improve from 0.13712
Epoch 421/8000
 - 17s - loss: 0.1431 - val_loss: 0.1752

Epoch 00421: val_loss did not improve from 0.13712
Epoch 422/8000
 - 17s - loss: 0.1462 - val_loss: 0.1408

Epoch 00422: val_loss did not improve from 0.13712
Epoch 423/8000
 - 17s - loss: 0.1402 - val_loss: 0.1425

Epoch 00423: val_loss did not improve from 0.13712
Epoch 424/8000
 - 17s - loss: 0.1403 - val_loss: 0.1373

Epoch 00424: val_loss did not improve from 0.13712
Epoch 425/8000
 - 17s - loss: 0.1405 - val_loss: 0.1385

Epoch 00425: val_loss did not improve from 0.13712
Epoch 426/8000
 - 17s - loss: 0.1402 - val_loss: 0.1427

Epoch 00426: val_loss did not improve from 0.13712
Epoch 427/8000
 - 17s - loss: 0.1402 - val_loss: 0.1488

Epoch 00427: val_loss did not improve from 0.13712
Epoch 428/8000
 - 17s - loss: 0.1386 - val_loss: 0.1456

Epoch 00428: val_loss did not improve from 0.13712
Epoch 429/8000
 - 17s - loss: 0.1396 - val_loss: 0.1426

Epoch 00429: val_loss did not improve from 0.13712
Epoch 430/8000
 - 17s - loss: 0.1428 - val_loss: 0.1453

Epoch 00430: val_loss did not improve from 0.13712
Epoch 431/8000
 - 17s - loss: 0.1399 - val_loss: 0.1539

Epoch 00431: val_loss did not improve from 0.13712
Epoch 432/8000
 - 17s - loss: 0.1395 - val_loss: 0.1523

Epoch 00432: val_loss did not improve from 0.13712
Epoch 433/8000
 - 17s - loss: 0.1461 - val_loss: 0.1386

Epoch 00433: val_loss did not improve from 0.13712
Epoch 434/8000
 - 17s - loss: 0.1399 - val_loss: 0.1561

Epoch 00434: val_loss did not improve from 0.13712
Epoch 435/8000
 - 17s - loss: 0.1409 - val_loss: 0.1393

Epoch 00435: val_loss did not improve from 0.13712
Epoch 436/8000
 - 17s - loss: 0.1395 - val_loss: 0.1381

Epoch 00436: val_loss did not improve from 0.13712
Epoch 437/8000
 - 17s - loss: 0.1397 - val_loss: 0.1398

Epoch 00437: val_loss did not improve from 0.13712
Epoch 438/8000
 - 17s - loss: 0.1380 - val_loss: 0.1381

Epoch 00438: val_loss did not improve from 0.13712
Epoch 439/8000
 - 17s - loss: 0.1368 - val_loss: 0.1386

Epoch 00439: val_loss did not improve from 0.13712
Epoch 440/8000
 - 17s - loss: 0.1401 - val_loss: 0.1423

Epoch 00440: val_loss did not improve from 0.13712
Epoch 441/8000
 - 17s - loss: 0.1389 - val_loss: 0.1386

Epoch 00441: val_loss did not improve from 0.13712
Epoch 442/8000
 - 17s - loss: 0.1418 - val_loss: 0.1462

Epoch 00442: val_loss did not improve from 0.13712
Epoch 443/8000
 - 17s - loss: 0.1397 - val_loss: 0.1388

Epoch 00443: val_loss did not improve from 0.13712
Epoch 444/8000
 - 17s - loss: 0.1367 - val_loss: 0.1390

Epoch 00444: val_loss did not improve from 0.13712
Epoch 445/8000
 - 17s - loss: 0.1382 - val_loss: 0.1379

Epoch 00445: val_loss did not improve from 0.13712
Epoch 446/8000
 - 17s - loss: 0.1370 - val_loss: 0.1444

Epoch 00446: val_loss did not improve from 0.13712
Epoch 447/8000
 - 17s - loss: 0.1405 - val_loss: 0.1414

Epoch 00447: val_loss did not improve from 0.13712
Epoch 448/8000
 - 17s - loss: 0.1393 - val_loss: 0.1410

Epoch 00448: val_loss did not improve from 0.13712
Epoch 449/8000
 - 17s - loss: 0.1425 - val_loss: 0.1447

Epoch 00449: val_loss did not improve from 0.13712
Epoch 450/8000
 - 17s - loss: 0.1413 - val_loss: 0.1499

Epoch 00450: val_loss did not improve from 0.13712
Epoch 451/8000
 - 17s - loss: 0.1391 - val_loss: 0.1439

Epoch 00451: val_loss did not improve from 0.13712
Epoch 452/8000
 - 17s - loss: 0.1391 - val_loss: 0.1391

Epoch 00452: val_loss did not improve from 0.13712
Epoch 453/8000
 - 17s - loss: 0.1387 - val_loss: 0.1500

Epoch 00453: val_loss did not improve from 0.13712
Epoch 454/8000
 - 17s - loss: 0.1415 - val_loss: 0.1406

Epoch 00454: val_loss did not improve from 0.13712
Epoch 455/8000
 - 17s - loss: 0.1409 - val_loss: 0.1446

Epoch 00455: val_loss did not improve from 0.13712
Epoch 456/8000
 - 17s - loss: 0.1397 - val_loss: 0.1459

Epoch 00456: val_loss did not improve from 0.13712
Epoch 457/8000
 - 17s - loss: 0.1398 - val_loss: 0.1417

Epoch 00457: val_loss did not improve from 0.13712
Epoch 458/8000
 - 17s - loss: 0.1407 - val_loss: 0.1456

Epoch 00458: val_loss did not improve from 0.13712
Epoch 459/8000
 - 17s - loss: 0.1399 - val_loss: 0.1463

Epoch 00459: val_loss did not improve from 0.13712
Epoch 460/8000
 - 17s - loss: 0.1395 - val_loss: 0.1452

Epoch 00460: val_loss did not improve from 0.13712
Epoch 461/8000
 - 17s - loss: 0.1396 - val_loss: 0.1445

Epoch 00461: val_loss did not improve from 0.13712
Epoch 462/8000
 - 17s - loss: 0.1399 - val_loss: 0.1432

Epoch 00462: val_loss did not improve from 0.13712
Epoch 463/8000
 - 17s - loss: 0.1401 - val_loss: 0.1529

Epoch 00463: val_loss did not improve from 0.13712
Epoch 464/8000
 - 17s - loss: 0.1409 - val_loss: 0.1428

Epoch 00464: val_loss did not improve from 0.13712
Epoch 465/8000
 - 17s - loss: 0.1391 - val_loss: 0.1402

Epoch 00465: val_loss did not improve from 0.13712
Epoch 466/8000
 - 17s - loss: 0.1383 - val_loss: 0.1407

Epoch 00466: val_loss did not improve from 0.13712
Epoch 467/8000
 - 17s - loss: 0.1369 - val_loss: 0.1437

Epoch 00467: val_loss did not improve from 0.13712
Epoch 468/8000
 - 17s - loss: 0.1407 - val_loss: 0.1496

Epoch 00468: val_loss did not improve from 0.13712
Epoch 469/8000
 - 17s - loss: 0.1397 - val_loss: 0.1378

Epoch 00469: val_loss did not improve from 0.13712
Epoch 470/8000
 - 17s - loss: 0.1385 - val_loss: 0.1420

Epoch 00470: val_loss did not improve from 0.13712
Epoch 471/8000
 - 17s - loss: 0.1389 - val_loss: 0.1407

Epoch 00471: val_loss did not improve from 0.13712
Epoch 472/8000
 - 17s - loss: 0.1377 - val_loss: 0.1470

Epoch 00472: val_loss did not improve from 0.13712
Epoch 473/8000
 - 17s - loss: 0.1401 - val_loss: 0.1397

Epoch 00473: val_loss did not improve from 0.13712
Epoch 474/8000
 - 17s - loss: 0.1398 - val_loss: 0.1439

Epoch 00474: val_loss did not improve from 0.13712
Epoch 475/8000
 - 17s - loss: 0.1367 - val_loss: 0.1410

Epoch 00475: val_loss did not improve from 0.13712
Epoch 476/8000
 - 17s - loss: 0.1417 - val_loss: 0.1438

Epoch 00476: val_loss did not improve from 0.13712
Epoch 477/8000
 - 17s - loss: 0.1449 - val_loss: 0.1484

Epoch 00477: val_loss did not improve from 0.13712
Epoch 478/8000
 - 17s - loss: 0.1425 - val_loss: 0.1405

Epoch 00478: val_loss did not improve from 0.13712
Epoch 479/8000
 - 17s - loss: 0.1423 - val_loss: 0.1414

Epoch 00479: val_loss did not improve from 0.13712
Epoch 480/8000
 - 17s - loss: 0.1395 - val_loss: 0.1408

Epoch 00480: val_loss did not improve from 0.13712
Epoch 481/8000
 - 17s - loss: 0.1394 - val_loss: 0.1388

Epoch 00481: val_loss did not improve from 0.13712
Epoch 482/8000
 - 17s - loss: 0.1408 - val_loss: 0.1429

Epoch 00482: val_loss did not improve from 0.13712
Epoch 483/8000
 - 17s - loss: 0.1400 - val_loss: 0.1390

Epoch 00483: val_loss did not improve from 0.13712
Epoch 484/8000
 - 17s - loss: 0.1387 - val_loss: 0.1428

Epoch 00484: val_loss did not improve from 0.13712
Epoch 485/8000
 - 17s - loss: 0.1400 - val_loss: 0.1381

Epoch 00485: val_loss did not improve from 0.13712
Epoch 486/8000
 - 17s - loss: 0.1387 - val_loss: 0.1428

Epoch 00486: val_loss did not improve from 0.13712
Epoch 487/8000
 - 17s - loss: 0.1401 - val_loss: 0.1387

Epoch 00487: val_loss did not improve from 0.13712
Epoch 488/8000
 - 17s - loss: 0.1364 - val_loss: 0.1403

Epoch 00488: val_loss did not improve from 0.13712
Epoch 489/8000
 - 17s - loss: 0.1399 - val_loss: 0.1592

Epoch 00489: val_loss did not improve from 0.13712
Epoch 490/8000
 - 17s - loss: 0.1404 - val_loss: 0.1403

Epoch 00490: val_loss did not improve from 0.13712
Epoch 491/8000
 - 17s - loss: 0.1407 - val_loss: 0.1454

Epoch 00491: val_loss did not improve from 0.13712
Epoch 492/8000
 - 17s - loss: 0.1403 - val_loss: 0.1425

Epoch 00492: val_loss did not improve from 0.13712
Epoch 493/8000
 - 17s - loss: 0.1399 - val_loss: 0.1382

Epoch 00493: val_loss did not improve from 0.13712
Epoch 494/8000
 - 17s - loss: 0.1408 - val_loss: 0.1431

Epoch 00494: val_loss did not improve from 0.13712
Epoch 495/8000
 - 17s - loss: 0.1384 - val_loss: 0.1358

Epoch 00495: val_loss improved from 0.13712 to 0.13582, saving model to model_weights/lstm_autoencoder_2020-01-23_12-39-46.h5
Epoch 496/8000
 - 17s - loss: 0.1371 - val_loss: 0.1468

Epoch 00496: val_loss did not improve from 0.13582
Epoch 497/8000
 - 17s - loss: 0.1389 - val_loss: 0.1349

Epoch 00497: val_loss improved from 0.13582 to 0.13488, saving model to model_weights/lstm_autoencoder_2020-01-23_12-39-46.h5
Epoch 498/8000
 - 17s - loss: 0.1375 - val_loss: 0.1477

Epoch 00498: val_loss did not improve from 0.13488
Epoch 499/8000
 - 17s - loss: 0.1385 - val_loss: 0.1517

Epoch 00499: val_loss did not improve from 0.13488
Epoch 500/8000
 - 17s - loss: 0.1392 - val_loss: 0.1471

Epoch 00500: val_loss did not improve from 0.13488
Epoch 501/8000
 - 17s - loss: 0.1375 - val_loss: 0.1418

Epoch 00501: val_loss did not improve from 0.13488
Epoch 502/8000
 - 17s - loss: 0.1360 - val_loss: 0.1397

Epoch 00502: val_loss did not improve from 0.13488
Epoch 503/8000
 - 17s - loss: 0.1352 - val_loss: 0.1466

Epoch 00503: val_loss did not improve from 0.13488
Epoch 504/8000
 - 17s - loss: 0.1358 - val_loss: 0.1453

Epoch 00504: val_loss did not improve from 0.13488
Epoch 505/8000
 - 17s - loss: 0.1384 - val_loss: 0.1343

Epoch 00505: val_loss improved from 0.13488 to 0.13433, saving model to model_weights/lstm_autoencoder_2020-01-23_12-39-46.h5
Epoch 506/8000
 - 17s - loss: 0.1397 - val_loss: 0.1395

Epoch 00506: val_loss did not improve from 0.13433
Epoch 507/8000
 - 17s - loss: 0.1421 - val_loss: 0.1507

Epoch 00507: val_loss did not improve from 0.13433
Epoch 508/8000
 - 17s - loss: 0.1429 - val_loss: 0.1517

Epoch 00508: val_loss did not improve from 0.13433
Epoch 509/8000
 - 17s - loss: 0.1441 - val_loss: 0.1448

Epoch 00509: val_loss did not improve from 0.13433
Epoch 510/8000
 - 17s - loss: 0.1405 - val_loss: 0.1406

Epoch 00510: val_loss did not improve from 0.13433
Epoch 511/8000
 - 17s - loss: 0.1428 - val_loss: 0.1515

Epoch 00511: val_loss did not improve from 0.13433
Epoch 512/8000
 - 17s - loss: 0.1435 - val_loss: 0.1389

Epoch 00512: val_loss did not improve from 0.13433
Epoch 513/8000
 - 17s - loss: 0.1392 - val_loss: 0.1533

Epoch 00513: val_loss did not improve from 0.13433
Epoch 514/8000
 - 17s - loss: 0.1442 - val_loss: 0.1482

Epoch 00514: val_loss did not improve from 0.13433
Epoch 515/8000
 - 17s - loss: 0.1434 - val_loss: 0.1426

Epoch 00515: val_loss did not improve from 0.13433
Epoch 516/8000
 - 17s - loss: 0.1451 - val_loss: 0.1408

Epoch 00516: val_loss did not improve from 0.13433
Epoch 517/8000
 - 17s - loss: 0.1423 - val_loss: 0.1453

Epoch 00517: val_loss did not improve from 0.13433
Epoch 518/8000
 - 17s - loss: 0.1415 - val_loss: 0.1438

Epoch 00518: val_loss did not improve from 0.13433
Epoch 519/8000
 - 17s - loss: 0.1396 - val_loss: 0.1529

Epoch 00519: val_loss did not improve from 0.13433
Epoch 520/8000
 - 17s - loss: 0.1408 - val_loss: 0.1389

Epoch 00520: val_loss did not improve from 0.13433
Epoch 521/8000
 - 17s - loss: 0.1427 - val_loss: 0.1447

Epoch 00521: val_loss did not improve from 0.13433
Epoch 522/8000
 - 17s - loss: 0.1397 - val_loss: 0.1633

Epoch 00522: val_loss did not improve from 0.13433
Epoch 523/8000
 - 17s - loss: 0.1445 - val_loss: 0.1448

Epoch 00523: val_loss did not improve from 0.13433
Epoch 524/8000
 - 17s - loss: 0.1430 - val_loss: 0.1399

Epoch 00524: val_loss did not improve from 0.13433
Epoch 525/8000
 - 17s - loss: 0.1423 - val_loss: 0.1435

Epoch 00525: val_loss did not improve from 0.13433
Epoch 526/8000
 - 17s - loss: 0.1414 - val_loss: 0.1401

Epoch 00526: val_loss did not improve from 0.13433
Epoch 527/8000
 - 17s - loss: 0.1395 - val_loss: 0.1438

Epoch 00527: val_loss did not improve from 0.13433
Epoch 528/8000
 - 17s - loss: 0.1439 - val_loss: 0.1486

Epoch 00528: val_loss did not improve from 0.13433
Epoch 529/8000
 - 17s - loss: 0.1421 - val_loss: 0.1506

Epoch 00529: val_loss did not improve from 0.13433
Epoch 530/8000
 - 17s - loss: 0.1418 - val_loss: 0.1411

Epoch 00530: val_loss did not improve from 0.13433
Epoch 531/8000
 - 17s - loss: 0.1402 - val_loss: 0.1390

Epoch 00531: val_loss did not improve from 0.13433
Epoch 532/8000
 - 17s - loss: 0.1406 - val_loss: 0.1419

Epoch 00532: val_loss did not improve from 0.13433
Epoch 533/8000
 - 17s - loss: 0.1397 - val_loss: 0.1411

Epoch 00533: val_loss did not improve from 0.13433
Epoch 534/8000
 - 17s - loss: 0.1417 - val_loss: 0.1481

Epoch 00534: val_loss did not improve from 0.13433
Epoch 535/8000
 - 17s - loss: 0.1400 - val_loss: 0.1452

Epoch 00535: val_loss did not improve from 0.13433
Epoch 536/8000
 - 17s - loss: 0.1403 - val_loss: 0.1379

Epoch 00536: val_loss did not improve from 0.13433
Epoch 537/8000
 - 17s - loss: 0.1400 - val_loss: 0.1398

Epoch 00537: val_loss did not improve from 0.13433
Epoch 538/8000
 - 17s - loss: 0.1415 - val_loss: 0.1486

Epoch 00538: val_loss did not improve from 0.13433
Epoch 539/8000
 - 17s - loss: 0.1426 - val_loss: 0.1446

Epoch 00539: val_loss did not improve from 0.13433
Epoch 540/8000
 - 17s - loss: 0.1406 - val_loss: 0.1396

Epoch 00540: val_loss did not improve from 0.13433
Epoch 541/8000
 - 17s - loss: 0.1410 - val_loss: 0.1398

Epoch 00541: val_loss did not improve from 0.13433
Epoch 542/8000
 - 17s - loss: 0.1387 - val_loss: 0.1450

Epoch 00542: val_loss did not improve from 0.13433
Epoch 543/8000
 - 17s - loss: 0.1393 - val_loss: 0.1343

Epoch 00543: val_loss improved from 0.13433 to 0.13428, saving model to model_weights/lstm_autoencoder_2020-01-23_12-39-46.h5
Epoch 544/8000
 - 17s - loss: 0.1388 - val_loss: 0.1347

Epoch 00544: val_loss did not improve from 0.13428
Epoch 545/8000
 - 17s - loss: 0.1390 - val_loss: 0.1340

Epoch 00545: val_loss improved from 0.13428 to 0.13404, saving model to model_weights/lstm_autoencoder_2020-01-23_12-39-46.h5
Epoch 546/8000
 - 17s - loss: 0.1389 - val_loss: 0.1449

Epoch 00546: val_loss did not improve from 0.13404
Epoch 547/8000
 - 17s - loss: 0.1410 - val_loss: 0.1383

Epoch 00547: val_loss did not improve from 0.13404
Epoch 548/8000
 - 17s - loss: 0.1379 - val_loss: 0.1386

Epoch 00548: val_loss did not improve from 0.13404
Epoch 549/8000
 - 17s - loss: 0.1384 - val_loss: 0.1493

Epoch 00549: val_loss did not improve from 0.13404
Epoch 550/8000
 - 17s - loss: 0.1382 - val_loss: 0.1455

Epoch 00550: val_loss did not improve from 0.13404
Epoch 551/8000
 - 17s - loss: 0.1400 - val_loss: 0.1439

Epoch 00551: val_loss did not improve from 0.13404
Epoch 552/8000
 - 17s - loss: 0.1390 - val_loss: 0.1389

Epoch 00552: val_loss did not improve from 0.13404
Epoch 553/8000
 - 17s - loss: 0.1407 - val_loss: 0.1389

Epoch 00553: val_loss did not improve from 0.13404
Epoch 554/8000
 - 17s - loss: 0.1384 - val_loss: 0.1358

Epoch 00554: val_loss did not improve from 0.13404
Epoch 555/8000
 - 17s - loss: 0.1359 - val_loss: 0.1410

Epoch 00555: val_loss did not improve from 0.13404
Epoch 556/8000
 - 17s - loss: 0.1393 - val_loss: 0.1441

Epoch 00556: val_loss did not improve from 0.13404
Epoch 557/8000
 - 17s - loss: 0.1364 - val_loss: 0.1511

Epoch 00557: val_loss did not improve from 0.13404
Epoch 558/8000
 - 17s - loss: 0.1386 - val_loss: 0.1523

Epoch 00558: val_loss did not improve from 0.13404
Epoch 559/8000
 - 17s - loss: 0.1392 - val_loss: 0.1512

Epoch 00559: val_loss did not improve from 0.13404
Epoch 560/8000
 - 17s - loss: 0.1388 - val_loss: 0.1529

Epoch 00560: val_loss did not improve from 0.13404
Epoch 561/8000
 - 17s - loss: 0.1378 - val_loss: 0.1363

Epoch 00561: val_loss did not improve from 0.13404
Epoch 562/8000
 - 17s - loss: 0.1392 - val_loss: 0.1515

Epoch 00562: val_loss did not improve from 0.13404
Epoch 563/8000
 - 17s - loss: 0.1411 - val_loss: 0.1448

Epoch 00563: val_loss did not improve from 0.13404
Epoch 564/8000
 - 17s - loss: 0.1362 - val_loss: 0.1458

Epoch 00564: val_loss did not improve from 0.13404
Epoch 565/8000
 - 17s - loss: 0.1387 - val_loss: 0.1394

Epoch 00565: val_loss did not improve from 0.13404
Epoch 566/8000
 - 17s - loss: 0.1380 - val_loss: 0.1408

Epoch 00566: val_loss did not improve from 0.13404
Epoch 567/8000
 - 17s - loss: 0.1353 - val_loss: 0.1356

Epoch 00567: val_loss did not improve from 0.13404
Epoch 568/8000
 - 17s - loss: 0.1344 - val_loss: 0.1392

Epoch 00568: val_loss did not improve from 0.13404
Epoch 569/8000
 - 17s - loss: 0.1375 - val_loss: 0.1333

Epoch 00569: val_loss improved from 0.13404 to 0.13333, saving model to model_weights/lstm_autoencoder_2020-01-23_12-39-46.h5
Epoch 570/8000
 - 17s - loss: 0.1386 - val_loss: 0.1532

Epoch 00570: val_loss did not improve from 0.13333
Epoch 571/8000
 - 17s - loss: 0.1405 - val_loss: 0.1401

Epoch 00571: val_loss did not improve from 0.13333
Epoch 572/8000
 - 17s - loss: 0.1380 - val_loss: 0.1362

Epoch 00572: val_loss did not improve from 0.13333
Epoch 573/8000
 - 17s - loss: 0.1371 - val_loss: 0.1430

Epoch 00573: val_loss did not improve from 0.13333
Epoch 574/8000
 - 17s - loss: 0.1366 - val_loss: 0.1471

Epoch 00574: val_loss did not improve from 0.13333
Epoch 575/8000
 - 17s - loss: 0.1363 - val_loss: 0.1350

Epoch 00575: val_loss did not improve from 0.13333
Epoch 576/8000
 - 17s - loss: 0.1392 - val_loss: 0.1461

Epoch 00576: val_loss did not improve from 0.13333
Epoch 577/8000
 - 17s - loss: 0.1366 - val_loss: 0.1410

Epoch 00577: val_loss did not improve from 0.13333
Epoch 578/8000
 - 17s - loss: 0.1374 - val_loss: 0.1478

Epoch 00578: val_loss did not improve from 0.13333
Epoch 579/8000
 - 17s - loss: 0.1357 - val_loss: 0.1438

Epoch 00579: val_loss did not improve from 0.13333
Epoch 580/8000
 - 17s - loss: 0.1391 - val_loss: 0.1332

Epoch 00580: val_loss improved from 0.13333 to 0.13324, saving model to model_weights/lstm_autoencoder_2020-01-23_12-39-46.h5
Epoch 581/8000
 - 17s - loss: 0.1354 - val_loss: 0.1466

Epoch 00581: val_loss did not improve from 0.13324
Epoch 582/8000
 - 17s - loss: 0.1391 - val_loss: 0.1479

Epoch 00582: val_loss did not improve from 0.13324
Epoch 583/8000
 - 17s - loss: 0.1354 - val_loss: 0.1375

Epoch 00583: val_loss did not improve from 0.13324
Epoch 584/8000
 - 17s - loss: 0.1369 - val_loss: 0.1333

Epoch 00584: val_loss did not improve from 0.13324
Epoch 585/8000
 - 17s - loss: 0.1386 - val_loss: 0.1366

Epoch 00585: val_loss did not improve from 0.13324
Epoch 586/8000
 - 17s - loss: 0.1354 - val_loss: 0.1426

Epoch 00586: val_loss did not improve from 0.13324
Epoch 587/8000
 - 17s - loss: 0.1365 - val_loss: 0.1384

Epoch 00587: val_loss did not improve from 0.13324
Epoch 588/8000
 - 17s - loss: 0.1378 - val_loss: 0.1372

Epoch 00588: val_loss did not improve from 0.13324
Epoch 589/8000
 - 17s - loss: 0.1348 - val_loss: 0.1481

Epoch 00589: val_loss did not improve from 0.13324
Epoch 590/8000
 - 17s - loss: 0.1364 - val_loss: 0.1466

Epoch 00590: val_loss did not improve from 0.13324
Epoch 591/8000
 - 17s - loss: 0.1385 - val_loss: 0.1426

Epoch 00591: val_loss did not improve from 0.13324
Epoch 592/8000
 - 17s - loss: 0.1375 - val_loss: 0.1374

Epoch 00592: val_loss did not improve from 0.13324
Epoch 593/8000
 - 17s - loss: 0.1378 - val_loss: 0.1351

Epoch 00593: val_loss did not improve from 0.13324
Epoch 594/8000
 - 17s - loss: 0.1341 - val_loss: 0.1319

Epoch 00594: val_loss improved from 0.13324 to 0.13188, saving model to model_weights/lstm_autoencoder_2020-01-23_12-39-46.h5
Epoch 595/8000
 - 17s - loss: 0.1376 - val_loss: 0.1346

Epoch 00595: val_loss did not improve from 0.13188
Epoch 596/8000
 - 17s - loss: 0.1359 - val_loss: 0.1411

Epoch 00596: val_loss did not improve from 0.13188
Epoch 597/8000
 - 17s - loss: 0.1370 - val_loss: 0.1439

Epoch 00597: val_loss did not improve from 0.13188
Epoch 598/8000
 - 17s - loss: 0.1367 - val_loss: 0.1322

Epoch 00598: val_loss did not improve from 0.13188
Epoch 599/8000
 - 17s - loss: 0.1365 - val_loss: 0.1390

Epoch 00599: val_loss did not improve from 0.13188
Epoch 600/8000
 - 17s - loss: 0.1386 - val_loss: 0.1362

Epoch 00600: val_loss did not improve from 0.13188
Epoch 601/8000
 - 17s - loss: 0.1357 - val_loss: 0.1328

Epoch 00601: val_loss did not improve from 0.13188
Epoch 602/8000
 - 17s - loss: 0.1357 - val_loss: 0.1337

Epoch 00602: val_loss did not improve from 0.13188
Epoch 603/8000
 - 17s - loss: 0.1362 - val_loss: 0.1406

Epoch 00603: val_loss did not improve from 0.13188
Epoch 604/8000
 - 17s - loss: 0.1353 - val_loss: 0.1412

Epoch 00604: val_loss did not improve from 0.13188
Epoch 605/8000
 - 17s - loss: 0.1351 - val_loss: 0.1378

Epoch 00605: val_loss did not improve from 0.13188
Epoch 606/8000
 - 17s - loss: 0.1375 - val_loss: 0.1430

Epoch 00606: val_loss did not improve from 0.13188
Epoch 607/8000
 - 17s - loss: 0.1372 - val_loss: 0.1342

Epoch 00607: val_loss did not improve from 0.13188
Epoch 608/8000
 - 17s - loss: 0.1368 - val_loss: 0.1385

Epoch 00608: val_loss did not improve from 0.13188
Epoch 609/8000
 - 17s - loss: 0.1350 - val_loss: 0.1400

Epoch 00609: val_loss did not improve from 0.13188
Epoch 610/8000
 - 17s - loss: 0.1390 - val_loss: 0.1404

Epoch 00610: val_loss did not improve from 0.13188
Epoch 611/8000
 - 17s - loss: 0.1344 - val_loss: 0.1401

Epoch 00611: val_loss did not improve from 0.13188
Epoch 612/8000
 - 17s - loss: 0.1382 - val_loss: 0.1350

Epoch 00612: val_loss did not improve from 0.13188
Epoch 613/8000
 - 17s - loss: 0.1354 - val_loss: 0.1334

Epoch 00613: val_loss did not improve from 0.13188
Epoch 614/8000
 - 17s - loss: 0.1350 - val_loss: 0.1337

Epoch 00614: val_loss did not improve from 0.13188
Epoch 615/8000
 - 17s - loss: 0.1359 - val_loss: 0.1455

Epoch 00615: val_loss did not improve from 0.13188
Epoch 616/8000
 - 17s - loss: 0.1355 - val_loss: 0.1330

Epoch 00616: val_loss did not improve from 0.13188
Epoch 617/8000
 - 17s - loss: 0.1341 - val_loss: 0.1326

Epoch 00617: val_loss did not improve from 0.13188
Epoch 618/8000
 - 17s - loss: 0.1347 - val_loss: 0.1499

Epoch 00618: val_loss did not improve from 0.13188
Epoch 619/8000
 - 17s - loss: 0.1346 - val_loss: 0.1458

Epoch 00619: val_loss did not improve from 0.13188
Epoch 620/8000
 - 17s - loss: 0.1361 - val_loss: 0.1361

Epoch 00620: val_loss did not improve from 0.13188
Epoch 621/8000
 - 17s - loss: 0.1365 - val_loss: 0.1348

Epoch 00621: val_loss did not improve from 0.13188
Epoch 622/8000
 - 17s - loss: 0.1358 - val_loss: 0.1367

Epoch 00622: val_loss did not improve from 0.13188
Epoch 623/8000
 - 17s - loss: 0.1367 - val_loss: 0.1339

Epoch 00623: val_loss did not improve from 0.13188
Epoch 624/8000
 - 17s - loss: 0.1406 - val_loss: 0.1423

Epoch 00624: val_loss did not improve from 0.13188
Epoch 625/8000
 - 17s - loss: 0.1379 - val_loss: 0.1367

Epoch 00625: val_loss did not improve from 0.13188
Epoch 626/8000
 - 17s - loss: 0.1353 - val_loss: 0.1509

Epoch 00626: val_loss did not improve from 0.13188
Epoch 627/8000
 - 17s - loss: 0.1337 - val_loss: 0.1342

Epoch 00627: val_loss did not improve from 0.13188
Epoch 628/8000
 - 17s - loss: 0.1368 - val_loss: 0.1399

Epoch 00628: val_loss did not improve from 0.13188
Epoch 629/8000
 - 17s - loss: 0.1387 - val_loss: 0.1403

Epoch 00629: val_loss did not improve from 0.13188
Epoch 630/8000
 - 17s - loss: 0.1381 - val_loss: 0.1437

Epoch 00630: val_loss did not improve from 0.13188
Epoch 631/8000
 - 17s - loss: 0.1353 - val_loss: 0.1331

Epoch 00631: val_loss did not improve from 0.13188
Epoch 632/8000
 - 17s - loss: 0.1364 - val_loss: 0.1406

Epoch 00632: val_loss did not improve from 0.13188
Epoch 633/8000
 - 17s - loss: 0.1377 - val_loss: 0.1306

Epoch 00633: val_loss improved from 0.13188 to 0.13058, saving model to model_weights/lstm_autoencoder_2020-01-23_12-39-46.h5
Epoch 634/8000
 - 17s - loss: 0.1351 - val_loss: 0.1343

Epoch 00634: val_loss did not improve from 0.13058
Epoch 635/8000
 - 17s - loss: 0.1343 - val_loss: 0.1366

Epoch 00635: val_loss did not improve from 0.13058
Epoch 636/8000
 - 17s - loss: 0.1378 - val_loss: 0.1418

Epoch 00636: val_loss did not improve from 0.13058
Epoch 637/8000
 - 17s - loss: 0.1324 - val_loss: 0.1369

Epoch 00637: val_loss did not improve from 0.13058
Epoch 638/8000
 - 17s - loss: 0.1348 - val_loss: 0.1335

Epoch 00638: val_loss did not improve from 0.13058
Epoch 639/8000
 - 17s - loss: 0.1350 - val_loss: 0.1306

Epoch 00639: val_loss did not improve from 0.13058
Epoch 640/8000
 - 17s - loss: 0.1390 - val_loss: 0.1532

Epoch 00640: val_loss did not improve from 0.13058
Epoch 641/8000
 - 17s - loss: 0.1337 - val_loss: 0.1369

Epoch 00641: val_loss did not improve from 0.13058
Epoch 642/8000
 - 17s - loss: 0.1338 - val_loss: 0.1334

Epoch 00642: val_loss did not improve from 0.13058
Epoch 643/8000
 - 17s - loss: 0.1360 - val_loss: 0.1354

Epoch 00643: val_loss did not improve from 0.13058
Epoch 644/8000
 - 17s - loss: 0.1364 - val_loss: 0.1350

Epoch 00644: val_loss did not improve from 0.13058
Epoch 645/8000
 - 17s - loss: 0.1355 - val_loss: 0.1334

Epoch 00645: val_loss did not improve from 0.13058
Epoch 646/8000
 - 17s - loss: 0.1331 - val_loss: 0.1440

Epoch 00646: val_loss did not improve from 0.13058
Epoch 647/8000
 - 17s - loss: 0.1332 - val_loss: 0.1435

Epoch 00647: val_loss did not improve from 0.13058
Epoch 648/8000
 - 17s - loss: 0.1355 - val_loss: 0.1428

Epoch 00648: val_loss did not improve from 0.13058
Epoch 649/8000
 - 17s - loss: 0.1343 - val_loss: 0.1394

Epoch 00649: val_loss did not improve from 0.13058
Epoch 650/8000
 - 17s - loss: 0.1376 - val_loss: 0.1334

Epoch 00650: val_loss did not improve from 0.13058
Epoch 651/8000
 - 17s - loss: 0.1369 - val_loss: 0.1329

Epoch 00651: val_loss did not improve from 0.13058
Epoch 652/8000
 - 17s - loss: 0.1335 - val_loss: 0.1364

Epoch 00652: val_loss did not improve from 0.13058
Epoch 653/8000
 - 17s - loss: 0.1375 - val_loss: 0.1402

Epoch 00653: val_loss did not improve from 0.13058
Epoch 654/8000
 - 17s - loss: 0.1347 - val_loss: 0.1375

Epoch 00654: val_loss did not improve from 0.13058
Epoch 655/8000
 - 17s - loss: 0.1364 - val_loss: 0.1543

Epoch 00655: val_loss did not improve from 0.13058
Epoch 656/8000
 - 17s - loss: 0.1369 - val_loss: 0.1309

Epoch 00656: val_loss did not improve from 0.13058
Epoch 657/8000
 - 17s - loss: 0.1341 - val_loss: 0.1363

Epoch 00657: val_loss did not improve from 0.13058
Epoch 658/8000
 - 17s - loss: 0.1316 - val_loss: 0.1447

Epoch 00658: val_loss did not improve from 0.13058
Epoch 659/8000
 - 17s - loss: 0.1330 - val_loss: 0.1316

Epoch 00659: val_loss did not improve from 0.13058
Epoch 660/8000
 - 17s - loss: 0.1338 - val_loss: 0.1298

Epoch 00660: val_loss improved from 0.13058 to 0.12985, saving model to model_weights/lstm_autoencoder_2020-01-23_12-39-46.h5
Epoch 661/8000
 - 17s - loss: 0.1328 - val_loss: 0.1305

Epoch 00661: val_loss did not improve from 0.12985
Epoch 662/8000
 - 17s - loss: 0.1376 - val_loss: 0.1485

Epoch 00662: val_loss did not improve from 0.12985
Epoch 663/8000
 - 17s - loss: 0.1337 - val_loss: 0.1579

Epoch 00663: val_loss did not improve from 0.12985
Epoch 664/8000
 - 17s - loss: 0.1346 - val_loss: 0.1383

Epoch 00664: val_loss did not improve from 0.12985
Epoch 665/8000
 - 17s - loss: 0.1320 - val_loss: 0.1326

Epoch 00665: val_loss did not improve from 0.12985
Epoch 666/8000
 - 17s - loss: 0.1333 - val_loss: 0.1351

Epoch 00666: val_loss did not improve from 0.12985
Epoch 667/8000
 - 17s - loss: 0.1349 - val_loss: 0.1422

Epoch 00667: val_loss did not improve from 0.12985
Epoch 668/8000
 - 17s - loss: 0.1396 - val_loss: 0.1392

Epoch 00668: val_loss did not improve from 0.12985
Epoch 669/8000
 - 17s - loss: 0.1342 - val_loss: 0.1486

Epoch 00669: val_loss did not improve from 0.12985
Epoch 670/8000
 - 17s - loss: 0.1335 - val_loss: 0.1320

Epoch 00670: val_loss did not improve from 0.12985
Epoch 671/8000
 - 17s - loss: 0.1345 - val_loss: 0.1316

Epoch 00671: val_loss did not improve from 0.12985
Epoch 672/8000
 - 17s - loss: 0.1333 - val_loss: 0.1381

Epoch 00672: val_loss did not improve from 0.12985
Epoch 673/8000
 - 17s - loss: 0.1355 - val_loss: 0.1368

Epoch 00673: val_loss did not improve from 0.12985
Epoch 674/8000
 - 17s - loss: 0.1349 - val_loss: 0.1472

Epoch 00674: val_loss did not improve from 0.12985
Epoch 675/8000
 - 17s - loss: 0.1371 - val_loss: 0.1346

Epoch 00675: val_loss did not improve from 0.12985
Epoch 676/8000
 - 17s - loss: 0.1358 - val_loss: 0.1364

Epoch 00676: val_loss did not improve from 0.12985
Epoch 677/8000
 - 17s - loss: 0.1360 - val_loss: 0.1407

Epoch 00677: val_loss did not improve from 0.12985
Epoch 678/8000
 - 17s - loss: 0.1355 - val_loss: 0.1325

Epoch 00678: val_loss did not improve from 0.12985
Epoch 679/8000
 - 17s - loss: 0.1338 - val_loss: 0.1322

Epoch 00679: val_loss did not improve from 0.12985
Epoch 680/8000
 - 17s - loss: 0.1336 - val_loss: 0.1358

Epoch 00680: val_loss did not improve from 0.12985
Epoch 681/8000
 - 17s - loss: 0.1333 - val_loss: 0.1354

Epoch 00681: val_loss did not improve from 0.12985
Epoch 682/8000
 - 17s - loss: 0.1320 - val_loss: 0.1328

Epoch 00682: val_loss did not improve from 0.12985
Epoch 683/8000
 - 17s - loss: 0.1358 - val_loss: 0.1411

Epoch 00683: val_loss did not improve from 0.12985
Epoch 684/8000
 - 17s - loss: 0.1424 - val_loss: 0.1438

Epoch 00684: val_loss did not improve from 0.12985
Epoch 685/8000
 - 17s - loss: 0.1365 - val_loss: 0.1360

Epoch 00685: val_loss did not improve from 0.12985
Epoch 686/8000
 - 17s - loss: 0.1372 - val_loss: 0.1419

Epoch 00686: val_loss did not improve from 0.12985
Epoch 687/8000
 - 17s - loss: 0.1361 - val_loss: 0.1489

Epoch 00687: val_loss did not improve from 0.12985
Epoch 688/8000
 - 17s - loss: 0.1384 - val_loss: 0.1428

Epoch 00688: val_loss did not improve from 0.12985
Epoch 689/8000
 - 17s - loss: 0.1322 - val_loss: 0.1354

Epoch 00689: val_loss did not improve from 0.12985
Epoch 690/8000
 - 17s - loss: 0.1358 - val_loss: 0.1274

Epoch 00690: val_loss improved from 0.12985 to 0.12741, saving model to model_weights/lstm_autoencoder_2020-01-23_12-39-46.h5
Epoch 691/8000
 - 17s - loss: 0.1361 - val_loss: 0.1331

Epoch 00691: val_loss did not improve from 0.12741
Epoch 692/8000
 - 17s - loss: 0.1368 - val_loss: 0.1412

Epoch 00692: val_loss did not improve from 0.12741
Epoch 693/8000
 - 17s - loss: 0.1347 - val_loss: 0.1453

Epoch 00693: val_loss did not improve from 0.12741
Epoch 694/8000
 - 17s - loss: 0.1329 - val_loss: 0.1424

Epoch 00694: val_loss did not improve from 0.12741
Epoch 695/8000
 - 17s - loss: 0.1377 - val_loss: 0.1343

Epoch 00695: val_loss did not improve from 0.12741
Epoch 696/8000
 - 17s - loss: 0.1363 - val_loss: 0.1349

Epoch 00696: val_loss did not improve from 0.12741
Epoch 697/8000
 - 17s - loss: 0.1346 - val_loss: 0.1393

Epoch 00697: val_loss did not improve from 0.12741
Epoch 698/8000
 - 17s - loss: 0.1331 - val_loss: 0.1300

Epoch 00698: val_loss did not improve from 0.12741
Epoch 699/8000
 - 17s - loss: 0.1301 - val_loss: 0.1284

Epoch 00699: val_loss did not improve from 0.12741
Epoch 700/8000
 - 17s - loss: 0.1361 - val_loss: 0.1571

Epoch 00700: val_loss did not improve from 0.12741
Epoch 701/8000
 - 17s - loss: 0.1414 - val_loss: 0.1573

Epoch 00701: val_loss did not improve from 0.12741
Epoch 702/8000
 - 17s - loss: 0.1404 - val_loss: 0.1359

Epoch 00702: val_loss did not improve from 0.12741
Epoch 703/8000
 - 17s - loss: 0.1339 - val_loss: 0.1370

Epoch 00703: val_loss did not improve from 0.12741
Epoch 704/8000
 - 17s - loss: 0.1331 - val_loss: 0.1340

Epoch 00704: val_loss did not improve from 0.12741
Epoch 705/8000
 - 17s - loss: 0.1334 - val_loss: 0.1413

Epoch 00705: val_loss did not improve from 0.12741
Epoch 706/8000
 - 17s - loss: 0.1319 - val_loss: 0.1399

Epoch 00706: val_loss did not improve from 0.12741
Epoch 707/8000
 - 17s - loss: 0.1341 - val_loss: 0.1331

Epoch 00707: val_loss did not improve from 0.12741
Epoch 708/8000
 - 17s - loss: 0.1348 - val_loss: 0.1422

Epoch 00708: val_loss did not improve from 0.12741
Epoch 709/8000
 - 17s - loss: 0.1347 - val_loss: 0.1323

Epoch 00709: val_loss did not improve from 0.12741
Epoch 710/8000
 - 17s - loss: 0.1328 - val_loss: 0.1306

Epoch 00710: val_loss did not improve from 0.12741
Epoch 711/8000
 - 17s - loss: 0.1348 - val_loss: 0.1357

Epoch 00711: val_loss did not improve from 0.12741
Epoch 712/8000
 - 17s - loss: 0.1324 - val_loss: 0.1293

Epoch 00712: val_loss did not improve from 0.12741
Epoch 713/8000
 - 17s - loss: 0.1346 - val_loss: 0.1369

Epoch 00713: val_loss did not improve from 0.12741
Epoch 714/8000
 - 17s - loss: 0.1337 - val_loss: 0.1315

Epoch 00714: val_loss did not improve from 0.12741
Epoch 715/8000
 - 17s - loss: 0.1327 - val_loss: 0.1313

Epoch 00715: val_loss did not improve from 0.12741
Epoch 716/8000
 - 17s - loss: 0.1300 - val_loss: 0.1408

Epoch 00716: val_loss did not improve from 0.12741
Epoch 717/8000
 - 17s - loss: 0.1367 - val_loss: 0.1333

Epoch 00717: val_loss did not improve from 0.12741
Epoch 718/8000
 - 17s - loss: 0.1321 - val_loss: 0.1340

Epoch 00718: val_loss did not improve from 0.12741
Epoch 719/8000
 - 17s - loss: 0.1326 - val_loss: 0.1343

Epoch 00719: val_loss did not improve from 0.12741
Epoch 720/8000
 - 17s - loss: 0.1356 - val_loss: 0.1359

Epoch 00720: val_loss did not improve from 0.12741
Epoch 721/8000
 - 17s - loss: 0.1347 - val_loss: 0.1324

Epoch 00721: val_loss did not improve from 0.12741
Epoch 722/8000
 - 17s - loss: 0.1389 - val_loss: 0.1495

Epoch 00722: val_loss did not improve from 0.12741
Epoch 723/8000
 - 17s - loss: 0.1419 - val_loss: 0.1351

Epoch 00723: val_loss did not improve from 0.12741
Epoch 724/8000
 - 17s - loss: 0.1391 - val_loss: 0.1569

Epoch 00724: val_loss did not improve from 0.12741
Epoch 725/8000
 - 17s - loss: 0.1414 - val_loss: 0.1393

Epoch 00725: val_loss did not improve from 0.12741
Epoch 726/8000
 - 17s - loss: 0.1403 - val_loss: 0.1413

Epoch 00726: val_loss did not improve from 0.12741
Epoch 727/8000
 - 17s - loss: 0.1394 - val_loss: 0.1356

Epoch 00727: val_loss did not improve from 0.12741
Epoch 728/8000
 - 17s - loss: 0.1415 - val_loss: 0.1448

Epoch 00728: val_loss did not improve from 0.12741
Epoch 729/8000
 - 17s - loss: 0.1344 - val_loss: 0.1397

Epoch 00729: val_loss did not improve from 0.12741
Epoch 730/8000
 - 17s - loss: 0.1335 - val_loss: 0.1338

Epoch 00730: val_loss did not improve from 0.12741
Epoch 731/8000
 - 17s - loss: 0.1332 - val_loss: 0.1377

Epoch 00731: val_loss did not improve from 0.12741
Epoch 732/8000
 - 17s - loss: 0.1396 - val_loss: 0.1354

Epoch 00732: val_loss did not improve from 0.12741
Epoch 733/8000
 - 17s - loss: 0.1340 - val_loss: 0.1347

Epoch 00733: val_loss did not improve from 0.12741
Epoch 734/8000
 - 17s - loss: 0.1363 - val_loss: 0.1364

Epoch 00734: val_loss did not improve from 0.12741
Epoch 735/8000
 - 17s - loss: 0.1382 - val_loss: 0.1310

Epoch 00735: val_loss did not improve from 0.12741
Epoch 736/8000
 - 17s - loss: 0.1384 - val_loss: 0.1314

Epoch 00736: val_loss did not improve from 0.12741
Epoch 737/8000
 - 17s - loss: 0.1379 - val_loss: 0.1344

Epoch 00737: val_loss did not improve from 0.12741
Epoch 738/8000
 - 17s - loss: 0.1339 - val_loss: 0.1397

Epoch 00738: val_loss did not improve from 0.12741
Epoch 739/8000
 - 17s - loss: 0.1392 - val_loss: 0.1516

Epoch 00739: val_loss did not improve from 0.12741
Epoch 740/8000
 - 17s - loss: 0.1365 - val_loss: 0.1321

Epoch 00740: val_loss did not improve from 0.12741
Epoch 741/8000
 - 17s - loss: 0.1378 - val_loss: 0.1492

Epoch 00741: val_loss did not improve from 0.12741
Epoch 742/8000
 - 17s - loss: 0.1393 - val_loss: 0.1406

Epoch 00742: val_loss did not improve from 0.12741
Epoch 743/8000
 - 17s - loss: 0.1368 - val_loss: 0.1404

Epoch 00743: val_loss did not improve from 0.12741
Epoch 744/8000
 - 17s - loss: 0.1370 - val_loss: 0.1395

Epoch 00744: val_loss did not improve from 0.12741
Epoch 745/8000
 - 17s - loss: 0.1383 - val_loss: 0.1311

Epoch 00745: val_loss did not improve from 0.12741
Epoch 746/8000
 - 17s - loss: 0.1369 - val_loss: 0.1358

Epoch 00746: val_loss did not improve from 0.12741
Epoch 747/8000
 - 17s - loss: 0.1346 - val_loss: 0.1422

Epoch 00747: val_loss did not improve from 0.12741
Epoch 748/8000
 - 17s - loss: 0.1408 - val_loss: 0.1294

Epoch 00748: val_loss did not improve from 0.12741
Epoch 749/8000
 - 17s - loss: 0.1384 - val_loss: 0.1463

Epoch 00749: val_loss did not improve from 0.12741
Epoch 750/8000
 - 17s - loss: 0.1411 - val_loss: 0.1441

Epoch 00750: val_loss did not improve from 0.12741
Epoch 751/8000
 - 17s - loss: 0.1412 - val_loss: 0.1381

Epoch 00751: val_loss did not improve from 0.12741
Epoch 752/8000
 - 17s - loss: 0.1375 - val_loss: 0.1534

Epoch 00752: val_loss did not improve from 0.12741
Epoch 753/8000
 - 17s - loss: 0.1396 - val_loss: 0.1367

Epoch 00753: val_loss did not improve from 0.12741
Epoch 754/8000
 - 17s - loss: 0.1366 - val_loss: 0.1428

Epoch 00754: val_loss did not improve from 0.12741
Epoch 755/8000
 - 17s - loss: 0.1354 - val_loss: 0.1385

Epoch 00755: val_loss did not improve from 0.12741
Epoch 756/8000
 - 17s - loss: 0.1367 - val_loss: 0.1404

Epoch 00756: val_loss did not improve from 0.12741
Epoch 757/8000
 - 17s - loss: 0.1372 - val_loss: 0.1488

Epoch 00757: val_loss did not improve from 0.12741
Epoch 758/8000
 - 17s - loss: 0.1389 - val_loss: 0.1328

Epoch 00758: val_loss did not improve from 0.12741
Epoch 759/8000
 - 17s - loss: 0.1362 - val_loss: 0.1436

Epoch 00759: val_loss did not improve from 0.12741
Epoch 760/8000
 - 17s - loss: 0.1370 - val_loss: 0.1382

Epoch 00760: val_loss did not improve from 0.12741
Epoch 761/8000
 - 17s - loss: 0.1327 - val_loss: 0.1504

Epoch 00761: val_loss did not improve from 0.12741
Epoch 762/8000
 - 17s - loss: 0.1348 - val_loss: 0.1367

Epoch 00762: val_loss did not improve from 0.12741
Epoch 763/8000
 - 17s - loss: 0.1338 - val_loss: 0.1302

Epoch 00763: val_loss did not improve from 0.12741
Epoch 764/8000
 - 17s - loss: 0.1353 - val_loss: 0.1381

Epoch 00764: val_loss did not improve from 0.12741
Epoch 765/8000
 - 17s - loss: 0.1393 - val_loss: 0.1502

Epoch 00765: val_loss did not improve from 0.12741
Epoch 766/8000
 - 17s - loss: 0.1353 - val_loss: 0.1310

Epoch 00766: val_loss did not improve from 0.12741
Epoch 767/8000
 - 17s - loss: 0.1365 - val_loss: 0.1369

Epoch 00767: val_loss did not improve from 0.12741
Epoch 768/8000
 - 17s - loss: 0.1340 - val_loss: 0.1348

Epoch 00768: val_loss did not improve from 0.12741
Epoch 769/8000
 - 17s - loss: 0.1347 - val_loss: 0.1428

Epoch 00769: val_loss did not improve from 0.12741
Epoch 770/8000
 - 17s - loss: 0.1351 - val_loss: 0.1394

Epoch 00770: val_loss did not improve from 0.12741
Epoch 771/8000
 - 17s - loss: 0.1361 - val_loss: 0.1309

Epoch 00771: val_loss did not improve from 0.12741
Epoch 772/8000
 - 17s - loss: 0.1345 - val_loss: 0.1375

Epoch 00772: val_loss did not improve from 0.12741
Epoch 773/8000
 - 17s - loss: 0.1357 - val_loss: 0.1371

Epoch 00773: val_loss did not improve from 0.12741
Epoch 774/8000
 - 17s - loss: 0.1359 - val_loss: 0.1384

Epoch 00774: val_loss did not improve from 0.12741
Epoch 775/8000
 - 17s - loss: 0.1335 - val_loss: 0.1339

Epoch 00775: val_loss did not improve from 0.12741
Epoch 776/8000
 - 17s - loss: 0.1347 - val_loss: 0.1305

Epoch 00776: val_loss did not improve from 0.12741
Epoch 777/8000
 - 17s - loss: 0.1367 - val_loss: 0.1361

Epoch 00777: val_loss did not improve from 0.12741
Epoch 778/8000
 - 17s - loss: 0.1321 - val_loss: 0.1387

Epoch 00778: val_loss did not improve from 0.12741
Epoch 779/8000
 - 17s - loss: 0.1328 - val_loss: 0.1487

Epoch 00779: val_loss did not improve from 0.12741
Epoch 780/8000
 - 17s - loss: 0.1373 - val_loss: 0.1330

Epoch 00780: val_loss did not improve from 0.12741
Epoch 781/8000
 - 17s - loss: 0.1353 - val_loss: 0.1324

Epoch 00781: val_loss did not improve from 0.12741
Epoch 782/8000
 - 17s - loss: 0.1337 - val_loss: 0.1335

Epoch 00782: val_loss did not improve from 0.12741
Epoch 783/8000
 - 17s - loss: 0.1346 - val_loss: 0.1362

Epoch 00783: val_loss did not improve from 0.12741
Epoch 784/8000
 - 17s - loss: 0.1373 - val_loss: 0.1386

Epoch 00784: val_loss did not improve from 0.12741
Epoch 785/8000
 - 17s - loss: 0.1339 - val_loss: 0.1283

Epoch 00785: val_loss did not improve from 0.12741
Epoch 786/8000
 - 17s - loss: 0.1340 - val_loss: 0.1426

Epoch 00786: val_loss did not improve from 0.12741
Epoch 787/8000
 - 17s - loss: 0.1354 - val_loss: 0.1427

Epoch 00787: val_loss did not improve from 0.12741
Epoch 788/8000
 - 17s - loss: 0.1336 - val_loss: 0.1325

Epoch 00788: val_loss did not improve from 0.12741
Epoch 789/8000
 - 17s - loss: 0.1347 - val_loss: 0.1328

Epoch 00789: val_loss did not improve from 0.12741
Epoch 790/8000
 - 17s - loss: 0.1378 - val_loss: 0.1357

Epoch 00790: val_loss did not improve from 0.12741
Epoch 00790: early stopping
