2020-01-29 14:55:44.989323: I tensorflow/core/platform/cpu_feature_guard.cc:141] Your CPU supports instructions that this TensorFlow binary was not compiled to use: SSE4.1 SSE4.2 AVX
2020-01-29 14:55:45.104763: I tensorflow/stream_executor/cuda/cuda_gpu_executor.cc:897] successful NUMA node read from SysFS had negative value (-1), but there must be at least one NUMA node, so returning NUMA node zero
2020-01-29 14:55:45.105320: I tensorflow/core/common_runtime/gpu/gpu_device.cc:1405] Found device 0 with properties: 
name: TITAN Xp major: 6 minor: 1 memoryClockRate(GHz): 1.582
pciBusID: 0000:01:00.0
totalMemory: 11.91GiB freeMemory: 11.73GiB
2020-01-29 14:55:45.105338: I tensorflow/core/common_runtime/gpu/gpu_device.cc:1484] Adding visible gpu devices: 0
2020-01-29 14:55:45.339403: I tensorflow/core/common_runtime/gpu/gpu_device.cc:965] Device interconnect StreamExecutor with strength 1 edge matrix:
2020-01-29 14:55:45.339445: I tensorflow/core/common_runtime/gpu/gpu_device.cc:971]      0 
2020-01-29 14:55:45.339454: I tensorflow/core/common_runtime/gpu/gpu_device.cc:984] 0:   N 
2020-01-29 14:55:45.339702: I tensorflow/core/common_runtime/gpu/gpu_device.cc:1097] Created TensorFlow device (/job:localhost/replica:0/task:0/device:GPU:0 with 11346 MB memory) -> physical GPU (device: 0, name: TITAN Xp, pci bus id: 0000:01:00.0, compute capability: 6.1)
2020-01-29 14:55:45.740639: I tensorflow/core/kernels/cuda_solvers.cc:159] Creating CudaSolver handles for stream 0x5557fa5c8dd0
Epoch 1/8000

Epoch 00001: val_loss improved from inf to 26.52723, saving model to model_weights/model_2020-01-29_14-55-44.h5
 - 95s - loss: 35.2417 - val_loss: 26.5272
Epoch 2/8000

Epoch 00002: val_loss improved from 26.52723 to 25.39969, saving model to model_weights/model_2020-01-29_14-55-44.h5
 - 92s - loss: 24.6491 - val_loss: 25.3997
Epoch 3/8000

Epoch 00003: val_loss improved from 25.39969 to 25.28351, saving model to model_weights/model_2020-01-29_14-55-44.h5
 - 92s - loss: 23.9537 - val_loss: 25.2835
Epoch 4/8000

Epoch 00004: val_loss improved from 25.28351 to 24.72491, saving model to model_weights/model_2020-01-29_14-55-44.h5
 - 92s - loss: 23.7235 - val_loss: 24.7249
Epoch 5/8000

Epoch 00005: val_loss improved from 24.72491 to 24.48973, saving model to model_weights/model_2020-01-29_14-55-44.h5
 - 92s - loss: 23.5047 - val_loss: 24.4897
Epoch 6/8000

Epoch 00006: val_loss improved from 24.48973 to 24.13094, saving model to model_weights/model_2020-01-29_14-55-44.h5
 - 92s - loss: 23.2387 - val_loss: 24.1309
Epoch 7/8000

Epoch 00007: val_loss improved from 24.13094 to 22.14452, saving model to model_weights/model_2020-01-29_14-55-44.h5
 - 93s - loss: 22.4103 - val_loss: 22.1445
Epoch 8/8000

Epoch 00008: val_loss improved from 22.14452 to 21.68846, saving model to model_weights/model_2020-01-29_14-55-44.h5
 - 93s - loss: 20.8307 - val_loss: 21.6885
Epoch 9/8000

Epoch 00009: val_loss improved from 21.68846 to 19.51064, saving model to model_weights/model_2020-01-29_14-55-44.h5
 - 93s - loss: 19.5434 - val_loss: 19.5106
Epoch 10/8000

Epoch 00010: val_loss did not improve from 19.51064
 - 92s - loss: 18.5780 - val_loss: 19.9458
Epoch 11/8000

Epoch 00011: val_loss improved from 19.51064 to 18.64793, saving model to model_weights/model_2020-01-29_14-55-44.h5
 - 92s - loss: 18.2243 - val_loss: 18.6479
Epoch 12/8000

Epoch 00012: val_loss did not improve from 18.64793
 - 92s - loss: 18.2442 - val_loss: 19.1603
Epoch 13/8000

Epoch 00013: val_loss did not improve from 18.64793
 - 92s - loss: 17.9238 - val_loss: 20.9136
Epoch 14/8000

Epoch 00014: val_loss improved from 18.64793 to 17.88207, saving model to model_weights/model_2020-01-29_14-55-44.h5
 - 93s - loss: 17.9918 - val_loss: 17.8821
Epoch 15/8000

Epoch 00015: val_loss did not improve from 17.88207
 - 93s - loss: 17.9510 - val_loss: 20.0092
Epoch 16/8000

Epoch 00016: val_loss did not improve from 17.88207
 - 93s - loss: 17.8172 - val_loss: 18.1389
Epoch 17/8000

Epoch 00017: val_loss improved from 17.88207 to 16.83858, saving model to model_weights/model_2020-01-29_14-55-44.h5
 - 92s - loss: 17.0411 - val_loss: 16.8386
Epoch 18/8000

Epoch 00018: val_loss did not improve from 16.83858
 - 92s - loss: 16.7730 - val_loss: 17.8423
Epoch 19/8000

Epoch 00019: val_loss did not improve from 16.83858
 - 92s - loss: 17.3716 - val_loss: 17.4085
Epoch 20/8000

Epoch 00020: val_loss did not improve from 16.83858
 - 92s - loss: 17.6150 - val_loss: 18.7053
Epoch 21/8000

Epoch 00021: val_loss did not improve from 16.83858
 - 93s - loss: 17.8384 - val_loss: 20.1536
Epoch 22/8000

Epoch 00022: val_loss did not improve from 16.83858
 - 93s - loss: 17.4324 - val_loss: 16.8452
Epoch 23/8000

Epoch 00023: val_loss did not improve from 16.83858
 - 93s - loss: 17.0911 - val_loss: 17.3162
Epoch 24/8000

Epoch 00024: val_loss did not improve from 16.83858
 - 92s - loss: 17.4189 - val_loss: 33.9337
Epoch 25/8000

Epoch 00025: val_loss did not improve from 16.83858
 - 92s - loss: 33.9173 - val_loss: 23.4827
Epoch 26/8000

Epoch 00026: val_loss did not improve from 16.83858
 - 92s - loss: 21.4711 - val_loss: 20.4848
Epoch 27/8000

Epoch 00027: val_loss did not improve from 16.83858
 - 92s - loss: 19.3623 - val_loss: 20.0548
Epoch 28/8000

Epoch 00028: val_loss did not improve from 16.83858
 - 93s - loss: 18.5052 - val_loss: 18.9218
Epoch 29/8000

Epoch 00029: val_loss did not improve from 16.83858
 - 93s - loss: 17.9678 - val_loss: 18.3118
Epoch 30/8000

Epoch 00030: val_loss did not improve from 16.83858
 - 93s - loss: 17.8879 - val_loss: 18.1496
Epoch 31/8000

Epoch 00031: val_loss did not improve from 16.83858
 - 92s - loss: 17.7634 - val_loss: 18.0713
Epoch 32/8000

Epoch 00032: val_loss did not improve from 16.83858
 - 92s - loss: 17.5111 - val_loss: 17.9651
Epoch 33/8000

Epoch 00033: val_loss did not improve from 16.83858
 - 92s - loss: 17.4369 - val_loss: 18.1816
Epoch 34/8000

Epoch 00034: val_loss did not improve from 16.83858
 - 92s - loss: 17.3847 - val_loss: 18.2981
Epoch 35/8000

Epoch 00035: val_loss did not improve from 16.83858
 - 93s - loss: 17.5363 - val_loss: 17.8104
Epoch 36/8000

Epoch 00036: val_loss did not improve from 16.83858
 - 93s - loss: 17.1936 - val_loss: 17.2331
Epoch 37/8000

Epoch 00037: val_loss did not improve from 16.83858
 - 92s - loss: 17.1942 - val_loss: 17.7993
Epoch 38/8000

Epoch 00038: val_loss did not improve from 16.83858
 - 92s - loss: 17.8175 - val_loss: 17.6766
Epoch 39/8000

Epoch 00039: val_loss did not improve from 16.83858
 - 92s - loss: 16.9206 - val_loss: 17.1266
Epoch 40/8000

Epoch 00040: val_loss did not improve from 16.83858
 - 92s - loss: 16.8941 - val_loss: 16.9447
Epoch 41/8000

Epoch 00041: val_loss improved from 16.83858 to 16.71709, saving model to model_weights/model_2020-01-29_14-55-44.h5
 - 92s - loss: 16.5877 - val_loss: 16.7171
Epoch 42/8000

Epoch 00042: val_loss did not improve from 16.71709
 - 93s - loss: 16.4438 - val_loss: 17.1481
Epoch 43/8000

Epoch 00043: val_loss did not improve from 16.71709
 - 93s - loss: 16.4614 - val_loss: 17.0846
Epoch 44/8000

Epoch 00044: val_loss did not improve from 16.71709
 - 93s - loss: 17.0229 - val_loss: 17.7644
Epoch 45/8000

Epoch 00045: val_loss did not improve from 16.71709
 - 93s - loss: 16.5922 - val_loss: 16.9148
Epoch 46/8000

Epoch 00046: val_loss did not improve from 16.71709
 - 92s - loss: 16.3384 - val_loss: 17.1894
Epoch 47/8000

Epoch 00047: val_loss did not improve from 16.71709
 - 92s - loss: 16.7069 - val_loss: 17.1376
Epoch 48/8000

Epoch 00048: val_loss improved from 16.71709 to 16.41847, saving model to model_weights/model_2020-01-29_14-55-44.h5
 - 92s - loss: 16.4554 - val_loss: 16.4185
Epoch 49/8000

Epoch 00049: val_loss did not improve from 16.41847
 - 92s - loss: 16.7748 - val_loss: 17.7729
Epoch 50/8000

Epoch 00050: val_loss did not improve from 16.41847
 - 93s - loss: 16.3942 - val_loss: 16.6871
Epoch 51/8000

Epoch 00051: val_loss did not improve from 16.41847
 - 93s - loss: 16.2994 - val_loss: 17.6459
Epoch 52/8000

Epoch 00052: val_loss did not improve from 16.41847
 - 92s - loss: 16.3895 - val_loss: 16.5713
Epoch 53/8000

Epoch 00053: val_loss did not improve from 16.41847
 - 92s - loss: 16.2551 - val_loss: 16.9634
Epoch 54/8000

Epoch 00054: val_loss did not improve from 16.41847
 - 92s - loss: 16.0261 - val_loss: 17.6594
Epoch 55/8000

Epoch 00055: val_loss improved from 16.41847 to 16.07329, saving model to model_weights/model_2020-01-29_14-55-44.h5
 - 92s - loss: 16.1232 - val_loss: 16.0733
Epoch 56/8000

Epoch 00056: val_loss did not improve from 16.07329
 - 93s - loss: 15.9038 - val_loss: 16.2776
Epoch 57/8000

Epoch 00057: val_loss improved from 16.07329 to 15.91434, saving model to model_weights/model_2020-01-29_14-55-44.h5
 - 93s - loss: 15.9732 - val_loss: 15.9143
Epoch 58/8000

Epoch 00058: val_loss did not improve from 15.91434
 - 92s - loss: 15.8320 - val_loss: 16.7517
Epoch 59/8000

Epoch 00059: val_loss did not improve from 15.91434
 - 92s - loss: 15.8930 - val_loss: 16.1470
Epoch 60/8000

Epoch 00060: val_loss did not improve from 15.91434
 - 92s - loss: 15.7416 - val_loss: 16.6743
Epoch 61/8000

Epoch 00061: val_loss did not improve from 15.91434
 - 92s - loss: 15.8976 - val_loss: 16.0548
Epoch 62/8000

Epoch 00062: val_loss did not improve from 15.91434
 - 92s - loss: 15.6053 - val_loss: 16.6437
Epoch 63/8000

Epoch 00063: val_loss did not improve from 15.91434
 - 93s - loss: 15.6395 - val_loss: 17.4342
Epoch 64/8000

Epoch 00064: val_loss improved from 15.91434 to 15.79886, saving model to model_weights/model_2020-01-29_14-55-44.h5
 - 93s - loss: 15.7365 - val_loss: 15.7989
Epoch 65/8000

Epoch 00065: val_loss did not improve from 15.79886
 - 93s - loss: 15.6707 - val_loss: 16.0784
Epoch 66/8000

Epoch 00066: val_loss did not improve from 15.79886
 - 92s - loss: 15.7750 - val_loss: 15.9691
Epoch 67/8000

Epoch 00067: val_loss improved from 15.79886 to 15.78665, saving model to model_weights/model_2020-01-29_14-55-44.h5
 - 92s - loss: 15.7468 - val_loss: 15.7866
Epoch 68/8000

Epoch 00068: val_loss did not improve from 15.78665
 - 92s - loss: 15.4225 - val_loss: 15.7873
Epoch 69/8000

Epoch 00069: val_loss did not improve from 15.78665
 - 92s - loss: 15.6026 - val_loss: 16.2096
Epoch 70/8000

Epoch 00070: val_loss improved from 15.78665 to 15.59912, saving model to model_weights/model_2020-01-29_14-55-44.h5
 - 93s - loss: 15.4620 - val_loss: 15.5991
Epoch 71/8000

Epoch 00071: val_loss did not improve from 15.59912
 - 93s - loss: 15.6825 - val_loss: 16.0415
Epoch 72/8000

Epoch 00072: val_loss did not improve from 15.59912
 - 92s - loss: 16.5426 - val_loss: 15.9312
Epoch 73/8000

Epoch 00073: val_loss did not improve from 15.59912
 - 92s - loss: 15.6238 - val_loss: 16.7375
Epoch 74/8000

Epoch 00074: val_loss improved from 15.59912 to 15.52857, saving model to model_weights/model_2020-01-29_14-55-44.h5
 - 92s - loss: 15.5095 - val_loss: 15.5286
Epoch 75/8000

Epoch 00075: val_loss did not improve from 15.52857
 - 92s - loss: 15.6546 - val_loss: 16.0543
Epoch 76/8000

Epoch 00076: val_loss did not improve from 15.52857
 - 92s - loss: 15.6742 - val_loss: 16.2165
Epoch 77/8000

Epoch 00077: val_loss did not improve from 15.52857
 - 93s - loss: 15.6349 - val_loss: 15.7351
Epoch 78/8000

Epoch 00078: val_loss did not improve from 15.52857
 - 93s - loss: 15.5241 - val_loss: 16.1447
Epoch 79/8000

Epoch 00079: val_loss did not improve from 15.52857
 - 93s - loss: 15.4850 - val_loss: 17.3469
Epoch 80/8000

Epoch 00080: val_loss did not improve from 15.52857
 - 93s - loss: 15.7240 - val_loss: 16.1197
Epoch 81/8000

Epoch 00081: val_loss improved from 15.52857 to 15.50102, saving model to model_weights/model_2020-01-29_14-55-44.h5
 - 93s - loss: 15.5224 - val_loss: 15.5010
Epoch 82/8000

Epoch 00082: val_loss did not improve from 15.50102
 - 92s - loss: 15.5479 - val_loss: 16.0412
Epoch 83/8000

Epoch 00083: val_loss did not improve from 15.50102
 - 92s - loss: 15.3879 - val_loss: 15.6191
Epoch 84/8000

Epoch 00084: val_loss did not improve from 15.50102
 - 93s - loss: 15.4447 - val_loss: 17.2944
Epoch 85/8000

Epoch 00085: val_loss did not improve from 15.50102
 - 93s - loss: 15.6513 - val_loss: 15.9474
Epoch 86/8000

Epoch 00086: val_loss improved from 15.50102 to 15.39713, saving model to model_weights/model_2020-01-29_14-55-44.h5
 - 93s - loss: 15.4423 - val_loss: 15.3971
Epoch 87/8000

Epoch 00087: val_loss did not improve from 15.39713
 - 92s - loss: 15.1729 - val_loss: 15.5673
Epoch 88/8000

Epoch 00088: val_loss did not improve from 15.39713
 - 92s - loss: 15.6297 - val_loss: 16.2440
Epoch 89/8000

Epoch 00089: val_loss did not improve from 15.39713
 - 92s - loss: 15.4172 - val_loss: 15.5424
Epoch 90/8000

Epoch 00090: val_loss did not improve from 15.39713
 - 92s - loss: 15.1425 - val_loss: 16.1675
Epoch 91/8000

Epoch 00091: val_loss improved from 15.39713 to 14.94981, saving model to model_weights/model_2020-01-29_14-55-44.h5
 - 93s - loss: 15.2667 - val_loss: 14.9498
Epoch 92/8000

Epoch 00092: val_loss did not improve from 14.94981
 - 93s - loss: 15.1689 - val_loss: 15.9885
Epoch 93/8000

Epoch 00093: val_loss did not improve from 14.94981
 - 93s - loss: 15.2921 - val_loss: 15.8018
Epoch 94/8000

Epoch 00094: val_loss did not improve from 14.94981
 - 92s - loss: 15.0893 - val_loss: 15.1117
Epoch 95/8000

Epoch 00095: val_loss improved from 14.94981 to 14.88861, saving model to model_weights/model_2020-01-29_14-55-44.h5
 - 93s - loss: 15.2480 - val_loss: 14.8886
Epoch 96/8000

Epoch 00096: val_loss did not improve from 14.88861
 - 92s - loss: 15.0687 - val_loss: 15.1749
Epoch 97/8000

Epoch 00097: val_loss did not improve from 14.88861
 - 92s - loss: 15.6745 - val_loss: 16.0997
Epoch 98/8000

Epoch 00098: val_loss did not improve from 14.88861
 - 92s - loss: 15.2984 - val_loss: 15.2951
Epoch 99/8000

Epoch 00099: val_loss did not improve from 14.88861
 - 93s - loss: 15.6174 - val_loss: 15.2165
Epoch 100/8000

Epoch 00100: val_loss improved from 14.88861 to 14.84334, saving model to model_weights/model_2020-01-29_14-55-44.h5
 - 93s - loss: 15.4117 - val_loss: 14.8433
Epoch 101/8000

Epoch 00101: val_loss did not improve from 14.84334
 - 93s - loss: 15.2452 - val_loss: 15.9861
Epoch 102/8000

Epoch 00102: val_loss did not improve from 14.84334
 - 93s - loss: 15.1852 - val_loss: 15.9521
Epoch 103/8000

Epoch 00103: val_loss did not improve from 14.84334
 - 92s - loss: 15.2831 - val_loss: 15.1015
Epoch 104/8000

Epoch 00104: val_loss did not improve from 14.84334
 - 92s - loss: 15.2087 - val_loss: 15.6287
Epoch 105/8000

Epoch 00105: val_loss did not improve from 14.84334
 - 93s - loss: 15.1068 - val_loss: 15.1106
Epoch 106/8000

Epoch 00106: val_loss did not improve from 14.84334
 - 93s - loss: 15.0034 - val_loss: 14.8805
Epoch 107/8000

Epoch 00107: val_loss did not improve from 14.84334
 - 92s - loss: 15.1401 - val_loss: 14.8546
Epoch 108/8000

Epoch 00108: val_loss did not improve from 14.84334
 - 92s - loss: 15.0820 - val_loss: 15.6229
Epoch 109/8000

Epoch 00109: val_loss did not improve from 14.84334
 - 92s - loss: 15.1914 - val_loss: 16.9892
Epoch 110/8000

Epoch 00110: val_loss did not improve from 14.84334
 - 92s - loss: 15.0172 - val_loss: 15.4848
Epoch 111/8000

Epoch 00111: val_loss did not improve from 14.84334
 - 92s - loss: 15.0088 - val_loss: 15.0796
Epoch 112/8000

Epoch 00112: val_loss did not improve from 14.84334
 - 93s - loss: 15.1500 - val_loss: 15.7692
Epoch 113/8000

Epoch 00113: val_loss did not improve from 14.84334
 - 93s - loss: 14.9566 - val_loss: 15.8925
Epoch 114/8000

Epoch 00114: val_loss did not improve from 14.84334
 - 93s - loss: 15.3591 - val_loss: 16.6327
Epoch 115/8000

Epoch 00115: val_loss did not improve from 14.84334
 - 92s - loss: 15.1535 - val_loss: 15.5017
Epoch 116/8000

Epoch 00116: val_loss did not improve from 14.84334
 - 92s - loss: 15.0664 - val_loss: 15.2256
Epoch 117/8000

Epoch 00117: val_loss did not improve from 14.84334
 - 92s - loss: 15.2886 - val_loss: 15.1139
Epoch 118/8000

Epoch 00118: val_loss did not improve from 14.84334
 - 92s - loss: 14.8788 - val_loss: 14.8761
Epoch 119/8000

Epoch 00119: val_loss did not improve from 14.84334
 - 93s - loss: 14.9991 - val_loss: 15.5122
Epoch 120/8000

Epoch 00120: val_loss did not improve from 14.84334
 - 93s - loss: 15.0598 - val_loss: 14.8940
Epoch 121/8000

Epoch 00121: val_loss did not improve from 14.84334
 - 92s - loss: 15.2359 - val_loss: 15.1323
Epoch 122/8000

Epoch 00122: val_loss did not improve from 14.84334
 - 92s - loss: 15.5177 - val_loss: 16.1407
Epoch 123/8000

Epoch 00123: val_loss did not improve from 14.84334
 - 92s - loss: 15.1088 - val_loss: 15.5437
Epoch 124/8000

Epoch 00124: val_loss did not improve from 14.84334
 - 92s - loss: 14.9191 - val_loss: 15.1566
Epoch 125/8000

Epoch 00125: val_loss did not improve from 14.84334
 - 92s - loss: 15.4598 - val_loss: 15.2643
Epoch 126/8000

Epoch 00126: val_loss did not improve from 14.84334
 - 93s - loss: 14.9838 - val_loss: 14.9084
Epoch 127/8000

Epoch 00127: val_loss did not improve from 14.84334
 - 93s - loss: 15.0613 - val_loss: 14.9470
Epoch 128/8000

Epoch 00128: val_loss improved from 14.84334 to 14.83339, saving model to model_weights/model_2020-01-29_14-55-44.h5
 - 93s - loss: 15.1098 - val_loss: 14.8334
Epoch 129/8000

Epoch 00129: val_loss did not improve from 14.83339
 - 92s - loss: 14.8370 - val_loss: 15.1894
Epoch 130/8000

Epoch 00130: val_loss did not improve from 14.83339
 - 92s - loss: 15.3968 - val_loss: 15.1556
Epoch 131/8000

Epoch 00131: val_loss did not improve from 14.83339
 - 92s - loss: 15.3452 - val_loss: 16.2038
Epoch 132/8000

Epoch 00132: val_loss did not improve from 14.83339
 - 92s - loss: 14.9411 - val_loss: 15.4415
Epoch 133/8000

Epoch 00133: val_loss did not improve from 14.83339
 - 93s - loss: 15.1521 - val_loss: 15.2764
Epoch 134/8000

Epoch 00134: val_loss improved from 14.83339 to 14.73647, saving model to model_weights/model_2020-01-29_14-55-44.h5
 - 93s - loss: 14.9999 - val_loss: 14.7365
Epoch 135/8000

Epoch 00135: val_loss did not improve from 14.73647
 - 93s - loss: 14.9986 - val_loss: 16.1315
Epoch 136/8000

Epoch 00136: val_loss improved from 14.73647 to 14.48419, saving model to model_weights/model_2020-01-29_14-55-44.h5
 - 93s - loss: 15.1152 - val_loss: 14.4842
Epoch 137/8000

Epoch 00137: val_loss did not improve from 14.48419
 - 92s - loss: 14.9309 - val_loss: 15.5321
Epoch 138/8000

Epoch 00138: val_loss did not improve from 14.48419
 - 92s - loss: 15.0969 - val_loss: 14.8874
Epoch 139/8000

Epoch 00139: val_loss did not improve from 14.48419
 - 92s - loss: 15.2560 - val_loss: 15.5506
Epoch 140/8000

Epoch 00140: val_loss did not improve from 14.48419
 - 93s - loss: 15.0466 - val_loss: 15.7247
Epoch 141/8000

Epoch 00141: val_loss did not improve from 14.48419
 - 93s - loss: 14.7069 - val_loss: 14.8958
Epoch 142/8000

Epoch 00142: val_loss did not improve from 14.48419
 - 92s - loss: 14.7492 - val_loss: 14.8515
Epoch 143/8000

Epoch 00143: val_loss did not improve from 14.48419
 - 92s - loss: 15.1465 - val_loss: 16.2617
Epoch 144/8000

Epoch 00144: val_loss did not improve from 14.48419
 - 92s - loss: 15.3052 - val_loss: 15.0809
Epoch 145/8000

Epoch 00145: val_loss did not improve from 14.48419
 - 92s - loss: 15.2141 - val_loss: 17.0491
Epoch 146/8000

Epoch 00146: val_loss did not improve from 14.48419
 - 92s - loss: 15.1842 - val_loss: 15.3365
Epoch 147/8000

Epoch 00147: val_loss did not improve from 14.48419
 - 93s - loss: 14.8869 - val_loss: 15.1080
Epoch 148/8000

Epoch 00148: val_loss did not improve from 14.48419
 - 93s - loss: 15.1115 - val_loss: 15.8743
Epoch 149/8000

Epoch 00149: val_loss did not improve from 14.48419
 - 93s - loss: 14.8235 - val_loss: 15.2235
Epoch 150/8000

Epoch 00150: val_loss did not improve from 14.48419
 - 92s - loss: 14.8372 - val_loss: 15.9905
Epoch 151/8000

Epoch 00151: val_loss did not improve from 14.48419
 - 92s - loss: 14.9867 - val_loss: 14.7227
Epoch 152/8000

Epoch 00152: val_loss did not improve from 14.48419
 - 92s - loss: 14.7198 - val_loss: 15.4322
Epoch 153/8000

Epoch 00153: val_loss did not improve from 14.48419
 - 92s - loss: 14.7023 - val_loss: 14.6217
Epoch 154/8000

Epoch 00154: val_loss did not improve from 14.48419
 - 92s - loss: 14.8389 - val_loss: 15.1927
Epoch 155/8000

Epoch 00155: val_loss did not improve from 14.48419
 - 93s - loss: 14.8768 - val_loss: 15.5587
Epoch 156/8000

Epoch 00156: val_loss did not improve from 14.48419
 - 92s - loss: 15.0748 - val_loss: 15.2732
Epoch 157/8000

Epoch 00157: val_loss did not improve from 14.48419
 - 92s - loss: 15.0563 - val_loss: 15.5870
Epoch 158/8000

Epoch 00158: val_loss did not improve from 14.48419
 - 92s - loss: 14.9131 - val_loss: 15.0888
Epoch 159/8000

Epoch 00159: val_loss did not improve from 14.48419
 - 92s - loss: 14.9336 - val_loss: 14.9487
Epoch 160/8000

Epoch 00160: val_loss did not improve from 14.48419
 - 92s - loss: 14.7850 - val_loss: 16.1041
Epoch 161/8000

Epoch 00161: val_loss did not improve from 14.48419
 - 93s - loss: 15.0361 - val_loss: 14.9944
Epoch 162/8000

Epoch 00162: val_loss did not improve from 14.48419
 - 93s - loss: 14.8878 - val_loss: 15.0351
Epoch 163/8000

Epoch 00163: val_loss did not improve from 14.48419
 - 93s - loss: 14.9915 - val_loss: 14.6216
Epoch 164/8000

Epoch 00164: val_loss did not improve from 14.48419
 - 92s - loss: 14.8563 - val_loss: 15.4851
Epoch 165/8000

Epoch 00165: val_loss did not improve from 14.48419
 - 93s - loss: 14.9328 - val_loss: 15.8928
Epoch 166/8000

Epoch 00166: val_loss improved from 14.48419 to 14.45341, saving model to model_weights/model_2020-01-29_14-55-44.h5
 - 92s - loss: 14.7313 - val_loss: 14.4534
Epoch 167/8000

Epoch 00167: val_loss did not improve from 14.45341
 - 92s - loss: 14.6866 - val_loss: 15.1320
Epoch 168/8000

Epoch 00168: val_loss did not improve from 14.45341
 - 93s - loss: 15.1167 - val_loss: 14.7293
Epoch 169/8000

Epoch 00169: val_loss did not improve from 14.45341
 - 93s - loss: 15.1066 - val_loss: 15.3323
Epoch 170/8000

Epoch 00170: val_loss did not improve from 14.45341
 - 93s - loss: 14.9217 - val_loss: 14.5969
Epoch 171/8000

Epoch 00171: val_loss did not improve from 14.45341
 - 92s - loss: 15.1899 - val_loss: 16.9152
Epoch 172/8000

Epoch 00172: val_loss did not improve from 14.45341
 - 92s - loss: 15.1366 - val_loss: 15.0905
Epoch 173/8000

Epoch 00173: val_loss did not improve from 14.45341
 - 92s - loss: 15.1453 - val_loss: 15.1874
Epoch 174/8000

Epoch 00174: val_loss did not improve from 14.45341
 - 92s - loss: 14.9049 - val_loss: 15.8425
Epoch 175/8000

Epoch 00175: val_loss did not improve from 14.45341
 - 93s - loss: 14.9377 - val_loss: 15.4063
Epoch 176/8000

Epoch 00176: val_loss did not improve from 14.45341
 - 93s - loss: 14.7423 - val_loss: 14.6244
Epoch 177/8000

Epoch 00177: val_loss did not improve from 14.45341
 - 92s - loss: 14.7210 - val_loss: 15.3910
Epoch 178/8000

Epoch 00178: val_loss did not improve from 14.45341
 - 92s - loss: 14.8948 - val_loss: 15.3558
Epoch 179/8000

Epoch 00179: val_loss did not improve from 14.45341
 - 92s - loss: 14.8797 - val_loss: 15.2848
Epoch 180/8000

Epoch 00180: val_loss did not improve from 14.45341
 - 92s - loss: 14.6867 - val_loss: 14.9361
Epoch 181/8000

Epoch 00181: val_loss did not improve from 14.45341
 - 92s - loss: 14.9963 - val_loss: 16.5467
Epoch 182/8000

Epoch 00182: val_loss did not improve from 14.45341
 - 93s - loss: 15.1784 - val_loss: 15.8931
Epoch 183/8000

Epoch 00183: val_loss did not improve from 14.45341
 - 93s - loss: 14.8692 - val_loss: 16.3086
Epoch 184/8000

Epoch 00184: val_loss did not improve from 14.45341
 - 92s - loss: 15.0884 - val_loss: 15.5747
Epoch 185/8000

Epoch 00185: val_loss did not improve from 14.45341
 - 92s - loss: 14.7729 - val_loss: 15.2780
Epoch 186/8000

Epoch 00186: val_loss did not improve from 14.45341
 - 92s - loss: 14.8975 - val_loss: 15.6797
Epoch 187/8000

Epoch 00187: val_loss did not improve from 14.45341
 - 92s - loss: 14.9940 - val_loss: 15.2609
Epoch 188/8000

Epoch 00188: val_loss did not improve from 14.45341
 - 92s - loss: 15.0070 - val_loss: 15.5748
Epoch 189/8000

Epoch 00189: val_loss did not improve from 14.45341
 - 93s - loss: 15.0316 - val_loss: 15.6459
Epoch 190/8000

Epoch 00190: val_loss did not improve from 14.45341
 - 93s - loss: 14.8962 - val_loss: 15.0531
Epoch 191/8000

Epoch 00191: val_loss did not improve from 14.45341
 - 92s - loss: 14.8183 - val_loss: 15.5071
Epoch 192/8000

Epoch 00192: val_loss did not improve from 14.45341
 - 92s - loss: 15.0892 - val_loss: 14.9680
Epoch 193/8000

Epoch 00193: val_loss did not improve from 14.45341
 - 92s - loss: 14.9182 - val_loss: 15.0444
Epoch 194/8000

Epoch 00194: val_loss did not improve from 14.45341
 - 92s - loss: 14.7593 - val_loss: 15.1907
Epoch 195/8000

Epoch 00195: val_loss did not improve from 14.45341
 - 92s - loss: 15.0391 - val_loss: 14.8392
Epoch 196/8000

Epoch 00196: val_loss did not improve from 14.45341
 - 93s - loss: 15.2776 - val_loss: 14.7393
Epoch 197/8000

Epoch 00197: val_loss did not improve from 14.45341
 - 93s - loss: 14.9312 - val_loss: 15.0843
Epoch 198/8000

Epoch 00198: val_loss did not improve from 14.45341
 - 92s - loss: 14.6997 - val_loss: 14.8136
Epoch 199/8000

Epoch 00199: val_loss did not improve from 14.45341
 - 92s - loss: 15.0597 - val_loss: 15.7795
Epoch 200/8000

Epoch 00200: val_loss did not improve from 14.45341
 - 92s - loss: 14.9557 - val_loss: 14.8241
Epoch 201/8000

Epoch 00201: val_loss did not improve from 14.45341
 - 92s - loss: 14.9281 - val_loss: 15.4568
Epoch 202/8000

Epoch 00202: val_loss did not improve from 14.45341
 - 92s - loss: 14.9790 - val_loss: 14.7377
Epoch 203/8000

Epoch 00203: val_loss did not improve from 14.45341
 - 93s - loss: 14.8696 - val_loss: 15.5659
Epoch 204/8000

Epoch 00204: val_loss did not improve from 14.45341
 - 93s - loss: 15.2713 - val_loss: 15.3996
Epoch 205/8000

Epoch 00205: val_loss did not improve from 14.45341
 - 93s - loss: 15.0855 - val_loss: 15.2561
Epoch 206/8000

Epoch 00206: val_loss did not improve from 14.45341
 - 92s - loss: 14.9255 - val_loss: 14.9218
Epoch 207/8000

Epoch 00207: val_loss did not improve from 14.45341
 - 92s - loss: 14.9317 - val_loss: 15.1188
Epoch 208/8000

Epoch 00208: val_loss did not improve from 14.45341
 - 92s - loss: 14.8640 - val_loss: 15.8060
Epoch 209/8000

Epoch 00209: val_loss did not improve from 14.45341
 - 92s - loss: 14.9235 - val_loss: 14.7099
Epoch 210/8000

Epoch 00210: val_loss did not improve from 14.45341
 - 93s - loss: 14.8476 - val_loss: 15.3807
Epoch 211/8000

Epoch 00211: val_loss did not improve from 14.45341
 - 93s - loss: 14.9007 - val_loss: 14.9660
Epoch 212/8000

Epoch 00212: val_loss did not improve from 14.45341
 - 92s - loss: 15.0342 - val_loss: 15.7746
Epoch 213/8000

Epoch 00213: val_loss did not improve from 14.45341
 - 92s - loss: 14.8233 - val_loss: 15.0995
Epoch 214/8000

Epoch 00214: val_loss did not improve from 14.45341
 - 92s - loss: 15.0340 - val_loss: 16.0824
Epoch 215/8000

Epoch 00215: val_loss did not improve from 14.45341
 - 92s - loss: 15.0099 - val_loss: 16.0586
Epoch 216/8000

Epoch 00216: val_loss did not improve from 14.45341
 - 92s - loss: 15.0554 - val_loss: 16.1830
Epoch 217/8000

Epoch 00217: val_loss did not improve from 14.45341
 - 93s - loss: 15.2804 - val_loss: 15.0698
Epoch 218/8000

Epoch 00218: val_loss did not improve from 14.45341
 - 93s - loss: 15.2790 - val_loss: 15.2259
Epoch 219/8000

Epoch 00219: val_loss did not improve from 14.45341
 - 92s - loss: 15.2020 - val_loss: 14.9795
Epoch 220/8000

Epoch 00220: val_loss did not improve from 14.45341
 - 92s - loss: 14.9304 - val_loss: 15.4015
Epoch 221/8000

Epoch 00221: val_loss did not improve from 14.45341
 - 92s - loss: 15.3000 - val_loss: 15.1934
Epoch 222/8000

Epoch 00222: val_loss did not improve from 14.45341
 - 92s - loss: 14.8628 - val_loss: 15.4036
Epoch 223/8000

Epoch 00223: val_loss did not improve from 14.45341
 - 92s - loss: 14.7790 - val_loss: 14.9011
Epoch 224/8000

Epoch 00224: val_loss did not improve from 14.45341
 - 92s - loss: 14.9824 - val_loss: 16.4204
Epoch 225/8000

Epoch 00225: val_loss did not improve from 14.45341
 - 93s - loss: 15.0948 - val_loss: 14.7615
Epoch 226/8000

Epoch 00226: val_loss did not improve from 14.45341
 - 92s - loss: 15.3728 - val_loss: 16.5518
Epoch 227/8000

Epoch 00227: val_loss did not improve from 14.45341
 - 92s - loss: 15.6301 - val_loss: 16.2456
Epoch 228/8000

Epoch 00228: val_loss did not improve from 14.45341
 - 92s - loss: 15.1596 - val_loss: 16.5407
Epoch 229/8000

Epoch 00229: val_loss did not improve from 14.45341
 - 92s - loss: 15.1397 - val_loss: 16.4403
Epoch 230/8000

Epoch 00230: val_loss did not improve from 14.45341
 - 92s - loss: 15.3715 - val_loss: 15.4083
Epoch 231/8000

Epoch 00231: val_loss did not improve from 14.45341
 - 93s - loss: 15.3249 - val_loss: 16.3851
Epoch 232/8000

Epoch 00232: val_loss did not improve from 14.45341
 - 93s - loss: 15.1072 - val_loss: 14.8508
Epoch 233/8000

Epoch 00233: val_loss did not improve from 14.45341
 - 92s - loss: 15.1248 - val_loss: 15.0980
Epoch 234/8000

Epoch 00234: val_loss did not improve from 14.45341
 - 92s - loss: 15.5012 - val_loss: 14.8791
Epoch 235/8000

Epoch 00235: val_loss did not improve from 14.45341
 - 92s - loss: 15.1395 - val_loss: 15.5499
Epoch 236/8000

Epoch 00236: val_loss did not improve from 14.45341
 - 92s - loss: 15.1561 - val_loss: 15.4781
Epoch 237/8000

Epoch 00237: val_loss did not improve from 14.45341
 - 92s - loss: 15.3202 - val_loss: 15.2570
Epoch 238/8000

Epoch 00238: val_loss did not improve from 14.45341
 - 92s - loss: 14.9726 - val_loss: 15.1098
Epoch 239/8000

Epoch 00239: val_loss did not improve from 14.45341
 - 93s - loss: 15.3021 - val_loss: 14.8742
Epoch 240/8000

Epoch 00240: val_loss did not improve from 14.45341
 - 92s - loss: 15.7079 - val_loss: 16.1547
Epoch 241/8000

Epoch 00241: val_loss did not improve from 14.45341
 - 92s - loss: 15.5555 - val_loss: 14.9559
Epoch 242/8000

Epoch 00242: val_loss did not improve from 14.45341
 - 92s - loss: 15.1635 - val_loss: 15.1194
Epoch 243/8000

Epoch 00243: val_loss did not improve from 14.45341
 - 92s - loss: 15.3305 - val_loss: 15.8278
Epoch 244/8000

Epoch 00244: val_loss did not improve from 14.45341
 - 92s - loss: 15.3397 - val_loss: 14.8960
Epoch 245/8000

Epoch 00245: val_loss did not improve from 14.45341
 - 93s - loss: 15.1187 - val_loss: 16.2529
Epoch 246/8000

Epoch 00246: val_loss did not improve from 14.45341
 - 93s - loss: 15.3771 - val_loss: 15.6365
Epoch 247/8000

Epoch 00247: val_loss did not improve from 14.45341
 - 92s - loss: 15.0309 - val_loss: 15.0559
Epoch 248/8000

Epoch 00248: val_loss did not improve from 14.45341
 - 92s - loss: 15.5490 - val_loss: 15.6260
Epoch 249/8000

Epoch 00249: val_loss did not improve from 14.45341
 - 92s - loss: 15.2294 - val_loss: 16.3909
Epoch 250/8000

Epoch 00250: val_loss did not improve from 14.45341
 - 92s - loss: 15.4061 - val_loss: 16.0645
Epoch 251/8000

Epoch 00251: val_loss did not improve from 14.45341
 - 92s - loss: 15.3763 - val_loss: 15.4758
Epoch 252/8000

Epoch 00252: val_loss did not improve from 14.45341
 - 92s - loss: 15.3100 - val_loss: 16.6857
Epoch 253/8000

Epoch 00253: val_loss did not improve from 14.45341
 - 93s - loss: 15.4721 - val_loss: 16.3661
Epoch 254/8000

Epoch 00254: val_loss did not improve from 14.45341
 - 92s - loss: 15.5763 - val_loss: 15.2675
Epoch 255/8000

Epoch 00255: val_loss did not improve from 14.45341
 - 92s - loss: 15.2911 - val_loss: 16.2631
Epoch 256/8000

Epoch 00256: val_loss did not improve from 14.45341
 - 92s - loss: 15.4746 - val_loss: 15.6931
Epoch 257/8000

Epoch 00257: val_loss did not improve from 14.45341
 - 92s - loss: 15.3910 - val_loss: 15.3323
Epoch 258/8000

Epoch 00258: val_loss did not improve from 14.45341
 - 92s - loss: 15.1558 - val_loss: 15.8617
Epoch 259/8000

Epoch 00259: val_loss did not improve from 14.45341
 - 93s - loss: 15.0296 - val_loss: 15.4652
Epoch 260/8000

Epoch 00260: val_loss did not improve from 14.45341
 - 92s - loss: 15.1608 - val_loss: 15.1924
Epoch 261/8000

Epoch 00261: val_loss did not improve from 14.45341
 - 92s - loss: 15.1808 - val_loss: 16.5127
Epoch 262/8000

Epoch 00262: val_loss did not improve from 14.45341
 - 92s - loss: 15.3949 - val_loss: 15.4398
Epoch 263/8000

Epoch 00263: val_loss did not improve from 14.45341
 - 92s - loss: 15.2945 - val_loss: 15.7776
Epoch 264/8000

Epoch 00264: val_loss did not improve from 14.45341
 - 92s - loss: 15.1363 - val_loss: 15.9300
Epoch 265/8000

Epoch 00265: val_loss did not improve from 14.45341
 - 92s - loss: 16.0240 - val_loss: 16.0562
Epoch 266/8000

Epoch 00266: val_loss did not improve from 14.45341
 - 93s - loss: 15.4636 - val_loss: 15.4031
Epoch 00266: early stopping
