2020-01-30 18:42:17.666607: I tensorflow/core/platform/cpu_feature_guard.cc:141] Your CPU supports instructions that this TensorFlow binary was not compiled to use: SSE4.1 SSE4.2 AVX
2020-01-30 18:42:17.795963: I tensorflow/stream_executor/cuda/cuda_gpu_executor.cc:897] successful NUMA node read from SysFS had negative value (-1), but there must be at least one NUMA node, so returning NUMA node zero
2020-01-30 18:42:17.796754: I tensorflow/core/common_runtime/gpu/gpu_device.cc:1405] Found device 0 with properties: 
name: TITAN Xp major: 6 minor: 1 memoryClockRate(GHz): 1.582
pciBusID: 0000:01:00.0
totalMemory: 11.91GiB freeMemory: 11.73GiB
2020-01-30 18:42:17.796780: I tensorflow/core/common_runtime/gpu/gpu_device.cc:1484] Adding visible gpu devices: 0
2020-01-30 18:42:18.035219: I tensorflow/core/common_runtime/gpu/gpu_device.cc:965] Device interconnect StreamExecutor with strength 1 edge matrix:
2020-01-30 18:42:18.035265: I tensorflow/core/common_runtime/gpu/gpu_device.cc:971]      0 
2020-01-30 18:42:18.035274: I tensorflow/core/common_runtime/gpu/gpu_device.cc:984] 0:   N 
2020-01-30 18:42:18.035541: I tensorflow/core/common_runtime/gpu/gpu_device.cc:1097] Created TensorFlow device (/job:localhost/replica:0/task:0/device:GPU:0 with 11348 MB memory) -> physical GPU (device: 0, name: TITAN Xp, pci bus id: 0000:01:00.0, compute capability: 6.1)
2020-01-30 18:42:18.301813: I tensorflow/core/kernels/cuda_solvers.cc:159] Creating CudaSolver handles for stream 0x55dbc873b0a0
Epoch 1/8000

Epoch 00001: val_loss improved from inf to 43.45141, saving model to model_weights/model_2020-01-30_18-42-17.h5
 - 15s - loss: 44.4422 - val_loss: 43.4514
Epoch 2/8000

Epoch 00002: val_loss improved from 43.45141 to 31.09181, saving model to model_weights/model_2020-01-30_18-42-17.h5
 - 12s - loss: 35.0061 - val_loss: 31.0918
Epoch 3/8000

Epoch 00003: val_loss improved from 31.09181 to 26.03968, saving model to model_weights/model_2020-01-30_18-42-17.h5
 - 12s - loss: 27.1186 - val_loss: 26.0397
Epoch 4/8000

Epoch 00004: val_loss improved from 26.03968 to 25.49927, saving model to model_weights/model_2020-01-30_18-42-17.h5
 - 12s - loss: 24.6604 - val_loss: 25.4993
Epoch 5/8000

Epoch 00005: val_loss improved from 25.49927 to 25.07051, saving model to model_weights/model_2020-01-30_18-42-17.h5
 - 12s - loss: 24.2039 - val_loss: 25.0705
Epoch 6/8000

Epoch 00006: val_loss improved from 25.07051 to 24.86396, saving model to model_weights/model_2020-01-30_18-42-17.h5
 - 12s - loss: 23.9566 - val_loss: 24.8640
Epoch 7/8000

Epoch 00007: val_loss improved from 24.86396 to 24.75902, saving model to model_weights/model_2020-01-30_18-42-17.h5
 - 12s - loss: 23.7514 - val_loss: 24.7590
Epoch 8/8000

Epoch 00008: val_loss improved from 24.75902 to 24.74439, saving model to model_weights/model_2020-01-30_18-42-17.h5
 - 12s - loss: 23.5889 - val_loss: 24.7444
Epoch 9/8000

Epoch 00009: val_loss improved from 24.74439 to 24.51190, saving model to model_weights/model_2020-01-30_18-42-17.h5
 - 12s - loss: 23.3974 - val_loss: 24.5119
Epoch 10/8000

Epoch 00010: val_loss improved from 24.51190 to 24.16796, saving model to model_weights/model_2020-01-30_18-42-17.h5
 - 13s - loss: 23.2659 - val_loss: 24.1680
Epoch 11/8000

Epoch 00011: val_loss improved from 24.16796 to 24.05453, saving model to model_weights/model_2020-01-30_18-42-17.h5
 - 12s - loss: 23.1664 - val_loss: 24.0545
Epoch 12/8000

Epoch 00012: val_loss improved from 24.05453 to 23.10043, saving model to model_weights/model_2020-01-30_18-42-17.h5
 - 13s - loss: 22.7295 - val_loss: 23.1004
Epoch 13/8000

Epoch 00013: val_loss improved from 23.10043 to 23.03726, saving model to model_weights/model_2020-01-30_18-42-17.h5
 - 13s - loss: 22.2631 - val_loss: 23.0373
Epoch 14/8000

Epoch 00014: val_loss improved from 23.03726 to 21.41531, saving model to model_weights/model_2020-01-30_18-42-17.h5
 - 13s - loss: 21.1626 - val_loss: 21.4153
Epoch 15/8000

Epoch 00015: val_loss did not improve from 21.41531
 - 12s - loss: 20.4921 - val_loss: 21.6393
Epoch 16/8000

Epoch 00016: val_loss improved from 21.41531 to 20.82549, saving model to model_weights/model_2020-01-30_18-42-17.h5
 - 12s - loss: 20.1509 - val_loss: 20.8255
Epoch 17/8000

Epoch 00017: val_loss improved from 20.82549 to 20.35026, saving model to model_weights/model_2020-01-30_18-42-17.h5
 - 13s - loss: 19.6132 - val_loss: 20.3503
Epoch 18/8000

Epoch 00018: val_loss improved from 20.35026 to 19.85334, saving model to model_weights/model_2020-01-30_18-42-17.h5
 - 12s - loss: 19.7723 - val_loss: 19.8533
Epoch 19/8000

Epoch 00019: val_loss did not improve from 19.85334
 - 13s - loss: 19.2983 - val_loss: 20.3873
Epoch 20/8000

Epoch 00020: val_loss did not improve from 19.85334
 - 13s - loss: 19.0541 - val_loss: 20.1364
Epoch 21/8000

Epoch 00021: val_loss improved from 19.85334 to 19.58740, saving model to model_weights/model_2020-01-30_18-42-17.h5
 - 12s - loss: 18.6365 - val_loss: 19.5874
Epoch 22/8000

Epoch 00022: val_loss improved from 19.58740 to 19.16534, saving model to model_weights/model_2020-01-30_18-42-17.h5
 - 12s - loss: 18.5293 - val_loss: 19.1653
Epoch 23/8000

Epoch 00023: val_loss did not improve from 19.16534
 - 12s - loss: 18.2927 - val_loss: 19.2278
Epoch 24/8000

Epoch 00024: val_loss improved from 19.16534 to 18.75278, saving model to model_weights/model_2020-01-30_18-42-17.h5
 - 13s - loss: 18.1244 - val_loss: 18.7528
Epoch 25/8000

Epoch 00025: val_loss improved from 18.75278 to 18.48412, saving model to model_weights/model_2020-01-30_18-42-17.h5
 - 13s - loss: 18.0370 - val_loss: 18.4841
Epoch 26/8000

Epoch 00026: val_loss improved from 18.48412 to 18.32619, saving model to model_weights/model_2020-01-30_18-42-17.h5
 - 13s - loss: 17.9716 - val_loss: 18.3262
Epoch 27/8000

Epoch 00027: val_loss did not improve from 18.32619
 - 13s - loss: 17.9037 - val_loss: 18.5340
Epoch 28/8000

Epoch 00028: val_loss did not improve from 18.32619
 - 12s - loss: 17.8420 - val_loss: 18.4289
Epoch 29/8000

Epoch 00029: val_loss improved from 18.32619 to 18.06703, saving model to model_weights/model_2020-01-30_18-42-17.h5
 - 12s - loss: 17.8585 - val_loss: 18.0670
Epoch 30/8000

Epoch 00030: val_loss improved from 18.06703 to 18.02952, saving model to model_weights/model_2020-01-30_18-42-17.h5
 - 12s - loss: 17.6083 - val_loss: 18.0295
Epoch 31/8000

Epoch 00031: val_loss improved from 18.02952 to 17.77611, saving model to model_weights/model_2020-01-30_18-42-17.h5
 - 13s - loss: 17.5393 - val_loss: 17.7761
Epoch 32/8000

Epoch 00032: val_loss improved from 17.77611 to 17.49656, saving model to model_weights/model_2020-01-30_18-42-17.h5
 - 12s - loss: 17.4014 - val_loss: 17.4966
Epoch 33/8000

Epoch 00033: val_loss did not improve from 17.49656
 - 13s - loss: 17.4435 - val_loss: 17.5378
Epoch 34/8000

Epoch 00034: val_loss did not improve from 17.49656
 - 12s - loss: 17.1073 - val_loss: 18.1915
Epoch 35/8000

Epoch 00035: val_loss improved from 17.49656 to 17.40499, saving model to model_weights/model_2020-01-30_18-42-17.h5
 - 13s - loss: 17.1837 - val_loss: 17.4050
Epoch 36/8000

Epoch 00036: val_loss did not improve from 17.40499
 - 12s - loss: 17.1470 - val_loss: 17.7179
Epoch 37/8000

Epoch 00037: val_loss did not improve from 17.40499
 - 12s - loss: 16.9902 - val_loss: 18.6866
Epoch 38/8000

Epoch 00038: val_loss did not improve from 17.40499
 - 12s - loss: 16.8637 - val_loss: 17.4406
Epoch 39/8000

Epoch 00039: val_loss improved from 17.40499 to 17.32617, saving model to model_weights/model_2020-01-30_18-42-17.h5
 - 12s - loss: 16.9029 - val_loss: 17.3262
Epoch 40/8000

Epoch 00040: val_loss improved from 17.32617 to 17.21054, saving model to model_weights/model_2020-01-30_18-42-17.h5
 - 13s - loss: 16.8313 - val_loss: 17.2105
Epoch 41/8000

Epoch 00041: val_loss improved from 17.21054 to 17.08401, saving model to model_weights/model_2020-01-30_18-42-17.h5
 - 13s - loss: 16.8220 - val_loss: 17.0840
Epoch 42/8000

Epoch 00042: val_loss did not improve from 17.08401
 - 12s - loss: 16.6590 - val_loss: 17.6096
Epoch 43/8000

Epoch 00043: val_loss improved from 17.08401 to 17.03476, saving model to model_weights/model_2020-01-30_18-42-17.h5
 - 12s - loss: 16.6963 - val_loss: 17.0348
Epoch 44/8000

Epoch 00044: val_loss did not improve from 17.03476
 - 12s - loss: 16.5182 - val_loss: 17.2552
Epoch 45/8000

Epoch 00045: val_loss improved from 17.03476 to 16.67544, saving model to model_weights/model_2020-01-30_18-42-17.h5
 - 13s - loss: 16.6247 - val_loss: 16.6754
Epoch 46/8000

Epoch 00046: val_loss did not improve from 16.67544
 - 12s - loss: 16.4967 - val_loss: 17.1517
Epoch 47/8000

Epoch 00047: val_loss did not improve from 16.67544
 - 13s - loss: 16.4825 - val_loss: 16.7285
Epoch 48/8000

Epoch 00048: val_loss did not improve from 16.67544
 - 12s - loss: 16.4601 - val_loss: 16.9732
Epoch 49/8000

Epoch 00049: val_loss improved from 16.67544 to 16.58976, saving model to model_weights/model_2020-01-30_18-42-17.h5
 - 12s - loss: 16.4515 - val_loss: 16.5898
Epoch 50/8000

Epoch 00050: val_loss did not improve from 16.58976
 - 12s - loss: 16.4071 - val_loss: 16.8409
Epoch 51/8000

Epoch 00051: val_loss improved from 16.58976 to 16.54413, saving model to model_weights/model_2020-01-30_18-42-17.h5
 - 13s - loss: 16.3163 - val_loss: 16.5441
Epoch 52/8000

Epoch 00052: val_loss improved from 16.54413 to 16.27720, saving model to model_weights/model_2020-01-30_18-42-17.h5
 - 13s - loss: 16.3689 - val_loss: 16.2772
Epoch 53/8000

Epoch 00053: val_loss did not improve from 16.27720
 - 12s - loss: 16.2647 - val_loss: 17.2393
Epoch 54/8000

Epoch 00054: val_loss did not improve from 16.27720
 - 13s - loss: 16.2487 - val_loss: 16.9732
Epoch 55/8000

Epoch 00055: val_loss improved from 16.27720 to 16.27670, saving model to model_weights/model_2020-01-30_18-42-17.h5
 - 13s - loss: 16.2956 - val_loss: 16.2767
Epoch 56/8000

Epoch 00056: val_loss did not improve from 16.27670
 - 13s - loss: 16.2614 - val_loss: 16.3974
Epoch 57/8000

Epoch 00057: val_loss did not improve from 16.27670
 - 13s - loss: 16.1547 - val_loss: 16.4874
Epoch 58/8000

Epoch 00058: val_loss did not improve from 16.27670
 - 12s - loss: 16.0697 - val_loss: 17.3876
Epoch 59/8000

Epoch 00059: val_loss improved from 16.27670 to 16.22386, saving model to model_weights/model_2020-01-30_18-42-17.h5
 - 13s - loss: 16.2370 - val_loss: 16.2239
Epoch 60/8000

Epoch 00060: val_loss improved from 16.22386 to 16.16476, saving model to model_weights/model_2020-01-30_18-42-17.h5
 - 12s - loss: 16.0717 - val_loss: 16.1648
Epoch 61/8000

Epoch 00061: val_loss did not improve from 16.16476
 - 13s - loss: 16.2545 - val_loss: 17.2475
Epoch 62/8000

Epoch 00062: val_loss did not improve from 16.16476
 - 12s - loss: 16.0824 - val_loss: 16.5625
Epoch 63/8000

Epoch 00063: val_loss did not improve from 16.16476
 - 12s - loss: 15.9839 - val_loss: 16.4118
Epoch 64/8000

Epoch 00064: val_loss improved from 16.16476 to 16.14304, saving model to model_weights/model_2020-01-30_18-42-17.h5
 - 12s - loss: 16.0747 - val_loss: 16.1430
Epoch 65/8000

Epoch 00065: val_loss improved from 16.14304 to 16.05368, saving model to model_weights/model_2020-01-30_18-42-17.h5
 - 13s - loss: 15.9146 - val_loss: 16.0537
Epoch 66/8000

Epoch 00066: val_loss did not improve from 16.05368
 - 13s - loss: 15.8688 - val_loss: 16.4237
Epoch 67/8000

Epoch 00067: val_loss did not improve from 16.05368
 - 12s - loss: 15.8470 - val_loss: 16.3672
Epoch 68/8000

Epoch 00068: val_loss improved from 16.05368 to 15.78288, saving model to model_weights/model_2020-01-30_18-42-17.h5
 - 12s - loss: 15.7804 - val_loss: 15.7829
Epoch 69/8000

Epoch 00069: val_loss did not improve from 15.78288
 - 13s - loss: 15.7825 - val_loss: 16.0681
Epoch 70/8000

Epoch 00070: val_loss did not improve from 15.78288
 - 12s - loss: 15.7714 - val_loss: 15.9053
Epoch 71/8000

Epoch 00071: val_loss did not improve from 15.78288
 - 12s - loss: 15.7145 - val_loss: 15.9580
Epoch 72/8000

Epoch 00072: val_loss did not improve from 15.78288
 - 12s - loss: 15.7520 - val_loss: 16.1037
Epoch 73/8000

Epoch 00073: val_loss did not improve from 15.78288
 - 13s - loss: 15.7539 - val_loss: 16.0350
Epoch 74/8000

Epoch 00074: val_loss improved from 15.78288 to 15.73939, saving model to model_weights/model_2020-01-30_18-42-17.h5
 - 12s - loss: 15.7554 - val_loss: 15.7394
Epoch 75/8000

Epoch 00075: val_loss did not improve from 15.73939
 - 12s - loss: 15.5983 - val_loss: 15.8121
Epoch 76/8000

Epoch 00076: val_loss did not improve from 15.73939
 - 12s - loss: 15.6245 - val_loss: 16.3079
Epoch 77/8000

Epoch 00077: val_loss improved from 15.73939 to 15.53795, saving model to model_weights/model_2020-01-30_18-42-17.h5
 - 12s - loss: 15.6410 - val_loss: 15.5380
Epoch 78/8000

Epoch 00078: val_loss did not improve from 15.53795
 - 12s - loss: 15.4880 - val_loss: 15.7986
Epoch 79/8000

Epoch 00079: val_loss did not improve from 15.53795
 - 13s - loss: 15.6818 - val_loss: 15.9972
Epoch 80/8000

Epoch 00080: val_loss did not improve from 15.53795
 - 12s - loss: 15.5101 - val_loss: 15.9701
Epoch 81/8000

Epoch 00081: val_loss did not improve from 15.53795
 - 12s - loss: 15.5545 - val_loss: 15.8854
Epoch 82/8000

Epoch 00082: val_loss did not improve from 15.53795
 - 12s - loss: 15.6708 - val_loss: 16.0937
Epoch 83/8000

Epoch 00083: val_loss did not improve from 15.53795
 - 12s - loss: 15.6013 - val_loss: 16.1047
Epoch 84/8000

Epoch 00084: val_loss did not improve from 15.53795
 - 12s - loss: 15.5312 - val_loss: 15.8352
Epoch 85/8000

Epoch 00085: val_loss did not improve from 15.53795
 - 12s - loss: 15.5559 - val_loss: 15.7833
Epoch 86/8000

Epoch 00086: val_loss did not improve from 15.53795
 - 12s - loss: 15.5280 - val_loss: 15.7384
Epoch 87/8000

Epoch 00087: val_loss did not improve from 15.53795
 - 12s - loss: 15.5825 - val_loss: 15.8547
Epoch 88/8000

Epoch 00088: val_loss improved from 15.53795 to 15.40159, saving model to model_weights/model_2020-01-30_18-42-17.h5
 - 13s - loss: 15.4819 - val_loss: 15.4016
Epoch 89/8000

Epoch 00089: val_loss did not improve from 15.40159
 - 12s - loss: 15.2981 - val_loss: 15.6433
Epoch 90/8000

Epoch 00090: val_loss improved from 15.40159 to 15.31644, saving model to model_weights/model_2020-01-30_18-42-17.h5
 - 13s - loss: 15.4603 - val_loss: 15.3164
Epoch 91/8000

Epoch 00091: val_loss did not improve from 15.31644
 - 12s - loss: 15.4056 - val_loss: 15.9101
Epoch 92/8000

Epoch 00092: val_loss did not improve from 15.31644
 - 13s - loss: 15.3588 - val_loss: 15.6043
Epoch 93/8000

Epoch 00093: val_loss did not improve from 15.31644
 - 12s - loss: 15.1886 - val_loss: 15.3703
Epoch 94/8000

Epoch 00094: val_loss improved from 15.31644 to 15.08701, saving model to model_weights/model_2020-01-30_18-42-17.h5
 - 12s - loss: 15.2120 - val_loss: 15.0870
Epoch 95/8000

Epoch 00095: val_loss did not improve from 15.08701
 - 12s - loss: 15.1172 - val_loss: 15.1411
Epoch 96/8000

Epoch 00096: val_loss did not improve from 15.08701
 - 12s - loss: 15.2418 - val_loss: 15.5919
Epoch 97/8000

Epoch 00097: val_loss did not improve from 15.08701
 - 12s - loss: 15.2056 - val_loss: 15.4474
Epoch 98/8000

Epoch 00098: val_loss did not improve from 15.08701
 - 13s - loss: 15.1580 - val_loss: 15.7443
Epoch 99/8000

Epoch 00099: val_loss improved from 15.08701 to 15.06914, saving model to model_weights/model_2020-01-30_18-42-17.h5
 - 13s - loss: 15.0643 - val_loss: 15.0691
Epoch 100/8000

Epoch 00100: val_loss did not improve from 15.06914
 - 12s - loss: 14.9666 - val_loss: 15.0728
Epoch 101/8000

Epoch 00101: val_loss improved from 15.06914 to 15.02645, saving model to model_weights/model_2020-01-30_18-42-17.h5
 - 13s - loss: 14.9434 - val_loss: 15.0264
Epoch 102/8000

Epoch 00102: val_loss did not improve from 15.02645
 - 12s - loss: 15.1888 - val_loss: 15.5725
Epoch 103/8000

Epoch 00103: val_loss did not improve from 15.02645
 - 13s - loss: 15.1572 - val_loss: 15.3709
Epoch 104/8000

Epoch 00104: val_loss improved from 15.02645 to 14.93429, saving model to model_weights/model_2020-01-30_18-42-17.h5
 - 13s - loss: 15.1187 - val_loss: 14.9343
Epoch 105/8000

Epoch 00105: val_loss did not improve from 14.93429
 - 12s - loss: 14.9995 - val_loss: 15.5069
Epoch 106/8000

Epoch 00106: val_loss did not improve from 14.93429
 - 13s - loss: 14.8458 - val_loss: 15.0189
Epoch 107/8000

Epoch 00107: val_loss did not improve from 14.93429
 - 12s - loss: 14.9220 - val_loss: 15.0514
Epoch 108/8000

Epoch 00108: val_loss did not improve from 14.93429
 - 12s - loss: 14.9529 - val_loss: 15.5154
Epoch 109/8000

Epoch 00109: val_loss did not improve from 14.93429
 - 12s - loss: 14.8933 - val_loss: 15.3286
Epoch 110/8000

Epoch 00110: val_loss improved from 14.93429 to 14.87557, saving model to model_weights/model_2020-01-30_18-42-17.h5
 - 13s - loss: 14.7346 - val_loss: 14.8756
Epoch 111/8000

Epoch 00111: val_loss did not improve from 14.87557
 - 13s - loss: 14.7944 - val_loss: 15.5261
Epoch 112/8000

Epoch 00112: val_loss did not improve from 14.87557
 - 12s - loss: 14.8041 - val_loss: 15.5998
Epoch 113/8000

Epoch 00113: val_loss did not improve from 14.87557
 - 13s - loss: 14.9593 - val_loss: 15.4276
Epoch 114/8000

Epoch 00114: val_loss did not improve from 14.87557
 - 12s - loss: 14.8398 - val_loss: 15.0941
Epoch 115/8000

Epoch 00115: val_loss did not improve from 14.87557
 - 12s - loss: 14.6614 - val_loss: 15.0040
Epoch 116/8000

Epoch 00116: val_loss improved from 14.87557 to 14.77790, saving model to model_weights/model_2020-01-30_18-42-17.h5
 - 12s - loss: 14.7495 - val_loss: 14.7779
Epoch 117/8000

Epoch 00117: val_loss did not improve from 14.77790
 - 13s - loss: 14.7121 - val_loss: 15.0182
Epoch 118/8000

Epoch 00118: val_loss did not improve from 14.77790
 - 12s - loss: 14.6878 - val_loss: 15.1977
Epoch 119/8000

Epoch 00119: val_loss did not improve from 14.77790
 - 12s - loss: 14.5497 - val_loss: 15.0620
Epoch 120/8000

Epoch 00120: val_loss improved from 14.77790 to 14.68884, saving model to model_weights/model_2020-01-30_18-42-17.h5
 - 13s - loss: 14.5601 - val_loss: 14.6888
Epoch 121/8000

Epoch 00121: val_loss did not improve from 14.68884
 - 12s - loss: 14.5744 - val_loss: 15.1420
Epoch 122/8000

Epoch 00122: val_loss improved from 14.68884 to 14.62674, saving model to model_weights/model_2020-01-30_18-42-17.h5
 - 12s - loss: 14.5285 - val_loss: 14.6267
Epoch 123/8000

Epoch 00123: val_loss did not improve from 14.62674
 - 12s - loss: 14.5919 - val_loss: 14.9176
Epoch 124/8000

Epoch 00124: val_loss did not improve from 14.62674
 - 13s - loss: 14.5659 - val_loss: 14.8609
Epoch 125/8000

Epoch 00125: val_loss did not improve from 14.62674
 - 13s - loss: 14.5410 - val_loss: 14.8872
Epoch 126/8000

Epoch 00126: val_loss did not improve from 14.62674
 - 12s - loss: 14.4166 - val_loss: 14.7315
Epoch 127/8000

Epoch 00127: val_loss improved from 14.62674 to 14.25164, saving model to model_weights/model_2020-01-30_18-42-17.h5
 - 13s - loss: 14.5415 - val_loss: 14.2516
Epoch 128/8000

Epoch 00128: val_loss did not improve from 14.25164
 - 12s - loss: 14.4405 - val_loss: 14.3543
Epoch 129/8000

Epoch 00129: val_loss did not improve from 14.25164
 - 12s - loss: 14.4986 - val_loss: 14.4991
Epoch 130/8000

Epoch 00130: val_loss did not improve from 14.25164
 - 12s - loss: 14.3874 - val_loss: 14.8143
Epoch 131/8000

Epoch 00131: val_loss improved from 14.25164 to 14.17534, saving model to model_weights/model_2020-01-30_18-42-17.h5
 - 13s - loss: 14.3484 - val_loss: 14.1753
Epoch 132/8000

Epoch 00132: val_loss did not improve from 14.17534
 - 12s - loss: 14.4674 - val_loss: 15.1822
Epoch 133/8000

Epoch 00133: val_loss did not improve from 14.17534
 - 12s - loss: 14.4010 - val_loss: 14.3539
Epoch 134/8000

Epoch 00134: val_loss did not improve from 14.17534
 - 12s - loss: 14.3364 - val_loss: 14.4766
Epoch 135/8000

Epoch 00135: val_loss did not improve from 14.17534
 - 12s - loss: 14.3398 - val_loss: 14.2659
Epoch 136/8000

Epoch 00136: val_loss did not improve from 14.17534
 - 13s - loss: 14.2736 - val_loss: 14.4578
Epoch 137/8000

Epoch 00137: val_loss did not improve from 14.17534
 - 13s - loss: 14.2379 - val_loss: 14.3883
Epoch 138/8000

Epoch 00138: val_loss did not improve from 14.17534
 - 12s - loss: 14.1591 - val_loss: 14.3915
Epoch 139/8000

Epoch 00139: val_loss did not improve from 14.17534
 - 12s - loss: 14.2691 - val_loss: 14.4333
Epoch 140/8000

Epoch 00140: val_loss did not improve from 14.17534
 - 12s - loss: 14.2681 - val_loss: 14.4085
Epoch 141/8000

Epoch 00141: val_loss did not improve from 14.17534
 - 12s - loss: 14.2031 - val_loss: 14.9605
Epoch 142/8000

Epoch 00142: val_loss did not improve from 14.17534
 - 12s - loss: 14.1768 - val_loss: 14.4064
Epoch 143/8000

Epoch 00143: val_loss did not improve from 14.17534
 - 13s - loss: 14.2129 - val_loss: 14.3243
Epoch 144/8000

Epoch 00144: val_loss did not improve from 14.17534
 - 13s - loss: 14.1942 - val_loss: 14.5759
Epoch 145/8000

Epoch 00145: val_loss did not improve from 14.17534
 - 13s - loss: 14.2449 - val_loss: 14.2481
Epoch 146/8000

Epoch 00146: val_loss did not improve from 14.17534
 - 12s - loss: 14.1069 - val_loss: 14.5591
Epoch 147/8000

Epoch 00147: val_loss did not improve from 14.17534
 - 13s - loss: 14.1076 - val_loss: 14.5501
Epoch 148/8000

Epoch 00148: val_loss improved from 14.17534 to 14.12292, saving model to model_weights/model_2020-01-30_18-42-17.h5
 - 12s - loss: 14.0921 - val_loss: 14.1229
Epoch 149/8000

Epoch 00149: val_loss did not improve from 14.12292
 - 12s - loss: 14.0648 - val_loss: 14.3909
Epoch 150/8000

Epoch 00150: val_loss improved from 14.12292 to 14.11513, saving model to model_weights/model_2020-01-30_18-42-17.h5
 - 13s - loss: 14.2213 - val_loss: 14.1151
Epoch 151/8000

Epoch 00151: val_loss did not improve from 14.11513
 - 12s - loss: 14.0106 - val_loss: 14.3405
Epoch 152/8000

Epoch 00152: val_loss improved from 14.11513 to 14.08208, saving model to model_weights/model_2020-01-30_18-42-17.h5
 - 13s - loss: 14.0580 - val_loss: 14.0821
Epoch 153/8000

Epoch 00153: val_loss improved from 14.08208 to 13.91461, saving model to model_weights/model_2020-01-30_18-42-17.h5
 - 13s - loss: 14.0838 - val_loss: 13.9146
Epoch 154/8000

Epoch 00154: val_loss did not improve from 13.91461
 - 13s - loss: 13.9930 - val_loss: 14.2512
Epoch 155/8000

Epoch 00155: val_loss did not improve from 13.91461
 - 12s - loss: 13.9673 - val_loss: 13.9380
Epoch 156/8000

Epoch 00156: val_loss improved from 13.91461 to 13.78762, saving model to model_weights/model_2020-01-30_18-42-17.h5
 - 12s - loss: 13.9346 - val_loss: 13.7876
Epoch 157/8000

Epoch 00157: val_loss did not improve from 13.78762
 - 12s - loss: 13.9136 - val_loss: 13.9923
Epoch 158/8000

Epoch 00158: val_loss did not improve from 13.78762
 - 12s - loss: 13.9256 - val_loss: 13.9096
Epoch 159/8000

Epoch 00159: val_loss did not improve from 13.78762
 - 12s - loss: 13.8852 - val_loss: 14.2084
Epoch 160/8000

Epoch 00160: val_loss did not improve from 13.78762
 - 12s - loss: 13.8049 - val_loss: 14.2045
Epoch 161/8000

Epoch 00161: val_loss improved from 13.78762 to 13.73644, saving model to model_weights/model_2020-01-30_18-42-17.h5
 - 13s - loss: 13.7541 - val_loss: 13.7364
Epoch 162/8000

Epoch 00162: val_loss improved from 13.73644 to 13.60392, saving model to model_weights/model_2020-01-30_18-42-17.h5
 - 13s - loss: 13.8492 - val_loss: 13.6039
Epoch 163/8000

Epoch 00163: val_loss did not improve from 13.60392
 - 12s - loss: 13.8478 - val_loss: 13.8092
Epoch 164/8000

Epoch 00164: val_loss did not improve from 13.60392
 - 12s - loss: 13.7953 - val_loss: 13.6419
Epoch 165/8000

Epoch 00165: val_loss did not improve from 13.60392
 - 12s - loss: 13.9330 - val_loss: 14.2020
Epoch 166/8000

Epoch 00166: val_loss did not improve from 13.60392
 - 13s - loss: 13.7527 - val_loss: 13.6866
Epoch 167/8000

Epoch 00167: val_loss did not improve from 13.60392
 - 12s - loss: 13.7556 - val_loss: 13.9055
Epoch 168/8000

Epoch 00168: val_loss did not improve from 13.60392
 - 12s - loss: 13.6734 - val_loss: 14.0063
Epoch 169/8000

Epoch 00169: val_loss did not improve from 13.60392
 - 13s - loss: 13.7693 - val_loss: 14.3970
Epoch 170/8000

Epoch 00170: val_loss did not improve from 13.60392
 - 12s - loss: 13.7608 - val_loss: 14.7304
Epoch 171/8000

Epoch 00171: val_loss did not improve from 13.60392
 - 13s - loss: 13.7533 - val_loss: 13.6842
Epoch 172/8000

Epoch 00172: val_loss did not improve from 13.60392
 - 12s - loss: 13.7176 - val_loss: 14.5127
Epoch 173/8000

Epoch 00173: val_loss did not improve from 13.60392
 - 12s - loss: 13.7686 - val_loss: 13.6717
Epoch 174/8000

Epoch 00174: val_loss improved from 13.60392 to 13.50233, saving model to model_weights/model_2020-01-30_18-42-17.h5
 - 13s - loss: 13.6243 - val_loss: 13.5023
Epoch 175/8000

Epoch 00175: val_loss did not improve from 13.50233
 - 12s - loss: 13.7767 - val_loss: 13.6995
Epoch 176/8000

Epoch 00176: val_loss did not improve from 13.50233
 - 12s - loss: 13.7489 - val_loss: 13.8422
Epoch 177/8000

Epoch 00177: val_loss did not improve from 13.50233
 - 12s - loss: 13.5698 - val_loss: 13.7578
Epoch 178/8000

Epoch 00178: val_loss did not improve from 13.50233
 - 12s - loss: 13.7410 - val_loss: 14.6998
Epoch 179/8000

Epoch 00179: val_loss did not improve from 13.50233
 - 12s - loss: 13.6244 - val_loss: 14.2477
Epoch 180/8000

Epoch 00180: val_loss did not improve from 13.50233
 - 13s - loss: 13.5803 - val_loss: 14.6124
Epoch 181/8000

Epoch 00181: val_loss did not improve from 13.50233
 - 12s - loss: 13.6537 - val_loss: 13.5662
Epoch 182/8000

Epoch 00182: val_loss did not improve from 13.50233
 - 12s - loss: 13.4881 - val_loss: 13.5198
Epoch 183/8000

Epoch 00183: val_loss did not improve from 13.50233
 - 12s - loss: 13.6179 - val_loss: 13.5041
Epoch 184/8000

Epoch 00184: val_loss did not improve from 13.50233
 - 12s - loss: 13.5992 - val_loss: 13.8598
Epoch 185/8000

Epoch 00185: val_loss did not improve from 13.50233
 - 12s - loss: 13.5138 - val_loss: 13.8033
Epoch 186/8000

Epoch 00186: val_loss did not improve from 13.50233
 - 12s - loss: 13.6149 - val_loss: 13.6741
Epoch 187/8000

Epoch 00187: val_loss did not improve from 13.50233
 - 13s - loss: 13.5721 - val_loss: 13.5182
Epoch 188/8000

Epoch 00188: val_loss did not improve from 13.50233
 - 13s - loss: 13.5039 - val_loss: 13.6037
Epoch 189/8000

Epoch 00189: val_loss did not improve from 13.50233
 - 12s - loss: 13.4657 - val_loss: 13.8363
Epoch 190/8000

Epoch 00190: val_loss did not improve from 13.50233
 - 12s - loss: 13.5058 - val_loss: 13.7307
Epoch 191/8000

Epoch 00191: val_loss improved from 13.50233 to 13.41170, saving model to model_weights/model_2020-01-30_18-42-17.h5
 - 12s - loss: 13.5082 - val_loss: 13.4117
Epoch 192/8000

Epoch 00192: val_loss did not improve from 13.41170
 - 12s - loss: 13.4604 - val_loss: 13.7471
Epoch 193/8000

Epoch 00193: val_loss did not improve from 13.41170
 - 12s - loss: 13.3864 - val_loss: 13.5166
Epoch 194/8000

Epoch 00194: val_loss improved from 13.41170 to 13.29866, saving model to model_weights/model_2020-01-30_18-42-17.h5
 - 13s - loss: 13.4366 - val_loss: 13.2987
Epoch 195/8000

Epoch 00195: val_loss did not improve from 13.29866
 - 12s - loss: 13.3666 - val_loss: 13.3638
Epoch 196/8000

Epoch 00196: val_loss did not improve from 13.29866
 - 12s - loss: 13.4417 - val_loss: 13.5941
Epoch 197/8000

Epoch 00197: val_loss did not improve from 13.29866
 - 12s - loss: 13.4220 - val_loss: 13.8456
Epoch 198/8000

Epoch 00198: val_loss did not improve from 13.29866
 - 12s - loss: 13.4410 - val_loss: 13.4469
Epoch 199/8000

Epoch 00199: val_loss did not improve from 13.29866
 - 13s - loss: 13.4040 - val_loss: 13.4858
Epoch 200/8000

Epoch 00200: val_loss improved from 13.29866 to 13.23213, saving model to model_weights/model_2020-01-30_18-42-17.h5
 - 13s - loss: 13.3076 - val_loss: 13.2321
Epoch 201/8000

Epoch 00201: val_loss did not improve from 13.23213
 - 13s - loss: 13.3432 - val_loss: 13.5502
Epoch 202/8000

Epoch 00202: val_loss did not improve from 13.23213
 - 12s - loss: 13.3661 - val_loss: 13.6546
Epoch 203/8000

Epoch 00203: val_loss did not improve from 13.23213
 - 12s - loss: 13.3963 - val_loss: 14.1463
Epoch 204/8000

Epoch 00204: val_loss did not improve from 13.23213
 - 13s - loss: 13.3437 - val_loss: 13.3122
Epoch 205/8000

Epoch 00205: val_loss did not improve from 13.23213
 - 12s - loss: 13.3166 - val_loss: 13.6332
Epoch 206/8000

Epoch 00206: val_loss did not improve from 13.23213
 - 12s - loss: 13.4045 - val_loss: 13.4894
Epoch 207/8000

Epoch 00207: val_loss did not improve from 13.23213
 - 12s - loss: 13.3500 - val_loss: 13.2780
Epoch 208/8000

Epoch 00208: val_loss did not improve from 13.23213
 - 13s - loss: 13.2396 - val_loss: 13.3078
Epoch 209/8000

Epoch 00209: val_loss improved from 13.23213 to 13.08239, saving model to model_weights/model_2020-01-30_18-42-17.h5
 - 12s - loss: 13.2738 - val_loss: 13.0824
Epoch 210/8000

Epoch 00210: val_loss did not improve from 13.08239
 - 12s - loss: 13.3344 - val_loss: 13.9285
Epoch 211/8000

Epoch 00211: val_loss did not improve from 13.08239
 - 13s - loss: 13.3007 - val_loss: 13.3152
Epoch 212/8000

Epoch 00212: val_loss did not improve from 13.08239
 - 12s - loss: 13.3152 - val_loss: 13.3293
Epoch 213/8000

Epoch 00213: val_loss did not improve from 13.08239
 - 13s - loss: 13.2986 - val_loss: 13.3946
Epoch 214/8000

Epoch 00214: val_loss did not improve from 13.08239
 - 12s - loss: 13.3872 - val_loss: 13.3717
Epoch 215/8000

Epoch 00215: val_loss did not improve from 13.08239
 - 12s - loss: 13.2204 - val_loss: 13.1272
Epoch 216/8000

Epoch 00216: val_loss did not improve from 13.08239
 - 12s - loss: 13.2136 - val_loss: 13.5012
Epoch 217/8000

Epoch 00217: val_loss did not improve from 13.08239
 - 13s - loss: 13.2437 - val_loss: 13.1724
Epoch 218/8000

Epoch 00218: val_loss did not improve from 13.08239
 - 13s - loss: 13.1808 - val_loss: 13.2278
Epoch 219/8000

Epoch 00219: val_loss did not improve from 13.08239
 - 12s - loss: 13.1294 - val_loss: 13.2606
Epoch 220/8000

Epoch 00220: val_loss did not improve from 13.08239
 - 12s - loss: 13.1755 - val_loss: 13.8459
Epoch 221/8000

Epoch 00221: val_loss did not improve from 13.08239
 - 12s - loss: 13.1837 - val_loss: 13.2598
Epoch 222/8000

Epoch 00222: val_loss did not improve from 13.08239
 - 12s - loss: 13.2205 - val_loss: 13.1548
Epoch 223/8000

Epoch 00223: val_loss did not improve from 13.08239
 - 13s - loss: 13.1602 - val_loss: 13.2981
Epoch 224/8000

Epoch 00224: val_loss did not improve from 13.08239
 - 12s - loss: 13.1524 - val_loss: 13.3716
Epoch 225/8000

Epoch 00225: val_loss did not improve from 13.08239
 - 12s - loss: 13.0582 - val_loss: 13.6273
Epoch 226/8000

Epoch 00226: val_loss did not improve from 13.08239
 - 13s - loss: 13.1472 - val_loss: 13.1177
Epoch 227/8000

Epoch 00227: val_loss improved from 13.08239 to 13.03046, saving model to model_weights/model_2020-01-30_18-42-17.h5
 - 13s - loss: 13.1507 - val_loss: 13.0305
Epoch 228/8000

Epoch 00228: val_loss improved from 13.03046 to 13.02558, saving model to model_weights/model_2020-01-30_18-42-17.h5
 - 12s - loss: 13.0859 - val_loss: 13.0256
Epoch 229/8000

Epoch 00229: val_loss did not improve from 13.02558
 - 12s - loss: 13.0281 - val_loss: 13.2425
Epoch 230/8000

Epoch 00230: val_loss did not improve from 13.02558
 - 12s - loss: 13.1672 - val_loss: 13.3695
Epoch 231/8000

Epoch 00231: val_loss did not improve from 13.02558
 - 12s - loss: 13.1721 - val_loss: 13.4118
Epoch 232/8000

Epoch 00232: val_loss did not improve from 13.02558
 - 13s - loss: 13.1504 - val_loss: 13.3777
Epoch 233/8000

Epoch 00233: val_loss did not improve from 13.02558
 - 12s - loss: 12.9388 - val_loss: 13.2910
Epoch 234/8000

Epoch 00234: val_loss did not improve from 13.02558
 - 12s - loss: 13.0147 - val_loss: 13.5036
Epoch 235/8000

Epoch 00235: val_loss did not improve from 13.02558
 - 12s - loss: 13.0531 - val_loss: 13.9659
Epoch 236/8000

Epoch 00236: val_loss did not improve from 13.02558
 - 12s - loss: 13.0682 - val_loss: 13.3389
Epoch 237/8000

Epoch 00237: val_loss did not improve from 13.02558
 - 12s - loss: 13.0286 - val_loss: 13.6606
Epoch 238/8000

Epoch 00238: val_loss did not improve from 13.02558
 - 12s - loss: 13.1445 - val_loss: 14.0170
Epoch 239/8000

Epoch 00239: val_loss did not improve from 13.02558
 - 12s - loss: 13.1143 - val_loss: 13.1851
Epoch 240/8000

Epoch 00240: val_loss improved from 13.02558 to 12.98428, saving model to model_weights/model_2020-01-30_18-42-17.h5
 - 12s - loss: 12.9134 - val_loss: 12.9843
Epoch 241/8000

Epoch 00241: val_loss did not improve from 12.98428
 - 12s - loss: 13.0056 - val_loss: 13.1553
Epoch 242/8000

Epoch 00242: val_loss did not improve from 12.98428
 - 12s - loss: 12.9218 - val_loss: 13.1495
Epoch 243/8000

Epoch 00243: val_loss did not improve from 12.98428
 - 13s - loss: 12.9197 - val_loss: 13.0064
Epoch 244/8000

Epoch 00244: val_loss improved from 12.98428 to 12.97012, saving model to model_weights/model_2020-01-30_18-42-17.h5
 - 13s - loss: 12.9143 - val_loss: 12.9701
Epoch 245/8000

Epoch 00245: val_loss did not improve from 12.97012
 - 12s - loss: 13.0411 - val_loss: 13.1976
Epoch 246/8000

Epoch 00246: val_loss improved from 12.97012 to 12.94980, saving model to model_weights/model_2020-01-30_18-42-17.h5
 - 13s - loss: 12.7986 - val_loss: 12.9498
Epoch 247/8000

Epoch 00247: val_loss improved from 12.94980 to 12.89853, saving model to model_weights/model_2020-01-30_18-42-17.h5
 - 12s - loss: 12.8104 - val_loss: 12.8985
Epoch 248/8000

Epoch 00248: val_loss did not improve from 12.89853
 - 13s - loss: 12.8390 - val_loss: 13.3112
Epoch 249/8000

Epoch 00249: val_loss did not improve from 12.89853
 - 12s - loss: 12.7577 - val_loss: 13.0279
Epoch 250/8000

Epoch 00250: val_loss did not improve from 12.89853
 - 13s - loss: 12.8049 - val_loss: 13.2267
Epoch 251/8000

Epoch 00251: val_loss improved from 12.89853 to 12.89795, saving model to model_weights/model_2020-01-30_18-42-17.h5
 - 12s - loss: 12.8663 - val_loss: 12.8980
Epoch 252/8000

Epoch 00252: val_loss did not improve from 12.89795
 - 12s - loss: 12.8340 - val_loss: 13.0095
Epoch 253/8000

Epoch 00253: val_loss did not improve from 12.89795
 - 12s - loss: 12.6762 - val_loss: 13.4784
Epoch 254/8000

Epoch 00254: val_loss did not improve from 12.89795
 - 12s - loss: 12.7732 - val_loss: 13.7621
Epoch 255/8000

Epoch 00255: val_loss improved from 12.89795 to 12.79318, saving model to model_weights/model_2020-01-30_18-42-17.h5
 - 13s - loss: 12.7332 - val_loss: 12.7932
Epoch 256/8000

Epoch 00256: val_loss did not improve from 12.79318
 - 12s - loss: 12.7559 - val_loss: 12.8770
Epoch 257/8000

Epoch 00257: val_loss did not improve from 12.79318
 - 12s - loss: 12.8475 - val_loss: 12.8470
Epoch 258/8000

Epoch 00258: val_loss did not improve from 12.79318
 - 12s - loss: 12.8011 - val_loss: 12.9831
Epoch 259/8000

Epoch 00259: val_loss did not improve from 12.79318
 - 12s - loss: 12.8497 - val_loss: 13.0572
Epoch 260/8000

Epoch 00260: val_loss did not improve from 12.79318
 - 12s - loss: 12.6111 - val_loss: 13.1332
Epoch 261/8000

Epoch 00261: val_loss did not improve from 12.79318
 - 12s - loss: 12.7428 - val_loss: 13.2195
Epoch 262/8000

Epoch 00262: val_loss did not improve from 12.79318
 - 13s - loss: 12.7400 - val_loss: 13.4065
Epoch 263/8000

Epoch 00263: val_loss did not improve from 12.79318
 - 12s - loss: 12.6306 - val_loss: 12.9084
Epoch 264/8000

Epoch 00264: val_loss did not improve from 12.79318
 - 13s - loss: 12.6847 - val_loss: 13.1190
Epoch 265/8000

Epoch 00265: val_loss did not improve from 12.79318
 - 12s - loss: 12.6204 - val_loss: 13.7092
Epoch 266/8000

Epoch 00266: val_loss did not improve from 12.79318
 - 12s - loss: 12.5928 - val_loss: 12.8007
Epoch 267/8000

Epoch 00267: val_loss did not improve from 12.79318
 - 13s - loss: 12.6546 - val_loss: 13.1285
Epoch 268/8000

Epoch 00268: val_loss did not improve from 12.79318
 - 12s - loss: 12.6207 - val_loss: 12.7965
Epoch 269/8000

Epoch 00269: val_loss did not improve from 12.79318
 - 13s - loss: 12.7275 - val_loss: 12.8882
Epoch 270/8000

Epoch 00270: val_loss did not improve from 12.79318
 - 12s - loss: 12.5985 - val_loss: 12.8311
Epoch 271/8000

Epoch 00271: val_loss did not improve from 12.79318
 - 13s - loss: 12.6403 - val_loss: 13.1515
Epoch 272/8000

Epoch 00272: val_loss did not improve from 12.79318
 - 12s - loss: 12.7298 - val_loss: 12.8061
Epoch 273/8000

Epoch 00273: val_loss improved from 12.79318 to 12.74170, saving model to model_weights/model_2020-01-30_18-42-17.h5
 - 13s - loss: 12.6296 - val_loss: 12.7417
Epoch 274/8000

Epoch 00274: val_loss improved from 12.74170 to 12.66472, saving model to model_weights/model_2020-01-30_18-42-17.h5
 - 13s - loss: 12.6092 - val_loss: 12.6647
Epoch 275/8000

Epoch 00275: val_loss did not improve from 12.66472
 - 12s - loss: 12.5439 - val_loss: 12.8752
Epoch 276/8000

Epoch 00276: val_loss did not improve from 12.66472
 - 13s - loss: 12.7511 - val_loss: 12.9151
Epoch 277/8000

Epoch 00277: val_loss did not improve from 12.66472
 - 12s - loss: 12.6363 - val_loss: 12.8493
Epoch 278/8000

Epoch 00278: val_loss did not improve from 12.66472
 - 13s - loss: 12.5391 - val_loss: 12.6883
Epoch 279/8000

Epoch 00279: val_loss did not improve from 12.66472
 - 12s - loss: 12.5010 - val_loss: 13.1614
Epoch 280/8000

Epoch 00280: val_loss did not improve from 12.66472
 - 12s - loss: 12.6114 - val_loss: 13.3821
Epoch 281/8000

Epoch 00281: val_loss did not improve from 12.66472
 - 13s - loss: 12.6594 - val_loss: 12.8219
Epoch 282/8000

Epoch 00282: val_loss did not improve from 12.66472
 - 12s - loss: 12.5884 - val_loss: 12.8073
Epoch 283/8000

Epoch 00283: val_loss improved from 12.66472 to 12.58945, saving model to model_weights/model_2020-01-30_18-42-17.h5
 - 13s - loss: 12.5241 - val_loss: 12.5895
Epoch 284/8000

Epoch 00284: val_loss did not improve from 12.58945
 - 12s - loss: 12.7241 - val_loss: 12.9333
Epoch 285/8000

Epoch 00285: val_loss did not improve from 12.58945
 - 13s - loss: 12.6188 - val_loss: 12.6222
Epoch 286/8000

Epoch 00286: val_loss did not improve from 12.58945
 - 12s - loss: 12.5805 - val_loss: 13.0359
Epoch 287/8000

Epoch 00287: val_loss did not improve from 12.58945
 - 12s - loss: 12.6173 - val_loss: 13.3633
Epoch 288/8000

Epoch 00288: val_loss did not improve from 12.58945
 - 12s - loss: 12.5400 - val_loss: 13.3838
Epoch 289/8000

Epoch 00289: val_loss did not improve from 12.58945
 - 12s - loss: 12.6286 - val_loss: 12.6885
Epoch 290/8000

Epoch 00290: val_loss did not improve from 12.58945
 - 12s - loss: 12.4838 - val_loss: 12.9407
Epoch 291/8000

Epoch 00291: val_loss did not improve from 12.58945
 - 12s - loss: 12.6511 - val_loss: 12.8252
Epoch 292/8000

Epoch 00292: val_loss did not improve from 12.58945
 - 12s - loss: 12.4914 - val_loss: 13.6274
Epoch 293/8000

Epoch 00293: val_loss did not improve from 12.58945
 - 12s - loss: 12.5358 - val_loss: 12.7237
Epoch 294/8000

Epoch 00294: val_loss did not improve from 12.58945
 - 12s - loss: 12.5605 - val_loss: 13.0079
Epoch 295/8000

Epoch 00295: val_loss did not improve from 12.58945
 - 12s - loss: 12.5564 - val_loss: 12.6863
Epoch 296/8000

Epoch 00296: val_loss did not improve from 12.58945
 - 12s - loss: 12.4725 - val_loss: 13.1522
Epoch 297/8000

Epoch 00297: val_loss did not improve from 12.58945
 - 12s - loss: 12.5596 - val_loss: 13.0706
Epoch 298/8000

Epoch 00298: val_loss did not improve from 12.58945
 - 12s - loss: 12.3844 - val_loss: 13.0885
Epoch 299/8000

Epoch 00299: val_loss improved from 12.58945 to 12.56850, saving model to model_weights/model_2020-01-30_18-42-17.h5
 - 13s - loss: 12.5967 - val_loss: 12.5685
Epoch 300/8000

Epoch 00300: val_loss did not improve from 12.56850
 - 12s - loss: 12.4945 - val_loss: 13.0885
Epoch 301/8000

Epoch 00301: val_loss did not improve from 12.56850
 - 12s - loss: 12.5125 - val_loss: 12.9289
Epoch 302/8000

Epoch 00302: val_loss did not improve from 12.56850
 - 12s - loss: 12.6171 - val_loss: 12.8423
Epoch 303/8000

Epoch 00303: val_loss did not improve from 12.56850
 - 12s - loss: 12.6767 - val_loss: 12.8913
Epoch 304/8000

Epoch 00304: val_loss did not improve from 12.56850
 - 12s - loss: 12.5460 - val_loss: 12.8214
Epoch 305/8000

Epoch 00305: val_loss did not improve from 12.56850
 - 12s - loss: 12.5413 - val_loss: 12.5778
Epoch 306/8000

Epoch 00306: val_loss did not improve from 12.56850
 - 13s - loss: 12.5452 - val_loss: 13.2353
Epoch 307/8000

Epoch 00307: val_loss did not improve from 12.56850
 - 12s - loss: 12.5813 - val_loss: 12.9067
Epoch 308/8000

Epoch 00308: val_loss did not improve from 12.56850
 - 12s - loss: 12.5041 - val_loss: 12.6775
Epoch 309/8000

Epoch 00309: val_loss did not improve from 12.56850
 - 13s - loss: 12.5479 - val_loss: 12.7645
Epoch 310/8000

Epoch 00310: val_loss improved from 12.56850 to 12.50922, saving model to model_weights/model_2020-01-30_18-42-17.h5
 - 12s - loss: 12.5070 - val_loss: 12.5092
Epoch 311/8000

Epoch 00311: val_loss did not improve from 12.50922
 - 12s - loss: 12.4858 - val_loss: 12.9144
Epoch 312/8000

Epoch 00312: val_loss did not improve from 12.50922
 - 12s - loss: 12.4272 - val_loss: 12.7516
Epoch 313/8000

Epoch 00313: val_loss did not improve from 12.50922
 - 13s - loss: 12.4435 - val_loss: 12.8448
Epoch 314/8000

Epoch 00314: val_loss did not improve from 12.50922
 - 12s - loss: 12.4537 - val_loss: 13.1074
Epoch 315/8000

Epoch 00315: val_loss did not improve from 12.50922
 - 12s - loss: 12.4128 - val_loss: 12.7233
Epoch 316/8000

Epoch 00316: val_loss did not improve from 12.50922
 - 13s - loss: 12.4997 - val_loss: 12.6056
Epoch 317/8000

Epoch 00317: val_loss did not improve from 12.50922
 - 12s - loss: 12.4366 - val_loss: 12.6015
Epoch 318/8000

Epoch 00318: val_loss did not improve from 12.50922
 - 12s - loss: 12.3645 - val_loss: 13.1923
Epoch 319/8000

Epoch 00319: val_loss did not improve from 12.50922
 - 12s - loss: 12.4821 - val_loss: 12.6616
Epoch 320/8000

Epoch 00320: val_loss did not improve from 12.50922
 - 13s - loss: 12.3380 - val_loss: 12.6966
Epoch 321/8000

Epoch 00321: val_loss did not improve from 12.50922
 - 12s - loss: 12.3980 - val_loss: 13.1493
Epoch 322/8000

Epoch 00322: val_loss did not improve from 12.50922
 - 12s - loss: 12.4186 - val_loss: 12.7551
Epoch 323/8000

Epoch 00323: val_loss did not improve from 12.50922
 - 12s - loss: 12.4112 - val_loss: 13.8769
Epoch 324/8000

Epoch 00324: val_loss did not improve from 12.50922
 - 12s - loss: 12.6179 - val_loss: 12.6725
Epoch 325/8000

Epoch 00325: val_loss improved from 12.50922 to 12.50059, saving model to model_weights/model_2020-01-30_18-42-17.h5
 - 13s - loss: 12.5191 - val_loss: 12.5006
Epoch 326/8000

Epoch 00326: val_loss did not improve from 12.50059
 - 12s - loss: 12.4980 - val_loss: 12.8553
Epoch 327/8000

Epoch 00327: val_loss did not improve from 12.50059
 - 12s - loss: 12.4500 - val_loss: 13.3192
Epoch 328/8000

Epoch 00328: val_loss improved from 12.50059 to 12.40334, saving model to model_weights/model_2020-01-30_18-42-17.h5
 - 13s - loss: 12.4544 - val_loss: 12.4033
Epoch 329/8000

Epoch 00329: val_loss did not improve from 12.40334
 - 12s - loss: 12.3453 - val_loss: 13.1002
Epoch 330/8000

Epoch 00330: val_loss did not improve from 12.40334
 - 12s - loss: 12.5346 - val_loss: 12.7739
Epoch 331/8000

Epoch 00331: val_loss did not improve from 12.40334
 - 12s - loss: 12.4660 - val_loss: 12.9338
Epoch 332/8000

Epoch 00332: val_loss did not improve from 12.40334
 - 12s - loss: 12.3377 - val_loss: 13.0615
Epoch 333/8000

Epoch 00333: val_loss did not improve from 12.40334
 - 12s - loss: 12.3738 - val_loss: 12.4963
Epoch 334/8000

Epoch 00334: val_loss did not improve from 12.40334
 - 12s - loss: 12.4884 - val_loss: 12.4635
Epoch 335/8000

Epoch 00335: val_loss did not improve from 12.40334
 - 13s - loss: 12.3654 - val_loss: 13.1042
Epoch 336/8000

Epoch 00336: val_loss did not improve from 12.40334
 - 12s - loss: 12.5432 - val_loss: 12.8711
Epoch 337/8000

Epoch 00337: val_loss did not improve from 12.40334
 - 12s - loss: 12.4162 - val_loss: 12.8894
Epoch 338/8000

Epoch 00338: val_loss did not improve from 12.40334
 - 12s - loss: 12.3909 - val_loss: 12.5404
Epoch 339/8000

Epoch 00339: val_loss did not improve from 12.40334
 - 12s - loss: 12.2884 - val_loss: 12.5811
Epoch 340/8000

Epoch 00340: val_loss did not improve from 12.40334
 - 12s - loss: 12.3421 - val_loss: 12.7392
Epoch 341/8000

Epoch 00341: val_loss did not improve from 12.40334
 - 12s - loss: 12.3652 - val_loss: 12.9694
Epoch 342/8000

Epoch 00342: val_loss did not improve from 12.40334
 - 12s - loss: 12.2985 - val_loss: 12.5850
Epoch 343/8000

Epoch 00343: val_loss did not improve from 12.40334
 - 12s - loss: 12.3402 - val_loss: 12.8716
Epoch 344/8000

Epoch 00344: val_loss did not improve from 12.40334
 - 13s - loss: 12.4466 - val_loss: 12.8469
Epoch 345/8000

Epoch 00345: val_loss did not improve from 12.40334
 - 12s - loss: 12.3131 - val_loss: 12.7186
Epoch 346/8000

Epoch 00346: val_loss improved from 12.40334 to 12.39103, saving model to model_weights/model_2020-01-30_18-42-17.h5
 - 12s - loss: 12.3914 - val_loss: 12.3910
Epoch 347/8000

Epoch 00347: val_loss did not improve from 12.39103
 - 12s - loss: 12.2255 - val_loss: 12.6900
Epoch 348/8000

Epoch 00348: val_loss did not improve from 12.39103
 - 13s - loss: 12.3327 - val_loss: 12.8842
Epoch 349/8000

Epoch 00349: val_loss did not improve from 12.39103
 - 12s - loss: 12.2912 - val_loss: 12.4540
Epoch 350/8000

Epoch 00350: val_loss did not improve from 12.39103
 - 13s - loss: 12.2828 - val_loss: 12.5643
Epoch 351/8000

Epoch 00351: val_loss did not improve from 12.39103
 - 12s - loss: 12.2342 - val_loss: 12.4922
Epoch 352/8000

Epoch 00352: val_loss improved from 12.39103 to 12.27850, saving model to model_weights/model_2020-01-30_18-42-17.h5
 - 12s - loss: 12.2344 - val_loss: 12.2785
Epoch 353/8000

Epoch 00353: val_loss improved from 12.27850 to 12.09746, saving model to model_weights/model_2020-01-30_18-42-17.h5
 - 13s - loss: 12.1017 - val_loss: 12.0975
Epoch 354/8000

Epoch 00354: val_loss did not improve from 12.09746
 - 12s - loss: 12.2726 - val_loss: 12.5075
Epoch 355/8000

Epoch 00355: val_loss did not improve from 12.09746
 - 13s - loss: 12.3804 - val_loss: 12.3643
Epoch 356/8000

Epoch 00356: val_loss did not improve from 12.09746
 - 12s - loss: 12.1356 - val_loss: 13.0540
Epoch 357/8000

Epoch 00357: val_loss did not improve from 12.09746
 - 12s - loss: 12.3366 - val_loss: 12.6080
Epoch 358/8000

Epoch 00358: val_loss did not improve from 12.09746
 - 13s - loss: 12.3207 - val_loss: 13.0370
Epoch 359/8000

Epoch 00359: val_loss did not improve from 12.09746
 - 12s - loss: 12.3567 - val_loss: 12.5844
Epoch 360/8000

Epoch 00360: val_loss did not improve from 12.09746
 - 12s - loss: 12.3357 - val_loss: 12.6281
Epoch 361/8000

Epoch 00361: val_loss did not improve from 12.09746
 - 12s - loss: 12.2668 - val_loss: 12.5677
Epoch 362/8000

Epoch 00362: val_loss did not improve from 12.09746
 - 13s - loss: 12.1796 - val_loss: 12.5876
Epoch 363/8000

Epoch 00363: val_loss did not improve from 12.09746
 - 12s - loss: 12.4622 - val_loss: 12.7327
Epoch 364/8000

Epoch 00364: val_loss did not improve from 12.09746
 - 12s - loss: 12.2647 - val_loss: 13.0516
Epoch 365/8000

Epoch 00365: val_loss did not improve from 12.09746
 - 12s - loss: 12.3782 - val_loss: 12.8156
Epoch 366/8000

Epoch 00366: val_loss did not improve from 12.09746
 - 12s - loss: 12.3448 - val_loss: 13.3216
Epoch 367/8000

Epoch 00367: val_loss did not improve from 12.09746
 - 12s - loss: 12.3864 - val_loss: 12.9122
Epoch 368/8000

Epoch 00368: val_loss did not improve from 12.09746
 - 12s - loss: 12.3986 - val_loss: 12.5422
Epoch 369/8000

Epoch 00369: val_loss did not improve from 12.09746
 - 12s - loss: 12.2495 - val_loss: 12.1937
Epoch 370/8000

Epoch 00370: val_loss did not improve from 12.09746
 - 13s - loss: 12.3282 - val_loss: 12.5734
Epoch 371/8000

Epoch 00371: val_loss did not improve from 12.09746
 - 12s - loss: 12.3251 - val_loss: 12.3954
Epoch 372/8000

Epoch 00372: val_loss did not improve from 12.09746
 - 12s - loss: 12.2342 - val_loss: 12.4403
Epoch 373/8000

Epoch 00373: val_loss did not improve from 12.09746
 - 12s - loss: 12.3493 - val_loss: 12.6089
Epoch 374/8000

Epoch 00374: val_loss did not improve from 12.09746
 - 12s - loss: 12.4482 - val_loss: 12.9191
Epoch 375/8000

Epoch 00375: val_loss did not improve from 12.09746
 - 12s - loss: 12.4677 - val_loss: 13.1206
Epoch 376/8000

Epoch 00376: val_loss did not improve from 12.09746
 - 12s - loss: 12.4374 - val_loss: 12.2989
Epoch 377/8000

Epoch 00377: val_loss did not improve from 12.09746
 - 12s - loss: 12.4679 - val_loss: 12.4660
Epoch 378/8000

Epoch 00378: val_loss did not improve from 12.09746
 - 12s - loss: 12.4930 - val_loss: 12.6947
Epoch 379/8000

Epoch 00379: val_loss did not improve from 12.09746
 - 12s - loss: 12.4001 - val_loss: 12.5313
Epoch 380/8000

Epoch 00380: val_loss did not improve from 12.09746
 - 12s - loss: 12.5244 - val_loss: 13.3211
Epoch 381/8000

Epoch 00381: val_loss did not improve from 12.09746
 - 13s - loss: 12.5711 - val_loss: 12.9276
Epoch 382/8000

Epoch 00382: val_loss did not improve from 12.09746
 - 12s - loss: 12.5254 - val_loss: 12.6008
Epoch 383/8000

Epoch 00383: val_loss did not improve from 12.09746
 - 12s - loss: 12.4587 - val_loss: 12.6242
Epoch 384/8000

Epoch 00384: val_loss did not improve from 12.09746
 - 12s - loss: 12.5755 - val_loss: 12.5713
Epoch 385/8000

Epoch 00385: val_loss did not improve from 12.09746
 - 12s - loss: 12.5456 - val_loss: 12.9597
Epoch 386/8000

Epoch 00386: val_loss did not improve from 12.09746
 - 12s - loss: 12.4649 - val_loss: 12.8981
Epoch 387/8000

Epoch 00387: val_loss did not improve from 12.09746
 - 12s - loss: 12.4945 - val_loss: 12.8857
Epoch 388/8000

Epoch 00388: val_loss did not improve from 12.09746
 - 13s - loss: 12.4326 - val_loss: 12.3212
Epoch 389/8000

Epoch 00389: val_loss did not improve from 12.09746
 - 12s - loss: 12.4937 - val_loss: 12.6991
Epoch 390/8000

Epoch 00390: val_loss did not improve from 12.09746
 - 13s - loss: 12.4298 - val_loss: 12.9532
Epoch 391/8000

Epoch 00391: val_loss did not improve from 12.09746
 - 12s - loss: 12.6156 - val_loss: 12.6502
Epoch 392/8000

Epoch 00392: val_loss did not improve from 12.09746
 - 12s - loss: 12.3648 - val_loss: 12.5388
Epoch 393/8000

Epoch 00393: val_loss did not improve from 12.09746
 - 12s - loss: 12.6005 - val_loss: 12.8152
Epoch 394/8000

Epoch 00394: val_loss did not improve from 12.09746
 - 12s - loss: 12.5240 - val_loss: 12.8498
Epoch 395/8000

Epoch 00395: val_loss did not improve from 12.09746
 - 12s - loss: 12.6163 - val_loss: 12.7114
Epoch 396/8000

Epoch 00396: val_loss did not improve from 12.09746
 - 12s - loss: 12.5279 - val_loss: 12.7911
Epoch 397/8000

Epoch 00397: val_loss did not improve from 12.09746
 - 13s - loss: 12.5148 - val_loss: 12.9294
Epoch 398/8000

Epoch 00398: val_loss did not improve from 12.09746
 - 12s - loss: 12.6727 - val_loss: 12.6203
Epoch 399/8000

Epoch 00399: val_loss did not improve from 12.09746
 - 12s - loss: 12.4511 - val_loss: 12.6355
Epoch 400/8000

Epoch 00400: val_loss did not improve from 12.09746
 - 12s - loss: 12.4630 - val_loss: 12.7067
Epoch 401/8000

Epoch 00401: val_loss did not improve from 12.09746
 - 12s - loss: 12.3891 - val_loss: 12.8262
Epoch 402/8000

Epoch 00402: val_loss did not improve from 12.09746
 - 12s - loss: 12.4366 - val_loss: 13.7380
Epoch 403/8000

Epoch 00403: val_loss did not improve from 12.09746
 - 12s - loss: 12.4895 - val_loss: 13.2781
Epoch 404/8000

Epoch 00404: val_loss did not improve from 12.09746
 - 12s - loss: 12.5844 - val_loss: 12.6498
Epoch 405/8000

Epoch 00405: val_loss did not improve from 12.09746
 - 13s - loss: 12.4707 - val_loss: 12.3278
Epoch 406/8000

Epoch 00406: val_loss did not improve from 12.09746
 - 13s - loss: 12.4169 - val_loss: 12.6634
Epoch 407/8000

Epoch 00407: val_loss did not improve from 12.09746
 - 12s - loss: 12.7739 - val_loss: 12.8326
Epoch 408/8000

Epoch 00408: val_loss did not improve from 12.09746
 - 12s - loss: 12.6319 - val_loss: 13.0083
Epoch 409/8000

Epoch 00409: val_loss did not improve from 12.09746
 - 12s - loss: 12.4591 - val_loss: 12.6634
Epoch 410/8000

Epoch 00410: val_loss did not improve from 12.09746
 - 12s - loss: 12.7339 - val_loss: 13.5205
Epoch 411/8000

Epoch 00411: val_loss did not improve from 12.09746
 - 12s - loss: 12.6363 - val_loss: 12.5569
Epoch 412/8000

Epoch 00412: val_loss did not improve from 12.09746
 - 13s - loss: 12.5441 - val_loss: 12.9510
Epoch 413/8000

Epoch 00413: val_loss did not improve from 12.09746
 - 12s - loss: 12.7147 - val_loss: 12.6142
Epoch 414/8000

Epoch 00414: val_loss did not improve from 12.09746
 - 12s - loss: 12.6323 - val_loss: 12.8279
Epoch 415/8000

Epoch 00415: val_loss did not improve from 12.09746
 - 12s - loss: 12.7994 - val_loss: 12.6549
Epoch 416/8000

Epoch 00416: val_loss did not improve from 12.09746
 - 12s - loss: 12.7802 - val_loss: 12.6734
Epoch 417/8000

Epoch 00417: val_loss did not improve from 12.09746
 - 12s - loss: 12.7794 - val_loss: 12.9991
Epoch 418/8000

Epoch 00418: val_loss did not improve from 12.09746
 - 13s - loss: 12.8352 - val_loss: 12.5318
Epoch 419/8000

Epoch 00419: val_loss did not improve from 12.09746
 - 12s - loss: 12.7082 - val_loss: 12.7790
Epoch 420/8000

Epoch 00420: val_loss did not improve from 12.09746
 - 12s - loss: 12.6459 - val_loss: 13.6733
Epoch 421/8000

Epoch 00421: val_loss did not improve from 12.09746
 - 12s - loss: 12.9765 - val_loss: 13.4557
Epoch 422/8000

Epoch 00422: val_loss did not improve from 12.09746
 - 12s - loss: 12.7578 - val_loss: 12.9606
Epoch 423/8000

Epoch 00423: val_loss did not improve from 12.09746
 - 12s - loss: 12.7868 - val_loss: 13.2538
Epoch 424/8000

Epoch 00424: val_loss did not improve from 12.09746
 - 12s - loss: 13.0021 - val_loss: 12.9627
Epoch 425/8000

Epoch 00425: val_loss did not improve from 12.09746
 - 13s - loss: 12.8311 - val_loss: 12.7152
Epoch 426/8000

Epoch 00426: val_loss did not improve from 12.09746
 - 13s - loss: 12.7824 - val_loss: 13.2666
Epoch 427/8000

Epoch 00427: val_loss did not improve from 12.09746
 - 12s - loss: 12.7218 - val_loss: 12.5127
Epoch 428/8000

Epoch 00428: val_loss did not improve from 12.09746
 - 12s - loss: 12.7542 - val_loss: 12.8282
Epoch 429/8000

Epoch 00429: val_loss did not improve from 12.09746
 - 12s - loss: 13.2593 - val_loss: 12.7567
Epoch 430/8000

Epoch 00430: val_loss did not improve from 12.09746
 - 13s - loss: 12.8653 - val_loss: 12.7523
Epoch 431/8000

Epoch 00431: val_loss did not improve from 12.09746
 - 13s - loss: 12.6616 - val_loss: 13.1628
Epoch 432/8000

Epoch 00432: val_loss did not improve from 12.09746
 - 13s - loss: 12.8809 - val_loss: 12.7464
Epoch 433/8000

Epoch 00433: val_loss did not improve from 12.09746
 - 12s - loss: 12.8193 - val_loss: 12.9938
Epoch 434/8000

Epoch 00434: val_loss did not improve from 12.09746
 - 12s - loss: 13.0466 - val_loss: 13.7222
Epoch 435/8000

Epoch 00435: val_loss did not improve from 12.09746
 - 12s - loss: 12.9298 - val_loss: 12.6277
Epoch 436/8000

Epoch 00436: val_loss did not improve from 12.09746
 - 12s - loss: 13.0847 - val_loss: 12.7648
Epoch 437/8000

Epoch 00437: val_loss did not improve from 12.09746
 - 13s - loss: 12.9297 - val_loss: 12.7140
Epoch 438/8000

Epoch 00438: val_loss did not improve from 12.09746
 - 12s - loss: 12.9092 - val_loss: 12.8910
Epoch 439/8000

Epoch 00439: val_loss did not improve from 12.09746
 - 13s - loss: 12.8635 - val_loss: 13.1383
Epoch 440/8000

Epoch 00440: val_loss did not improve from 12.09746
 - 13s - loss: 12.9262 - val_loss: 13.5677
Epoch 441/8000

Epoch 00441: val_loss did not improve from 12.09746
 - 12s - loss: 12.9277 - val_loss: 13.2656
Epoch 442/8000

Epoch 00442: val_loss did not improve from 12.09746
 - 13s - loss: 12.9328 - val_loss: 13.4440
Epoch 443/8000

Epoch 00443: val_loss did not improve from 12.09746
 - 12s - loss: 13.0169 - val_loss: 13.2356
Epoch 444/8000

Epoch 00444: val_loss did not improve from 12.09746
 - 12s - loss: 13.0520 - val_loss: 13.2816
Epoch 445/8000

Epoch 00445: val_loss did not improve from 12.09746
 - 12s - loss: 13.0259 - val_loss: 13.3684
Epoch 446/8000

Epoch 00446: val_loss did not improve from 12.09746
 - 13s - loss: 12.9925 - val_loss: 12.9271
Epoch 447/8000

Epoch 00447: val_loss did not improve from 12.09746
 - 13s - loss: 12.9777 - val_loss: 13.3304
Epoch 448/8000

Epoch 00448: val_loss did not improve from 12.09746
 - 12s - loss: 13.0892 - val_loss: 13.9529
Epoch 449/8000

Epoch 00449: val_loss did not improve from 12.09746
 - 13s - loss: 12.9356 - val_loss: 13.0636
Epoch 450/8000

Epoch 00450: val_loss did not improve from 12.09746
 - 12s - loss: 12.9496 - val_loss: 13.2485
Epoch 451/8000

Epoch 00451: val_loss did not improve from 12.09746
 - 13s - loss: 12.8916 - val_loss: 13.7134
Epoch 452/8000

Epoch 00452: val_loss did not improve from 12.09746
 - 12s - loss: 12.8222 - val_loss: 12.9187
Epoch 453/8000

Epoch 00453: val_loss did not improve from 12.09746
 - 13s - loss: 12.9877 - val_loss: 13.4516
Epoch 00453: early stopping
