2019-12-16 23:41:57.964897: I tensorflow/core/platform/cpu_feature_guard.cc:141] Your CPU supports instructions that this TensorFlow binary was not compiled to use: SSE4.1 SSE4.2 AVX
2019-12-16 23:41:58.095141: I tensorflow/stream_executor/cuda/cuda_gpu_executor.cc:897] successful NUMA node read from SysFS had negative value (-1), but there must be at least one NUMA node, so returning NUMA node zero
2019-12-16 23:41:58.096082: I tensorflow/core/common_runtime/gpu/gpu_device.cc:1405] Found device 0 with properties: 
name: TITAN Xp major: 6 minor: 1 memoryClockRate(GHz): 1.582
pciBusID: 0000:01:00.0
totalMemory: 11.91GiB freeMemory: 11.73GiB
2019-12-16 23:41:58.096099: I tensorflow/core/common_runtime/gpu/gpu_device.cc:1484] Adding visible gpu devices: 0
2019-12-16 23:41:58.329889: I tensorflow/core/common_runtime/gpu/gpu_device.cc:965] Device interconnect StreamExecutor with strength 1 edge matrix:
2019-12-16 23:41:58.329932: I tensorflow/core/common_runtime/gpu/gpu_device.cc:971]      0 
2019-12-16 23:41:58.329940: I tensorflow/core/common_runtime/gpu/gpu_device.cc:984] 0:   N 
2019-12-16 23:41:58.330207: I tensorflow/core/common_runtime/gpu/gpu_device.cc:1097] Created TensorFlow device (/job:localhost/replica:0/task:0/device:GPU:0 with 11348 MB memory) -> physical GPU (device: 0, name: TITAN Xp, pci bus id: 0000:01:00.0, compute capability: 6.1)
Train on 32962 samples, validate on 1735 samples
Epoch 1/250
 - 234s - loss: 0.3518 - val_loss: 0.2682

Epoch 00001: val_loss improved from inf to 0.26818, saving model to lstm_autoencoder_2019-12-16_23-41-56.h5
Epoch 2/250
 - 233s - loss: 0.2670 - val_loss: 0.2365

Epoch 00002: val_loss improved from 0.26818 to 0.23652, saving model to lstm_autoencoder_2019-12-16_23-41-56.h5
Epoch 3/250
 - 233s - loss: 0.2454 - val_loss: 0.2296

Epoch 00003: val_loss improved from 0.23652 to 0.22959, saving model to lstm_autoencoder_2019-12-16_23-41-56.h5
Epoch 4/250
 - 233s - loss: 0.2373 - val_loss: 0.3353

Epoch 00004: val_loss did not improve from 0.22959
Epoch 5/250
 - 233s - loss: 0.2429 - val_loss: 0.2423

Epoch 00005: val_loss did not improve from 0.22959
Epoch 6/250
 - 233s - loss: 0.2215 - val_loss: 0.2116

Epoch 00006: val_loss improved from 0.22959 to 0.21163, saving model to lstm_autoencoder_2019-12-16_23-41-56.h5
Epoch 7/250
 - 233s - loss: 0.2153 - val_loss: 0.2133

Epoch 00007: val_loss did not improve from 0.21163
Epoch 8/250
 - 233s - loss: 0.2109 - val_loss: 0.2057

Epoch 00008: val_loss improved from 0.21163 to 0.20569, saving model to lstm_autoencoder_2019-12-16_23-41-56.h5
Epoch 9/250
 - 233s - loss: 0.2100 - val_loss: 0.2136

Epoch 00009: val_loss did not improve from 0.20569
Epoch 10/250
 - 233s - loss: 0.2064 - val_loss: 0.2094

Epoch 00010: val_loss did not improve from 0.20569
Epoch 11/250
 - 233s - loss: 0.2010 - val_loss: 0.1976

Epoch 00011: val_loss improved from 0.20569 to 0.19757, saving model to lstm_autoencoder_2019-12-16_23-41-56.h5
Epoch 12/250
 - 233s - loss: 0.1995 - val_loss: 0.1949

Epoch 00012: val_loss improved from 0.19757 to 0.19492, saving model to lstm_autoencoder_2019-12-16_23-41-56.h5
Epoch 13/250
 - 233s - loss: 0.1988 - val_loss: 0.2157

Epoch 00013: val_loss did not improve from 0.19492
Epoch 14/250
 - 233s - loss: 0.1913 - val_loss: 0.1885

Epoch 00014: val_loss improved from 0.19492 to 0.18851, saving model to lstm_autoencoder_2019-12-16_23-41-56.h5
Epoch 15/250
 - 233s - loss: 0.1915 - val_loss: 0.1972

Epoch 00015: val_loss did not improve from 0.18851
Epoch 16/250
 - 233s - loss: 0.1854 - val_loss: 0.1806

Epoch 00016: val_loss improved from 0.18851 to 0.18057, saving model to lstm_autoencoder_2019-12-16_23-41-56.h5
Epoch 17/250
 - 233s - loss: 0.1846 - val_loss: 0.1936

Epoch 00017: val_loss did not improve from 0.18057
Epoch 18/250
 - 233s - loss: 0.1803 - val_loss: 0.1884

Epoch 00018: val_loss did not improve from 0.18057
Epoch 19/250
 - 233s - loss: 0.1796 - val_loss: 0.1990

Epoch 00019: val_loss did not improve from 0.18057
Epoch 20/250
 - 233s - loss: 0.1769 - val_loss: 0.1646

Epoch 00020: val_loss improved from 0.18057 to 0.16460, saving model to lstm_autoencoder_2019-12-16_23-41-56.h5
Epoch 21/250
 - 233s - loss: 0.1728 - val_loss: 0.1930

Epoch 00021: val_loss did not improve from 0.16460
Epoch 22/250
 - 233s - loss: 0.1714 - val_loss: 0.1990

Epoch 00022: val_loss did not improve from 0.16460
Epoch 23/250
 - 233s - loss: 0.1689 - val_loss: 0.1691

Epoch 00023: val_loss did not improve from 0.16460
Epoch 24/250
 - 233s - loss: 0.1759 - val_loss: 0.1944

Epoch 00024: val_loss did not improve from 0.16460
Epoch 25/250
 - 233s - loss: 0.1682 - val_loss: 0.1581

Epoch 00025: val_loss improved from 0.16460 to 0.15815, saving model to lstm_autoencoder_2019-12-16_23-41-56.h5
Epoch 26/250
 - 233s - loss: 0.1647 - val_loss: 0.1662

Epoch 00026: val_loss did not improve from 0.15815
Epoch 27/250
 - 233s - loss: 0.1726 - val_loss: 0.1649

Epoch 00027: val_loss did not improve from 0.15815
Epoch 28/250
 - 233s - loss: 0.1627 - val_loss: 0.1941

Epoch 00028: val_loss did not improve from 0.15815
Epoch 29/250
 - 233s - loss: 0.1687 - val_loss: 0.1697

Epoch 00029: val_loss did not improve from 0.15815
Epoch 30/250
 - 233s - loss: 0.1586 - val_loss: 0.1743

Epoch 00030: val_loss did not improve from 0.15815
Epoch 31/250
 - 233s - loss: 0.1578 - val_loss: 0.1785

Epoch 00031: val_loss did not improve from 0.15815
Epoch 32/250
 - 233s - loss: 0.1558 - val_loss: 0.2118

Epoch 00032: val_loss did not improve from 0.15815
Epoch 33/250
 - 233s - loss: 0.1628 - val_loss: 0.1710

Epoch 00033: val_loss did not improve from 0.15815
Epoch 34/250
 - 233s - loss: nan - val_loss: nan

Epoch 00034: val_loss did not improve from 0.15815
Epoch 35/250
 - 233s - loss: nan - val_loss: nan
Using TensorFlow backend.

Epoch 00035: val_loss did not improve from 0.15815
Epoch 00035: early stopping
