2020-01-29 14:27:07.490086: I tensorflow/core/platform/cpu_feature_guard.cc:141] Your CPU supports instructions that this TensorFlow binary was not compiled to use: SSE4.1 SSE4.2 AVX
2020-01-29 14:27:07.621709: I tensorflow/stream_executor/cuda/cuda_gpu_executor.cc:897] successful NUMA node read from SysFS had negative value (-1), but there must be at least one NUMA node, so returning NUMA node zero
2020-01-29 14:27:07.622260: I tensorflow/core/common_runtime/gpu/gpu_device.cc:1405] Found device 0 with properties: 
name: TITAN Xp major: 6 minor: 1 memoryClockRate(GHz): 1.582
pciBusID: 0000:01:00.0
totalMemory: 11.91GiB freeMemory: 11.73GiB
2020-01-29 14:27:07.622277: I tensorflow/core/common_runtime/gpu/gpu_device.cc:1484] Adding visible gpu devices: 0
2020-01-29 14:27:07.856017: I tensorflow/core/common_runtime/gpu/gpu_device.cc:965] Device interconnect StreamExecutor with strength 1 edge matrix:
2020-01-29 14:27:07.856061: I tensorflow/core/common_runtime/gpu/gpu_device.cc:971]      0 
2020-01-29 14:27:07.856070: I tensorflow/core/common_runtime/gpu/gpu_device.cc:984] 0:   N 
2020-01-29 14:27:07.856352: I tensorflow/core/common_runtime/gpu/gpu_device.cc:1097] Created TensorFlow device (/job:localhost/replica:0/task:0/device:GPU:0 with 11348 MB memory) -> physical GPU (device: 0, name: TITAN Xp, pci bus id: 0000:01:00.0, compute capability: 6.1)
2020-01-29 14:27:08.248446: I tensorflow/core/kernels/cuda_solvers.cc:159] Creating CudaSolver handles for stream 0x55ba6ccd3b60
Epoch 1/8000

Epoch 00001: val_loss improved from inf to 27.61679, saving model to model_weights/model_2020-01-29_14-27-06.h5
 - 94s - loss: 29.8746 - val_loss: 27.6168
Epoch 2/8000

Epoch 00002: val_loss improved from 27.61679 to 24.86850, saving model to model_weights/model_2020-01-29_14-27-06.h5
 - 92s - loss: 24.5046 - val_loss: 24.8685
Epoch 3/8000

Epoch 00003: val_loss improved from 24.86850 to 24.68192, saving model to model_weights/model_2020-01-29_14-27-06.h5
 - 92s - loss: 23.9712 - val_loss: 24.6819
Epoch 4/8000

Epoch 00004: val_loss did not improve from 24.68192
 - 92s - loss: 23.9658 - val_loss: 24.9396
Epoch 5/8000

Epoch 00005: val_loss improved from 24.68192 to 24.57047, saving model to model_weights/model_2020-01-29_14-27-06.h5
 - 92s - loss: 23.7770 - val_loss: 24.5705
Epoch 6/8000

Epoch 00006: val_loss did not improve from 24.57047
 - 92s - loss: 23.9971 - val_loss: 24.7859
Epoch 7/8000

Epoch 00007: val_loss did not improve from 24.57047
 - 92s - loss: 24.7052 - val_loss: 33.2899
Epoch 8/8000

Epoch 00008: val_loss did not improve from 24.57047
 - 92s - loss: 25.0519 - val_loss: 24.6347
Epoch 9/8000

Epoch 00009: val_loss improved from 24.57047 to 24.29996, saving model to model_weights/model_2020-01-29_14-27-06.h5
 - 92s - loss: 23.6717 - val_loss: 24.3000
Epoch 10/8000

Epoch 00010: val_loss did not improve from 24.29996
 - 92s - loss: 23.5664 - val_loss: 24.4633
Epoch 11/8000

Epoch 00011: val_loss improved from 24.29996 to 23.43891, saving model to model_weights/model_2020-01-29_14-27-06.h5
 - 92s - loss: 23.3884 - val_loss: 23.4389
Epoch 12/8000

Epoch 00012: val_loss improved from 23.43891 to 21.41278, saving model to model_weights/model_2020-01-29_14-27-06.h5
 - 92s - loss: 20.9828 - val_loss: 21.4128
Epoch 13/8000

Epoch 00013: val_loss did not improve from 21.41278
 - 87s - loss: nan - val_loss: nan
Epoch 14/8000

Epoch 00014: val_loss did not improve from 21.41278
 - 86s - loss: nan - val_loss: nan
Epoch 15/8000

Epoch 00015: val_loss did not improve from 21.41278
 - 86s - loss: nan - val_loss: nan
Epoch 16/8000

Epoch 00016: val_loss did not improve from 21.41278
 - 86s - loss: nan - val_loss: nan
Epoch 17/8000

Epoch 00017: val_loss did not improve from 21.41278
 - 86s - loss: nan - val_loss: nan
