2020-02-03 14:42:45.682435: I tensorflow/core/platform/cpu_feature_guard.cc:141] Your CPU supports instructions that this TensorFlow binary was not compiled to use: SSE4.1 SSE4.2 AVX
2020-02-03 14:42:45.809059: I tensorflow/stream_executor/cuda/cuda_gpu_executor.cc:897] successful NUMA node read from SysFS had negative value (-1), but there must be at least one NUMA node, so returning NUMA node zero
2020-02-03 14:42:45.809649: I tensorflow/core/common_runtime/gpu/gpu_device.cc:1405] Found device 0 with properties: 
name: TITAN Xp major: 6 minor: 1 memoryClockRate(GHz): 1.582
pciBusID: 0000:01:00.0
totalMemory: 11.91GiB freeMemory: 11.73GiB
2020-02-03 14:42:45.809665: I tensorflow/core/common_runtime/gpu/gpu_device.cc:1484] Adding visible gpu devices: 0
2020-02-03 14:42:46.041516: I tensorflow/core/common_runtime/gpu/gpu_device.cc:965] Device interconnect StreamExecutor with strength 1 edge matrix:
2020-02-03 14:42:46.041555: I tensorflow/core/common_runtime/gpu/gpu_device.cc:971]      0 
2020-02-03 14:42:46.041565: I tensorflow/core/common_runtime/gpu/gpu_device.cc:984] 0:   N 
2020-02-03 14:42:46.041840: I tensorflow/core/common_runtime/gpu/gpu_device.cc:1097] Created TensorFlow device (/job:localhost/replica:0/task:0/device:GPU:0 with 11348 MB memory) -> physical GPU (device: 0, name: TITAN Xp, pci bus id: 0000:01:00.0, compute capability: 6.1)
2020-02-03 14:42:46.429312: I tensorflow/core/kernels/cuda_solvers.cc:159] Creating CudaSolver handles for stream 0x557afb7aa220
Epoch 1/8000

Epoch 00001: val_loss improved from inf to 25.32829, saving model to model_weights/model_2020-02-03_14-42-44.h5
 - 89s - loss: 38.5768 - val_loss: 25.3283
Epoch 2/8000

Epoch 00002: val_loss improved from 25.32829 to 24.71588, saving model to model_weights/model_2020-02-03_14-42-44.h5
 - 87s - loss: 23.7573 - val_loss: 24.7159
Epoch 3/8000

Epoch 00003: val_loss improved from 24.71588 to 22.49186, saving model to model_weights/model_2020-02-03_14-42-44.h5
 - 87s - loss: 23.0152 - val_loss: 22.4919
Epoch 4/8000

Epoch 00004: val_loss improved from 22.49186 to 20.92516, saving model to model_weights/model_2020-02-03_14-42-44.h5
 - 87s - loss: 20.8997 - val_loss: 20.9252
Epoch 5/8000

Epoch 00005: val_loss improved from 20.92516 to 20.39641, saving model to model_weights/model_2020-02-03_14-42-44.h5
 - 87s - loss: 19.8869 - val_loss: 20.3964
Epoch 6/8000

Epoch 00006: val_loss improved from 20.39641 to 19.36152, saving model to model_weights/model_2020-02-03_14-42-44.h5
 - 88s - loss: 19.3819 - val_loss: 19.3615
Epoch 7/8000

Epoch 00007: val_loss did not improve from 19.36152
 - 88s - loss: 18.8407 - val_loss: 19.5640
Epoch 8/8000

Epoch 00008: val_loss did not improve from 19.36152
 - 88s - loss: 18.3737 - val_loss: 19.3634
Epoch 9/8000

Epoch 00009: val_loss improved from 19.36152 to 18.56219, saving model to model_weights/model_2020-02-03_14-42-44.h5
 - 88s - loss: 18.5905 - val_loss: 18.5622
Epoch 10/8000

Epoch 00010: val_loss did not improve from 18.56219
 - 88s - loss: 17.8545 - val_loss: 18.8417
Epoch 11/8000

Epoch 00011: val_loss did not improve from 18.56219
 - 87s - loss: 17.7172 - val_loss: 19.4281
Epoch 12/8000

Epoch 00012: val_loss improved from 18.56219 to 17.97165, saving model to model_weights/model_2020-02-03_14-42-44.h5
 - 87s - loss: 17.6492 - val_loss: 17.9717
Epoch 13/8000

Epoch 00013: val_loss improved from 17.97165 to 17.61163, saving model to model_weights/model_2020-02-03_14-42-44.h5
 - 88s - loss: 17.4014 - val_loss: 17.6116
Epoch 14/8000

Epoch 00014: val_loss did not improve from 17.61163
 - 88s - loss: 17.4299 - val_loss: 17.8797
Epoch 15/8000

Epoch 00015: val_loss did not improve from 17.61163
 - 88s - loss: 17.0192 - val_loss: 17.6610
Epoch 16/8000

Epoch 00016: val_loss improved from 17.61163 to 17.46306, saving model to model_weights/model_2020-02-03_14-42-44.h5
 - 88s - loss: 16.7512 - val_loss: 17.4631
Epoch 17/8000

Epoch 00017: val_loss did not improve from 17.46306
 - 88s - loss: 16.8793 - val_loss: 17.5759
Epoch 18/8000

Epoch 00018: val_loss improved from 17.46306 to 17.14356, saving model to model_weights/model_2020-02-03_14-42-44.h5
 - 87s - loss: 16.5302 - val_loss: 17.1436
Epoch 19/8000

Epoch 00019: val_loss improved from 17.14356 to 16.58216, saving model to model_weights/model_2020-02-03_14-42-44.h5
 - 87s - loss: 16.4220 - val_loss: 16.5822
Epoch 20/8000

Epoch 00020: val_loss did not improve from 16.58216
 - 88s - loss: 16.3447 - val_loss: 16.8329
Epoch 21/8000

Epoch 00021: val_loss did not improve from 16.58216
 - 88s - loss: 16.9378 - val_loss: 17.3488
Epoch 22/8000

Epoch 00022: val_loss did not improve from 16.58216
 - 88s - loss: 16.4083 - val_loss: 17.8939
Epoch 23/8000

Epoch 00023: val_loss did not improve from 16.58216
 - 88s - loss: 16.3329 - val_loss: 16.7825
Epoch 24/8000

Epoch 00024: val_loss did not improve from 16.58216
 - 88s - loss: 16.9526 - val_loss: 17.7355
Epoch 25/8000

Epoch 00025: val_loss did not improve from 16.58216
 - 87s - loss: 16.5588 - val_loss: 16.8390
Epoch 26/8000

Epoch 00026: val_loss did not improve from 16.58216
 - 87s - loss: 16.5881 - val_loss: 17.1128
Epoch 27/8000

Epoch 00027: val_loss did not improve from 16.58216
 - 88s - loss: 16.6551 - val_loss: 16.5875
Epoch 28/8000

Epoch 00028: val_loss did not improve from 16.58216
 - 88s - loss: 17.0457 - val_loss: 18.9877
Epoch 29/8000

Epoch 00029: val_loss did not improve from 16.58216
 - 88s - loss: 17.9173 - val_loss: 17.7729
Epoch 30/8000

Epoch 00030: val_loss did not improve from 16.58216
 - 88s - loss: 17.2146 - val_loss: 17.7172
Epoch 31/8000

Epoch 00031: val_loss did not improve from 16.58216
 - 88s - loss: 17.0365 - val_loss: 18.0251
Epoch 32/8000

Epoch 00032: val_loss did not improve from 16.58216
 - 87s - loss: 17.4547 - val_loss: 17.5566
Epoch 33/8000

Epoch 00033: val_loss did not improve from 16.58216
 - 87s - loss: 17.7482 - val_loss: 18.0565
Epoch 34/8000

Epoch 00034: val_loss did not improve from 16.58216
 - 88s - loss: 17.0399 - val_loss: 16.7427
Epoch 35/8000

Epoch 00035: val_loss did not improve from 16.58216
 - 88s - loss: 16.8591 - val_loss: 17.0758
Epoch 36/8000

Epoch 00036: val_loss did not improve from 16.58216
 - 88s - loss: 17.0630 - val_loss: 16.6360
Epoch 37/8000

Epoch 00037: val_loss did not improve from 16.58216
 - 88s - loss: 16.5203 - val_loss: 16.7580
Epoch 38/8000

Epoch 00038: val_loss did not improve from 16.58216
 - 88s - loss: 16.7713 - val_loss: 17.6986
Epoch 39/8000

Epoch 00039: val_loss did not improve from 16.58216
 - 87s - loss: 17.0514 - val_loss: 16.8444
Epoch 40/8000

Epoch 00040: val_loss improved from 16.58216 to 16.21373, saving model to model_weights/model_2020-02-03_14-42-44.h5
 - 87s - loss: 16.7174 - val_loss: 16.2137
Epoch 41/8000

Epoch 00041: val_loss did not improve from 16.21373
 - 87s - loss: 16.1174 - val_loss: 16.4084
Epoch 42/8000

Epoch 00042: val_loss did not improve from 16.21373
 - 88s - loss: 16.6976 - val_loss: 16.6124
Epoch 43/8000

Epoch 00043: val_loss did not improve from 16.21373
 - 88s - loss: 16.7619 - val_loss: 17.0176
Epoch 44/8000

Epoch 00044: val_loss did not improve from 16.21373
 - 88s - loss: 30.8202 - val_loss: 23.4306
Epoch 45/8000

Epoch 00045: val_loss did not improve from 16.21373
 - 87s - loss: 21.4589 - val_loss: 21.1932
Epoch 46/8000

Epoch 00046: val_loss did not improve from 16.21373
 - 87s - loss: 19.7717 - val_loss: 19.7046
Epoch 47/8000

Epoch 00047: val_loss did not improve from 16.21373
 - 88s - loss: 19.4232 - val_loss: 19.4685
Epoch 48/8000

Epoch 00048: val_loss did not improve from 16.21373
 - 88s - loss: 19.4552 - val_loss: 19.5183
Epoch 49/8000

Epoch 00049: val_loss did not improve from 16.21373
 - 88s - loss: 18.5572 - val_loss: 19.6198
Epoch 50/8000

Epoch 00050: val_loss did not improve from 16.21373
 - 88s - loss: 18.3108 - val_loss: 18.8526
