2020-02-03 11:10:58.965068: I tensorflow/core/platform/cpu_feature_guard.cc:141] Your CPU supports instructions that this TensorFlow binary was not compiled to use: SSE4.1 SSE4.2 AVX
2020-02-03 11:10:59.082571: I tensorflow/stream_executor/cuda/cuda_gpu_executor.cc:897] successful NUMA node read from SysFS had negative value (-1), but there must be at least one NUMA node, so returning NUMA node zero
2020-02-03 11:10:59.083122: I tensorflow/core/common_runtime/gpu/gpu_device.cc:1405] Found device 0 with properties: 
name: TITAN Xp major: 6 minor: 1 memoryClockRate(GHz): 1.582
pciBusID: 0000:01:00.0
totalMemory: 11.91GiB freeMemory: 11.73GiB
2020-02-03 11:10:59.083139: I tensorflow/core/common_runtime/gpu/gpu_device.cc:1484] Adding visible gpu devices: 0
2020-02-03 11:10:59.314104: I tensorflow/core/common_runtime/gpu/gpu_device.cc:965] Device interconnect StreamExecutor with strength 1 edge matrix:
2020-02-03 11:10:59.314149: I tensorflow/core/common_runtime/gpu/gpu_device.cc:971]      0 
2020-02-03 11:10:59.314158: I tensorflow/core/common_runtime/gpu/gpu_device.cc:984] 0:   N 
2020-02-03 11:10:59.314431: I tensorflow/core/common_runtime/gpu/gpu_device.cc:1097] Created TensorFlow device (/job:localhost/replica:0/task:0/device:GPU:0 with 11348 MB memory) -> physical GPU (device: 0, name: TITAN Xp, pci bus id: 0000:01:00.0, compute capability: 6.1)
2020-02-03 11:10:59.629189: I tensorflow/core/kernels/cuda_solvers.cc:159] Creating CudaSolver handles for stream 0x55a21bfde320
Epoch 1/8000

Epoch 00001: val_loss improved from inf to 30.01941, saving model to model_weights/model_2020-02-03_11-10-58.h5
 - 37s - loss: 41.5648 - val_loss: 30.0194
Epoch 2/8000

Epoch 00002: val_loss improved from 30.01941 to 24.70972, saving model to model_weights/model_2020-02-03_11-10-58.h5
 - 34s - loss: 24.8252 - val_loss: 24.7097
Epoch 3/8000

Epoch 00003: val_loss improved from 24.70972 to 24.39510, saving model to model_weights/model_2020-02-03_11-10-58.h5
 - 34s - loss: 23.5684 - val_loss: 24.3951
Epoch 4/8000

Epoch 00004: val_loss improved from 24.39510 to 24.32120, saving model to model_weights/model_2020-02-03_11-10-58.h5
 - 34s - loss: 23.4672 - val_loss: 24.3212
Epoch 5/8000

Epoch 00005: val_loss improved from 24.32120 to 22.73426, saving model to model_weights/model_2020-02-03_11-10-58.h5
 - 34s - loss: 22.6162 - val_loss: 22.7343
Epoch 6/8000

Epoch 00006: val_loss improved from 22.73426 to 20.68218, saving model to model_weights/model_2020-02-03_11-10-58.h5
 - 35s - loss: 20.9206 - val_loss: 20.6822
Epoch 7/8000

Epoch 00007: val_loss improved from 20.68218 to 20.23279, saving model to model_weights/model_2020-02-03_11-10-58.h5
 - 34s - loss: 20.0289 - val_loss: 20.2328
Epoch 8/8000

Epoch 00008: val_loss did not improve from 20.23279
 - 35s - loss: 19.8036 - val_loss: 22.7325
Epoch 9/8000

Epoch 00009: val_loss improved from 20.23279 to 20.02523, saving model to model_weights/model_2020-02-03_11-10-58.h5
 - 35s - loss: 19.5903 - val_loss: 20.0252
Epoch 10/8000

Epoch 00010: val_loss improved from 20.02523 to 19.82412, saving model to model_weights/model_2020-02-03_11-10-58.h5
 - 34s - loss: 19.5371 - val_loss: 19.8241
Epoch 11/8000

Epoch 00011: val_loss improved from 19.82412 to 19.01913, saving model to model_weights/model_2020-02-03_11-10-58.h5
 - 34s - loss: 18.4840 - val_loss: 19.0191
Epoch 12/8000

Epoch 00012: val_loss improved from 19.01913 to 18.74583, saving model to model_weights/model_2020-02-03_11-10-58.h5
 - 34s - loss: 18.4823 - val_loss: 18.7458
Epoch 13/8000

Epoch 00013: val_loss did not improve from 18.74583
 - 35s - loss: 18.1041 - val_loss: 18.8215
Epoch 14/8000

Epoch 00014: val_loss improved from 18.74583 to 17.80209, saving model to model_weights/model_2020-02-03_11-10-58.h5
 - 35s - loss: 17.7577 - val_loss: 17.8021
Epoch 15/8000

Epoch 00015: val_loss did not improve from 17.80209
 - 35s - loss: 17.5452 - val_loss: 18.0709
Epoch 16/8000

Epoch 00016: val_loss improved from 17.80209 to 17.34021, saving model to model_weights/model_2020-02-03_11-10-58.h5
 - 35s - loss: 17.3466 - val_loss: 17.3402
Epoch 17/8000

Epoch 00017: val_loss did not improve from 17.34021
 - 34s - loss: 17.3752 - val_loss: 18.5994
Epoch 18/8000

Epoch 00018: val_loss did not improve from 17.34021
 - 34s - loss: 17.2756 - val_loss: 18.2649
Epoch 19/8000

Epoch 00019: val_loss did not improve from 17.34021
 - 34s - loss: 17.2672 - val_loss: 18.0021
Epoch 20/8000

Epoch 00020: val_loss did not improve from 17.34021
 - 35s - loss: 17.3296 - val_loss: 17.7550
Epoch 21/8000

Epoch 00021: val_loss did not improve from 17.34021
 - 35s - loss: 17.5260 - val_loss: 18.4165
Epoch 22/8000

Epoch 00022: val_loss improved from 17.34021 to 16.80627, saving model to model_weights/model_2020-02-03_11-10-58.h5
 - 35s - loss: 17.4758 - val_loss: 16.8063
Epoch 23/8000

Epoch 00023: val_loss did not improve from 16.80627
 - 35s - loss: 17.0717 - val_loss: 17.2666
Epoch 24/8000

Epoch 00024: val_loss did not improve from 16.80627
 - 34s - loss: 16.6076 - val_loss: 17.2660
Epoch 25/8000

Epoch 00025: val_loss did not improve from 16.80627
 - 34s - loss: 17.8741 - val_loss: 17.6403
Epoch 26/8000

Epoch 00026: val_loss did not improve from 16.80627
 - 34s - loss: 17.4639 - val_loss: 17.3202
Epoch 27/8000

Epoch 00027: val_loss did not improve from 16.80627
 - 35s - loss: 18.1295 - val_loss: 17.3945
Epoch 28/8000

Epoch 00028: val_loss did not improve from 16.80627
 - 34s - loss: 18.4515 - val_loss: 19.5027
Epoch 29/8000

Epoch 00029: val_loss did not improve from 16.80627
 - 35s - loss: 17.9766 - val_loss: 18.6881
Epoch 30/8000

Epoch 00030: val_loss improved from 16.80627 to 16.78831, saving model to model_weights/model_2020-02-03_11-10-58.h5
 - 35s - loss: 17.3940 - val_loss: 16.7883
Epoch 31/8000

Epoch 00031: val_loss did not improve from 16.78831
 - 34s - loss: 16.9656 - val_loss: 17.5309
Epoch 32/8000

Epoch 00032: val_loss did not improve from 16.78831
 - 34s - loss: 16.9419 - val_loss: 17.2991
Epoch 33/8000

Epoch 00033: val_loss did not improve from 16.78831
 - 34s - loss: 17.8305 - val_loss: 17.8799
Epoch 34/8000

Epoch 00034: val_loss did not improve from 16.78831
 - 35s - loss: 18.0740 - val_loss: 17.1840
Epoch 35/8000

Epoch 00035: val_loss did not improve from 16.78831
 - 34s - loss: 17.1514 - val_loss: 17.5057
Epoch 36/8000

Epoch 00036: val_loss did not improve from 16.78831
 - 35s - loss: 17.4266 - val_loss: 18.8117
Epoch 37/8000

Epoch 00037: val_loss did not improve from 16.78831
 - 35s - loss: 17.2467 - val_loss: 18.1487
Epoch 38/8000

Epoch 00038: val_loss did not improve from 16.78831
 - 35s - loss: 17.4065 - val_loss: 17.4794
Epoch 39/8000

Epoch 00039: val_loss did not improve from 16.78831
 - 34s - loss: 18.6585 - val_loss: 18.1827
Epoch 40/8000

Epoch 00040: val_loss did not improve from 16.78831
 - 34s - loss: 17.5097 - val_loss: 18.0943
Epoch 41/8000

Epoch 00041: val_loss did not improve from 16.78831
 - 35s - loss: 17.9675 - val_loss: 17.8077
Epoch 42/8000

Epoch 00042: val_loss did not improve from 16.78831
 - 34s - loss: 72.1620 - val_loss: 64.4797
Epoch 43/8000

Epoch 00043: val_loss did not improve from 16.78831
 - 35s - loss: 33.8161 - val_loss: 25.8513
Epoch 44/8000

Epoch 00044: val_loss did not improve from 16.78831
 - 35s - loss: 24.4114 - val_loss: 25.2309
Epoch 45/8000

Epoch 00045: val_loss did not improve from 16.78831
 - 34s - loss: 23.6638 - val_loss: 24.3352
Epoch 46/8000

Epoch 00046: val_loss did not improve from 16.78831
 - 34s - loss: 23.1841 - val_loss: 23.5981
Epoch 47/8000

Epoch 00047: val_loss did not improve from 16.78831
 - 34s - loss: 22.7145 - val_loss: 23.6107
Epoch 48/8000

Epoch 00048: val_loss did not improve from 16.78831
 - 35s - loss: 22.3371 - val_loss: 22.7345
Epoch 49/8000

Epoch 00049: val_loss did not improve from 16.78831
 - 34s - loss: 21.3438 - val_loss: 21.7769
Epoch 50/8000

Epoch 00050: val_loss did not improve from 16.78831
 - 35s - loss: 20.9411 - val_loss: 21.6647
Epoch 51/8000

Epoch 00051: val_loss did not improve from 16.78831
 - 35s - loss: 20.6563 - val_loss: 21.4793
Epoch 52/8000

Epoch 00052: val_loss did not improve from 16.78831
 - 34s - loss: 20.4018 - val_loss: 21.0829
Epoch 53/8000

Epoch 00053: val_loss did not improve from 16.78831
 - 34s - loss: 20.1159 - val_loss: 21.1675
Epoch 54/8000

Epoch 00054: val_loss did not improve from 16.78831
 - 34s - loss: 19.8385 - val_loss: 20.6276
Epoch 55/8000

Epoch 00055: val_loss did not improve from 16.78831
 - 35s - loss: 19.6971 - val_loss: 20.0518
Epoch 56/8000

Epoch 00056: val_loss did not improve from 16.78831
 - 34s - loss: 20.5187 - val_loss: 20.3567
Epoch 57/8000

Epoch 00057: val_loss did not improve from 16.78831
 - 35s - loss: 19.6235 - val_loss: 20.3084
Epoch 58/8000

Epoch 00058: val_loss did not improve from 16.78831
 - 35s - loss: 19.1159 - val_loss: 19.7595
Epoch 59/8000

Epoch 00059: val_loss did not improve from 16.78831
 - 34s - loss: 19.2257 - val_loss: 19.5661
Epoch 60/8000

Epoch 00060: val_loss did not improve from 16.78831
 - 34s - loss: 19.2068 - val_loss: 20.1442
Epoch 61/8000

Epoch 00061: val_loss did not improve from 16.78831
 - 34s - loss: 18.9652 - val_loss: 19.0500
Epoch 62/8000

Epoch 00062: val_loss did not improve from 16.78831
 - 35s - loss: 18.6253 - val_loss: 18.8666
Epoch 63/8000

Epoch 00063: val_loss did not improve from 16.78831
 - 34s - loss: 18.3092 - val_loss: 18.7462
Epoch 64/8000

Epoch 00064: val_loss did not improve from 16.78831
 - 35s - loss: 18.2338 - val_loss: 18.9983
Epoch 65/8000

Epoch 00065: val_loss did not improve from 16.78831
 - 35s - loss: 18.3879 - val_loss: 19.7638
Epoch 66/8000

Epoch 00066: val_loss did not improve from 16.78831
 - 34s - loss: 18.8082 - val_loss: 19.5159
Epoch 67/8000

Epoch 00067: val_loss did not improve from 16.78831
 - 34s - loss: 19.7709 - val_loss: 19.6007
Epoch 68/8000

Epoch 00068: val_loss did not improve from 16.78831
 - 34s - loss: 18.9513 - val_loss: 19.3297
Epoch 69/8000

Epoch 00069: val_loss did not improve from 16.78831
 - 35s - loss: 18.7104 - val_loss: 19.4120
Epoch 70/8000

Epoch 00070: val_loss did not improve from 16.78831
 - 34s - loss: 18.3185 - val_loss: 18.9566
Epoch 71/8000

Epoch 00071: val_loss did not improve from 16.78831
 - 35s - loss: 18.3782 - val_loss: 18.4976
Epoch 72/8000

Epoch 00072: val_loss did not improve from 16.78831
 - 35s - loss: 22.3461 - val_loss: 23.6788
Epoch 73/8000

Epoch 00073: val_loss did not improve from 16.78831
 - 34s - loss: 19.8320 - val_loss: 20.5979
Epoch 74/8000

Epoch 00074: val_loss did not improve from 16.78831
 - 34s - loss: 18.8254 - val_loss: 18.9015
Epoch 75/8000

Epoch 00075: val_loss did not improve from 16.78831
 - 34s - loss: 18.2153 - val_loss: 18.7638
Epoch 76/8000

Epoch 00076: val_loss did not improve from 16.78831
 - 35s - loss: 17.9618 - val_loss: 18.6314
Epoch 77/8000

Epoch 00077: val_loss did not improve from 16.78831
 - 35s - loss: 17.9194 - val_loss: 17.9728
Epoch 78/8000

Epoch 00078: val_loss did not improve from 16.78831
 - 35s - loss: 17.7586 - val_loss: 18.6424
Epoch 79/8000

Epoch 00079: val_loss did not improve from 16.78831
 - 35s - loss: 17.6323 - val_loss: 17.7783
Epoch 80/8000

Epoch 00080: val_loss did not improve from 16.78831
 - 34s - loss: 17.5486 - val_loss: 17.6670
Epoch 81/8000

Epoch 00081: val_loss did not improve from 16.78831
 - 34s - loss: 17.3374 - val_loss: 17.5199
Epoch 82/8000

Epoch 00082: val_loss did not improve from 16.78831
 - 34s - loss: 17.4100 - val_loss: 18.0707
Epoch 83/8000

Epoch 00083: val_loss did not improve from 16.78831
 - 35s - loss: 17.4150 - val_loss: 18.1279
Epoch 84/8000

Epoch 00084: val_loss did not improve from 16.78831
 - 35s - loss: 17.2921 - val_loss: 17.2388
Epoch 85/8000

Epoch 00085: val_loss did not improve from 16.78831
 - 35s - loss: 17.0306 - val_loss: 17.8312
Epoch 86/8000

Epoch 00086: val_loss did not improve from 16.78831
 - 35s - loss: 16.8444 - val_loss: 17.2773
Epoch 87/8000

Epoch 00087: val_loss did not improve from 16.78831
 - 35s - loss: 16.7036 - val_loss: 17.6993
Epoch 88/8000

Epoch 00088: val_loss did not improve from 16.78831
 - 34s - loss: 16.8390 - val_loss: 17.4030
Epoch 89/8000

Epoch 00089: val_loss improved from 16.78831 to 16.62634, saving model to model_weights/model_2020-02-03_11-10-58.h5
 - 34s - loss: 16.6640 - val_loss: 16.6263
Epoch 90/8000

Epoch 00090: val_loss improved from 16.62634 to 16.50648, saving model to model_weights/model_2020-02-03_11-10-58.h5
 - 35s - loss: 16.5658 - val_loss: 16.5065
Epoch 91/8000

Epoch 00091: val_loss did not improve from 16.50648
 - 34s - loss: 16.5519 - val_loss: 18.3114
Epoch 92/8000

Epoch 00092: val_loss did not improve from 16.50648
 - 35s - loss: 16.6181 - val_loss: 16.9744
Epoch 93/8000

Epoch 00093: val_loss did not improve from 16.50648
 - 35s - loss: 16.4886 - val_loss: 16.7981
Epoch 94/8000

Epoch 00094: val_loss did not improve from 16.50648
 - 35s - loss: 16.4581 - val_loss: 17.5464
Epoch 95/8000

Epoch 00095: val_loss did not improve from 16.50648
 - 34s - loss: 17.1314 - val_loss: 17.7285
Epoch 96/8000

Epoch 00096: val_loss did not improve from 16.50648
 - 34s - loss: 17.0228 - val_loss: 17.7096
Epoch 97/8000

Epoch 00097: val_loss did not improve from 16.50648
 - 35s - loss: 16.9306 - val_loss: 16.9619
Epoch 98/8000

Epoch 00098: val_loss did not improve from 16.50648
 - 34s - loss: 16.9112 - val_loss: 17.4222
Epoch 99/8000

Epoch 00099: val_loss did not improve from 16.50648
 - 35s - loss: 16.7139 - val_loss: 16.7581
Epoch 100/8000

Epoch 00100: val_loss did not improve from 16.50648
 - 35s - loss: 17.2309 - val_loss: 18.0818
Epoch 101/8000

Epoch 00101: val_loss did not improve from 16.50648
 - 34s - loss: 16.9426 - val_loss: 16.5759
Epoch 102/8000

Epoch 00102: val_loss did not improve from 16.50648
 - 34s - loss: 17.1103 - val_loss: 17.0221
Epoch 103/8000

Epoch 00103: val_loss did not improve from 16.50648
 - 34s - loss: 16.9375 - val_loss: 16.9847
Epoch 104/8000

Epoch 00104: val_loss did not improve from 16.50648
 - 35s - loss: 17.0888 - val_loss: 18.6620
Epoch 105/8000

Epoch 00105: val_loss did not improve from 16.50648
 - 34s - loss: 17.1720 - val_loss: 16.9477
Epoch 106/8000

Epoch 00106: val_loss improved from 16.50648 to 16.38380, saving model to model_weights/model_2020-02-03_11-10-58.h5
 - 35s - loss: 17.1471 - val_loss: 16.3838
Epoch 107/8000

Epoch 00107: val_loss did not improve from 16.38380
 - 35s - loss: 16.9728 - val_loss: 19.3120
Epoch 108/8000

Epoch 00108: val_loss did not improve from 16.38380
 - 35s - loss: 17.1316 - val_loss: 17.3918
Epoch 109/8000

Epoch 00109: val_loss did not improve from 16.38380
 - 34s - loss: 16.4591 - val_loss: 17.5247
Epoch 110/8000

Epoch 00110: val_loss did not improve from 16.38380
 - 34s - loss: 16.6345 - val_loss: 17.1268
Epoch 111/8000

Epoch 00111: val_loss did not improve from 16.38380
 - 35s - loss: 16.6326 - val_loss: 16.7950
Epoch 112/8000

Epoch 00112: val_loss did not improve from 16.38380
 - 35s - loss: 17.1716 - val_loss: 16.7622
Epoch 113/8000

Epoch 00113: val_loss did not improve from 16.38380
 - 35s - loss: 17.0131 - val_loss: 17.3629
Epoch 114/8000

Epoch 00114: val_loss did not improve from 16.38380
 - 35s - loss: 16.5399 - val_loss: 16.9128
Epoch 115/8000

Epoch 00115: val_loss did not improve from 16.38380
 - 35s - loss: 17.3876 - val_loss: 17.2216
Epoch 116/8000

Epoch 00116: val_loss did not improve from 16.38380
 - 34s - loss: 16.9987 - val_loss: 16.5932
Epoch 117/8000

Epoch 00117: val_loss did not improve from 16.38380
 - 34s - loss: 16.8469 - val_loss: 17.1658
Epoch 118/8000

Epoch 00118: val_loss did not improve from 16.38380
 - 35s - loss: 17.2740 - val_loss: 17.4109
Epoch 119/8000

Epoch 00119: val_loss did not improve from 16.38380
 - 35s - loss: 17.8486 - val_loss: 19.4754
Epoch 120/8000

Epoch 00120: val_loss did not improve from 16.38380
 - 35s - loss: 17.2896 - val_loss: 16.7624
Epoch 121/8000

Epoch 00121: val_loss did not improve from 16.38380
 - 35s - loss: 16.8972 - val_loss: 17.4533
Epoch 122/8000

Epoch 00122: val_loss did not improve from 16.38380
 - 34s - loss: 16.4057 - val_loss: 16.8065
Epoch 123/8000

Epoch 00123: val_loss did not improve from 16.38380
 - 34s - loss: 16.3569 - val_loss: 18.1666
Epoch 124/8000

Epoch 00124: val_loss improved from 16.38380 to 15.96755, saving model to model_weights/model_2020-02-03_11-10-58.h5
 - 34s - loss: 16.3490 - val_loss: 15.9675
Epoch 125/8000

Epoch 00125: val_loss improved from 15.96755 to 15.95629, saving model to model_weights/model_2020-02-03_11-10-58.h5
 - 35s - loss: 15.9976 - val_loss: 15.9563
Epoch 126/8000

Epoch 00126: val_loss did not improve from 15.95629
 - 34s - loss: 16.0248 - val_loss: 16.5879
Epoch 127/8000

Epoch 00127: val_loss did not improve from 15.95629
 - 35s - loss: 16.0850 - val_loss: 16.8980
Epoch 128/8000

Epoch 00128: val_loss did not improve from 15.95629
 - 35s - loss: 16.3540 - val_loss: 16.7341
Epoch 129/8000

Epoch 00129: val_loss did not improve from 15.95629
 - 34s - loss: 16.7790 - val_loss: 17.1891
Epoch 130/8000

Epoch 00130: val_loss did not improve from 15.95629
 - 34s - loss: 16.3893 - val_loss: 16.1570
Epoch 131/8000

Epoch 00131: val_loss did not improve from 15.95629
 - 34s - loss: 15.9648 - val_loss: 17.0420
Epoch 132/8000

Epoch 00132: val_loss did not improve from 15.95629
 - 35s - loss: 16.0877 - val_loss: 16.6257
Epoch 133/8000

Epoch 00133: val_loss did not improve from 15.95629
 - 34s - loss: 16.0016 - val_loss: 17.2205
Epoch 134/8000

Epoch 00134: val_loss did not improve from 15.95629
 - 35s - loss: 16.1468 - val_loss: 16.0122
Epoch 135/8000

Epoch 00135: val_loss did not improve from 15.95629
 - 35s - loss: 15.8494 - val_loss: 16.3105
Epoch 136/8000

Epoch 00136: val_loss improved from 15.95629 to 15.68530, saving model to model_weights/model_2020-02-03_11-10-58.h5
 - 34s - loss: 15.8851 - val_loss: 15.6853
Epoch 137/8000

Epoch 00137: val_loss did not improve from 15.68530
 - 34s - loss: 15.9726 - val_loss: 16.6236
Epoch 138/8000

Epoch 00138: val_loss did not improve from 15.68530
 - 34s - loss: 16.2351 - val_loss: 17.4858
Epoch 139/8000

Epoch 00139: val_loss did not improve from 15.68530
 - 35s - loss: 16.2758 - val_loss: 16.4063
Epoch 140/8000

Epoch 00140: val_loss did not improve from 15.68530
 - 35s - loss: 16.0885 - val_loss: 16.8350
Epoch 141/8000

Epoch 00141: val_loss did not improve from 15.68530
 - 35s - loss: 16.0160 - val_loss: 16.3424
Epoch 142/8000

Epoch 00142: val_loss did not improve from 15.68530
 - 35s - loss: 15.7751 - val_loss: 17.3331
Epoch 143/8000

Epoch 00143: val_loss did not improve from 15.68530
 - 35s - loss: 15.8716 - val_loss: 15.8367
Epoch 144/8000

Epoch 00144: val_loss did not improve from 15.68530
 - 34s - loss: 15.9605 - val_loss: 16.2415
Epoch 145/8000

Epoch 00145: val_loss did not improve from 15.68530
 - 34s - loss: 16.3570 - val_loss: 17.8411
Epoch 146/8000

Epoch 00146: val_loss did not improve from 15.68530
 - 35s - loss: 16.0923 - val_loss: 16.2724
Epoch 147/8000

Epoch 00147: val_loss did not improve from 15.68530
 - 35s - loss: 17.4120 - val_loss: 17.7107
Epoch 148/8000

Epoch 00148: val_loss did not improve from 15.68530
 - 35s - loss: 16.8851 - val_loss: 16.5844
Epoch 149/8000

Epoch 00149: val_loss did not improve from 15.68530
 - 35s - loss: 16.3291 - val_loss: 17.2946
Epoch 150/8000

Epoch 00150: val_loss did not improve from 15.68530
 - 34s - loss: 17.4064 - val_loss: 16.9620
Epoch 151/8000

Epoch 00151: val_loss did not improve from 15.68530
 - 34s - loss: 16.3354 - val_loss: 15.9646
Epoch 152/8000

Epoch 00152: val_loss did not improve from 15.68530
 - 34s - loss: 16.1451 - val_loss: 15.9857
Epoch 153/8000

Epoch 00153: val_loss did not improve from 15.68530
 - 35s - loss: 15.8558 - val_loss: 15.9109
Epoch 154/8000

Epoch 00154: val_loss did not improve from 15.68530
 - 35s - loss: 15.9175 - val_loss: 16.0880
Epoch 155/8000

Epoch 00155: val_loss did not improve from 15.68530
 - 35s - loss: 16.1728 - val_loss: 16.8843
Epoch 156/8000

Epoch 00156: val_loss did not improve from 15.68530
 - 35s - loss: 16.2882 - val_loss: 16.3757
Epoch 157/8000

Epoch 00157: val_loss did not improve from 15.68530
 - 34s - loss: 16.0085 - val_loss: 16.6044
Epoch 158/8000

Epoch 00158: val_loss did not improve from 15.68530
 - 34s - loss: 16.7569 - val_loss: 16.7131
Epoch 159/8000

Epoch 00159: val_loss did not improve from 15.68530
 - 34s - loss: 16.5602 - val_loss: 16.8741
Epoch 160/8000

Epoch 00160: val_loss did not improve from 15.68530
 - 35s - loss: 16.2803 - val_loss: 16.6533
Epoch 161/8000

Epoch 00161: val_loss did not improve from 15.68530
 - 34s - loss: 16.6237 - val_loss: 16.3753
Epoch 162/8000

Epoch 00162: val_loss did not improve from 15.68530
 - 35s - loss: 16.0907 - val_loss: 16.8849
Epoch 163/8000

Epoch 00163: val_loss did not improve from 15.68530
 - 35s - loss: 16.2684 - val_loss: 16.0531
Epoch 164/8000

Epoch 00164: val_loss did not improve from 15.68530
 - 34s - loss: 15.8885 - val_loss: 17.5025
Epoch 165/8000

Epoch 00165: val_loss did not improve from 15.68530
 - 34s - loss: 16.3455 - val_loss: 16.9860
Epoch 166/8000

Epoch 00166: val_loss did not improve from 15.68530
 - 34s - loss: 15.9342 - val_loss: 16.3304
Epoch 167/8000

Epoch 00167: val_loss did not improve from 15.68530
 - 35s - loss: 16.2600 - val_loss: 16.3247
Epoch 168/8000

Epoch 00168: val_loss improved from 15.68530 to 15.57018, saving model to model_weights/model_2020-02-03_11-10-58.h5
 - 35s - loss: 15.6965 - val_loss: 15.5702
Epoch 169/8000

Epoch 00169: val_loss did not improve from 15.57018
 - 35s - loss: 15.7913 - val_loss: 16.7851
Epoch 170/8000

Epoch 00170: val_loss did not improve from 15.57018
 - 35s - loss: 16.2473 - val_loss: 16.0224
Epoch 171/8000

Epoch 00171: val_loss did not improve from 15.57018
 - 34s - loss: 16.0967 - val_loss: 17.0430
Epoch 172/8000

Epoch 00172: val_loss did not improve from 15.57018
 - 34s - loss: 16.1109 - val_loss: 15.8826
Epoch 173/8000

Epoch 00173: val_loss did not improve from 15.57018
 - 34s - loss: 15.8957 - val_loss: 16.1606
Epoch 174/8000

Epoch 00174: val_loss did not improve from 15.57018
 - 35s - loss: 15.9996 - val_loss: 16.8871
Epoch 175/8000

Epoch 00175: val_loss did not improve from 15.57018
 - 35s - loss: 15.7736 - val_loss: 15.5967
Epoch 176/8000

Epoch 00176: val_loss did not improve from 15.57018
 - 35s - loss: 15.6244 - val_loss: 16.8878
Epoch 177/8000

Epoch 00177: val_loss did not improve from 15.57018
 - 35s - loss: 15.7339 - val_loss: 16.0271
Epoch 178/8000

Epoch 00178: val_loss did not improve from 15.57018
 - 35s - loss: 15.9256 - val_loss: 16.4854
Epoch 179/8000

Epoch 00179: val_loss did not improve from 15.57018
 - 34s - loss: 15.9025 - val_loss: 16.7489
Epoch 180/8000

Epoch 00180: val_loss did not improve from 15.57018
 - 34s - loss: 16.6164 - val_loss: 16.6987
Epoch 181/8000

Epoch 00181: val_loss did not improve from 15.57018
 - 35s - loss: 16.3955 - val_loss: 16.8624
Epoch 182/8000

Epoch 00182: val_loss did not improve from 15.57018
 - 34s - loss: 15.9662 - val_loss: 16.1091
Epoch 183/8000

Epoch 00183: val_loss did not improve from 15.57018
 - 35s - loss: 15.5445 - val_loss: 17.4256
Epoch 184/8000

Epoch 00184: val_loss did not improve from 15.57018
 - 35s - loss: 15.6896 - val_loss: 15.7086
Epoch 185/8000

Epoch 00185: val_loss did not improve from 15.57018
 - 34s - loss: 15.6589 - val_loss: 16.7380
Epoch 186/8000

Epoch 00186: val_loss did not improve from 15.57018
 - 34s - loss: 15.7281 - val_loss: 16.2052
Epoch 187/8000

Epoch 00187: val_loss did not improve from 15.57018
 - 34s - loss: 15.9435 - val_loss: 18.1828
Epoch 188/8000

Epoch 00188: val_loss did not improve from 15.57018
 - 35s - loss: 16.3843 - val_loss: 16.8054
Epoch 189/8000

Epoch 00189: val_loss did not improve from 15.57018
 - 34s - loss: 16.3110 - val_loss: 16.1131
Epoch 190/8000

Epoch 00190: val_loss did not improve from 15.57018
 - 35s - loss: 16.4769 - val_loss: 16.5578
Epoch 191/8000

Epoch 00191: val_loss did not improve from 15.57018
 - 35s - loss: 16.4860 - val_loss: 18.0714
Epoch 192/8000

Epoch 00192: val_loss did not improve from 15.57018
 - 34s - loss: 16.3121 - val_loss: 16.9523
Epoch 193/8000

Epoch 00193: val_loss did not improve from 15.57018
 - 34s - loss: 15.8230 - val_loss: 16.2724
Epoch 194/8000

Epoch 00194: val_loss did not improve from 15.57018
 - 34s - loss: 15.6387 - val_loss: 15.6260
Epoch 195/8000

Epoch 00195: val_loss did not improve from 15.57018
 - 35s - loss: 15.5505 - val_loss: 16.2168
Epoch 196/8000

Epoch 00196: val_loss did not improve from 15.57018
 - 35s - loss: 15.5638 - val_loss: 15.6138
Epoch 197/8000

Epoch 00197: val_loss did not improve from 15.57018
 - 35s - loss: 16.7016 - val_loss: 16.8682
Epoch 198/8000

Epoch 00198: val_loss did not improve from 15.57018
 - 35s - loss: 15.7086 - val_loss: 16.5658
Epoch 199/8000

Epoch 00199: val_loss did not improve from 15.57018
 - 35s - loss: 15.9675 - val_loss: 15.9231
Epoch 200/8000

Epoch 00200: val_loss did not improve from 15.57018
 - 34s - loss: 15.7175 - val_loss: 15.6988
Epoch 201/8000

Epoch 00201: val_loss did not improve from 15.57018
 - 34s - loss: 16.1198 - val_loss: 18.4628
Epoch 202/8000

Epoch 00202: val_loss did not improve from 15.57018
 - 35s - loss: 16.9736 - val_loss: 16.2896
Epoch 203/8000

Epoch 00203: val_loss did not improve from 15.57018
 - 34s - loss: 16.3364 - val_loss: 18.8448
Epoch 204/8000

Epoch 00204: val_loss did not improve from 15.57018
 - 35s - loss: 16.1155 - val_loss: 15.9413
Epoch 205/8000

Epoch 00205: val_loss did not improve from 15.57018
 - 35s - loss: 16.0872 - val_loss: 15.8177
Epoch 206/8000

Epoch 00206: val_loss did not improve from 15.57018
 - 35s - loss: 15.6341 - val_loss: 15.9501
Epoch 207/8000

Epoch 00207: val_loss did not improve from 15.57018
 - 34s - loss: 15.8244 - val_loss: 16.0691
Epoch 208/8000

Epoch 00208: val_loss did not improve from 15.57018
 - 34s - loss: 15.6133 - val_loss: 15.8461
Epoch 209/8000

Epoch 00209: val_loss did not improve from 15.57018
 - 35s - loss: 15.5202 - val_loss: 16.0011
Epoch 210/8000

Epoch 00210: val_loss did not improve from 15.57018
 - 35s - loss: 15.3706 - val_loss: 16.1763
Epoch 211/8000

Epoch 00211: val_loss improved from 15.57018 to 15.40833, saving model to model_weights/model_2020-02-03_11-10-58.h5
 - 35s - loss: 15.2498 - val_loss: 15.4083
Epoch 212/8000

Epoch 00212: val_loss did not improve from 15.40833
 - 35s - loss: 15.4378 - val_loss: 16.5374
Epoch 213/8000

Epoch 00213: val_loss did not improve from 15.40833
 - 34s - loss: 15.9826 - val_loss: 16.2668
Epoch 214/8000

Epoch 00214: val_loss did not improve from 15.40833
 - 34s - loss: 16.3088 - val_loss: 16.0209
Epoch 215/8000

Epoch 00215: val_loss did not improve from 15.40833
 - 34s - loss: 16.0422 - val_loss: 16.4874
Epoch 216/8000

Epoch 00216: val_loss did not improve from 15.40833
 - 35s - loss: 15.9808 - val_loss: 18.1946
Epoch 217/8000

Epoch 00217: val_loss did not improve from 15.40833
 - 34s - loss: 16.7657 - val_loss: 16.4948
Epoch 218/8000

Epoch 00218: val_loss did not improve from 15.40833
 - 35s - loss: 15.8234 - val_loss: 15.6069
Epoch 219/8000

Epoch 00219: val_loss improved from 15.40833 to 15.35763, saving model to model_weights/model_2020-02-03_11-10-58.h5
 - 35s - loss: 15.4192 - val_loss: 15.3576
Epoch 220/8000

Epoch 00220: val_loss did not improve from 15.35763
 - 35s - loss: 15.9605 - val_loss: 17.9751
Epoch 221/8000

Epoch 00221: val_loss did not improve from 15.35763
 - 34s - loss: 15.9551 - val_loss: 16.2602
Epoch 222/8000

Epoch 00222: val_loss did not improve from 15.35763
 - 34s - loss: 15.6556 - val_loss: 15.9976
Epoch 223/8000

Epoch 00223: val_loss did not improve from 15.35763
 - 35s - loss: 15.3592 - val_loss: 16.1480
Epoch 224/8000

Epoch 00224: val_loss did not improve from 15.35763
 - 34s - loss: 15.4086 - val_loss: 15.6970
Epoch 225/8000

Epoch 00225: val_loss improved from 15.35763 to 15.22071, saving model to model_weights/model_2020-02-03_11-10-58.h5
 - 35s - loss: 15.2479 - val_loss: 15.2207
Epoch 226/8000

Epoch 00226: val_loss improved from 15.22071 to 15.12016, saving model to model_weights/model_2020-02-03_11-10-58.h5
 - 35s - loss: 15.6076 - val_loss: 15.1202
Epoch 227/8000

Epoch 00227: val_loss did not improve from 15.12016
 - 34s - loss: 15.1090 - val_loss: 15.3307
Epoch 228/8000

Epoch 00228: val_loss did not improve from 15.12016
 - 34s - loss: 15.1653 - val_loss: 16.3041
Epoch 229/8000

Epoch 00229: val_loss did not improve from 15.12016
 - 34s - loss: 15.4559 - val_loss: 15.6012
Epoch 230/8000

Epoch 00230: val_loss did not improve from 15.12016
 - 35s - loss: 15.2490 - val_loss: 15.4114
Epoch 231/8000

Epoch 00231: val_loss did not improve from 15.12016
 - 34s - loss: 15.3847 - val_loss: 15.9331
Epoch 232/8000

Epoch 00232: val_loss did not improve from 15.12016
 - 35s - loss: 15.4333 - val_loss: 15.1242
Epoch 233/8000

Epoch 00233: val_loss did not improve from 15.12016
 - 35s - loss: 15.1187 - val_loss: 15.2360
Epoch 234/8000

Epoch 00234: val_loss improved from 15.12016 to 15.07105, saving model to model_weights/model_2020-02-03_11-10-58.h5
 - 34s - loss: 15.1678 - val_loss: 15.0710
Epoch 235/8000

Epoch 00235: val_loss did not improve from 15.07105
 - 34s - loss: 15.2694 - val_loss: 15.5748
Epoch 236/8000

Epoch 00236: val_loss improved from 15.07105 to 14.71325, saving model to model_weights/model_2020-02-03_11-10-58.h5
 - 34s - loss: 14.8354 - val_loss: 14.7133
Epoch 237/8000

Epoch 00237: val_loss did not improve from 14.71325
 - 35s - loss: 14.8182 - val_loss: 14.7947
Epoch 238/8000

Epoch 00238: val_loss did not improve from 14.71325
 - 34s - loss: 14.7840 - val_loss: 15.0994
Epoch 239/8000

Epoch 00239: val_loss did not improve from 14.71325
 - 35s - loss: 15.2072 - val_loss: 14.9044
Epoch 240/8000

Epoch 00240: val_loss did not improve from 14.71325
 - 35s - loss: 15.4181 - val_loss: 16.5803
Epoch 241/8000

Epoch 00241: val_loss did not improve from 14.71325
 - 35s - loss: 15.0472 - val_loss: 15.2746
Epoch 242/8000

Epoch 00242: val_loss did not improve from 14.71325
 - 34s - loss: 15.1383 - val_loss: 15.1866
Epoch 243/8000

Epoch 00243: val_loss did not improve from 14.71325
 - 34s - loss: 14.9386 - val_loss: 14.8263
Epoch 244/8000

Epoch 00244: val_loss did not improve from 14.71325
 - 35s - loss: 15.0378 - val_loss: 15.4844
Epoch 245/8000

Epoch 00245: val_loss did not improve from 14.71325
 - 34s - loss: 15.6200 - val_loss: 15.7160
Epoch 246/8000

Epoch 00246: val_loss did not improve from 14.71325
 - 35s - loss: 15.1691 - val_loss: 15.4657
Epoch 247/8000

Epoch 00247: val_loss did not improve from 14.71325
 - 35s - loss: 14.9640 - val_loss: 14.9396
Epoch 248/8000

Epoch 00248: val_loss did not improve from 14.71325
 - 34s - loss: 14.9562 - val_loss: 15.0626
Epoch 249/8000

Epoch 00249: val_loss did not improve from 14.71325
 - 34s - loss: 15.0042 - val_loss: 16.1448
Epoch 250/8000

Epoch 00250: val_loss did not improve from 14.71325
 - 34s - loss: 15.2702 - val_loss: 15.6888
Epoch 251/8000

Epoch 00251: val_loss did not improve from 14.71325
 - 35s - loss: 15.1151 - val_loss: 15.6286
Epoch 252/8000

Epoch 00252: val_loss did not improve from 14.71325
 - 34s - loss: 15.6686 - val_loss: 15.0995
Epoch 253/8000

Epoch 00253: val_loss did not improve from 14.71325
 - 35s - loss: 15.2322 - val_loss: 15.3359
Epoch 254/8000

Epoch 00254: val_loss did not improve from 14.71325
 - 35s - loss: 14.8883 - val_loss: 15.7778
Epoch 255/8000

Epoch 00255: val_loss did not improve from 14.71325
 - 34s - loss: 15.1430 - val_loss: 15.2545
Epoch 256/8000

Epoch 00256: val_loss did not improve from 14.71325
 - 34s - loss: 15.2652 - val_loss: 15.8714
Epoch 257/8000

Epoch 00257: val_loss did not improve from 14.71325
 - 34s - loss: 15.5459 - val_loss: 15.5977
Epoch 258/8000

Epoch 00258: val_loss did not improve from 14.71325
 - 35s - loss: 15.0073 - val_loss: 15.2029
Epoch 259/8000

Epoch 00259: val_loss did not improve from 14.71325
 - 34s - loss: 15.0216 - val_loss: 15.7026
Epoch 260/8000

Epoch 00260: val_loss did not improve from 14.71325
 - 35s - loss: 15.0976 - val_loss: 14.8114
Epoch 261/8000

Epoch 00261: val_loss did not improve from 14.71325
 - 35s - loss: 14.9675 - val_loss: 15.5812
Epoch 262/8000

Epoch 00262: val_loss did not improve from 14.71325
 - 35s - loss: 14.7808 - val_loss: 15.6070
Epoch 263/8000

Epoch 00263: val_loss did not improve from 14.71325
 - 34s - loss: 15.6957 - val_loss: 15.5857
Epoch 264/8000

Epoch 00264: val_loss did not improve from 14.71325
 - 34s - loss: 15.3270 - val_loss: 15.4443
Epoch 265/8000

Epoch 00265: val_loss did not improve from 14.71325
 - 35s - loss: 15.0797 - val_loss: 15.8249
Epoch 266/8000

Epoch 00266: val_loss did not improve from 14.71325
 - 34s - loss: 15.5751 - val_loss: 15.2540
Epoch 267/8000

Epoch 00267: val_loss did not improve from 14.71325
 - 35s - loss: 15.1179 - val_loss: 15.1002
Epoch 268/8000

Epoch 00268: val_loss did not improve from 14.71325
 - 35s - loss: 15.1896 - val_loss: 15.9566
Epoch 269/8000

Epoch 00269: val_loss did not improve from 14.71325
 - 34s - loss: 15.2854 - val_loss: 15.7404
Epoch 270/8000

Epoch 00270: val_loss did not improve from 14.71325
 - 34s - loss: 15.2917 - val_loss: 15.6436
Epoch 271/8000

Epoch 00271: val_loss did not improve from 14.71325
 - 34s - loss: 15.0877 - val_loss: 15.8463
Epoch 272/8000

Epoch 00272: val_loss did not improve from 14.71325
 - 35s - loss: 15.4672 - val_loss: 15.9360
Epoch 273/8000

Epoch 00273: val_loss did not improve from 14.71325
 - 34s - loss: 15.2042 - val_loss: 15.9017
Epoch 274/8000

Epoch 00274: val_loss did not improve from 14.71325
 - 35s - loss: 15.2947 - val_loss: 15.5188
Epoch 275/8000

Epoch 00275: val_loss did not improve from 14.71325
 - 35s - loss: 15.1914 - val_loss: 15.9155
Epoch 276/8000

Epoch 00276: val_loss did not improve from 14.71325
 - 35s - loss: 15.2692 - val_loss: 15.4469
Epoch 277/8000

Epoch 00277: val_loss did not improve from 14.71325
 - 34s - loss: 15.1728 - val_loss: 15.6579
Epoch 278/8000

Epoch 00278: val_loss did not improve from 14.71325
 - 34s - loss: 15.3303 - val_loss: 16.4977
Epoch 279/8000

Epoch 00279: val_loss did not improve from 14.71325
 - 35s - loss: 15.5602 - val_loss: 17.2969
Epoch 280/8000

Epoch 00280: val_loss did not improve from 14.71325
 - 34s - loss: 15.3378 - val_loss: 15.2012
Epoch 281/8000

Epoch 00281: val_loss did not improve from 14.71325
 - 35s - loss: 15.2760 - val_loss: 16.1093
Epoch 282/8000

Epoch 00282: val_loss did not improve from 14.71325
 - 35s - loss: 15.3160 - val_loss: 16.1055
Epoch 283/8000

Epoch 00283: val_loss did not improve from 14.71325
 - 34s - loss: 15.3483 - val_loss: 15.4690
Epoch 284/8000

Epoch 00284: val_loss did not improve from 14.71325
 - 34s - loss: 14.9320 - val_loss: 15.7668
Epoch 285/8000

Epoch 00285: val_loss did not improve from 14.71325
 - 34s - loss: 14.9700 - val_loss: 14.7825
Epoch 286/8000

Epoch 00286: val_loss did not improve from 14.71325
 - 35s - loss: 15.1577 - val_loss: 15.0461
Epoch 287/8000

Epoch 00287: val_loss did not improve from 14.71325
 - 35s - loss: 14.9683 - val_loss: 15.0724
Epoch 288/8000

Epoch 00288: val_loss did not improve from 14.71325
 - 35s - loss: 15.0598 - val_loss: 15.1642
Epoch 289/8000

Epoch 00289: val_loss did not improve from 14.71325
 - 35s - loss: 15.4265 - val_loss: 15.5066
Epoch 290/8000

Epoch 00290: val_loss did not improve from 14.71325
 - 34s - loss: 15.2280 - val_loss: 15.9806
Epoch 291/8000

Epoch 00291: val_loss did not improve from 14.71325
 - 34s - loss: 15.3276 - val_loss: 15.1997
Epoch 292/8000

Epoch 00292: val_loss did not improve from 14.71325
 - 34s - loss: 15.3495 - val_loss: 14.8415
Epoch 293/8000

Epoch 00293: val_loss did not improve from 14.71325
 - 35s - loss: 15.1111 - val_loss: 15.8804
Epoch 294/8000

Epoch 00294: val_loss did not improve from 14.71325
 - 34s - loss: 15.1523 - val_loss: 15.3965
Epoch 295/8000

Epoch 00295: val_loss did not improve from 14.71325
 - 35s - loss: 14.9551 - val_loss: 15.4801
Epoch 296/8000

Epoch 00296: val_loss did not improve from 14.71325
 - 35s - loss: 15.5021 - val_loss: 15.5615
Epoch 297/8000

Epoch 00297: val_loss did not improve from 14.71325
 - 34s - loss: 15.2324 - val_loss: 16.0853
Epoch 298/8000

Epoch 00298: val_loss did not improve from 14.71325
 - 34s - loss: 15.6545 - val_loss: 16.3902
Epoch 299/8000

Epoch 00299: val_loss did not improve from 14.71325
 - 34s - loss: 15.3749 - val_loss: 15.7756
Epoch 300/8000

Epoch 00300: val_loss did not improve from 14.71325
 - 35s - loss: 15.2355 - val_loss: 15.6537
Epoch 301/8000

Epoch 00301: val_loss did not improve from 14.71325
 - 35s - loss: 15.0516 - val_loss: 15.5738
Epoch 302/8000

Epoch 00302: val_loss did not improve from 14.71325
 - 35s - loss: 15.2999 - val_loss: 15.2042
Epoch 303/8000

Epoch 00303: val_loss did not improve from 14.71325
 - 35s - loss: 15.1439 - val_loss: 15.6794
Epoch 304/8000

Epoch 00304: val_loss did not improve from 14.71325
 - 34s - loss: 15.7486 - val_loss: 16.5756
Epoch 305/8000

Epoch 00305: val_loss did not improve from 14.71325
 - 34s - loss: 15.4652 - val_loss: 15.0968
Epoch 306/8000

Epoch 00306: val_loss did not improve from 14.71325
 - 34s - loss: 15.1419 - val_loss: 16.0244
Epoch 307/8000

Epoch 00307: val_loss did not improve from 14.71325
 - 35s - loss: 15.2338 - val_loss: 15.5974
Epoch 308/8000

Epoch 00308: val_loss did not improve from 14.71325
 - 35s - loss: 15.4455 - val_loss: 16.3833
Epoch 309/8000

Epoch 00309: val_loss did not improve from 14.71325
 - 35s - loss: 15.2786 - val_loss: 16.1073
Epoch 310/8000

Epoch 00310: val_loss did not improve from 14.71325
 - 35s - loss: 15.1765 - val_loss: 15.3132
Epoch 311/8000

Epoch 00311: val_loss did not improve from 14.71325
 - 35s - loss: 15.5430 - val_loss: 17.0124
Epoch 312/8000

Epoch 00312: val_loss did not improve from 14.71325
 - 34s - loss: 15.4212 - val_loss: 15.2489
Epoch 313/8000

Epoch 00313: val_loss did not improve from 14.71325
 - 34s - loss: 15.7201 - val_loss: 15.5597
Epoch 314/8000

Epoch 00314: val_loss did not improve from 14.71325
 - 35s - loss: 15.3354 - val_loss: 15.3989
Epoch 315/8000

Epoch 00315: val_loss did not improve from 14.71325
 - 34s - loss: 15.4252 - val_loss: 15.6026
Epoch 316/8000

Epoch 00316: val_loss did not improve from 14.71325
 - 35s - loss: 15.6003 - val_loss: 15.9867
Epoch 317/8000

Epoch 00317: val_loss did not improve from 14.71325
 - 35s - loss: 15.2256 - val_loss: 15.5199
Epoch 318/8000

Epoch 00318: val_loss did not improve from 14.71325
 - 34s - loss: 15.3955 - val_loss: 15.3649
Epoch 319/8000

Epoch 00319: val_loss did not improve from 14.71325
 - 34s - loss: 15.3276 - val_loss: 15.7383
Epoch 320/8000

Epoch 00320: val_loss did not improve from 14.71325
 - 34s - loss: 15.3254 - val_loss: 15.4225
Epoch 321/8000

Epoch 00321: val_loss did not improve from 14.71325
 - 35s - loss: 15.1562 - val_loss: 16.0243
Epoch 322/8000

Epoch 00322: val_loss did not improve from 14.71325
 - 34s - loss: 15.6964 - val_loss: 15.7932
Epoch 323/8000

Epoch 00323: val_loss did not improve from 14.71325
 - 35s - loss: 15.3430 - val_loss: 15.2899
Epoch 324/8000

Epoch 00324: val_loss did not improve from 14.71325
 - 35s - loss: 15.4111 - val_loss: 16.3590
Epoch 325/8000

Epoch 00325: val_loss did not improve from 14.71325
 - 34s - loss: 15.4703 - val_loss: 15.3039
Epoch 326/8000

Epoch 00326: val_loss did not improve from 14.71325
 - 34s - loss: 15.1123 - val_loss: 15.6516
Epoch 327/8000

Epoch 00327: val_loss did not improve from 14.71325
 - 34s - loss: 15.4753 - val_loss: 15.7664
Epoch 328/8000

Epoch 00328: val_loss did not improve from 14.71325
 - 35s - loss: 15.4655 - val_loss: 16.1995
Epoch 329/8000

Epoch 00329: val_loss did not improve from 14.71325
 - 34s - loss: 15.6133 - val_loss: 16.9802
Epoch 330/8000

Epoch 00330: val_loss did not improve from 14.71325
 - 35s - loss: 15.3754 - val_loss: 15.2604
Epoch 331/8000

Epoch 00331: val_loss did not improve from 14.71325
 - 35s - loss: 15.9517 - val_loss: 16.1817
Epoch 332/8000

Epoch 00332: val_loss did not improve from 14.71325
 - 34s - loss: 15.3535 - val_loss: 15.8837
Epoch 333/8000

Epoch 00333: val_loss did not improve from 14.71325
 - 34s - loss: 15.1511 - val_loss: 15.9832
Epoch 334/8000

Epoch 00334: val_loss did not improve from 14.71325
 - 34s - loss: 15.3860 - val_loss: 14.8997
Epoch 335/8000

Epoch 00335: val_loss did not improve from 14.71325
 - 35s - loss: 15.0749 - val_loss: 15.9858
Epoch 336/8000

Epoch 00336: val_loss did not improve from 14.71325
 - 34s - loss: 15.0903 - val_loss: 15.3140
Epoch 00336: early stopping
