2020-02-09 20:54:05.671486: I tensorflow/core/platform/cpu_feature_guard.cc:141] Your CPU supports instructions that this TensorFlow binary was not compiled to use: SSE4.1 SSE4.2 AVX
2020-02-09 20:54:05.791717: I tensorflow/stream_executor/cuda/cuda_gpu_executor.cc:897] successful NUMA node read from SysFS had negative value (-1), but there must be at least one NUMA node, so returning NUMA node zero
2020-02-09 20:54:05.792299: I tensorflow/core/common_runtime/gpu/gpu_device.cc:1405] Found device 0 with properties: 
name: TITAN Xp major: 6 minor: 1 memoryClockRate(GHz): 1.582
pciBusID: 0000:01:00.0
totalMemory: 11.91GiB freeMemory: 11.73GiB
2020-02-09 20:54:05.792316: I tensorflow/core/common_runtime/gpu/gpu_device.cc:1484] Adding visible gpu devices: 0
2020-02-09 20:54:06.029039: I tensorflow/core/common_runtime/gpu/gpu_device.cc:965] Device interconnect StreamExecutor with strength 1 edge matrix:
2020-02-09 20:54:06.029084: I tensorflow/core/common_runtime/gpu/gpu_device.cc:971]      0 
2020-02-09 20:54:06.029092: I tensorflow/core/common_runtime/gpu/gpu_device.cc:984] 0:   N 
2020-02-09 20:54:06.029362: I tensorflow/core/common_runtime/gpu/gpu_device.cc:1097] Created TensorFlow device (/job:localhost/replica:0/task:0/device:GPU:0 with 11348 MB memory) -> physical GPU (device: 0, name: TITAN Xp, pci bus id: 0000:01:00.0, compute capability: 6.1)
2020-02-09 20:54:06.220496: I tensorflow/core/kernels/cuda_solvers.cc:159] Creating CudaSolver handles for stream 0x55c8982ad6d0
Epoch 1/8000

Epoch 00001: val_loss improved from inf to 5.02581, saving model to ../model_weights/model_2020-02-09_20-54-06.h5
 - 338s - loss: 4.6244 - val_loss: 5.0258
Epoch 2/8000

Epoch 00002: val_loss did not improve from 5.02581
 - 338s - loss: 4.4202 - val_loss: 5.1611
Epoch 3/8000

Epoch 00003: val_loss improved from 5.02581 to 4.97210, saving model to ../model_weights/model_2020-02-09_20-54-06.h5
 - 337s - loss: 4.4127 - val_loss: 4.9721
Epoch 4/8000

Epoch 00004: val_loss did not improve from 4.97210
 - 337s - loss: 4.4557 - val_loss: 5.2050
Epoch 5/8000

Epoch 00005: val_loss did not improve from 4.97210
 - 336s - loss: 4.5739 - val_loss: 5.1161
Epoch 6/8000

Epoch 00006: val_loss did not improve from 4.97210
 - 335s - loss: 4.5064 - val_loss: 5.0040
Epoch 7/8000

Epoch 00007: val_loss did not improve from 4.97210
 - 337s - loss: 4.4726 - val_loss: 5.2133
Epoch 8/8000

Epoch 00008: val_loss did not improve from 4.97210
 - 338s - loss: 4.4287 - val_loss: 5.1415
Epoch 9/8000

Epoch 00009: val_loss did not improve from 4.97210
 - 337s - loss: 4.6029 - val_loss: 5.3798
Epoch 10/8000

Epoch 00010: val_loss did not improve from 4.97210
 - 337s - loss: 5.0434 - val_loss: 6.0640
Epoch 11/8000

Epoch 00011: val_loss did not improve from 4.97210
 - 337s - loss: 5.0412 - val_loss: 6.2479
Epoch 12/8000

Epoch 00012: val_loss did not improve from 4.97210
 - 335s - loss: 5.5953 - val_loss: 5.6713
Epoch 13/8000

Epoch 00013: val_loss did not improve from 4.97210
 - 336s - loss: 5.7409 - val_loss: 6.3752
