2020-03-09 17:17:41.720639: I tensorflow/core/platform/cpu_feature_guard.cc:141] Your CPU supports instructions that this TensorFlow binary was not compiled to use: SSE4.1 SSE4.2 AVX
2020-03-09 17:17:41.849258: I tensorflow/stream_executor/cuda/cuda_gpu_executor.cc:897] successful NUMA node read from SysFS had negative value (-1), but there must be at least one NUMA node, so returning NUMA node zero
2020-03-09 17:17:41.849822: I tensorflow/core/common_runtime/gpu/gpu_device.cc:1405] Found device 0 with properties: 
name: TITAN Xp major: 6 minor: 1 memoryClockRate(GHz): 1.582
pciBusID: 0000:01:00.0
totalMemory: 11.91GiB freeMemory: 11.73GiB
2020-03-09 17:17:41.849840: I tensorflow/core/common_runtime/gpu/gpu_device.cc:1484] Adding visible gpu devices: 0
2020-03-09 17:17:42.085404: I tensorflow/core/common_runtime/gpu/gpu_device.cc:965] Device interconnect StreamExecutor with strength 1 edge matrix:
2020-03-09 17:17:42.085449: I tensorflow/core/common_runtime/gpu/gpu_device.cc:971]      0 
2020-03-09 17:17:42.085458: I tensorflow/core/common_runtime/gpu/gpu_device.cc:984] 0:   N 
2020-03-09 17:17:42.085730: I tensorflow/core/common_runtime/gpu/gpu_device.cc:1097] Created TensorFlow device (/job:localhost/replica:0/task:0/device:GPU:0 with 11348 MB memory) -> physical GPU (device: 0, name: TITAN Xp, pci bus id: 0000:01:00.0, compute capability: 6.1)
2020-03-09 17:17:42.786060: I tensorflow/core/kernels/cuda_solvers.cc:159] Creating CudaSolver handles for stream 0x5559c6403da0
Epoch 1/8000

Epoch 00001: val_loss improved from inf to 80.57146, saving model to ../../model_weights/model_2020-03-09_17-17-41.h5
 - 315s - loss: 83.0136 - val_loss: 80.5715
Epoch 2/8000

Epoch 00002: val_loss improved from 80.57146 to 79.91627, saving model to ../../model_weights/model_2020-03-09_17-17-41.h5
 - 311s - loss: 80.1578 - val_loss: 79.9163
Epoch 3/8000

Epoch 00003: val_loss improved from 79.91627 to 79.86294, saving model to ../../model_weights/model_2020-03-09_17-17-41.h5
 - 311s - loss: 80.1824 - val_loss: 79.8629
Epoch 4/8000

Epoch 00004: val_loss did not improve from 79.86294
 - 310s - loss: 80.1759 - val_loss: 80.5801
Epoch 5/8000

Epoch 00005: val_loss did not improve from 79.86294
 - 309s - loss: 80.1841 - val_loss: 80.5879
Epoch 6/8000

Epoch 00006: val_loss did not improve from 79.86294
 - 310s - loss: 80.1905 - val_loss: 80.1525
Epoch 7/8000

Epoch 00007: val_loss did not improve from 79.86294
 - 312s - loss: 80.1730 - val_loss: 80.5107
Epoch 8/8000

Epoch 00008: val_loss did not improve from 79.86294
 - 312s - loss: 80.1728 - val_loss: 80.5909
Epoch 9/8000

Epoch 00009: val_loss improved from 79.86294 to 79.85678, saving model to ../../model_weights/model_2020-03-09_17-17-41.h5
 - 312s - loss: 80.1732 - val_loss: 79.8568
Epoch 10/8000

Epoch 00010: val_loss did not improve from 79.85678
 - 311s - loss: 80.2109 - val_loss: 80.4222
Epoch 11/8000

Epoch 00011: val_loss did not improve from 79.85678
 - 309s - loss: 80.2068 - val_loss: 80.1509
Epoch 12/8000

Epoch 00012: val_loss did not improve from 79.85678
 - 309s - loss: 80.1921 - val_loss: 80.3339
Epoch 13/8000

Epoch 00013: val_loss did not improve from 79.85678
 - 311s - loss: 80.2020 - val_loss: 80.2315
Epoch 14/8000

Epoch 00014: val_loss did not improve from 79.85678
 - 311s - loss: 80.2214 - val_loss: 80.1919
Epoch 15/8000

Epoch 00015: val_loss did not improve from 79.85678
 - 312s - loss: 80.1853 - val_loss: 80.5787
Epoch 16/8000

Epoch 00016: val_loss did not improve from 79.85678
 - 311s - loss: 80.1864 - val_loss: 80.4763
Epoch 17/8000

Epoch 00017: val_loss did not improve from 79.85678
 - 311s - loss: 80.1655 - val_loss: 80.2732
Epoch 18/8000

Epoch 00018: val_loss did not improve from 79.85678
 - 312s - loss: 80.1852 - val_loss: 80.1871
Epoch 19/8000

Epoch 00019: val_loss did not improve from 79.85678
 - 308s - loss: 80.1586 - val_loss: 80.3109
Epoch 20/8000

Epoch 00020: val_loss did not improve from 79.85678
 - 309s - loss: 80.1860 - val_loss: 80.0012
Epoch 21/8000

Epoch 00021: val_loss did not improve from 79.85678
 - 313s - loss: 80.1997 - val_loss: 80.0793
Epoch 22/8000

Epoch 00022: val_loss did not improve from 79.85678
 - 312s - loss: 80.1852 - val_loss: 80.5645
Epoch 23/8000

Epoch 00023: val_loss did not improve from 79.85678
 - 311s - loss: 80.1570 - val_loss: 80.2946
Epoch 24/8000

Epoch 00024: val_loss did not improve from 79.85678
 - 311s - loss: 80.1435 - val_loss: 80.6636
Epoch 25/8000

Epoch 00025: val_loss improved from 79.85678 to 79.82216, saving model to ../../model_weights/model_2020-03-09_17-17-41.h5
 - 311s - loss: 80.1945 - val_loss: 79.8222
Epoch 26/8000

Epoch 00026: val_loss did not improve from 79.82216
 - 309s - loss: 80.1962 - val_loss: 80.4791
Epoch 27/8000

Epoch 00027: val_loss did not improve from 79.82216
 - 310s - loss: 80.1743 - val_loss: 79.9836
Epoch 28/8000

Epoch 00028: val_loss did not improve from 79.82216
 - 313s - loss: 80.1839 - val_loss: 80.6798
Epoch 29/8000

Epoch 00029: val_loss did not improve from 79.82216
 - 312s - loss: 80.1824 - val_loss: 80.3380
Epoch 30/8000

Epoch 00030: val_loss did not improve from 79.82216
 - 312s - loss: 80.1674 - val_loss: 80.3297
Epoch 31/8000

Epoch 00031: val_loss did not improve from 79.82216
 - 312s - loss: 80.1887 - val_loss: 80.3637
Epoch 32/8000

Epoch 00032: val_loss did not improve from 79.82216
 - 309s - loss: 80.1855 - val_loss: 80.0583
Epoch 33/8000

Epoch 00033: val_loss did not improve from 79.82216
 - 309s - loss: 80.1633 - val_loss: 80.8117
Epoch 34/8000

Epoch 00034: val_loss did not improve from 79.82216
 - 310s - loss: 80.2162 - val_loss: 80.4509
Epoch 35/8000

Epoch 00035: val_loss did not improve from 79.82216
 - 312s - loss: 80.1721 - val_loss: 80.1087
Epoch 36/8000

Epoch 00036: val_loss did not improve from 79.82216
 - 312s - loss: 80.2069 - val_loss: 80.7757
Epoch 37/8000

Epoch 00037: val_loss did not improve from 79.82216
 - 313s - loss: 80.1948 - val_loss: 80.2463
Epoch 38/8000

Epoch 00038: val_loss did not improve from 79.82216
 - 311s - loss: 80.1764 - val_loss: 79.9915
Epoch 39/8000

Epoch 00039: val_loss did not improve from 79.82216
 - 309s - loss: 80.1784 - val_loss: 80.4607
Epoch 40/8000

Epoch 00040: val_loss did not improve from 79.82216
 - 308s - loss: 80.1634 - val_loss: 80.1188
