2020-02-08 14:40:56.759095: I tensorflow/core/platform/cpu_feature_guard.cc:141] Your CPU supports instructions that this TensorFlow binary was not compiled to use: SSE4.1 SSE4.2 AVX
2020-02-08 14:40:56.875336: I tensorflow/stream_executor/cuda/cuda_gpu_executor.cc:897] successful NUMA node read from SysFS had negative value (-1), but there must be at least one NUMA node, so returning NUMA node zero
2020-02-08 14:40:56.875893: I tensorflow/core/common_runtime/gpu/gpu_device.cc:1405] Found device 0 with properties: 
name: TITAN Xp major: 6 minor: 1 memoryClockRate(GHz): 1.582
pciBusID: 0000:01:00.0
totalMemory: 11.91GiB freeMemory: 11.73GiB
2020-02-08 14:40:56.875910: I tensorflow/core/common_runtime/gpu/gpu_device.cc:1484] Adding visible gpu devices: 0
2020-02-08 14:40:57.110590: I tensorflow/core/common_runtime/gpu/gpu_device.cc:965] Device interconnect StreamExecutor with strength 1 edge matrix:
2020-02-08 14:40:57.110633: I tensorflow/core/common_runtime/gpu/gpu_device.cc:971]      0 
2020-02-08 14:40:57.110642: I tensorflow/core/common_runtime/gpu/gpu_device.cc:984] 0:   N 
2020-02-08 14:40:57.110910: I tensorflow/core/common_runtime/gpu/gpu_device.cc:1097] Created TensorFlow device (/job:localhost/replica:0/task:0/device:GPU:0 with 11348 MB memory) -> physical GPU (device: 0, name: TITAN Xp, pci bus id: 0000:01:00.0, compute capability: 6.1)
2020-02-08 14:40:57.298925: I tensorflow/core/kernels/cuda_solvers.cc:159] Creating CudaSolver handles for stream 0x55da51af7860
Epoch 1/8000

Epoch 00001: val_loss improved from inf to 5.04880, saving model to ../model_weights/model_2020-02-08_14-40-57.h5
 - 334s - loss: 4.5072 - val_loss: 5.0488
Epoch 2/8000

Epoch 00002: val_loss did not improve from 5.04880
 - 336s - loss: 4.4789 - val_loss: 5.0501
Epoch 3/8000

Epoch 00003: val_loss improved from 5.04880 to 5.02475, saving model to ../model_weights/model_2020-02-08_14-40-57.h5
 - 336s - loss: 4.4627 - val_loss: 5.0247
Epoch 4/8000

Epoch 00004: val_loss improved from 5.02475 to 4.99944, saving model to ../model_weights/model_2020-02-08_14-40-57.h5
 - 335s - loss: 4.4495 - val_loss: 4.9994
Epoch 5/8000

Epoch 00005: val_loss did not improve from 4.99944
 - 335s - loss: 4.4448 - val_loss: 5.0618
Epoch 6/8000

Epoch 00006: val_loss improved from 4.99944 to 4.95802, saving model to ../model_weights/model_2020-02-08_14-40-57.h5
 - 335s - loss: 4.4404 - val_loss: 4.9580
Epoch 7/8000

Epoch 00007: val_loss did not improve from 4.95802
 - 336s - loss: 4.4338 - val_loss: 5.0618
Epoch 8/8000

Epoch 00008: val_loss did not improve from 4.95802
 - 337s - loss: 4.4285 - val_loss: 5.0211
Epoch 9/8000

Epoch 00009: val_loss did not improve from 4.95802
 - 336s - loss: 4.4221 - val_loss: 5.0158
Epoch 10/8000

Epoch 00010: val_loss did not improve from 4.95802
 - 336s - loss: 4.4210 - val_loss: 4.9823
Epoch 11/8000

Epoch 00011: val_loss did not improve from 4.95802
 - 336s - loss: 4.4181 - val_loss: 5.0278
Epoch 12/8000

Epoch 00012: val_loss did not improve from 4.95802
 - 335s - loss: 4.4105 - val_loss: 5.0448
Epoch 13/8000

Epoch 00013: val_loss did not improve from 4.95802
 - 335s - loss: 4.4107 - val_loss: 5.0433
Epoch 14/8000

Epoch 00014: val_loss did not improve from 4.95802
 - 337s - loss: 4.4084 - val_loss: 5.0078
Epoch 15/8000

Epoch 00015: val_loss did not improve from 4.95802
 - 336s - loss: 4.4091 - val_loss: 4.9945
Epoch 16/8000

Epoch 00016: val_loss did not improve from 4.95802
 - 336s - loss: 4.4115 - val_loss: 5.0729
Epoch 17/8000

Epoch 00017: val_loss did not improve from 4.95802
 - 337s - loss: 4.4017 - val_loss: 5.0213
Epoch 18/8000

Epoch 00018: val_loss did not improve from 4.95802
 - 336s - loss: 4.3966 - val_loss: 4.9859
Epoch 19/8000

Epoch 00019: val_loss did not improve from 4.95802
 - 334s - loss: 4.3952 - val_loss: 4.9827
Epoch 20/8000

Epoch 00020: val_loss did not improve from 4.95802
 - 336s - loss: 4.3942 - val_loss: 4.9750
Epoch 21/8000

Epoch 00021: val_loss did not improve from 4.95802
 - 337s - loss: 4.3906 - val_loss: 4.9815
Epoch 22/8000

Epoch 00022: val_loss did not improve from 4.95802
 - 336s - loss: 4.3926 - val_loss: 5.0168
Epoch 23/8000

Epoch 00023: val_loss improved from 4.95802 to 4.93971, saving model to ../model_weights/model_2020-02-08_14-40-57.h5
 - 336s - loss: 4.3967 - val_loss: 4.9397
Epoch 24/8000

Epoch 00024: val_loss did not improve from 4.93971
 - 337s - loss: 4.3838 - val_loss: 5.0092
Epoch 25/8000

Epoch 00025: val_loss improved from 4.93971 to 4.90423, saving model to ../model_weights/model_2020-02-08_14-40-57.h5
 - 336s - loss: 4.3888 - val_loss: 4.9042
Epoch 26/8000

Epoch 00026: val_loss did not improve from 4.90423
 - 334s - loss: 4.3842 - val_loss: 4.9752
Epoch 27/8000

Epoch 00027: val_loss did not improve from 4.90423
 - 336s - loss: 4.3807 - val_loss: 4.9703
Epoch 28/8000

Epoch 00028: val_loss did not improve from 4.90423
 - 337s - loss: 4.3771 - val_loss: 5.0162
Epoch 29/8000

Epoch 00029: val_loss did not improve from 4.90423
 - 336s - loss: 4.3809 - val_loss: 4.9646
Epoch 30/8000

Epoch 00030: val_loss did not improve from 4.90423
 - 336s - loss: 4.3803 - val_loss: 4.9476
Epoch 31/8000

Epoch 00031: val_loss did not improve from 4.90423
 - 337s - loss: 4.3767 - val_loss: 5.0115
Epoch 32/8000

Epoch 00032: val_loss did not improve from 4.90423
 - 335s - loss: 4.3734 - val_loss: 5.0091
Epoch 33/8000

Epoch 00033: val_loss did not improve from 4.90423
 - 335s - loss: 4.3692 - val_loss: 4.9688
Epoch 34/8000

Epoch 00034: val_loss did not improve from 4.90423
 - 336s - loss: 4.3703 - val_loss: 4.9719
Epoch 35/8000

Epoch 00035: val_loss did not improve from 4.90423
 - 336s - loss: 4.3750 - val_loss: 4.9781
Epoch 36/8000

Epoch 00036: val_loss did not improve from 4.90423
 - 337s - loss: 4.3748 - val_loss: 4.9957
Epoch 37/8000

Epoch 00037: val_loss did not improve from 4.90423
 - 336s - loss: 4.3657 - val_loss: 4.9687
Epoch 38/8000

Epoch 00038: val_loss did not improve from 4.90423
 - 336s - loss: 4.3659 - val_loss: 4.9502
Epoch 39/8000

Epoch 00039: val_loss did not improve from 4.90423
 - 336s - loss: 4.3699 - val_loss: 4.9619
Epoch 40/8000

Epoch 00040: val_loss did not improve from 4.90423
 - 335s - loss: 4.3646 - val_loss: 4.9454
Epoch 41/8000

Epoch 00041: val_loss did not improve from 4.90423
 - 335s - loss: 4.3619 - val_loss: 4.9885
Epoch 42/8000

Epoch 00042: val_loss did not improve from 4.90423
 - 337s - loss: 4.3619 - val_loss: 4.9611
Epoch 43/8000

Epoch 00043: val_loss did not improve from 4.90423
 - 336s - loss: 4.3637 - val_loss: 4.9674
Epoch 44/8000

Epoch 00044: val_loss did not improve from 4.90423
 - 335s - loss: 4.3619 - val_loss: 5.0303
Epoch 45/8000

Epoch 00045: val_loss did not improve from 4.90423
 - 336s - loss: 4.3608 - val_loss: 5.0144
Epoch 46/8000

Epoch 00046: val_loss did not improve from 4.90423
 - 336s - loss: 4.3556 - val_loss: 4.9771
Epoch 47/8000

Epoch 00047: val_loss did not improve from 4.90423
 - 335s - loss: 4.3635 - val_loss: 5.0153
Epoch 48/8000

Epoch 00048: val_loss did not improve from 4.90423
 - 334s - loss: 4.3631 - val_loss: 4.9835
Epoch 49/8000

Epoch 00049: val_loss did not improve from 4.90423
 - 337s - loss: 4.3669 - val_loss: 4.9519
Epoch 50/8000

Epoch 00050: val_loss did not improve from 4.90423
 - 337s - loss: 4.3565 - val_loss: 4.9957
Epoch 51/8000

Epoch 00051: val_loss did not improve from 4.90423
 - 335s - loss: 4.3638 - val_loss: 4.9719
Epoch 52/8000

Epoch 00052: val_loss did not improve from 4.90423
 - 337s - loss: 4.3646 - val_loss: 5.0068
Epoch 53/8000

Epoch 00053: val_loss did not improve from 4.90423
 - 336s - loss: 4.3732 - val_loss: 5.0003
Epoch 54/8000

Epoch 00054: val_loss did not improve from 4.90423
 - 334s - loss: 4.3619 - val_loss: 4.9707
Epoch 55/8000

Epoch 00055: val_loss did not improve from 4.90423
 - 336s - loss: 4.3684 - val_loss: 5.0153
Epoch 56/8000

Epoch 00056: val_loss did not improve from 4.90423
 - 337s - loss: 4.3656 - val_loss: 4.9727
Epoch 57/8000

Epoch 00057: val_loss did not improve from 4.90423
 - 336s - loss: 4.3665 - val_loss: 4.9975
Epoch 58/8000

Epoch 00058: val_loss did not improve from 4.90423
 - 336s - loss: 4.3598 - val_loss: 4.9952
Epoch 59/8000

Epoch 00059: val_loss did not improve from 4.90423
 - 336s - loss: 4.3523 - val_loss: 4.9250
Epoch 60/8000

Epoch 00060: val_loss did not improve from 4.90423
 - 335s - loss: 4.3499 - val_loss: 4.9726
Epoch 61/8000

Epoch 00061: val_loss did not improve from 4.90423
 - 335s - loss: 4.3444 - val_loss: 4.9538
Epoch 62/8000

Epoch 00062: val_loss did not improve from 4.90423
 - 336s - loss: 4.3437 - val_loss: 5.0109
Epoch 63/8000

Epoch 00063: val_loss did not improve from 4.90423
 - 336s - loss: 4.3445 - val_loss: 4.9866
Epoch 64/8000

Epoch 00064: val_loss did not improve from 4.90423
 - 337s - loss: 4.3529 - val_loss: 4.9696
Epoch 65/8000

Epoch 00065: val_loss did not improve from 4.90423
 - 337s - loss: 4.3500 - val_loss: 4.9746
Epoch 66/8000

Epoch 00066: val_loss did not improve from 4.90423
 - 335s - loss: 4.3520 - val_loss: 4.9944
Epoch 67/8000

Epoch 00067: val_loss did not improve from 4.90423
 - 335s - loss: 4.3515 - val_loss: 5.0364
Epoch 68/8000

Epoch 00068: val_loss did not improve from 4.90423
 - 335s - loss: 4.3465 - val_loss: 4.9836
Epoch 69/8000

Epoch 00069: val_loss did not improve from 4.90423
 - 336s - loss: 4.3449 - val_loss: 4.9882
Epoch 70/8000

Epoch 00070: val_loss did not improve from 4.90423
 - 336s - loss: 4.3403 - val_loss: 4.9827
Epoch 71/8000

Epoch 00071: val_loss did not improve from 4.90423
 - 337s - loss: 4.3419 - val_loss: 4.9370
Epoch 72/8000

Epoch 00072: val_loss did not improve from 4.90423
 - 337s - loss: 4.3412 - val_loss: 4.9597
Epoch 73/8000

Epoch 00073: val_loss did not improve from 4.90423
 - 335s - loss: 4.3381 - val_loss: 4.9765
Epoch 74/8000

Epoch 00074: val_loss did not improve from 4.90423
 - 336s - loss: 4.3361 - val_loss: 4.9755
Epoch 75/8000

Epoch 00075: val_loss did not improve from 4.90423
 - 335s - loss: 4.3355 - val_loss: 4.9394
Epoch 76/8000

Epoch 00076: val_loss did not improve from 4.90423
 - 335s - loss: 4.3334 - val_loss: 4.9419
Epoch 77/8000

Epoch 00077: val_loss did not improve from 4.90423
 - 337s - loss: 4.3349 - val_loss: 4.9284
Epoch 78/8000

Epoch 00078: val_loss did not improve from 4.90423
 - 337s - loss: 4.3344 - val_loss: 4.9740
Epoch 79/8000

Epoch 00079: val_loss did not improve from 4.90423
 - 335s - loss: 4.3397 - val_loss: 4.9586
Epoch 80/8000

Epoch 00080: val_loss did not improve from 4.90423
 - 336s - loss: 4.3414 - val_loss: 4.9215
Epoch 81/8000

Epoch 00081: val_loss did not improve from 4.90423
 - 337s - loss: 4.3374 - val_loss: 4.9568
Epoch 82/8000

Epoch 00082: val_loss did not improve from 4.90423
 - 334s - loss: 4.3372 - val_loss: 4.9643
Epoch 83/8000

Epoch 00083: val_loss did not improve from 4.90423
 - 335s - loss: 4.3468 - val_loss: 5.0130
Epoch 84/8000

Epoch 00084: val_loss did not improve from 4.90423
 - 337s - loss: 4.3435 - val_loss: 4.9554
Epoch 85/8000

Epoch 00085: val_loss did not improve from 4.90423
 - 336s - loss: 4.3441 - val_loss: 5.0036
Epoch 86/8000

Epoch 00086: val_loss did not improve from 4.90423
 - 336s - loss: 4.3475 - val_loss: 4.9956
