2020-02-05 20:15:09.673892: I tensorflow/core/platform/cpu_feature_guard.cc:141] Your CPU supports instructions that this TensorFlow binary was not compiled to use: SSE4.1 SSE4.2 AVX
2020-02-05 20:15:09.787819: I tensorflow/stream_executor/cuda/cuda_gpu_executor.cc:897] successful NUMA node read from SysFS had negative value (-1), but there must be at least one NUMA node, so returning NUMA node zero
2020-02-05 20:15:09.788388: I tensorflow/core/common_runtime/gpu/gpu_device.cc:1405] Found device 0 with properties: 
name: TITAN Xp major: 6 minor: 1 memoryClockRate(GHz): 1.582
pciBusID: 0000:01:00.0
totalMemory: 11.91GiB freeMemory: 11.73GiB
2020-02-05 20:15:09.788406: I tensorflow/core/common_runtime/gpu/gpu_device.cc:1484] Adding visible gpu devices: 0
2020-02-05 20:15:10.025236: I tensorflow/core/common_runtime/gpu/gpu_device.cc:965] Device interconnect StreamExecutor with strength 1 edge matrix:
2020-02-05 20:15:10.025281: I tensorflow/core/common_runtime/gpu/gpu_device.cc:971]      0 
2020-02-05 20:15:10.025290: I tensorflow/core/common_runtime/gpu/gpu_device.cc:984] 0:   N 
2020-02-05 20:15:10.025555: I tensorflow/core/common_runtime/gpu/gpu_device.cc:1097] Created TensorFlow device (/job:localhost/replica:0/task:0/device:GPU:0 with 11348 MB memory) -> physical GPU (device: 0, name: TITAN Xp, pci bus id: 0000:01:00.0, compute capability: 6.1)
2020-02-05 20:15:10.699782: I tensorflow/core/kernels/cuda_solvers.cc:159] Creating CudaSolver handles for stream 0x55d36b9b3910
Epoch 1/8000

Epoch 00001: val_loss improved from inf to 34.93079, saving model to ../model_weights/model_2020-02-05_20-15-09.h5
 - 338s - loss: 36.5881 - val_loss: 34.9308
Epoch 2/8000

Epoch 00002: val_loss did not improve from 34.93079
 - 337s - loss: 65.0412 - val_loss: 37.1314
Epoch 3/8000

Epoch 00003: val_loss improved from 34.93079 to 24.01364, saving model to ../model_weights/model_2020-02-05_20-15-09.h5
 - 337s - loss: 31.9258 - val_loss: 24.0136
Epoch 4/8000

Epoch 00004: val_loss improved from 24.01364 to 21.06849, saving model to ../model_weights/model_2020-02-05_20-15-09.h5
 - 336s - loss: 22.6906 - val_loss: 21.0685
Epoch 5/8000

Epoch 00005: val_loss improved from 21.06849 to 20.25317, saving model to ../model_weights/model_2020-02-05_20-15-09.h5
 - 335s - loss: 20.9332 - val_loss: 20.2532
Epoch 6/8000

Epoch 00006: val_loss did not improve from 20.25317
 - 336s - loss: 19.9402 - val_loss: 20.2621
Epoch 7/8000

Epoch 00007: val_loss improved from 20.25317 to 20.12336, saving model to ../model_weights/model_2020-02-05_20-15-09.h5
 - 338s - loss: 19.8552 - val_loss: 20.1234
Epoch 8/8000

Epoch 00008: val_loss improved from 20.12336 to 20.04874, saving model to ../model_weights/model_2020-02-05_20-15-09.h5
 - 337s - loss: 19.8143 - val_loss: 20.0487
Epoch 9/8000

Epoch 00009: val_loss improved from 20.04874 to 19.85504, saving model to ../model_weights/model_2020-02-05_20-15-09.h5
 - 338s - loss: 19.7810 - val_loss: 19.8550
Epoch 10/8000

Epoch 00010: val_loss improved from 19.85504 to 19.49705, saving model to ../model_weights/model_2020-02-05_20-15-09.h5
 - 337s - loss: 19.7834 - val_loss: 19.4971
Epoch 11/8000

Epoch 00011: val_loss improved from 19.49705 to 17.35750, saving model to ../model_weights/model_2020-02-05_20-15-09.h5
 - 336s - loss: 18.6283 - val_loss: 17.3575
Epoch 12/8000

Epoch 00012: val_loss improved from 17.35750 to 16.74000, saving model to ../model_weights/model_2020-02-05_20-15-09.h5
 - 336s - loss: 17.2618 - val_loss: 16.7400
Epoch 13/8000

Epoch 00013: val_loss improved from 16.74000 to 16.21972, saving model to ../model_weights/model_2020-02-05_20-15-09.h5
 - 337s - loss: 16.4621 - val_loss: 16.2197
Epoch 14/8000

Epoch 00014: val_loss improved from 16.21972 to 15.11945, saving model to ../model_weights/model_2020-02-05_20-15-09.h5
 - 337s - loss: 16.0001 - val_loss: 15.1194
Epoch 15/8000

Epoch 00015: val_loss improved from 15.11945 to 14.92718, saving model to ../model_weights/model_2020-02-05_20-15-09.h5
 - 338s - loss: 15.1376 - val_loss: 14.9272
Epoch 16/8000

Epoch 00016: val_loss improved from 14.92718 to 14.37677, saving model to ../model_weights/model_2020-02-05_20-15-09.h5
 - 338s - loss: 14.6923 - val_loss: 14.3768
Epoch 17/8000

Epoch 00017: val_loss improved from 14.37677 to 13.97801, saving model to ../model_weights/model_2020-02-05_20-15-09.h5
 - 336s - loss: 14.2715 - val_loss: 13.9780
Epoch 18/8000

Epoch 00018: val_loss improved from 13.97801 to 13.59687, saving model to ../model_weights/model_2020-02-05_20-15-09.h5
 - 336s - loss: 13.9262 - val_loss: 13.5969
Epoch 19/8000

Epoch 00019: val_loss did not improve from 13.59687
 - 336s - loss: 13.7990 - val_loss: 14.9360
Epoch 20/8000

Epoch 00020: val_loss did not improve from 13.59687
 - 336s - loss: 13.5095 - val_loss: 14.2065
Epoch 21/8000

Epoch 00021: val_loss improved from 13.59687 to 12.87320, saving model to ../model_weights/model_2020-02-05_20-15-09.h5
 - 337s - loss: 13.2852 - val_loss: 12.8732
Epoch 22/8000

Epoch 00022: val_loss improved from 12.87320 to 12.40946, saving model to ../model_weights/model_2020-02-05_20-15-09.h5
 - 338s - loss: 12.8988 - val_loss: 12.4095
Epoch 23/8000

Epoch 00023: val_loss improved from 12.40946 to 11.91231, saving model to ../model_weights/model_2020-02-05_20-15-09.h5
 - 338s - loss: 12.6896 - val_loss: 11.9123
Epoch 24/8000

Epoch 00024: val_loss improved from 11.91231 to 11.88078, saving model to ../model_weights/model_2020-02-05_20-15-09.h5
 - 337s - loss: 12.2382 - val_loss: 11.8808
Epoch 25/8000

Epoch 00025: val_loss improved from 11.88078 to 11.49640, saving model to ../model_weights/model_2020-02-05_20-15-09.h5
 - 338s - loss: 11.9933 - val_loss: 11.4964
Epoch 26/8000

Epoch 00026: val_loss did not improve from 11.49640
 - 336s - loss: 11.8989 - val_loss: 11.8083
Epoch 27/8000

Epoch 00027: val_loss improved from 11.49640 to 11.42665, saving model to ../model_weights/model_2020-02-05_20-15-09.h5
 - 336s - loss: 11.6725 - val_loss: 11.4266
Epoch 28/8000

Epoch 00028: val_loss did not improve from 11.42665
 - 337s - loss: 11.5964 - val_loss: 11.7001
Epoch 29/8000

Epoch 00029: val_loss improved from 11.42665 to 11.06717, saving model to ../model_weights/model_2020-02-05_20-15-09.h5
 - 338s - loss: 11.5906 - val_loss: 11.0672
Epoch 30/8000

Epoch 00030: val_loss did not improve from 11.06717
 - 337s - loss: 11.1764 - val_loss: 11.1416
Epoch 31/8000

Epoch 00031: val_loss did not improve from 11.06717
 - 337s - loss: 11.1786 - val_loss: 11.1507
Epoch 32/8000

Epoch 00032: val_loss did not improve from 11.06717
 - 337s - loss: 11.3913 - val_loss: 12.2805
Epoch 33/8000

Epoch 00033: val_loss improved from 11.06717 to 11.02314, saving model to ../model_weights/model_2020-02-05_20-15-09.h5
 - 335s - loss: 11.0164 - val_loss: 11.0231
Epoch 34/8000

Epoch 00034: val_loss did not improve from 11.02314
 - 336s - loss: 10.9450 - val_loss: 11.3492
Epoch 35/8000

Epoch 00035: val_loss improved from 11.02314 to 10.81172, saving model to ../model_weights/model_2020-02-05_20-15-09.h5
 - 338s - loss: 12.0855 - val_loss: 10.8117
Epoch 36/8000

Epoch 00036: val_loss improved from 10.81172 to 10.40109, saving model to ../model_weights/model_2020-02-05_20-15-09.h5
 - 337s - loss: 10.7728 - val_loss: 10.4011
Epoch 37/8000

Epoch 00037: val_loss did not improve from 10.40109
 - 338s - loss: 11.0741 - val_loss: 11.5091
Epoch 38/8000

Epoch 00038: val_loss did not improve from 10.40109
 - 337s - loss: 11.2755 - val_loss: 10.8398
Epoch 39/8000

Epoch 00039: val_loss improved from 10.40109 to 9.98880, saving model to ../model_weights/model_2020-02-05_20-15-09.h5
 - 336s - loss: 10.4703 - val_loss: 9.9888
Epoch 40/8000

Epoch 00040: val_loss did not improve from 9.98880
 - 335s - loss: 10.5221 - val_loss: 10.5045
Epoch 41/8000

Epoch 00041: val_loss did not improve from 9.98880
 - 336s - loss: 10.6297 - val_loss: 11.9961
Epoch 42/8000

Epoch 00042: val_loss did not improve from 9.98880
 - 337s - loss: 10.4462 - val_loss: 10.4044
Epoch 43/8000

Epoch 00043: val_loss did not improve from 9.98880
 - 337s - loss: 10.3575 - val_loss: 10.2953
Epoch 44/8000

Epoch 00044: val_loss did not improve from 9.98880
 - 337s - loss: 10.5083 - val_loss: 10.2550
Epoch 45/8000

Epoch 00045: val_loss did not improve from 9.98880
 - 337s - loss: 10.2212 - val_loss: 11.0039
Epoch 46/8000

Epoch 00046: val_loss improved from 9.98880 to 9.92137, saving model to ../model_weights/model_2020-02-05_20-15-09.h5
 - 336s - loss: 10.2900 - val_loss: 9.9214
Epoch 47/8000

Epoch 00047: val_loss improved from 9.92137 to 9.68157, saving model to ../model_weights/model_2020-02-05_20-15-09.h5
 - 335s - loss: 10.1085 - val_loss: 9.6816
Epoch 48/8000

Epoch 00048: val_loss did not improve from 9.68157
 - 336s - loss: 10.4810 - val_loss: 12.2812
Epoch 49/8000

Epoch 00049: val_loss improved from 9.68157 to 9.12689, saving model to ../model_weights/model_2020-02-05_20-15-09.h5
 - 337s - loss: 9.8503 - val_loss: 9.1269
Epoch 50/8000

Epoch 00050: val_loss did not improve from 9.12689
 - 338s - loss: 10.1500 - val_loss: 14.2402
Epoch 51/8000

Epoch 00051: val_loss did not improve from 9.12689
 - 338s - loss: 10.9061 - val_loss: 12.4609
Epoch 52/8000

Epoch 00052: val_loss did not improve from 9.12689
 - 336s - loss: 10.1906 - val_loss: 10.0833
Epoch 53/8000

Epoch 00053: val_loss improved from 9.12689 to 8.99179, saving model to ../model_weights/model_2020-02-05_20-15-09.h5
 - 336s - loss: 9.8087 - val_loss: 8.9918
Epoch 54/8000

Epoch 00054: val_loss did not improve from 8.99179
 - 335s - loss: 10.1116 - val_loss: 9.4466
Epoch 55/8000

Epoch 00055: val_loss did not improve from 8.99179
 - 335s - loss: 9.8500 - val_loss: 9.6514
Epoch 56/8000

Epoch 00056: val_loss did not improve from 8.99179
 - 337s - loss: 9.6366 - val_loss: 10.2914
Epoch 57/8000

Epoch 00057: val_loss did not improve from 8.99179
 - 338s - loss: 9.5312 - val_loss: 9.4555
Epoch 58/8000

Epoch 00058: val_loss improved from 8.99179 to 8.87219, saving model to ../model_weights/model_2020-02-05_20-15-09.h5
 - 337s - loss: 9.3527 - val_loss: 8.8722
Epoch 59/8000

Epoch 00059: val_loss did not improve from 8.87219
 - 337s - loss: 9.4491 - val_loss: 9.3951
Epoch 60/8000

Epoch 00060: val_loss did not improve from 8.87219
 - 337s - loss: 9.6635 - val_loss: 9.4573
Epoch 61/8000

Epoch 00061: val_loss did not improve from 8.87219
 - 334s - loss: 9.4977 - val_loss: 9.4810
Epoch 62/8000

Epoch 00062: val_loss did not improve from 8.87219
 - 335s - loss: 9.4360 - val_loss: 9.3107
Epoch 63/8000

Epoch 00063: val_loss did not improve from 8.87219
 - 337s - loss: 9.0320 - val_loss: 9.3053
Epoch 64/8000

Epoch 00064: val_loss did not improve from 8.87219
 - 338s - loss: 9.8536 - val_loss: 9.0070
Epoch 65/8000

Epoch 00065: val_loss improved from 8.87219 to 8.16021, saving model to ../model_weights/model_2020-02-05_20-15-09.h5
 - 337s - loss: 8.8596 - val_loss: 8.1602
Epoch 66/8000

Epoch 00066: val_loss did not improve from 8.16021
 - 337s - loss: 8.7302 - val_loss: 9.1906
Epoch 67/8000

Epoch 00067: val_loss did not improve from 8.16021
 - 337s - loss: 9.2453 - val_loss: 9.1327
Epoch 68/8000

Epoch 00068: val_loss did not improve from 8.16021
 - 335s - loss: 9.2026 - val_loss: 11.2844
Epoch 69/8000

Epoch 00069: val_loss did not improve from 8.16021
 - 336s - loss: 8.9791 - val_loss: 8.5580
Epoch 70/8000

Epoch 00070: val_loss did not improve from 8.16021
 - 338s - loss: 8.5518 - val_loss: 10.6226
Epoch 71/8000

Epoch 00071: val_loss did not improve from 8.16021
 - 337s - loss: 8.5232 - val_loss: 10.2435
Epoch 72/8000

Epoch 00072: val_loss did not improve from 8.16021
 - 337s - loss: 8.6974 - val_loss: 9.2619
Epoch 73/8000

Epoch 00073: val_loss improved from 8.16021 to 7.69803, saving model to ../model_weights/model_2020-02-05_20-15-09.h5
 - 338s - loss: 8.1260 - val_loss: 7.6980
Epoch 74/8000

Epoch 00074: val_loss did not improve from 7.69803
 - 336s - loss: 8.6269 - val_loss: 7.8362
Epoch 75/8000

Epoch 00075: val_loss improved from 7.69803 to 7.58867, saving model to ../model_weights/model_2020-02-05_20-15-09.h5
 - 335s - loss: 8.3533 - val_loss: 7.5887
Epoch 76/8000

Epoch 00076: val_loss did not improve from 7.58867
 - 337s - loss: 8.2592 - val_loss: 8.1667
Epoch 77/8000

Epoch 00077: val_loss did not improve from 7.58867
 - 337s - loss: 7.8875 - val_loss: 8.4882
Epoch 78/8000

Epoch 00078: val_loss improved from 7.58867 to 7.54420, saving model to ../model_weights/model_2020-02-05_20-15-09.h5
 - 338s - loss: 8.0961 - val_loss: 7.5442
Epoch 79/8000

Epoch 00079: val_loss did not improve from 7.54420
 - 338s - loss: 8.2240 - val_loss: 8.0753
Epoch 80/8000

Epoch 00080: val_loss did not improve from 7.54420
 - 337s - loss: 7.9001 - val_loss: 8.3063
Epoch 81/8000

Epoch 00081: val_loss improved from 7.54420 to 7.21954, saving model to ../model_weights/model_2020-02-05_20-15-09.h5
 - 337s - loss: 8.3331 - val_loss: 7.2195
Epoch 82/8000

Epoch 00082: val_loss did not improve from 7.21954
 - 335s - loss: 8.0170 - val_loss: 7.6424
Epoch 83/8000

Epoch 00083: val_loss did not improve from 7.21954
 - 336s - loss: 8.0252 - val_loss: 7.3014
Epoch 84/8000

Epoch 00084: val_loss did not improve from 7.21954
 - 337s - loss: 8.1415 - val_loss: 7.3236
Epoch 85/8000

Epoch 00085: val_loss did not improve from 7.21954
 - 338s - loss: 7.7536 - val_loss: 7.8418
Epoch 86/8000

Epoch 00086: val_loss did not improve from 7.21954
 - 338s - loss: 8.1116 - val_loss: 7.7462
Epoch 87/8000

Epoch 00087: val_loss did not improve from 7.21954
 - 337s - loss: 7.7072 - val_loss: 7.9075
Epoch 88/8000

Epoch 00088: val_loss did not improve from 7.21954
 - 336s - loss: 8.1086 - val_loss: 8.0985
Epoch 89/8000

Epoch 00089: val_loss did not improve from 7.21954
 - 336s - loss: 9.7046 - val_loss: 8.7969
Epoch 90/8000

Epoch 00090: val_loss did not improve from 7.21954
 - 337s - loss: 9.5022 - val_loss: 13.8567
Epoch 91/8000

Epoch 00091: val_loss did not improve from 7.21954
 - 337s - loss: 9.3808 - val_loss: 7.8104
Epoch 92/8000

Epoch 00092: val_loss did not improve from 7.21954
 - 337s - loss: 7.7759 - val_loss: 7.3459
Epoch 93/8000

Epoch 00093: val_loss did not improve from 7.21954
 - 338s - loss: 8.6257 - val_loss: 8.7268
Epoch 94/8000

Epoch 00094: val_loss did not improve from 7.21954
 - 337s - loss: 7.6564 - val_loss: 9.6664
Epoch 95/8000

Epoch 00095: val_loss did not improve from 7.21954
 - 337s - loss: 11.8792 - val_loss: 10.8787
Epoch 96/8000

Epoch 00096: val_loss did not improve from 7.21954
 - 336s - loss: 9.4732 - val_loss: 8.5769
Epoch 97/8000

Epoch 00097: val_loss did not improve from 7.21954
 - 336s - loss: 8.9985 - val_loss: 7.7134
Epoch 98/8000

Epoch 00098: val_loss did not improve from 7.21954
 - 337s - loss: 8.3365 - val_loss: 7.8784
Epoch 99/8000

Epoch 00099: val_loss did not improve from 7.21954
 - 338s - loss: 8.2344 - val_loss: 9.0057
Epoch 100/8000

Epoch 00100: val_loss did not improve from 7.21954
 - 337s - loss: 8.4261 - val_loss: 9.0869
Epoch 101/8000

Epoch 00101: val_loss did not improve from 7.21954
 - 337s - loss: 8.1746 - val_loss: 8.1824
Epoch 102/8000

Epoch 00102: val_loss did not improve from 7.21954
 - 337s - loss: 8.5755 - val_loss: 7.9264
Epoch 103/8000

Epoch 00103: val_loss did not improve from 7.21954
 - 335s - loss: 8.0877 - val_loss: 8.1749
Epoch 104/8000

Epoch 00104: val_loss did not improve from 7.21954
 - 336s - loss: 8.2052 - val_loss: 8.5324
Epoch 105/8000

Epoch 00105: val_loss did not improve from 7.21954
 - 338s - loss: 8.0056 - val_loss: 7.3961
Epoch 106/8000

Epoch 00106: val_loss did not improve from 7.21954
 - 338s - loss: 8.4042 - val_loss: 7.4065
Epoch 107/8000

Epoch 00107: val_loss did not improve from 7.21954
 - 337s - loss: 9.0170 - val_loss: 7.8403
Epoch 108/8000

Epoch 00108: val_loss did not improve from 7.21954
 - 337s - loss: 8.2376 - val_loss: 8.3734
Epoch 109/8000

Epoch 00109: val_loss did not improve from 7.21954
 - 337s - loss: 9.1807 - val_loss: 9.6881
Epoch 110/8000

Epoch 00110: val_loss did not improve from 7.21954
 - 336s - loss: 9.5090 - val_loss: 10.0510
Epoch 111/8000

Epoch 00111: val_loss did not improve from 7.21954
 - 335s - loss: 8.8749 - val_loss: 8.7325
Epoch 112/8000

Epoch 00112: val_loss did not improve from 7.21954
 - 337s - loss: 8.4897 - val_loss: 10.4440
Epoch 113/8000

Epoch 00113: val_loss did not improve from 7.21954
 - 338s - loss: 8.2161 - val_loss: 7.7113
Epoch 114/8000

Epoch 00114: val_loss did not improve from 7.21954
 - 337s - loss: 7.9983 - val_loss: 7.4271
Epoch 115/8000

Epoch 00115: val_loss did not improve from 7.21954
 - 337s - loss: 8.9961 - val_loss: 10.7713
Epoch 116/8000

Epoch 00116: val_loss did not improve from 7.21954
 - 337s - loss: 9.7347 - val_loss: 8.5640
Epoch 117/8000

Epoch 00117: val_loss did not improve from 7.21954
 - 334s - loss: 8.3666 - val_loss: 7.4716
Epoch 118/8000

Epoch 00118: val_loss did not improve from 7.21954
 - 336s - loss: 8.3635 - val_loss: 7.8031
Epoch 119/8000

Epoch 00119: val_loss did not improve from 7.21954
 - 338s - loss: 8.1860 - val_loss: 8.9699
Epoch 120/8000

Epoch 00120: val_loss did not improve from 7.21954
 - 337s - loss: 8.3466 - val_loss: 9.2014
Epoch 121/8000

Epoch 00121: val_loss did not improve from 7.21954
 - 337s - loss: 8.5756 - val_loss: 8.0269
Epoch 122/8000

Epoch 00122: val_loss did not improve from 7.21954
 - 337s - loss: 8.2263 - val_loss: 7.7532
Epoch 123/8000

Epoch 00123: val_loss did not improve from 7.21954
 - 336s - loss: 8.7446 - val_loss: 8.3730
Epoch 124/8000

Epoch 00124: val_loss did not improve from 7.21954
 - 335s - loss: 8.2374 - val_loss: 7.6024
Epoch 125/8000

Epoch 00125: val_loss did not improve from 7.21954
 - 337s - loss: 8.3761 - val_loss: 9.4317
Epoch 126/8000

Epoch 00126: val_loss did not improve from 7.21954
 - 337s - loss: 8.5009 - val_loss: 8.5708
Epoch 127/8000

Epoch 00127: val_loss did not improve from 7.21954
 - 337s - loss: 9.0126 - val_loss: 9.2556
Epoch 128/8000

Epoch 00128: val_loss did not improve from 7.21954
 - 338s - loss: 8.9514 - val_loss: 8.3584
Epoch 129/8000

Epoch 00129: val_loss did not improve from 7.21954
 - 337s - loss: 8.4894 - val_loss: 9.3244
Epoch 130/8000

Epoch 00130: val_loss did not improve from 7.21954
 - 336s - loss: 8.7888 - val_loss: 8.3742
Epoch 131/8000

Epoch 00131: val_loss did not improve from 7.21954
 - 335s - loss: 8.4526 - val_loss: 7.5175
Epoch 132/8000

Epoch 00132: val_loss did not improve from 7.21954
 - 336s - loss: 8.6322 - val_loss: 9.1107
Epoch 133/8000

Epoch 00133: val_loss did not improve from 7.21954
 - 338s - loss: 8.6044 - val_loss: 8.1972
Epoch 134/8000

Epoch 00134: val_loss did not improve from 7.21954
 - 337s - loss: 8.8292 - val_loss: 7.7994
Epoch 135/8000

Epoch 00135: val_loss did not improve from 7.21954
 - 338s - loss: 9.6752 - val_loss: 14.5471
Epoch 136/8000

Epoch 00136: val_loss did not improve from 7.21954
 - 337s - loss: 9.4252 - val_loss: 7.5837
Epoch 137/8000

Epoch 00137: val_loss did not improve from 7.21954
 - 336s - loss: 8.5740 - val_loss: 8.2492
Epoch 138/8000

Epoch 00138: val_loss did not improve from 7.21954
 - 335s - loss: 8.3218 - val_loss: 8.5757
Epoch 139/8000

Epoch 00139: val_loss did not improve from 7.21954
 - 337s - loss: 8.1464 - val_loss: 7.2611
Epoch 140/8000

Epoch 00140: val_loss did not improve from 7.21954
 - 337s - loss: 7.9844 - val_loss: 9.2932
Epoch 141/8000

Epoch 00141: val_loss did not improve from 7.21954
 - 337s - loss: 9.7551 - val_loss: 9.4444
Epoch 142/8000

Epoch 00142: val_loss did not improve from 7.21954
 - 338s - loss: 9.2384 - val_loss: 9.7107
Epoch 143/8000

Epoch 00143: val_loss did not improve from 7.21954
 - 337s - loss: 8.7334 - val_loss: 9.5091
Epoch 144/8000

Epoch 00144: val_loss did not improve from 7.21954
 - 336s - loss: 9.1722 - val_loss: 10.2926
Epoch 145/8000

Epoch 00145: val_loss did not improve from 7.21954
 - 336s - loss: 8.9403 - val_loss: 8.9907
Epoch 146/8000

Epoch 00146: val_loss did not improve from 7.21954
 - 336s - loss: 9.2591 - val_loss: 8.2484
Epoch 147/8000

Epoch 00147: val_loss did not improve from 7.21954
 - 337s - loss: 8.9333 - val_loss: 8.4865
Epoch 148/8000

Epoch 00148: val_loss did not improve from 7.21954
 - 338s - loss: 8.8076 - val_loss: 8.3025
Epoch 149/8000

Epoch 00149: val_loss did not improve from 7.21954
 - 338s - loss: 9.7567 - val_loss: 8.7378
Epoch 150/8000

Epoch 00150: val_loss did not improve from 7.21954
 - 337s - loss: 8.8161 - val_loss: 9.7193
Epoch 151/8000

Epoch 00151: val_loss did not improve from 7.21954
 - 337s - loss: 8.9576 - val_loss: 8.0109
Epoch 152/8000

Epoch 00152: val_loss did not improve from 7.21954
 - 336s - loss: 8.5768 - val_loss: 9.7356
Epoch 153/8000

Epoch 00153: val_loss did not improve from 7.21954
 - 335s - loss: 8.7212 - val_loss: 7.4337
Epoch 154/8000

Epoch 00154: val_loss did not improve from 7.21954
 - 337s - loss: 9.3233 - val_loss: 8.1473
Epoch 155/8000

Epoch 00155: val_loss did not improve from 7.21954
 - 338s - loss: 8.0660 - val_loss: 7.4521
Epoch 156/8000

Epoch 00156: val_loss did not improve from 7.21954
 - 338s - loss: 8.4263 - val_loss: 8.2092
Epoch 157/8000

Epoch 00157: val_loss did not improve from 7.21954
 - 337s - loss: 8.1627 - val_loss: 8.2770
Epoch 158/8000

Epoch 00158: val_loss did not improve from 7.21954
 - 337s - loss: 8.0728 - val_loss: 9.8001
Epoch 159/8000

Epoch 00159: val_loss did not improve from 7.21954
 - 336s - loss: 7.6539 - val_loss: 7.9611
Epoch 160/8000

Epoch 00160: val_loss did not improve from 7.21954
 - 336s - loss: 8.1385 - val_loss: 8.4160
Epoch 161/8000

Epoch 00161: val_loss did not improve from 7.21954
 - 337s - loss: 8.5575 - val_loss: 7.7058
Epoch 162/8000

Epoch 00162: val_loss did not improve from 7.21954
 - 338s - loss: 7.8612 - val_loss: 7.8546
Epoch 163/8000

Epoch 00163: val_loss did not improve from 7.21954
 - 337s - loss: 7.6623 - val_loss: 7.9278
Epoch 164/8000

Epoch 00164: val_loss did not improve from 7.21954
 - 337s - loss: 8.1656 - val_loss: 7.7941
Epoch 165/8000

Epoch 00165: val_loss did not improve from 7.21954
 - 337s - loss: 8.4516 - val_loss: 7.9245
Epoch 166/8000

Epoch 00166: val_loss did not improve from 7.21954
 - 335s - loss: 7.7401 - val_loss: 7.5788
Epoch 167/8000

Epoch 00167: val_loss did not improve from 7.21954
 - 336s - loss: 7.5442 - val_loss: 7.3393
Epoch 168/8000

Epoch 00168: val_loss improved from 7.21954 to 6.95016, saving model to ../model_weights/model_2020-02-05_20-15-09.h5
 - 338s - loss: 7.5115 - val_loss: 6.9502
Epoch 169/8000

Epoch 00169: val_loss did not improve from 6.95016
 - 338s - loss: 7.5768 - val_loss: 7.3599
Epoch 170/8000

Epoch 00170: val_loss did not improve from 6.95016
 - 337s - loss: 7.2257 - val_loss: 6.9949
Epoch 171/8000

Epoch 00171: val_loss did not improve from 6.95016
 - 337s - loss: 7.5585 - val_loss: 7.4275
Epoch 172/8000

Epoch 00172: val_loss did not improve from 6.95016
 - 337s - loss: 7.7045 - val_loss: 7.4723
Epoch 173/8000

Epoch 00173: val_loss did not improve from 6.95016
 - 335s - loss: 7.8795 - val_loss: 8.4228
Epoch 174/8000

Epoch 00174: val_loss did not improve from 6.95016
 - 337s - loss: 7.7256 - val_loss: 7.4013
Epoch 175/8000

Epoch 00175: val_loss did not improve from 6.95016
 - 337s - loss: 7.2936 - val_loss: 7.3807
Epoch 176/8000

Epoch 00176: val_loss did not improve from 6.95016
 - 337s - loss: 7.3079 - val_loss: 7.0779
Epoch 177/8000

Epoch 00177: val_loss did not improve from 6.95016
 - 338s - loss: 7.1848 - val_loss: 7.1329
Epoch 178/8000

Epoch 00178: val_loss improved from 6.95016 to 6.92674, saving model to ../model_weights/model_2020-02-05_20-15-09.h5
 - 338s - loss: 7.2394 - val_loss: 6.9267
Epoch 179/8000

Epoch 00179: val_loss improved from 6.92674 to 6.68018, saving model to ../model_weights/model_2020-02-05_20-15-09.h5
 - 337s - loss: 7.6813 - val_loss: 6.6802
Epoch 180/8000

Epoch 00180: val_loss did not improve from 6.68018
 - 335s - loss: 7.8002 - val_loss: 7.0620
Epoch 181/8000

Epoch 00181: val_loss did not improve from 6.68018
 - 337s - loss: 7.6134 - val_loss: 6.9673
Epoch 182/8000

Epoch 00182: val_loss improved from 6.68018 to 6.47931, saving model to ../model_weights/model_2020-02-05_20-15-09.h5
 - 338s - loss: 6.9951 - val_loss: 6.4793
Epoch 183/8000

Epoch 00183: val_loss did not improve from 6.47931
 - 338s - loss: 6.9771 - val_loss: 8.4065
Epoch 184/8000

Epoch 00184: val_loss did not improve from 6.47931
 - 338s - loss: 6.8366 - val_loss: 7.3015
Epoch 185/8000

Epoch 00185: val_loss did not improve from 6.47931
 - 337s - loss: 6.9485 - val_loss: 6.7972
Epoch 186/8000

Epoch 00186: val_loss did not improve from 6.47931
 - 336s - loss: 8.2119 - val_loss: 12.8387
Epoch 187/8000

Epoch 00187: val_loss did not improve from 6.47931
 - 336s - loss: 7.9463 - val_loss: 7.1206
Epoch 188/8000

Epoch 00188: val_loss did not improve from 6.47931
 - 337s - loss: 6.9230 - val_loss: 7.6012
Epoch 189/8000

Epoch 00189: val_loss did not improve from 6.47931
 - 337s - loss: 6.9632 - val_loss: 7.0087
Epoch 190/8000

Epoch 00190: val_loss did not improve from 6.47931
 - 338s - loss: 7.3745 - val_loss: 8.8568
Epoch 191/8000

Epoch 00191: val_loss did not improve from 6.47931
 - 337s - loss: 6.8692 - val_loss: 6.8446
Epoch 192/8000

Epoch 00192: val_loss did not improve from 6.47931
 - 336s - loss: 7.0219 - val_loss: 7.5700
Epoch 193/8000

Epoch 00193: val_loss did not improve from 6.47931
 - 337s - loss: 6.9404 - val_loss: 10.5286
Epoch 194/8000

Epoch 00194: val_loss did not improve from 6.47931
 - 336s - loss: 7.0217 - val_loss: 6.8875
Epoch 195/8000

Epoch 00195: val_loss improved from 6.47931 to 6.31554, saving model to ../model_weights/model_2020-02-05_20-15-09.h5
 - 336s - loss: 6.8771 - val_loss: 6.3155
Epoch 196/8000

Epoch 00196: val_loss did not improve from 6.31554
 - 338s - loss: 6.4738 - val_loss: 7.4040
Epoch 197/8000

Epoch 00197: val_loss did not improve from 6.31554
 - 338s - loss: 6.9043 - val_loss: 6.7591
Epoch 198/8000

Epoch 00198: val_loss did not improve from 6.31554
 - 337s - loss: 6.6156 - val_loss: 7.3154
Epoch 199/8000

Epoch 00199: val_loss improved from 6.31554 to 6.18429, saving model to ../model_weights/model_2020-02-05_20-15-09.h5
 - 337s - loss: 6.3805 - val_loss: 6.1843
Epoch 200/8000

Epoch 00200: val_loss did not improve from 6.18429
 - 337s - loss: 6.4746 - val_loss: 8.4620
Epoch 201/8000

Epoch 00201: val_loss did not improve from 6.18429
 - 336s - loss: 7.4638 - val_loss: 6.2820
Epoch 202/8000

Epoch 00202: val_loss did not improve from 6.18429
 - 336s - loss: 7.7212 - val_loss: 7.0134
Epoch 203/8000

Epoch 00203: val_loss did not improve from 6.18429
 - 337s - loss: 6.8165 - val_loss: 6.6736
Epoch 204/8000

Epoch 00204: val_loss did not improve from 6.18429
 - 338s - loss: 6.2879 - val_loss: 6.9038
Epoch 205/8000

Epoch 00205: val_loss did not improve from 6.18429
 - 337s - loss: 6.7363 - val_loss: 6.7030
Epoch 206/8000

Epoch 00206: val_loss improved from 6.18429 to 6.12554, saving model to ../model_weights/model_2020-02-05_20-15-09.h5
 - 338s - loss: 6.9985 - val_loss: 6.1255
Epoch 207/8000

Epoch 00207: val_loss did not improve from 6.12554
 - 337s - loss: 6.1889 - val_loss: 6.1705
Epoch 208/8000

Epoch 00208: val_loss did not improve from 6.12554
 - 335s - loss: 6.4971 - val_loss: 10.6914
Epoch 209/8000

Epoch 00209: val_loss did not improve from 6.12554
 - 336s - loss: 8.2267 - val_loss: 9.0997
Epoch 210/8000

Epoch 00210: val_loss did not improve from 6.12554
 - 338s - loss: 6.7700 - val_loss: 6.2118
Epoch 211/8000

Epoch 00211: val_loss improved from 6.12554 to 5.95542, saving model to ../model_weights/model_2020-02-05_20-15-09.h5
 - 337s - loss: 6.0691 - val_loss: 5.9554
Epoch 212/8000

Epoch 00212: val_loss did not improve from 5.95542
 - 338s - loss: 6.2617 - val_loss: 8.9510
Epoch 213/8000

Epoch 00213: val_loss did not improve from 5.95542
 - 337s - loss: 6.5829 - val_loss: 6.2561
Epoch 214/8000

Epoch 00214: val_loss did not improve from 5.95542
 - 336s - loss: 6.3084 - val_loss: 6.1832
Epoch 215/8000

Epoch 00215: val_loss did not improve from 5.95542
 - 336s - loss: 6.4434 - val_loss: 7.2352
Epoch 216/8000

Epoch 00216: val_loss did not improve from 5.95542
 - 337s - loss: 6.3678 - val_loss: 6.7253
Epoch 217/8000

Epoch 00217: val_loss did not improve from 5.95542
 - 337s - loss: 6.2892 - val_loss: 6.2360
Epoch 218/8000

Epoch 00218: val_loss improved from 5.95542 to 5.72713, saving model to ../model_weights/model_2020-02-05_20-15-09.h5
 - 338s - loss: 5.8643 - val_loss: 5.7271
Epoch 219/8000

Epoch 00219: val_loss did not improve from 5.72713
 - 338s - loss: 6.6216 - val_loss: 7.1197
Epoch 220/8000

Epoch 00220: val_loss did not improve from 5.72713
 - 336s - loss: 6.7899 - val_loss: 6.7944
Epoch 221/8000

Epoch 00221: val_loss did not improve from 5.72713
 - 336s - loss: 6.7888 - val_loss: 6.0025
Epoch 222/8000

Epoch 00222: val_loss did not improve from 5.72713
 - 336s - loss: 6.2562 - val_loss: 6.3091
Epoch 223/8000

Epoch 00223: val_loss did not improve from 5.72713
 - 337s - loss: 6.9396 - val_loss: 8.9194
Epoch 224/8000

Epoch 00224: val_loss did not improve from 5.72713
 - 337s - loss: 7.1177 - val_loss: 6.5184
Epoch 225/8000

Epoch 00225: val_loss did not improve from 5.72713
 - 338s - loss: 6.8714 - val_loss: 7.1666
Epoch 226/8000

Epoch 00226: val_loss did not improve from 5.72713
 - 338s - loss: 6.5373 - val_loss: 8.5294
Epoch 227/8000

Epoch 00227: val_loss did not improve from 5.72713
 - 336s - loss: 6.5299 - val_loss: 5.9471
Epoch 228/8000

Epoch 00228: val_loss did not improve from 5.72713
 - 337s - loss: 6.0196 - val_loss: 5.8687
Epoch 229/8000

Epoch 00229: val_loss improved from 5.72713 to 5.68622, saving model to ../model_weights/model_2020-02-05_20-15-09.h5
 - 336s - loss: 5.9762 - val_loss: 5.6862
Epoch 230/8000

Epoch 00230: val_loss did not improve from 5.68622
 - 335s - loss: 6.0412 - val_loss: 5.9142
Epoch 231/8000

Epoch 00231: val_loss did not improve from 5.68622
 - 337s - loss: 6.3415 - val_loss: 6.5659
Epoch 232/8000

Epoch 00232: val_loss did not improve from 5.68622
 - 338s - loss: 6.6128 - val_loss: 6.4430
Epoch 233/8000

Epoch 00233: val_loss did not improve from 5.68622
 - 337s - loss: 6.5520 - val_loss: 6.1841
Epoch 234/8000

Epoch 00234: val_loss did not improve from 5.68622
 - 337s - loss: 6.7248 - val_loss: 6.4517
Epoch 235/8000

Epoch 00235: val_loss did not improve from 5.68622
 - 337s - loss: 6.1511 - val_loss: 6.5113
Epoch 236/8000

Epoch 00236: val_loss did not improve from 5.68622
 - 335s - loss: 5.7764 - val_loss: 5.9799
Epoch 237/8000

Epoch 00237: val_loss did not improve from 5.68622
 - 336s - loss: 5.8504 - val_loss: 6.4926
Epoch 238/8000

Epoch 00238: val_loss did not improve from 5.68622
 - 338s - loss: 6.8567 - val_loss: 7.2683
Epoch 239/8000

Epoch 00239: val_loss improved from 5.68622 to 5.61254, saving model to ../model_weights/model_2020-02-05_20-15-09.h5
 - 338s - loss: 6.3790 - val_loss: 5.6125
Epoch 240/8000

Epoch 00240: val_loss did not improve from 5.61254
 - 337s - loss: 5.8520 - val_loss: 6.4615
Epoch 241/8000

Epoch 00241: val_loss did not improve from 5.61254
 - 337s - loss: 5.8986 - val_loss: 6.1228
Epoch 242/8000

Epoch 00242: val_loss did not improve from 5.61254
 - 336s - loss: 6.1436 - val_loss: 6.0746
Epoch 243/8000

Epoch 00243: val_loss did not improve from 5.61254
 - 334s - loss: 8.5514 - val_loss: 10.7258
Epoch 244/8000

Epoch 00244: val_loss did not improve from 5.61254
 - 336s - loss: 7.3399 - val_loss: 8.2263
Epoch 245/8000

Epoch 00245: val_loss did not improve from 5.61254
 - 338s - loss: 6.8779 - val_loss: 6.0229
Epoch 246/8000

Epoch 00246: val_loss did not improve from 5.61254
 - 338s - loss: 6.7102 - val_loss: 6.4141
Epoch 247/8000

Epoch 00247: val_loss did not improve from 5.61254
 - 337s - loss: 7.2510 - val_loss: 7.5559
Epoch 248/8000

Epoch 00248: val_loss did not improve from 5.61254
 - 337s - loss: 7.1514 - val_loss: 6.7734
Epoch 249/8000

Epoch 00249: val_loss did not improve from 5.61254
 - 337s - loss: 7.5414 - val_loss: 6.3018
Epoch 250/8000

Epoch 00250: val_loss did not improve from 5.61254
 - 334s - loss: 6.7790 - val_loss: 7.1086
Epoch 251/8000

Epoch 00251: val_loss did not improve from 5.61254
 - 336s - loss: 7.2545 - val_loss: 8.2372
Epoch 252/8000

Epoch 00252: val_loss did not improve from 5.61254
 - 338s - loss: 6.5081 - val_loss: 5.8106
Epoch 253/8000

Epoch 00253: val_loss did not improve from 5.61254
 - 337s - loss: 7.1612 - val_loss: 6.9805
Epoch 254/8000

Epoch 00254: val_loss did not improve from 5.61254
 - 337s - loss: 6.9089 - val_loss: 7.4571
Epoch 255/8000

Epoch 00255: val_loss did not improve from 5.61254
 - 337s - loss: 6.7959 - val_loss: 5.7838
Epoch 256/8000

Epoch 00256: val_loss did not improve from 5.61254
 - 336s - loss: 6.5800 - val_loss: 6.3982
Epoch 257/8000

Epoch 00257: val_loss did not improve from 5.61254
 - 335s - loss: 6.4160 - val_loss: 7.9039
Epoch 258/8000

Epoch 00258: val_loss did not improve from 5.61254
 - 337s - loss: 6.1104 - val_loss: 7.9044
Epoch 259/8000

Epoch 00259: val_loss did not improve from 5.61254
 - 337s - loss: 6.3379 - val_loss: 6.3799
Epoch 260/8000

Epoch 00260: val_loss did not improve from 5.61254
 - 338s - loss: 6.0244 - val_loss: 5.6532
Epoch 261/8000

Epoch 00261: val_loss did not improve from 5.61254
 - 338s - loss: 5.7245 - val_loss: 6.2704
Epoch 262/8000

Epoch 00262: val_loss did not improve from 5.61254
 - 336s - loss: 5.8366 - val_loss: 6.0042
Epoch 263/8000

Epoch 00263: val_loss did not improve from 5.61254
 - 336s - loss: 6.3275 - val_loss: 6.0240
Epoch 264/8000

Epoch 00264: val_loss did not improve from 5.61254
 - 335s - loss: 7.1066 - val_loss: 5.9413
Epoch 265/8000

Epoch 00265: val_loss did not improve from 5.61254
 - 335s - loss: 5.9508 - val_loss: 6.3118
Epoch 266/8000

Epoch 00266: val_loss did not improve from 5.61254
 - 337s - loss: 6.0317 - val_loss: 6.8830
Epoch 267/8000

Epoch 00267: val_loss did not improve from 5.61254
 - 338s - loss: 7.3800 - val_loss: 7.1327
Epoch 268/8000

Epoch 00268: val_loss did not improve from 5.61254
 - 338s - loss: 7.1252 - val_loss: 6.6745
Epoch 269/8000

Epoch 00269: val_loss did not improve from 5.61254
 - 336s - loss: 6.8575 - val_loss: 7.9158
Epoch 270/8000

Epoch 00270: val_loss did not improve from 5.61254
 - 336s - loss: 6.9628 - val_loss: 5.8322
Epoch 271/8000

Epoch 00271: val_loss did not improve from 5.61254
 - 336s - loss: 7.2137 - val_loss: 6.5717
Epoch 272/8000

Epoch 00272: val_loss did not improve from 5.61254
 - 336s - loss: 7.0840 - val_loss: 6.0760
Epoch 273/8000

Epoch 00273: val_loss did not improve from 5.61254
 - 337s - loss: 7.6322 - val_loss: 8.3417
Epoch 274/8000

Epoch 00274: val_loss did not improve from 5.61254
 - 338s - loss: 6.9097 - val_loss: 7.7172
Epoch 275/8000

Epoch 00275: val_loss did not improve from 5.61254
 - 338s - loss: 7.3402 - val_loss: 7.2310
Epoch 276/8000

Epoch 00276: val_loss did not improve from 5.61254
 - 336s - loss: 7.2659 - val_loss: 5.9769
Epoch 277/8000

Epoch 00277: val_loss did not improve from 5.61254
 - 337s - loss: 7.4984 - val_loss: 7.0772
Epoch 278/8000

Epoch 00278: val_loss did not improve from 5.61254
 - 336s - loss: 6.9465 - val_loss: 7.2118
Epoch 279/8000

Epoch 00279: val_loss did not improve from 5.61254
 - 335s - loss: 6.8532 - val_loss: 6.5056
Epoch 280/8000

Epoch 00280: val_loss did not improve from 5.61254
 - 337s - loss: 7.1761 - val_loss: 6.4037
Epoch 281/8000

Epoch 00281: val_loss did not improve from 5.61254
 - 338s - loss: 6.3050 - val_loss: 6.2597
Epoch 282/8000

Epoch 00282: val_loss did not improve from 5.61254
 - 337s - loss: 6.0371 - val_loss: 6.0475
Epoch 283/8000

Epoch 00283: val_loss did not improve from 5.61254
 - 337s - loss: 6.1082 - val_loss: 6.4111
Epoch 284/8000

Epoch 00284: val_loss did not improve from 5.61254
 - 337s - loss: 7.2431 - val_loss: 7.8616
Epoch 285/8000

Epoch 00285: val_loss did not improve from 5.61254
 - 334s - loss: 6.5422 - val_loss: 6.2553
Epoch 286/8000

Epoch 00286: val_loss did not improve from 5.61254
 - 336s - loss: 6.4030 - val_loss: 7.2655
Epoch 287/8000

Epoch 00287: val_loss did not improve from 5.61254
 - 337s - loss: 6.7267 - val_loss: 6.3729
Epoch 288/8000

Epoch 00288: val_loss did not improve from 5.61254
 - 336s - loss: 6.3765 - val_loss: 5.8825
Epoch 289/8000

Epoch 00289: val_loss did not improve from 5.61254
 - 337s - loss: 6.2530 - val_loss: 6.3187
Epoch 290/8000

Epoch 00290: val_loss did not improve from 5.61254
 - 337s - loss: 5.8103 - val_loss: 5.9926
Epoch 291/8000

Epoch 00291: val_loss did not improve from 5.61254
 - 337s - loss: 6.7697 - val_loss: 6.5154
Epoch 292/8000

Epoch 00292: val_loss did not improve from 5.61254
 - 335s - loss: 6.2631 - val_loss: 6.4823
Epoch 293/8000

Epoch 00293: val_loss did not improve from 5.61254
 - 336s - loss: 6.6398 - val_loss: 6.9689
Epoch 294/8000

Epoch 00294: val_loss did not improve from 5.61254
 - 337s - loss: 6.4217 - val_loss: 5.7465
Epoch 295/8000

Epoch 00295: val_loss did not improve from 5.61254
 - 337s - loss: 5.7024 - val_loss: 5.6389
Epoch 296/8000

Epoch 00296: val_loss did not improve from 5.61254
 - 337s - loss: 6.2558 - val_loss: 6.9664
Epoch 297/8000

Epoch 00297: val_loss did not improve from 5.61254
 - 337s - loss: 6.3158 - val_loss: 5.6688
Epoch 298/8000

Epoch 00298: val_loss did not improve from 5.61254
 - 337s - loss: 5.6846 - val_loss: 5.9180
Epoch 299/8000

Epoch 00299: val_loss did not improve from 5.61254
 - 335s - loss: 6.9447 - val_loss: 6.0781
Epoch 300/8000

Epoch 00300: val_loss did not improve from 5.61254
 - 336s - loss: 5.7274 - val_loss: 6.0263
Epoch 301/8000

Epoch 00301: val_loss did not improve from 5.61254
 - 337s - loss: 6.2253 - val_loss: 6.2490
Epoch 302/8000

Epoch 00302: val_loss did not improve from 5.61254
 - 337s - loss: 6.5518 - val_loss: 6.7080
Epoch 303/8000

Epoch 00303: val_loss did not improve from 5.61254
 - 337s - loss: 6.8615 - val_loss: 6.2036
Epoch 304/8000

Epoch 00304: val_loss did not improve from 5.61254
 - 337s - loss: 5.8303 - val_loss: 6.8282
Epoch 305/8000

Epoch 00305: val_loss improved from 5.61254 to 5.53479, saving model to ../model_weights/model_2020-02-05_20-15-09.h5
 - 336s - loss: 5.8099 - val_loss: 5.5348
Epoch 306/8000

Epoch 00306: val_loss did not improve from 5.53479
 - 335s - loss: 5.5118 - val_loss: 5.7048
Epoch 307/8000

Epoch 00307: val_loss did not improve from 5.53479
 - 336s - loss: 6.4560 - val_loss: 6.2252
Epoch 308/8000

Epoch 00308: val_loss did not improve from 5.53479
 - 336s - loss: 6.0461 - val_loss: 5.8833
Epoch 309/8000

Epoch 00309: val_loss did not improve from 5.53479
 - 337s - loss: 6.0848 - val_loss: 5.7579
Epoch 310/8000

Epoch 00310: val_loss did not improve from 5.53479
 - 337s - loss: 5.4410 - val_loss: 5.7057
Epoch 311/8000

Epoch 00311: val_loss improved from 5.53479 to 5.45393, saving model to ../model_weights/model_2020-02-05_20-15-09.h5
 - 336s - loss: 5.4697 - val_loss: 5.4539
Epoch 312/8000

Epoch 00312: val_loss did not improve from 5.45393
 - 336s - loss: 5.8250 - val_loss: 5.4754
Epoch 313/8000

Epoch 00313: val_loss did not improve from 5.45393
 - 336s - loss: 6.0816 - val_loss: 6.5935
Epoch 314/8000

Epoch 00314: val_loss did not improve from 5.45393
 - 337s - loss: 6.4176 - val_loss: 5.9367
Epoch 315/8000

Epoch 00315: val_loss did not improve from 5.45393
 - 337s - loss: 6.1426 - val_loss: 6.8952
Epoch 316/8000

Epoch 00316: val_loss did not improve from 5.45393
 - 338s - loss: 5.5143 - val_loss: 5.6372
Epoch 317/8000

Epoch 00317: val_loss did not improve from 5.45393
 - 338s - loss: 6.1616 - val_loss: 6.0464
Epoch 318/8000

Epoch 00318: val_loss did not improve from 5.45393
 - 337s - loss: 5.6863 - val_loss: 5.5233
Epoch 319/8000

Epoch 00319: val_loss did not improve from 5.45393
 - 336s - loss: 6.4315 - val_loss: 6.6489
Epoch 320/8000

Epoch 00320: val_loss did not improve from 5.45393
 - 336s - loss: 6.5159 - val_loss: 6.4848
Epoch 321/8000

Epoch 00321: val_loss did not improve from 5.45393
 - 336s - loss: 6.0536 - val_loss: 5.4622
Epoch 322/8000

Epoch 00322: val_loss did not improve from 5.45393
 - 337s - loss: 5.6415 - val_loss: 5.5612
Epoch 323/8000

Epoch 00323: val_loss did not improve from 5.45393
 - 338s - loss: 5.7284 - val_loss: 6.8365
Epoch 324/8000

Epoch 00324: val_loss did not improve from 5.45393
 - 338s - loss: 6.5271 - val_loss: 6.0740
Epoch 325/8000

Epoch 00325: val_loss did not improve from 5.45393
 - 337s - loss: 6.0871 - val_loss: 5.8740
Epoch 326/8000

Epoch 00326: val_loss did not improve from 5.45393
 - 337s - loss: 5.6478 - val_loss: 5.5090
Epoch 327/8000

Epoch 00327: val_loss did not improve from 5.45393
 - 336s - loss: 5.9583 - val_loss: 5.5583
Epoch 328/8000

Epoch 00328: val_loss did not improve from 5.45393
 - 335s - loss: 5.9898 - val_loss: 5.6810
Epoch 329/8000

Epoch 00329: val_loss did not improve from 5.45393
 - 338s - loss: 5.5747 - val_loss: 6.0161
Epoch 330/8000

Epoch 00330: val_loss did not improve from 5.45393
 - 337s - loss: 6.3204 - val_loss: 6.8398
Epoch 331/8000

Epoch 00331: val_loss did not improve from 5.45393
 - 337s - loss: 6.5747 - val_loss: 6.2675
Epoch 332/8000

Epoch 00332: val_loss did not improve from 5.45393
 - 337s - loss: 5.9163 - val_loss: 7.6021
Epoch 333/8000

Epoch 00333: val_loss did not improve from 5.45393
 - 337s - loss: 6.1370 - val_loss: 6.0694
Epoch 334/8000

Epoch 00334: val_loss did not improve from 5.45393
 - 334s - loss: 5.6297 - val_loss: 6.9391
Epoch 335/8000

Epoch 00335: val_loss did not improve from 5.45393
 - 335s - loss: 6.3076 - val_loss: 5.8853
Epoch 336/8000

Epoch 00336: val_loss did not improve from 5.45393
 - 337s - loss: 5.5629 - val_loss: 7.2061
Epoch 337/8000

Epoch 00337: val_loss did not improve from 5.45393
 - 338s - loss: 5.7511 - val_loss: 5.9897
Epoch 338/8000

Epoch 00338: val_loss did not improve from 5.45393
 - 337s - loss: 5.5029 - val_loss: 6.0592
Epoch 339/8000

Epoch 00339: val_loss did not improve from 5.45393
 - 337s - loss: 5.3293 - val_loss: 7.8075
Epoch 340/8000

Epoch 00340: val_loss did not improve from 5.45393
 - 337s - loss: 5.4627 - val_loss: 5.6915
Epoch 341/8000

Epoch 00341: val_loss did not improve from 5.45393
 - 335s - loss: 5.2366 - val_loss: 5.5340
Epoch 342/8000

Epoch 00342: val_loss did not improve from 5.45393
 - 336s - loss: 5.4840 - val_loss: 5.8284
Epoch 343/8000

Epoch 00343: val_loss did not improve from 5.45393
 - 337s - loss: 5.3570 - val_loss: 5.4746
Epoch 344/8000

Epoch 00344: val_loss did not improve from 5.45393
 - 338s - loss: 6.4098 - val_loss: 7.0450
Epoch 345/8000

Epoch 00345: val_loss did not improve from 5.45393
 - 337s - loss: 8.1787 - val_loss: 6.5863
Epoch 346/8000

Epoch 00346: val_loss did not improve from 5.45393
 - 337s - loss: 7.8693 - val_loss: 6.4658
Epoch 347/8000

Epoch 00347: val_loss did not improve from 5.45393
 - 337s - loss: 6.2727 - val_loss: 7.0390
Epoch 348/8000

Epoch 00348: val_loss did not improve from 5.45393
 - 335s - loss: 6.2460 - val_loss: 6.6198
Epoch 349/8000

Epoch 00349: val_loss did not improve from 5.45393
 - 336s - loss: 6.5630 - val_loss: 6.1393
Epoch 350/8000

Epoch 00350: val_loss did not improve from 5.45393
 - 337s - loss: 6.1102 - val_loss: 7.5062
Epoch 351/8000

Epoch 00351: val_loss did not improve from 5.45393
 - 337s - loss: 6.2740 - val_loss: 6.0234
Epoch 352/8000

Epoch 00352: val_loss did not improve from 5.45393
 - 338s - loss: 5.8646 - val_loss: 6.8835
Epoch 353/8000

Epoch 00353: val_loss did not improve from 5.45393
 - 337s - loss: 7.2629 - val_loss: 6.7025
Epoch 354/8000

Epoch 00354: val_loss did not improve from 5.45393
 - 336s - loss: 6.1037 - val_loss: 7.3601
Epoch 355/8000

Epoch 00355: val_loss did not improve from 5.45393
 - 336s - loss: 6.9559 - val_loss: 6.8988
Epoch 356/8000

Epoch 00356: val_loss did not improve from 5.45393
 - 337s - loss: 7.0485 - val_loss: 6.2318
Epoch 357/8000

Epoch 00357: val_loss did not improve from 5.45393
 - 337s - loss: 6.5925 - val_loss: 7.0976
Epoch 358/8000

Epoch 00358: val_loss did not improve from 5.45393
 - 337s - loss: 7.8366 - val_loss: 6.7132
Epoch 359/8000

Epoch 00359: val_loss did not improve from 5.45393
 - 338s - loss: 6.5248 - val_loss: 6.3921
Epoch 360/8000

Epoch 00360: val_loss did not improve from 5.45393
 - 337s - loss: 6.3972 - val_loss: 6.6582
Epoch 361/8000

Epoch 00361: val_loss did not improve from 5.45393
 - 337s - loss: 6.4061 - val_loss: 8.5933
Epoch 362/8000

Epoch 00362: val_loss did not improve from 5.45393
 - 335s - loss: 6.2575 - val_loss: 6.1937
Epoch 363/8000

Epoch 00363: val_loss did not improve from 5.45393
 - 337s - loss: 5.8929 - val_loss: 5.9234
Epoch 364/8000

Epoch 00364: val_loss did not improve from 5.45393
 - 338s - loss: 6.3706 - val_loss: 6.5819
Epoch 365/8000

Epoch 00365: val_loss did not improve from 5.45393
 - 337s - loss: 6.5642 - val_loss: 6.4289
Epoch 366/8000

Epoch 00366: val_loss did not improve from 5.45393
 - 338s - loss: 6.4318 - val_loss: 6.2415
Epoch 367/8000

Epoch 00367: val_loss did not improve from 5.45393
 - 338s - loss: 6.2142 - val_loss: 6.5974
Epoch 368/8000

Epoch 00368: val_loss did not improve from 5.45393
 - 336s - loss: 6.6959 - val_loss: 6.2004
Epoch 369/8000

Epoch 00369: val_loss did not improve from 5.45393
 - 336s - loss: 6.0616 - val_loss: 7.0354
Epoch 370/8000

Epoch 00370: val_loss did not improve from 5.45393
 - 337s - loss: 6.1490 - val_loss: 6.3343
Epoch 371/8000

Epoch 00371: val_loss did not improve from 5.45393
 - 337s - loss: 6.4035 - val_loss: 6.4975
Epoch 372/8000

Epoch 00372: val_loss did not improve from 5.45393
 - 338s - loss: 6.2313 - val_loss: 6.3144
Epoch 373/8000

Epoch 00373: val_loss did not improve from 5.45393
 - 338s - loss: 6.0337 - val_loss: 5.9664
Epoch 374/8000

Epoch 00374: val_loss did not improve from 5.45393
 - 337s - loss: 6.3066 - val_loss: 6.4211
Epoch 375/8000

Epoch 00375: val_loss did not improve from 5.45393
 - 336s - loss: 6.1162 - val_loss: 6.3031
Epoch 376/8000

Epoch 00376: val_loss did not improve from 5.45393
 - 336s - loss: 6.2085 - val_loss: 6.1528
Epoch 377/8000

Epoch 00377: val_loss did not improve from 5.45393
 - 337s - loss: 6.4484 - val_loss: 7.2964
Epoch 378/8000

Epoch 00378: val_loss did not improve from 5.45393
 - 337s - loss: 6.0018 - val_loss: 5.7159
Epoch 379/8000

Epoch 00379: val_loss did not improve from 5.45393
 - 338s - loss: 5.8949 - val_loss: 6.2181
Epoch 380/8000

Epoch 00380: val_loss did not improve from 5.45393
 - 338s - loss: 6.0292 - val_loss: 5.7456
Epoch 381/8000

Epoch 00381: val_loss did not improve from 5.45393
 - 336s - loss: 6.1164 - val_loss: 6.0041
Epoch 382/8000

Epoch 00382: val_loss did not improve from 5.45393
 - 336s - loss: 6.2472 - val_loss: 6.7048
Epoch 383/8000

Epoch 00383: val_loss did not improve from 5.45393
 - 336s - loss: 5.8609 - val_loss: 6.1237
Epoch 384/8000

Epoch 00384: val_loss did not improve from 5.45393
 - 337s - loss: 6.0885 - val_loss: 7.0465
Epoch 385/8000

Epoch 00385: val_loss did not improve from 5.45393
 - 337s - loss: 5.6118 - val_loss: 5.5091
Epoch 386/8000

Epoch 00386: val_loss did not improve from 5.45393
 - 338s - loss: 5.4376 - val_loss: 5.8471
Epoch 387/8000

Epoch 00387: val_loss did not improve from 5.45393
 - 338s - loss: 5.3551 - val_loss: 5.7481
Epoch 388/8000

Epoch 00388: val_loss did not improve from 5.45393
 - 337s - loss: 5.4273 - val_loss: 5.4716
Epoch 389/8000

Epoch 00389: val_loss improved from 5.45393 to 5.42453, saving model to ../model_weights/model_2020-02-05_20-15-09.h5
 - 337s - loss: 5.4114 - val_loss: 5.4245
Epoch 390/8000

Epoch 00390: val_loss did not improve from 5.42453
 - 336s - loss: 5.1989 - val_loss: 5.6505
Epoch 391/8000

Epoch 00391: val_loss did not improve from 5.42453
 - 336s - loss: 5.4723 - val_loss: 7.5321
Epoch 392/8000

Epoch 00392: val_loss did not improve from 5.42453
 - 337s - loss: 5.5495 - val_loss: 5.6242
Epoch 393/8000

Epoch 00393: val_loss did not improve from 5.42453
 - 338s - loss: 5.5677 - val_loss: 7.5417
Epoch 394/8000

Epoch 00394: val_loss did not improve from 5.42453
 - 338s - loss: 6.8753 - val_loss: 6.6129
Epoch 395/8000

Epoch 00395: val_loss did not improve from 5.42453
 - 337s - loss: 6.3530 - val_loss: 6.6152
Epoch 396/8000

Epoch 00396: val_loss did not improve from 5.42453
 - 337s - loss: 6.2404 - val_loss: 6.1045
Epoch 397/8000

Epoch 00397: val_loss did not improve from 5.42453
 - 336s - loss: 6.3282 - val_loss: 6.4595
Epoch 398/8000

Epoch 00398: val_loss did not improve from 5.42453
 - 335s - loss: 6.4995 - val_loss: 7.0878
Epoch 399/8000

Epoch 00399: val_loss did not improve from 5.42453
 - 338s - loss: 6.0308 - val_loss: 6.1651
Epoch 400/8000

Epoch 00400: val_loss did not improve from 5.42453
 - 338s - loss: 6.3154 - val_loss: 6.7793
Epoch 401/8000

Epoch 00401: val_loss did not improve from 5.42453
 - 337s - loss: 5.9436 - val_loss: 5.9194
Epoch 402/8000

Epoch 00402: val_loss did not improve from 5.42453
 - 337s - loss: 5.5187 - val_loss: 5.8275
Epoch 403/8000

Epoch 00403: val_loss did not improve from 5.42453
 - 337s - loss: 5.5318 - val_loss: 5.6311
Epoch 404/8000

Epoch 00404: val_loss improved from 5.42453 to 5.35869, saving model to ../model_weights/model_2020-02-05_20-15-09.h5
 - 335s - loss: 5.1939 - val_loss: 5.3587
Epoch 405/8000

Epoch 00405: val_loss did not improve from 5.35869
 - 336s - loss: 5.0839 - val_loss: 6.8831
Epoch 406/8000

Epoch 00406: val_loss improved from 5.35869 to 5.33119, saving model to ../model_weights/model_2020-02-05_20-15-09.h5
 - 338s - loss: 5.1220 - val_loss: 5.3312
Epoch 407/8000

Epoch 00407: val_loss did not improve from 5.33119
 - 338s - loss: 5.3281 - val_loss: 5.4035
Epoch 408/8000

Epoch 00408: val_loss did not improve from 5.33119
 - 337s - loss: 5.1614 - val_loss: 5.6112
Epoch 409/8000

Epoch 00409: val_loss did not improve from 5.33119
 - 337s - loss: 5.0701 - val_loss: 5.3800
Epoch 410/8000

Epoch 00410: val_loss did not improve from 5.33119
 - 337s - loss: 5.0900 - val_loss: 5.5065
Epoch 411/8000

Epoch 00411: val_loss did not improve from 5.33119
 - 335s - loss: 4.9308 - val_loss: 5.4043
Epoch 412/8000

Epoch 00412: val_loss did not improve from 5.33119
 - 336s - loss: 5.0781 - val_loss: 5.4887
Epoch 413/8000

Epoch 00413: val_loss did not improve from 5.33119
 - 337s - loss: 5.2482 - val_loss: 5.3747
Epoch 414/8000

Epoch 00414: val_loss did not improve from 5.33119
 - 337s - loss: 5.4941 - val_loss: 6.0842
Epoch 415/8000

Epoch 00415: val_loss did not improve from 5.33119
 - 337s - loss: 6.2405 - val_loss: 6.3428
Epoch 416/8000

Epoch 00416: val_loss did not improve from 5.33119
 - 337s - loss: 6.0042 - val_loss: 6.3144
Epoch 417/8000

Epoch 00417: val_loss did not improve from 5.33119
 - 336s - loss: 6.6707 - val_loss: 6.3305
Epoch 418/8000

Epoch 00418: val_loss did not improve from 5.33119
 - 335s - loss: 7.0432 - val_loss: 6.7433
Epoch 419/8000

Epoch 00419: val_loss did not improve from 5.33119
 - 337s - loss: 6.3187 - val_loss: 5.6371
Epoch 420/8000

Epoch 00420: val_loss did not improve from 5.33119
 - 337s - loss: 5.6158 - val_loss: 5.7377
Epoch 421/8000

Epoch 00421: val_loss did not improve from 5.33119
 - 337s - loss: 5.2273 - val_loss: 6.2137
Epoch 422/8000

Epoch 00422: val_loss did not improve from 5.33119
 - 338s - loss: 5.7334 - val_loss: 6.8659
Epoch 423/8000

Epoch 00423: val_loss did not improve from 5.33119
 - 337s - loss: 6.1770 - val_loss: 6.5323
Epoch 424/8000

Epoch 00424: val_loss did not improve from 5.33119
 - 336s - loss: 6.3709 - val_loss: 6.3517
Epoch 425/8000

Epoch 00425: val_loss did not improve from 5.33119
 - 336s - loss: 5.5499 - val_loss: 5.5489
Epoch 426/8000

Epoch 00426: val_loss did not improve from 5.33119
 - 336s - loss: 5.5047 - val_loss: 5.8694
Epoch 427/8000

Epoch 00427: val_loss did not improve from 5.33119
 - 336s - loss: 5.5660 - val_loss: 5.7460
Epoch 428/8000

Epoch 00428: val_loss did not improve from 5.33119
 - 337s - loss: 5.3793 - val_loss: 5.8798
Epoch 429/8000

Epoch 00429: val_loss did not improve from 5.33119
 - 338s - loss: 5.4135 - val_loss: 5.7828
Epoch 430/8000

Epoch 00430: val_loss did not improve from 5.33119
 - 337s - loss: 6.0322 - val_loss: 6.1985
Epoch 431/8000

Epoch 00431: val_loss did not improve from 5.33119
 - 336s - loss: 5.6144 - val_loss: 5.6652
Epoch 432/8000

Epoch 00432: val_loss did not improve from 5.33119
 - 336s - loss: 5.2097 - val_loss: 5.5004
Epoch 433/8000

Epoch 00433: val_loss did not improve from 5.33119
 - 337s - loss: 5.2867 - val_loss: 6.1490
Epoch 434/8000

Epoch 00434: val_loss did not improve from 5.33119
 - 337s - loss: 5.5871 - val_loss: 5.8339
Epoch 435/8000

Epoch 00435: val_loss did not improve from 5.33119
 - 338s - loss: 5.3719 - val_loss: 5.6696
Epoch 436/8000

Epoch 00436: val_loss did not improve from 5.33119
 - 338s - loss: 5.5058 - val_loss: 8.8236
Epoch 437/8000

Epoch 00437: val_loss did not improve from 5.33119
 - 337s - loss: 5.8072 - val_loss: 5.5992
Epoch 438/8000

Epoch 00438: val_loss did not improve from 5.33119
 - 337s - loss: 5.1916 - val_loss: 6.0243
Epoch 439/8000

Epoch 00439: val_loss did not improve from 5.33119
 - 336s - loss: 5.3577 - val_loss: 5.5872
Epoch 440/8000

Epoch 00440: val_loss did not improve from 5.33119
 - 335s - loss: 5.1915 - val_loss: 5.3796
Epoch 441/8000

Epoch 00441: val_loss did not improve from 5.33119
 - 337s - loss: 4.9184 - val_loss: 5.7917
Epoch 442/8000

Epoch 00442: val_loss improved from 5.33119 to 5.11604, saving model to ../model_weights/model_2020-02-05_20-15-09.h5
 - 338s - loss: 4.9550 - val_loss: 5.1160
Epoch 443/8000

Epoch 00443: val_loss did not improve from 5.11604
 - 337s - loss: 5.4553 - val_loss: 5.4337
Epoch 444/8000

Epoch 00444: val_loss did not improve from 5.11604
 - 337s - loss: 5.7496 - val_loss: 6.9220
Epoch 445/8000

Epoch 00445: val_loss did not improve from 5.11604
 - 337s - loss: 5.8173 - val_loss: 5.4196
Epoch 446/8000

Epoch 00446: val_loss did not improve from 5.11604
 - 335s - loss: 4.9463 - val_loss: 5.3275
Epoch 447/8000

Epoch 00447: val_loss did not improve from 5.11604
 - 337s - loss: 5.3473 - val_loss: 5.4693
Epoch 448/8000

Epoch 00448: val_loss did not improve from 5.11604
 - 338s - loss: 5.4805 - val_loss: 5.6586
Epoch 449/8000

Epoch 00449: val_loss did not improve from 5.11604
 - 337s - loss: 5.3057 - val_loss: 6.1665
Epoch 450/8000

Epoch 00450: val_loss did not improve from 5.11604
 - 337s - loss: 5.4006 - val_loss: 5.3792
Epoch 451/8000

Epoch 00451: val_loss did not improve from 5.11604
 - 337s - loss: 5.7622 - val_loss: 6.1607
Epoch 452/8000

Epoch 00452: val_loss did not improve from 5.11604
 - 337s - loss: 5.6281 - val_loss: 6.1316
Epoch 453/8000

Epoch 00453: val_loss did not improve from 5.11604
 - 335s - loss: 5.6957 - val_loss: 5.5154
Epoch 454/8000

Epoch 00454: val_loss did not improve from 5.11604
 - 336s - loss: 5.7194 - val_loss: 5.9946
Epoch 455/8000

Epoch 00455: val_loss did not improve from 5.11604
 - 338s - loss: 5.3321 - val_loss: 6.0583
Epoch 456/8000

Epoch 00456: val_loss did not improve from 5.11604
 - 337s - loss: 5.5329 - val_loss: 6.6603
Epoch 457/8000

Epoch 00457: val_loss did not improve from 5.11604
 - 338s - loss: 5.9662 - val_loss: 5.6165
Epoch 458/8000

Epoch 00458: val_loss did not improve from 5.11604
 - 337s - loss: 5.8431 - val_loss: 6.2827
Epoch 459/8000

Epoch 00459: val_loss did not improve from 5.11604
 - 336s - loss: 5.9174 - val_loss: 6.3458
Epoch 460/8000

Epoch 00460: val_loss did not improve from 5.11604
 - 335s - loss: 5.6233 - val_loss: 5.5069
Epoch 461/8000

Epoch 00461: val_loss did not improve from 5.11604
 - 337s - loss: 5.1301 - val_loss: 5.3462
Epoch 462/8000

Epoch 00462: val_loss did not improve from 5.11604
 - 337s - loss: 5.0387 - val_loss: 5.8407
Epoch 463/8000

Epoch 00463: val_loss did not improve from 5.11604
 - 338s - loss: 5.9635 - val_loss: 5.7467
Epoch 464/8000

Epoch 00464: val_loss did not improve from 5.11604
 - 338s - loss: 5.0131 - val_loss: 5.2605
Epoch 465/8000

Epoch 00465: val_loss did not improve from 5.11604
 - 337s - loss: 4.8802 - val_loss: 5.2127
Epoch 466/8000

Epoch 00466: val_loss did not improve from 5.11604
 - 337s - loss: 5.0786 - val_loss: 5.9374
Epoch 467/8000

Epoch 00467: val_loss did not improve from 5.11604
 - 336s - loss: 4.8299 - val_loss: 5.2091
Epoch 468/8000

Epoch 00468: val_loss did not improve from 5.11604
 - 335s - loss: 4.7476 - val_loss: 5.7421
Epoch 469/8000

Epoch 00469: val_loss did not improve from 5.11604
 - 338s - loss: 5.1588 - val_loss: 5.2463
Epoch 470/8000

Epoch 00470: val_loss did not improve from 5.11604
 - 338s - loss: 4.9622 - val_loss: 5.4224
Epoch 471/8000

Epoch 00471: val_loss did not improve from 5.11604
 - 337s - loss: 5.0859 - val_loss: 5.5541
Epoch 472/8000

Epoch 00472: val_loss did not improve from 5.11604
 - 337s - loss: 5.0870 - val_loss: 5.5539
Epoch 473/8000

Epoch 00473: val_loss did not improve from 5.11604
 - 337s - loss: 5.5933 - val_loss: 5.7982
Epoch 474/8000

Epoch 00474: val_loss did not improve from 5.11604
 - 336s - loss: 5.3601 - val_loss: 5.4925
Epoch 475/8000

Epoch 00475: val_loss did not improve from 5.11604
 - 336s - loss: 4.8376 - val_loss: 5.3891
Epoch 476/8000

Epoch 00476: val_loss did not improve from 5.11604
 - 338s - loss: 4.8937 - val_loss: 5.5643
Epoch 477/8000

Epoch 00477: val_loss did not improve from 5.11604
 - 338s - loss: 5.9327 - val_loss: 6.2811
Epoch 478/8000

Epoch 00478: val_loss did not improve from 5.11604
 - 337s - loss: 4.8312 - val_loss: 5.7128
Epoch 479/8000

Epoch 00479: val_loss did not improve from 5.11604
 - 337s - loss: 6.1286 - val_loss: 6.1911
Epoch 480/8000

Epoch 00480: val_loss did not improve from 5.11604
 - 337s - loss: 5.7859 - val_loss: 6.5862
Epoch 481/8000

Epoch 00481: val_loss did not improve from 5.11604
 - 335s - loss: 5.8255 - val_loss: 6.1509
Epoch 482/8000

Epoch 00482: val_loss did not improve from 5.11604
 - 337s - loss: 5.0314 - val_loss: 5.2624
Epoch 483/8000

Epoch 00483: val_loss did not improve from 5.11604
 - 338s - loss: 4.9715 - val_loss: 5.4311
Epoch 484/8000

Epoch 00484: val_loss did not improve from 5.11604
 - 337s - loss: 4.7207 - val_loss: 5.3759
Epoch 485/8000

Epoch 00485: val_loss did not improve from 5.11604
 - 338s - loss: 5.3741 - val_loss: 5.6848
Epoch 486/8000

Epoch 00486: val_loss did not improve from 5.11604
 - 338s - loss: 5.0242 - val_loss: 5.2482
Epoch 487/8000

Epoch 00487: val_loss did not improve from 5.11604
 - 336s - loss: 4.8264 - val_loss: 5.3305
Epoch 488/8000

Epoch 00488: val_loss did not improve from 5.11604
 - 336s - loss: 4.8861 - val_loss: 5.2325
Epoch 489/8000

Epoch 00489: val_loss did not improve from 5.11604
 - 337s - loss: 4.8069 - val_loss: 5.7759
Epoch 490/8000

Epoch 00490: val_loss did not improve from 5.11604
 - 337s - loss: 5.0373 - val_loss: 5.1274
Epoch 491/8000

Epoch 00491: val_loss did not improve from 5.11604
 - 338s - loss: 4.8954 - val_loss: 5.7652
Epoch 492/8000

Epoch 00492: val_loss did not improve from 5.11604
 - 338s - loss: 5.2084 - val_loss: 5.2855
Epoch 493/8000

Epoch 00493: val_loss did not improve from 5.11604
 - 336s - loss: 4.6700 - val_loss: 5.4672
Epoch 494/8000

Epoch 00494: val_loss did not improve from 5.11604
 - 336s - loss: 4.4762 - val_loss: 5.1323
Epoch 495/8000

Epoch 00495: val_loss did not improve from 5.11604
 - 336s - loss: 4.7256 - val_loss: 5.7773
Epoch 496/8000

Epoch 00496: val_loss did not improve from 5.11604
 - 336s - loss: 4.9234 - val_loss: 5.3571
Epoch 497/8000

Epoch 00497: val_loss did not improve from 5.11604
 - 337s - loss: 4.9375 - val_loss: 6.6941
Epoch 498/8000

Epoch 00498: val_loss did not improve from 5.11604
 - 338s - loss: 5.7623 - val_loss: 5.9447
Epoch 499/8000

Epoch 00499: val_loss did not improve from 5.11604
 - 338s - loss: 5.1261 - val_loss: 7.1259
Epoch 500/8000

Epoch 00500: val_loss did not improve from 5.11604
 - 337s - loss: 6.1533 - val_loss: 6.2427
Epoch 501/8000

Epoch 00501: val_loss did not improve from 5.11604
 - 337s - loss: 5.7510 - val_loss: 6.3206
Epoch 502/8000

Epoch 00502: val_loss did not improve from 5.11604
 - 336s - loss: 5.6399 - val_loss: 5.9620
Epoch 503/8000

Epoch 00503: val_loss did not improve from 5.11604
 - 336s - loss: 5.0683 - val_loss: 6.7202
Epoch 504/8000

Epoch 00504: val_loss did not improve from 5.11604
 - 338s - loss: 5.0222 - val_loss: 5.5674
Epoch 505/8000

Epoch 00505: val_loss did not improve from 5.11604
 - 338s - loss: 4.8228 - val_loss: 5.4498
Epoch 506/8000

Epoch 00506: val_loss did not improve from 5.11604
 - 337s - loss: 4.6254 - val_loss: 5.3701
Epoch 507/8000

Epoch 00507: val_loss did not improve from 5.11604
 - 337s - loss: 4.7290 - val_loss: 5.3967
Epoch 508/8000

Epoch 00508: val_loss did not improve from 5.11604
 - 336s - loss: 4.6040 - val_loss: 6.2650
Epoch 509/8000

Epoch 00509: val_loss did not improve from 5.11604
 - 335s - loss: 5.6017 - val_loss: 6.3936
Epoch 510/8000

Epoch 00510: val_loss did not improve from 5.11604
 - 337s - loss: 5.5736 - val_loss: 5.5743
Epoch 511/8000

Epoch 00511: val_loss did not improve from 5.11604
 - 337s - loss: 4.8825 - val_loss: 5.6550
Epoch 512/8000

Epoch 00512: val_loss did not improve from 5.11604
 - 338s - loss: 4.8274 - val_loss: 5.2927
Epoch 513/8000

Epoch 00513: val_loss did not improve from 5.11604
 - 338s - loss: 4.6556 - val_loss: 5.8302
Epoch 514/8000

Epoch 00514: val_loss did not improve from 5.11604
 - 336s - loss: 4.9824 - val_loss: 5.2920
Epoch 515/8000

Epoch 00515: val_loss did not improve from 5.11604
 - 336s - loss: 4.7562 - val_loss: 5.1412
Epoch 516/8000

Epoch 00516: val_loss did not improve from 5.11604
 - 336s - loss: 4.9650 - val_loss: 5.6036
Epoch 517/8000

Epoch 00517: val_loss did not improve from 5.11604
 - 337s - loss: 4.5309 - val_loss: 5.3401
Epoch 518/8000

Epoch 00518: val_loss did not improve from 5.11604
 - 337s - loss: 4.7069 - val_loss: 5.1883
Epoch 519/8000

Epoch 00519: val_loss did not improve from 5.11604
 - 337s - loss: 4.6680 - val_loss: 5.5002
Epoch 520/8000

Epoch 00520: val_loss did not improve from 5.11604
 - 338s - loss: 5.1888 - val_loss: 5.4793
Epoch 521/8000

Epoch 00521: val_loss did not improve from 5.11604
 - 337s - loss: 4.8552 - val_loss: 5.4779
Epoch 522/8000

Epoch 00522: val_loss did not improve from 5.11604
 - 337s - loss: 4.6042 - val_loss: 5.4293
Epoch 523/8000

Epoch 00523: val_loss did not improve from 5.11604
 - 336s - loss: 4.7492 - val_loss: 5.5553
Epoch 524/8000

Epoch 00524: val_loss did not improve from 5.11604
 - 336s - loss: 4.8896 - val_loss: 5.5332
Epoch 525/8000

Epoch 00525: val_loss did not improve from 5.11604
 - 337s - loss: 5.4616 - val_loss: 6.3870
Epoch 526/8000

Epoch 00526: val_loss did not improve from 5.11604
 - 338s - loss: 4.9487 - val_loss: 6.2006
Epoch 527/8000

Epoch 00527: val_loss did not improve from 5.11604
 - 337s - loss: 5.2078 - val_loss: 6.7450
Epoch 528/8000

Epoch 00528: val_loss did not improve from 5.11604
 - 337s - loss: 4.9838 - val_loss: 5.3203
Epoch 529/8000

Epoch 00529: val_loss did not improve from 5.11604
 - 337s - loss: 5.6191 - val_loss: 5.3769
Epoch 530/8000

Epoch 00530: val_loss did not improve from 5.11604
 - 334s - loss: 4.8922 - val_loss: 5.4657
Epoch 531/8000

Epoch 00531: val_loss did not improve from 5.11604
 - 336s - loss: 4.6570 - val_loss: 5.4612
Epoch 532/8000

Epoch 00532: val_loss did not improve from 5.11604
 - 338s - loss: 4.9414 - val_loss: 5.3002
Epoch 533/8000

Epoch 00533: val_loss did not improve from 5.11604
 - 337s - loss: 5.2961 - val_loss: 6.2051
Epoch 534/8000

Epoch 00534: val_loss did not improve from 5.11604
 - 338s - loss: 6.3061 - val_loss: 6.2392
Epoch 535/8000

Epoch 00535: val_loss did not improve from 5.11604
 - 337s - loss: 5.9186 - val_loss: 6.6024
Epoch 536/8000

Epoch 00536: val_loss did not improve from 5.11604
 - 336s - loss: 5.5415 - val_loss: 6.1250
Epoch 537/8000

Epoch 00537: val_loss did not improve from 5.11604
 - 335s - loss: 5.5904 - val_loss: 6.2480
Epoch 538/8000

Epoch 00538: val_loss did not improve from 5.11604
 - 337s - loss: 5.5501 - val_loss: 6.8660
Epoch 539/8000

Epoch 00539: val_loss did not improve from 5.11604
 - 338s - loss: 5.4366 - val_loss: 7.2722
Epoch 540/8000

Epoch 00540: val_loss did not improve from 5.11604
 - 337s - loss: 5.3694 - val_loss: 6.4329
Epoch 541/8000

Epoch 00541: val_loss did not improve from 5.11604
 - 338s - loss: 5.8161 - val_loss: 6.1912
Epoch 542/8000

Epoch 00542: val_loss did not improve from 5.11604
 - 338s - loss: 5.7472 - val_loss: 6.3081
Epoch 00542: early stopping
