2020-03-18 14:31:06.330504: I tensorflow/core/platform/cpu_feature_guard.cc:141] Your CPU supports instructions that this TensorFlow binary was not compiled to use: SSE4.1 SSE4.2 AVX
2020-03-18 14:31:06.639246: I tensorflow/stream_executor/cuda/cuda_gpu_executor.cc:897] successful NUMA node read from SysFS had negative value (-1), but there must be at least one NUMA node, so returning NUMA node zero
2020-03-18 14:31:06.639788: I tensorflow/core/common_runtime/gpu/gpu_device.cc:1405] Found device 0 with properties: 
name: TITAN Xp major: 6 minor: 1 memoryClockRate(GHz): 1.582
pciBusID: 0000:01:00.0
totalMemory: 11.91GiB freeMemory: 11.75GiB
2020-03-18 14:31:06.639805: I tensorflow/core/common_runtime/gpu/gpu_device.cc:1484] Adding visible gpu devices: 0
2020-03-18 14:31:06.911247: I tensorflow/core/common_runtime/gpu/gpu_device.cc:965] Device interconnect StreamExecutor with strength 1 edge matrix:
2020-03-18 14:31:06.911292: I tensorflow/core/common_runtime/gpu/gpu_device.cc:971]      0 
2020-03-18 14:31:06.911301: I tensorflow/core/common_runtime/gpu/gpu_device.cc:984] 0:   N 
2020-03-18 14:31:06.911549: I tensorflow/core/common_runtime/gpu/gpu_device.cc:1097] Created TensorFlow device (/job:localhost/replica:0/task:0/device:GPU:0 with 11366 MB memory) -> physical GPU (device: 0, name: TITAN Xp, pci bus id: 0000:01:00.0, compute capability: 6.1)
2020-03-18 14:31:07.114232: I tensorflow/core/kernels/cuda_solvers.cc:159] Creating CudaSolver handles for stream 0x556dd88bce10
Epoch 1/8000

Epoch 00001: val_loss improved from inf to 11.64485, saving model to ../../model_weights/model_2020-03-18_14-31-07.h5
 - 57s - loss: 12.2323 - val_loss: 11.6449
Epoch 2/8000

Epoch 00002: val_loss improved from 11.64485 to 11.56772, saving model to ../../model_weights/model_2020-03-18_14-31-07.h5
 - 55s - loss: 11.9437 - val_loss: 11.5677
Epoch 3/8000

Epoch 00003: val_loss did not improve from 11.56772
 - 55s - loss: 11.6899 - val_loss: 11.7954
Epoch 4/8000

Epoch 00004: val_loss did not improve from 11.56772
 - 55s - loss: 11.6398 - val_loss: 12.3592
Epoch 5/8000

Epoch 00005: val_loss improved from 11.56772 to 11.55835, saving model to ../../model_weights/model_2020-03-18_14-31-07.h5
 - 55s - loss: 11.7388 - val_loss: 11.5583
Epoch 6/8000

Epoch 00006: val_loss did not improve from 11.55835
 - 55s - loss: 11.9817 - val_loss: 11.8058
Epoch 7/8000

Epoch 00007: val_loss improved from 11.55835 to 11.50546, saving model to ../../model_weights/model_2020-03-18_14-31-07.h5
 - 56s - loss: 11.7251 - val_loss: 11.5055
Epoch 8/8000

Epoch 00008: val_loss improved from 11.50546 to 11.25964, saving model to ../../model_weights/model_2020-03-18_14-31-07.h5
 - 55s - loss: 11.5670 - val_loss: 11.2596
Epoch 9/8000

Epoch 00009: val_loss did not improve from 11.25964
 - 55s - loss: 11.7505 - val_loss: 11.7154
Epoch 10/8000

Epoch 00010: val_loss did not improve from 11.25964
 - 55s - loss: 11.7542 - val_loss: 11.4866
Epoch 11/8000

Epoch 00011: val_loss did not improve from 11.25964
 - 55s - loss: 11.7994 - val_loss: 11.4927
Epoch 12/8000

Epoch 00012: val_loss did not improve from 11.25964
 - 55s - loss: 11.5415 - val_loss: 11.4193
Epoch 13/8000

Epoch 00013: val_loss did not improve from 11.25964
 - 55s - loss: 11.5529 - val_loss: 11.4916
Epoch 14/8000

Epoch 00014: val_loss did not improve from 11.25964
 - 56s - loss: 11.3784 - val_loss: 11.5315
Epoch 15/8000

Epoch 00015: val_loss did not improve from 11.25964
 - 55s - loss: 11.5074 - val_loss: 11.6602
Epoch 16/8000

Epoch 00016: val_loss did not improve from 11.25964
 - 56s - loss: 11.5640 - val_loss: 11.4978
Epoch 17/8000

Epoch 00017: val_loss did not improve from 11.25964
 - 56s - loss: 11.5639 - val_loss: 11.3064
Epoch 18/8000

Epoch 00018: val_loss did not improve from 11.25964
 - 55s - loss: 11.4450 - val_loss: 11.8133
Epoch 19/8000

Epoch 00019: val_loss did not improve from 11.25964
 - 55s - loss: 11.9242 - val_loss: 11.5135
Epoch 20/8000

Epoch 00020: val_loss did not improve from 11.25964
 - 55s - loss: 11.7836 - val_loss: 11.8424
Epoch 21/8000

Epoch 00021: val_loss did not improve from 11.25964
 - 55s - loss: 11.7773 - val_loss: 11.6900
Epoch 22/8000

Epoch 00022: val_loss did not improve from 11.25964
 - 55s - loss: 11.8468 - val_loss: 11.4727
Epoch 23/8000

Epoch 00023: val_loss did not improve from 11.25964
 - 55s - loss: 11.6575 - val_loss: 11.8106
Epoch 24/8000

Epoch 00024: val_loss did not improve from 11.25964
 - 56s - loss: 11.3963 - val_loss: 11.4164
Epoch 25/8000

Epoch 00025: val_loss did not improve from 11.25964
 - 55s - loss: 11.7649 - val_loss: 11.5369
Epoch 26/8000

Epoch 00026: val_loss did not improve from 11.25964
 - 55s - loss: 11.8104 - val_loss: 12.0711
Epoch 27/8000

Epoch 00027: val_loss did not improve from 11.25964
 - 55s - loss: 11.7116 - val_loss: 11.4370
Epoch 28/8000

Epoch 00028: val_loss did not improve from 11.25964
 - 56s - loss: 11.4953 - val_loss: 11.4788
Epoch 29/8000

Epoch 00029: val_loss did not improve from 11.25964
 - 56s - loss: 11.5037 - val_loss: 11.2822
Epoch 30/8000

Epoch 00030: val_loss did not improve from 11.25964
 - 56s - loss: 11.7990 - val_loss: 12.6235
Epoch 31/8000

Epoch 00031: val_loss did not improve from 11.25964
 - 56s - loss: 11.7224 - val_loss: 11.6834
Epoch 32/8000

Epoch 00032: val_loss did not improve from 11.25964
 - 56s - loss: 11.4835 - val_loss: 11.5072
Epoch 33/8000

Epoch 00033: val_loss did not improve from 11.25964
 - 56s - loss: 11.5392 - val_loss: 11.7436
Epoch 34/8000

Epoch 00034: val_loss did not improve from 11.25964
 - 56s - loss: 11.3763 - val_loss: 11.4573
Epoch 35/8000

Epoch 00035: val_loss did not improve from 11.25964
 - 56s - loss: 11.1615 - val_loss: 11.4549
Epoch 36/8000

Epoch 00036: val_loss did not improve from 11.25964
 - 56s - loss: 11.4093 - val_loss: 11.4464
Epoch 37/8000

Epoch 00037: val_loss did not improve from 11.25964
 - 56s - loss: 11.4332 - val_loss: 12.3305
Epoch 38/8000

Epoch 00038: val_loss did not improve from 11.25964
 - 56s - loss: 11.5555 - val_loss: 11.5543
Epoch 39/8000

Epoch 00039: val_loss did not improve from 11.25964
 - 55s - loss: 11.2063 - val_loss: 11.6134
Epoch 40/8000

Epoch 00040: val_loss did not improve from 11.25964
 - 55s - loss: 11.4806 - val_loss: 11.5417
Epoch 41/8000

Epoch 00041: val_loss did not improve from 11.25964
 - 56s - loss: 11.3894 - val_loss: 11.4650
Epoch 42/8000

Epoch 00042: val_loss did not improve from 11.25964
 - 56s - loss: 11.6575 - val_loss: 11.5809
Epoch 43/8000

Epoch 00043: val_loss did not improve from 11.25964
 - 56s - loss: 11.4796 - val_loss: 11.3964
Epoch 44/8000

Epoch 00044: val_loss did not improve from 11.25964
 - 55s - loss: 11.5204 - val_loss: 11.2961
Epoch 45/8000

Epoch 00045: val_loss did not improve from 11.25964
 - 56s - loss: 11.5279 - val_loss: 11.8133
Epoch 46/8000

Epoch 00046: val_loss did not improve from 11.25964
 - 56s - loss: 11.6119 - val_loss: 12.5908
Epoch 47/8000

Epoch 00047: val_loss did not improve from 11.25964
 - 56s - loss: 11.9508 - val_loss: 11.6546
Epoch 48/8000

Epoch 00048: val_loss did not improve from 11.25964
 - 56s - loss: 11.4370 - val_loss: 11.5915
Epoch 49/8000

Epoch 00049: val_loss did not improve from 11.25964
 - 56s - loss: 11.2954 - val_loss: 11.7606
Epoch 50/8000

Epoch 00050: val_loss did not improve from 11.25964
 - 56s - loss: 11.5032 - val_loss: 11.4792
Epoch 51/8000

Epoch 00051: val_loss did not improve from 11.25964
 - 56s - loss: 11.5613 - val_loss: 11.6289
Epoch 52/8000

Epoch 00052: val_loss did not improve from 11.25964
 - 56s - loss: 11.5148 - val_loss: 11.9407
Epoch 53/8000

Epoch 00053: val_loss did not improve from 11.25964
 - 56s - loss: 11.5114 - val_loss: 11.7241
Epoch 54/8000

Epoch 00054: val_loss did not improve from 11.25964
 - 56s - loss: 11.6095 - val_loss: 11.5580
Epoch 55/8000

Epoch 00055: val_loss did not improve from 11.25964
 - 56s - loss: 11.3389 - val_loss: 11.4027
Epoch 56/8000

Epoch 00056: val_loss did not improve from 11.25964
 - 56s - loss: 11.4638 - val_loss: 12.0991
Epoch 57/8000

Epoch 00057: val_loss did not improve from 11.25964
 - 56s - loss: 11.3849 - val_loss: 11.3419
Epoch 58/8000

Epoch 00058: val_loss did not improve from 11.25964
 - 56s - loss: 11.4469 - val_loss: 11.7562
Epoch 59/8000

Epoch 00059: val_loss did not improve from 11.25964
 - 56s - loss: 11.1914 - val_loss: 11.5075
Epoch 60/8000

Epoch 00060: val_loss improved from 11.25964 to 11.20388, saving model to ../../model_weights/model_2020-03-18_14-31-07.h5
 - 55s - loss: 11.2860 - val_loss: 11.2039
Epoch 61/8000

Epoch 00061: val_loss did not improve from 11.20388
 - 56s - loss: 11.3430 - val_loss: 11.6102
Epoch 62/8000

Epoch 00062: val_loss did not improve from 11.20388
 - 56s - loss: 11.3432 - val_loss: 11.3601
Epoch 63/8000

Epoch 00063: val_loss did not improve from 11.20388
 - 56s - loss: 11.1279 - val_loss: 11.3379
Epoch 64/8000

Epoch 00064: val_loss did not improve from 11.20388
 - 55s - loss: 11.4532 - val_loss: 11.3385
Epoch 65/8000

Epoch 00065: val_loss did not improve from 11.20388
 - 55s - loss: 11.3120 - val_loss: 11.6860
Epoch 66/8000

Epoch 00066: val_loss did not improve from 11.20388
 - 55s - loss: 11.4909 - val_loss: 11.7351
Epoch 67/8000

Epoch 00067: val_loss did not improve from 11.20388
 - 55s - loss: 11.2012 - val_loss: 11.5065
Epoch 68/8000

Epoch 00068: val_loss did not improve from 11.20388
 - 55s - loss: 11.6973 - val_loss: 11.7805
Epoch 69/8000

Epoch 00069: val_loss did not improve from 11.20388
 - 55s - loss: 11.2814 - val_loss: 11.3653
Epoch 70/8000

Epoch 00070: val_loss did not improve from 11.20388
 - 56s - loss: 11.1566 - val_loss: 11.3120
Epoch 71/8000

Epoch 00071: val_loss did not improve from 11.20388
 - 56s - loss: 11.7016 - val_loss: 11.5931
Epoch 72/8000

Epoch 00072: val_loss improved from 11.20388 to 11.13960, saving model to ../../model_weights/model_2020-03-18_14-31-07.h5
 - 56s - loss: 11.4460 - val_loss: 11.1396
Epoch 73/8000

Epoch 00073: val_loss did not improve from 11.13960
 - 56s - loss: 11.3654 - val_loss: 11.2224
Epoch 74/8000

Epoch 00074: val_loss did not improve from 11.13960
 - 55s - loss: 11.0692 - val_loss: 11.2001
Epoch 75/8000

Epoch 00075: val_loss did not improve from 11.13960
 - 55s - loss: 11.2655 - val_loss: 11.2150
Epoch 76/8000

Epoch 00076: val_loss did not improve from 11.13960
 - 56s - loss: 11.2737 - val_loss: 11.4312
Epoch 77/8000

Epoch 00077: val_loss did not improve from 11.13960
 - 56s - loss: 11.3092 - val_loss: 12.2051
Epoch 78/8000

Epoch 00078: val_loss did not improve from 11.13960
 - 56s - loss: 11.3275 - val_loss: 11.4003
Epoch 79/8000

Epoch 00079: val_loss did not improve from 11.13960
 - 56s - loss: 11.5468 - val_loss: 11.7690
Epoch 80/8000

Epoch 00080: val_loss did not improve from 11.13960
 - 56s - loss: 11.1138 - val_loss: 11.2405
Epoch 81/8000

Epoch 00081: val_loss did not improve from 11.13960
 - 55s - loss: 11.3378 - val_loss: 11.4360
Epoch 82/8000

Epoch 00082: val_loss improved from 11.13960 to 10.97626, saving model to ../../model_weights/model_2020-03-18_14-31-07.h5
 - 55s - loss: 11.0079 - val_loss: 10.9763
Epoch 83/8000

Epoch 00083: val_loss did not improve from 10.97626
 - 55s - loss: 11.0531 - val_loss: 11.2097
Epoch 84/8000

Epoch 00084: val_loss did not improve from 10.97626
 - 56s - loss: 11.3411 - val_loss: 11.7306
Epoch 85/8000

Epoch 00085: val_loss did not improve from 10.97626
 - 55s - loss: 11.2984 - val_loss: 11.2629
Epoch 86/8000

Epoch 00086: val_loss did not improve from 10.97626
 - 55s - loss: 11.3772 - val_loss: 11.2527
Epoch 87/8000

Epoch 00087: val_loss did not improve from 10.97626
 - 56s - loss: 11.1454 - val_loss: 11.2772
Epoch 88/8000

Epoch 00088: val_loss did not improve from 10.97626
 - 55s - loss: 11.1373 - val_loss: 11.3452
Epoch 89/8000

Epoch 00089: val_loss did not improve from 10.97626
 - 55s - loss: 11.0946 - val_loss: 11.4943
Epoch 90/8000

Epoch 00090: val_loss did not improve from 10.97626
 - 56s - loss: 11.2096 - val_loss: 11.5624
Epoch 91/8000

Epoch 00091: val_loss did not improve from 10.97626
 - 56s - loss: 11.1472 - val_loss: 11.5216
Epoch 92/8000

Epoch 00092: val_loss did not improve from 10.97626
 - 55s - loss: 11.2609 - val_loss: 11.2698
Epoch 93/8000

Epoch 00093: val_loss did not improve from 10.97626
 - 56s - loss: 10.9971 - val_loss: 11.2145
Epoch 94/8000

Epoch 00094: val_loss did not improve from 10.97626
 - 56s - loss: 11.1763 - val_loss: 11.6075
Epoch 95/8000

Epoch 00095: val_loss did not improve from 10.97626
 - 55s - loss: 11.5179 - val_loss: 11.5787
Epoch 96/8000

Epoch 00096: val_loss did not improve from 10.97626
 - 55s - loss: 11.3842 - val_loss: 11.5562
Epoch 97/8000

Epoch 00097: val_loss did not improve from 10.97626
 - 56s - loss: 11.5247 - val_loss: 11.6723
Epoch 98/8000

Epoch 00098: val_loss did not improve from 10.97626
 - 56s - loss: 11.2185 - val_loss: 11.1624
Epoch 99/8000

Epoch 00099: val_loss did not improve from 10.97626
 - 56s - loss: 11.0606 - val_loss: 11.3350
Epoch 100/8000

Epoch 00100: val_loss did not improve from 10.97626
 - 56s - loss: 11.1482 - val_loss: 11.3162
Epoch 101/8000

Epoch 00101: val_loss did not improve from 10.97626
 - 55s - loss: 10.9911 - val_loss: 11.1547
Epoch 102/8000

Epoch 00102: val_loss did not improve from 10.97626
 - 55s - loss: 10.9631 - val_loss: 11.2318
Epoch 103/8000

Epoch 00103: val_loss did not improve from 10.97626
 - 55s - loss: 10.8824 - val_loss: 11.6819
Epoch 104/8000

Epoch 00104: val_loss did not improve from 10.97626
 - 55s - loss: 10.9431 - val_loss: 11.5094
Epoch 105/8000

Epoch 00105: val_loss did not improve from 10.97626
 - 56s - loss: 11.3025 - val_loss: 11.3512
Epoch 106/8000

Epoch 00106: val_loss did not improve from 10.97626
 - 56s - loss: 11.3362 - val_loss: 11.1754
Epoch 107/8000

Epoch 00107: val_loss did not improve from 10.97626
 - 56s - loss: 11.0717 - val_loss: 11.0837
Epoch 108/8000

Epoch 00108: val_loss did not improve from 10.97626
 - 56s - loss: 11.2934 - val_loss: 11.6644
Epoch 109/8000

Epoch 00109: val_loss did not improve from 10.97626
 - 55s - loss: 11.0251 - val_loss: 11.0710
Epoch 110/8000

Epoch 00110: val_loss did not improve from 10.97626
 - 55s - loss: 11.2380 - val_loss: 11.3781
Epoch 111/8000

Epoch 00111: val_loss did not improve from 10.97626
 - 56s - loss: 10.9704 - val_loss: 11.1246
Epoch 112/8000

Epoch 00112: val_loss did not improve from 10.97626
 - 56s - loss: 11.0569 - val_loss: 11.2092
Epoch 113/8000

Epoch 00113: val_loss did not improve from 10.97626
 - 56s - loss: 11.1077 - val_loss: 11.2402
Epoch 114/8000

Epoch 00114: val_loss did not improve from 10.97626
 - 56s - loss: 10.9695 - val_loss: 11.2235
Epoch 115/8000

Epoch 00115: val_loss did not improve from 10.97626
 - 56s - loss: 11.1225 - val_loss: 12.0162
Epoch 116/8000

Epoch 00116: val_loss did not improve from 10.97626
 - 55s - loss: 11.2017 - val_loss: 11.2536
Epoch 117/8000

Epoch 00117: val_loss did not improve from 10.97626
 - 55s - loss: 11.0579 - val_loss: 11.5605
Epoch 118/8000

Epoch 00118: val_loss did not improve from 10.97626
 - 56s - loss: 10.9347 - val_loss: 11.2437
Epoch 119/8000

Epoch 00119: val_loss did not improve from 10.97626
 - 56s - loss: 10.8734 - val_loss: 11.2822
Epoch 120/8000

Epoch 00120: val_loss did not improve from 10.97626
 - 55s - loss: 11.3148 - val_loss: 11.3884
Epoch 121/8000

Epoch 00121: val_loss did not improve from 10.97626
 - 55s - loss: 11.3273 - val_loss: 11.1507
Epoch 122/8000

Epoch 00122: val_loss did not improve from 10.97626
 - 56s - loss: 10.8722 - val_loss: 11.3375
Epoch 123/8000

Epoch 00123: val_loss did not improve from 10.97626
 - 55s - loss: 10.8182 - val_loss: 11.1773
Epoch 124/8000

Epoch 00124: val_loss did not improve from 10.97626
 - 55s - loss: 10.9730 - val_loss: 11.3706
Epoch 125/8000

Epoch 00125: val_loss did not improve from 10.97626
 - 55s - loss: 10.7967 - val_loss: 11.2505
Epoch 126/8000

Epoch 00126: val_loss did not improve from 10.97626
 - 56s - loss: 11.1248 - val_loss: 11.3125
Epoch 127/8000

Epoch 00127: val_loss did not improve from 10.97626
 - 55s - loss: 11.0558 - val_loss: 11.1213
Epoch 128/8000

Epoch 00128: val_loss did not improve from 10.97626
 - 56s - loss: 10.8575 - val_loss: 11.2507
Epoch 129/8000

Epoch 00129: val_loss did not improve from 10.97626
 - 56s - loss: 11.0196 - val_loss: 11.4035
Epoch 130/8000

Epoch 00130: val_loss did not improve from 10.97626
 - 55s - loss: 11.0068 - val_loss: 11.9783
Epoch 131/8000

Epoch 00131: val_loss did not improve from 10.97626
 - 55s - loss: 11.0302 - val_loss: 11.1917
Epoch 132/8000

Epoch 00132: val_loss did not improve from 10.97626
 - 55s - loss: 11.1000 - val_loss: 11.4434
Epoch 133/8000

Epoch 00133: val_loss did not improve from 10.97626
 - 56s - loss: 11.3523 - val_loss: 12.3165
Epoch 134/8000

Epoch 00134: val_loss did not improve from 10.97626
 - 56s - loss: 11.1754 - val_loss: 11.6535
Epoch 135/8000

Epoch 00135: val_loss did not improve from 10.97626
 - 56s - loss: 11.2475 - val_loss: 11.4006
Epoch 136/8000

Epoch 00136: val_loss did not improve from 10.97626
 - 56s - loss: 11.1633 - val_loss: 11.4859
Epoch 137/8000

Epoch 00137: val_loss did not improve from 10.97626
 - 55s - loss: 11.0784 - val_loss: 11.1939
Epoch 138/8000

Epoch 00138: val_loss did not improve from 10.97626
 - 55s - loss: 10.9037 - val_loss: 11.1941
Epoch 139/8000

Epoch 00139: val_loss did not improve from 10.97626
 - 55s - loss: 11.4656 - val_loss: 11.5637
Epoch 140/8000

Epoch 00140: val_loss did not improve from 10.97626
 - 56s - loss: 11.0282 - val_loss: 11.5567
Epoch 141/8000

Epoch 00141: val_loss did not improve from 10.97626
 - 55s - loss: 10.9950 - val_loss: 11.5092
Epoch 142/8000

Epoch 00142: val_loss did not improve from 10.97626
 - 55s - loss: 10.8070 - val_loss: 11.1348
Epoch 143/8000

Epoch 00143: val_loss did not improve from 10.97626
 - 56s - loss: 10.9364 - val_loss: 11.2192
Epoch 144/8000

Epoch 00144: val_loss did not improve from 10.97626
 - 55s - loss: 11.3806 - val_loss: 11.5445
Epoch 145/8000

Epoch 00145: val_loss did not improve from 10.97626
 - 56s - loss: 10.9526 - val_loss: 11.2160
Epoch 146/8000

Epoch 00146: val_loss did not improve from 10.97626
 - 56s - loss: 11.0725 - val_loss: 11.1288
Epoch 147/8000

Epoch 00147: val_loss did not improve from 10.97626
 - 56s - loss: 10.7022 - val_loss: 11.1883
Epoch 148/8000

Epoch 00148: val_loss did not improve from 10.97626
 - 56s - loss: 10.8522 - val_loss: 11.2734
Epoch 149/8000

Epoch 00149: val_loss did not improve from 10.97626
 - 56s - loss: 10.8907 - val_loss: 11.1560
Epoch 150/8000

Epoch 00150: val_loss improved from 10.97626 to 10.91649, saving model to ../../model_weights/model_2020-03-18_14-31-07.h5
 - 56s - loss: 10.7504 - val_loss: 10.9165
Epoch 151/8000

Epoch 00151: val_loss did not improve from 10.91649
 - 55s - loss: 10.6386 - val_loss: 11.1884
Epoch 152/8000

Epoch 00152: val_loss did not improve from 10.91649
 - 56s - loss: 10.7728 - val_loss: 11.0502
Epoch 153/8000

Epoch 00153: val_loss did not improve from 10.91649
 - 56s - loss: 10.7370 - val_loss: 11.1443
Epoch 154/8000

Epoch 00154: val_loss did not improve from 10.91649
 - 56s - loss: 11.5585 - val_loss: 11.3732
Epoch 155/8000

Epoch 00155: val_loss did not improve from 10.91649
 - 55s - loss: 10.7638 - val_loss: 11.1013
Epoch 156/8000

Epoch 00156: val_loss did not improve from 10.91649
 - 56s - loss: 11.4885 - val_loss: 11.5747
Epoch 157/8000

Epoch 00157: val_loss did not improve from 10.91649
 - 56s - loss: 11.1530 - val_loss: 11.6790
Epoch 158/8000

Epoch 00158: val_loss did not improve from 10.91649
 - 55s - loss: 11.0266 - val_loss: 11.3978
Epoch 159/8000

Epoch 00159: val_loss did not improve from 10.91649
 - 55s - loss: 10.8376 - val_loss: 11.0542
Epoch 160/8000

Epoch 00160: val_loss did not improve from 10.91649
 - 55s - loss: 10.7114 - val_loss: 11.7349
Epoch 161/8000

Epoch 00161: val_loss did not improve from 10.91649
 - 56s - loss: 11.2661 - val_loss: 11.4876
Epoch 162/8000

Epoch 00162: val_loss did not improve from 10.91649
 - 56s - loss: 10.9540 - val_loss: 11.2058
Epoch 163/8000

Epoch 00163: val_loss did not improve from 10.91649
 - 56s - loss: 11.0178 - val_loss: 12.1291
Epoch 164/8000

Epoch 00164: val_loss did not improve from 10.91649
 - 56s - loss: 10.9388 - val_loss: 11.4779
Epoch 165/8000

Epoch 00165: val_loss did not improve from 10.91649
 - 55s - loss: 11.2358 - val_loss: 11.0016
Epoch 166/8000

Epoch 00166: val_loss did not improve from 10.91649
 - 55s - loss: 10.8102 - val_loss: 11.4180
Epoch 167/8000

Epoch 00167: val_loss did not improve from 10.91649
 - 56s - loss: 10.6573 - val_loss: 11.2116
Epoch 168/8000

Epoch 00168: val_loss did not improve from 10.91649
 - 56s - loss: 10.8252 - val_loss: 11.1457
Epoch 169/8000

Epoch 00169: val_loss did not improve from 10.91649
 - 56s - loss: 11.2096 - val_loss: 11.4641
Epoch 170/8000

Epoch 00170: val_loss did not improve from 10.91649
 - 56s - loss: 10.8908 - val_loss: 11.5254
Epoch 171/8000

Epoch 00171: val_loss did not improve from 10.91649
 - 56s - loss: 10.8168 - val_loss: 11.1486
Epoch 172/8000

Epoch 00172: val_loss did not improve from 10.91649
 - 55s - loss: 11.0074 - val_loss: 11.6019
Epoch 173/8000

Epoch 00173: val_loss did not improve from 10.91649
 - 55s - loss: 11.1825 - val_loss: 11.8226
Epoch 174/8000

Epoch 00174: val_loss did not improve from 10.91649
 - 55s - loss: 10.8474 - val_loss: 11.2406
Epoch 175/8000

Epoch 00175: val_loss did not improve from 10.91649
 - 56s - loss: 11.2555 - val_loss: 11.7469
Epoch 176/8000

Epoch 00176: val_loss did not improve from 10.91649
 - 55s - loss: 11.0688 - val_loss: 11.3334
Epoch 177/8000

Epoch 00177: val_loss did not improve from 10.91649
 - 55s - loss: 10.8164 - val_loss: 11.3328
Epoch 178/8000

Epoch 00178: val_loss did not improve from 10.91649
 - 55s - loss: 10.8095 - val_loss: 11.9631
Epoch 179/8000

Epoch 00179: val_loss did not improve from 10.91649
 - 55s - loss: 10.8876 - val_loss: 11.2195
Epoch 180/8000

Epoch 00180: val_loss did not improve from 10.91649
 - 55s - loss: 10.9084 - val_loss: 11.1699
Epoch 181/8000

Epoch 00181: val_loss did not improve from 10.91649
 - 55s - loss: 10.8256 - val_loss: 11.1277
Epoch 182/8000

Epoch 00182: val_loss did not improve from 10.91649
 - 56s - loss: 10.7884 - val_loss: 11.4286
Epoch 183/8000

Epoch 00183: val_loss did not improve from 10.91649
 - 56s - loss: 10.8644 - val_loss: 11.3156
Epoch 184/8000

Epoch 00184: val_loss did not improve from 10.91649
 - 56s - loss: 10.8325 - val_loss: 11.0872
Epoch 185/8000

Epoch 00185: val_loss did not improve from 10.91649
 - 56s - loss: 10.7161 - val_loss: 11.0981
Epoch 186/8000

Epoch 00186: val_loss did not improve from 10.91649
 - 55s - loss: 10.7865 - val_loss: 11.4630
Epoch 187/8000

Epoch 00187: val_loss did not improve from 10.91649
 - 55s - loss: 10.5446 - val_loss: 10.9221
Epoch 188/8000

Epoch 00188: val_loss did not improve from 10.91649
 - 55s - loss: 10.8227 - val_loss: 11.0303
Epoch 189/8000

Epoch 00189: val_loss did not improve from 10.91649
 - 56s - loss: 10.5213 - val_loss: 11.0453
Epoch 190/8000

Epoch 00190: val_loss did not improve from 10.91649
 - 55s - loss: 10.5584 - val_loss: 11.4159
Epoch 191/8000

Epoch 00191: val_loss did not improve from 10.91649
 - 56s - loss: 10.8174 - val_loss: 11.2853
Epoch 192/8000

Epoch 00192: val_loss did not improve from 10.91649
 - 56s - loss: 10.6007 - val_loss: 11.1694
Epoch 193/8000

Epoch 00193: val_loss did not improve from 10.91649
 - 55s - loss: 10.6406 - val_loss: 11.3701
Epoch 194/8000

Epoch 00194: val_loss did not improve from 10.91649
 - 55s - loss: 10.6152 - val_loss: 11.1350
Epoch 195/8000

Epoch 00195: val_loss did not improve from 10.91649
 - 56s - loss: 10.6440 - val_loss: 11.1637
Epoch 196/8000

Epoch 00196: val_loss did not improve from 10.91649
 - 56s - loss: 10.7244 - val_loss: 10.9576
Epoch 197/8000

Epoch 00197: val_loss did not improve from 10.91649
 - 56s - loss: 10.5016 - val_loss: 11.3031
Epoch 198/8000

Epoch 00198: val_loss did not improve from 10.91649
 - 56s - loss: 10.5557 - val_loss: 11.0096
Epoch 199/8000

Epoch 00199: val_loss did not improve from 10.91649
 - 56s - loss: 10.6772 - val_loss: 11.5635
Epoch 200/8000

Epoch 00200: val_loss did not improve from 10.91649
 - 55s - loss: 10.8504 - val_loss: 11.3314
Epoch 201/8000

Epoch 00201: val_loss did not improve from 10.91649
 - 55s - loss: 11.0056 - val_loss: 12.2562
Epoch 202/8000

Epoch 00202: val_loss did not improve from 10.91649
 - 55s - loss: 11.1696 - val_loss: 11.4016
Epoch 203/8000

Epoch 00203: val_loss did not improve from 10.91649
 - 56s - loss: 10.7309 - val_loss: 11.2274
Epoch 204/8000

Epoch 00204: val_loss did not improve from 10.91649
 - 55s - loss: 10.7396 - val_loss: 11.2297
Epoch 205/8000

Epoch 00205: val_loss did not improve from 10.91649
 - 56s - loss: 10.8848 - val_loss: 11.1065
Epoch 206/8000

Epoch 00206: val_loss did not improve from 10.91649
 - 56s - loss: 10.8216 - val_loss: 11.3646
Epoch 207/8000

Epoch 00207: val_loss did not improve from 10.91649
 - 55s - loss: 10.6843 - val_loss: 11.1715
Epoch 208/8000

Epoch 00208: val_loss did not improve from 10.91649
 - 56s - loss: 10.9122 - val_loss: 11.5281
Epoch 209/8000

Epoch 00209: val_loss did not improve from 10.91649
 - 56s - loss: 11.0896 - val_loss: 11.1171
Epoch 210/8000

Epoch 00210: val_loss did not improve from 10.91649
 - 56s - loss: 10.7315 - val_loss: 10.9389
Epoch 211/8000

Epoch 00211: val_loss improved from 10.91649 to 10.83164, saving model to ../../model_weights/model_2020-03-18_14-31-07.h5
 - 56s - loss: 10.4525 - val_loss: 10.8316
Epoch 212/8000

Epoch 00212: val_loss did not improve from 10.83164
 - 56s - loss: 10.5962 - val_loss: 11.0126
Epoch 213/8000

Epoch 00213: val_loss did not improve from 10.83164
 - 56s - loss: 10.7154 - val_loss: 11.3699
Epoch 214/8000

Epoch 00214: val_loss did not improve from 10.83164
 - 55s - loss: 10.9633 - val_loss: 11.0036
Epoch 215/8000

Epoch 00215: val_loss did not improve from 10.83164
 - 56s - loss: 10.6703 - val_loss: 11.3655
Epoch 216/8000

Epoch 00216: val_loss did not improve from 10.83164
 - 56s - loss: 10.8214 - val_loss: 11.1479
Epoch 217/8000

Epoch 00217: val_loss did not improve from 10.83164
 - 56s - loss: 10.5166 - val_loss: 11.0589
Epoch 218/8000

Epoch 00218: val_loss did not improve from 10.83164
 - 56s - loss: 10.8662 - val_loss: 10.8990
Epoch 219/8000

Epoch 00219: val_loss did not improve from 10.83164
 - 55s - loss: 10.7219 - val_loss: 11.0132
Epoch 220/8000

Epoch 00220: val_loss did not improve from 10.83164
 - 56s - loss: 10.8473 - val_loss: 11.3677
Epoch 221/8000

Epoch 00221: val_loss did not improve from 10.83164
 - 55s - loss: 10.7984 - val_loss: 11.0537
Epoch 222/8000

Epoch 00222: val_loss did not improve from 10.83164
 - 55s - loss: 10.7669 - val_loss: 10.8409
Epoch 223/8000

Epoch 00223: val_loss did not improve from 10.83164
 - 55s - loss: 11.0732 - val_loss: 11.5912
Epoch 224/8000

Epoch 00224: val_loss did not improve from 10.83164
 - 56s - loss: 10.9402 - val_loss: 10.8945
Epoch 225/8000

Epoch 00225: val_loss did not improve from 10.83164
 - 56s - loss: 10.5978 - val_loss: 10.9356
Epoch 226/8000

Epoch 00226: val_loss did not improve from 10.83164
 - 56s - loss: 11.2112 - val_loss: 11.7747
Epoch 227/8000

Epoch 00227: val_loss did not improve from 10.83164
 - 56s - loss: 11.0744 - val_loss: 11.0992
Epoch 228/8000

Epoch 00228: val_loss did not improve from 10.83164
 - 55s - loss: 10.7509 - val_loss: 11.4798
Epoch 229/8000

Epoch 00229: val_loss did not improve from 10.83164
 - 56s - loss: 10.8155 - val_loss: 11.3192
Epoch 230/8000

Epoch 00230: val_loss did not improve from 10.83164
 - 56s - loss: 10.6379 - val_loss: 11.4533
Epoch 231/8000

Epoch 00231: val_loss did not improve from 10.83164
 - 56s - loss: 10.7338 - val_loss: 11.3537
Epoch 232/8000

Epoch 00232: val_loss did not improve from 10.83164
 - 56s - loss: 10.5396 - val_loss: 11.2021
Epoch 233/8000

Epoch 00233: val_loss did not improve from 10.83164
 - 56s - loss: 10.7380 - val_loss: 11.7162
Epoch 234/8000

Epoch 00234: val_loss did not improve from 10.83164
 - 56s - loss: 10.6507 - val_loss: 11.1531
Epoch 235/8000

Epoch 00235: val_loss did not improve from 10.83164
 - 55s - loss: 10.4474 - val_loss: 11.0059
Epoch 236/8000

Epoch 00236: val_loss improved from 10.83164 to 10.80680, saving model to ../../model_weights/model_2020-03-18_14-31-07.h5
 - 56s - loss: 10.4252 - val_loss: 10.8068
Epoch 237/8000

Epoch 00237: val_loss improved from 10.80680 to 10.80649, saving model to ../../model_weights/model_2020-03-18_14-31-07.h5
 - 55s - loss: 10.8689 - val_loss: 10.8065
Epoch 238/8000

Epoch 00238: val_loss did not improve from 10.80649
 - 56s - loss: 10.9685 - val_loss: 10.9743
Epoch 239/8000

Epoch 00239: val_loss did not improve from 10.80649
 - 55s - loss: 10.4557 - val_loss: 10.8663
Epoch 240/8000

Epoch 00240: val_loss did not improve from 10.80649
 - 55s - loss: 10.5739 - val_loss: 10.8713
Epoch 241/8000

Epoch 00241: val_loss did not improve from 10.80649
 - 56s - loss: 10.4887 - val_loss: 11.2560
Epoch 242/8000

Epoch 00242: val_loss did not improve from 10.80649
 - 55s - loss: 10.3838 - val_loss: 10.8664
Epoch 243/8000

Epoch 00243: val_loss did not improve from 10.80649
 - 56s - loss: 10.4263 - val_loss: 11.0071
Epoch 244/8000

Epoch 00244: val_loss did not improve from 10.80649
 - 56s - loss: 10.4297 - val_loss: 11.1045
Epoch 245/8000

Epoch 00245: val_loss did not improve from 10.80649
 - 56s - loss: 11.1707 - val_loss: 11.6270
Epoch 246/8000

Epoch 00246: val_loss did not improve from 10.80649
 - 56s - loss: 10.8301 - val_loss: 11.1657
Epoch 247/8000

Epoch 00247: val_loss did not improve from 10.80649
 - 56s - loss: 10.8759 - val_loss: 11.9715
Epoch 248/8000

Epoch 00248: val_loss did not improve from 10.80649
 - 56s - loss: 10.6352 - val_loss: 11.0896
Epoch 249/8000

Epoch 00249: val_loss did not improve from 10.80649
 - 55s - loss: 10.6859 - val_loss: 11.2359
Epoch 250/8000

Epoch 00250: val_loss did not improve from 10.80649
 - 56s - loss: 10.4308 - val_loss: 11.1528
Epoch 251/8000

Epoch 00251: val_loss did not improve from 10.80649
 - 56s - loss: 10.4583 - val_loss: 11.4087
Epoch 252/8000

Epoch 00252: val_loss did not improve from 10.80649
 - 56s - loss: 10.5211 - val_loss: 10.9996
Epoch 253/8000

Epoch 00253: val_loss did not improve from 10.80649
 - 55s - loss: 10.5198 - val_loss: 11.0670
Epoch 254/8000

Epoch 00254: val_loss did not improve from 10.80649
 - 56s - loss: 10.8554 - val_loss: 11.5357
Epoch 255/8000

Epoch 00255: val_loss did not improve from 10.80649
 - 56s - loss: 10.6061 - val_loss: 11.1246
Epoch 256/8000

Epoch 00256: val_loss did not improve from 10.80649
 - 55s - loss: 10.7340 - val_loss: 11.1928
Epoch 257/8000

Epoch 00257: val_loss did not improve from 10.80649
 - 55s - loss: 10.5993 - val_loss: 11.2008
Epoch 258/8000

Epoch 00258: val_loss did not improve from 10.80649
 - 55s - loss: 10.5874 - val_loss: 11.1527
Epoch 259/8000

Epoch 00259: val_loss did not improve from 10.80649
 - 56s - loss: 10.5512 - val_loss: 11.2297
Epoch 260/8000

Epoch 00260: val_loss did not improve from 10.80649
 - 55s - loss: 10.6403 - val_loss: 11.7620
Epoch 261/8000

Epoch 00261: val_loss did not improve from 10.80649
 - 56s - loss: 10.6474 - val_loss: 11.1473
Epoch 262/8000

Epoch 00262: val_loss did not improve from 10.80649
 - 56s - loss: 10.7988 - val_loss: 11.2656
Epoch 263/8000

Epoch 00263: val_loss did not improve from 10.80649
 - 56s - loss: 10.4510 - val_loss: 11.3708
Epoch 264/8000

Epoch 00264: val_loss did not improve from 10.80649
 - 56s - loss: 10.6164 - val_loss: 11.2821
Epoch 265/8000

Epoch 00265: val_loss did not improve from 10.80649
 - 56s - loss: 10.4959 - val_loss: 11.0418
Epoch 266/8000

Epoch 00266: val_loss did not improve from 10.80649
 - 56s - loss: 10.4286 - val_loss: 11.1650
Epoch 267/8000

Epoch 00267: val_loss did not improve from 10.80649
 - 56s - loss: 10.4475 - val_loss: 11.5567
Epoch 268/8000

Epoch 00268: val_loss did not improve from 10.80649
 - 56s - loss: 10.7212 - val_loss: 11.7991
Epoch 269/8000

Epoch 00269: val_loss did not improve from 10.80649
 - 56s - loss: 10.4544 - val_loss: 11.0221
Epoch 270/8000

Epoch 00270: val_loss did not improve from 10.80649
 - 55s - loss: 10.4026 - val_loss: 11.2893
Epoch 271/8000

Epoch 00271: val_loss did not improve from 10.80649
 - 56s - loss: 10.3218 - val_loss: 10.8820
Epoch 272/8000

Epoch 00272: val_loss did not improve from 10.80649
 - 55s - loss: 10.4533 - val_loss: 11.2745
Epoch 273/8000

Epoch 00273: val_loss did not improve from 10.80649
 - 56s - loss: 10.5817 - val_loss: 10.9718
Epoch 274/8000

Epoch 00274: val_loss did not improve from 10.80649
 - 55s - loss: 10.2663 - val_loss: 11.1104
Epoch 275/8000

Epoch 00275: val_loss did not improve from 10.80649
 - 56s - loss: 10.3454 - val_loss: 11.1716
Epoch 276/8000

Epoch 00276: val_loss did not improve from 10.80649
 - 55s - loss: 10.5852 - val_loss: 11.6206
Epoch 277/8000

Epoch 00277: val_loss did not improve from 10.80649
 - 55s - loss: 10.7586 - val_loss: 10.8350
Epoch 278/8000

Epoch 00278: val_loss improved from 10.80649 to 10.79482, saving model to ../../model_weights/model_2020-03-18_14-31-07.h5
 - 55s - loss: 10.2944 - val_loss: 10.7948
Epoch 279/8000

Epoch 00279: val_loss did not improve from 10.79482
 - 55s - loss: 10.4020 - val_loss: 11.1969
Epoch 280/8000

Epoch 00280: val_loss did not improve from 10.79482
 - 56s - loss: 11.4428 - val_loss: 20.0745
Epoch 281/8000

Epoch 00281: val_loss did not improve from 10.79482
 - 55s - loss: 18.4654 - val_loss: 15.1575
Epoch 282/8000

Epoch 00282: val_loss did not improve from 10.79482
 - 56s - loss: 14.7875 - val_loss: 13.9005
Epoch 283/8000

Epoch 00283: val_loss did not improve from 10.79482
 - 56s - loss: 13.9045 - val_loss: 13.7947
Epoch 284/8000

Epoch 00284: val_loss did not improve from 10.79482
 - 55s - loss: 13.3908 - val_loss: 12.7932
Epoch 285/8000

Epoch 00285: val_loss did not improve from 10.79482
 - 55s - loss: 12.6789 - val_loss: 12.4800
Epoch 286/8000

Epoch 00286: val_loss did not improve from 10.79482
 - 56s - loss: 12.1818 - val_loss: 12.0068
Epoch 287/8000

Epoch 00287: val_loss did not improve from 10.79482
 - 56s - loss: 11.8589 - val_loss: 11.8814
Epoch 288/8000

Epoch 00288: val_loss did not improve from 10.79482
 - 56s - loss: 11.7575 - val_loss: 11.8020
Epoch 289/8000

Epoch 00289: val_loss did not improve from 10.79482
 - 56s - loss: 11.5713 - val_loss: 11.5551
Epoch 290/8000

Epoch 00290: val_loss did not improve from 10.79482
 - 56s - loss: 11.4342 - val_loss: 11.4793
Epoch 291/8000

Epoch 00291: val_loss did not improve from 10.79482
 - 55s - loss: 11.2517 - val_loss: 11.6530
Epoch 292/8000

Epoch 00292: val_loss did not improve from 10.79482
 - 55s - loss: 11.1235 - val_loss: 11.5014
Epoch 293/8000

Epoch 00293: val_loss did not improve from 10.79482
 - 55s - loss: 11.0822 - val_loss: 11.4123
Epoch 294/8000

Epoch 00294: val_loss did not improve from 10.79482
 - 56s - loss: 11.0569 - val_loss: 11.2437
Epoch 295/8000

Epoch 00295: val_loss did not improve from 10.79482
 - 55s - loss: 10.7682 - val_loss: 11.2289
Epoch 296/8000

Epoch 00296: val_loss did not improve from 10.79482
 - 56s - loss: 11.0781 - val_loss: 11.0990
Epoch 297/8000

Epoch 00297: val_loss did not improve from 10.79482
 - 56s - loss: 11.2932 - val_loss: 11.4019
Epoch 298/8000

Epoch 00298: val_loss did not improve from 10.79482
 - 55s - loss: 10.7683 - val_loss: 10.9895
Epoch 299/8000

Epoch 00299: val_loss did not improve from 10.79482
 - 55s - loss: 10.7115 - val_loss: 11.0903
Epoch 300/8000

Epoch 00300: val_loss did not improve from 10.79482
 - 55s - loss: 10.8689 - val_loss: 11.4390
Epoch 301/8000

Epoch 00301: val_loss did not improve from 10.79482
 - 56s - loss: 10.8509 - val_loss: 11.2385
Epoch 302/8000

Epoch 00302: val_loss did not improve from 10.79482
 - 56s - loss: 10.7780 - val_loss: 11.0529
Epoch 303/8000

Epoch 00303: val_loss did not improve from 10.79482
 - 56s - loss: 10.5304 - val_loss: 10.9387
Epoch 304/8000

Epoch 00304: val_loss did not improve from 10.79482
 - 56s - loss: 10.4544 - val_loss: 11.1708
Epoch 305/8000

Epoch 00305: val_loss did not improve from 10.79482
 - 55s - loss: 10.4535 - val_loss: 11.6040
Epoch 306/8000

Epoch 00306: val_loss did not improve from 10.79482
 - 56s - loss: 10.6253 - val_loss: 10.9771
Epoch 307/8000

Epoch 00307: val_loss did not improve from 10.79482
 - 56s - loss: 10.5479 - val_loss: 11.1908
Epoch 308/8000

Epoch 00308: val_loss did not improve from 10.79482
 - 56s - loss: 11.0204 - val_loss: 12.0046
Epoch 309/8000

Epoch 00309: val_loss did not improve from 10.79482
 - 55s - loss: 11.3473 - val_loss: 11.0466
Epoch 310/8000

Epoch 00310: val_loss did not improve from 10.79482
 - 55s - loss: 10.6455 - val_loss: 10.9011
Epoch 311/8000

Epoch 00311: val_loss did not improve from 10.79482
 - 56s - loss: 10.5211 - val_loss: 11.1067
Epoch 312/8000

Epoch 00312: val_loss did not improve from 10.79482
 - 55s - loss: 10.5454 - val_loss: 10.9695
Epoch 313/8000

Epoch 00313: val_loss did not improve from 10.79482
 - 55s - loss: 10.4158 - val_loss: 10.9992
Epoch 314/8000

Epoch 00314: val_loss did not improve from 10.79482
 - 55s - loss: 10.4957 - val_loss: 11.1219
Epoch 315/8000

Epoch 00315: val_loss did not improve from 10.79482
 - 56s - loss: 10.4973 - val_loss: 10.8494
Epoch 316/8000

Epoch 00316: val_loss did not improve from 10.79482
 - 55s - loss: 10.1932 - val_loss: 11.0938
Epoch 317/8000

Epoch 00317: val_loss did not improve from 10.79482
 - 56s - loss: 10.3333 - val_loss: 11.0139
Epoch 318/8000

Epoch 00318: val_loss did not improve from 10.79482
 - 55s - loss: 10.3314 - val_loss: 11.2683
Epoch 319/8000

Epoch 00319: val_loss did not improve from 10.79482
 - 55s - loss: 10.5762 - val_loss: 11.2208
Epoch 320/8000

Epoch 00320: val_loss improved from 10.79482 to 10.73006, saving model to ../../model_weights/model_2020-03-18_14-31-07.h5
 - 56s - loss: 10.3023 - val_loss: 10.7301
Epoch 321/8000

Epoch 00321: val_loss did not improve from 10.73006
 - 55s - loss: 10.1879 - val_loss: 11.0849
Epoch 322/8000

Epoch 00322: val_loss did not improve from 10.73006
 - 56s - loss: 10.2206 - val_loss: 11.0109
Epoch 323/8000

Epoch 00323: val_loss did not improve from 10.73006
 - 56s - loss: 10.5121 - val_loss: 11.4852
Epoch 324/8000

Epoch 00324: val_loss did not improve from 10.73006
 - 56s - loss: 10.6371 - val_loss: 11.0603
Epoch 325/8000

Epoch 00325: val_loss did not improve from 10.73006
 - 56s - loss: 10.3846 - val_loss: 11.1565
Epoch 326/8000

Epoch 00326: val_loss did not improve from 10.73006
 - 55s - loss: 10.5919 - val_loss: 10.9100
Epoch 327/8000

Epoch 00327: val_loss did not improve from 10.73006
 - 56s - loss: 10.2658 - val_loss: 11.1218
Epoch 328/8000

Epoch 00328: val_loss did not improve from 10.73006
 - 56s - loss: 10.7265 - val_loss: 11.1045
Epoch 329/8000

Epoch 00329: val_loss did not improve from 10.73006
 - 56s - loss: 10.3574 - val_loss: 11.0003
Epoch 330/8000

Epoch 00330: val_loss did not improve from 10.73006
 - 56s - loss: 10.3761 - val_loss: 11.2460
Epoch 331/8000

Epoch 00331: val_loss did not improve from 10.73006
 - 56s - loss: 10.4582 - val_loss: 10.9838
Epoch 332/8000

Epoch 00332: val_loss did not improve from 10.73006
 - 56s - loss: 10.2482 - val_loss: 10.9553
Epoch 333/8000

Epoch 00333: val_loss did not improve from 10.73006
 - 55s - loss: 10.4188 - val_loss: 10.8602
Epoch 334/8000

Epoch 00334: val_loss did not improve from 10.73006
 - 55s - loss: 10.4613 - val_loss: 10.9453
Epoch 335/8000

Epoch 00335: val_loss did not improve from 10.73006
 - 55s - loss: 10.5979 - val_loss: 10.8946
Epoch 336/8000

Epoch 00336: val_loss did not improve from 10.73006
 - 56s - loss: 10.3194 - val_loss: 11.0074
Epoch 337/8000

Epoch 00337: val_loss did not improve from 10.73006
 - 56s - loss: 10.2742 - val_loss: 11.0120
Epoch 338/8000

Epoch 00338: val_loss did not improve from 10.73006
 - 56s - loss: 10.3677 - val_loss: 10.9625
Epoch 339/8000

Epoch 00339: val_loss did not improve from 10.73006
 - 56s - loss: 10.3897 - val_loss: 11.0716
Epoch 340/8000

Epoch 00340: val_loss did not improve from 10.73006
 - 55s - loss: 10.9437 - val_loss: 11.7892
Epoch 341/8000

Epoch 00341: val_loss did not improve from 10.73006
 - 55s - loss: 12.2892 - val_loss: 11.5988
Epoch 342/8000

Epoch 00342: val_loss did not improve from 10.73006
 - 56s - loss: 11.4820 - val_loss: 11.5276
Epoch 343/8000

Epoch 00343: val_loss did not improve from 10.73006
 - 56s - loss: 11.4787 - val_loss: 12.1960
Epoch 344/8000

Epoch 00344: val_loss did not improve from 10.73006
 - 56s - loss: 12.1350 - val_loss: 11.9023
Epoch 345/8000

Epoch 00345: val_loss did not improve from 10.73006
 - 56s - loss: 11.2713 - val_loss: 11.4246
Epoch 346/8000

Epoch 00346: val_loss did not improve from 10.73006
 - 56s - loss: 10.8414 - val_loss: 11.5767
Epoch 347/8000

Epoch 00347: val_loss did not improve from 10.73006
 - 56s - loss: 10.8756 - val_loss: 11.0913
Epoch 348/8000

Epoch 00348: val_loss did not improve from 10.73006
 - 55s - loss: 10.8011 - val_loss: 11.2795
Epoch 349/8000

Epoch 00349: val_loss did not improve from 10.73006
 - 56s - loss: 10.3233 - val_loss: 11.0156
Epoch 350/8000

Epoch 00350: val_loss did not improve from 10.73006
 - 56s - loss: 10.4284 - val_loss: 10.8756
Epoch 351/8000

Epoch 00351: val_loss did not improve from 10.73006
 - 56s - loss: 10.4201 - val_loss: 11.0622
Epoch 352/8000

Epoch 00352: val_loss did not improve from 10.73006
 - 56s - loss: 10.2826 - val_loss: 11.0144
Epoch 353/8000

Epoch 00353: val_loss did not improve from 10.73006
 - 56s - loss: 10.3137 - val_loss: 11.1541
Epoch 354/8000

Epoch 00354: val_loss did not improve from 10.73006
 - 55s - loss: 10.5584 - val_loss: 11.3424
Epoch 355/8000

Epoch 00355: val_loss did not improve from 10.73006
 - 55s - loss: 10.5472 - val_loss: 11.5405
Epoch 356/8000

Epoch 00356: val_loss did not improve from 10.73006
 - 55s - loss: 10.3175 - val_loss: 10.7750
Epoch 357/8000

Epoch 00357: val_loss did not improve from 10.73006
 - 56s - loss: 10.4670 - val_loss: 11.3632
Epoch 358/8000

Epoch 00358: val_loss did not improve from 10.73006
 - 55s - loss: 10.3656 - val_loss: 10.8527
Epoch 359/8000

Epoch 00359: val_loss did not improve from 10.73006
 - 56s - loss: 10.3502 - val_loss: 10.9021
Epoch 360/8000

Epoch 00360: val_loss did not improve from 10.73006
 - 56s - loss: 10.4158 - val_loss: 11.0083
Epoch 361/8000

Epoch 00361: val_loss did not improve from 10.73006
 - 55s - loss: 10.2141 - val_loss: 10.8832
Epoch 362/8000

Epoch 00362: val_loss did not improve from 10.73006
 - 55s - loss: 10.2306 - val_loss: 10.9499
Epoch 363/8000

Epoch 00363: val_loss did not improve from 10.73006
 - 55s - loss: 10.2056 - val_loss: 10.7906
Epoch 364/8000

Epoch 00364: val_loss did not improve from 10.73006
 - 56s - loss: 10.2806 - val_loss: 11.0972
Epoch 365/8000

Epoch 00365: val_loss did not improve from 10.73006
 - 55s - loss: 10.3057 - val_loss: 11.5470
Epoch 366/8000

Epoch 00366: val_loss did not improve from 10.73006
 - 56s - loss: 10.5265 - val_loss: 11.2041
Epoch 367/8000

Epoch 00367: val_loss did not improve from 10.73006
 - 56s - loss: 10.2159 - val_loss: 10.8637
Epoch 368/8000

Epoch 00368: val_loss did not improve from 10.73006
 - 55s - loss: 10.2466 - val_loss: 10.8393
Epoch 369/8000

Epoch 00369: val_loss did not improve from 10.73006
 - 56s - loss: 10.2057 - val_loss: 11.2448
Epoch 370/8000

Epoch 00370: val_loss did not improve from 10.73006
 - 56s - loss: 10.4883 - val_loss: 11.1754
Epoch 371/8000

Epoch 00371: val_loss did not improve from 10.73006
 - 56s - loss: 10.3327 - val_loss: 10.7744
Epoch 372/8000

Epoch 00372: val_loss did not improve from 10.73006
 - 55s - loss: 10.1519 - val_loss: 10.8540
Epoch 373/8000

Epoch 00373: val_loss did not improve from 10.73006
 - 55s - loss: 10.6534 - val_loss: 10.8485
Epoch 374/8000

Epoch 00374: val_loss did not improve from 10.73006
 - 55s - loss: 10.2571 - val_loss: 10.9418
Epoch 375/8000

Epoch 00375: val_loss did not improve from 10.73006
 - 55s - loss: 10.2781 - val_loss: 11.1899
Epoch 376/8000

Epoch 00376: val_loss did not improve from 10.73006
 - 55s - loss: 10.2856 - val_loss: 10.9119
Epoch 377/8000

Epoch 00377: val_loss did not improve from 10.73006
 - 55s - loss: 10.3330 - val_loss: 10.9099
Epoch 378/8000

Epoch 00378: val_loss did not improve from 10.73006
 - 56s - loss: 10.1797 - val_loss: 10.9038
Epoch 379/8000

Epoch 00379: val_loss did not improve from 10.73006
 - 55s - loss: 10.3285 - val_loss: 10.8468
Epoch 380/8000

Epoch 00380: val_loss did not improve from 10.73006
 - 56s - loss: 10.0872 - val_loss: 10.9053
Epoch 381/8000

Epoch 00381: val_loss did not improve from 10.73006
 - 56s - loss: 10.2882 - val_loss: 11.1292
Epoch 382/8000

Epoch 00382: val_loss did not improve from 10.73006
 - 55s - loss: 10.3670 - val_loss: 10.9099
Epoch 383/8000

Epoch 00383: val_loss did not improve from 10.73006
 - 56s - loss: 10.2669 - val_loss: 10.9731
Epoch 384/8000

Epoch 00384: val_loss did not improve from 10.73006
 - 56s - loss: 10.1765 - val_loss: 10.9930
Epoch 385/8000

Epoch 00385: val_loss did not improve from 10.73006
 - 56s - loss: 10.1522 - val_loss: 11.2746
Epoch 386/8000

Epoch 00386: val_loss did not improve from 10.73006
 - 56s - loss: 10.2515 - val_loss: 12.1850
Epoch 387/8000

Epoch 00387: val_loss did not improve from 10.73006
 - 56s - loss: 10.4550 - val_loss: 11.0442
Epoch 388/8000

Epoch 00388: val_loss did not improve from 10.73006
 - 56s - loss: 10.0621 - val_loss: 10.7358
Epoch 389/8000

Epoch 00389: val_loss did not improve from 10.73006
 - 55s - loss: 10.6803 - val_loss: 11.5406
Epoch 390/8000

Epoch 00390: val_loss did not improve from 10.73006
 - 56s - loss: 10.7210 - val_loss: 11.0644
Epoch 391/8000

Epoch 00391: val_loss did not improve from 10.73006
 - 55s - loss: 10.3758 - val_loss: 10.8028
Epoch 392/8000

Epoch 00392: val_loss did not improve from 10.73006
 - 56s - loss: 9.9840 - val_loss: 10.8733
Epoch 393/8000

Epoch 00393: val_loss did not improve from 10.73006
 - 55s - loss: 10.1747 - val_loss: 10.7914
Epoch 394/8000

Epoch 00394: val_loss did not improve from 10.73006
 - 55s - loss: 10.0404 - val_loss: 10.9956
Epoch 395/8000

Epoch 00395: val_loss did not improve from 10.73006
 - 56s - loss: 10.5082 - val_loss: 11.0571
Epoch 396/8000

Epoch 00396: val_loss did not improve from 10.73006
 - 55s - loss: 10.2462 - val_loss: 11.1212
Epoch 397/8000

Epoch 00397: val_loss did not improve from 10.73006
 - 55s - loss: 10.2612 - val_loss: 10.8415
Epoch 398/8000

Epoch 00398: val_loss did not improve from 10.73006
 - 56s - loss: 10.1633 - val_loss: 10.8223
Epoch 399/8000

Epoch 00399: val_loss did not improve from 10.73006
 - 56s - loss: 10.4334 - val_loss: 11.4889
Epoch 400/8000

Epoch 00400: val_loss did not improve from 10.73006
 - 55s - loss: 10.6510 - val_loss: 11.0214
Epoch 401/8000

Epoch 00401: val_loss did not improve from 10.73006
 - 55s - loss: 10.4219 - val_loss: 10.8446
Epoch 402/8000

Epoch 00402: val_loss did not improve from 10.73006
 - 56s - loss: 10.3177 - val_loss: 10.9196
Epoch 403/8000

Epoch 00403: val_loss did not improve from 10.73006
 - 55s - loss: 10.1895 - val_loss: 10.7611
Epoch 404/8000

Epoch 00404: val_loss did not improve from 10.73006
 - 56s - loss: 10.4269 - val_loss: 10.9820
Epoch 405/8000

Epoch 00405: val_loss did not improve from 10.73006
 - 56s - loss: 10.6907 - val_loss: 11.2048
Epoch 406/8000

Epoch 00406: val_loss did not improve from 10.73006
 - 56s - loss: 10.4515 - val_loss: 11.2360
Epoch 407/8000

Epoch 00407: val_loss did not improve from 10.73006
 - 55s - loss: 10.1941 - val_loss: 10.8824
Epoch 408/8000

Epoch 00408: val_loss did not improve from 10.73006
 - 56s - loss: 10.3049 - val_loss: 10.8428
Epoch 409/8000

Epoch 00409: val_loss did not improve from 10.73006
 - 55s - loss: 10.2043 - val_loss: 10.7823
Epoch 410/8000

Epoch 00410: val_loss did not improve from 10.73006
 - 55s - loss: 10.4755 - val_loss: 11.2012
Epoch 411/8000

Epoch 00411: val_loss did not improve from 10.73006
 - 55s - loss: 10.3102 - val_loss: 10.8215
Epoch 412/8000

Epoch 00412: val_loss did not improve from 10.73006
 - 55s - loss: 10.2430 - val_loss: 10.9369
Epoch 413/8000

Epoch 00413: val_loss did not improve from 10.73006
 - 56s - loss: 10.5614 - val_loss: 11.0141
Epoch 414/8000

Epoch 00414: val_loss did not improve from 10.73006
 - 55s - loss: 10.3866 - val_loss: 11.3216
Epoch 415/8000

Epoch 00415: val_loss did not improve from 10.73006
 - 56s - loss: 10.3703 - val_loss: 11.3160
Epoch 416/8000

Epoch 00416: val_loss did not improve from 10.73006
 - 56s - loss: 10.1862 - val_loss: 10.7407
Epoch 417/8000

Epoch 00417: val_loss did not improve from 10.73006
 - 55s - loss: 10.1349 - val_loss: 11.1082
Epoch 418/8000

Epoch 00418: val_loss did not improve from 10.73006
 - 56s - loss: 10.1474 - val_loss: 11.3052
Epoch 419/8000

Epoch 00419: val_loss did not improve from 10.73006
 - 56s - loss: 10.6595 - val_loss: 11.0051
Epoch 420/8000

Epoch 00420: val_loss did not improve from 10.73006
 - 56s - loss: 10.4299 - val_loss: 10.9318
Epoch 00420: early stopping
