2020-03-25 10:44:58.875158: I tensorflow/core/platform/cpu_feature_guard.cc:141] Your CPU supports instructions that this TensorFlow binary was not compiled to use: SSE4.1 SSE4.2 AVX
2020-03-25 10:44:59.192776: I tensorflow/stream_executor/cuda/cuda_gpu_executor.cc:897] successful NUMA node read from SysFS had negative value (-1), but there must be at least one NUMA node, so returning NUMA node zero
2020-03-25 10:44:59.193333: I tensorflow/core/common_runtime/gpu/gpu_device.cc:1405] Found device 0 with properties: 
name: TITAN Xp major: 6 minor: 1 memoryClockRate(GHz): 1.582
pciBusID: 0000:01:00.0
totalMemory: 11.91GiB freeMemory: 11.75GiB
2020-03-25 10:44:59.193351: I tensorflow/core/common_runtime/gpu/gpu_device.cc:1484] Adding visible gpu devices: 0
2020-03-25 10:44:59.476532: I tensorflow/core/common_runtime/gpu/gpu_device.cc:965] Device interconnect StreamExecutor with strength 1 edge matrix:
2020-03-25 10:44:59.476578: I tensorflow/core/common_runtime/gpu/gpu_device.cc:971]      0 
2020-03-25 10:44:59.476587: I tensorflow/core/common_runtime/gpu/gpu_device.cc:984] 0:   N 
2020-03-25 10:44:59.476833: I tensorflow/core/common_runtime/gpu/gpu_device.cc:1097] Created TensorFlow device (/job:localhost/replica:0/task:0/device:GPU:0 with 11366 MB memory) -> physical GPU (device: 0, name: TITAN Xp, pci bus id: 0000:01:00.0, compute capability: 6.1)
2020-03-25 10:44:59.811093: I tensorflow/core/kernels/cuda_solvers.cc:159] Creating CudaSolver handles for stream 0x55af344c4140
Epoch 1/8000

Epoch 00001: val_loss improved from inf to 30.25252, saving model to ../../model_weights/model_2020-03-25_10-44-58.h5
 - 52s - loss: 43.7095 - val_loss: 30.2525
Epoch 2/8000

Epoch 00002: val_loss did not improve from 30.25252
 - 49s - loss: 32.4120 - val_loss: 31.8796
Epoch 3/8000

Epoch 00003: val_loss improved from 30.25252 to 25.14882, saving model to ../../model_weights/model_2020-03-25_10-44-58.h5
 - 50s - loss: 30.5169 - val_loss: 25.1488
Epoch 4/8000

Epoch 00004: val_loss improved from 25.14882 to 24.52008, saving model to ../../model_weights/model_2020-03-25_10-44-58.h5
 - 49s - loss: 26.5527 - val_loss: 24.5201
Epoch 5/8000

Epoch 00005: val_loss did not improve from 24.52008
 - 49s - loss: 27.7895 - val_loss: 25.9837
Epoch 6/8000

Epoch 00006: val_loss did not improve from 24.52008
 - 50s - loss: 34.5461 - val_loss: 37.4469
Epoch 7/8000

Epoch 00007: val_loss did not improve from 24.52008
 - 49s - loss: 31.0239 - val_loss: 28.0811
Epoch 8/8000

Epoch 00008: val_loss improved from 24.52008 to 23.91573, saving model to ../../model_weights/model_2020-03-25_10-44-58.h5
 - 50s - loss: 25.3689 - val_loss: 23.9157
Epoch 9/8000

Epoch 00009: val_loss improved from 23.91573 to 22.75921, saving model to ../../model_weights/model_2020-03-25_10-44-58.h5
 - 50s - loss: 23.2475 - val_loss: 22.7592
Epoch 10/8000

Epoch 00010: val_loss improved from 22.75921 to 22.09771, saving model to ../../model_weights/model_2020-03-25_10-44-58.h5
 - 50s - loss: 22.6089 - val_loss: 22.0977
Epoch 11/8000

Epoch 00011: val_loss did not improve from 22.09771
 - 50s - loss: 22.4431 - val_loss: 22.2123
Epoch 12/8000

Epoch 00012: val_loss did not improve from 22.09771
 - 50s - loss: 22.2528 - val_loss: 22.1468
Epoch 13/8000

Epoch 00013: val_loss improved from 22.09771 to 21.72548, saving model to ../../model_weights/model_2020-03-25_10-44-58.h5
 - 50s - loss: 22.2367 - val_loss: 21.7255
Epoch 14/8000

Epoch 00014: val_loss did not improve from 21.72548
 - 50s - loss: 22.0306 - val_loss: 21.8521
Epoch 15/8000

Epoch 00015: val_loss did not improve from 21.72548
 - 50s - loss: 21.9807 - val_loss: 21.8841
Epoch 16/8000

Epoch 00016: val_loss did not improve from 21.72548
 - 50s - loss: 22.1223 - val_loss: 21.9733
Epoch 17/8000

Epoch 00017: val_loss did not improve from 21.72548
 - 50s - loss: 21.9477 - val_loss: 21.7366
Epoch 18/8000

Epoch 00018: val_loss did not improve from 21.72548
 - 50s - loss: 22.0234 - val_loss: 21.8052
Epoch 19/8000

Epoch 00019: val_loss did not improve from 21.72548
 - 50s - loss: 23.1738 - val_loss: 22.3025
Epoch 20/8000

Epoch 00020: val_loss did not improve from 21.72548
 - 50s - loss: 22.1854 - val_loss: 21.9464
Epoch 21/8000

Epoch 00021: val_loss did not improve from 21.72548
 - 50s - loss: 22.0501 - val_loss: 22.0836
Epoch 22/8000

Epoch 00022: val_loss improved from 21.72548 to 21.64455, saving model to ../../model_weights/model_2020-03-25_10-44-58.h5
 - 50s - loss: 21.9893 - val_loss: 21.6445
Epoch 23/8000

Epoch 00023: val_loss did not improve from 21.64455
 - 50s - loss: 22.2609 - val_loss: 22.0463
Epoch 24/8000

Epoch 00024: val_loss did not improve from 21.64455
 - 50s - loss: 21.9587 - val_loss: 21.7765
Epoch 25/8000

Epoch 00025: val_loss did not improve from 21.64455
 - 50s - loss: 21.9363 - val_loss: 21.8115
Epoch 26/8000

Epoch 00026: val_loss did not improve from 21.64455
 - 50s - loss: 21.9317 - val_loss: 21.9763
Epoch 27/8000

Epoch 00027: val_loss did not improve from 21.64455
 - 50s - loss: 22.0024 - val_loss: 22.6573
Epoch 28/8000

Epoch 00028: val_loss did not improve from 21.64455
 - 50s - loss: 22.0267 - val_loss: 21.8271
Epoch 29/8000

Epoch 00029: val_loss did not improve from 21.64455
 - 50s - loss: 21.9276 - val_loss: 21.8606
Epoch 30/8000

Epoch 00030: val_loss did not improve from 21.64455
 - 50s - loss: 21.9254 - val_loss: 21.7790
Epoch 31/8000

Epoch 00031: val_loss did not improve from 21.64455
 - 50s - loss: 22.2493 - val_loss: 21.7818
Epoch 32/8000

Epoch 00032: val_loss did not improve from 21.64455
 - 50s - loss: 21.9065 - val_loss: 22.0820
Epoch 33/8000

Epoch 00033: val_loss did not improve from 21.64455
 - 50s - loss: 21.9263 - val_loss: 21.9413
Epoch 34/8000

Epoch 00034: val_loss improved from 21.64455 to 21.43759, saving model to ../../model_weights/model_2020-03-25_10-44-58.h5
 - 50s - loss: 21.9022 - val_loss: 21.4376
Epoch 35/8000

Epoch 00035: val_loss did not improve from 21.43759
 - 50s - loss: 22.0459 - val_loss: 21.9512
Epoch 36/8000

Epoch 00036: val_loss did not improve from 21.43759
 - 50s - loss: 22.0456 - val_loss: 21.8421
Epoch 37/8000

Epoch 00037: val_loss did not improve from 21.43759
 - 50s - loss: 21.8959 - val_loss: 21.9427
Epoch 38/8000

Epoch 00038: val_loss did not improve from 21.43759
 - 50s - loss: 21.9062 - val_loss: 21.5021
Epoch 39/8000

Epoch 00039: val_loss improved from 21.43759 to 20.51514, saving model to ../../model_weights/model_2020-03-25_10-44-58.h5
 - 50s - loss: 21.2599 - val_loss: 20.5151
Epoch 40/8000

Epoch 00040: val_loss did not improve from 20.51514
 - 50s - loss: 22.1198 - val_loss: 21.8676
Epoch 41/8000

Epoch 00041: val_loss did not improve from 20.51514
 - 50s - loss: 21.9198 - val_loss: 21.7945
Epoch 42/8000

Epoch 00042: val_loss did not improve from 20.51514
 - 50s - loss: 21.8381 - val_loss: 21.9762
Epoch 43/8000

Epoch 00043: val_loss improved from 20.51514 to 20.20234, saving model to ../../model_weights/model_2020-03-25_10-44-58.h5
 - 50s - loss: 20.7930 - val_loss: 20.2023
Epoch 44/8000

Epoch 00044: val_loss improved from 20.20234 to 19.91924, saving model to ../../model_weights/model_2020-03-25_10-44-58.h5
 - 50s - loss: 20.2685 - val_loss: 19.9192
Epoch 45/8000

Epoch 00045: val_loss improved from 19.91924 to 18.92295, saving model to ../../model_weights/model_2020-03-25_10-44-58.h5
 - 50s - loss: 19.9742 - val_loss: 18.9229
Epoch 46/8000

Epoch 00046: val_loss improved from 18.92295 to 17.58793, saving model to ../../model_weights/model_2020-03-25_10-44-58.h5
 - 50s - loss: 18.7768 - val_loss: 17.5879
Epoch 47/8000

Epoch 00047: val_loss improved from 17.58793 to 16.53825, saving model to ../../model_weights/model_2020-03-25_10-44-58.h5
 - 50s - loss: 17.4094 - val_loss: 16.5382
Epoch 48/8000

Epoch 00048: val_loss did not improve from 16.53825
 - 50s - loss: 17.1580 - val_loss: 17.4219
Epoch 49/8000

Epoch 00049: val_loss did not improve from 16.53825
 - 50s - loss: 16.3592 - val_loss: 16.8963
Epoch 50/8000

Epoch 00050: val_loss improved from 16.53825 to 15.08887, saving model to ../../model_weights/model_2020-03-25_10-44-58.h5
 - 50s - loss: 16.1445 - val_loss: 15.0889
Epoch 51/8000

Epoch 00051: val_loss did not improve from 15.08887
 - 50s - loss: 16.0661 - val_loss: 16.2925
Epoch 52/8000

Epoch 00052: val_loss did not improve from 15.08887
 - 50s - loss: 16.2038 - val_loss: 15.6091
Epoch 53/8000

Epoch 00053: val_loss improved from 15.08887 to 14.62325, saving model to ../../model_weights/model_2020-03-25_10-44-58.h5
 - 50s - loss: 15.3573 - val_loss: 14.6233
Epoch 54/8000

Epoch 00054: val_loss did not improve from 14.62325
 - 50s - loss: 16.2538 - val_loss: 17.2506
Epoch 55/8000

Epoch 00055: val_loss did not improve from 14.62325
 - 50s - loss: 18.1199 - val_loss: 16.0489
Epoch 56/8000

Epoch 00056: val_loss improved from 14.62325 to 14.46248, saving model to ../../model_weights/model_2020-03-25_10-44-58.h5
 - 50s - loss: 15.6055 - val_loss: 14.4625
Epoch 57/8000

Epoch 00057: val_loss did not improve from 14.46248
 - 50s - loss: 14.7286 - val_loss: 14.9351
Epoch 58/8000

Epoch 00058: val_loss improved from 14.46248 to 13.70662, saving model to ../../model_weights/model_2020-03-25_10-44-58.h5
 - 50s - loss: 14.2522 - val_loss: 13.7066
Epoch 59/8000

Epoch 00059: val_loss did not improve from 13.70662
 - 50s - loss: 14.0016 - val_loss: 14.5532
Epoch 60/8000

Epoch 00060: val_loss improved from 13.70662 to 13.68767, saving model to ../../model_weights/model_2020-03-25_10-44-58.h5
 - 50s - loss: 15.6210 - val_loss: 13.6877
Epoch 61/8000

Epoch 00061: val_loss did not improve from 13.68767
 - 50s - loss: 13.8614 - val_loss: 13.9575
Epoch 62/8000

Epoch 00062: val_loss did not improve from 13.68767
 - 50s - loss: 14.0718 - val_loss: 15.6396
Epoch 63/8000

Epoch 00063: val_loss improved from 13.68767 to 13.19253, saving model to ../../model_weights/model_2020-03-25_10-44-58.h5
 - 50s - loss: 13.9974 - val_loss: 13.1925
Epoch 64/8000

Epoch 00064: val_loss did not improve from 13.19253
 - 50s - loss: 14.3447 - val_loss: 17.9760
Epoch 65/8000

Epoch 00065: val_loss did not improve from 13.19253
 - 50s - loss: 14.6111 - val_loss: 14.3318
Epoch 66/8000

Epoch 00066: val_loss did not improve from 13.19253
 - 50s - loss: 13.6321 - val_loss: 13.2774
Epoch 67/8000

Epoch 00067: val_loss improved from 13.19253 to 13.16911, saving model to ../../model_weights/model_2020-03-25_10-44-58.h5
 - 50s - loss: 13.7631 - val_loss: 13.1691
Epoch 68/8000

Epoch 00068: val_loss improved from 13.16911 to 13.01081, saving model to ../../model_weights/model_2020-03-25_10-44-58.h5
 - 50s - loss: 13.5406 - val_loss: 13.0108
Epoch 69/8000

Epoch 00069: val_loss did not improve from 13.01081
 - 50s - loss: 13.4733 - val_loss: 13.7105
Epoch 70/8000

Epoch 00070: val_loss improved from 13.01081 to 13.00677, saving model to ../../model_weights/model_2020-03-25_10-44-58.h5
 - 50s - loss: 14.4318 - val_loss: 13.0068
Epoch 71/8000

Epoch 00071: val_loss improved from 13.00677 to 12.86001, saving model to ../../model_weights/model_2020-03-25_10-44-58.h5
 - 50s - loss: 13.0817 - val_loss: 12.8600
Epoch 72/8000

Epoch 00072: val_loss improved from 12.86001 to 12.80548, saving model to ../../model_weights/model_2020-03-25_10-44-58.h5
 - 50s - loss: 13.7271 - val_loss: 12.8055
Epoch 73/8000

Epoch 00073: val_loss improved from 12.80548 to 12.63864, saving model to ../../model_weights/model_2020-03-25_10-44-58.h5
 - 50s - loss: 12.8898 - val_loss: 12.6386
Epoch 74/8000

Epoch 00074: val_loss improved from 12.63864 to 12.23070, saving model to ../../model_weights/model_2020-03-25_10-44-58.h5
 - 50s - loss: 12.7607 - val_loss: 12.2307
Epoch 75/8000

Epoch 00075: val_loss did not improve from 12.23070
 - 50s - loss: 12.6360 - val_loss: 12.3856
Epoch 76/8000

Epoch 00076: val_loss did not improve from 12.23070
 - 50s - loss: 13.0729 - val_loss: 13.1467
Epoch 77/8000

Epoch 00077: val_loss did not improve from 12.23070
 - 50s - loss: 17.5897 - val_loss: 17.8164
Epoch 78/8000

Epoch 00078: val_loss did not improve from 12.23070
 - 50s - loss: 15.9103 - val_loss: 13.8910
Epoch 79/8000

Epoch 00079: val_loss did not improve from 12.23070
 - 50s - loss: 13.5068 - val_loss: 12.5719
Epoch 80/8000

Epoch 00080: val_loss did not improve from 12.23070
 - 50s - loss: 12.8930 - val_loss: 12.6323
Epoch 81/8000

Epoch 00081: val_loss did not improve from 12.23070
 - 50s - loss: 12.7031 - val_loss: 13.0917
Epoch 82/8000

Epoch 00082: val_loss did not improve from 12.23070
 - 50s - loss: 13.0209 - val_loss: 12.4382
Epoch 83/8000

Epoch 00083: val_loss did not improve from 12.23070
 - 50s - loss: 12.7578 - val_loss: 12.3737
Epoch 84/8000

Epoch 00084: val_loss did not improve from 12.23070
 - 50s - loss: 12.9115 - val_loss: 12.3719
Epoch 85/8000

Epoch 00085: val_loss did not improve from 12.23070
 - 50s - loss: 12.5252 - val_loss: 12.3581
Epoch 86/8000

Epoch 00086: val_loss did not improve from 12.23070
 - 50s - loss: 12.4994 - val_loss: 12.5993
Epoch 87/8000

Epoch 00087: val_loss did not improve from 12.23070
 - 50s - loss: 12.8290 - val_loss: 12.6888
Epoch 88/8000

Epoch 00088: val_loss improved from 12.23070 to 12.12008, saving model to ../../model_weights/model_2020-03-25_10-44-58.h5
 - 50s - loss: 12.7507 - val_loss: 12.1201
Epoch 89/8000

Epoch 00089: val_loss did not improve from 12.12008
 - 50s - loss: 12.4614 - val_loss: 13.1518
Epoch 90/8000

Epoch 00090: val_loss did not improve from 12.12008
 - 50s - loss: 12.5025 - val_loss: 12.1446
Epoch 91/8000

Epoch 00091: val_loss did not improve from 12.12008
 - 50s - loss: 12.7376 - val_loss: 12.1213
Epoch 92/8000

Epoch 00092: val_loss improved from 12.12008 to 12.09067, saving model to ../../model_weights/model_2020-03-25_10-44-58.h5
 - 50s - loss: 12.2844 - val_loss: 12.0907
Epoch 93/8000

Epoch 00093: val_loss improved from 12.09067 to 12.07112, saving model to ../../model_weights/model_2020-03-25_10-44-58.h5
 - 50s - loss: 12.8521 - val_loss: 12.0711
Epoch 94/8000

Epoch 00094: val_loss improved from 12.07112 to 12.02798, saving model to ../../model_weights/model_2020-03-25_10-44-58.h5
 - 50s - loss: 12.9005 - val_loss: 12.0280
Epoch 95/8000

Epoch 00095: val_loss did not improve from 12.02798
 - 50s - loss: 12.9850 - val_loss: 12.3111
Epoch 96/8000

Epoch 00096: val_loss did not improve from 12.02798
 - 50s - loss: 12.5295 - val_loss: 13.4840
Epoch 97/8000

Epoch 00097: val_loss did not improve from 12.02798
 - 50s - loss: 13.6375 - val_loss: 12.3209
Epoch 98/8000

Epoch 00098: val_loss did not improve from 12.02798
 - 50s - loss: 12.9674 - val_loss: 12.9099
Epoch 99/8000

Epoch 00099: val_loss did not improve from 12.02798
 - 50s - loss: 12.4533 - val_loss: 12.8091
Epoch 100/8000

Epoch 00100: val_loss did not improve from 12.02798
 - 50s - loss: 12.7366 - val_loss: 12.3245
Epoch 101/8000

Epoch 00101: val_loss improved from 12.02798 to 12.02727, saving model to ../../model_weights/model_2020-03-25_10-44-58.h5
 - 50s - loss: 12.4225 - val_loss: 12.0273
Epoch 102/8000

Epoch 00102: val_loss did not improve from 12.02727
 - 50s - loss: 13.4967 - val_loss: 13.2119
Epoch 103/8000

Epoch 00103: val_loss did not improve from 12.02727
 - 50s - loss: 13.1639 - val_loss: 12.2598
Epoch 104/8000

Epoch 00104: val_loss improved from 12.02727 to 11.70187, saving model to ../../model_weights/model_2020-03-25_10-44-58.h5
 - 50s - loss: 12.1601 - val_loss: 11.7019
Epoch 105/8000

Epoch 00105: val_loss improved from 11.70187 to 11.67995, saving model to ../../model_weights/model_2020-03-25_10-44-58.h5
 - 50s - loss: 12.1171 - val_loss: 11.6800
Epoch 106/8000

Epoch 00106: val_loss did not improve from 11.67995
 - 50s - loss: 13.0085 - val_loss: 13.9770
Epoch 107/8000

Epoch 00107: val_loss did not improve from 11.67995
 - 50s - loss: 12.4620 - val_loss: 11.7877
Epoch 108/8000

Epoch 00108: val_loss did not improve from 11.67995
 - 50s - loss: 13.0939 - val_loss: 12.6778
Epoch 109/8000

Epoch 00109: val_loss did not improve from 11.67995
 - 50s - loss: 12.3049 - val_loss: 12.1495
Epoch 110/8000

Epoch 00110: val_loss did not improve from 11.67995
 - 50s - loss: 13.3079 - val_loss: 12.2457
Epoch 111/8000

Epoch 00111: val_loss did not improve from 11.67995
 - 50s - loss: 12.3380 - val_loss: 11.7059
Epoch 112/8000

Epoch 00112: val_loss improved from 11.67995 to 11.55130, saving model to ../../model_weights/model_2020-03-25_10-44-58.h5
 - 50s - loss: 11.9694 - val_loss: 11.5513
Epoch 113/8000

Epoch 00113: val_loss improved from 11.55130 to 11.34918, saving model to ../../model_weights/model_2020-03-25_10-44-58.h5
 - 50s - loss: 11.9363 - val_loss: 11.3492
Epoch 114/8000

Epoch 00114: val_loss did not improve from 11.34918
 - 50s - loss: 11.8993 - val_loss: 12.0345
Epoch 115/8000

Epoch 00115: val_loss did not improve from 11.34918
 - 50s - loss: 12.3795 - val_loss: 11.8795
Epoch 116/8000

Epoch 00116: val_loss did not improve from 11.34918
 - 50s - loss: 12.0126 - val_loss: 11.4462
Epoch 117/8000

Epoch 00117: val_loss did not improve from 11.34918
 - 50s - loss: 11.8190 - val_loss: 12.6865
Epoch 118/8000

Epoch 00118: val_loss did not improve from 11.34918
 - 50s - loss: 12.2664 - val_loss: 11.9525
Epoch 119/8000

Epoch 00119: val_loss did not improve from 11.34918
 - 50s - loss: 11.9747 - val_loss: 12.0080
Epoch 120/8000

Epoch 00120: val_loss did not improve from 11.34918
 - 50s - loss: 11.7233 - val_loss: 11.8290
Epoch 121/8000

Epoch 00121: val_loss did not improve from 11.34918
 - 50s - loss: 11.8093 - val_loss: 11.4865
Epoch 122/8000

Epoch 00122: val_loss did not improve from 11.34918
 - 50s - loss: 11.8185 - val_loss: 12.3627
Epoch 123/8000

Epoch 00123: val_loss did not improve from 11.34918
 - 50s - loss: 11.7134 - val_loss: 11.7006
Epoch 124/8000

Epoch 00124: val_loss did not improve from 11.34918
 - 50s - loss: 12.1337 - val_loss: 11.4318
Epoch 125/8000

Epoch 00125: val_loss did not improve from 11.34918
 - 50s - loss: 11.7690 - val_loss: 11.5857
Epoch 126/8000

Epoch 00126: val_loss did not improve from 11.34918
 - 50s - loss: 11.7209 - val_loss: 11.4134
Epoch 127/8000

Epoch 00127: val_loss did not improve from 11.34918
 - 50s - loss: 11.7377 - val_loss: 12.0024
Epoch 128/8000

Epoch 00128: val_loss did not improve from 11.34918
 - 50s - loss: 11.7862 - val_loss: 11.8038
Epoch 129/8000

Epoch 00129: val_loss did not improve from 11.34918
 - 50s - loss: 12.5416 - val_loss: 15.1552
Epoch 130/8000

Epoch 00130: val_loss did not improve from 11.34918
 - 50s - loss: 12.4745 - val_loss: 11.5218
Epoch 131/8000

Epoch 00131: val_loss improved from 11.34918 to 11.13685, saving model to ../../model_weights/model_2020-03-25_10-44-58.h5
 - 50s - loss: 11.5969 - val_loss: 11.1368
Epoch 132/8000

Epoch 00132: val_loss did not improve from 11.13685
 - 50s - loss: 11.6104 - val_loss: 11.3222
Epoch 133/8000

Epoch 00133: val_loss did not improve from 11.13685
 - 50s - loss: 11.8739 - val_loss: 11.2774
Epoch 134/8000

Epoch 00134: val_loss did not improve from 11.13685
 - 50s - loss: 11.5327 - val_loss: 11.2163
Epoch 135/8000

Epoch 00135: val_loss did not improve from 11.13685
 - 50s - loss: 11.5971 - val_loss: 11.2094
Epoch 136/8000

Epoch 00136: val_loss did not improve from 11.13685
 - 50s - loss: 11.9854 - val_loss: 12.6254
Epoch 137/8000

Epoch 00137: val_loss improved from 11.13685 to 10.86527, saving model to ../../model_weights/model_2020-03-25_10-44-58.h5
 - 50s - loss: 11.6672 - val_loss: 10.8653
Epoch 138/8000

Epoch 00138: val_loss did not improve from 10.86527
 - 50s - loss: 11.3146 - val_loss: 11.1806
Epoch 139/8000

Epoch 00139: val_loss did not improve from 10.86527
 - 50s - loss: 11.4412 - val_loss: 11.3390
Epoch 140/8000

Epoch 00140: val_loss did not improve from 10.86527
 - 50s - loss: 11.4119 - val_loss: 11.1452
Epoch 141/8000

Epoch 00141: val_loss did not improve from 10.86527
 - 50s - loss: 11.8410 - val_loss: 12.0524
Epoch 142/8000

Epoch 00142: val_loss did not improve from 10.86527
 - 50s - loss: 11.9125 - val_loss: 12.6572
Epoch 143/8000

Epoch 00143: val_loss did not improve from 10.86527
 - 50s - loss: 11.9143 - val_loss: 11.4546
Epoch 144/8000

Epoch 00144: val_loss did not improve from 10.86527
 - 50s - loss: 11.8437 - val_loss: 11.3745
Epoch 145/8000

Epoch 00145: val_loss did not improve from 10.86527
 - 50s - loss: 11.6161 - val_loss: 11.3580
Epoch 146/8000

Epoch 00146: val_loss did not improve from 10.86527
 - 50s - loss: 11.4807 - val_loss: 11.6187
Epoch 147/8000

Epoch 00147: val_loss did not improve from 10.86527
 - 50s - loss: 11.5857 - val_loss: 10.9592
Epoch 148/8000

Epoch 00148: val_loss did not improve from 10.86527
 - 50s - loss: 11.1820 - val_loss: 11.0561
Epoch 149/8000

Epoch 00149: val_loss did not improve from 10.86527
 - 50s - loss: 11.1691 - val_loss: 10.9408
Epoch 150/8000

Epoch 00150: val_loss improved from 10.86527 to 10.68419, saving model to ../../model_weights/model_2020-03-25_10-44-58.h5
 - 50s - loss: 11.0808 - val_loss: 10.6842
Epoch 151/8000

Epoch 00151: val_loss did not improve from 10.68419
 - 50s - loss: 11.0226 - val_loss: 10.9525
Epoch 152/8000

Epoch 00152: val_loss improved from 10.68419 to 10.57388, saving model to ../../model_weights/model_2020-03-25_10-44-58.h5
 - 50s - loss: 11.0951 - val_loss: 10.5739
Epoch 153/8000

Epoch 00153: val_loss did not improve from 10.57388
 - 50s - loss: 11.1636 - val_loss: 10.7704
Epoch 154/8000

Epoch 00154: val_loss did not improve from 10.57388
 - 50s - loss: 10.9144 - val_loss: 10.7395
Epoch 155/8000

Epoch 00155: val_loss did not improve from 10.57388
 - 50s - loss: 10.8831 - val_loss: 10.6622
Epoch 156/8000

Epoch 00156: val_loss did not improve from 10.57388
 - 50s - loss: 10.8228 - val_loss: 10.8773
Epoch 157/8000

Epoch 00157: val_loss did not improve from 10.57388
 - 50s - loss: 11.2729 - val_loss: 11.0417
Epoch 158/8000

Epoch 00158: val_loss did not improve from 10.57388
 - 50s - loss: 11.0325 - val_loss: 11.7164
Epoch 159/8000

Epoch 00159: val_loss did not improve from 10.57388
 - 50s - loss: 11.5682 - val_loss: 10.8107
Epoch 160/8000

Epoch 00160: val_loss did not improve from 10.57388
 - 50s - loss: 11.0039 - val_loss: 10.7417
Epoch 161/8000

Epoch 00161: val_loss did not improve from 10.57388
 - 50s - loss: 10.8243 - val_loss: 11.1446
Epoch 162/8000

Epoch 00162: val_loss improved from 10.57388 to 10.56266, saving model to ../../model_weights/model_2020-03-25_10-44-58.h5
 - 50s - loss: 10.8556 - val_loss: 10.5627
Epoch 163/8000

Epoch 00163: val_loss improved from 10.56266 to 10.51176, saving model to ../../model_weights/model_2020-03-25_10-44-58.h5
 - 50s - loss: 10.7612 - val_loss: 10.5118
Epoch 164/8000

Epoch 00164: val_loss improved from 10.51176 to 10.27964, saving model to ../../model_weights/model_2020-03-25_10-44-58.h5
 - 50s - loss: 10.7014 - val_loss: 10.2796
Epoch 165/8000

Epoch 00165: val_loss did not improve from 10.27964
 - 50s - loss: 10.5637 - val_loss: 10.3109
Epoch 166/8000

Epoch 00166: val_loss did not improve from 10.27964
 - 50s - loss: 10.6036 - val_loss: 10.3639
Epoch 167/8000

Epoch 00167: val_loss did not improve from 10.27964
 - 50s - loss: 10.4696 - val_loss: 10.6641
Epoch 168/8000

Epoch 00168: val_loss did not improve from 10.27964
 - 50s - loss: 10.8756 - val_loss: 10.5075
Epoch 169/8000

Epoch 00169: val_loss did not improve from 10.27964
 - 50s - loss: 11.3262 - val_loss: 11.0010
Epoch 170/8000

Epoch 00170: val_loss did not improve from 10.27964
 - 50s - loss: 10.7137 - val_loss: 10.9657
Epoch 171/8000

Epoch 00171: val_loss did not improve from 10.27964
 - 50s - loss: 11.0317 - val_loss: 12.2296
Epoch 172/8000

Epoch 00172: val_loss did not improve from 10.27964
 - 50s - loss: 11.3977 - val_loss: 10.6367
Epoch 173/8000

Epoch 00173: val_loss improved from 10.27964 to 10.23385, saving model to ../../model_weights/model_2020-03-25_10-44-58.h5
 - 50s - loss: 10.6395 - val_loss: 10.2338
Epoch 174/8000

Epoch 00174: val_loss did not improve from 10.23385
 - 50s - loss: 10.5129 - val_loss: 10.3140
Epoch 175/8000

Epoch 00175: val_loss improved from 10.23385 to 9.95794, saving model to ../../model_weights/model_2020-03-25_10-44-58.h5
 - 50s - loss: 10.3446 - val_loss: 9.9579
Epoch 176/8000

Epoch 00176: val_loss did not improve from 9.95794
 - 50s - loss: 10.3678 - val_loss: 10.2753
Epoch 177/8000

Epoch 00177: val_loss did not improve from 9.95794
 - 50s - loss: 10.3059 - val_loss: 10.1006
Epoch 178/8000

Epoch 00178: val_loss did not improve from 9.95794
 - 50s - loss: 10.4014 - val_loss: 10.0990
Epoch 179/8000

Epoch 00179: val_loss did not improve from 9.95794
 - 50s - loss: 10.2456 - val_loss: 10.2982
Epoch 180/8000

Epoch 00180: val_loss did not improve from 9.95794
 - 50s - loss: 10.2198 - val_loss: 10.0881
Epoch 181/8000

Epoch 00181: val_loss improved from 9.95794 to 9.87351, saving model to ../../model_weights/model_2020-03-25_10-44-58.h5
 - 50s - loss: 10.1926 - val_loss: 9.8735
Epoch 182/8000

Epoch 00182: val_loss did not improve from 9.87351
 - 50s - loss: 10.4512 - val_loss: 11.6443
Epoch 183/8000

Epoch 00183: val_loss did not improve from 9.87351
 - 50s - loss: 10.5191 - val_loss: 10.2026
Epoch 184/8000

Epoch 00184: val_loss did not improve from 9.87351
 - 50s - loss: 10.1832 - val_loss: 10.5772
Epoch 185/8000

Epoch 00185: val_loss improved from 9.87351 to 9.81651, saving model to ../../model_weights/model_2020-03-25_10-44-58.h5
 - 50s - loss: 10.1393 - val_loss: 9.8165
Epoch 186/8000

Epoch 00186: val_loss did not improve from 9.81651
 - 50s - loss: 10.4746 - val_loss: 13.2080
Epoch 187/8000

Epoch 00187: val_loss did not improve from 9.81651
 - 50s - loss: 11.9335 - val_loss: 11.0175
Epoch 188/8000

Epoch 00188: val_loss did not improve from 9.81651
 - 50s - loss: 11.0370 - val_loss: 11.4036
Epoch 189/8000

Epoch 00189: val_loss did not improve from 9.81651
 - 50s - loss: 11.7744 - val_loss: 10.4406
Epoch 190/8000

Epoch 00190: val_loss did not improve from 9.81651
 - 50s - loss: 10.6548 - val_loss: 10.8610
Epoch 191/8000

Epoch 00191: val_loss did not improve from 9.81651
 - 50s - loss: 11.4382 - val_loss: 11.7303
Epoch 192/8000

Epoch 00192: val_loss did not improve from 9.81651
 - 50s - loss: 10.9178 - val_loss: 10.9876
Epoch 193/8000

Epoch 00193: val_loss did not improve from 9.81651
 - 50s - loss: 11.3075 - val_loss: 11.2996
Epoch 194/8000

Epoch 00194: val_loss did not improve from 9.81651
 - 50s - loss: 11.2997 - val_loss: 10.7171
Epoch 195/8000

Epoch 00195: val_loss did not improve from 9.81651
 - 50s - loss: 11.7662 - val_loss: 11.7619
Epoch 196/8000

Epoch 00196: val_loss did not improve from 9.81651
 - 50s - loss: 10.7282 - val_loss: 10.2621
Epoch 197/8000

Epoch 00197: val_loss did not improve from 9.81651
 - 50s - loss: 10.4721 - val_loss: 9.9524
Epoch 198/8000

Epoch 00198: val_loss did not improve from 9.81651
 - 50s - loss: 10.7563 - val_loss: 10.1568
Epoch 199/8000

Epoch 00199: val_loss did not improve from 9.81651
 - 50s - loss: 10.4502 - val_loss: 10.6774
Epoch 200/8000

Epoch 00200: val_loss did not improve from 9.81651
 - 50s - loss: 10.2492 - val_loss: 10.4951
Epoch 201/8000

Epoch 00201: val_loss did not improve from 9.81651
 - 50s - loss: 10.1047 - val_loss: 10.2688
Epoch 202/8000

Epoch 00202: val_loss did not improve from 9.81651
 - 50s - loss: 10.9585 - val_loss: 10.6462
Epoch 203/8000

Epoch 00203: val_loss did not improve from 9.81651
 - 50s - loss: 11.0662 - val_loss: 10.1556
Epoch 204/8000

Epoch 00204: val_loss did not improve from 9.81651
 - 50s - loss: 10.5295 - val_loss: 10.8051
Epoch 205/8000

Epoch 00205: val_loss improved from 9.81651 to 9.75694, saving model to ../../model_weights/model_2020-03-25_10-44-58.h5
 - 50s - loss: 10.5123 - val_loss: 9.7569
Epoch 206/8000

Epoch 00206: val_loss did not improve from 9.75694
 - 50s - loss: 10.0968 - val_loss: 9.8490
Epoch 207/8000

Epoch 00207: val_loss improved from 9.75694 to 9.71827, saving model to ../../model_weights/model_2020-03-25_10-44-58.h5
 - 50s - loss: 9.8608 - val_loss: 9.7183
Epoch 208/8000

Epoch 00208: val_loss improved from 9.71827 to 9.52778, saving model to ../../model_weights/model_2020-03-25_10-44-58.h5
 - 50s - loss: 9.7560 - val_loss: 9.5278
Epoch 209/8000

Epoch 00209: val_loss did not improve from 9.52778
 - 50s - loss: 9.8393 - val_loss: 9.7562
Epoch 210/8000

Epoch 00210: val_loss did not improve from 9.52778
 - 50s - loss: 10.9709 - val_loss: 10.6629
Epoch 211/8000

Epoch 00211: val_loss did not improve from 9.52778
 - 50s - loss: 10.1563 - val_loss: 10.0154
Epoch 212/8000

Epoch 00212: val_loss improved from 9.52778 to 9.41050, saving model to ../../model_weights/model_2020-03-25_10-44-58.h5
 - 50s - loss: 9.8151 - val_loss: 9.4105
Epoch 213/8000

Epoch 00213: val_loss improved from 9.41050 to 9.39287, saving model to ../../model_weights/model_2020-03-25_10-44-58.h5
 - 50s - loss: 9.7304 - val_loss: 9.3929
Epoch 214/8000

Epoch 00214: val_loss did not improve from 9.39287
 - 50s - loss: 9.7634 - val_loss: 9.6817
Epoch 215/8000

Epoch 00215: val_loss did not improve from 9.39287
 - 50s - loss: 9.7704 - val_loss: 9.6405
Epoch 216/8000

Epoch 00216: val_loss did not improve from 9.39287
 - 50s - loss: 10.1087 - val_loss: 11.2491
Epoch 217/8000

Epoch 00217: val_loss did not improve from 9.39287
 - 50s - loss: 10.7267 - val_loss: 10.0801
Epoch 218/8000

Epoch 00218: val_loss did not improve from 9.39287
 - 50s - loss: 10.2608 - val_loss: 10.1620
Epoch 219/8000

Epoch 00219: val_loss did not improve from 9.39287
 - 50s - loss: 10.0194 - val_loss: 9.8465
Epoch 220/8000

Epoch 00220: val_loss did not improve from 9.39287
 - 50s - loss: 9.9281 - val_loss: 9.8380
Epoch 221/8000

Epoch 00221: val_loss did not improve from 9.39287
 - 50s - loss: 10.1095 - val_loss: 10.0504
Epoch 222/8000

Epoch 00222: val_loss did not improve from 9.39287
 - 50s - loss: 9.8822 - val_loss: 10.3131
Epoch 223/8000

Epoch 00223: val_loss did not improve from 9.39287
 - 50s - loss: 9.9897 - val_loss: 9.6081
Epoch 224/8000

Epoch 00224: val_loss did not improve from 9.39287
 - 50s - loss: 9.9178 - val_loss: 9.9574
Epoch 225/8000

Epoch 00225: val_loss did not improve from 9.39287
 - 50s - loss: 9.9441 - val_loss: 9.5614
Epoch 226/8000

Epoch 00226: val_loss did not improve from 9.39287
 - 50s - loss: 9.7206 - val_loss: 9.6145
Epoch 227/8000

Epoch 00227: val_loss did not improve from 9.39287
 - 50s - loss: 9.7255 - val_loss: 9.8359
Epoch 228/8000

Epoch 00228: val_loss did not improve from 9.39287
 - 50s - loss: 9.6111 - val_loss: 9.4448
Epoch 229/8000

Epoch 00229: val_loss improved from 9.39287 to 9.33485, saving model to ../../model_weights/model_2020-03-25_10-44-58.h5
 - 50s - loss: 9.6609 - val_loss: 9.3349
Epoch 230/8000

Epoch 00230: val_loss did not improve from 9.33485
 - 50s - loss: 9.4525 - val_loss: 9.3989
Epoch 231/8000

Epoch 00231: val_loss did not improve from 9.33485
 - 50s - loss: 9.6108 - val_loss: 9.7855
Epoch 232/8000

Epoch 00232: val_loss did not improve from 9.33485
 - 50s - loss: 9.5368 - val_loss: 9.3784
Epoch 233/8000

Epoch 00233: val_loss improved from 9.33485 to 9.12576, saving model to ../../model_weights/model_2020-03-25_10-44-58.h5
 - 50s - loss: 9.3721 - val_loss: 9.1258
Epoch 234/8000

Epoch 00234: val_loss did not improve from 9.12576
 - 50s - loss: 9.4159 - val_loss: 9.8813
Epoch 235/8000

Epoch 00235: val_loss did not improve from 9.12576
 - 50s - loss: 9.6470 - val_loss: 9.4669
Epoch 236/8000

Epoch 00236: val_loss did not improve from 9.12576
 - 50s - loss: 9.5385 - val_loss: 9.4854
Epoch 237/8000

Epoch 00237: val_loss did not improve from 9.12576
 - 50s - loss: 9.5467 - val_loss: 9.1987
Epoch 238/8000

Epoch 00238: val_loss improved from 9.12576 to 9.06747, saving model to ../../model_weights/model_2020-03-25_10-44-58.h5
 - 50s - loss: 9.3252 - val_loss: 9.0675
Epoch 239/8000

Epoch 00239: val_loss did not improve from 9.06747
 - 50s - loss: 9.3779 - val_loss: 10.0669
Epoch 240/8000

Epoch 00240: val_loss did not improve from 9.06747
 - 50s - loss: 11.5606 - val_loss: 10.1716
Epoch 241/8000

Epoch 00241: val_loss did not improve from 9.06747
 - 50s - loss: 10.9754 - val_loss: 10.5677
Epoch 242/8000

Epoch 00242: val_loss did not improve from 9.06747
 - 50s - loss: 9.9799 - val_loss: 9.5778
Epoch 243/8000

Epoch 00243: val_loss did not improve from 9.06747
 - 50s - loss: 10.2967 - val_loss: 10.2463
Epoch 244/8000

Epoch 00244: val_loss did not improve from 9.06747
 - 50s - loss: 9.6634 - val_loss: 9.2858
Epoch 245/8000

Epoch 00245: val_loss did not improve from 9.06747
 - 50s - loss: 10.6746 - val_loss: 11.0015
Epoch 246/8000

Epoch 00246: val_loss did not improve from 9.06747
 - 50s - loss: 10.8600 - val_loss: 9.6190
Epoch 247/8000

Epoch 00247: val_loss did not improve from 9.06747
 - 50s - loss: 10.0274 - val_loss: 9.5817
Epoch 248/8000

Epoch 00248: val_loss did not improve from 9.06747
 - 50s - loss: 9.8580 - val_loss: 9.7165
Epoch 249/8000

Epoch 00249: val_loss did not improve from 9.06747
 - 50s - loss: 9.8553 - val_loss: 9.7348
Epoch 250/8000

Epoch 00250: val_loss did not improve from 9.06747
 - 50s - loss: 9.7027 - val_loss: 9.3174
Epoch 251/8000

Epoch 00251: val_loss did not improve from 9.06747
 - 50s - loss: 9.2344 - val_loss: 9.3427
Epoch 252/8000

Epoch 00252: val_loss did not improve from 9.06747
 - 50s - loss: 9.7949 - val_loss: 10.6361
Epoch 253/8000

Epoch 00253: val_loss did not improve from 9.06747
 - 50s - loss: 9.6790 - val_loss: 9.3322
Epoch 254/8000

Epoch 00254: val_loss did not improve from 9.06747
 - 50s - loss: 9.7499 - val_loss: 9.1092
Epoch 255/8000

Epoch 00255: val_loss did not improve from 9.06747
 - 50s - loss: 9.3210 - val_loss: 9.1231
Epoch 256/8000

Epoch 00256: val_loss did not improve from 9.06747
 - 50s - loss: 9.7558 - val_loss: 9.7524
Epoch 257/8000

Epoch 00257: val_loss did not improve from 9.06747
 - 50s - loss: 9.9355 - val_loss: 9.4109
Epoch 258/8000

Epoch 00258: val_loss did not improve from 9.06747
 - 50s - loss: 12.8956 - val_loss: 13.0536
Epoch 259/8000

Epoch 00259: val_loss did not improve from 9.06747
 - 50s - loss: 13.7269 - val_loss: 12.7841
Epoch 260/8000

Epoch 00260: val_loss did not improve from 9.06747
 - 50s - loss: 11.9558 - val_loss: 10.3379
Epoch 261/8000

Epoch 00261: val_loss did not improve from 9.06747
 - 50s - loss: 9.9634 - val_loss: 9.4411
Epoch 262/8000

Epoch 00262: val_loss did not improve from 9.06747
 - 50s - loss: 10.3429 - val_loss: 11.1275
Epoch 263/8000

Epoch 00263: val_loss did not improve from 9.06747
 - 50s - loss: 10.0756 - val_loss: 12.3750
Epoch 264/8000

Epoch 00264: val_loss did not improve from 9.06747
 - 50s - loss: 10.0065 - val_loss: 9.7180
Epoch 265/8000

Epoch 00265: val_loss did not improve from 9.06747
 - 50s - loss: 9.7524 - val_loss: 9.5352
Epoch 266/8000

Epoch 00266: val_loss did not improve from 9.06747
 - 50s - loss: 10.6727 - val_loss: 9.5311
Epoch 267/8000

Epoch 00267: val_loss did not improve from 9.06747
 - 50s - loss: 9.7369 - val_loss: 9.3537
Epoch 268/8000

Epoch 00268: val_loss did not improve from 9.06747
 - 50s - loss: 9.6968 - val_loss: 9.2295
Epoch 269/8000

Epoch 00269: val_loss did not improve from 9.06747
 - 50s - loss: 9.6403 - val_loss: 10.4670
Epoch 270/8000

Epoch 00270: val_loss did not improve from 9.06747
 - 50s - loss: 10.2873 - val_loss: 11.1272
Epoch 271/8000

Epoch 00271: val_loss did not improve from 9.06747
 - 50s - loss: 10.4831 - val_loss: 9.2171
Epoch 272/8000

Epoch 00272: val_loss did not improve from 9.06747
 - 50s - loss: 9.6800 - val_loss: 9.4080
Epoch 273/8000

Epoch 00273: val_loss did not improve from 9.06747
 - 50s - loss: 9.2699 - val_loss: 9.1099
Epoch 274/8000

Epoch 00274: val_loss did not improve from 9.06747
 - 50s - loss: 9.5020 - val_loss: 9.2156
Epoch 275/8000

Epoch 00275: val_loss did not improve from 9.06747
 - 50s - loss: 13.1212 - val_loss: 13.6545
Epoch 276/8000

Epoch 00276: val_loss did not improve from 9.06747
 - 50s - loss: 12.3984 - val_loss: 12.0415
Epoch 277/8000

Epoch 00277: val_loss did not improve from 9.06747
 - 50s - loss: 10.9376 - val_loss: 10.4495
Epoch 278/8000

Epoch 00278: val_loss did not improve from 9.06747
 - 50s - loss: 10.5314 - val_loss: 9.9424
Epoch 279/8000

Epoch 00279: val_loss did not improve from 9.06747
 - 50s - loss: 9.5714 - val_loss: 9.4966
Epoch 280/8000

Epoch 00280: val_loss did not improve from 9.06747
 - 50s - loss: 10.3056 - val_loss: 11.7856
Epoch 281/8000

Epoch 00281: val_loss did not improve from 9.06747
 - 50s - loss: 10.9114 - val_loss: 10.0014
Epoch 282/8000

Epoch 00282: val_loss did not improve from 9.06747
 - 50s - loss: 9.6608 - val_loss: 9.0970
Epoch 283/8000

Epoch 00283: val_loss did not improve from 9.06747
 - 50s - loss: 9.4947 - val_loss: 9.9804
Epoch 284/8000

Epoch 00284: val_loss did not improve from 9.06747
 - 50s - loss: 9.7596 - val_loss: 10.0262
Epoch 285/8000

Epoch 00285: val_loss did not improve from 9.06747
 - 50s - loss: 10.0672 - val_loss: 9.2462
Epoch 286/8000

Epoch 00286: val_loss did not improve from 9.06747
 - 50s - loss: 11.8399 - val_loss: 11.3296
Epoch 287/8000

Epoch 00287: val_loss did not improve from 9.06747
 - 50s - loss: 12.2285 - val_loss: 12.7651
Epoch 288/8000

Epoch 00288: val_loss did not improve from 9.06747
 - 50s - loss: 11.3891 - val_loss: 10.1967
Epoch 289/8000

Epoch 00289: val_loss did not improve from 9.06747
 - 50s - loss: 11.1604 - val_loss: 10.1368
Epoch 290/8000

Epoch 00290: val_loss did not improve from 9.06747
 - 50s - loss: 10.1848 - val_loss: 10.0313
Epoch 291/8000

Epoch 00291: val_loss did not improve from 9.06747
 - 50s - loss: 9.8544 - val_loss: 9.4673
Epoch 292/8000

Epoch 00292: val_loss did not improve from 9.06747
 - 50s - loss: 9.6412 - val_loss: 9.3751
Epoch 293/8000

Epoch 00293: val_loss improved from 9.06747 to 9.05503, saving model to ../../model_weights/model_2020-03-25_10-44-58.h5
 - 50s - loss: 9.6102 - val_loss: 9.0550
Epoch 294/8000

Epoch 00294: val_loss did not improve from 9.05503
 - 50s - loss: 9.4966 - val_loss: 9.3266
Epoch 295/8000

Epoch 00295: val_loss improved from 9.05503 to 9.04398, saving model to ../../model_weights/model_2020-03-25_10-44-58.h5
 - 50s - loss: 9.2159 - val_loss: 9.0440
Epoch 296/8000

Epoch 00296: val_loss improved from 9.04398 to 8.97325, saving model to ../../model_weights/model_2020-03-25_10-44-58.h5
 - 50s - loss: 9.1345 - val_loss: 8.9733
Epoch 297/8000

Epoch 00297: val_loss did not improve from 8.97325
 - 50s - loss: 9.6129 - val_loss: 9.4332
Epoch 298/8000

Epoch 00298: val_loss did not improve from 8.97325
 - 50s - loss: 9.5057 - val_loss: 9.7486
Epoch 299/8000

Epoch 00299: val_loss improved from 8.97325 to 8.94000, saving model to ../../model_weights/model_2020-03-25_10-44-58.h5
 - 50s - loss: 9.5699 - val_loss: 8.9400
Epoch 300/8000

Epoch 00300: val_loss did not improve from 8.94000
 - 50s - loss: 9.0010 - val_loss: 10.0506
Epoch 301/8000

Epoch 00301: val_loss did not improve from 8.94000
 - 50s - loss: 9.4317 - val_loss: 8.9765
Epoch 302/8000

Epoch 00302: val_loss improved from 8.94000 to 8.88029, saving model to ../../model_weights/model_2020-03-25_10-44-58.h5
 - 50s - loss: 9.0145 - val_loss: 8.8803
Epoch 303/8000

Epoch 00303: val_loss did not improve from 8.88029
 - 50s - loss: 8.9844 - val_loss: 9.5615
Epoch 304/8000

Epoch 00304: val_loss did not improve from 8.88029
 - 50s - loss: 9.0104 - val_loss: 9.0089
Epoch 305/8000

Epoch 00305: val_loss did not improve from 8.88029
 - 50s - loss: 9.4862 - val_loss: 9.2730
Epoch 306/8000

Epoch 00306: val_loss did not improve from 8.88029
 - 50s - loss: 9.7525 - val_loss: 9.7566
Epoch 307/8000

Epoch 00307: val_loss did not improve from 8.88029
 - 50s - loss: 9.2766 - val_loss: 9.0991
Epoch 308/8000

Epoch 00308: val_loss improved from 8.88029 to 8.85784, saving model to ../../model_weights/model_2020-03-25_10-44-58.h5
 - 50s - loss: 9.0319 - val_loss: 8.8578
Epoch 309/8000

Epoch 00309: val_loss did not improve from 8.85784
 - 50s - loss: 8.9515 - val_loss: 9.0646
Epoch 310/8000

Epoch 00310: val_loss did not improve from 8.85784
 - 50s - loss: 9.0611 - val_loss: 8.9565
Epoch 311/8000

Epoch 00311: val_loss did not improve from 8.85784
 - 50s - loss: 8.7913 - val_loss: 9.1233
Epoch 312/8000

Epoch 00312: val_loss improved from 8.85784 to 8.69636, saving model to ../../model_weights/model_2020-03-25_10-44-58.h5
 - 50s - loss: 8.8303 - val_loss: 8.6964
Epoch 313/8000

Epoch 00313: val_loss did not improve from 8.69636
 - 50s - loss: 9.6323 - val_loss: 10.8250
Epoch 314/8000

Epoch 00314: val_loss did not improve from 8.69636
 - 50s - loss: 10.3199 - val_loss: 8.8645
Epoch 315/8000

Epoch 00315: val_loss did not improve from 8.69636
 - 49s - loss: 9.6070 - val_loss: 10.6733
Epoch 316/8000

Epoch 00316: val_loss did not improve from 8.69636
 - 50s - loss: 10.9604 - val_loss: 9.8864
Epoch 317/8000

Epoch 00317: val_loss did not improve from 8.69636
 - 50s - loss: 9.6367 - val_loss: 9.1315
Epoch 318/8000

Epoch 00318: val_loss did not improve from 8.69636
 - 50s - loss: 9.5545 - val_loss: 9.4082
Epoch 319/8000

Epoch 00319: val_loss did not improve from 8.69636
 - 50s - loss: 9.0607 - val_loss: 8.7133
Epoch 320/8000

Epoch 00320: val_loss improved from 8.69636 to 8.58895, saving model to ../../model_weights/model_2020-03-25_10-44-58.h5
 - 50s - loss: 8.8222 - val_loss: 8.5889
Epoch 321/8000

Epoch 00321: val_loss did not improve from 8.58895
 - 50s - loss: 9.9118 - val_loss: 11.0743
Epoch 322/8000

Epoch 00322: val_loss did not improve from 8.58895
 - 50s - loss: 11.3492 - val_loss: 11.9038
Epoch 323/8000

Epoch 00323: val_loss did not improve from 8.58895
 - 50s - loss: 13.4824 - val_loss: 11.8061
Epoch 324/8000

Epoch 00324: val_loss did not improve from 8.58895
 - 50s - loss: 11.3269 - val_loss: 10.7474
Epoch 325/8000

Epoch 00325: val_loss did not improve from 8.58895
 - 50s - loss: 12.3421 - val_loss: 10.7948
Epoch 326/8000

Epoch 00326: val_loss did not improve from 8.58895
 - 50s - loss: 11.3151 - val_loss: 11.1491
Epoch 327/8000

Epoch 00327: val_loss did not improve from 8.58895
 - 50s - loss: 11.2260 - val_loss: 10.5711
Epoch 328/8000

Epoch 00328: val_loss did not improve from 8.58895
 - 50s - loss: 10.8281 - val_loss: 9.9762
Epoch 329/8000

Epoch 00329: val_loss did not improve from 8.58895
 - 50s - loss: 9.9814 - val_loss: 9.5238
Epoch 330/8000

Epoch 00330: val_loss did not improve from 8.58895
 - 50s - loss: 10.0652 - val_loss: 9.4582
Epoch 331/8000

Epoch 00331: val_loss did not improve from 8.58895
 - 50s - loss: 10.4753 - val_loss: 9.9025
Epoch 332/8000

Epoch 00332: val_loss did not improve from 8.58895
 - 50s - loss: 10.0012 - val_loss: 12.6495
Epoch 333/8000

Epoch 00333: val_loss did not improve from 8.58895
 - 50s - loss: 12.7392 - val_loss: 12.0548
Epoch 334/8000

Epoch 00334: val_loss did not improve from 8.58895
 - 50s - loss: 10.6832 - val_loss: 9.5118
Epoch 335/8000

Epoch 00335: val_loss did not improve from 8.58895
 - 50s - loss: 11.0590 - val_loss: 10.3426
Epoch 336/8000

Epoch 00336: val_loss did not improve from 8.58895
 - 50s - loss: 11.0422 - val_loss: 11.5109
Epoch 337/8000

Epoch 00337: val_loss did not improve from 8.58895
 - 50s - loss: 10.9791 - val_loss: 10.6907
Epoch 338/8000

Epoch 00338: val_loss did not improve from 8.58895
 - 50s - loss: 11.0497 - val_loss: 11.7985
Epoch 339/8000

Epoch 00339: val_loss did not improve from 8.58895
 - 50s - loss: 13.8410 - val_loss: 17.8180
Epoch 340/8000

Epoch 00340: val_loss did not improve from 8.58895
 - 50s - loss: 15.3620 - val_loss: 13.4716
Epoch 341/8000

Epoch 00341: val_loss did not improve from 8.58895
 - 50s - loss: 13.1171 - val_loss: 12.3235
Epoch 342/8000

Epoch 00342: val_loss did not improve from 8.58895
 - 50s - loss: 12.1325 - val_loss: 11.8903
Epoch 343/8000

Epoch 00343: val_loss did not improve from 8.58895
 - 50s - loss: 11.6389 - val_loss: 11.0710
Epoch 344/8000

Epoch 00344: val_loss did not improve from 8.58895
 - 50s - loss: 11.3209 - val_loss: 10.7391
Epoch 345/8000

Epoch 00345: val_loss did not improve from 8.58895
 - 50s - loss: 11.0751 - val_loss: 11.2208
Epoch 346/8000

Epoch 00346: val_loss did not improve from 8.58895
 - 50s - loss: 11.0619 - val_loss: 10.5574
Epoch 347/8000

Epoch 00347: val_loss did not improve from 8.58895
 - 50s - loss: 11.6877 - val_loss: 10.6094
Epoch 348/8000

Epoch 00348: val_loss did not improve from 8.58895
 - 50s - loss: 10.7820 - val_loss: 10.2724
Epoch 349/8000

Epoch 00349: val_loss did not improve from 8.58895
 - 50s - loss: 10.7241 - val_loss: 10.5298
Epoch 350/8000

Epoch 00350: val_loss did not improve from 8.58895
 - 50s - loss: 10.7458 - val_loss: 10.2543
Epoch 351/8000

Epoch 00351: val_loss did not improve from 8.58895
 - 50s - loss: 10.4854 - val_loss: 10.3205
Epoch 352/8000

Epoch 00352: val_loss did not improve from 8.58895
 - 50s - loss: 10.3933 - val_loss: 10.1687
Epoch 353/8000

Epoch 00353: val_loss did not improve from 8.58895
 - 50s - loss: 10.3462 - val_loss: 10.2132
Epoch 354/8000

Epoch 00354: val_loss did not improve from 8.58895
 - 50s - loss: 10.6876 - val_loss: 10.4779
Epoch 355/8000

Epoch 00355: val_loss did not improve from 8.58895
 - 50s - loss: 10.4297 - val_loss: 10.4482
Epoch 356/8000

Epoch 00356: val_loss did not improve from 8.58895
 - 50s - loss: 10.4317 - val_loss: 10.0534
Epoch 357/8000

Epoch 00357: val_loss did not improve from 8.58895
 - 50s - loss: 10.3045 - val_loss: 10.0237
Epoch 358/8000

Epoch 00358: val_loss did not improve from 8.58895
 - 50s - loss: 11.7629 - val_loss: 12.3028
Epoch 359/8000

Epoch 00359: val_loss did not improve from 8.58895
 - 50s - loss: 12.6467 - val_loss: 13.1721
Epoch 360/8000

Epoch 00360: val_loss did not improve from 8.58895
 - 50s - loss: 10.9154 - val_loss: 9.9921
Epoch 361/8000

Epoch 00361: val_loss did not improve from 8.58895
 - 50s - loss: 10.5593 - val_loss: 10.2513
Epoch 362/8000

Epoch 00362: val_loss did not improve from 8.58895
 - 50s - loss: 10.0601 - val_loss: 9.7736
Epoch 363/8000

Epoch 00363: val_loss did not improve from 8.58895
 - 50s - loss: 10.0425 - val_loss: 10.1634
Epoch 364/8000

Epoch 00364: val_loss did not improve from 8.58895
 - 50s - loss: 9.8936 - val_loss: 9.9172
Epoch 365/8000

Epoch 00365: val_loss did not improve from 8.58895
 - 50s - loss: 10.0322 - val_loss: 10.0162
Epoch 366/8000

Epoch 00366: val_loss did not improve from 8.58895
 - 50s - loss: 9.9868 - val_loss: 9.9182
Epoch 367/8000

Epoch 00367: val_loss did not improve from 8.58895
 - 50s - loss: 9.9692 - val_loss: 9.6085
Epoch 368/8000

Epoch 00368: val_loss did not improve from 8.58895
 - 50s - loss: 10.0182 - val_loss: 9.4536
Epoch 369/8000

Epoch 00369: val_loss did not improve from 8.58895
 - 50s - loss: 11.7906 - val_loss: 11.7523
Epoch 370/8000

Epoch 00370: val_loss did not improve from 8.58895
 - 50s - loss: 12.1153 - val_loss: 10.9948
Epoch 371/8000

Epoch 00371: val_loss did not improve from 8.58895
 - 50s - loss: 10.6350 - val_loss: 9.7971
Epoch 372/8000

Epoch 00372: val_loss did not improve from 8.58895
 - 50s - loss: 10.1772 - val_loss: 9.7381
Epoch 373/8000

Epoch 00373: val_loss did not improve from 8.58895
 - 50s - loss: 10.2067 - val_loss: 10.7550
Epoch 374/8000

Epoch 00374: val_loss did not improve from 8.58895
 - 50s - loss: 11.6386 - val_loss: 11.6439
Epoch 375/8000

Epoch 00375: val_loss did not improve from 8.58895
 - 50s - loss: 11.0788 - val_loss: 11.0796
Epoch 376/8000

Epoch 00376: val_loss did not improve from 8.58895
 - 50s - loss: 10.8647 - val_loss: 10.9365
Epoch 377/8000

Epoch 00377: val_loss did not improve from 8.58895
 - 50s - loss: 10.4318 - val_loss: 10.3280
Epoch 378/8000

Epoch 00378: val_loss did not improve from 8.58895
 - 50s - loss: 10.0541 - val_loss: 9.9516
Epoch 379/8000

Epoch 00379: val_loss did not improve from 8.58895
 - 50s - loss: 10.7430 - val_loss: 13.0455
Epoch 380/8000

Epoch 00380: val_loss did not improve from 8.58895
 - 50s - loss: 11.0401 - val_loss: 10.3692
Epoch 381/8000

Epoch 00381: val_loss did not improve from 8.58895
 - 50s - loss: 11.4135 - val_loss: 11.3044
Epoch 382/8000

Epoch 00382: val_loss did not improve from 8.58895
 - 50s - loss: 10.8442 - val_loss: 9.9622
Epoch 383/8000

Epoch 00383: val_loss did not improve from 8.58895
 - 50s - loss: 10.7110 - val_loss: 10.3880
Epoch 384/8000

Epoch 00384: val_loss did not improve from 8.58895
 - 50s - loss: 10.2666 - val_loss: 9.8154
Epoch 385/8000

Epoch 00385: val_loss did not improve from 8.58895
 - 50s - loss: 12.0543 - val_loss: 11.2757
Epoch 386/8000

Epoch 00386: val_loss did not improve from 8.58895
 - 50s - loss: 11.7416 - val_loss: 11.4803
Epoch 387/8000

Epoch 00387: val_loss did not improve from 8.58895
 - 50s - loss: 11.5316 - val_loss: 11.2886
Epoch 388/8000

Epoch 00388: val_loss did not improve from 8.58895
 - 50s - loss: 11.0089 - val_loss: 10.4604
Epoch 389/8000

Epoch 00389: val_loss did not improve from 8.58895
 - 50s - loss: 10.4465 - val_loss: 9.9926
Epoch 390/8000

Epoch 00390: val_loss did not improve from 8.58895
 - 50s - loss: 10.3394 - val_loss: 11.0568
Epoch 391/8000

Epoch 00391: val_loss did not improve from 8.58895
 - 50s - loss: 11.2975 - val_loss: 12.1317
Epoch 392/8000

Epoch 00392: val_loss did not improve from 8.58895
 - 50s - loss: 12.8743 - val_loss: 11.6696
Epoch 393/8000

Epoch 00393: val_loss did not improve from 8.58895
 - 50s - loss: 11.0241 - val_loss: 10.3539
Epoch 394/8000

Epoch 00394: val_loss did not improve from 8.58895
 - 50s - loss: 11.4118 - val_loss: 10.2468
Epoch 395/8000

Epoch 00395: val_loss did not improve from 8.58895
 - 50s - loss: 10.2902 - val_loss: 9.7204
Epoch 396/8000

Epoch 00396: val_loss did not improve from 8.58895
 - 50s - loss: 10.0010 - val_loss: 9.7195
Epoch 397/8000

Epoch 00397: val_loss did not improve from 8.58895
 - 50s - loss: 9.7155 - val_loss: 9.4124
Epoch 398/8000

Epoch 00398: val_loss did not improve from 8.58895
 - 50s - loss: 9.6354 - val_loss: 9.1043
Epoch 399/8000

Epoch 00399: val_loss did not improve from 8.58895
 - 50s - loss: 9.8404 - val_loss: 9.2465
Epoch 400/8000

Epoch 00400: val_loss did not improve from 8.58895
 - 50s - loss: 10.1826 - val_loss: 10.0080
Epoch 401/8000

Epoch 00401: val_loss did not improve from 8.58895
 - 50s - loss: 10.6918 - val_loss: 11.1816
Epoch 402/8000

Epoch 00402: val_loss did not improve from 8.58895
 - 50s - loss: 11.9914 - val_loss: 10.9627
Epoch 403/8000

Epoch 00403: val_loss did not improve from 8.58895
 - 50s - loss: 11.8226 - val_loss: 12.7097
Epoch 404/8000

Epoch 00404: val_loss did not improve from 8.58895
 - 50s - loss: 11.5568 - val_loss: 10.1695
Epoch 405/8000

Epoch 00405: val_loss did not improve from 8.58895
 - 50s - loss: 10.5870 - val_loss: 9.7888
Epoch 406/8000

Epoch 00406: val_loss did not improve from 8.58895
 - 50s - loss: 9.8865 - val_loss: 9.5273
Epoch 407/8000

Epoch 00407: val_loss did not improve from 8.58895
 - 50s - loss: 10.0705 - val_loss: 10.1906
Epoch 408/8000

Epoch 00408: val_loss did not improve from 8.58895
 - 50s - loss: 9.6286 - val_loss: 9.3883
Epoch 409/8000

Epoch 00409: val_loss did not improve from 8.58895
 - 50s - loss: 10.0414 - val_loss: 9.6141
Epoch 410/8000

Epoch 00410: val_loss did not improve from 8.58895
 - 50s - loss: 9.8811 - val_loss: 9.9182
Epoch 411/8000

Epoch 00411: val_loss did not improve from 8.58895
 - 50s - loss: 10.1486 - val_loss: 9.9074
Epoch 412/8000

Epoch 00412: val_loss did not improve from 8.58895
 - 50s - loss: 10.1184 - val_loss: 10.0390
Epoch 413/8000

Epoch 00413: val_loss did not improve from 8.58895
 - 50s - loss: 9.8288 - val_loss: 9.7213
Epoch 414/8000

Epoch 00414: val_loss did not improve from 8.58895
 - 50s - loss: 9.9012 - val_loss: 9.9018
Epoch 415/8000

Epoch 00415: val_loss did not improve from 8.58895
 - 50s - loss: 10.2347 - val_loss: 9.7843
Epoch 416/8000

Epoch 00416: val_loss did not improve from 8.58895
 - 50s - loss: 9.7552 - val_loss: 9.6471
Epoch 417/8000

Epoch 00417: val_loss did not improve from 8.58895
 - 50s - loss: 9.8323 - val_loss: 9.7478
Epoch 418/8000

Epoch 00418: val_loss did not improve from 8.58895
 - 50s - loss: 9.6079 - val_loss: 9.5623
Epoch 419/8000

Epoch 00419: val_loss did not improve from 8.58895
 - 50s - loss: 9.8183 - val_loss: 9.7027
Epoch 420/8000

Epoch 00420: val_loss did not improve from 8.58895
 - 50s - loss: 10.5201 - val_loss: 9.9264
Epoch 00420: early stopping
