2020-03-12 14:14:18.201468: I tensorflow/core/platform/cpu_feature_guard.cc:141] Your CPU supports instructions that this TensorFlow binary was not compiled to use: SSE4.1 SSE4.2 AVX
2020-03-12 14:14:18.877442: I tensorflow/stream_executor/cuda/cuda_gpu_executor.cc:897] successful NUMA node read from SysFS had negative value (-1), but there must be at least one NUMA node, so returning NUMA node zero
2020-03-12 14:14:18.877976: I tensorflow/core/common_runtime/gpu/gpu_device.cc:1405] Found device 0 with properties: 
name: TITAN Xp major: 6 minor: 1 memoryClockRate(GHz): 1.582
pciBusID: 0000:01:00.0
totalMemory: 11.91GiB freeMemory: 11.75GiB
2020-03-12 14:14:18.877993: I tensorflow/core/common_runtime/gpu/gpu_device.cc:1484] Adding visible gpu devices: 0
2020-03-12 14:14:24.287810: I tensorflow/core/common_runtime/gpu/gpu_device.cc:965] Device interconnect StreamExecutor with strength 1 edge matrix:
2020-03-12 14:14:24.287854: I tensorflow/core/common_runtime/gpu/gpu_device.cc:971]      0 
2020-03-12 14:14:24.287864: I tensorflow/core/common_runtime/gpu/gpu_device.cc:984] 0:   N 
2020-03-12 14:14:24.300490: I tensorflow/core/common_runtime/gpu/gpu_device.cc:1097] Created TensorFlow device (/job:localhost/replica:0/task:0/device:GPU:0 with 11366 MB memory) -> physical GPU (device: 0, name: TITAN Xp, pci bus id: 0000:01:00.0, compute capability: 6.1)
2020-03-12 14:14:24.845357: I tensorflow/core/kernels/cuda_solvers.cc:159] Creating CudaSolver handles for stream 0x557faa746bd0
Epoch 1/8000

Epoch 00001: val_loss improved from inf to 9.46305, saving model to ../../model_weights/model_2020-03-12_14-14-28.h5
 - 81s - loss: 8.9632 - val_loss: 9.4631
Epoch 2/8000

Epoch 00002: val_loss improved from 9.46305 to 8.74534, saving model to ../../model_weights/model_2020-03-12_14-14-28.h5
 - 75s - loss: 7.3748 - val_loss: 8.7453
Epoch 3/8000

Epoch 00003: val_loss improved from 8.74534 to 8.46151, saving model to ../../model_weights/model_2020-03-12_14-14-28.h5
 - 76s - loss: 6.8921 - val_loss: 8.4615
Epoch 4/8000

Epoch 00004: val_loss improved from 8.46151 to 8.21023, saving model to ../../model_weights/model_2020-03-12_14-14-28.h5
 - 76s - loss: 6.4738 - val_loss: 8.2102
Epoch 5/8000

Epoch 00005: val_loss improved from 8.21023 to 7.89091, saving model to ../../model_weights/model_2020-03-12_14-14-28.h5
 - 77s - loss: 6.5594 - val_loss: 7.8909
Epoch 6/8000

Epoch 00006: val_loss did not improve from 7.89091
 - 76s - loss: 6.4187 - val_loss: 8.3171
Epoch 7/8000

Epoch 00007: val_loss did not improve from 7.89091
 - 76s - loss: 7.0017 - val_loss: 8.8659
Epoch 8/8000

Epoch 00008: val_loss did not improve from 7.89091
 - 76s - loss: 6.5234 - val_loss: 7.9354
Epoch 9/8000

Epoch 00009: val_loss did not improve from 7.89091
 - 76s - loss: 6.8224 - val_loss: 8.8155
Epoch 10/8000

Epoch 00010: val_loss did not improve from 7.89091
 - 76s - loss: 6.4381 - val_loss: 8.5737
Epoch 11/8000

Epoch 00011: val_loss did not improve from 7.89091
 - 76s - loss: 6.7931 - val_loss: 8.8248
Epoch 12/8000

Epoch 00012: val_loss did not improve from 7.89091
 - 77s - loss: 7.0713 - val_loss: 9.0268
Epoch 13/8000

Epoch 00013: val_loss did not improve from 7.89091
 - 77s - loss: 6.8800 - val_loss: 10.5116
Epoch 14/8000

Epoch 00014: val_loss did not improve from 7.89091
 - 76s - loss: 7.9624 - val_loss: 8.6607
Epoch 15/8000

Epoch 00015: val_loss did not improve from 7.89091
 - 77s - loss: 7.0580 - val_loss: 8.2468
Epoch 16/8000

Epoch 00016: val_loss did not improve from 7.89091
 - 76s - loss: 6.7126 - val_loss: 8.0642
Epoch 17/8000

Epoch 00017: val_loss improved from 7.89091 to 7.80128, saving model to ../../model_weights/model_2020-03-12_14-14-28.h5
 - 76s - loss: 6.8135 - val_loss: 7.8013
Epoch 18/8000

Epoch 00018: val_loss did not improve from 7.80128
 - 76s - loss: 6.5361 - val_loss: 8.6729
Epoch 19/8000

Epoch 00019: val_loss did not improve from 7.80128
 - 76s - loss: 6.8323 - val_loss: 7.8513
Epoch 20/8000

Epoch 00020: val_loss did not improve from 7.80128
 - 76s - loss: 6.9540 - val_loss: 8.1935
Epoch 21/8000

Epoch 00021: val_loss improved from 7.80128 to 7.56406, saving model to ../../model_weights/model_2020-03-12_14-14-28.h5
 - 76s - loss: 6.5284 - val_loss: 7.5641
Epoch 22/8000

Epoch 00022: val_loss did not improve from 7.56406
 - 76s - loss: 6.4325 - val_loss: 7.8783
Epoch 23/8000

Epoch 00023: val_loss did not improve from 7.56406
 - 76s - loss: 6.4056 - val_loss: 7.5931
Epoch 24/8000

Epoch 00024: val_loss did not improve from 7.56406
 - 76s - loss: 6.8225 - val_loss: 8.1578
Epoch 25/8000

Epoch 00025: val_loss did not improve from 7.56406
 - 76s - loss: 6.4959 - val_loss: 7.8578
Epoch 26/8000

Epoch 00026: val_loss did not improve from 7.56406
 - 77s - loss: 6.3120 - val_loss: 8.5095
Epoch 27/8000

Epoch 00027: val_loss did not improve from 7.56406
 - 77s - loss: 6.8599 - val_loss: 8.8136
Epoch 28/8000

Epoch 00028: val_loss did not improve from 7.56406
 - 76s - loss: 6.7966 - val_loss: 9.8733
Epoch 29/8000

Epoch 00029: val_loss did not improve from 7.56406
 - 77s - loss: 6.8710 - val_loss: 7.7568
Epoch 30/8000

Epoch 00030: val_loss did not improve from 7.56406
 - 76s - loss: 7.0986 - val_loss: 9.1451
Epoch 31/8000

Epoch 00031: val_loss did not improve from 7.56406
 - 76s - loss: 6.8026 - val_loss: 8.1470
Epoch 32/8000

Epoch 00032: val_loss did not improve from 7.56406
 - 76s - loss: 6.7672 - val_loss: 8.0715
Epoch 33/8000

Epoch 00033: val_loss did not improve from 7.56406
 - 77s - loss: 6.8791 - val_loss: 9.2736
Epoch 34/8000

Epoch 00034: val_loss did not improve from 7.56406
 - 76s - loss: 7.1454 - val_loss: 8.0461
Epoch 35/8000

Epoch 00035: val_loss did not improve from 7.56406
 - 76s - loss: 6.6761 - val_loss: 7.7745
Epoch 36/8000

Epoch 00036: val_loss did not improve from 7.56406
 - 77s - loss: 6.7671 - val_loss: 9.0181
Epoch 37/8000

Epoch 00037: val_loss did not improve from 7.56406
 - 76s - loss: 7.1851 - val_loss: 10.6910
Epoch 38/8000

Epoch 00038: val_loss did not improve from 7.56406
 - 76s - loss: 7.1903 - val_loss: 7.7061
Epoch 39/8000

Epoch 00039: val_loss did not improve from 7.56406
 - 76s - loss: 6.6424 - val_loss: 8.1255
Epoch 40/8000

Epoch 00040: val_loss did not improve from 7.56406
 - 77s - loss: 7.3778 - val_loss: 10.0961
Epoch 41/8000

Epoch 00041: val_loss did not improve from 7.56406
 - 77s - loss: 6.8341 - val_loss: 7.6186
Epoch 42/8000

Epoch 00042: val_loss did not improve from 7.56406
 - 76s - loss: 6.5415 - val_loss: 8.4337
Epoch 43/8000

Epoch 00043: val_loss did not improve from 7.56406
 - 77s - loss: 6.7927 - val_loss: 8.5935
Epoch 44/8000

Epoch 00044: val_loss did not improve from 7.56406
 - 76s - loss: 6.8173 - val_loss: 8.0624
Epoch 45/8000

Epoch 00045: val_loss did not improve from 7.56406
 - 76s - loss: 7.3276 - val_loss: 8.3822
Epoch 46/8000

Epoch 00046: val_loss did not improve from 7.56406
 - 76s - loss: 6.8187 - val_loss: 7.8642
Epoch 47/8000

Epoch 00047: val_loss did not improve from 7.56406
 - 77s - loss: 6.8016 - val_loss: 10.0458
Epoch 48/8000

Epoch 00048: val_loss did not improve from 7.56406
 - 76s - loss: 8.1110 - val_loss: 9.1084
Epoch 49/8000

Epoch 00049: val_loss did not improve from 7.56406
 - 76s - loss: 7.6259 - val_loss: 9.0661
Epoch 50/8000

Epoch 00050: val_loss did not improve from 7.56406
 - 77s - loss: 7.4380 - val_loss: 9.4183
Epoch 51/8000

Epoch 00051: val_loss did not improve from 7.56406
 - 76s - loss: 7.3054 - val_loss: 10.4096
Epoch 52/8000

Epoch 00052: val_loss did not improve from 7.56406
 - 76s - loss: 6.9146 - val_loss: 8.5344
Epoch 53/8000

Epoch 00053: val_loss did not improve from 7.56406
 - 76s - loss: 6.7266 - val_loss: 7.6422
Epoch 54/8000

Epoch 00054: val_loss did not improve from 7.56406
 - 77s - loss: 6.5896 - val_loss: 7.9622
Epoch 55/8000

Epoch 00055: val_loss did not improve from 7.56406
 - 77s - loss: 7.0011 - val_loss: 8.4744
Epoch 56/8000

Epoch 00056: val_loss did not improve from 7.56406
 - 77s - loss: 8.0891 - val_loss: 8.4468
Epoch 57/8000

Epoch 00057: val_loss did not improve from 7.56406
 - 77s - loss: 7.1306 - val_loss: 11.6710
Epoch 58/8000

Epoch 00058: val_loss did not improve from 7.56406
 - 76s - loss: 7.4614 - val_loss: 8.4301
Epoch 59/8000

Epoch 00059: val_loss did not improve from 7.56406
 - 76s - loss: 6.7669 - val_loss: 8.5294
Epoch 60/8000

Epoch 00060: val_loss did not improve from 7.56406
 - 76s - loss: 7.3815 - val_loss: 8.5301
Epoch 61/8000

Epoch 00061: val_loss did not improve from 7.56406
 - 77s - loss: 7.1560 - val_loss: 8.2458
Epoch 62/8000

Epoch 00062: val_loss did not improve from 7.56406
 - 77s - loss: 7.3824 - val_loss: 8.3225
Epoch 63/8000

Epoch 00063: val_loss improved from 7.56406 to 7.50134, saving model to ../../model_weights/model_2020-03-12_14-14-28.h5
 - 76s - loss: 6.3849 - val_loss: 7.5013
Epoch 64/8000

Epoch 00064: val_loss did not improve from 7.50134
 - 77s - loss: 6.8686 - val_loss: 7.9132
Epoch 65/8000

Epoch 00065: val_loss did not improve from 7.50134
 - 76s - loss: 7.2759 - val_loss: 7.8904
Epoch 66/8000

Epoch 00066: val_loss did not improve from 7.50134
 - 76s - loss: 6.2262 - val_loss: 8.4380
Epoch 67/8000

Epoch 00067: val_loss did not improve from 7.50134
 - 76s - loss: 6.4833 - val_loss: 8.0265
Epoch 68/8000

Epoch 00068: val_loss did not improve from 7.50134
 - 77s - loss: 6.5357 - val_loss: 7.7640
Epoch 69/8000

Epoch 00069: val_loss did not improve from 7.50134
 - 77s - loss: 6.7108 - val_loss: 8.5038
Epoch 70/8000

Epoch 00070: val_loss did not improve from 7.50134
 - 76s - loss: 6.8245 - val_loss: 8.1793
Epoch 71/8000

Epoch 00071: val_loss did not improve from 7.50134
 - 77s - loss: 7.1005 - val_loss: 8.6023
Epoch 72/8000

Epoch 00072: val_loss did not improve from 7.50134
 - 76s - loss: 6.6361 - val_loss: 8.1383
Epoch 73/8000

Epoch 00073: val_loss did not improve from 7.50134
 - 76s - loss: 6.5501 - val_loss: 9.5605
Epoch 74/8000

Epoch 00074: val_loss did not improve from 7.50134
 - 76s - loss: 6.5172 - val_loss: 7.5480
Epoch 75/8000

Epoch 00075: val_loss did not improve from 7.50134
 - 77s - loss: 7.2598 - val_loss: 10.2943
Epoch 76/8000

Epoch 00076: val_loss did not improve from 7.50134
 - 77s - loss: 8.3242 - val_loss: 10.3709
Epoch 77/8000

Epoch 00077: val_loss did not improve from 7.50134
 - 76s - loss: 7.8057 - val_loss: 8.5580
Epoch 78/8000

Epoch 00078: val_loss did not improve from 7.50134
 - 77s - loss: 7.9134 - val_loss: 9.0084
Epoch 79/8000

Epoch 00079: val_loss did not improve from 7.50134
 - 76s - loss: 7.0182 - val_loss: 9.1920
Epoch 80/8000

Epoch 00080: val_loss did not improve from 7.50134
 - 76s - loss: 6.9463 - val_loss: 8.1207
Epoch 81/8000

Epoch 00081: val_loss did not improve from 7.50134
 - 77s - loss: 6.8925 - val_loss: 7.9934
Epoch 82/8000

Epoch 00082: val_loss did not improve from 7.50134
 - 77s - loss: 6.8708 - val_loss: 9.8729
Epoch 83/8000

Epoch 00083: val_loss did not improve from 7.50134
 - 77s - loss: 6.7777 - val_loss: 8.2731
Epoch 84/8000

Epoch 00084: val_loss did not improve from 7.50134
 - 77s - loss: 6.4537 - val_loss: 7.7216
Epoch 85/8000

Epoch 00085: val_loss did not improve from 7.50134
 - 77s - loss: 6.8958 - val_loss: 9.2396
Epoch 86/8000

Epoch 00086: val_loss did not improve from 7.50134
 - 76s - loss: 7.8258 - val_loss: 9.5841
Epoch 87/8000

Epoch 00087: val_loss did not improve from 7.50134
 - 76s - loss: 6.8986 - val_loss: 7.8647
Epoch 88/8000

Epoch 00088: val_loss did not improve from 7.50134
 - 77s - loss: 6.9840 - val_loss: 8.7160
Epoch 89/8000

Epoch 00089: val_loss did not improve from 7.50134
 - 77s - loss: 6.7526 - val_loss: 8.0231
Epoch 90/8000

Epoch 00090: val_loss did not improve from 7.50134
 - 77s - loss: 6.4230 - val_loss: 8.5633
Epoch 91/8000

Epoch 00091: val_loss did not improve from 7.50134
 - 76s - loss: 6.5736 - val_loss: 8.1508
Epoch 92/8000

Epoch 00092: val_loss did not improve from 7.50134
 - 77s - loss: 6.7405 - val_loss: 9.2868
Epoch 93/8000

Epoch 00093: val_loss did not improve from 7.50134
 - 76s - loss: 7.0753 - val_loss: 8.1827
Epoch 94/8000

Epoch 00094: val_loss did not improve from 7.50134
 - 76s - loss: 6.6307 - val_loss: 8.0743
Epoch 95/8000

Epoch 00095: val_loss did not improve from 7.50134
 - 77s - loss: 6.9160 - val_loss: 8.5580
Epoch 96/8000

Epoch 00096: val_loss did not improve from 7.50134
 - 77s - loss: 7.0808 - val_loss: 8.1596
Epoch 97/8000

Epoch 00097: val_loss did not improve from 7.50134
 - 77s - loss: 7.9556 - val_loss: 9.3732
Epoch 98/8000

Epoch 00098: val_loss did not improve from 7.50134
 - 77s - loss: 7.0400 - val_loss: 8.7662
Epoch 99/8000

Epoch 00099: val_loss did not improve from 7.50134
 - 77s - loss: 6.8559 - val_loss: 8.8563
Epoch 100/8000

Epoch 00100: val_loss did not improve from 7.50134
 - 76s - loss: 7.1314 - val_loss: 8.8259
Epoch 101/8000

Epoch 00101: val_loss did not improve from 7.50134
 - 76s - loss: 7.3484 - val_loss: 9.5578
Epoch 102/8000

Epoch 00102: val_loss did not improve from 7.50134
 - 77s - loss: 8.1479 - val_loss: 8.5096
Epoch 103/8000

Epoch 00103: val_loss did not improve from 7.50134
 - 77s - loss: 7.1799 - val_loss: 8.4964
Epoch 104/8000

Epoch 00104: val_loss did not improve from 7.50134
 - 76s - loss: 7.2589 - val_loss: 8.6639
Epoch 105/8000

Epoch 00105: val_loss did not improve from 7.50134
 - 76s - loss: 6.7699 - val_loss: 9.2805
Epoch 106/8000

Epoch 00106: val_loss did not improve from 7.50134
 - 77s - loss: 6.8997 - val_loss: 9.6709
Epoch 107/8000

Epoch 00107: val_loss did not improve from 7.50134
 - 76s - loss: 6.7398 - val_loss: 7.6491
Epoch 108/8000

Epoch 00108: val_loss did not improve from 7.50134
 - 76s - loss: 7.1406 - val_loss: 8.4547
Epoch 109/8000

Epoch 00109: val_loss did not improve from 7.50134
 - 77s - loss: 6.6781 - val_loss: 9.3082
Epoch 110/8000

Epoch 00110: val_loss did not improve from 7.50134
 - 77s - loss: 6.3999 - val_loss: 8.2832
Epoch 111/8000

Epoch 00111: val_loss did not improve from 7.50134
 - 77s - loss: 6.2420 - val_loss: 8.3330
Epoch 112/8000

Epoch 00112: val_loss did not improve from 7.50134
 - 77s - loss: 6.4851 - val_loss: 10.0377
Epoch 113/8000

Epoch 00113: val_loss did not improve from 7.50134
 - 77s - loss: 6.3037 - val_loss: 7.9866
Epoch 114/8000

Epoch 00114: val_loss did not improve from 7.50134
 - 76s - loss: 6.4512 - val_loss: 8.0363
Epoch 115/8000

Epoch 00115: val_loss did not improve from 7.50134
 - 76s - loss: 6.4588 - val_loss: 8.8948
Epoch 116/8000

Epoch 00116: val_loss did not improve from 7.50134
 - 76s - loss: 7.0164 - val_loss: 8.9057
Epoch 117/8000

Epoch 00117: val_loss did not improve from 7.50134
 - 77s - loss: 7.5169 - val_loss: 10.7895
Epoch 118/8000

Epoch 00118: val_loss did not improve from 7.50134
 - 77s - loss: 7.7827 - val_loss: 9.9747
Epoch 119/8000

Epoch 00119: val_loss did not improve from 7.50134
 - 76s - loss: 7.4539 - val_loss: 10.3533
Epoch 120/8000

Epoch 00120: val_loss did not improve from 7.50134
 - 77s - loss: 8.5731 - val_loss: 10.6690
Epoch 121/8000

Epoch 00121: val_loss did not improve from 7.50134
 - 76s - loss: 7.5419 - val_loss: 9.7825
Epoch 122/8000

Epoch 00122: val_loss did not improve from 7.50134
 - 76s - loss: 8.7046 - val_loss: 10.7740
Epoch 123/8000

Epoch 00123: val_loss did not improve from 7.50134
 - 77s - loss: 7.6274 - val_loss: 8.7937
Epoch 124/8000

Epoch 00124: val_loss did not improve from 7.50134
 - 77s - loss: 8.0846 - val_loss: 11.2134
Epoch 125/8000

Epoch 00125: val_loss did not improve from 7.50134
 - 77s - loss: 9.8932 - val_loss: 10.6641
Epoch 126/8000

Epoch 00126: val_loss did not improve from 7.50134
 - 76s - loss: 8.2776 - val_loss: 9.9077
Epoch 127/8000

Epoch 00127: val_loss did not improve from 7.50134
 - 77s - loss: 7.1471 - val_loss: 8.8028
Epoch 128/8000

Epoch 00128: val_loss did not improve from 7.50134
 - 76s - loss: 6.9664 - val_loss: 8.1590
Epoch 129/8000

Epoch 00129: val_loss did not improve from 7.50134
 - 76s - loss: 7.5152 - val_loss: 8.2790
Epoch 130/8000

Epoch 00130: val_loss did not improve from 7.50134
 - 77s - loss: 8.0536 - val_loss: 9.4597
Epoch 131/8000

Epoch 00131: val_loss did not improve from 7.50134
 - 77s - loss: 7.1043 - val_loss: 8.8300
Epoch 132/8000

Epoch 00132: val_loss did not improve from 7.50134
 - 77s - loss: 7.1194 - val_loss: 10.1405
Epoch 133/8000

Epoch 00133: val_loss did not improve from 7.50134
 - 76s - loss: 6.7660 - val_loss: 7.8520
Epoch 134/8000

Epoch 00134: val_loss did not improve from 7.50134
 - 77s - loss: 6.5828 - val_loss: 7.6408
Epoch 135/8000

Epoch 00135: val_loss did not improve from 7.50134
 - 76s - loss: 6.9466 - val_loss: 9.3397
Epoch 136/8000

Epoch 00136: val_loss did not improve from 7.50134
 - 77s - loss: 6.7543 - val_loss: 10.6300
Epoch 137/8000

Epoch 00137: val_loss did not improve from 7.50134
 - 77s - loss: 6.8498 - val_loss: 8.3762
Epoch 138/8000

Epoch 00138: val_loss did not improve from 7.50134
 - 77s - loss: 6.4948 - val_loss: 8.8247
Epoch 139/8000

Epoch 00139: val_loss did not improve from 7.50134
 - 77s - loss: 6.7606 - val_loss: 7.8742
Epoch 140/8000

Epoch 00140: val_loss did not improve from 7.50134
 - 77s - loss: 7.8815 - val_loss: 9.9276
Epoch 141/8000

Epoch 00141: val_loss did not improve from 7.50134
 - 77s - loss: 7.4651 - val_loss: 9.3952
Epoch 142/8000

Epoch 00142: val_loss did not improve from 7.50134
 - 76s - loss: 7.5731 - val_loss: 10.1693
Epoch 143/8000

Epoch 00143: val_loss did not improve from 7.50134
 - 76s - loss: 7.9063 - val_loss: 8.6954
Epoch 144/8000

Epoch 00144: val_loss did not improve from 7.50134
 - 77s - loss: 6.7304 - val_loss: 8.0719
Epoch 145/8000

Epoch 00145: val_loss did not improve from 7.50134
 - 77s - loss: 6.7307 - val_loss: 9.6970
Epoch 146/8000

Epoch 00146: val_loss did not improve from 7.50134
 - 77s - loss: 7.4762 - val_loss: 8.4326
Epoch 147/8000

Epoch 00147: val_loss did not improve from 7.50134
 - 77s - loss: 6.1995 - val_loss: 8.6322
Epoch 148/8000

Epoch 00148: val_loss did not improve from 7.50134
 - 77s - loss: 6.7597 - val_loss: 8.4117
Epoch 149/8000

Epoch 00149: val_loss did not improve from 7.50134
 - 76s - loss: 7.1592 - val_loss: 8.2635
Epoch 150/8000

Epoch 00150: val_loss did not improve from 7.50134
 - 77s - loss: 8.2048 - val_loss: 8.9914
Epoch 151/8000

Epoch 00151: val_loss did not improve from 7.50134
 - 77s - loss: 8.7172 - val_loss: 10.8501
Epoch 152/8000

Epoch 00152: val_loss did not improve from 7.50134
 - 77s - loss: 9.4570 - val_loss: 10.9160
Epoch 153/8000

Epoch 00153: val_loss did not improve from 7.50134
 - 77s - loss: 8.3618 - val_loss: 10.5182
Epoch 154/8000

Epoch 00154: val_loss did not improve from 7.50134
 - 76s - loss: 7.5182 - val_loss: 8.8071
Epoch 155/8000

Epoch 00155: val_loss did not improve from 7.50134
 - 77s - loss: 7.1897 - val_loss: 8.3565
Epoch 156/8000

Epoch 00156: val_loss did not improve from 7.50134
 - 76s - loss: 6.8943 - val_loss: 8.2978
Epoch 157/8000

Epoch 00157: val_loss did not improve from 7.50134
 - 76s - loss: 7.2426 - val_loss: 8.9534
Epoch 158/8000

Epoch 00158: val_loss did not improve from 7.50134
 - 77s - loss: 6.5744 - val_loss: 9.0752
Epoch 159/8000

Epoch 00159: val_loss did not improve from 7.50134
 - 77s - loss: 6.7617 - val_loss: 9.4995
Epoch 160/8000

Epoch 00160: val_loss did not improve from 7.50134
 - 77s - loss: 6.7453 - val_loss: 8.6240
Epoch 161/8000

Epoch 00161: val_loss did not improve from 7.50134
 - 77s - loss: 7.1937 - val_loss: 8.7796
Epoch 162/8000

Epoch 00162: val_loss did not improve from 7.50134
 - 77s - loss: 7.1680 - val_loss: 8.8760
Epoch 163/8000

Epoch 00163: val_loss did not improve from 7.50134
 - 76s - loss: 9.0198 - val_loss: 8.9976
Epoch 00163: early stopping
