2020-03-20 09:49:38.151533: I tensorflow/core/platform/cpu_feature_guard.cc:141] Your CPU supports instructions that this TensorFlow binary was not compiled to use: SSE4.1 SSE4.2 AVX
2020-03-20 09:49:38.458524: I tensorflow/stream_executor/cuda/cuda_gpu_executor.cc:897] successful NUMA node read from SysFS had negative value (-1), but there must be at least one NUMA node, so returning NUMA node zero
2020-03-20 09:49:38.459058: I tensorflow/core/common_runtime/gpu/gpu_device.cc:1405] Found device 0 with properties: 
name: TITAN Xp major: 6 minor: 1 memoryClockRate(GHz): 1.582
pciBusID: 0000:01:00.0
totalMemory: 11.91GiB freeMemory: 11.75GiB
2020-03-20 09:49:38.459075: I tensorflow/core/common_runtime/gpu/gpu_device.cc:1484] Adding visible gpu devices: 0
2020-03-20 09:49:38.717762: I tensorflow/core/common_runtime/gpu/gpu_device.cc:965] Device interconnect StreamExecutor with strength 1 edge matrix:
2020-03-20 09:49:38.717807: I tensorflow/core/common_runtime/gpu/gpu_device.cc:971]      0 
2020-03-20 09:49:38.717816: I tensorflow/core/common_runtime/gpu/gpu_device.cc:984] 0:   N 
2020-03-20 09:49:38.718068: I tensorflow/core/common_runtime/gpu/gpu_device.cc:1097] Created TensorFlow device (/job:localhost/replica:0/task:0/device:GPU:0 with 11366 MB memory) -> physical GPU (device: 0, name: TITAN Xp, pci bus id: 0000:01:00.0, compute capability: 6.1)
2020-03-20 09:49:39.418048: I tensorflow/core/kernels/cuda_solvers.cc:159] Creating CudaSolver handles for stream 0x562f744cbe40
Epoch 1/8000

Epoch 00001: val_loss improved from inf to 95.49317, saving model to ../../model_weights/model_2020-03-20_09-49-37.h5
 - 78s - loss: 171.8081 - val_loss: 95.4932
Epoch 2/8000

Epoch 00002: val_loss improved from 95.49317 to 37.65218, saving model to ../../model_weights/model_2020-03-20_09-49-37.h5
 - 75s - loss: 70.6937 - val_loss: 37.6522
Epoch 3/8000

Epoch 00003: val_loss improved from 37.65218 to 33.20137, saving model to ../../model_weights/model_2020-03-20_09-49-37.h5
 - 75s - loss: 30.8336 - val_loss: 33.2014
Epoch 4/8000

Epoch 00004: val_loss did not improve from 33.20137
 - 75s - loss: 38.4961 - val_loss: 39.7255
Epoch 5/8000

Epoch 00005: val_loss improved from 33.20137 to 26.50816, saving model to ../../model_weights/model_2020-03-20_09-49-37.h5
 - 76s - loss: 31.5759 - val_loss: 26.5082
Epoch 6/8000

Epoch 00006: val_loss did not improve from 26.50816
 - 76s - loss: 24.8654 - val_loss: 26.7099
Epoch 7/8000

Epoch 00007: val_loss improved from 26.50816 to 26.27624, saving model to ../../model_weights/model_2020-03-20_09-49-37.h5
 - 76s - loss: 24.3369 - val_loss: 26.2762
Epoch 8/8000

Epoch 00008: val_loss improved from 26.27624 to 26.03215, saving model to ../../model_weights/model_2020-03-20_09-49-37.h5
 - 76s - loss: 23.9662 - val_loss: 26.0322
Epoch 9/8000

Epoch 00009: val_loss improved from 26.03215 to 25.79786, saving model to ../../model_weights/model_2020-03-20_09-49-37.h5
 - 75s - loss: 23.8970 - val_loss: 25.7979
Epoch 10/8000

Epoch 00010: val_loss did not improve from 25.79786
 - 75s - loss: 25.3563 - val_loss: 30.4475
Epoch 11/8000

Epoch 00011: val_loss improved from 25.79786 to 25.74423, saving model to ../../model_weights/model_2020-03-20_09-49-37.h5
 - 76s - loss: 24.8208 - val_loss: 25.7442
Epoch 12/8000

Epoch 00012: val_loss improved from 25.74423 to 25.55338, saving model to ../../model_weights/model_2020-03-20_09-49-37.h5
 - 77s - loss: 24.3145 - val_loss: 25.5534
Epoch 13/8000

Epoch 00013: val_loss improved from 25.55338 to 25.07897, saving model to ../../model_weights/model_2020-03-20_09-49-37.h5
 - 76s - loss: 23.3309 - val_loss: 25.0790
Epoch 14/8000

Epoch 00014: val_loss did not improve from 25.07897
 - 76s - loss: 26.2118 - val_loss: 26.3220
Epoch 15/8000

Epoch 00015: val_loss did not improve from 25.07897
 - 77s - loss: 23.5801 - val_loss: 25.8588
Epoch 16/8000

Epoch 00016: val_loss improved from 25.07897 to 24.45150, saving model to ../../model_weights/model_2020-03-20_09-49-37.h5
 - 76s - loss: 23.1661 - val_loss: 24.4515
Epoch 17/8000

Epoch 00017: val_loss did not improve from 24.45150
 - 76s - loss: 23.1098 - val_loss: 25.1758
Epoch 18/8000

Epoch 00018: val_loss did not improve from 24.45150
 - 76s - loss: 23.0411 - val_loss: 24.9555
Epoch 19/8000

Epoch 00019: val_loss did not improve from 24.45150
 - 77s - loss: 23.0071 - val_loss: 25.3268
Epoch 20/8000

Epoch 00020: val_loss did not improve from 24.45150
 - 76s - loss: 23.0436 - val_loss: 25.6020
Epoch 21/8000

Epoch 00021: val_loss did not improve from 24.45150
 - 76s - loss: 22.8873 - val_loss: 24.5200
Epoch 22/8000

Epoch 00022: val_loss did not improve from 24.45150
 - 76s - loss: 22.9876 - val_loss: 25.3906
Epoch 23/8000

Epoch 00023: val_loss did not improve from 24.45150
 - 75s - loss: 22.7812 - val_loss: 24.9105
Epoch 24/8000

Epoch 00024: val_loss improved from 24.45150 to 24.26545, saving model to ../../model_weights/model_2020-03-20_09-49-37.h5
 - 76s - loss: 22.7647 - val_loss: 24.2655
Epoch 25/8000

Epoch 00025: val_loss did not improve from 24.26545
 - 76s - loss: 22.7372 - val_loss: 24.5792
Epoch 26/8000

Epoch 00026: val_loss improved from 24.26545 to 24.22795, saving model to ../../model_weights/model_2020-03-20_09-49-37.h5
 - 77s - loss: 22.7639 - val_loss: 24.2279
Epoch 27/8000

Epoch 00027: val_loss did not improve from 24.22795
 - 76s - loss: 22.6332 - val_loss: 24.9267
Epoch 28/8000

Epoch 00028: val_loss did not improve from 24.22795
 - 76s - loss: 22.6658 - val_loss: 25.5628
Epoch 29/8000

Epoch 00029: val_loss did not improve from 24.22795
 - 76s - loss: 22.6262 - val_loss: 24.3323
Epoch 30/8000

Epoch 00030: val_loss did not improve from 24.22795
 - 76s - loss: 22.5605 - val_loss: 24.3051
Epoch 31/8000

Epoch 00031: val_loss did not improve from 24.22795
 - 76s - loss: 22.5297 - val_loss: 24.9997
Epoch 32/8000

Epoch 00032: val_loss did not improve from 24.22795
 - 76s - loss: 22.5478 - val_loss: 24.2968
Epoch 33/8000

Epoch 00033: val_loss did not improve from 24.22795
 - 77s - loss: 22.5103 - val_loss: 24.7924
Epoch 34/8000

Epoch 00034: val_loss did not improve from 24.22795
 - 76s - loss: 22.5370 - val_loss: 24.4731
Epoch 35/8000

Epoch 00035: val_loss did not improve from 24.22795
 - 76s - loss: 22.4682 - val_loss: 24.2697
Epoch 36/8000

Epoch 00036: val_loss improved from 24.22795 to 24.09913, saving model to ../../model_weights/model_2020-03-20_09-49-37.h5
 - 76s - loss: 22.4699 - val_loss: 24.0991
Epoch 37/8000

Epoch 00037: val_loss did not improve from 24.09913
 - 75s - loss: 22.5044 - val_loss: 24.6702
