2019-12-17 17:34:56.817240: I tensorflow/core/platform/cpu_feature_guard.cc:141] Your CPU supports instructions that this TensorFlow binary was not compiled to use: SSE4.1 SSE4.2 AVX
2019-12-17 17:34:56.946362: I tensorflow/stream_executor/cuda/cuda_gpu_executor.cc:897] successful NUMA node read from SysFS had negative value (-1), but there must be at least one NUMA node, so returning NUMA node zero
2019-12-17 17:34:56.946936: I tensorflow/core/common_runtime/gpu/gpu_device.cc:1405] Found device 0 with properties: 
name: TITAN Xp major: 6 minor: 1 memoryClockRate(GHz): 1.582
pciBusID: 0000:01:00.0
totalMemory: 11.91GiB freeMemory: 11.73GiB
2019-12-17 17:34:56.946953: I tensorflow/core/common_runtime/gpu/gpu_device.cc:1484] Adding visible gpu devices: 0
2019-12-17 17:34:57.180835: I tensorflow/core/common_runtime/gpu/gpu_device.cc:965] Device interconnect StreamExecutor with strength 1 edge matrix:
2019-12-17 17:34:57.180879: I tensorflow/core/common_runtime/gpu/gpu_device.cc:971]      0 
2019-12-17 17:34:57.180888: I tensorflow/core/common_runtime/gpu/gpu_device.cc:984] 0:   N 
2019-12-17 17:34:57.181158: I tensorflow/core/common_runtime/gpu/gpu_device.cc:1097] Created TensorFlow device (/job:localhost/replica:0/task:0/device:GPU:0 with 11348 MB memory) -> physical GPU (device: 0, name: TITAN Xp, pci bus id: 0000:01:00.0, compute capability: 6.1)
2019-12-17 17:34:57.425231: I tensorflow/core/kernels/cuda_solvers.cc:159] Creating CudaSolver handles for stream 0x559d2da21ab0
Train on 32962 samples, validate on 1735 samples
Epoch 1/250
 - 387s - loss: 0.1511 - val_loss: 0.1391

Epoch 00001: val_loss improved from inf to 0.13906, saving model to lstm_autoencoder_2019-12-17_17-34-57.h5
Epoch 2/250
 - 386s - loss: 0.1510 - val_loss: 0.1456

Epoch 00002: val_loss did not improve from 0.13906
Epoch 3/250
 - 387s - loss: 0.1501 - val_loss: 0.1562

Epoch 00003: val_loss did not improve from 0.13906
Epoch 4/250
 - 387s - loss: 0.1507 - val_loss: 0.1558

Epoch 00004: val_loss did not improve from 0.13906
Epoch 5/250
 - 386s - loss: 0.2218 - val_loss: 0.3270

Epoch 00005: val_loss did not improve from 0.13906
Epoch 6/250
 - 386s - loss: 0.3138 - val_loss: 0.2898

Epoch 00006: val_loss did not improve from 0.13906
Epoch 7/250
 - 387s - loss: 0.2944 - val_loss: 0.2780

Epoch 00007: val_loss did not improve from 0.13906
Epoch 8/250
 - 387s - loss: 0.2839 - val_loss: 0.2697

Epoch 00008: val_loss did not improve from 0.13906
Epoch 9/250
 - 387s - loss: 0.2772 - val_loss: 0.2661

Epoch 00009: val_loss did not improve from 0.13906
Epoch 10/250
 - 387s - loss: 0.2723 - val_loss: 0.2611

Epoch 00010: val_loss did not improve from 0.13906
Epoch 11/250
 - 387s - loss: 0.2685 - val_loss: 0.2574

Epoch 00011: val_loss did not improve from 0.13906
Epoch 12/250
 - 387s - loss: 0.2656 - val_loss: 0.2553

Epoch 00012: val_loss did not improve from 0.13906
Epoch 13/250
 - 386s - loss: 0.2632 - val_loss: 0.2533

Epoch 00013: val_loss did not improve from 0.13906
Epoch 14/250
 - 387s - loss: 0.2613 - val_loss: 0.2514

Epoch 00014: val_loss did not improve from 0.13906
Epoch 15/250
 - 387s - loss: 0.2597 - val_loss: 0.2500

Epoch 00015: val_loss did not improve from 0.13906
Epoch 16/250
 - 386s - loss: 0.2583 - val_loss: 0.2492

Epoch 00016: val_loss did not improve from 0.13906
Epoch 00016: early stopping
